wandb: Tracking run with wandb version 0.27.0
wandb: W&B syncing is set to `offline` in this directory. Run `wandb online` or set WANDB_MODE=online to enable cloud syncing.
wandb: Run data is saved locally in exp/MNIST/Uniform_deeplinear_bs320_ep300_lr0.001_AdamW_constant_seed1_r0.1_3_hidden/wandb/offline-run-20260605_180353-3hv9rzwm
wandb: 
wandb: Run history:
wandb:                                best_val_acc 鈻佲杻鈻呪枂鈻嗏枂鈻団枃鈻団枃鈻団枃鈻団枃鈻団枅鈻堚枅鈻堚枅鈻堚枅鈻堚枅鈻堚枅鈻堚枅鈻堚枅鈻堚枅鈻堚枅鈻堚枅鈻堚枅鈻堚枅
wandb:                           diagnostics/epoch 鈻佲杹鈻佲杹鈻佲杹鈻佲杹鈻佲杹鈻佲杹鈻佲杹鈻佲杹鈻佲杹鈻佲杹鈻佲杹鈻佲杺鈻傗杺鈻傗杺鈻傗杺鈻傗杻鈻冣杻鈻勨枀鈻呪枃鈻団枅
wandb: diagnostics/fixed_train_logits_norm_l2_mean 鈻佲杻鈻呪枀鈻勨杽鈻呪杽鈻呪枀鈻呪枀鈻嗏枂鈻嗏枀鈻嗏枂鈻嗏枂鈻団枂鈻嗏枂鈻嗏枂鈻嗏枂鈻団枂鈻団枃鈻嗏枂鈻嗏枃鈻堚枃鈻団枂
wandb:        diagnostics/test_logits_norm_l2_mean 鈻佲杻鈻呪杽鈻団杽鈻勨枀鈻嗏枂鈻呪枀鈻呪枂鈻呪枀鈻嗏枀鈻嗏枂鈻嗏枃鈻嗏枂鈻嗏枂鈻嗏枂鈻団枂鈻団枃鈻嗏枂鈻嗏枅鈻団枂鈻嗏枂
wandb:                      diagnostics/total_step 鈻佲杹鈻佲杹鈻佲杹鈻佲杹鈻佲杹鈻佲杹鈻佲杹鈻佲杹鈻佲杹鈻佲杹鈻佲杺鈻傗杺鈻傗杺鈻傗杺鈻傗杺鈻冣杻鈻勨枀鈻呪枂鈻嗏枃鈻団枅
wandb:                                       epoch 鈻佲杹鈻佲杹鈻佲杹鈻佲杹鈻佲杹鈻佲杹鈻佲杹鈻佲杹鈻佲杹鈻佲杹鈻佲杺鈻傗杺鈻傗杺鈻傗杺鈻傗杻鈻勨杽鈻勨枀鈻呪枂鈻団枃鈻団枅
wandb:                                          lr 鈻佲杹鈻佲杹鈻佲杹鈻佲杹鈻佲杹鈻佲杹鈻佲杹鈻佲杹鈻佲杹鈻佲杹鈻佲杹鈻佲杹鈻佲杹鈻佲杹鈻佲杹鈻佲杹鈻佲杹鈻佲杹鈻佲杹鈻佲杹
wandb:                                  time_epoch 鈻佲杹鈻佲杹鈻堚枅鈻堚枅鈻堚枅鈻堚枅鈻堚枅鈻勨杽鈻勨杽鈻勨杽鈻勨杽鈻勨杽鈻勨杺鈻傗杺鈻傗杺鈻傗杺鈻傗杺鈻傗杺鈻傗杺鈻傗杺
wandb:                                  total_time 鈻佲杹鈻佲杹鈻佲杹鈻佲杹鈻佲杹鈻佲杹鈻佲杹鈻佲杺鈻傗杺鈻傗杺鈻傗杺鈻傗杺鈻傗杺鈻冣杻鈻冣杻鈻冣杻鈻勨杽鈻呪枂鈻団枃鈻団枅
wandb:                                   train_acc 鈻佲枀鈻呪枂鈻嗏枂鈻呪枀鈻団枃鈻団枃鈻嗏枃鈻団枃鈻嗏枃鈻団枃鈻団枅鈻団枅鈻団枅鈻堚枅鈻団枅鈻堚枅鈻堚枅鈻堚枅鈻堚枅鈻団枅
wandb:                                          +5 ...
wandb: 
wandb: Run summary:
wandb:                                best_val_acc 0.6878
wandb:                           diagnostics/epoch 300
wandb: diagnostics/fixed_train_logits_norm_l2_mean 13.26678
wandb:        diagnostics/test_logits_norm_l2_mean 12.21198
wandb:                      diagnostics/total_step 56400
wandb:                         diagnostics/trigger batch_update
wandb:                                       epoch 300
wandb:                                          lr 0.001
wandb:                                  time_epoch 48.72977
wandb:                                  total_time 18440.42844
wandb:                                          +6 ...
wandb: 
wandb: You can sync this run to the cloud by running:
wandb: wandb sync exp/MNIST/Uniform_deeplinear_bs320_ep300_lr0.001_AdamW_constant_seed1_r0.1_3_hidden/wandb/offline-run-20260605_180353-3hv9rzwm
wandb: Find logs at: exp/MNIST/Uniform_deeplinear_bs320_ep300_lr0.001_AdamW_constant_seed1_r0.1_3_hidden/wandb/offline-run-20260605_180353-3hv9rzwm/logs
