wandb: Tracking run with wandb version 0.27.0
wandb: W&B syncing is set to `offline` in this directory. Run `wandb online` or set WANDB_MODE=online to enable cloud syncing.
wandb: Run data is saved locally in exp/MNIST/DivBS_deeplinear_bs320_ep300_lr0.001_AdamW_constant_seed1_r0.1_3_hidden/wandb/offline-run-20260605_180149-bjdupn5u
wandb: 
wandb: Run history:
wandb:                                best_val_acc 鈻佲杺鈻呪枂鈻嗏枂鈻嗏枃鈻団枃鈻団枃鈻団枃鈻団枃鈻団枃鈻団枅鈻堚枅鈻堚枅鈻堚枅鈻堚枅鈻堚枅鈻堚枅鈻堚枅鈻堚枅鈻堚枅鈻堚枅
wandb:                           diagnostics/epoch 鈻佲杹鈻佲杹鈻佲杹鈻佲杹鈻佲杹鈻佲杹鈻佲杹鈻佲杹鈻佲杹鈻佲杹鈻佲杺鈻傗杺鈻傗杺鈻傗杺鈻傗杺鈻冣杻鈻勨枀鈻呪枂鈻嗏枃鈻団枅
wandb: diagnostics/fixed_train_logits_norm_l2_mean 鈻佲枂鈻勨枂鈻嗏枂鈻嗏枃鈻団枂鈻嗏枃鈻嗏枃鈻嗏枅鈻団枅鈻団枃鈻団枃鈻団枅鈻堚枃鈻団枃鈻団枃鈻団枃鈻堚枅鈻団枃鈻団枅鈻堚枃
wandb:        diagnostics/test_logits_norm_l2_mean 鈻佲枃鈻呪枀鈻勨枀鈻呪枂鈻嗏枃鈻嗏枂鈻嗏枂鈻団枂鈻嗏枃鈻団枃鈻団枃鈻嗏枃鈻堚枃鈻団枅鈻団枃鈻団枃鈻団枃鈻団枅鈻団枃鈻団枃
wandb:                      diagnostics/total_step 鈻佲杹鈻佲杹鈻佲杹鈻佲杹鈻佲杹鈻佲杹鈻佲杹鈻佲杹鈻佲杹鈻佲杹鈻佲杹鈻佲杺鈻傗杺鈻傗杺鈻傗杺鈻傗杻鈻冣杽鈻呪枂鈻嗏枃鈻団枅
wandb:                                       epoch 鈻佲杹鈻佲杹鈻佲杹鈻佲杹鈻佲杹鈻佲杹鈻佲杹鈻佲杹鈻佲杹鈻佲杹鈻傗杺鈻傗杺鈻傗杺鈻傗杺鈻傗杺鈻冣杻鈻勨杽鈻呪枀鈻嗏枃鈻団枅
wandb:                                          lr 鈻佲杹鈻佲杹鈻佲杹鈻佲杹鈻佲杹鈻佲杹鈻佲杹鈻佲杹鈻佲杹鈻佲杹鈻佲杹鈻佲杹鈻佲杹鈻佲杹鈻佲杹鈻佲杹鈻佲杹鈻佲杹鈻佲杹鈻佲杹
wandb:                                  time_epoch 鈻佲杹鈻佲杹鈻堚枅鈻堚枅鈻堚枅鈻堚杽鈻勨杽鈻勨杽鈻勨杽鈻勨杽鈻勨杽鈻勨杽鈻勨杺鈻傗杺鈻傗杺鈻傗杺鈻傗杺鈻傗杺鈻傗杺鈻傗杺
wandb:                                  total_time 鈻佲杹鈻佲杹鈻佲杹鈻佲杹鈻佲杹鈻佲杹鈻佲杺鈻傗杺鈻傗杺鈻傗杺鈻傗杺鈻傗杺鈻傗杺鈻冣杻鈻冣杻鈻冣杻鈻勨杽鈻呪枀鈻嗏枂鈻団枅
wandb:                                   train_acc 鈻佲杺鈻呪枀鈻嗏枂鈻団枃鈻団枂鈻団枃鈻団枃鈻団枃鈻団枅鈻団枃鈻団枅鈻団枃鈻堚枅鈻堚枅鈻団枃鈻堚枃鈻団枅鈻堚枅鈻団枅鈻堚枅
wandb:                                          +5 ...
wandb: 
wandb: Run summary:
wandb:                                best_val_acc 0.6932
wandb:                           diagnostics/epoch 300
wandb: diagnostics/fixed_train_logits_norm_l2_mean 11.00657
wandb:        diagnostics/test_logits_norm_l2_mean 10.50823
wandb:                      diagnostics/total_step 56400
wandb:                         diagnostics/trigger batch_update
wandb:                                       epoch 300
wandb:                                          lr 0.001
wandb:                                  time_epoch 49.11135
wandb:                                  total_time 18702.07011
wandb:                                          +6 ...
wandb: 
wandb: You can sync this run to the cloud by running:
wandb: wandb sync exp/MNIST/DivBS_deeplinear_bs320_ep300_lr0.001_AdamW_constant_seed1_r0.1_3_hidden/wandb/offline-run-20260605_180149-bjdupn5u
wandb: Find logs at: exp/MNIST/DivBS_deeplinear_bs320_ep300_lr0.001_AdamW_constant_seed1_r0.1_3_hidden/wandb/offline-run-20260605_180149-bjdupn5u/logs
