save_dir: ./exp/MNIST/Bayesian_deeplinear_bs320_ep300_lr0.001_AdamW_constant_seed2_r0.1_8_hidden
=====> Loading config files: 
configs/mnist/method/bayesian-0.1.yaml
configs/mnist/data/mnist.yaml
configs/mnist/model/deep_linear_saxe/deep_linear_8.yaml
configs/mnist/optim/adamw-320-0.001-0.01.yaml
configs/diagnostics/snapshots_log_interval.yaml
=====> Config files loaded.
========================= Start Main =========================
=====> Saving config file
=====> Config file saved
=====> Using fixed random seed: 2
=====> Wandb initialized
=====> Number of GPUs: 1
Creating Bayesian...
=====> Start teacher Validation
=====> teacher Test Accuracy: 0.3469
Cached teacher losses for 60000 samples in dataset.
Begin training for Bayesian...
=====> Epoch: 0/300, Total_step: 0, lr: 0.001000, Total Time: 0.0000 s, Time this epoch: 0.0000 s
=====> Epoch: 0/300, Train Loss (train loader labels): 2.3032, Train acc (train loader labels): 0.0677, Best val acc: 0.0644, Current val acc: 0.0644, Val Loss: 2.3036
balance: False
selecting samples for epoch 1, ratio 0.1
=====> Epoch: 1/300, Total_step: 1, lr: 0.001000, Total Time: 0.0000 s, Time this epoch: 0.0000 s
=====> Epoch: 1/300, Train Loss (train loader labels): 2.3451, Train acc (train loader labels): 0.1046, Best val acc: 0.1094, Current val acc: 0.1094, Val Loss: 2.3211
=====> Epoch: 1/300, Total_step: 48, lr: 0.001000, Total Time: 0.0000 s, Time this epoch: 0.0000 s
=====> Epoch: 1/300, Train Loss (train loader labels): 2.2492, Train acc (train loader labels): 0.2034, Best val acc: 0.2546, Current val acc: 0.2546, Val Loss: 2.2402
=====> Epoch: 1/300, Total_step: 95, lr: 0.001000, Total Time: 0.0000 s, Time this epoch: 0.0000 s
=====> Epoch: 1/300, Train Loss (train loader labels): 2.2321, Train acc (train loader labels): 0.2682, Best val acc: 0.4050, Current val acc: 0.4050, Val Loss: 2.2252
=====> Epoch: 1/300, Total_step: 142, lr: 0.001000, Total Time: 0.0000 s, Time this epoch: 0.0000 s
=====> Epoch: 1/300, Train Loss (train loader labels): 2.2317, Train acc (train loader labels): 0.2997, Best val acc: 0.4050, Current val acc: 0.3842, Val Loss: 2.2260
=====> Saving current model and best model
balance: False
selecting samples for epoch 2, ratio 0.1
=====> Epoch: 2/300, Total_step: 189, lr: 0.001000, Total Time: 324.5562 s, Time this epoch: 269.1285 s
=====> Epoch: 2/300, Train Loss (train loader labels): 2.2407, Train acc (train loader labels): 0.2646, Best val acc: 0.4050, Current val acc: 0.3530, Val Loss: 2.2345
=====> Epoch: 2/300, Total_step: 236, lr: 0.001000, Total Time: 324.5562 s, Time this epoch: 269.1285 s
=====> Epoch: 2/300, Train Loss (train loader labels): 2.2396, Train acc (train loader labels): 0.2531, Best val acc: 0.4050, Current val acc: 0.2785, Val Loss: 2.2357
=====> Epoch: 2/300, Total_step: 283, lr: 0.001000, Total Time: 324.5562 s, Time this epoch: 269.1285 s
=====> Epoch: 2/300, Train Loss (train loader labels): 2.2354, Train acc (train loader labels): 0.2669, Best val acc: 0.4050, Current val acc: 0.3504, Val Loss: 2.2317
=====> Epoch: 2/300, Total_step: 330, lr: 0.001000, Total Time: 324.5562 s, Time this epoch: 269.1285 s
=====> Epoch: 2/300, Train Loss (train loader labels): 2.2385, Train acc (train loader labels): 0.2120, Best val acc: 0.4050, Current val acc: 0.2466, Val Loss: 2.2316
=====> Saving current model and best model
balance: False
selecting samples for epoch 3, ratio 0.1
=====> Epoch: 3/300, Total_step: 377, lr: 0.001000, Total Time: 593.7944 s, Time this epoch: 268.7572 s
=====> Epoch: 3/300, Train Loss (train loader labels): 2.2507, Train acc (train loader labels): 0.2539, Best val acc: 0.4050, Current val acc: 0.3291, Val Loss: 2.2439
=====> Epoch: 3/300, Total_step: 424, lr: 0.001000, Total Time: 593.7944 s, Time this epoch: 268.7572 s
=====> Epoch: 3/300, Train Loss (train loader labels): 2.2471, Train acc (train loader labels): 0.2420, Best val acc: 0.4050, Current val acc: 0.3206, Val Loss: 2.2389
=====> Epoch: 3/300, Total_step: 471, lr: 0.001000, Total Time: 593.7944 s, Time this epoch: 268.7572 s
=====> Epoch: 3/300, Train Loss (train loader labels): 2.2380, Train acc (train loader labels): 0.2376, Best val acc: 0.4050, Current val acc: 0.3535, Val Loss: 2.2299
=====> Epoch: 3/300, Total_step: 518, lr: 0.001000, Total Time: 593.7944 s, Time this epoch: 268.7572 s
=====> Epoch: 3/300, Train Loss (train loader labels): 2.2337, Train acc (train loader labels): 0.2457, Best val acc: 0.4050, Current val acc: 0.3169, Val Loss: 2.2283
=====> Saving current model and best model
balance: False
selecting samples for epoch 4, ratio 0.1
=====> Epoch: 4/300, Total_step: 565, lr: 0.001000, Total Time: 862.1345 s, Time this epoch: 267.9957 s
=====> Epoch: 4/300, Train Loss (train loader labels): 2.2622, Train acc (train loader labels): 0.1877, Best val acc: 0.4050, Current val acc: 0.2390, Val Loss: 2.2532
=====> Epoch: 4/300, Total_step: 612, lr: 0.001000, Total Time: 862.1345 s, Time this epoch: 267.9957 s
=====> Epoch: 4/300, Train Loss (train loader labels): 2.2440, Train acc (train loader labels): 0.2863, Best val acc: 0.4050, Current val acc: 0.3202, Val Loss: 2.2423
=====> Epoch: 4/300, Total_step: 659, lr: 0.001000, Total Time: 862.1345 s, Time this epoch: 267.9957 s
=====> Epoch: 4/300, Train Loss (train loader labels): 2.2405, Train acc (train loader labels): 0.2840, Best val acc: 0.4050, Current val acc: 0.3548, Val Loss: 2.2363
=====> Epoch: 4/300, Total_step: 706, lr: 0.001000, Total Time: 862.1345 s, Time this epoch: 267.9957 s
=====> Epoch: 4/300, Train Loss (train loader labels): 2.2342, Train acc (train loader labels): 0.2756, Best val acc: 0.4050, Current val acc: 0.3066, Val Loss: 2.2267
=====> Saving current model and best model
balance: False
selecting samples for epoch 5, ratio 0.1
=====> Epoch: 5/300, Total_step: 753, lr: 0.001000, Total Time: 1132.5542 s, Time this epoch: 270.0156 s
=====> Epoch: 5/300, Train Loss (train loader labels): 2.2254, Train acc (train loader labels): 0.2848, Best val acc: 0.4279, Current val acc: 0.4279, Val Loss: 2.2166
=====> Epoch: 5/300, Total_step: 800, lr: 0.001000, Total Time: 1132.5542 s, Time this epoch: 270.0156 s
=====> Epoch: 5/300, Train Loss (train loader labels): 2.2504, Train acc (train loader labels): 0.2879, Best val acc: 0.4279, Current val acc: 0.3968, Val Loss: 2.2436
=====> Epoch: 5/300, Total_step: 847, lr: 0.001000, Total Time: 1132.5542 s, Time this epoch: 270.0156 s
=====> Epoch: 5/300, Train Loss (train loader labels): 2.2517, Train acc (train loader labels): 0.2529, Best val acc: 0.4279, Current val acc: 0.3778, Val Loss: 2.2470
=====> Epoch: 5/300, Total_step: 894, lr: 0.001000, Total Time: 1132.5542 s, Time this epoch: 270.0156 s
=====> Epoch: 5/300, Train Loss (train loader labels): 2.2376, Train acc (train loader labels): 0.2580, Best val acc: 0.4279, Current val acc: 0.4030, Val Loss: 2.2286
=====> Saving current model and best model
balance: False
selecting samples for epoch 6, ratio 0.1
=====> Epoch: 6/300, Total_step: 1128, lr: 0.001000, Total Time: 1402.8788 s, Time this epoch: 269.8940 s
=====> Epoch: 6/300, Train Loss (train loader labels): 2.2612, Train acc (train loader labels): 0.2804, Best val acc: 0.4279, Current val acc: 0.3812, Val Loss: 2.2565
=====> Saving current model and best model
balance: False
selecting samples for epoch 7, ratio 0.1
=====> Epoch: 7/300, Total_step: 1316, lr: 0.001000, Total Time: 1508.8806 s, Time this epoch: 105.4653 s
=====> Epoch: 7/300, Train Loss (train loader labels): 2.2603, Train acc (train loader labels): 0.2355, Best val acc: 0.4279, Current val acc: 0.2606, Val Loss: 2.2566
=====> Saving current model and best model
balance: False
selecting samples for epoch 8, ratio 0.1
=====> Epoch: 8/300, Total_step: 1504, lr: 0.001000, Total Time: 1614.5375 s, Time this epoch: 105.2862 s
=====> Epoch: 8/300, Train Loss (train loader labels): 2.2649, Train acc (train loader labels): 0.2129, Best val acc: 0.4279, Current val acc: 0.2673, Val Loss: 2.2647
=====> Saving current model and best model
balance: False
selecting samples for epoch 9, ratio 0.1
=====> Epoch: 9/300, Total_step: 1692, lr: 0.001000, Total Time: 1719.9214 s, Time this epoch: 105.0128 s
=====> Epoch: 9/300, Train Loss (train loader labels): 2.2379, Train acc (train loader labels): 0.2839, Best val acc: 0.4279, Current val acc: 0.3285, Val Loss: 2.2288
=====> Saving current model and best model
balance: False
selecting samples for epoch 10, ratio 0.1
=====> Epoch: 10/300, Total_step: 1880, lr: 0.001000, Total Time: 1825.1086 s, Time this epoch: 104.8307 s
=====> Epoch: 10/300, Train Loss (train loader labels): 2.2501, Train acc (train loader labels): 0.2298, Best val acc: 0.4279, Current val acc: 0.2743, Val Loss: 2.2465
=====> Saving current model and best model
balance: False
selecting samples for epoch 11, ratio 0.1
=====> Epoch: 11/300, Total_step: 2068, lr: 0.001000, Total Time: 1930.7578 s, Time this epoch: 105.1578 s
=====> Epoch: 11/300, Train Loss (train loader labels): 2.2436, Train acc (train loader labels): 0.2612, Best val acc: 0.4279, Current val acc: 0.2765, Val Loss: 2.2395
=====> Saving current model and best model
balance: False
selecting samples for epoch 12, ratio 0.1
=====> Epoch: 12/300, Total_step: 2256, lr: 0.001000, Total Time: 2036.2798 s, Time this epoch: 105.1164 s
=====> Epoch: 12/300, Train Loss (train loader labels): 2.2433, Train acc (train loader labels): 0.2327, Best val acc: 0.4279, Current val acc: 0.2829, Val Loss: 2.2363
=====> Saving current model and best model
balance: False
selecting samples for epoch 13, ratio 0.1
=====> Epoch: 13/300, Total_step: 2444, lr: 0.001000, Total Time: 2141.6366 s, Time this epoch: 104.9930 s
=====> Epoch: 13/300, Train Loss (train loader labels): 2.2213, Train acc (train loader labels): 0.2419, Best val acc: 0.4279, Current val acc: 0.2750, Val Loss: 2.2101
=====> Saving current model and best model
balance: False
selecting samples for epoch 14, ratio 0.1
=====> Epoch: 14/300, Total_step: 2632, lr: 0.001000, Total Time: 2246.9032 s, Time this epoch: 104.9181 s
=====> Epoch: 14/300, Train Loss (train loader labels): 2.2491, Train acc (train loader labels): 0.2771, Best val acc: 0.4279, Current val acc: 0.3514, Val Loss: 2.2444
=====> Saving current model and best model
balance: False
selecting samples for epoch 15, ratio 0.1
=====> Epoch: 15/300, Total_step: 2820, lr: 0.001000, Total Time: 2352.3940 s, Time this epoch: 105.1308 s
=====> Epoch: 15/300, Train Loss (train loader labels): 2.2209, Train acc (train loader labels): 0.2771, Best val acc: 0.4279, Current val acc: 0.3345, Val Loss: 2.2145
=====> Saving current model and best model
balance: False
selecting samples for epoch 16, ratio 0.1
=====> Epoch: 16/300, Total_step: 3008, lr: 0.001000, Total Time: 2457.7158 s, Time this epoch: 104.9822 s
=====> Epoch: 16/300, Train Loss (train loader labels): 2.2441, Train acc (train loader labels): 0.2694, Best val acc: 0.4279, Current val acc: 0.3503, Val Loss: 2.2383
=====> Saving current model and best model
balance: False
selecting samples for epoch 17, ratio 0.1
=====> Epoch: 17/300, Total_step: 3196, lr: 0.001000, Total Time: 2563.2028 s, Time this epoch: 105.0801 s
=====> Epoch: 17/300, Train Loss (train loader labels): 2.2429, Train acc (train loader labels): 0.2444, Best val acc: 0.4279, Current val acc: 0.2965, Val Loss: 2.2368
=====> Saving current model and best model
balance: False
selecting samples for epoch 18, ratio 0.1
=====> Epoch: 18/300, Total_step: 3384, lr: 0.001000, Total Time: 2669.0373 s, Time this epoch: 105.4827 s
=====> Epoch: 18/300, Train Loss (train loader labels): 2.2473, Train acc (train loader labels): 0.2173, Best val acc: 0.4279, Current val acc: 0.2566, Val Loss: 2.2386
=====> Saving current model and best model
balance: False
selecting samples for epoch 19, ratio 0.1
=====> Epoch: 19/300, Total_step: 3572, lr: 0.001000, Total Time: 2774.2345 s, Time this epoch: 104.8395 s
=====> Epoch: 19/300, Train Loss (train loader labels): 2.2371, Train acc (train loader labels): 0.2617, Best val acc: 0.4279, Current val acc: 0.3528, Val Loss: 2.2328
=====> Saving current model and best model
balance: False
selecting samples for epoch 20, ratio 0.1
[1;34mwandb[0m: 
[1;34mwandb[0m: You can sync this run to the cloud by running:
[1;34mwandb[0m: [1mwandb sync exp/MNIST/Bayesian_deeplinear_bs320_ep300_lr0.001_AdamW_constant_seed2_r0.1_8_hidden/wandb/offline-run-20260605_185431-c2ltd6w4[0m
