save_dir: ./exp/MNIST/DivBS_deeplinear_bs320_ep300_lr0.001_AdamW_constant_seed1_r0.1_8_hidden
=====> Loading config files: 
configs/mnist/method/divbs-0.1.yaml
configs/mnist/data/mnist.yaml
configs/mnist/model/deep_linear_saxe/deep_linear_8.yaml
configs/mnist/optim/adamw-320-0.001-0.01.yaml
configs/diagnostics/snapshots_log_interval.yaml
=====> Config files loaded.
========================= Start Main =========================
=====> Saving config file
=====> Config file saved
=====> Using fixed random seed: 1
=====> Wandb initialized
=====> Number of GPUs: 1
Creating DivBS...
Begin training for DivBS...
=====> Epoch: 0/300, Total_step: 0, lr: 0.001000, Total Time: 0.0000 s, Time this epoch: 0.0000 s
=====> Epoch: 0/300, Train Loss (train loader labels): 2.3023, Train acc (train loader labels): 0.1294, Best val acc: 0.1361, Current val acc: 0.1361, Val Loss: 2.3022
balance: False
selecting samples for epoch 1, ratio 0.1
=====> Epoch: 1/300, Total_step: 1, lr: 0.001000, Total Time: 0.0000 s, Time this epoch: 0.0000 s
=====> Epoch: 1/300, Train Loss (train loader labels): 2.2377, Train acc (train loader labels): 0.2088, Best val acc: 0.2381, Current val acc: 0.2381, Val Loss: 2.2324
=====> Epoch: 1/300, Total_step: 48, lr: 0.001000, Total Time: 0.0000 s, Time this epoch: 0.0000 s
=====> Epoch: 1/300, Train Loss (train loader labels): 1.9649, Train acc (train loader labels): 0.2937, Best val acc: 0.2381, Current val acc: 0.2169, Val Loss: 1.9895
=====> Epoch: 1/300, Total_step: 95, lr: 0.001000, Total Time: 0.0000 s, Time this epoch: 0.0000 s
=====> Epoch: 1/300, Train Loss (train loader labels): 1.9418, Train acc (train loader labels): 0.3012, Best val acc: 0.3330, Current val acc: 0.3330, Val Loss: 1.8452
=====> Epoch: 1/300, Total_step: 142, lr: 0.001000, Total Time: 0.0000 s, Time this epoch: 0.0000 s
=====> Epoch: 1/300, Train Loss (train loader labels): 1.9352, Train acc (train loader labels): 0.3246, Best val acc: 0.3968, Current val acc: 0.3968, Val Loss: 1.6916
=====> Saving current model and best model
balance: False
selecting samples for epoch 2, ratio 0.1
=====> Epoch: 2/300, Total_step: 189, lr: 0.001000, Total Time: 316.5325 s, Time this epoch: 263.0795 s
=====> Epoch: 2/300, Train Loss (train loader labels): 1.8991, Train acc (train loader labels): 0.3287, Best val acc: 0.4156, Current val acc: 0.4156, Val Loss: 1.7082
=====> Epoch: 2/300, Total_step: 236, lr: 0.001000, Total Time: 316.5325 s, Time this epoch: 263.0795 s
=====> Epoch: 2/300, Train Loss (train loader labels): 2.0278, Train acc (train loader labels): 0.2531, Best val acc: 0.4156, Current val acc: 0.2974, Val Loss: 1.8858
=====> Epoch: 2/300, Total_step: 283, lr: 0.001000, Total Time: 316.5325 s, Time this epoch: 263.0795 s
=====> Epoch: 2/300, Train Loss (train loader labels): 1.9862, Train acc (train loader labels): 0.3159, Best val acc: 0.4156, Current val acc: 0.3474, Val Loss: 1.8708
=====> Epoch: 2/300, Total_step: 330, lr: 0.001000, Total Time: 316.5325 s, Time this epoch: 263.0795 s
=====> Epoch: 2/300, Train Loss (train loader labels): 2.0559, Train acc (train loader labels): 0.2437, Best val acc: 0.4156, Current val acc: 0.2725, Val Loss: 1.9607
=====> Saving current model and best model
balance: False
selecting samples for epoch 3, ratio 0.1
=====> Epoch: 3/300, Total_step: 377, lr: 0.001000, Total Time: 582.1512 s, Time this epoch: 265.1530 s
=====> Epoch: 3/300, Train Loss (train loader labels): 1.8707, Train acc (train loader labels): 0.3545, Best val acc: 0.4244, Current val acc: 0.4244, Val Loss: 1.7059
=====> Epoch: 3/300, Total_step: 424, lr: 0.001000, Total Time: 582.1512 s, Time this epoch: 265.1530 s
=====> Epoch: 3/300, Train Loss (train loader labels): 1.8261, Train acc (train loader labels): 0.3638, Best val acc: 0.4860, Current val acc: 0.4860, Val Loss: 1.5888
=====> Epoch: 3/300, Total_step: 471, lr: 0.001000, Total Time: 582.1512 s, Time this epoch: 265.1530 s
=====> Epoch: 3/300, Train Loss (train loader labels): 1.9548, Train acc (train loader labels): 0.3431, Best val acc: 0.4860, Current val acc: 0.4636, Val Loss: 1.8423
=====> Epoch: 3/300, Total_step: 518, lr: 0.001000, Total Time: 582.1512 s, Time this epoch: 265.1530 s
=====> Epoch: 3/300, Train Loss (train loader labels): 1.8572, Train acc (train loader labels): 0.3551, Best val acc: 0.4860, Current val acc: 0.4694, Val Loss: 1.6392
=====> Saving current model and best model
balance: False
selecting samples for epoch 4, ratio 0.1
=====> Epoch: 4/300, Total_step: 565, lr: 0.001000, Total Time: 846.7344 s, Time this epoch: 264.1287 s
=====> Epoch: 4/300, Train Loss (train loader labels): 1.9097, Train acc (train loader labels): 0.3251, Best val acc: 0.4860, Current val acc: 0.4201, Val Loss: 1.7899
=====> Epoch: 4/300, Total_step: 612, lr: 0.001000, Total Time: 846.7344 s, Time this epoch: 264.1287 s
=====> Epoch: 4/300, Train Loss (train loader labels): 1.8037, Train acc (train loader labels): 0.3583, Best val acc: 0.4860, Current val acc: 0.3965, Val Loss: 1.6441
=====> Epoch: 4/300, Total_step: 659, lr: 0.001000, Total Time: 846.7344 s, Time this epoch: 264.1287 s
=====> Epoch: 4/300, Train Loss (train loader labels): 1.7867, Train acc (train loader labels): 0.3775, Best val acc: 0.4860, Current val acc: 0.4469, Val Loss: 1.6103
=====> Epoch: 4/300, Total_step: 706, lr: 0.001000, Total Time: 846.7344 s, Time this epoch: 264.1287 s
=====> Epoch: 4/300, Train Loss (train loader labels): 1.8998, Train acc (train loader labels): 0.3702, Best val acc: 0.5305, Current val acc: 0.5305, Val Loss: 1.7794
=====> Saving current model and best model
balance: False
selecting samples for epoch 5, ratio 0.1
=====> Epoch: 5/300, Total_step: 753, lr: 0.001000, Total Time: 1111.4639 s, Time this epoch: 264.3561 s
=====> Epoch: 5/300, Train Loss (train loader labels): 1.9843, Train acc (train loader labels): 0.2838, Best val acc: 0.5305, Current val acc: 0.3631, Val Loss: 1.8642
=====> Epoch: 5/300, Total_step: 800, lr: 0.001000, Total Time: 1111.4639 s, Time this epoch: 264.3561 s
=====> Epoch: 5/300, Train Loss (train loader labels): 1.8317, Train acc (train loader labels): 0.3804, Best val acc: 0.5305, Current val acc: 0.4885, Val Loss: 1.5711
=====> Epoch: 5/300, Total_step: 847, lr: 0.001000, Total Time: 1111.4639 s, Time this epoch: 264.3561 s
=====> Epoch: 5/300, Train Loss (train loader labels): 1.7536, Train acc (train loader labels): 0.3822, Best val acc: 0.5305, Current val acc: 0.4679, Val Loss: 1.4837
=====> Epoch: 5/300, Total_step: 894, lr: 0.001000, Total Time: 1111.4639 s, Time this epoch: 264.3561 s
=====> Epoch: 5/300, Train Loss (train loader labels): 1.7715, Train acc (train loader labels): 0.3790, Best val acc: 0.5305, Current val acc: 0.4851, Val Loss: 1.5331
=====> Saving current model and best model
balance: False
selecting samples for epoch 6, ratio 0.1
=====> Epoch: 6/300, Total_step: 1128, lr: 0.001000, Total Time: 1375.8981 s, Time this epoch: 264.0553 s
=====> Epoch: 6/300, Train Loss (train loader labels): 1.7477, Train acc (train loader labels): 0.3788, Best val acc: 0.5305, Current val acc: 0.4426, Val Loss: 1.5795
=====> Saving current model and best model
balance: False
selecting samples for epoch 7, ratio 0.1
=====> Epoch: 7/300, Total_step: 1316, lr: 0.001000, Total Time: 1480.6262 s, Time this epoch: 104.2591 s
=====> Epoch: 7/300, Train Loss (train loader labels): 1.7829, Train acc (train loader labels): 0.3859, Best val acc: 0.5305, Current val acc: 0.5226, Val Loss: 1.4878
=====> Saving current model and best model
balance: False
selecting samples for epoch 8, ratio 0.1
=====> Epoch: 8/300, Total_step: 1504, lr: 0.001000, Total Time: 1584.8530 s, Time this epoch: 103.8199 s
=====> Epoch: 8/300, Train Loss (train loader labels): 1.7930, Train acc (train loader labels): 0.3958, Best val acc: 0.5387, Current val acc: 0.5387, Val Loss: 1.5296
=====> Saving current model and best model
balance: False
selecting samples for epoch 9, ratio 0.1
=====> Epoch: 9/300, Total_step: 1692, lr: 0.001000, Total Time: 1689.4284 s, Time this epoch: 104.1548 s
=====> Epoch: 9/300, Train Loss (train loader labels): 569.8539, Train acc (train loader labels): 0.2134, Best val acc: 0.5387, Current val acc: 0.2528, Val Loss: 385.7395
=====> Saving current model and best model
balance: False
selecting samples for epoch 10, ratio 0.1
=====> Epoch: 10/300, Total_step: 1880, lr: 0.001000, Total Time: 1795.6210 s, Time this epoch: 104.0702 s
=====> Epoch: 10/300, Train Loss (train loader labels): 97.6927, Train acc (train loader labels): 0.2612, Best val acc: 0.5387, Current val acc: 0.3636, Val Loss: 55.0024
=====> Saving current model and best model
balance: False
selecting samples for epoch 11, ratio 0.1
=====> Epoch: 11/300, Total_step: 2068, lr: 0.001000, Total Time: 1899.3074 s, Time this epoch: 103.2628 s
=====> Epoch: 11/300, Train Loss (train loader labels): 35.6257, Train acc (train loader labels): 0.3160, Best val acc: 0.5387, Current val acc: 0.4432, Val Loss: 19.8741
=====> Saving current model and best model
balance: False
selecting samples for epoch 12, ratio 0.1
=====> Epoch: 12/300, Total_step: 2256, lr: 0.001000, Total Time: 2003.1245 s, Time this epoch: 103.3854 s
=====> Epoch: 12/300, Train Loss (train loader labels): 21.7397, Train acc (train loader labels): 0.2891, Best val acc: 0.5387, Current val acc: 0.4292, Val Loss: 10.4476
=====> Saving current model and best model
balance: False
selecting samples for epoch 13, ratio 0.1
=====> Epoch: 13/300, Total_step: 2444, lr: 0.001000, Total Time: 2106.9208 s, Time this epoch: 103.4954 s
=====> Epoch: 13/300, Train Loss (train loader labels): 18.5733, Train acc (train loader labels): 0.3125, Best val acc: 0.5387, Current val acc: 0.3881, Val Loss: 10.8981
=====> Saving current model and best model
balance: False
selecting samples for epoch 14, ratio 0.1
=====> Epoch: 14/300, Total_step: 2632, lr: 0.001000, Total Time: 2210.9920 s, Time this epoch: 103.7603 s
=====> Epoch: 14/300, Train Loss (train loader labels): 15.9822, Train acc (train loader labels): 0.3020, Best val acc: 0.5387, Current val acc: 0.3284, Val Loss: 12.9590
=====> Saving current model and best model
balance: False
selecting samples for epoch 15, ratio 0.1
=====> Epoch: 15/300, Total_step: 2820, lr: 0.001000, Total Time: 2314.8824 s, Time this epoch: 103.5554 s
=====> Epoch: 15/300, Train Loss (train loader labels): 13.3711, Train acc (train loader labels): 0.3173, Best val acc: 0.5387, Current val acc: 0.3973, Val Loss: 7.9310
=====> Saving current model and best model
balance: False
selecting samples for epoch 16, ratio 0.1
=====> Epoch: 16/300, Total_step: 3008, lr: 0.001000, Total Time: 2418.7299 s, Time this epoch: 103.5326 s
=====> Epoch: 16/300, Train Loss (train loader labels): 9.1419, Train acc (train loader labels): 0.3382, Best val acc: 0.5387, Current val acc: 0.5297, Val Loss: 4.4084
=====> Saving current model and best model
balance: False
selecting samples for epoch 17, ratio 0.1
=====> Epoch: 17/300, Total_step: 3196, lr: 0.001000, Total Time: 2522.6340 s, Time this epoch: 103.5189 s
=====> Epoch: 17/300, Train Loss (train loader labels): 6.7281, Train acc (train loader labels): 0.3430, Best val acc: 0.5387, Current val acc: 0.4594, Val Loss: 3.3219
=====> Saving current model and best model
balance: False
selecting samples for epoch 18, ratio 0.1
=====> Epoch: 18/300, Total_step: 3384, lr: 0.001000, Total Time: 2626.3246 s, Time this epoch: 103.3792 s
=====> Epoch: 18/300, Train Loss (train loader labels): 10.1585, Train acc (train loader labels): 0.2871, Best val acc: 0.5387, Current val acc: 0.4810, Val Loss: 3.9337
=====> Saving current model and best model
balance: False
selecting samples for epoch 19, ratio 0.1
=====> Epoch: 19/300, Total_step: 3572, lr: 0.001000, Total Time: 2730.1880 s, Time this epoch: 103.4485 s
=====> Epoch: 19/300, Train Loss (train loader labels): 6.3000, Train acc (train loader labels): 0.2974, Best val acc: 0.5387, Current val acc: 0.3427, Val Loss: 4.2896
=====> Saving current model and best model
balance: False
selecting samples for epoch 20, ratio 0.1
=====> Epoch: 20/300, Total_step: 3760, lr: 0.001000, Total Time: 2834.0085 s, Time this epoch: 103.4697 s
=====> Epoch: 20/300, Train Loss (train loader labels): 6.3917, Train acc (train loader labels): 0.3443, Best val acc: 0.5387, Current val acc: 0.4610, Val Loss: 4.0530
=====> Saving current model and best model
balance: False
selecting samples for epoch 21, ratio 0.1
=====> Epoch: 21/300, Total_step: 3948, lr: 0.001000, Total Time: 2938.0909 s, Time this epoch: 103.6945 s
=====> Epoch: 21/300, Train Loss (train loader labels): 5.7448, Train acc (train loader labels): 0.3084, Best val acc: 0.5387, Current val acc: 0.3608, Val Loss: 3.5450
=====> Saving current model and best model
balance: False
selecting samples for epoch 22, ratio 0.1
=====> Epoch: 22/300, Total_step: 4136, lr: 0.001000, Total Time: 3042.2919 s, Time this epoch: 103.8224 s
=====> Epoch: 22/300, Train Loss (train loader labels): 3.6798, Train acc (train loader labels): 0.3406, Best val acc: 0.5387, Current val acc: 0.3609, Val Loss: 2.4142
=====> Saving current model and best model
balance: False
selecting samples for epoch 23, ratio 0.1
=====> Epoch: 23/300, Total_step: 4324, lr: 0.001000, Total Time: 3146.2006 s, Time this epoch: 103.5639 s
=====> Epoch: 23/300, Train Loss (train loader labels): 6.7734, Train acc (train loader labels): 0.3004, Best val acc: 0.5387, Current val acc: 0.4549, Val Loss: 2.5530
=====> Saving current model and best model
balance: False
selecting samples for epoch 24, ratio 0.1
=====> Epoch: 24/300, Total_step: 4512, lr: 0.001000, Total Time: 3250.1554 s, Time this epoch: 103.6425 s
=====> Epoch: 24/300, Train Loss (train loader labels): 3.4191, Train acc (train loader labels): 0.3270, Best val acc: 0.5387, Current val acc: 0.4088, Val Loss: 2.3408
=====> Saving current model and best model
balance: False
selecting samples for epoch 25, ratio 0.1
=====> Epoch: 25/300, Total_step: 4700, lr: 0.001000, Total Time: 3353.8110 s, Time this epoch: 103.3357 s
=====> Epoch: 25/300, Train Loss (train loader labels): 3.7419, Train acc (train loader labels): 0.3341, Best val acc: 0.5387, Current val acc: 0.4075, Val Loss: 2.4922
=====> Saving current model and best model
balance: False
selecting samples for epoch 26, ratio 0.1
=====> Epoch: 26/300, Total_step: 4888, lr: 0.001000, Total Time: 3457.5148 s, Time this epoch: 103.3695 s
=====> Epoch: 26/300, Train Loss (train loader labels): 4.4730, Train acc (train loader labels): 0.2899, Best val acc: 0.5387, Current val acc: 0.3979, Val Loss: 2.0477
=====> Saving current model and best model
balance: False
selecting samples for epoch 27, ratio 0.1
=====> Saving current model and best model
balance: False
selecting samples for epoch 28, ratio 0.1
=====> Saving current model and best model
balance: False
selecting samples for epoch 29, ratio 0.1
=====> Epoch: 29/300, Total_step: 5452, lr: 0.001000, Total Time: 3660.1650 s, Time this epoch: 49.6619 s
=====> Epoch: 29/300, Train Loss (train loader labels): 2.4644, Train acc (train loader labels): 0.3843, Best val acc: 0.5490, Current val acc: 0.5490, Val Loss: 1.5379
=====> Saving current model and best model
balance: False
selecting samples for epoch 30, ratio 0.1
=====> Saving current model and best model
balance: False
selecting samples for epoch 31, ratio 0.1
=====> Saving current model and best model
balance: False
selecting samples for epoch 32, ratio 0.1
=====> Saving current model and best model
balance: False
selecting samples for epoch 33, ratio 0.1
=====> Epoch: 33/300, Total_step: 6204, lr: 0.001000, Total Time: 3914.5194 s, Time this epoch: 49.6644 s
=====> Epoch: 33/300, Train Loss (train loader labels): 2.7618, Train acc (train loader labels): 0.3410, Best val acc: 0.5490, Current val acc: 0.4706, Val Loss: 1.6195
=====> Saving current model and best model
balance: False
selecting samples for epoch 34, ratio 0.1
=====> Saving current model and best model
balance: False
selecting samples for epoch 35, ratio 0.1
=====> Saving current model and best model
balance: False
selecting samples for epoch 36, ratio 0.1
=====> Saving current model and best model
balance: False
selecting samples for epoch 37, ratio 0.1
=====> Epoch: 37/300, Total_step: 6956, lr: 0.001000, Total Time: 4168.6050 s, Time this epoch: 49.3489 s
=====> Epoch: 37/300, Train Loss (train loader labels): 3.1041, Train acc (train loader labels): 0.3412, Best val acc: 0.5490, Current val acc: 0.4872, Val Loss: 1.8342
=====> Saving current model and best model
balance: False
selecting samples for epoch 38, ratio 0.1
=====> Saving current model and best model
balance: False
selecting samples for epoch 39, ratio 0.1
=====> Saving current model and best model
balance: False
selecting samples for epoch 40, ratio 0.1
=====> Saving current model and best model
balance: False
selecting samples for epoch 41, ratio 0.1
=====> Epoch: 41/300, Total_step: 7708, lr: 0.001000, Total Time: 4422.4537 s, Time this epoch: 49.5569 s
=====> Epoch: 41/300, Train Loss (train loader labels): 1.7934, Train acc (train loader labels): 0.4182, Best val acc: 0.5490, Current val acc: 0.5411, Val Loss: 1.3740
=====> Saving current model and best model
balance: False
selecting samples for epoch 42, ratio 0.1
=====> Saving current model and best model
balance: False
selecting samples for epoch 43, ratio 0.1
=====> Saving current model and best model
balance: False
selecting samples for epoch 44, ratio 0.1
=====> Saving current model and best model
balance: False
selecting samples for epoch 45, ratio 0.1
=====> Epoch: 45/300, Total_step: 8460, lr: 0.001000, Total Time: 4676.2597 s, Time this epoch: 49.4879 s
=====> Epoch: 45/300, Train Loss (train loader labels): 1.6693, Train acc (train loader labels): 0.4481, Best val acc: 0.5490, Current val acc: 0.5342, Val Loss: 1.3917
=====> Saving current model and best model
balance: False
selecting samples for epoch 46, ratio 0.1
=====> Saving current model and best model
balance: False
selecting samples for epoch 47, ratio 0.1
=====> Saving current model and best model
balance: False
selecting samples for epoch 48, ratio 0.1
=====> Saving current model and best model
balance: False
selecting samples for epoch 49, ratio 0.1
=====> Epoch: 49/300, Total_step: 9212, lr: 0.001000, Total Time: 4930.5260 s, Time this epoch: 49.7401 s
=====> Epoch: 49/300, Train Loss (train loader labels): 1.6450, Train acc (train loader labels): 0.4542, Best val acc: 0.5490, Current val acc: 0.5437, Val Loss: 1.3544
=====> Saving current model and best model
balance: False
selecting samples for epoch 50, ratio 0.1
=====> Saving current model and best model
balance: False
selecting samples for epoch 51, ratio 0.1
=====> Saving current model and best model
balance: False
selecting samples for epoch 52, ratio 0.1
=====> Saving current model and best model
balance: False
selecting samples for epoch 53, ratio 0.1
=====> Epoch: 53/300, Total_step: 9964, lr: 0.001000, Total Time: 5184.5258 s, Time this epoch: 49.2885 s
=====> Epoch: 53/300, Train Loss (train loader labels): 1.7496, Train acc (train loader labels): 0.4397, Best val acc: 0.5490, Current val acc: 0.5332, Val Loss: 1.4094
=====> Saving current model and best model
balance: False
selecting samples for epoch 54, ratio 0.1
=====> Saving current model and best model
balance: False
selecting samples for epoch 55, ratio 0.1
=====> Saving current model and best model
balance: False
selecting samples for epoch 56, ratio 0.1
=====> Saving current model and best model
balance: False
selecting samples for epoch 57, ratio 0.1
=====> Epoch: 57/300, Total_step: 10716, lr: 0.001000, Total Time: 5438.7741 s, Time this epoch: 49.4579 s
=====> Epoch: 57/300, Train Loss (train loader labels): 1.5884, Train acc (train loader labels): 0.4889, Best val acc: 0.6006, Current val acc: 0.6006, Val Loss: 1.3611
=====> Saving current model and best model
balance: False
selecting samples for epoch 58, ratio 0.1
=====> Saving current model and best model
balance: False
selecting samples for epoch 59, ratio 0.1
=====> Saving current model and best model
balance: False
selecting samples for epoch 60, ratio 0.1
=====> Saving current model and best model
balance: False
selecting samples for epoch 61, ratio 0.1
=====> Epoch: 61/300, Total_step: 11468, lr: 0.001000, Total Time: 5693.5927 s, Time this epoch: 49.4256 s
=====> Epoch: 61/300, Train Loss (train loader labels): 1.5937, Train acc (train loader labels): 0.4763, Best val acc: 0.6006, Current val acc: 0.5904, Val Loss: 1.3341
=====> Saving current model and best model
balance: False
selecting samples for epoch 62, ratio 0.1
=====> Saving current model and best model
balance: False
selecting samples for epoch 63, ratio 0.1
=====> Saving current model and best model
balance: False
selecting samples for epoch 64, ratio 0.1
=====> Saving current model and best model
balance: False
selecting samples for epoch 65, ratio 0.1
=====> Epoch: 65/300, Total_step: 12220, lr: 0.001000, Total Time: 5946.9888 s, Time this epoch: 49.4297 s
=====> Epoch: 65/300, Train Loss (train loader labels): 1.5985, Train acc (train loader labels): 0.4766, Best val acc: 0.6130, Current val acc: 0.6130, Val Loss: 1.2805
=====> Saving current model and best model
balance: False
selecting samples for epoch 66, ratio 0.1
=====> Saving current model and best model
balance: False
selecting samples for epoch 67, ratio 0.1
=====> Saving current model and best model
balance: False
selecting samples for epoch 68, ratio 0.1
=====> Saving current model and best model
balance: False
selecting samples for epoch 69, ratio 0.1
=====> Saving current model and best model
balance: False
selecting samples for epoch 70, ratio 0.1
=====> Saving current model and best model
balance: False
selecting samples for epoch 71, ratio 0.1
=====> Saving current model and best model
balance: False
selecting samples for epoch 72, ratio 0.1
=====> Saving current model and best model
balance: False
selecting samples for epoch 73, ratio 0.1
=====> Saving current model and best model
balance: False
selecting samples for epoch 74, ratio 0.1
=====> Saving current model and best model
balance: False
selecting samples for epoch 75, ratio 0.1
=====> Saving current model and best model
balance: False
selecting samples for epoch 76, ratio 0.1
=====> Epoch: 76/300, Total_step: 14288, lr: 0.001000, Total Time: 6551.2023 s, Time this epoch: 49.4944 s
=====> Epoch: 76/300, Train Loss (train loader labels): 1.6089, Train acc (train loader labels): 0.4788, Best val acc: 0.6192, Current val acc: 0.6192, Val Loss: 1.3498
=====> Saving current model and best model
balance: False
selecting samples for epoch 77, ratio 0.1
=====> Saving current model and best model
balance: False
selecting samples for epoch 78, ratio 0.1
=====> Saving current model and best model
balance: False
selecting samples for epoch 79, ratio 0.1
=====> Saving current model and best model
balance: False
selecting samples for epoch 80, ratio 0.1
=====> Saving current model and best model
balance: False
selecting samples for epoch 81, ratio 0.1
=====> Saving current model and best model
balance: False
selecting samples for epoch 82, ratio 0.1
=====> Saving current model and best model
balance: False
selecting samples for epoch 83, ratio 0.1
=====> Saving current model and best model
balance: False
selecting samples for epoch 84, ratio 0.1
=====> Saving current model and best model
balance: False
selecting samples for epoch 85, ratio 0.1
=====> Saving current model and best model
balance: False
selecting samples for epoch 86, ratio 0.1
=====> Saving current model and best model
balance: False
selecting samples for epoch 87, ratio 0.1
=====> Saving current model and best model
balance: False
selecting samples for epoch 88, ratio 0.1
=====> Saving current model and best model
balance: False
selecting samples for epoch 89, ratio 0.1
=====> Saving current model and best model
balance: False
selecting samples for epoch 90, ratio 0.1
=====> Saving current model and best model
balance: False
selecting samples for epoch 91, ratio 0.1
=====> Epoch: 91/300, Total_step: 17108, lr: 0.001000, Total Time: 7354.1128 s, Time this epoch: 49.6544 s
=====> Epoch: 91/300, Train Loss (train loader labels): 1.6079, Train acc (train loader labels): 0.4734, Best val acc: 0.6217, Current val acc: 0.6217, Val Loss: 1.3023
=====> Saving current model and best model
balance: False
selecting samples for epoch 92, ratio 0.1
=====> Saving current model and best model
balance: False
selecting samples for epoch 93, ratio 0.1
=====> Saving current model and best model
balance: False
selecting samples for epoch 94, ratio 0.1
=====> Saving current model and best model
balance: False
selecting samples for epoch 95, ratio 0.1
=====> Saving current model and best model
balance: False
selecting samples for epoch 96, ratio 0.1
=====> Saving current model and best model
balance: False
selecting samples for epoch 97, ratio 0.1
=====> Saving current model and best model
balance: False
selecting samples for epoch 98, ratio 0.1
=====> Saving current model and best model
balance: False
selecting samples for epoch 99, ratio 0.1
=====> Saving current model and best model
balance: False
selecting samples for epoch 100, ratio 0.1
=====> Saving current model and best model
balance: False
selecting samples for epoch 101, ratio 0.1
=====> Saving current model and best model
balance: False
selecting samples for epoch 102, ratio 0.1
=====> Saving current model and best model
balance: False
selecting samples for epoch 103, ratio 0.1
=====> Saving current model and best model
balance: False
selecting samples for epoch 104, ratio 0.1
=====> Saving current model and best model
balance: False
selecting samples for epoch 105, ratio 0.1
=====> Saving current model and best model
balance: False
selecting samples for epoch 106, ratio 0.1
=====> Epoch: 106/300, Total_step: 19928, lr: 0.001000, Total Time: 8156.9198 s, Time this epoch: 49.4670 s
=====> Epoch: 106/300, Train Loss (train loader labels): 1.6693, Train acc (train loader labels): 0.4388, Best val acc: 0.6217, Current val acc: 0.5467, Val Loss: 1.3437
=====> Saving current model and best model
balance: False
selecting samples for epoch 107, ratio 0.1
=====> Saving current model and best model
balance: False
selecting samples for epoch 108, ratio 0.1
=====> Saving current model and best model
balance: False
selecting samples for epoch 109, ratio 0.1
=====> Saving current model and best model
balance: False
selecting samples for epoch 110, ratio 0.1
=====> Saving current model and best model
balance: False
selecting samples for epoch 111, ratio 0.1
=====> Saving current model and best model
balance: False
selecting samples for epoch 112, ratio 0.1
=====> Saving current model and best model
balance: False
selecting samples for epoch 113, ratio 0.1
=====> Saving current model and best model
balance: False
selecting samples for epoch 114, ratio 0.1
=====> Saving current model and best model
balance: False
selecting samples for epoch 115, ratio 0.1
=====> Saving current model and best model
balance: False
selecting samples for epoch 116, ratio 0.1
=====> Saving current model and best model
balance: False
selecting samples for epoch 117, ratio 0.1
=====> Saving current model and best model
balance: False
selecting samples for epoch 118, ratio 0.1
=====> Saving current model and best model
balance: False
selecting samples for epoch 119, ratio 0.1
=====> Saving current model and best model
balance: False
selecting samples for epoch 120, ratio 0.1
=====> Saving current model and best model
balance: False
selecting samples for epoch 121, ratio 0.1
=====> Epoch: 121/300, Total_step: 22748, lr: 0.001000, Total Time: 8959.9774 s, Time this epoch: 49.7269 s
=====> Epoch: 121/300, Train Loss (train loader labels): 1.6475, Train acc (train loader labels): 0.4544, Best val acc: 0.6217, Current val acc: 0.6137, Val Loss: 1.3832
=====> Saving current model and best model
balance: False
selecting samples for epoch 122, ratio 0.1
=====> Saving current model and best model
balance: False
selecting samples for epoch 123, ratio 0.1
=====> Saving current model and best model
balance: False
selecting samples for epoch 124, ratio 0.1
=====> Saving current model and best model
balance: False
selecting samples for epoch 125, ratio 0.1
=====> Saving current model and best model
balance: False
selecting samples for epoch 126, ratio 0.1
=====> Saving current model and best model
balance: False
selecting samples for epoch 127, ratio 0.1
=====> Saving current model and best model
balance: False
selecting samples for epoch 128, ratio 0.1
=====> Saving current model and best model
balance: False
selecting samples for epoch 129, ratio 0.1
=====> Saving current model and best model
balance: False
selecting samples for epoch 130, ratio 0.1
=====> Saving current model and best model
balance: False
selecting samples for epoch 131, ratio 0.1
=====> Saving current model and best model
balance: False
selecting samples for epoch 132, ratio 0.1
=====> Saving current model and best model
balance: False
selecting samples for epoch 133, ratio 0.1
=====> Saving current model and best model
balance: False
selecting samples for epoch 134, ratio 0.1
=====> Saving current model and best model
balance: False
selecting samples for epoch 135, ratio 0.1
=====> Saving current model and best model
balance: False
selecting samples for epoch 136, ratio 0.1
=====> Epoch: 136/300, Total_step: 25568, lr: 0.001000, Total Time: 9763.4340 s, Time this epoch: 49.5283 s
=====> Epoch: 136/300, Train Loss (train loader labels): 1.6395, Train acc (train loader labels): 0.4355, Best val acc: 0.6217, Current val acc: 0.4912, Val Loss: 1.4351
=====> Saving current model and best model
balance: False
selecting samples for epoch 137, ratio 0.1
=====> Saving current model and best model
balance: False
selecting samples for epoch 138, ratio 0.1
=====> Saving current model and best model
balance: False
selecting samples for epoch 139, ratio 0.1
=====> Saving current model and best model
balance: False
selecting samples for epoch 140, ratio 0.1
=====> Saving current model and best model
balance: False
selecting samples for epoch 141, ratio 0.1
=====> Saving current model and best model
balance: False
selecting samples for epoch 142, ratio 0.1
=====> Saving current model and best model
balance: False
selecting samples for epoch 143, ratio 0.1
=====> Saving current model and best model
balance: False
selecting samples for epoch 144, ratio 0.1
=====> Saving current model and best model
balance: False
selecting samples for epoch 145, ratio 0.1
=====> Saving current model and best model
balance: False
selecting samples for epoch 146, ratio 0.1
=====> Saving current model and best model
balance: False
selecting samples for epoch 147, ratio 0.1
=====> Saving current model and best model
balance: False
selecting samples for epoch 148, ratio 0.1
=====> Saving current model and best model
balance: False
selecting samples for epoch 149, ratio 0.1
=====> Saving current model and best model
balance: False
selecting samples for epoch 150, ratio 0.1
=====> Saving current model and best model
balance: False
selecting samples for epoch 151, ratio 0.1
=====> Epoch: 151/300, Total_step: 28388, lr: 0.001000, Total Time: 10564.2168 s, Time this epoch: 49.6944 s
=====> Epoch: 151/300, Train Loss (train loader labels): 10.5380, Train acc (train loader labels): 0.3309, Best val acc: 0.6217, Current val acc: 0.4592, Val Loss: 6.0337
=====> Saving current model and best model
balance: False
selecting samples for epoch 152, ratio 0.1
=====> Saving current model and best model
balance: False
selecting samples for epoch 153, ratio 0.1
=====> Saving current model and best model
balance: False
selecting samples for epoch 154, ratio 0.1
=====> Saving current model and best model
balance: False
selecting samples for epoch 155, ratio 0.1
=====> Saving current model and best model
balance: False
selecting samples for epoch 156, ratio 0.1
=====> Saving current model and best model
balance: False
selecting samples for epoch 157, ratio 0.1
=====> Saving current model and best model
balance: False
selecting samples for epoch 158, ratio 0.1
=====> Saving current model and best model
balance: False
selecting samples for epoch 159, ratio 0.1
=====> Saving current model and best model
balance: False
selecting samples for epoch 160, ratio 0.1
=====> Saving current model and best model
balance: False
selecting samples for epoch 161, ratio 0.1
=====> Saving current model and best model
balance: False
selecting samples for epoch 162, ratio 0.1
=====> Saving current model and best model
balance: False
selecting samples for epoch 163, ratio 0.1
=====> Saving current model and best model
balance: False
selecting samples for epoch 164, ratio 0.1
=====> Saving current model and best model
balance: False
selecting samples for epoch 165, ratio 0.1
=====> Saving current model and best model
balance: False
selecting samples for epoch 166, ratio 0.1
=====> Epoch: 166/300, Total_step: 31208, lr: 0.001000, Total Time: 11368.1912 s, Time this epoch: 49.9023 s
=====> Epoch: 166/300, Train Loss (train loader labels): 2.3309, Train acc (train loader labels): 0.3540, Best val acc: 0.6217, Current val acc: 0.4697, Val Loss: 1.5828
=====> Saving current model and best model
balance: False
selecting samples for epoch 167, ratio 0.1
=====> Saving current model and best model
balance: False
selecting samples for epoch 168, ratio 0.1
=====> Saving current model and best model
balance: False
selecting samples for epoch 169, ratio 0.1
=====> Saving current model and best model
balance: False
selecting samples for epoch 170, ratio 0.1
=====> Saving current model and best model
balance: False
selecting samples for epoch 171, ratio 0.1
=====> Saving current model and best model
balance: False
selecting samples for epoch 172, ratio 0.1
=====> Saving current model and best model
balance: False
selecting samples for epoch 173, ratio 0.1
=====> Saving current model and best model
balance: False
selecting samples for epoch 174, ratio 0.1
=====> Saving current model and best model
balance: False
selecting samples for epoch 175, ratio 0.1
=====> Saving current model and best model
balance: False
selecting samples for epoch 176, ratio 0.1
=====> Saving current model and best model
balance: False
selecting samples for epoch 177, ratio 0.1
=====> Saving current model and best model
balance: False
selecting samples for epoch 178, ratio 0.1
=====> Saving current model and best model
balance: False
selecting samples for epoch 179, ratio 0.1
=====> Saving current model and best model
balance: False
selecting samples for epoch 180, ratio 0.1
=====> Saving current model and best model
balance: False
selecting samples for epoch 181, ratio 0.1
=====> Epoch: 181/300, Total_step: 34028, lr: 0.001000, Total Time: 12170.9426 s, Time this epoch: 49.5963 s
=====> Epoch: 181/300, Train Loss (train loader labels): 1.6475, Train acc (train loader labels): 0.4485, Best val acc: 0.6217, Current val acc: 0.5616, Val Loss: 1.3476
=====> Saving current model and best model
balance: False
selecting samples for epoch 182, ratio 0.1
=====> Saving current model and best model
balance: False
selecting samples for epoch 183, ratio 0.1
=====> Saving current model and best model
balance: False
selecting samples for epoch 184, ratio 0.1
=====> Saving current model and best model
balance: False
selecting samples for epoch 185, ratio 0.1
=====> Saving current model and best model
balance: False
selecting samples for epoch 186, ratio 0.1
=====> Saving current model and best model
balance: False
selecting samples for epoch 187, ratio 0.1
=====> Saving current model and best model
balance: False
selecting samples for epoch 188, ratio 0.1
=====> Saving current model and best model
balance: False
selecting samples for epoch 189, ratio 0.1
=====> Saving current model and best model
balance: False
selecting samples for epoch 190, ratio 0.1
=====> Saving current model and best model
balance: False
selecting samples for epoch 191, ratio 0.1
=====> Saving current model and best model
balance: False
selecting samples for epoch 192, ratio 0.1
=====> Saving current model and best model
balance: False
selecting samples for epoch 193, ratio 0.1
=====> Saving current model and best model
balance: False
selecting samples for epoch 194, ratio 0.1
=====> Saving current model and best model
balance: False
selecting samples for epoch 195, ratio 0.1
=====> Saving current model and best model
balance: False
selecting samples for epoch 196, ratio 0.1
=====> Epoch: 196/300, Total_step: 36848, lr: 0.001000, Total Time: 12974.3226 s, Time this epoch: 49.6163 s
=====> Epoch: 196/300, Train Loss (train loader labels): 1.6152, Train acc (train loader labels): 0.4578, Best val acc: 0.6217, Current val acc: 0.5928, Val Loss: 1.3163
=====> Saving current model and best model
balance: False
selecting samples for epoch 197, ratio 0.1
=====> Saving current model and best model
balance: False
selecting samples for epoch 198, ratio 0.1
=====> Saving current model and best model
balance: False
selecting samples for epoch 199, ratio 0.1
=====> Saving current model and best model
balance: False
selecting samples for epoch 200, ratio 0.1
=====> Saving current model and best model
balance: False
selecting samples for epoch 201, ratio 0.1
=====> Saving current model and best model
balance: False
selecting samples for epoch 202, ratio 0.1
=====> Saving current model and best model
balance: False
selecting samples for epoch 203, ratio 0.1
=====> Saving current model and best model
balance: False
selecting samples for epoch 204, ratio 0.1
=====> Saving current model and best model
balance: False
selecting samples for epoch 205, ratio 0.1
=====> Saving current model and best model
balance: False
selecting samples for epoch 206, ratio 0.1
=====> Saving current model and best model
balance: False
selecting samples for epoch 207, ratio 0.1
=====> Saving current model and best model
balance: False
selecting samples for epoch 208, ratio 0.1
=====> Saving current model and best model
balance: False
selecting samples for epoch 209, ratio 0.1
=====> Saving current model and best model
balance: False
selecting samples for epoch 210, ratio 0.1
=====> Saving current model and best model
balance: False
selecting samples for epoch 211, ratio 0.1
=====> Epoch: 211/300, Total_step: 39668, lr: 0.001000, Total Time: 13775.3076 s, Time this epoch: 49.4645 s
=====> Epoch: 211/300, Train Loss (train loader labels): 9.1686, Train acc (train loader labels): 0.3177, Best val acc: 0.6217, Current val acc: 0.3848, Val Loss: 6.0877
=====> Saving current model and best model
balance: False
selecting samples for epoch 212, ratio 0.1
=====> Saving current model and best model
balance: False
selecting samples for epoch 213, ratio 0.1
=====> Saving current model and best model
balance: False
selecting samples for epoch 214, ratio 0.1
=====> Saving current model and best model
balance: False
selecting samples for epoch 215, ratio 0.1
=====> Saving current model and best model
balance: False
selecting samples for epoch 216, ratio 0.1
=====> Saving current model and best model
balance: False
selecting samples for epoch 217, ratio 0.1
=====> Saving current model and best model
balance: False
selecting samples for epoch 218, ratio 0.1
=====> Saving current model and best model
balance: False
selecting samples for epoch 219, ratio 0.1
=====> Saving current model and best model
balance: False
selecting samples for epoch 220, ratio 0.1
=====> Saving current model and best model
balance: False
selecting samples for epoch 221, ratio 0.1
=====> Saving current model and best model
balance: False
selecting samples for epoch 222, ratio 0.1
=====> Saving current model and best model
balance: False
selecting samples for epoch 223, ratio 0.1
=====> Saving current model and best model
balance: False
selecting samples for epoch 224, ratio 0.1
=====> Saving current model and best model
balance: False
selecting samples for epoch 225, ratio 0.1
=====> Saving current model and best model
balance: False
selecting samples for epoch 226, ratio 0.1
=====> Epoch: 226/300, Total_step: 42488, lr: 0.001000, Total Time: 14573.9907 s, Time this epoch: 49.5384 s
=====> Epoch: 226/300, Train Loss (train loader labels): 3.4632, Train acc (train loader labels): 0.3336, Best val acc: 0.6217, Current val acc: 0.4621, Val Loss: 2.2668
=====> Saving current model and best model
balance: False
selecting samples for epoch 227, ratio 0.1
=====> Saving current model and best model
balance: False
selecting samples for epoch 228, ratio 0.1
=====> Saving current model and best model
balance: False
selecting samples for epoch 229, ratio 0.1
=====> Saving current model and best model
balance: False
selecting samples for epoch 230, ratio 0.1
=====> Saving current model and best model
balance: False
selecting samples for epoch 231, ratio 0.1
=====> Saving current model and best model
balance: False
selecting samples for epoch 232, ratio 0.1
=====> Saving current model and best model
balance: False
selecting samples for epoch 233, ratio 0.1
=====> Saving current model and best model
balance: False
selecting samples for epoch 234, ratio 0.1
=====> Saving current model and best model
balance: False
selecting samples for epoch 235, ratio 0.1
=====> Saving current model and best model
balance: False
selecting samples for epoch 236, ratio 0.1
=====> Saving current model and best model
balance: False
selecting samples for epoch 237, ratio 0.1
=====> Saving current model and best model
balance: False
selecting samples for epoch 238, ratio 0.1
=====> Saving current model and best model
balance: False
selecting samples for epoch 239, ratio 0.1
=====> Saving current model and best model
balance: False
selecting samples for epoch 240, ratio 0.1
=====> Saving current model and best model
balance: False
selecting samples for epoch 241, ratio 0.1
=====> Epoch: 241/300, Total_step: 45308, lr: 0.001000, Total Time: 15374.8535 s, Time this epoch: 48.9448 s
=====> Epoch: 241/300, Train Loss (train loader labels): 3.1101, Train acc (train loader labels): 0.3568, Best val acc: 0.6217, Current val acc: 0.5103, Val Loss: 2.1772
=====> Saving current model and best model
balance: False
selecting samples for epoch 242, ratio 0.1
=====> Saving current model and best model
balance: False
selecting samples for epoch 243, ratio 0.1
=====> Saving current model and best model
balance: False
selecting samples for epoch 244, ratio 0.1
=====> Saving current model and best model
balance: False
selecting samples for epoch 245, ratio 0.1
=====> Saving current model and best model
balance: False
selecting samples for epoch 246, ratio 0.1
=====> Saving current model and best model
balance: False
selecting samples for epoch 247, ratio 0.1
=====> Saving current model and best model
balance: False
selecting samples for epoch 248, ratio 0.1
=====> Saving current model and best model
balance: False
selecting samples for epoch 249, ratio 0.1
=====> Saving current model and best model
balance: False
selecting samples for epoch 250, ratio 0.1
=====> Saving current model and best model
balance: False
selecting samples for epoch 251, ratio 0.1
=====> Saving current model and best model
balance: False
selecting samples for epoch 252, ratio 0.1
=====> Saving current model and best model
balance: False
selecting samples for epoch 253, ratio 0.1
=====> Saving current model and best model
balance: False
selecting samples for epoch 254, ratio 0.1
=====> Saving current model and best model
balance: False
selecting samples for epoch 255, ratio 0.1
=====> Saving current model and best model
balance: False
selecting samples for epoch 256, ratio 0.1
=====> Epoch: 256/300, Total_step: 48128, lr: 0.001000, Total Time: 16176.2065 s, Time this epoch: 49.3452 s
=====> Epoch: 256/300, Train Loss (train loader labels): 1.7001, Train acc (train loader labels): 0.4481, Best val acc: 0.6217, Current val acc: 0.5240, Val Loss: 1.4586
=====> Saving current model and best model
balance: False
selecting samples for epoch 257, ratio 0.1
=====> Saving current model and best model
balance: False
selecting samples for epoch 258, ratio 0.1
=====> Saving current model and best model
balance: False
selecting samples for epoch 259, ratio 0.1
=====> Saving current model and best model
balance: False
selecting samples for epoch 260, ratio 0.1
=====> Saving current model and best model
balance: False
selecting samples for epoch 261, ratio 0.1
=====> Saving current model and best model
balance: False
selecting samples for epoch 262, ratio 0.1
=====> Saving current model and best model
balance: False
selecting samples for epoch 263, ratio 0.1
=====> Saving current model and best model
balance: False
selecting samples for epoch 264, ratio 0.1
=====> Saving current model and best model
balance: False
selecting samples for epoch 265, ratio 0.1
=====> Saving current model and best model
balance: False
selecting samples for epoch 266, ratio 0.1
=====> Saving current model and best model
balance: False
selecting samples for epoch 267, ratio 0.1
=====> Saving current model and best model
balance: False
selecting samples for epoch 268, ratio 0.1
=====> Saving current model and best model
balance: False
selecting samples for epoch 269, ratio 0.1
=====> Saving current model and best model
balance: False
selecting samples for epoch 270, ratio 0.1
=====> Saving current model and best model
balance: False
selecting samples for epoch 271, ratio 0.1
=====> Epoch: 271/300, Total_step: 50948, lr: 0.001000, Total Time: 16976.7635 s, Time this epoch: 49.5126 s
=====> Epoch: 271/300, Train Loss (train loader labels): 1.6707, Train acc (train loader labels): 0.4542, Best val acc: 0.6220, Current val acc: 0.6220, Val Loss: 1.2863
=====> Saving current model and best model
balance: False
selecting samples for epoch 272, ratio 0.1
=====> Saving current model and best model
balance: False
selecting samples for epoch 273, ratio 0.1
=====> Saving current model and best model
balance: False
selecting samples for epoch 274, ratio 0.1
=====> Saving current model and best model
balance: False
selecting samples for epoch 275, ratio 0.1
=====> Saving current model and best model
balance: False
selecting samples for epoch 276, ratio 0.1
=====> Saving current model and best model
balance: False
selecting samples for epoch 277, ratio 0.1
=====> Saving current model and best model
balance: False
selecting samples for epoch 278, ratio 0.1
=====> Saving current model and best model
balance: False
selecting samples for epoch 279, ratio 0.1
=====> Saving current model and best model
balance: False
selecting samples for epoch 280, ratio 0.1
=====> Saving current model and best model
balance: False
selecting samples for epoch 281, ratio 0.1
=====> Saving current model and best model
balance: False
selecting samples for epoch 282, ratio 0.1
=====> Saving current model and best model
balance: False
selecting samples for epoch 283, ratio 0.1
=====> Saving current model and best model
balance: False
selecting samples for epoch 284, ratio 0.1
=====> Saving current model and best model
balance: False
selecting samples for epoch 285, ratio 0.1
=====> Saving current model and best model
balance: False
selecting samples for epoch 286, ratio 0.1
=====> Epoch: 286/300, Total_step: 53768, lr: 0.001000, Total Time: 17777.2699 s, Time this epoch: 49.4131 s
=====> Epoch: 286/300, Train Loss (train loader labels): 1.6001, Train acc (train loader labels): 0.4772, Best val acc: 0.6220, Current val acc: 0.5972, Val Loss: 1.3082
=====> Saving current model and best model
balance: False
selecting samples for epoch 287, ratio 0.1
=====> Saving current model and best model
balance: False
selecting samples for epoch 288, ratio 0.1
=====> Saving current model and best model
balance: False
selecting samples for epoch 289, ratio 0.1
=====> Saving current model and best model
balance: False
selecting samples for epoch 290, ratio 0.1
=====> Saving current model and best model
balance: False
selecting samples for epoch 291, ratio 0.1
=====> Saving current model and best model
balance: False
selecting samples for epoch 292, ratio 0.1
=====> Saving current model and best model
balance: False
selecting samples for epoch 293, ratio 0.1
=====> Saving current model and best model
balance: False
selecting samples for epoch 294, ratio 0.1
=====> Saving current model and best model
balance: False
selecting samples for epoch 295, ratio 0.1
=====> Saving current model and best model
balance: False
selecting samples for epoch 296, ratio 0.1
=====> Saving current model and best model
balance: False
selecting samples for epoch 297, ratio 0.1
=====> Saving current model and best model
balance: False
selecting samples for epoch 298, ratio 0.1
=====> Saving current model and best model
balance: False
selecting samples for epoch 299, ratio 0.1
=====> Saving current model and best model
balance: False
selecting samples for epoch 300, ratio 0.1
=====> Epoch: 300/300, Total_step: 56400, lr: 0.001000, Total Time: 18529.1277 s, Time this epoch: 49.5673 s
=====> Epoch: 300/300, Train Loss (train loader labels): 1.6091, Train acc (train loader labels): 0.4559, Best val acc: 0.6220, Current val acc: 0.5445, Val Loss: 1.3988
=====> Saving current model and best model
Saved helper snapshots to /home/mward19/Documents/miller/Online-Batch-Selection/snapshots/MNIST/{"bsel":"DivBS","seed":1,"model":"DeepLinear","opt":"adamw","bs":320,"ratio":0.1,"lr":0.001,"wd":0.01,"layers":8,"hidden_dim":1000}.p
Saved selected points array to /home/mward19/Documents/miller/Online-Batch-Selection/selected_points/MNIST/{"bsel":"DivBS","seed":1,"model":"DeepLinear","opt":"adamw","bs":320,"ratio":0.1,"lr":0.001,"wd":0.01,"layers":8,"hidden_dim":1000}.npy
========================= End Main =========================
