wandb: Tracking run with wandb version 0.27.0
wandb: W&B syncing is set to `offline` in this directory. Run `wandb online` or set WANDB_MODE=online to enable cloud syncing.
wandb: Run data is saved locally in exp/MNIST/Uniform_deeplinear_bs320_ep300_lr0.001_AdamW_constant_seed3_r0.1_3_hidden/wandb/offline-run-20260605_185800-apnrt8x2
wandb: 
wandb: Run history:
wandb:                                best_val_acc 鈻佲杺鈻勨枀鈻嗏枃鈻団枃鈻団枃鈻団枃鈻堚枅鈻堚枅鈻堚枅鈻堚枅鈻堚枅鈻堚枅鈻堚枅鈻堚枅鈻堚枅鈻堚枅鈻堚枅鈻堚枅鈻堚枅鈻堚枅
wandb:                           diagnostics/epoch 鈻佲杹鈻佲杹鈻佲杹鈻佲杹鈻佲杹鈻佲杹鈻佲杹鈻佲杹鈻佲杹鈻佲杺鈻傗杺鈻傗杺鈻傗杺鈻傗杺鈻傗杻鈻冣杽鈻呪枀鈻呪枂鈻嗏枃鈻団枅
wandb: diagnostics/fixed_train_logits_norm_l2_mean 鈻冣杽鈻呪杺鈻呪杽鈻佲枀鈻冣杽鈻呪枀鈻呪枃鈻呪枂鈻勨枂鈻勨枃鈻嗏枂鈻呪枂鈻嗏枂鈻団枃鈻嗏枀鈻嗏枃鈻堚枀鈻嗏枃鈻堚枂鈻嗏枂
wandb:        diagnostics/test_logits_norm_l2_mean 鈻佲枂鈻呪枂鈻嗏枀鈻嗏枂鈻嗏杽鈻嗏枂鈻嗏枂鈻嗏枂鈻嗏枂鈻団枂鈻呪枃鈻嗏枃鈻団枂鈻団枂鈻団枃鈻嗏枃鈻団枅鈻嗏枅鈻嗏枃鈻団枃
wandb:                      diagnostics/total_step 鈻佲杹鈻佲杹鈻佲杹鈻佲杹鈻佲杹鈻佲杹鈻佲杹鈻佲杹鈻佲杹鈻佲杹鈻佲杹鈻佲杺鈻傗杺鈻傗杺鈻傗杺鈻傗杻鈻冣杽鈻勨枀鈻嗏枂鈻団枅
wandb:                                       epoch 鈻佲杹鈻佲杹鈻佲杹鈻佲杹鈻佲杹鈻佲杹鈻佲杹鈻佲杹鈻佲杹鈻佲杹鈻佲杹鈻佲杺鈻傗杺鈻傗杺鈻傗杺鈻傗杺鈻傗杻鈻勨枂鈻嗏枃鈻団枅
wandb:                                          lr 鈻佲杹鈻佲杹鈻佲杹鈻佲杹鈻佲杹鈻佲杹鈻佲杹鈻佲杹鈻佲杹鈻佲杹鈻佲杹鈻佲杹鈻佲杹鈻佲杹鈻佲杹鈻佲杹鈻佲杹鈻佲杹鈻佲杹鈻佲杹
wandb:                                  time_epoch 鈻佲杹鈻佲杹鈻堚枅鈻堚枅鈻堚枅鈻堚枅鈻勨杽鈻勨杽鈻勨杽鈻勨杽鈻勨杽鈻勨杺鈻傗杺鈻傗杺鈻傗杺鈻傗杺鈻傗杺鈻傗杺鈻傗杺鈻傗杺
wandb:                                  total_time 鈻佲杹鈻佲杹鈻佲杹鈻佲杹鈻佲杹鈻佲杹鈻傗杺鈻傗杺鈻傗杺鈻傗杺鈻傗杺鈻傗杺鈻傗杻鈻冣杻鈻冣杻鈻勨杽鈻呪枀鈻呪枂鈻嗏枃鈻団枅
wandb:                                   train_acc 鈻佲杺鈻呪枂鈻嗏枂鈻嗏枂鈻嗏枂鈻嗏枂鈻団枂鈻団枃鈻団枃鈻団枃鈻団枃鈻団枃鈻団枃鈻団枃鈻団枅鈻団枃鈻団枅鈻堚枅鈻堚枅鈻堚枅
wandb:                                          +5 ...
wandb: 
wandb: Run summary:
wandb:                                best_val_acc 0.6944
wandb:                           diagnostics/epoch 300
wandb: diagnostics/fixed_train_logits_norm_l2_mean 13.24985
wandb:        diagnostics/test_logits_norm_l2_mean 12.26532
wandb:                      diagnostics/total_step 56400
wandb:                         diagnostics/trigger batch_update
wandb:                                       epoch 300
wandb:                                          lr 0.001
wandb:                                  time_epoch 50.121
wandb:                                  total_time 18740.05043
wandb:                                          +6 ...
wandb: 
wandb: You can sync this run to the cloud by running:
wandb: wandb sync exp/MNIST/Uniform_deeplinear_bs320_ep300_lr0.001_AdamW_constant_seed3_r0.1_3_hidden/wandb/offline-run-20260605_185800-apnrt8x2
wandb: Find logs at: exp/MNIST/Uniform_deeplinear_bs320_ep300_lr0.001_AdamW_constant_seed3_r0.1_3_hidden/wandb/offline-run-20260605_185800-apnrt8x2/logs
