save_dir: ./exp/MNIST/Uniform_deeplinear_bs320_ep300_lr0.001_AdamW_constant_seed1_r0.1_8_hidden
=====> Loading config files: 
configs/mnist/method/uniform-0.1.yaml
configs/mnist/data/mnist.yaml
configs/mnist/model/deep_linear_saxe/deep_linear_8.yaml
configs/mnist/optim/adamw-320-0.001-0.01.yaml
configs/diagnostics/snapshots_log_interval.yaml
=====> Config files loaded.
========================= Start Main =========================
=====> Saving config file
=====> Config file saved
=====> Using fixed random seed: 1
=====> Wandb initialized
=====> Number of GPUs: 1
Creating Uniform...
Begin training for Uniform...
=====> Epoch: 0/300, Total_step: 0, lr: 0.001000, Total Time: 0.0000 s, Time this epoch: 0.0000 s
=====> Epoch: 0/300, Train Loss (train loader labels): 2.3023, Train acc (train loader labels): 0.1294, Best val acc: 0.1361, Current val acc: 0.1361, Val Loss: 2.3022
selecting samples for epoch 1
balance: False
ratio: 0.1
=====> Epoch: 1/300, Total_step: 1, lr: 0.001000, Total Time: 0.0000 s, Time this epoch: 0.0000 s
=====> Epoch: 1/300, Train Loss (train loader labels): 2.2755, Train acc (train loader labels): 0.1422, Best val acc: 0.1815, Current val acc: 0.1815, Val Loss: 2.2485
=====> Epoch: 1/300, Total_step: 48, lr: 0.001000, Total Time: 0.0000 s, Time this epoch: 0.0000 s
=====> Epoch: 1/300, Train Loss (train loader labels): 2.1242, Train acc (train loader labels): 0.2502, Best val acc: 0.2526, Current val acc: 0.2526, Val Loss: 2.0661
=====> Epoch: 1/300, Total_step: 95, lr: 0.001000, Total Time: 0.0000 s, Time this epoch: 0.0000 s
=====> Epoch: 1/300, Train Loss (train loader labels): 1.9092, Train acc (train loader labels): 0.3362, Best val acc: 0.3504, Current val acc: 0.3504, Val Loss: 1.8287
=====> Epoch: 1/300, Total_step: 142, lr: 0.001000, Total Time: 0.0000 s, Time this epoch: 0.0000 s
=====> Epoch: 1/300, Train Loss (train loader labels): 1.9465, Train acc (train loader labels): 0.3284, Best val acc: 0.4530, Current val acc: 0.4530, Val Loss: 1.5621
=====> Saving current model and best model
selecting samples for epoch 2
balance: False
ratio: 0.1
=====> Epoch: 2/300, Total_step: 189, lr: 0.001000, Total Time: 311.6603 s, Time this epoch: 258.8662 s
=====> Epoch: 2/300, Train Loss (train loader labels): 1.9836, Train acc (train loader labels): 0.3287, Best val acc: 0.4538, Current val acc: 0.4538, Val Loss: 1.5496
=====> Epoch: 2/300, Total_step: 236, lr: 0.001000, Total Time: 311.6603 s, Time this epoch: 258.8662 s
=====> Epoch: 2/300, Train Loss (train loader labels): 1.9182, Train acc (train loader labels): 0.3234, Best val acc: 0.4538, Current val acc: 0.3777, Val Loss: 1.8069
=====> Epoch: 2/300, Total_step: 283, lr: 0.001000, Total Time: 311.6603 s, Time this epoch: 258.8662 s
=====> Epoch: 2/300, Train Loss (train loader labels): 2.0609, Train acc (train loader labels): 0.2890, Best val acc: 0.4538, Current val acc: 0.3560, Val Loss: 1.6519
=====> Epoch: 2/300, Total_step: 330, lr: 0.001000, Total Time: 311.6603 s, Time this epoch: 258.8662 s
=====> Epoch: 2/300, Train Loss (train loader labels): 1.9208, Train acc (train loader labels): 0.3181, Best val acc: 0.4538, Current val acc: 0.4166, Val Loss: 1.6621
=====> Saving current model and best model
selecting samples for epoch 3
balance: False
ratio: 0.1
=====> Epoch: 3/300, Total_step: 377, lr: 0.001000, Total Time: 571.6528 s, Time this epoch: 259.4854 s
=====> Epoch: 3/300, Train Loss (train loader labels): 2.0543, Train acc (train loader labels): 0.2521, Best val acc: 0.4538, Current val acc: 0.3229, Val Loss: 1.8818
=====> Epoch: 3/300, Total_step: 424, lr: 0.001000, Total Time: 571.6528 s, Time this epoch: 259.4854 s
=====> Epoch: 3/300, Train Loss (train loader labels): 1.9762, Train acc (train loader labels): 0.2888, Best val acc: 0.4538, Current val acc: 0.3898, Val Loss: 1.6983
=====> Epoch: 3/300, Total_step: 471, lr: 0.001000, Total Time: 571.6528 s, Time this epoch: 259.4854 s
=====> Epoch: 3/300, Train Loss (train loader labels): 2.0073, Train acc (train loader labels): 0.3153, Best val acc: 0.4538, Current val acc: 0.3398, Val Loss: 1.8914
=====> Epoch: 3/300, Total_step: 518, lr: 0.001000, Total Time: 571.6528 s, Time this epoch: 259.4854 s
=====> Epoch: 3/300, Train Loss (train loader labels): 1.8918, Train acc (train loader labels): 0.3530, Best val acc: 0.5120, Current val acc: 0.5120, Val Loss: 1.5320
=====> Saving current model and best model
selecting samples for epoch 4
balance: False
ratio: 0.1
=====> Epoch: 4/300, Total_step: 565, lr: 0.001000, Total Time: 830.5172 s, Time this epoch: 258.5138 s
=====> Epoch: 4/300, Train Loss (train loader labels): 2.0610, Train acc (train loader labels): 0.2749, Best val acc: 0.5120, Current val acc: 0.3173, Val Loss: 1.8924
=====> Epoch: 4/300, Total_step: 612, lr: 0.001000, Total Time: 830.5172 s, Time this epoch: 258.5138 s
=====> Epoch: 4/300, Train Loss (train loader labels): 1.9448, Train acc (train loader labels): 0.3236, Best val acc: 0.5120, Current val acc: 0.3649, Val Loss: 1.7732
=====> Epoch: 4/300, Total_step: 659, lr: 0.001000, Total Time: 830.5172 s, Time this epoch: 258.5138 s
=====> Epoch: 4/300, Train Loss (train loader labels): 1.9599, Train acc (train loader labels): 0.2927, Best val acc: 0.5120, Current val acc: 0.3351, Val Loss: 1.7573
=====> Epoch: 4/300, Total_step: 706, lr: 0.001000, Total Time: 830.5172 s, Time this epoch: 258.5138 s
=====> Epoch: 4/300, Train Loss (train loader labels): 1.9527, Train acc (train loader labels): 0.3119, Best val acc: 0.5120, Current val acc: 0.3954, Val Loss: 1.8375
=====> Saving current model and best model
selecting samples for epoch 5
balance: False
ratio: 0.1
=====> Epoch: 5/300, Total_step: 753, lr: 0.001000, Total Time: 1089.9689 s, Time this epoch: 259.1119 s
=====> Epoch: 5/300, Train Loss (train loader labels): 2.2227, Train acc (train loader labels): 0.2645, Best val acc: 0.5120, Current val acc: 0.3443, Val Loss: 1.9331
=====> Epoch: 5/300, Total_step: 800, lr: 0.001000, Total Time: 1089.9689 s, Time this epoch: 259.1119 s
=====> Epoch: 5/300, Train Loss (train loader labels): 1.9218, Train acc (train loader labels): 0.2931, Best val acc: 0.5120, Current val acc: 0.3701, Val Loss: 1.6612
=====> Epoch: 5/300, Total_step: 847, lr: 0.001000, Total Time: 1089.9689 s, Time this epoch: 259.1119 s
=====> Epoch: 5/300, Train Loss (train loader labels): 1.8844, Train acc (train loader labels): 0.3584, Best val acc: 0.5120, Current val acc: 0.4172, Val Loss: 1.6810
=====> Epoch: 5/300, Total_step: 894, lr: 0.001000, Total Time: 1089.9689 s, Time this epoch: 259.1119 s
=====> Epoch: 5/300, Train Loss (train loader labels): 1.9331, Train acc (train loader labels): 0.3175, Best val acc: 0.5120, Current val acc: 0.4013, Val Loss: 1.6124
=====> Saving current model and best model
selecting samples for epoch 6
balance: False
ratio: 0.1
=====> Epoch: 6/300, Total_step: 1128, lr: 0.001000, Total Time: 1349.0346 s, Time this epoch: 258.7223 s
=====> Epoch: 6/300, Train Loss (train loader labels): 1.8140, Train acc (train loader labels): 0.3923, Best val acc: 0.5121, Current val acc: 0.5121, Val Loss: 1.5899
=====> Saving current model and best model
selecting samples for epoch 7
balance: False
ratio: 0.1
=====> Epoch: 7/300, Total_step: 1316, lr: 0.001000, Total Time: 1450.5513 s, Time this epoch: 101.1559 s
=====> Epoch: 7/300, Train Loss (train loader labels): 1.6723, Train acc (train loader labels): 0.4420, Best val acc: 0.5494, Current val acc: 0.5494, Val Loss: 1.3642
=====> Saving current model and best model
selecting samples for epoch 8
balance: False
ratio: 0.1
=====> Epoch: 8/300, Total_step: 1504, lr: 0.001000, Total Time: 1552.9679 s, Time this epoch: 101.3793 s
=====> Epoch: 8/300, Train Loss (train loader labels): 6754.3584, Train acc (train loader labels): 0.1396, Best val acc: 0.5494, Current val acc: 0.1379, Val Loss: 5017.5288
=====> Saving current model and best model
selecting samples for epoch 9
balance: False
ratio: 0.1
=====> Epoch: 9/300, Total_step: 1692, lr: 0.001000, Total Time: 1655.5985 s, Time this epoch: 101.6444 s
=====> Epoch: 9/300, Train Loss (train loader labels): 55.3327, Train acc (train loader labels): 0.2566, Best val acc: 0.5494, Current val acc: 0.3399, Val Loss: 32.0909
=====> Saving current model and best model
selecting samples for epoch 10
balance: False
ratio: 0.1
=====> Epoch: 10/300, Total_step: 1880, lr: 0.001000, Total Time: 1757.6619 s, Time this epoch: 101.7025 s
=====> Epoch: 10/300, Train Loss (train loader labels): 28.1515, Train acc (train loader labels): 0.2762, Best val acc: 0.5494, Current val acc: 0.3492, Val Loss: 14.6156
=====> Saving current model and best model
selecting samples for epoch 11
balance: False
ratio: 0.1
=====> Epoch: 11/300, Total_step: 2068, lr: 0.001000, Total Time: 1859.2025 s, Time this epoch: 101.2027 s
=====> Epoch: 11/300, Train Loss (train loader labels): 19.8067, Train acc (train loader labels): 0.3237, Best val acc: 0.5494, Current val acc: 0.4702, Val Loss: 9.4885
=====> Saving current model and best model
selecting samples for epoch 12
balance: False
ratio: 0.1
=====> Epoch: 12/300, Total_step: 2256, lr: 0.001000, Total Time: 1960.6731 s, Time this epoch: 101.1720 s
=====> Epoch: 12/300, Train Loss (train loader labels): 14.4756, Train acc (train loader labels): 0.2719, Best val acc: 0.5494, Current val acc: 0.3785, Val Loss: 7.6012
=====> Saving current model and best model
selecting samples for epoch 13
balance: False
ratio: 0.1
=====> Epoch: 13/300, Total_step: 2444, lr: 0.001000, Total Time: 2062.1807 s, Time this epoch: 101.1989 s
=====> Epoch: 13/300, Train Loss (train loader labels): 15.1900, Train acc (train loader labels): 0.2953, Best val acc: 0.5494, Current val acc: 0.3249, Val Loss: 11.5324
=====> Saving current model and best model
selecting samples for epoch 14
balance: False
ratio: 0.1
=====> Epoch: 14/300, Total_step: 2632, lr: 0.001000, Total Time: 2163.6362 s, Time this epoch: 101.0821 s
=====> Epoch: 14/300, Train Loss (train loader labels): 13.3907, Train acc (train loader labels): 0.3186, Best val acc: 0.5494, Current val acc: 0.3796, Val Loss: 9.2124
=====> Saving current model and best model
selecting samples for epoch 15
balance: False
ratio: 0.1
=====> Epoch: 15/300, Total_step: 2820, lr: 0.001000, Total Time: 2265.3604 s, Time this epoch: 101.3611 s
=====> Epoch: 15/300, Train Loss (train loader labels): 12.2749, Train acc (train loader labels): 0.2952, Best val acc: 0.5494, Current val acc: 0.4027, Val Loss: 7.7924
=====> Saving current model and best model
selecting samples for epoch 16
balance: False
ratio: 0.1
=====> Epoch: 16/300, Total_step: 3008, lr: 0.001000, Total Time: 2366.9725 s, Time this epoch: 101.3245 s
=====> Epoch: 16/300, Train Loss (train loader labels): 7.9667, Train acc (train loader labels): 0.3084, Best val acc: 0.5494, Current val acc: 0.4175, Val Loss: 3.8921
=====> Saving current model and best model
selecting samples for epoch 17
balance: False
ratio: 0.1
=====> Epoch: 17/300, Total_step: 3196, lr: 0.001000, Total Time: 2468.9092 s, Time this epoch: 101.6057 s
=====> Epoch: 17/300, Train Loss (train loader labels): 10.2682, Train acc (train loader labels): 0.2438, Best val acc: 0.5494, Current val acc: 0.2854, Val Loss: 6.7854
=====> Saving current model and best model
selecting samples for epoch 18
balance: False
ratio: 0.1
=====> Epoch: 18/300, Total_step: 3384, lr: 0.001000, Total Time: 2570.7603 s, Time this epoch: 101.5666 s
=====> Epoch: 18/300, Train Loss (train loader labels): 5.5888, Train acc (train loader labels): 0.3538, Best val acc: 0.5494, Current val acc: 0.4809, Val Loss: 2.8853
=====> Saving current model and best model
selecting samples for epoch 19
balance: False
ratio: 0.1
=====> Epoch: 19/300, Total_step: 3572, lr: 0.001000, Total Time: 2672.3955 s, Time this epoch: 101.3515 s
=====> Epoch: 19/300, Train Loss (train loader labels): 6.9135, Train acc (train loader labels): 0.2746, Best val acc: 0.5494, Current val acc: 0.3948, Val Loss: 4.1700
=====> Saving current model and best model
selecting samples for epoch 20
balance: False
ratio: 0.1
=====> Epoch: 20/300, Total_step: 3760, lr: 0.001000, Total Time: 2773.7701 s, Time this epoch: 101.0931 s
=====> Epoch: 20/300, Train Loss (train loader labels): 5.2476, Train acc (train loader labels): 0.2787, Best val acc: 0.5494, Current val acc: 0.3932, Val Loss: 3.2148
=====> Saving current model and best model
selecting samples for epoch 21
balance: False
ratio: 0.1
=====> Epoch: 21/300, Total_step: 3948, lr: 0.001000, Total Time: 2875.2739 s, Time this epoch: 101.2125 s
=====> Epoch: 21/300, Train Loss (train loader labels): 5.5459, Train acc (train loader labels): 0.3411, Best val acc: 0.5494, Current val acc: 0.3913, Val Loss: 4.0433
=====> Saving current model and best model
selecting samples for epoch 22
balance: False
ratio: 0.1
=====> Epoch: 22/300, Total_step: 4136, lr: 0.001000, Total Time: 2976.7044 s, Time this epoch: 101.1297 s
=====> Epoch: 22/300, Train Loss (train loader labels): 4.4982, Train acc (train loader labels): 0.3189, Best val acc: 0.5494, Current val acc: 0.3821, Val Loss: 3.0068
=====> Saving current model and best model
selecting samples for epoch 23
balance: False
ratio: 0.1
=====> Epoch: 23/300, Total_step: 4324, lr: 0.001000, Total Time: 3078.3856 s, Time this epoch: 101.4048 s
=====> Epoch: 23/300, Train Loss (train loader labels): 4.6257, Train acc (train loader labels): 0.3422, Best val acc: 0.5494, Current val acc: 0.4734, Val Loss: 2.6656
=====> Saving current model and best model
selecting samples for epoch 24
balance: False
ratio: 0.1
=====> Epoch: 24/300, Total_step: 4512, lr: 0.001000, Total Time: 3179.9921 s, Time this epoch: 101.3130 s
=====> Epoch: 24/300, Train Loss (train loader labels): 3.2223, Train acc (train loader labels): 0.3650, Best val acc: 0.5494, Current val acc: 0.5074, Val Loss: 1.7721
=====> Saving current model and best model
selecting samples for epoch 25
balance: False
ratio: 0.1
=====> Epoch: 25/300, Total_step: 4700, lr: 0.001000, Total Time: 3281.6265 s, Time this epoch: 101.3929 s
=====> Epoch: 25/300, Train Loss (train loader labels): 3.4287, Train acc (train loader labels): 0.3453, Best val acc: 0.5494, Current val acc: 0.4154, Val Loss: 2.3996
=====> Saving current model and best model
selecting samples for epoch 26
balance: False
ratio: 0.1
=====> Epoch: 26/300, Total_step: 4888, lr: 0.001000, Total Time: 3383.1747 s, Time this epoch: 101.2543 s
=====> Epoch: 26/300, Train Loss (train loader labels): 2.6132, Train acc (train loader labels): 0.3676, Best val acc: 0.5494, Current val acc: 0.4135, Val Loss: 1.9546
=====> Saving current model and best model
selecting samples for epoch 27
balance: False
ratio: 0.1
=====> Saving current model and best model
selecting samples for epoch 28
balance: False
ratio: 0.1
=====> Saving current model and best model
selecting samples for epoch 29
balance: False
ratio: 0.1
=====> Epoch: 29/300, Total_step: 5452, lr: 0.001000, Total Time: 3581.5207 s, Time this epoch: 48.1189 s
=====> Epoch: 29/300, Train Loss (train loader labels): 2.7910, Train acc (train loader labels): 0.3437, Best val acc: 0.5494, Current val acc: 0.4753, Val Loss: 1.9213
=====> Saving current model and best model
selecting samples for epoch 30
balance: False
ratio: 0.1
=====> Saving current model and best model
selecting samples for epoch 31
balance: False
ratio: 0.1
=====> Saving current model and best model
selecting samples for epoch 32
balance: False
ratio: 0.1
=====> Saving current model and best model
selecting samples for epoch 33
balance: False
ratio: 0.1
=====> Epoch: 33/300, Total_step: 6204, lr: 0.001000, Total Time: 3829.2461 s, Time this epoch: 48.1695 s
=====> Epoch: 33/300, Train Loss (train loader labels): 2.5546, Train acc (train loader labels): 0.3631, Best val acc: 0.5494, Current val acc: 0.4188, Val Loss: 2.0927
=====> Saving current model and best model
selecting samples for epoch 34
balance: False
ratio: 0.1
=====> Saving current model and best model
selecting samples for epoch 35
balance: False
ratio: 0.1
=====> Saving current model and best model
selecting samples for epoch 36
balance: False
ratio: 0.1
=====> Saving current model and best model
selecting samples for epoch 37
balance: False
ratio: 0.1
=====> Epoch: 37/300, Total_step: 6956, lr: 0.001000, Total Time: 4076.5818 s, Time this epoch: 48.2012 s
=====> Epoch: 37/300, Train Loss (train loader labels): 2.0187, Train acc (train loader labels): 0.4119, Best val acc: 0.5550, Current val acc: 0.5550, Val Loss: 1.3339
=====> Saving current model and best model
selecting samples for epoch 38
balance: False
ratio: 0.1
=====> Saving current model and best model
selecting samples for epoch 39
balance: False
ratio: 0.1
=====> Saving current model and best model
selecting samples for epoch 40
balance: False
ratio: 0.1
=====> Saving current model and best model
selecting samples for epoch 41
balance: False
ratio: 0.1
=====> Epoch: 41/300, Total_step: 7708, lr: 0.001000, Total Time: 4325.3079 s, Time this epoch: 48.4990 s
=====> Epoch: 41/300, Train Loss (train loader labels): 1.8424, Train acc (train loader labels): 0.4365, Best val acc: 0.5550, Current val acc: 0.5273, Val Loss: 1.3331
=====> Saving current model and best model
selecting samples for epoch 42
balance: False
ratio: 0.1
=====> Saving current model and best model
selecting samples for epoch 43
balance: False
ratio: 0.1
=====> Saving current model and best model
selecting samples for epoch 44
balance: False
ratio: 0.1
=====> Saving current model and best model
selecting samples for epoch 45
balance: False
ratio: 0.1
=====> Epoch: 45/300, Total_step: 8460, lr: 0.001000, Total Time: 4573.2779 s, Time this epoch: 48.2502 s
=====> Epoch: 45/300, Train Loss (train loader labels): 1.8093, Train acc (train loader labels): 0.4335, Best val acc: 0.5773, Current val acc: 0.5773, Val Loss: 1.3023
=====> Saving current model and best model
selecting samples for epoch 46
balance: False
ratio: 0.1
=====> Saving current model and best model
selecting samples for epoch 47
balance: False
ratio: 0.1
=====> Saving current model and best model
selecting samples for epoch 48
balance: False
ratio: 0.1
=====> Saving current model and best model
selecting samples for epoch 49
balance: False
ratio: 0.1
=====> Epoch: 49/300, Total_step: 9212, lr: 0.001000, Total Time: 4821.8211 s, Time this epoch: 48.3109 s
=====> Epoch: 49/300, Train Loss (train loader labels): 2.2019, Train acc (train loader labels): 0.3852, Best val acc: 0.5773, Current val acc: 0.5357, Val Loss: 1.4176
=====> Saving current model and best model
selecting samples for epoch 50
balance: False
ratio: 0.1
=====> Saving current model and best model
selecting samples for epoch 51
balance: False
ratio: 0.1
=====> Saving current model and best model
selecting samples for epoch 52
balance: False
ratio: 0.1
=====> Saving current model and best model
selecting samples for epoch 53
balance: False
ratio: 0.1
=====> Epoch: 53/300, Total_step: 9964, lr: 0.001000, Total Time: 5069.5649 s, Time this epoch: 48.1400 s
=====> Epoch: 53/300, Train Loss (train loader labels): 1.7507, Train acc (train loader labels): 0.4406, Best val acc: 0.5773, Current val acc: 0.5692, Val Loss: 1.2197
=====> Saving current model and best model
selecting samples for epoch 54
balance: False
ratio: 0.1
=====> Saving current model and best model
selecting samples for epoch 55
balance: False
ratio: 0.1
=====> Saving current model and best model
selecting samples for epoch 56
balance: False
ratio: 0.1
=====> Saving current model and best model
selecting samples for epoch 57
balance: False
ratio: 0.1
=====> Epoch: 57/300, Total_step: 10716, lr: 0.001000, Total Time: 5318.0045 s, Time this epoch: 48.4516 s
=====> Epoch: 57/300, Train Loss (train loader labels): 1.7450, Train acc (train loader labels): 0.4491, Best val acc: 0.5773, Current val acc: 0.5526, Val Loss: 1.3747
=====> Saving current model and best model
selecting samples for epoch 58
balance: False
ratio: 0.1
=====> Saving current model and best model
selecting samples for epoch 59
balance: False
ratio: 0.1
=====> Saving current model and best model
selecting samples for epoch 60
balance: False
ratio: 0.1
=====> Saving current model and best model
selecting samples for epoch 61
balance: False
ratio: 0.1
=====> Epoch: 61/300, Total_step: 11468, lr: 0.001000, Total Time: 5565.5033 s, Time this epoch: 48.3402 s
=====> Epoch: 61/300, Train Loss (train loader labels): 1.6951, Train acc (train loader labels): 0.4600, Best val acc: 0.6121, Current val acc: 0.6121, Val Loss: 1.2550
=====> Saving current model and best model
selecting samples for epoch 62
balance: False
ratio: 0.1
=====> Saving current model and best model
selecting samples for epoch 63
balance: False
ratio: 0.1
=====> Saving current model and best model
selecting samples for epoch 64
balance: False
ratio: 0.1
=====> Saving current model and best model
selecting samples for epoch 65
balance: False
ratio: 0.1
=====> Epoch: 65/300, Total_step: 12220, lr: 0.001000, Total Time: 5813.6510 s, Time this epoch: 48.1846 s
=====> Epoch: 65/300, Train Loss (train loader labels): 1.6338, Train acc (train loader labels): 0.4725, Best val acc: 0.6121, Current val acc: 0.6088, Val Loss: 1.1962
=====> Saving current model and best model
selecting samples for epoch 66
balance: False
ratio: 0.1
=====> Saving current model and best model
selecting samples for epoch 67
balance: False
ratio: 0.1
=====> Saving current model and best model
selecting samples for epoch 68
balance: False
ratio: 0.1
=====> Saving current model and best model
selecting samples for epoch 69
balance: False
ratio: 0.1
=====> Saving current model and best model
selecting samples for epoch 70
balance: False
ratio: 0.1
=====> Saving current model and best model
selecting samples for epoch 71
balance: False
ratio: 0.1
=====> Saving current model and best model
selecting samples for epoch 72
balance: False
ratio: 0.1
=====> Saving current model and best model
selecting samples for epoch 73
balance: False
ratio: 0.1
=====> Saving current model and best model
selecting samples for epoch 74
balance: False
ratio: 0.1
=====> Saving current model and best model
selecting samples for epoch 75
balance: False
ratio: 0.1
=====> Saving current model and best model
selecting samples for epoch 76
balance: False
ratio: 0.1
=====> Epoch: 76/300, Total_step: 14288, lr: 0.001000, Total Time: 6402.6940 s, Time this epoch: 48.1617 s
=====> Epoch: 76/300, Train Loss (train loader labels): 1.6815, Train acc (train loader labels): 0.4599, Best val acc: 0.6121, Current val acc: 0.5825, Val Loss: 1.2045
=====> Saving current model and best model
selecting samples for epoch 77
balance: False
ratio: 0.1
=====> Saving current model and best model
selecting samples for epoch 78
balance: False
ratio: 0.1
=====> Saving current model and best model
selecting samples for epoch 79
balance: False
ratio: 0.1
=====> Saving current model and best model
selecting samples for epoch 80
balance: False
ratio: 0.1
=====> Saving current model and best model
selecting samples for epoch 81
balance: False
ratio: 0.1
=====> Saving current model and best model
selecting samples for epoch 82
balance: False
ratio: 0.1
=====> Saving current model and best model
selecting samples for epoch 83
balance: False
ratio: 0.1
=====> Saving current model and best model
selecting samples for epoch 84
balance: False
ratio: 0.1
=====> Saving current model and best model
selecting samples for epoch 85
balance: False
ratio: 0.1
=====> Saving current model and best model
selecting samples for epoch 86
balance: False
ratio: 0.1
=====> Saving current model and best model
selecting samples for epoch 87
balance: False
ratio: 0.1
=====> Saving current model and best model
selecting samples for epoch 88
balance: False
ratio: 0.1
=====> Saving current model and best model
selecting samples for epoch 89
balance: False
ratio: 0.1
=====> Saving current model and best model
selecting samples for epoch 90
balance: False
ratio: 0.1
=====> Saving current model and best model
selecting samples for epoch 91
balance: False
ratio: 0.1
=====> Epoch: 91/300, Total_step: 17108, lr: 0.001000, Total Time: 7184.8872 s, Time this epoch: 48.3456 s
=====> Epoch: 91/300, Train Loss (train loader labels): 1.6121, Train acc (train loader labels): 0.4672, Best val acc: 0.6121, Current val acc: 0.5825, Val Loss: 1.2406
=====> Saving current model and best model
selecting samples for epoch 92
balance: False
ratio: 0.1
=====> Saving current model and best model
selecting samples for epoch 93
balance: False
ratio: 0.1
=====> Saving current model and best model
selecting samples for epoch 94
balance: False
ratio: 0.1
=====> Saving current model and best model
selecting samples for epoch 95
balance: False
ratio: 0.1
=====> Saving current model and best model
selecting samples for epoch 96
balance: False
ratio: 0.1
=====> Saving current model and best model
selecting samples for epoch 97
balance: False
ratio: 0.1
=====> Saving current model and best model
selecting samples for epoch 98
balance: False
ratio: 0.1
=====> Saving current model and best model
selecting samples for epoch 99
balance: False
ratio: 0.1
=====> Saving current model and best model
selecting samples for epoch 100
balance: False
ratio: 0.1
=====> Saving current model and best model
selecting samples for epoch 101
balance: False
ratio: 0.1
=====> Saving current model and best model
selecting samples for epoch 102
balance: False
ratio: 0.1
=====> Saving current model and best model
selecting samples for epoch 103
balance: False
ratio: 0.1
=====> Saving current model and best model
selecting samples for epoch 104
balance: False
ratio: 0.1
=====> Saving current model and best model
selecting samples for epoch 105
balance: False
ratio: 0.1
=====> Saving current model and best model
selecting samples for epoch 106
balance: False
ratio: 0.1
=====> Epoch: 106/300, Total_step: 19928, lr: 0.001000, Total Time: 7967.7964 s, Time this epoch: 48.3622 s
=====> Epoch: 106/300, Train Loss (train loader labels): 28.0052, Train acc (train loader labels): 0.3277, Best val acc: 0.6121, Current val acc: 0.4065, Val Loss: 15.6677
=====> Saving current model and best model
selecting samples for epoch 107
balance: False
ratio: 0.1
=====> Saving current model and best model
selecting samples for epoch 108
balance: False
ratio: 0.1
=====> Saving current model and best model
selecting samples for epoch 109
balance: False
ratio: 0.1
=====> Saving current model and best model
selecting samples for epoch 110
balance: False
ratio: 0.1
=====> Saving current model and best model
selecting samples for epoch 111
balance: False
ratio: 0.1
=====> Saving current model and best model
selecting samples for epoch 112
balance: False
ratio: 0.1
=====> Saving current model and best model
selecting samples for epoch 113
balance: False
ratio: 0.1
=====> Saving current model and best model
selecting samples for epoch 114
balance: False
ratio: 0.1
=====> Saving current model and best model
selecting samples for epoch 115
balance: False
ratio: 0.1
=====> Saving current model and best model
selecting samples for epoch 116
balance: False
ratio: 0.1
=====> Saving current model and best model
selecting samples for epoch 117
balance: False
ratio: 0.1
=====> Saving current model and best model
selecting samples for epoch 118
balance: False
ratio: 0.1
=====> Saving current model and best model
selecting samples for epoch 119
balance: False
ratio: 0.1
=====> Saving current model and best model
selecting samples for epoch 120
balance: False
ratio: 0.1
=====> Saving current model and best model
selecting samples for epoch 121
balance: False
ratio: 0.1
=====> Epoch: 121/300, Total_step: 22748, lr: 0.001000, Total Time: 8749.1482 s, Time this epoch: 48.1937 s
=====> Epoch: 121/300, Train Loss (train loader labels): 3.6178, Train acc (train loader labels): 0.3546, Best val acc: 0.6121, Current val acc: 0.4531, Val Loss: 2.2851
=====> Saving current model and best model
selecting samples for epoch 122
balance: False
ratio: 0.1
=====> Saving current model and best model
selecting samples for epoch 123
balance: False
ratio: 0.1
=====> Saving current model and best model
selecting samples for epoch 124
balance: False
ratio: 0.1
=====> Saving current model and best model
selecting samples for epoch 125
balance: False
ratio: 0.1
=====> Saving current model and best model
selecting samples for epoch 126
balance: False
ratio: 0.1
=====> Saving current model and best model
selecting samples for epoch 127
balance: False
ratio: 0.1
=====> Saving current model and best model
selecting samples for epoch 128
balance: False
ratio: 0.1
=====> Saving current model and best model
selecting samples for epoch 129
balance: False
ratio: 0.1
=====> Saving current model and best model
selecting samples for epoch 130
balance: False
ratio: 0.1
=====> Saving current model and best model
selecting samples for epoch 131
balance: False
ratio: 0.1
=====> Saving current model and best model
selecting samples for epoch 132
balance: False
ratio: 0.1
=====> Saving current model and best model
selecting samples for epoch 133
balance: False
ratio: 0.1
=====> Saving current model and best model
selecting samples for epoch 134
balance: False
ratio: 0.1
=====> Saving current model and best model
selecting samples for epoch 135
balance: False
ratio: 0.1
=====> Saving current model and best model
selecting samples for epoch 136
balance: False
ratio: 0.1
=====> Epoch: 136/300, Total_step: 25568, lr: 0.001000, Total Time: 9530.2337 s, Time this epoch: 48.1859 s
=====> Epoch: 136/300, Train Loss (train loader labels): 2.1056, Train acc (train loader labels): 0.3805, Best val acc: 0.6121, Current val acc: 0.4903, Val Loss: 1.4883
=====> Saving current model and best model
selecting samples for epoch 137
balance: False
ratio: 0.1
=====> Saving current model and best model
selecting samples for epoch 138
balance: False
ratio: 0.1
=====> Saving current model and best model
selecting samples for epoch 139
balance: False
ratio: 0.1
=====> Saving current model and best model
selecting samples for epoch 140
balance: False
ratio: 0.1
=====> Saving current model and best model
selecting samples for epoch 141
balance: False
ratio: 0.1
=====> Saving current model and best model
selecting samples for epoch 142
balance: False
ratio: 0.1
=====> Saving current model and best model
selecting samples for epoch 143
balance: False
ratio: 0.1
=====> Saving current model and best model
selecting samples for epoch 144
balance: False
ratio: 0.1
=====> Saving current model and best model
selecting samples for epoch 145
balance: False
ratio: 0.1
=====> Saving current model and best model
selecting samples for epoch 146
balance: False
ratio: 0.1
=====> Saving current model and best model
selecting samples for epoch 147
balance: False
ratio: 0.1
=====> Saving current model and best model
selecting samples for epoch 148
balance: False
ratio: 0.1
=====> Saving current model and best model
selecting samples for epoch 149
balance: False
ratio: 0.1
=====> Saving current model and best model
selecting samples for epoch 150
balance: False
ratio: 0.1
=====> Saving current model and best model
selecting samples for epoch 151
balance: False
ratio: 0.1
=====> Epoch: 151/300, Total_step: 28388, lr: 0.001000, Total Time: 10311.6253 s, Time this epoch: 48.6185 s
=====> Epoch: 151/300, Train Loss (train loader labels): 1.6947, Train acc (train loader labels): 0.4570, Best val acc: 0.6198, Current val acc: 0.6198, Val Loss: 1.1470
=====> Saving current model and best model
selecting samples for epoch 152
balance: False
ratio: 0.1
=====> Saving current model and best model
selecting samples for epoch 153
balance: False
ratio: 0.1
=====> Saving current model and best model
selecting samples for epoch 154
balance: False
ratio: 0.1
=====> Saving current model and best model
selecting samples for epoch 155
balance: False
ratio: 0.1
=====> Saving current model and best model
selecting samples for epoch 156
balance: False
ratio: 0.1
=====> Saving current model and best model
selecting samples for epoch 157
balance: False
ratio: 0.1
=====> Saving current model and best model
selecting samples for epoch 158
balance: False
ratio: 0.1
=====> Saving current model and best model
selecting samples for epoch 159
balance: False
ratio: 0.1
=====> Saving current model and best model
selecting samples for epoch 160
balance: False
ratio: 0.1
=====> Saving current model and best model
selecting samples for epoch 161
balance: False
ratio: 0.1
=====> Saving current model and best model
selecting samples for epoch 162
balance: False
ratio: 0.1
=====> Saving current model and best model
selecting samples for epoch 163
balance: False
ratio: 0.1
=====> Saving current model and best model
selecting samples for epoch 164
balance: False
ratio: 0.1
=====> Saving current model and best model
selecting samples for epoch 165
balance: False
ratio: 0.1
=====> Saving current model and best model
selecting samples for epoch 166
balance: False
ratio: 0.1
=====> Epoch: 166/300, Total_step: 31208, lr: 0.001000, Total Time: 11094.6049 s, Time this epoch: 48.2637 s
=====> Epoch: 166/300, Train Loss (train loader labels): 1.6284, Train acc (train loader labels): 0.4801, Best val acc: 0.6334, Current val acc: 0.6334, Val Loss: 1.1550
=====> Saving current model and best model
selecting samples for epoch 167
balance: False
ratio: 0.1
=====> Saving current model and best model
selecting samples for epoch 168
balance: False
ratio: 0.1
=====> Saving current model and best model
selecting samples for epoch 169
balance: False
ratio: 0.1
=====> Saving current model and best model
selecting samples for epoch 170
balance: False
ratio: 0.1
=====> Saving current model and best model
selecting samples for epoch 171
balance: False
ratio: 0.1
=====> Saving current model and best model
selecting samples for epoch 172
balance: False
ratio: 0.1
=====> Saving current model and best model
selecting samples for epoch 173
balance: False
ratio: 0.1
=====> Saving current model and best model
selecting samples for epoch 174
balance: False
ratio: 0.1
=====> Saving current model and best model
selecting samples for epoch 175
balance: False
ratio: 0.1
=====> Saving current model and best model
selecting samples for epoch 176
balance: False
ratio: 0.1
=====> Saving current model and best model
selecting samples for epoch 177
balance: False
ratio: 0.1
=====> Saving current model and best model
selecting samples for epoch 178
balance: False
ratio: 0.1
=====> Saving current model and best model
selecting samples for epoch 179
balance: False
ratio: 0.1
=====> Saving current model and best model
selecting samples for epoch 180
balance: False
ratio: 0.1
=====> Saving current model and best model
selecting samples for epoch 181
balance: False
ratio: 0.1
=====> Epoch: 181/300, Total_step: 34028, lr: 0.001000, Total Time: 11877.4885 s, Time this epoch: 48.2007 s
=====> Epoch: 181/300, Train Loss (train loader labels): 1.5865, Train acc (train loader labels): 0.4847, Best val acc: 0.6440, Current val acc: 0.6440, Val Loss: 1.1444
=====> Saving current model and best model
selecting samples for epoch 182
balance: False
ratio: 0.1
=====> Saving current model and best model
selecting samples for epoch 183
balance: False
ratio: 0.1
=====> Saving current model and best model
selecting samples for epoch 184
balance: False
ratio: 0.1
=====> Saving current model and best model
selecting samples for epoch 185
balance: False
ratio: 0.1
=====> Saving current model and best model
selecting samples for epoch 186
balance: False
ratio: 0.1
=====> Saving current model and best model
selecting samples for epoch 187
balance: False
ratio: 0.1
=====> Saving current model and best model
selecting samples for epoch 188
balance: False
ratio: 0.1
=====> Saving current model and best model
selecting samples for epoch 189
balance: False
ratio: 0.1
=====> Saving current model and best model
selecting samples for epoch 190
balance: False
ratio: 0.1
=====> Saving current model and best model
selecting samples for epoch 191
balance: False
ratio: 0.1
=====> Saving current model and best model
selecting samples for epoch 192
balance: False
ratio: 0.1
=====> Saving current model and best model
selecting samples for epoch 193
balance: False
ratio: 0.1
=====> Saving current model and best model
selecting samples for epoch 194
balance: False
ratio: 0.1
=====> Saving current model and best model
selecting samples for epoch 195
balance: False
ratio: 0.1
=====> Saving current model and best model
selecting samples for epoch 196
balance: False
ratio: 0.1
=====> Epoch: 196/300, Total_step: 36848, lr: 0.001000, Total Time: 12659.5997 s, Time this epoch: 48.2643 s
=====> Epoch: 196/300, Train Loss (train loader labels): 1.6730, Train acc (train loader labels): 0.4535, Best val acc: 0.6440, Current val acc: 0.5687, Val Loss: 1.2888
=====> Saving current model and best model
selecting samples for epoch 197
balance: False
ratio: 0.1
=====> Saving current model and best model
selecting samples for epoch 198
balance: False
ratio: 0.1
=====> Saving current model and best model
selecting samples for epoch 199
balance: False
ratio: 0.1
=====> Saving current model and best model
selecting samples for epoch 200
balance: False
ratio: 0.1
=====> Saving current model and best model
selecting samples for epoch 201
balance: False
ratio: 0.1
=====> Saving current model and best model
selecting samples for epoch 202
balance: False
ratio: 0.1
=====> Saving current model and best model
selecting samples for epoch 203
balance: False
ratio: 0.1
=====> Saving current model and best model
selecting samples for epoch 204
balance: False
ratio: 0.1
=====> Saving current model and best model
selecting samples for epoch 205
balance: False
ratio: 0.1
=====> Saving current model and best model
selecting samples for epoch 206
balance: False
ratio: 0.1
=====> Saving current model and best model
selecting samples for epoch 207
balance: False
ratio: 0.1
=====> Saving current model and best model
selecting samples for epoch 208
balance: False
ratio: 0.1
=====> Saving current model and best model
selecting samples for epoch 209
balance: False
ratio: 0.1
=====> Saving current model and best model
selecting samples for epoch 210
balance: False
ratio: 0.1
=====> Saving current model and best model
selecting samples for epoch 211
balance: False
ratio: 0.1
=====> Epoch: 211/300, Total_step: 39668, lr: 0.001000, Total Time: 13441.8206 s, Time this epoch: 48.3127 s
=====> Epoch: 211/300, Train Loss (train loader labels): 1.6963, Train acc (train loader labels): 0.4505, Best val acc: 0.6440, Current val acc: 0.5840, Val Loss: 1.2689
=====> Saving current model and best model
selecting samples for epoch 212
balance: False
ratio: 0.1
=====> Saving current model and best model
selecting samples for epoch 213
balance: False
ratio: 0.1
=====> Saving current model and best model
selecting samples for epoch 214
balance: False
ratio: 0.1
=====> Saving current model and best model
selecting samples for epoch 215
balance: False
ratio: 0.1
=====> Saving current model and best model
selecting samples for epoch 216
balance: False
ratio: 0.1
=====> Saving current model and best model
selecting samples for epoch 217
balance: False
ratio: 0.1
=====> Saving current model and best model
selecting samples for epoch 218
balance: False
ratio: 0.1
=====> Saving current model and best model
selecting samples for epoch 219
balance: False
ratio: 0.1
=====> Saving current model and best model
selecting samples for epoch 220
balance: False
ratio: 0.1
=====> Saving current model and best model
selecting samples for epoch 221
balance: False
ratio: 0.1
=====> Saving current model and best model
selecting samples for epoch 222
balance: False
ratio: 0.1
=====> Saving current model and best model
selecting samples for epoch 223
balance: False
ratio: 0.1
=====> Saving current model and best model
selecting samples for epoch 224
balance: False
ratio: 0.1
=====> Saving current model and best model
selecting samples for epoch 225
balance: False
ratio: 0.1
=====> Saving current model and best model
selecting samples for epoch 226
balance: False
ratio: 0.1
=====> Epoch: 226/300, Total_step: 42488, lr: 0.001000, Total Time: 14224.9100 s, Time this epoch: 48.1177 s
=====> Epoch: 226/300, Train Loss (train loader labels): 24.4990, Train acc (train loader labels): 0.3205, Best val acc: 0.6440, Current val acc: 0.4059, Val Loss: 12.7712
=====> Saving current model and best model
selecting samples for epoch 227
balance: False
ratio: 0.1
=====> Saving current model and best model
selecting samples for epoch 228
balance: False
ratio: 0.1
=====> Saving current model and best model
selecting samples for epoch 229
balance: False
ratio: 0.1
=====> Saving current model and best model
selecting samples for epoch 230
balance: False
ratio: 0.1
=====> Saving current model and best model
selecting samples for epoch 231
balance: False
ratio: 0.1
=====> Saving current model and best model
selecting samples for epoch 232
balance: False
ratio: 0.1
=====> Saving current model and best model
selecting samples for epoch 233
balance: False
ratio: 0.1
=====> Saving current model and best model
selecting samples for epoch 234
balance: False
ratio: 0.1
=====> Saving current model and best model
selecting samples for epoch 235
balance: False
ratio: 0.1
=====> Saving current model and best model
selecting samples for epoch 236
balance: False
ratio: 0.1
=====> Saving current model and best model
selecting samples for epoch 237
balance: False
ratio: 0.1
=====> Saving current model and best model
selecting samples for epoch 238
balance: False
ratio: 0.1
=====> Saving current model and best model
selecting samples for epoch 239
balance: False
ratio: 0.1
=====> Saving current model and best model
selecting samples for epoch 240
balance: False
ratio: 0.1
=====> Saving current model and best model
selecting samples for epoch 241
balance: False
ratio: 0.1
=====> Epoch: 241/300, Total_step: 45308, lr: 0.001000, Total Time: 15009.4610 s, Time this epoch: 48.3674 s
=====> Epoch: 241/300, Train Loss (train loader labels): 3.3422, Train acc (train loader labels): 0.3571, Best val acc: 0.6440, Current val acc: 0.4683, Val Loss: 1.9390
=====> Saving current model and best model
selecting samples for epoch 242
balance: False
ratio: 0.1
=====> Saving current model and best model
selecting samples for epoch 243
balance: False
ratio: 0.1
=====> Saving current model and best model
selecting samples for epoch 244
balance: False
ratio: 0.1
=====> Saving current model and best model
selecting samples for epoch 245
balance: False
ratio: 0.1
=====> Saving current model and best model
selecting samples for epoch 246
balance: False
ratio: 0.1
=====> Saving current model and best model
selecting samples for epoch 247
balance: False
ratio: 0.1
=====> Saving current model and best model
selecting samples for epoch 248
balance: False
ratio: 0.1
=====> Saving current model and best model
selecting samples for epoch 249
balance: False
ratio: 0.1
=====> Saving current model and best model
selecting samples for epoch 250
balance: False
ratio: 0.1
=====> Saving current model and best model
selecting samples for epoch 251
balance: False
ratio: 0.1
=====> Saving current model and best model
selecting samples for epoch 252
balance: False
ratio: 0.1
=====> Saving current model and best model
selecting samples for epoch 253
balance: False
ratio: 0.1
=====> Saving current model and best model
selecting samples for epoch 254
balance: False
ratio: 0.1
=====> Saving current model and best model
selecting samples for epoch 255
balance: False
ratio: 0.1
=====> Saving current model and best model
selecting samples for epoch 256
balance: False
ratio: 0.1
=====> Epoch: 256/300, Total_step: 48128, lr: 0.001000, Total Time: 15792.3002 s, Time this epoch: 48.3647 s
=====> Epoch: 256/300, Train Loss (train loader labels): 2.2706, Train acc (train loader labels): 0.3553, Best val acc: 0.6440, Current val acc: 0.5308, Val Loss: 1.3592
=====> Saving current model and best model
selecting samples for epoch 257
balance: False
ratio: 0.1
=====> Saving current model and best model
selecting samples for epoch 258
balance: False
ratio: 0.1
=====> Saving current model and best model
selecting samples for epoch 259
balance: False
ratio: 0.1
=====> Saving current model and best model
selecting samples for epoch 260
balance: False
ratio: 0.1
=====> Saving current model and best model
selecting samples for epoch 261
balance: False
ratio: 0.1
=====> Saving current model and best model
selecting samples for epoch 262
balance: False
ratio: 0.1
=====> Saving current model and best model
selecting samples for epoch 263
balance: False
ratio: 0.1
=====> Saving current model and best model
selecting samples for epoch 264
balance: False
ratio: 0.1
=====> Saving current model and best model
selecting samples for epoch 265
balance: False
ratio: 0.1
=====> Saving current model and best model
selecting samples for epoch 266
balance: False
ratio: 0.1
=====> Saving current model and best model
selecting samples for epoch 267
balance: False
ratio: 0.1
=====> Saving current model and best model
selecting samples for epoch 268
balance: False
ratio: 0.1
=====> Saving current model and best model
selecting samples for epoch 269
balance: False
ratio: 0.1
=====> Saving current model and best model
selecting samples for epoch 270
balance: False
ratio: 0.1
=====> Saving current model and best model
selecting samples for epoch 271
balance: False
ratio: 0.1
=====> Epoch: 271/300, Total_step: 50948, lr: 0.001000, Total Time: 16575.6948 s, Time this epoch: 48.4086 s
=====> Epoch: 271/300, Train Loss (train loader labels): 1.9629, Train acc (train loader labels): 0.4244, Best val acc: 0.6440, Current val acc: 0.5752, Val Loss: 1.3403
=====> Saving current model and best model
selecting samples for epoch 272
balance: False
ratio: 0.1
=====> Saving current model and best model
selecting samples for epoch 273
balance: False
ratio: 0.1
=====> Saving current model and best model
selecting samples for epoch 274
balance: False
ratio: 0.1
=====> Saving current model and best model
selecting samples for epoch 275
balance: False
ratio: 0.1
=====> Saving current model and best model
selecting samples for epoch 276
balance: False
ratio: 0.1
=====> Saving current model and best model
selecting samples for epoch 277
balance: False
ratio: 0.1
=====> Saving current model and best model
selecting samples for epoch 278
balance: False
ratio: 0.1
=====> Saving current model and best model
selecting samples for epoch 279
balance: False
ratio: 0.1
=====> Saving current model and best model
selecting samples for epoch 280
balance: False
ratio: 0.1
=====> Saving current model and best model
selecting samples for epoch 281
balance: False
ratio: 0.1
=====> Saving current model and best model
selecting samples for epoch 282
balance: False
ratio: 0.1
=====> Saving current model and best model
selecting samples for epoch 283
balance: False
ratio: 0.1
=====> Saving current model and best model
selecting samples for epoch 284
balance: False
ratio: 0.1
=====> Saving current model and best model
selecting samples for epoch 285
balance: False
ratio: 0.1
=====> Saving current model and best model
selecting samples for epoch 286
balance: False
ratio: 0.1
=====> Epoch: 286/300, Total_step: 53768, lr: 0.001000, Total Time: 17359.0074 s, Time this epoch: 48.3850 s
=====> Epoch: 286/300, Train Loss (train loader labels): 1.6522, Train acc (train loader labels): 0.4663, Best val acc: 0.6440, Current val acc: 0.5960, Val Loss: 1.2216
=====> Saving current model and best model
selecting samples for epoch 287
balance: False
ratio: 0.1
=====> Saving current model and best model
selecting samples for epoch 288
balance: False
ratio: 0.1
=====> Saving current model and best model
selecting samples for epoch 289
balance: False
ratio: 0.1
=====> Saving current model and best model
selecting samples for epoch 290
balance: False
ratio: 0.1
=====> Saving current model and best model
selecting samples for epoch 291
balance: False
ratio: 0.1
=====> Saving current model and best model
selecting samples for epoch 292
balance: False
ratio: 0.1
=====> Saving current model and best model
selecting samples for epoch 293
balance: False
ratio: 0.1
=====> Saving current model and best model
selecting samples for epoch 294
balance: False
ratio: 0.1
=====> Saving current model and best model
selecting samples for epoch 295
balance: False
ratio: 0.1
=====> Saving current model and best model
selecting samples for epoch 296
balance: False
ratio: 0.1
=====> Saving current model and best model
selecting samples for epoch 297
balance: False
ratio: 0.1
=====> Saving current model and best model
selecting samples for epoch 298
balance: False
ratio: 0.1
=====> Saving current model and best model
selecting samples for epoch 299
balance: False
ratio: 0.1
=====> Saving current model and best model
selecting samples for epoch 300
balance: False
ratio: 0.1
=====> Epoch: 300/300, Total_step: 56400, lr: 0.001000, Total Time: 18094.3964 s, Time this epoch: 48.1878 s
=====> Epoch: 300/300, Train Loss (train loader labels): 1.6007, Train acc (train loader labels): 0.4716, Best val acc: 0.6440, Current val acc: 0.5508, Val Loss: 1.3405
=====> Saving current model and best model
Saved helper snapshots to /home/mward19/Documents/miller/Online-Batch-Selection/snapshots/MNIST/{"bsel":"Uniform","seed":1,"model":"DeepLinear","opt":"adamw","bs":320,"ratio":0.1,"lr":0.001,"wd":0.01,"layers":8,"hidden_dim":1000}.p
Saved selected points array to /home/mward19/Documents/miller/Online-Batch-Selection/selected_points/MNIST/{"bsel":"Uniform","seed":1,"model":"DeepLinear","opt":"adamw","bs":320,"ratio":0.1,"lr":0.001,"wd":0.01,"layers":8,"hidden_dim":1000}.npy
========================= End Main =========================
