save_dir: ./exp/CIFAR3/RhoLoss_deeplinear_bs320_ep300_lr0.001_AdamW_constant_seed1_r0.1_100_hidden
=====> Loading config files: 
configs/cifar3/method/rholoss-0.1.yaml
configs/cifar3/data/cifar3.yaml
configs/cifar3/model/deep_linear_saxe/deep_linear_100.yaml
configs/cifar3/optim/adamw-320-0.001-0.01.yaml
configs/diagnostics/snapshots_log_interval.yaml
=====> Config files loaded.
========================= Start Main =========================
=====> Saving config file
=====> Config file saved
=====> Using fixed random seed: 1
=====> Wandb initialized
=====> Number of GPUs: 1
Creating RhoLoss...
Cached irreducible losses for 15000 samples in dataset.
=====> Start teacher Validation
=====> teacher Test Accuracy: 0.7280
Begin training for RhoLoss...
=====> Epoch: 0/300, Total_step: 0, lr: 0.001000, Total Time: 0.0000 s, Time this epoch: 0.0000 s
=====> Epoch: 0/300, Train Loss (train loader labels): 1.0989, Train acc (train loader labels): 0.3333, Best val acc: 0.3333, Current val acc: 0.3333, Val Loss: 1.0989
balance: False
selecting samples for epoch 1, ratio 0.1
=====> Epoch: 1/300, Total_step: 1, lr: 0.001000, Total Time: 0.0000 s, Time this epoch: 0.0000 s
=====> Epoch: 1/300, Train Loss (train loader labels): 1.1825, Train acc (train loader labels): 0.3333, Best val acc: 0.3333, Current val acc: 0.3333, Val Loss: 1.1825
=====> Epoch: 1/300, Total_step: 12, lr: 0.001000, Total Time: 0.0000 s, Time this epoch: 0.0000 s
=====> Epoch: 1/300, Train Loss (train loader labels): 1.0988, Train acc (train loader labels): 0.3333, Best val acc: 0.3333, Current val acc: 0.3333, Val Loss: 1.0988
=====> Epoch: 1/300, Total_step: 23, lr: 0.001000, Total Time: 0.0000 s, Time this epoch: 0.0000 s
=====> Epoch: 1/300, Train Loss (train loader labels): 2220842.7500, Train acc (train loader labels): 0.3134, Best val acc: 0.3333, Current val acc: 0.3143, Val Loss: 2314092.7500
=====> Epoch: 1/300, Total_step: 34, lr: 0.001000, Total Time: 0.0000 s, Time this epoch: 0.0000 s
=====> Epoch: 1/300, Train Loss (train loader labels): 164374904832.0000, Train acc (train loader labels): 0.3309, Best val acc: 0.3333, Current val acc: 0.3153, Val Loss: 165273518080.0000
=====> Epoch: 1/300, Total_step: 45, lr: 0.001000, Total Time: 0.0000 s, Time this epoch: 0.0000 s
=====> Epoch: 1/300, Train Loss (train loader labels): 146119461046821582798848.0000, Train acc (train loader labels): 0.3330, Best val acc: 0.3480, Current val acc: 0.3480, Val Loss: 137645406923167964856320.0000
=====> Saving current model and best model
balance: False
selecting samples for epoch 2, ratio 0.1
=====> Epoch: 2/300, Total_step: 48, lr: 0.001000, Total Time: 124.9840 s, Time this epoch: 106.5402 s
=====> Epoch: 2/300, Train Loss (train loader labels): 127191984734487994957824.0000, Train acc (train loader labels): 0.3331, Best val acc: 0.3480, Current val acc: 0.3477, Val Loss: 119583702603200081166336.0000
=====> Epoch: 2/300, Total_step: 59, lr: 0.001000, Total Time: 124.9840 s, Time this epoch: 106.5402 s
=====> Epoch: 2/300, Train Loss (train loader labels): 64445983746515395411968.0000, Train acc (train loader labels): 0.3316, Best val acc: 0.3480, Current val acc: 0.3457, Val Loss: 61264866149722245562368.0000
=====> Epoch: 2/300, Total_step: 70, lr: 0.001000, Total Time: 124.9840 s, Time this epoch: 106.5402 s
=====> Epoch: 2/300, Train Loss (train loader labels): 18510145749263673458688.0000, Train acc (train loader labels): 0.3301, Best val acc: 0.3480, Current val acc: 0.3443, Val Loss: 17700054010890964434944.0000
=====> Epoch: 2/300, Total_step: 81, lr: 0.001000, Total Time: 124.9840 s, Time this epoch: 106.5402 s
=====> Epoch: 2/300, Train Loss (train loader labels): 267221822761842245632.0000, Train acc (train loader labels): 0.3152, Best val acc: 0.3480, Current val acc: 0.3080, Val Loss: 280103560255377506304.0000
=====> Epoch: 2/300, Total_step: 92, lr: 0.001000, Total Time: 124.9840 s, Time this epoch: 106.5402 s
=====> Epoch: 2/300, Train Loss (train loader labels): 323259198131539017728.0000, Train acc (train loader labels): 0.3353, Best val acc: 0.3480, Current val acc: 0.3397, Val Loss: 338211078525664886784.0000
=====> Saving current model and best model
balance: False
selecting samples for epoch 3, ratio 0.1
=====> Epoch: 3/300, Total_step: 95, lr: 0.001000, Total Time: 235.1872 s, Time this epoch: 106.5941 s
=====> Epoch: 3/300, Train Loss (train loader labels): 296962187326113447936.0000, Train acc (train loader labels): 0.3119, Best val acc: 0.3480, Current val acc: 0.3180, Val Loss: 296091057457566056448.0000
=====> Epoch: 3/300, Total_step: 106, lr: 0.001000, Total Time: 235.1872 s, Time this epoch: 106.5941 s
=====> Epoch: 3/300, Train Loss (train loader labels): 64124710002500829184.0000, Train acc (train loader labels): 0.3083, Best val acc: 0.3480, Current val acc: 0.3047, Val Loss: 68746463149392134144.0000
=====> Epoch: 3/300, Total_step: 117, lr: 0.001000, Total Time: 235.1872 s, Time this epoch: 106.5941 s
=====> Epoch: 3/300, Train Loss (train loader labels): 20485926925885243392.0000, Train acc (train loader labels): 0.3396, Best val acc: 0.3480, Current val acc: 0.3343, Val Loss: 19293040372631994368.0000
=====> Epoch: 3/300, Total_step: 128, lr: 0.001000, Total Time: 235.1872 s, Time this epoch: 106.5941 s
=====> Epoch: 3/300, Train Loss (train loader labels): 9639274404688953344.0000, Train acc (train loader labels): 0.3169, Best val acc: 0.3480, Current val acc: 0.2960, Val Loss: 9675423048475344896.0000
=====> Epoch: 3/300, Total_step: 139, lr: 0.001000, Total Time: 235.1872 s, Time this epoch: 106.5941 s
=====> Epoch: 3/300, Train Loss (train loader labels): 5387821380869816320.0000, Train acc (train loader labels): 0.3154, Best val acc: 0.3480, Current val acc: 0.2983, Val Loss: 5443221373746937856.0000
=====> Saving current model and best model
balance: False
selecting samples for epoch 4, ratio 0.1
=====> Epoch: 4/300, Total_step: 142, lr: 0.001000, Total Time: 345.4042 s, Time this epoch: 106.9280 s
=====> Epoch: 4/300, Train Loss (train loader labels): 4468913883804860416.0000, Train acc (train loader labels): 0.3074, Best val acc: 0.3480, Current val acc: 0.3047, Val Loss: 4511589503491637248.0000
=====> Epoch: 4/300, Total_step: 153, lr: 0.001000, Total Time: 345.4042 s, Time this epoch: 106.9280 s
=====> Epoch: 4/300, Train Loss (train loader labels): 3075993454988230656.0000, Train acc (train loader labels): 0.3153, Best val acc: 0.3480, Current val acc: 0.3120, Val Loss: 3088949825132036096.0000
=====> Epoch: 4/300, Total_step: 164, lr: 0.001000, Total Time: 345.4042 s, Time this epoch: 106.9280 s
=====> Epoch: 4/300, Train Loss (train loader labels): 2382055107937173504.0000, Train acc (train loader labels): 0.3135, Best val acc: 0.3480, Current val acc: 0.3223, Val Loss: 2315995074950856704.0000
=====> Epoch: 4/300, Total_step: 175, lr: 0.001000, Total Time: 345.4042 s, Time this epoch: 106.9280 s
=====> Epoch: 4/300, Train Loss (train loader labels): 1989707440265887744.0000, Train acc (train loader labels): 0.3139, Best val acc: 0.3480, Current val acc: 0.3153, Val Loss: 1967700715035951104.0000
=====> Epoch: 4/300, Total_step: 186, lr: 0.001000, Total Time: 345.4042 s, Time this epoch: 106.9280 s
=====> Epoch: 4/300, Train Loss (train loader labels): 1568713371522433024.0000, Train acc (train loader labels): 0.3193, Best val acc: 0.3480, Current val acc: 0.3260, Val Loss: 1553221115248115712.0000
=====> Saving current model and best model
balance: False
selecting samples for epoch 5, ratio 0.1
=====> Epoch: 5/300, Total_step: 189, lr: 0.001000, Total Time: 454.7219 s, Time this epoch: 106.2589 s
=====> Epoch: 5/300, Train Loss (train loader labels): 1492784397043105792.0000, Train acc (train loader labels): 0.3189, Best val acc: 0.3480, Current val acc: 0.3290, Val Loss: 1469533024650526720.0000
=====> Epoch: 5/300, Total_step: 200, lr: 0.001000, Total Time: 454.7219 s, Time this epoch: 106.2589 s
=====> Epoch: 5/300, Train Loss (train loader labels): 1361815107427893248.0000, Train acc (train loader labels): 0.3225, Best val acc: 0.3480, Current val acc: 0.3383, Val Loss: 1312049699326263296.0000
=====> Epoch: 5/300, Total_step: 211, lr: 0.001000, Total Time: 454.7219 s, Time this epoch: 106.2589 s
=====> Epoch: 5/300, Train Loss (train loader labels): 1275110644118454272.0000, Train acc (train loader labels): 0.3230, Best val acc: 0.3480, Current val acc: 0.3380, Val Loss: 1234658236943040512.0000
=====> Epoch: 5/300, Total_step: 222, lr: 0.001000, Total Time: 454.7219 s, Time this epoch: 106.2589 s
=====> Epoch: 5/300, Train Loss (train loader labels): 1127560787875856384.0000, Train acc (train loader labels): 0.3226, Best val acc: 0.3480, Current val acc: 0.3380, Val Loss: 1090846307918020608.0000
=====> Epoch: 5/300, Total_step: 233, lr: 0.001000, Total Time: 454.7219 s, Time this epoch: 106.2589 s
=====> Epoch: 5/300, Train Loss (train loader labels): 975434695518978048.0000, Train acc (train loader labels): 0.3201, Best val acc: 0.3480, Current val acc: 0.3413, Val Loss: 942441856262733824.0000
=====> Saving current model and best model
balance: False
selecting samples for epoch 6, ratio 0.1
=====> Epoch: 6/300, Total_step: 282, lr: 0.001000, Total Time: 565.0413 s, Time this epoch: 107.0780 s
=====> Epoch: 6/300, Train Loss (train loader labels): 517812905157066752.0000, Train acc (train loader labels): 0.3237, Best val acc: 0.3480, Current val acc: 0.3280, Val Loss: 503290864815046656.0000
=====> Saving current model and best model
balance: False
selecting samples for epoch 7, ratio 0.1
=====> Epoch: 7/300, Total_step: 329, lr: 0.001000, Total Time: 603.6667 s, Time this epoch: 35.5111 s
=====> Epoch: 7/300, Train Loss (train loader labels): 181120007822901248.0000, Train acc (train loader labels): 0.3254, Best val acc: 0.3480, Current val acc: 0.3297, Val Loss: 176908328532705280.0000
=====> Saving current model and best model
balance: False
selecting samples for epoch 8, ratio 0.1
=====> Epoch: 8/300, Total_step: 376, lr: 0.001000, Total Time: 642.1673 s, Time this epoch: 35.4632 s
=====> Epoch: 8/300, Train Loss (train loader labels): 15692514493202432.0000, Train acc (train loader labels): 0.3301, Best val acc: 0.3480, Current val acc: 0.3170, Val Loss: 16405622945742848.0000
=====> Saving current model and best model
balance: False
selecting samples for epoch 9, ratio 0.1
=====> Epoch: 9/300, Total_step: 423, lr: 0.001000, Total Time: 680.9989 s, Time this epoch: 35.7101 s
=====> Epoch: 9/300, Train Loss (train loader labels): 11100425654632448.0000, Train acc (train loader labels): 0.3392, Best val acc: 0.3480, Current val acc: 0.3240, Val Loss: 11143833815351296.0000
=====> Saving current model and best model
balance: False
selecting samples for epoch 10, ratio 0.1
=====> Epoch: 10/300, Total_step: 470, lr: 0.001000, Total Time: 720.2198 s, Time this epoch: 35.9224 s
=====> Epoch: 10/300, Train Loss (train loader labels): 37216948181794816.0000, Train acc (train loader labels): 0.3361, Best val acc: 0.3480, Current val acc: 0.3343, Val Loss: 36403996772007936.0000
=====> Saving current model and best model
balance: False
selecting samples for epoch 11, ratio 0.1
=====> Epoch: 11/300, Total_step: 517, lr: 0.001000, Total Time: 759.3464 s, Time this epoch: 35.9032 s
=====> Epoch: 11/300, Train Loss (train loader labels): 9352106603446272.0000, Train acc (train loader labels): 0.3281, Best val acc: 0.3480, Current val acc: 0.3180, Val Loss: 9689641640787968.0000
=====> Saving current model and best model
balance: False
selecting samples for epoch 12, ratio 0.1
=====> Epoch: 12/300, Total_step: 564, lr: 0.001000, Total Time: 799.0861 s, Time this epoch: 36.2824 s
=====> Epoch: 12/300, Train Loss (train loader labels): 9380303063744512.0000, Train acc (train loader labels): 0.3227, Best val acc: 0.3480, Current val acc: 0.3363, Val Loss: 9004872456208384.0000
=====> Saving current model and best model
balance: False
selecting samples for epoch 13, ratio 0.1
=====> Epoch: 13/300, Total_step: 611, lr: 0.001000, Total Time: 838.9997 s, Time this epoch: 36.6259 s
=====> Epoch: 13/300, Train Loss (train loader labels): 38690216453603328.0000, Train acc (train loader labels): 0.3361, Best val acc: 0.3480, Current val acc: 0.3370, Val Loss: 37800771676274688.0000
=====> Saving current model and best model
balance: False
selecting samples for epoch 14, ratio 0.1
=====> Epoch: 14/300, Total_step: 658, lr: 0.001000, Total Time: 878.6613 s, Time this epoch: 35.8358 s
=====> Epoch: 14/300, Train Loss (train loader labels): 9855271685849088.0000, Train acc (train loader labels): 0.3333, Best val acc: 0.3480, Current val acc: 0.3367, Val Loss: 9737347990028288.0000
=====> Saving current model and best model
balance: False
selecting samples for epoch 15, ratio 0.1
=====> Epoch: 15/300, Total_step: 705, lr: 0.001000, Total Time: 917.9367 s, Time this epoch: 35.8399 s
=====> Epoch: 15/300, Train Loss (train loader labels): 14291767817928704.0000, Train acc (train loader labels): 0.3431, Best val acc: 0.3480, Current val acc: 0.3403, Val Loss: 14217242619150336.0000
=====> Saving current model and best model
balance: False
selecting samples for epoch 16, ratio 0.1
=====> Epoch: 16/300, Total_step: 752, lr: 0.001000, Total Time: 956.6342 s, Time this epoch: 35.5885 s
=====> Epoch: 16/300, Train Loss (train loader labels): 28607838708301824.0000, Train acc (train loader labels): 0.3385, Best val acc: 0.3503, Current val acc: 0.3503, Val Loss: 27365880195186688.0000
=====> Saving current model and best model
balance: False
selecting samples for epoch 17, ratio 0.1
=====> Epoch: 17/300, Total_step: 799, lr: 0.001000, Total Time: 995.5133 s, Time this epoch: 35.5275 s
=====> Epoch: 17/300, Train Loss (train loader labels): 15993825776369664.0000, Train acc (train loader labels): 0.3281, Best val acc: 0.3503, Current val acc: 0.3133, Val Loss: 16797042642780160.0000
=====> Saving current model and best model
balance: False
selecting samples for epoch 18, ratio 0.1
=====> Epoch: 18/300, Total_step: 846, lr: 0.001000, Total Time: 1037.4988 s, Time this epoch: 35.6828 s
=====> Epoch: 18/300, Train Loss (train loader labels): 7998463908249600.0000, Train acc (train loader labels): 0.3392, Best val acc: 0.3553, Current val acc: 0.3553, Val Loss: 7923694970077184.0000
=====> Saving current model and best model
balance: False
selecting samples for epoch 19, ratio 0.1
=====> Epoch: 19/300, Total_step: 893, lr: 0.001000, Total Time: 1077.1112 s, Time this epoch: 35.5326 s
=====> Epoch: 19/300, Train Loss (train loader labels): 9240681193144320.0000, Train acc (train loader labels): 0.3287, Best val acc: 0.3553, Current val acc: 0.3407, Val Loss: 9168895109758976.0000
=====> Saving current model and best model
balance: False
selecting samples for epoch 20, ratio 0.1
=====> Epoch: 20/300, Total_step: 940, lr: 0.001000, Total Time: 1126.4215 s, Time this epoch: 35.7768 s
=====> Epoch: 20/300, Train Loss (train loader labels): 9531498797465600.0000, Train acc (train loader labels): 0.3260, Best val acc: 0.3553, Current val acc: 0.3163, Val Loss: 9693901174603776.0000
=====> Saving current model and best model
balance: False
selecting samples for epoch 21, ratio 0.1
=====> Epoch: 21/300, Total_step: 987, lr: 0.001000, Total Time: 1165.6294 s, Time this epoch: 35.7778 s
=====> Epoch: 21/300, Train Loss (train loader labels): 12016419772301312.0000, Train acc (train loader labels): 0.3323, Best val acc: 0.3553, Current val acc: 0.3327, Val Loss: 11677837836681216.0000
=====> Saving current model and best model
balance: False
selecting samples for epoch 22, ratio 0.1
=====> Epoch: 22/300, Total_step: 1034, lr: 0.001000, Total Time: 1205.0770 s, Time this epoch: 35.6626 s
=====> Epoch: 22/300, Train Loss (train loader labels): 23634522130087936.0000, Train acc (train loader labels): 0.3287, Best val acc: 0.3553, Current val acc: 0.3240, Val Loss: 23709241676136448.0000
=====> Saving current model and best model
balance: False
selecting samples for epoch 23, ratio 0.1
=====> Epoch: 23/300, Total_step: 1081, lr: 0.001000, Total Time: 1244.5263 s, Time this epoch: 35.7709 s
=====> Epoch: 23/300, Train Loss (train loader labels): 13020734523703296.0000, Train acc (train loader labels): 0.3365, Best val acc: 0.3553, Current val acc: 0.3300, Val Loss: 13093100427673600.0000
=====> Saving current model and best model
balance: False
selecting samples for epoch 24, ratio 0.1
=====> Epoch: 24/300, Total_step: 1128, lr: 0.001000, Total Time: 1283.5835 s, Time this epoch: 35.7229 s
=====> Epoch: 24/300, Train Loss (train loader labels): 10924068928749568.0000, Train acc (train loader labels): 0.3423, Best val acc: 0.3553, Current val acc: 0.3500, Val Loss: 10895583631900672.0000
=====> Saving current model and best model
balance: False
selecting samples for epoch 25, ratio 0.1
=====> Epoch: 25/300, Total_step: 1175, lr: 0.001000, Total Time: 1322.4241 s, Time this epoch: 35.5796 s
=====> Epoch: 25/300, Train Loss (train loader labels): 14608129740242944.0000, Train acc (train loader labels): 0.3277, Best val acc: 0.3553, Current val acc: 0.3303, Val Loss: 14482359139172352.0000
=====> Saving current model and best model
balance: False
selecting samples for epoch 26, ratio 0.1
=====> Epoch: 26/300, Total_step: 1222, lr: 0.001000, Total Time: 1361.4579 s, Time this epoch: 35.6935 s
=====> Epoch: 26/300, Train Loss (train loader labels): 11415869527687168.0000, Train acc (train loader labels): 0.3239, Best val acc: 0.3553, Current val acc: 0.3370, Val Loss: 10899669219540992.0000
=====> Saving current model and best model
balance: False
selecting samples for epoch 27, ratio 0.1
=====> Saving current model and best model
balance: False
selecting samples for epoch 28, ratio 0.1
=====> Saving current model and best model
balance: False
selecting samples for epoch 29, ratio 0.1
=====> Epoch: 29/300, Total_step: 1363, lr: 0.001000, Total Time: 1441.1542 s, Time this epoch: 17.0170 s
=====> Epoch: 29/300, Train Loss (train loader labels): 6593697680457728.0000, Train acc (train loader labels): 0.3381, Best val acc: 0.3553, Current val acc: 0.3480, Val Loss: 6215829678981120.0000
=====> Saving current model and best model
balance: False
selecting samples for epoch 30, ratio 0.1
=====> Saving current model and best model
balance: False
selecting samples for epoch 31, ratio 0.1
=====> Saving current model and best model
balance: False
selecting samples for epoch 32, ratio 0.1
=====> Saving current model and best model
balance: False
selecting samples for epoch 33, ratio 0.1
=====> Epoch: 33/300, Total_step: 1551, lr: 0.001000, Total Time: 1542.7335 s, Time this epoch: 17.0750 s
=====> Epoch: 33/300, Train Loss (train loader labels): 6025132057296896.0000, Train acc (train loader labels): 0.3433, Best val acc: 0.3557, Current val acc: 0.3557, Val Loss: 5764774897909760.0000
=====> Saving current model and best model
balance: False
selecting samples for epoch 34, ratio 0.1
=====> Saving current model and best model
balance: False
selecting samples for epoch 35, ratio 0.1
=====> Saving current model and best model
balance: False
selecting samples for epoch 36, ratio 0.1
=====> Saving current model and best model
balance: False
selecting samples for epoch 37, ratio 0.1
=====> Epoch: 37/300, Total_step: 1739, lr: 0.001000, Total Time: 1646.0110 s, Time this epoch: 17.0735 s
=====> Epoch: 37/300, Train Loss (train loader labels): 4453001691398144.0000, Train acc (train loader labels): 0.3252, Best val acc: 0.3557, Current val acc: 0.3133, Val Loss: 4670703919955968.0000
=====> Saving current model and best model
balance: False
selecting samples for epoch 38, ratio 0.1
=====> Saving current model and best model
balance: False
selecting samples for epoch 39, ratio 0.1
=====> Saving current model and best model
balance: False
selecting samples for epoch 40, ratio 0.1
=====> Saving current model and best model
balance: False
selecting samples for epoch 41, ratio 0.1
=====> Epoch: 41/300, Total_step: 1927, lr: 0.001000, Total Time: 1746.9553 s, Time this epoch: 17.0857 s
=====> Epoch: 41/300, Train Loss (train loader labels): 1651694903492608.0000, Train acc (train loader labels): 0.3396, Best val acc: 0.3570, Current val acc: 0.3570, Val Loss: 1648302416199680.0000
=====> Saving current model and best model
balance: False
selecting samples for epoch 42, ratio 0.1
=====> Saving current model and best model
balance: False
selecting samples for epoch 43, ratio 0.1
=====> Saving current model and best model
balance: False
selecting samples for epoch 44, ratio 0.1
=====> Saving current model and best model
balance: False
selecting samples for epoch 45, ratio 0.1
=====> Epoch: 45/300, Total_step: 2115, lr: 0.001000, Total Time: 1859.6341 s, Time this epoch: 17.0602 s
=====> Epoch: 45/300, Train Loss (train loader labels): 2725077292417024.0000, Train acc (train loader labels): 0.3305, Best val acc: 0.3570, Current val acc: 0.3220, Val Loss: 2716991748046848.0000
=====> Saving current model and best model
balance: False
selecting samples for epoch 46, ratio 0.1
=====> Saving current model and best model
balance: False
selecting samples for epoch 47, ratio 0.1
=====> Saving current model and best model
balance: False
selecting samples for epoch 48, ratio 0.1
=====> Saving current model and best model
balance: False
selecting samples for epoch 49, ratio 0.1
=====> Epoch: 49/300, Total_step: 2303, lr: 0.001000, Total Time: 1962.6219 s, Time this epoch: 17.0210 s
=====> Epoch: 49/300, Train Loss (train loader labels): 397885904519168.0000, Train acc (train loader labels): 0.3363, Best val acc: 0.3570, Current val acc: 0.3277, Val Loss: 400036777164800.0000
=====> Saving current model and best model
balance: False
selecting samples for epoch 50, ratio 0.1
=====> Saving current model and best model
balance: False
selecting samples for epoch 51, ratio 0.1
=====> Saving current model and best model
balance: False
selecting samples for epoch 52, ratio 0.1
=====> Saving current model and best model
balance: False
selecting samples for epoch 53, ratio 0.1
=====> Epoch: 53/300, Total_step: 2491, lr: 0.001000, Total Time: 2062.8058 s, Time this epoch: 17.0451 s
=====> Epoch: 53/300, Train Loss (train loader labels): 1372601888800768.0000, Train acc (train loader labels): 0.3260, Best val acc: 0.3570, Current val acc: 0.3363, Val Loss: 1312141499957248.0000
=====> Saving current model and best model
balance: False
selecting samples for epoch 54, ratio 0.1
=====> Saving current model and best model
balance: False
selecting samples for epoch 55, ratio 0.1
=====> Saving current model and best model
balance: False
selecting samples for epoch 56, ratio 0.1
=====> Saving current model and best model
balance: False
selecting samples for epoch 57, ratio 0.1
=====> Epoch: 57/300, Total_step: 2679, lr: 0.001000, Total Time: 2162.9112 s, Time this epoch: 17.1395 s
=====> Epoch: 57/300, Train Loss (train loader labels): 1975472757932032.0000, Train acc (train loader labels): 0.3407, Best val acc: 0.3570, Current val acc: 0.3443, Val Loss: 1964340873789440.0000
=====> Saving current model and best model
balance: False
selecting samples for epoch 58, ratio 0.1
=====> Saving current model and best model
balance: False
selecting samples for epoch 59, ratio 0.1
=====> Saving current model and best model
balance: False
selecting samples for epoch 60, ratio 0.1
=====> Saving current model and best model
balance: False
selecting samples for epoch 61, ratio 0.1
=====> Epoch: 61/300, Total_step: 2867, lr: 0.001000, Total Time: 2264.5394 s, Time this epoch: 17.1011 s
=====> Epoch: 61/300, Train Loss (train loader labels): 925869858095104.0000, Train acc (train loader labels): 0.3369, Best val acc: 0.3570, Current val acc: 0.3327, Val Loss: 930066041143296.0000
=====> Saving current model and best model
balance: False
selecting samples for epoch 62, ratio 0.1
=====> Saving current model and best model
balance: False
selecting samples for epoch 63, ratio 0.1
=====> Saving current model and best model
balance: False
selecting samples for epoch 64, ratio 0.1
=====> Saving current model and best model
balance: False
selecting samples for epoch 65, ratio 0.1
=====> Epoch: 65/300, Total_step: 3055, lr: 0.001000, Total Time: 2365.1661 s, Time this epoch: 17.2568 s
=====> Epoch: 65/300, Train Loss (train loader labels): 361926089506816.0000, Train acc (train loader labels): 0.3351, Best val acc: 0.3570, Current val acc: 0.3103, Val Loss: 388335038103552.0000
=====> Saving current model and best model
balance: False
selecting samples for epoch 66, ratio 0.1
=====> Saving current model and best model
balance: False
selecting samples for epoch 67, ratio 0.1
=====> Saving current model and best model
balance: False
selecting samples for epoch 68, ratio 0.1
=====> Saving current model and best model
balance: False
selecting samples for epoch 69, ratio 0.1
=====> Saving current model and best model
balance: False
selecting samples for epoch 70, ratio 0.1
=====> Saving current model and best model
balance: False
selecting samples for epoch 71, ratio 0.1
=====> Saving current model and best model
balance: False
selecting samples for epoch 72, ratio 0.1
=====> Saving current model and best model
balance: False
selecting samples for epoch 73, ratio 0.1
=====> Saving current model and best model
balance: False
selecting samples for epoch 74, ratio 0.1
=====> Saving current model and best model
balance: False
selecting samples for epoch 75, ratio 0.1
=====> Saving current model and best model
balance: False
selecting samples for epoch 76, ratio 0.1
=====> Epoch: 76/300, Total_step: 3572, lr: 0.001000, Total Time: 2611.1512 s, Time this epoch: 17.3184 s
=====> Epoch: 76/300, Train Loss (train loader labels): 317100254035968.0000, Train acc (train loader labels): 0.3418, Best val acc: 0.3570, Current val acc: 0.3530, Val Loss: 301066134487040.0000
=====> Saving current model and best model
balance: False
selecting samples for epoch 77, ratio 0.1
=====> Saving current model and best model
balance: False
selecting samples for epoch 78, ratio 0.1
=====> Saving current model and best model
balance: False
selecting samples for epoch 79, ratio 0.1
=====> Saving current model and best model
balance: False
selecting samples for epoch 80, ratio 0.1
=====> Saving current model and best model
balance: False
selecting samples for epoch 81, ratio 0.1
=====> Saving current model and best model
balance: False
selecting samples for epoch 82, ratio 0.1
=====> Saving current model and best model
balance: False
selecting samples for epoch 83, ratio 0.1
=====> Saving current model and best model
balance: False
selecting samples for epoch 84, ratio 0.1
=====> Saving current model and best model
balance: False
selecting samples for epoch 85, ratio 0.1
=====> Saving current model and best model
balance: False
selecting samples for epoch 86, ratio 0.1
=====> Saving current model and best model
balance: False
selecting samples for epoch 87, ratio 0.1
=====> Saving current model and best model
balance: False
selecting samples for epoch 88, ratio 0.1
=====> Saving current model and best model
balance: False
selecting samples for epoch 89, ratio 0.1
=====> Saving current model and best model
balance: False
selecting samples for epoch 90, ratio 0.1
=====> Saving current model and best model
balance: False
selecting samples for epoch 91, ratio 0.1
=====> Epoch: 91/300, Total_step: 4277, lr: 0.001000, Total Time: 2943.9149 s, Time this epoch: 17.0407 s
=====> Epoch: 91/300, Train Loss (train loader labels): 100197963137024.0000, Train acc (train loader labels): 0.3457, Best val acc: 0.3570, Current val acc: 0.3453, Val Loss: 97258435510272.0000
=====> Saving current model and best model
balance: False
selecting samples for epoch 92, ratio 0.1
=====> Saving current model and best model
balance: False
selecting samples for epoch 93, ratio 0.1
=====> Saving current model and best model
balance: False
selecting samples for epoch 94, ratio 0.1
=====> Saving current model and best model
balance: False
selecting samples for epoch 95, ratio 0.1
=====> Saving current model and best model
balance: False
selecting samples for epoch 96, ratio 0.1
=====> Saving current model and best model
balance: False
selecting samples for epoch 97, ratio 0.1
=====> Saving current model and best model
balance: False
selecting samples for epoch 98, ratio 0.1
=====> Saving current model and best model
balance: False
selecting samples for epoch 99, ratio 0.1
=====> Saving current model and best model
balance: False
selecting samples for epoch 100, ratio 0.1
=====> Saving current model and best model
balance: False
selecting samples for epoch 101, ratio 0.1
=====> Saving current model and best model
balance: False
selecting samples for epoch 102, ratio 0.1
=====> Saving current model and best model
balance: False
selecting samples for epoch 103, ratio 0.1
=====> Saving current model and best model
balance: False
selecting samples for epoch 104, ratio 0.1
=====> Saving current model and best model
balance: False
selecting samples for epoch 105, ratio 0.1
=====> Saving current model and best model
balance: False
selecting samples for epoch 106, ratio 0.1
=====> Epoch: 106/300, Total_step: 4982, lr: 0.001000, Total Time: 3270.4996 s, Time this epoch: 17.0858 s
=====> Epoch: 106/300, Train Loss (train loader labels): 23495907999744.0000, Train acc (train loader labels): 0.3315, Best val acc: 0.3570, Current val acc: 0.3140, Val Loss: 24285643014144.0000
=====> Saving current model and best model
balance: False
selecting samples for epoch 107, ratio 0.1
=====> Saving current model and best model
balance: False
selecting samples for epoch 108, ratio 0.1
=====> Saving current model and best model
balance: False
selecting samples for epoch 109, ratio 0.1
=====> Saving current model and best model
balance: False
selecting samples for epoch 110, ratio 0.1
=====> Saving current model and best model
balance: False
selecting samples for epoch 111, ratio 0.1
=====> Saving current model and best model
balance: False
selecting samples for epoch 112, ratio 0.1
=====> Saving current model and best model
balance: False
selecting samples for epoch 113, ratio 0.1
=====> Saving current model and best model
balance: False
selecting samples for epoch 114, ratio 0.1
=====> Saving current model and best model
balance: False
selecting samples for epoch 115, ratio 0.1
=====> Saving current model and best model
balance: False
selecting samples for epoch 116, ratio 0.1
=====> Saving current model and best model
balance: False
selecting samples for epoch 117, ratio 0.1
=====> Saving current model and best model
balance: False
selecting samples for epoch 118, ratio 0.1
=====> Saving current model and best model
balance: False
selecting samples for epoch 119, ratio 0.1
=====> Saving current model and best model
balance: False
selecting samples for epoch 120, ratio 0.1
=====> Saving current model and best model
balance: False
selecting samples for epoch 121, ratio 0.1
=====> Epoch: 121/300, Total_step: 5687, lr: 0.001000, Total Time: 3601.8675 s, Time this epoch: 17.1516 s
=====> Epoch: 121/300, Train Loss (train loader labels): 8621120815104.0000, Train acc (train loader labels): 0.3405, Best val acc: 0.3570, Current val acc: 0.3470, Val Loss: 8278562570240.0000
=====> Saving current model and best model
balance: False
selecting samples for epoch 122, ratio 0.1
=====> Saving current model and best model
balance: False
selecting samples for epoch 123, ratio 0.1
=====> Saving current model and best model
balance: False
selecting samples for epoch 124, ratio 0.1
=====> Saving current model and best model
balance: False
selecting samples for epoch 125, ratio 0.1
=====> Saving current model and best model
balance: False
selecting samples for epoch 126, ratio 0.1
=====> Saving current model and best model
balance: False
selecting samples for epoch 127, ratio 0.1
=====> Saving current model and best model
balance: False
selecting samples for epoch 128, ratio 0.1
=====> Saving current model and best model
balance: False
selecting samples for epoch 129, ratio 0.1
=====> Saving current model and best model
balance: False
selecting samples for epoch 130, ratio 0.1
=====> Saving current model and best model
balance: False
selecting samples for epoch 131, ratio 0.1
=====> Saving current model and best model
balance: False
selecting samples for epoch 132, ratio 0.1
=====> Saving current model and best model
balance: False
selecting samples for epoch 133, ratio 0.1
=====> Saving current model and best model
balance: False
selecting samples for epoch 134, ratio 0.1
=====> Saving current model and best model
balance: False
selecting samples for epoch 135, ratio 0.1
=====> Saving current model and best model
balance: False
selecting samples for epoch 136, ratio 0.1
=====> Epoch: 136/300, Total_step: 6392, lr: 0.001000, Total Time: 3937.9618 s, Time this epoch: 17.0981 s
=====> Epoch: 136/300, Train Loss (train loader labels): 3286179774464.0000, Train acc (train loader labels): 0.3375, Best val acc: 0.3570, Current val acc: 0.3367, Val Loss: 3200110297088.0000
=====> Saving current model and best model
balance: False
selecting samples for epoch 137, ratio 0.1
=====> Saving current model and best model
balance: False
selecting samples for epoch 138, ratio 0.1
=====> Saving current model and best model
balance: False
selecting samples for epoch 139, ratio 0.1
=====> Saving current model and best model
balance: False
selecting samples for epoch 140, ratio 0.1
=====> Saving current model and best model
balance: False
selecting samples for epoch 141, ratio 0.1
=====> Saving current model and best model
balance: False
selecting samples for epoch 142, ratio 0.1
=====> Saving current model and best model
balance: False
selecting samples for epoch 143, ratio 0.1
=====> Saving current model and best model
balance: False
selecting samples for epoch 144, ratio 0.1
=====> Saving current model and best model
balance: False
selecting samples for epoch 145, ratio 0.1
=====> Saving current model and best model
balance: False
selecting samples for epoch 146, ratio 0.1
=====> Saving current model and best model
balance: False
selecting samples for epoch 147, ratio 0.1
=====> Saving current model and best model
balance: False
selecting samples for epoch 148, ratio 0.1
=====> Saving current model and best model
balance: False
selecting samples for epoch 149, ratio 0.1
=====> Saving current model and best model
balance: False
selecting samples for epoch 150, ratio 0.1
=====> Saving current model and best model
balance: False
selecting samples for epoch 151, ratio 0.1
=====> Epoch: 151/300, Total_step: 7097, lr: 0.001000, Total Time: 4276.2325 s, Time this epoch: 17.0969 s
=====> Epoch: 151/300, Train Loss (train loader labels): 1009787535360.0000, Train acc (train loader labels): 0.3349, Best val acc: 0.3570, Current val acc: 0.3490, Val Loss: 997157896192.0000
=====> Saving current model and best model
balance: False
selecting samples for epoch 152, ratio 0.1
=====> Saving current model and best model
balance: False
selecting samples for epoch 153, ratio 0.1
=====> Saving current model and best model
balance: False
selecting samples for epoch 154, ratio 0.1
=====> Saving current model and best model
balance: False
selecting samples for epoch 155, ratio 0.1
=====> Saving current model and best model
balance: False
selecting samples for epoch 156, ratio 0.1
=====> Saving current model and best model
balance: False
selecting samples for epoch 157, ratio 0.1
=====> Saving current model and best model
balance: False
selecting samples for epoch 158, ratio 0.1
=====> Saving current model and best model
balance: False
selecting samples for epoch 159, ratio 0.1
=====> Saving current model and best model
balance: False
selecting samples for epoch 160, ratio 0.1
=====> Saving current model and best model
balance: False
selecting samples for epoch 161, ratio 0.1
=====> Saving current model and best model
balance: False
selecting samples for epoch 162, ratio 0.1
=====> Saving current model and best model
balance: False
selecting samples for epoch 163, ratio 0.1
=====> Saving current model and best model
balance: False
selecting samples for epoch 164, ratio 0.1
=====> Saving current model and best model
balance: False
selecting samples for epoch 165, ratio 0.1
=====> Saving current model and best model
balance: False
selecting samples for epoch 166, ratio 0.1
=====> Epoch: 166/300, Total_step: 7802, lr: 0.001000, Total Time: 4618.3466 s, Time this epoch: 17.0533 s
=====> Epoch: 166/300, Train Loss (train loader labels): 276438155264.0000, Train acc (train loader labels): 0.3327, Best val acc: 0.3570, Current val acc: 0.3473, Val Loss: 277701197824.0000
=====> Saving current model and best model
balance: False
selecting samples for epoch 167, ratio 0.1
=====> Saving current model and best model
balance: False
selecting samples for epoch 168, ratio 0.1
=====> Saving current model and best model
balance: False
selecting samples for epoch 169, ratio 0.1
=====> Saving current model and best model
balance: False
selecting samples for epoch 170, ratio 0.1
=====> Saving current model and best model
balance: False
selecting samples for epoch 171, ratio 0.1
=====> Saving current model and best model
balance: False
selecting samples for epoch 172, ratio 0.1
=====> Saving current model and best model
balance: False
selecting samples for epoch 173, ratio 0.1
=====> Saving current model and best model
balance: False
selecting samples for epoch 174, ratio 0.1
=====> Saving current model and best model
balance: False
selecting samples for epoch 175, ratio 0.1
=====> Saving current model and best model
balance: False
selecting samples for epoch 176, ratio 0.1
=====> Saving current model and best model
balance: False
selecting samples for epoch 177, ratio 0.1
=====> Saving current model and best model
balance: False
selecting samples for epoch 178, ratio 0.1
=====> Saving current model and best model
balance: False
selecting samples for epoch 179, ratio 0.1
=====> Saving current model and best model
balance: False
selecting samples for epoch 180, ratio 0.1
=====> Saving current model and best model
balance: False
selecting samples for epoch 181, ratio 0.1
=====> Epoch: 181/300, Total_step: 8507, lr: 0.001000, Total Time: 4958.1987 s, Time this epoch: 17.1728 s
=====> Epoch: 181/300, Train Loss (train loader labels): 594990071808.0000, Train acc (train loader labels): 0.3319, Best val acc: 0.3570, Current val acc: 0.3290, Val Loss: 604287533056.0000
=====> Saving current model and best model
balance: False
selecting samples for epoch 182, ratio 0.1
=====> Saving current model and best model
balance: False
selecting samples for epoch 183, ratio 0.1
=====> Saving current model and best model
balance: False
selecting samples for epoch 184, ratio 0.1
=====> Saving current model and best model
balance: False
selecting samples for epoch 185, ratio 0.1
=====> Saving current model and best model
balance: False
selecting samples for epoch 186, ratio 0.1
=====> Saving current model and best model
balance: False
selecting samples for epoch 187, ratio 0.1
=====> Saving current model and best model
balance: False
selecting samples for epoch 188, ratio 0.1
=====> Saving current model and best model
balance: False
selecting samples for epoch 189, ratio 0.1
=====> Saving current model and best model
balance: False
selecting samples for epoch 190, ratio 0.1
=====> Saving current model and best model
balance: False
selecting samples for epoch 191, ratio 0.1
=====> Saving current model and best model
balance: False
selecting samples for epoch 192, ratio 0.1
=====> Saving current model and best model
balance: False
selecting samples for epoch 193, ratio 0.1
=====> Saving current model and best model
balance: False
selecting samples for epoch 194, ratio 0.1
=====> Saving current model and best model
balance: False
selecting samples for epoch 195, ratio 0.1
=====> Saving current model and best model
balance: False
selecting samples for epoch 196, ratio 0.1
=====> Epoch: 196/300, Total_step: 9212, lr: 0.001000, Total Time: 5298.0373 s, Time this epoch: 17.2431 s
=====> Epoch: 196/300, Train Loss (train loader labels): 124575006720.0000, Train acc (train loader labels): 0.3316, Best val acc: 0.3570, Current val acc: 0.3387, Val Loss: 124782575616.0000
=====> Saving current model and best model
balance: False
selecting samples for epoch 197, ratio 0.1
=====> Saving current model and best model
balance: False
selecting samples for epoch 198, ratio 0.1
=====> Saving current model and best model
balance: False
selecting samples for epoch 199, ratio 0.1
=====> Saving current model and best model
balance: False
selecting samples for epoch 200, ratio 0.1
=====> Saving current model and best model
balance: False
selecting samples for epoch 201, ratio 0.1
=====> Saving current model and best model
balance: False
selecting samples for epoch 202, ratio 0.1
=====> Saving current model and best model
balance: False
selecting samples for epoch 203, ratio 0.1
=====> Saving current model and best model
balance: False
selecting samples for epoch 204, ratio 0.1
=====> Saving current model and best model
balance: False
selecting samples for epoch 205, ratio 0.1
=====> Saving current model and best model
balance: False
selecting samples for epoch 206, ratio 0.1
=====> Saving current model and best model
balance: False
selecting samples for epoch 207, ratio 0.1
=====> Saving current model and best model
balance: False
selecting samples for epoch 208, ratio 0.1
=====> Saving current model and best model
balance: False
selecting samples for epoch 209, ratio 0.1
=====> Saving current model and best model
balance: False
selecting samples for epoch 210, ratio 0.1
=====> Saving current model and best model
balance: False
selecting samples for epoch 211, ratio 0.1
=====> Epoch: 211/300, Total_step: 9917, lr: 0.001000, Total Time: 5634.9574 s, Time this epoch: 17.2397 s
=====> Epoch: 211/300, Train Loss (train loader labels): 16808077312.0000, Train acc (train loader labels): 0.3234, Best val acc: 0.3570, Current val acc: 0.3120, Val Loss: 17362841600.0000
=====> Saving current model and best model
balance: False
selecting samples for epoch 212, ratio 0.1
=====> Saving current model and best model
balance: False
selecting samples for epoch 213, ratio 0.1
=====> Saving current model and best model
balance: False
selecting samples for epoch 214, ratio 0.1
=====> Saving current model and best model
balance: False
selecting samples for epoch 215, ratio 0.1
=====> Saving current model and best model
balance: False
selecting samples for epoch 216, ratio 0.1
=====> Saving current model and best model
balance: False
selecting samples for epoch 217, ratio 0.1
=====> Saving current model and best model
balance: False
selecting samples for epoch 218, ratio 0.1
=====> Saving current model and best model
balance: False
selecting samples for epoch 219, ratio 0.1
=====> Saving current model and best model
balance: False
selecting samples for epoch 220, ratio 0.1
=====> Saving current model and best model
balance: False
selecting samples for epoch 221, ratio 0.1
=====> Saving current model and best model
balance: False
selecting samples for epoch 222, ratio 0.1
=====> Saving current model and best model
balance: False
selecting samples for epoch 223, ratio 0.1
=====> Saving current model and best model
balance: False
selecting samples for epoch 224, ratio 0.1
=====> Saving current model and best model
balance: False
selecting samples for epoch 225, ratio 0.1
=====> Saving current model and best model
balance: False
selecting samples for epoch 226, ratio 0.1
=====> Epoch: 226/300, Total_step: 10622, lr: 0.001000, Total Time: 5968.3219 s, Time this epoch: 17.4750 s
=====> Epoch: 226/300, Train Loss (train loader labels): 4343748096.0000, Train acc (train loader labels): 0.3220, Best val acc: 0.3570, Current val acc: 0.3170, Val Loss: 4423631872.0000
=====> Saving current model and best model
balance: False
selecting samples for epoch 227, ratio 0.1
=====> Saving current model and best model
balance: False
selecting samples for epoch 228, ratio 0.1
=====> Saving current model and best model
balance: False
selecting samples for epoch 229, ratio 0.1
=====> Saving current model and best model
balance: False
selecting samples for epoch 230, ratio 0.1
=====> Saving current model and best model
balance: False
selecting samples for epoch 231, ratio 0.1
=====> Saving current model and best model
balance: False
selecting samples for epoch 232, ratio 0.1
=====> Saving current model and best model
balance: False
selecting samples for epoch 233, ratio 0.1
=====> Saving current model and best model
balance: False
selecting samples for epoch 234, ratio 0.1
=====> Saving current model and best model
balance: False
selecting samples for epoch 235, ratio 0.1
=====> Saving current model and best model
balance: False
selecting samples for epoch 236, ratio 0.1
=====> Saving current model and best model
balance: False
selecting samples for epoch 237, ratio 0.1
=====> Saving current model and best model
balance: False
selecting samples for epoch 238, ratio 0.1
=====> Saving current model and best model
balance: False
selecting samples for epoch 239, ratio 0.1
=====> Saving current model and best model
balance: False
selecting samples for epoch 240, ratio 0.1
=====> Saving current model and best model
balance: False
selecting samples for epoch 241, ratio 0.1
=====> Epoch: 241/300, Total_step: 11327, lr: 0.001000, Total Time: 6309.4228 s, Time this epoch: 17.8352 s
=====> Epoch: 241/300, Train Loss (train loader labels): 1380482048.0000, Train acc (train loader labels): 0.3061, Best val acc: 0.3570, Current val acc: 0.2910, Val Loss: 1536817792.0000
=====> Saving current model and best model
balance: False
selecting samples for epoch 242, ratio 0.1
=====> Saving current model and best model
balance: False
selecting samples for epoch 243, ratio 0.1
=====> Saving current model and best model
balance: False
selecting samples for epoch 244, ratio 0.1
=====> Saving current model and best model
balance: False
selecting samples for epoch 245, ratio 0.1
=====> Saving current model and best model
balance: False
selecting samples for epoch 246, ratio 0.1
=====> Saving current model and best model
balance: False
selecting samples for epoch 247, ratio 0.1
=====> Saving current model and best model
balance: False
selecting samples for epoch 248, ratio 0.1
=====> Saving current model and best model
balance: False
selecting samples for epoch 249, ratio 0.1
=====> Saving current model and best model
balance: False
selecting samples for epoch 250, ratio 0.1
=====> Saving current model and best model
balance: False
selecting samples for epoch 251, ratio 0.1
=====> Saving current model and best model
balance: False
selecting samples for epoch 252, ratio 0.1
=====> Saving current model and best model
balance: False
selecting samples for epoch 253, ratio 0.1
=====> Saving current model and best model
balance: False
selecting samples for epoch 254, ratio 0.1
=====> Saving current model and best model
balance: False
selecting samples for epoch 255, ratio 0.1
=====> Saving current model and best model
balance: False
selecting samples for epoch 256, ratio 0.1
=====> Epoch: 256/300, Total_step: 12032, lr: 0.001000, Total Time: 6650.0031 s, Time this epoch: 17.1294 s
=====> Epoch: 256/300, Train Loss (train loader labels): 638138560.0000, Train acc (train loader labels): 0.3205, Best val acc: 0.3570, Current val acc: 0.3167, Val Loss: 716327424.0000
=====> Saving current model and best model
balance: False
selecting samples for epoch 257, ratio 0.1
=====> Saving current model and best model
balance: False
selecting samples for epoch 258, ratio 0.1
=====> Saving current model and best model
balance: False
selecting samples for epoch 259, ratio 0.1
=====> Saving current model and best model
balance: False
selecting samples for epoch 260, ratio 0.1
=====> Saving current model and best model
balance: False
selecting samples for epoch 261, ratio 0.1
=====> Saving current model and best model
balance: False
selecting samples for epoch 262, ratio 0.1
=====> Saving current model and best model
balance: False
selecting samples for epoch 263, ratio 0.1
=====> Saving current model and best model
balance: False
selecting samples for epoch 264, ratio 0.1
=====> Saving current model and best model
balance: False
selecting samples for epoch 265, ratio 0.1
=====> Saving current model and best model
balance: False
selecting samples for epoch 266, ratio 0.1
=====> Saving current model and best model
balance: False
selecting samples for epoch 267, ratio 0.1
=====> Saving current model and best model
balance: False
selecting samples for epoch 268, ratio 0.1
=====> Saving current model and best model
balance: False
selecting samples for epoch 269, ratio 0.1
=====> Saving current model and best model
balance: False
selecting samples for epoch 270, ratio 0.1
=====> Saving current model and best model
balance: False
selecting samples for epoch 271, ratio 0.1
=====> Epoch: 271/300, Total_step: 12737, lr: 0.001000, Total Time: 6982.9509 s, Time this epoch: 17.1547 s
=====> Epoch: 271/300, Train Loss (train loader labels): 293974272.0000, Train acc (train loader labels): 0.3057, Best val acc: 0.3570, Current val acc: 0.2993, Val Loss: 322795008.0000
=====> Saving current model and best model
balance: False
selecting samples for epoch 272, ratio 0.1
=====> Saving current model and best model
balance: False
selecting samples for epoch 273, ratio 0.1
=====> Saving current model and best model
balance: False
selecting samples for epoch 274, ratio 0.1
=====> Saving current model and best model
balance: False
selecting samples for epoch 275, ratio 0.1
=====> Saving current model and best model
balance: False
selecting samples for epoch 276, ratio 0.1
=====> Saving current model and best model
balance: False
selecting samples for epoch 277, ratio 0.1
=====> Saving current model and best model
balance: False
selecting samples for epoch 278, ratio 0.1
=====> Saving current model and best model
balance: False
selecting samples for epoch 279, ratio 0.1
=====> Saving current model and best model
balance: False
selecting samples for epoch 280, ratio 0.1
=====> Saving current model and best model
balance: False
selecting samples for epoch 281, ratio 0.1
=====> Saving current model and best model
balance: False
selecting samples for epoch 282, ratio 0.1
=====> Saving current model and best model
balance: False
selecting samples for epoch 283, ratio 0.1
=====> Saving current model and best model
balance: False
selecting samples for epoch 284, ratio 0.1
=====> Saving current model and best model
balance: False
selecting samples for epoch 285, ratio 0.1
=====> Saving current model and best model
balance: False
selecting samples for epoch 286, ratio 0.1
=====> Epoch: 286/300, Total_step: 13442, lr: 0.001000, Total Time: 7312.4624 s, Time this epoch: 17.0955 s
=====> Epoch: 286/300, Train Loss (train loader labels): 160485168.0000, Train acc (train loader labels): 0.3155, Best val acc: 0.3570, Current val acc: 0.3100, Val Loss: 167524384.0000
=====> Saving current model and best model
balance: False
selecting samples for epoch 287, ratio 0.1
=====> Saving current model and best model
balance: False
selecting samples for epoch 288, ratio 0.1
=====> Saving current model and best model
balance: False
selecting samples for epoch 289, ratio 0.1
=====> Saving current model and best model
balance: False
selecting samples for epoch 290, ratio 0.1
=====> Saving current model and best model
balance: False
selecting samples for epoch 291, ratio 0.1
=====> Saving current model and best model
balance: False
selecting samples for epoch 292, ratio 0.1
=====> Saving current model and best model
balance: False
selecting samples for epoch 293, ratio 0.1
=====> Saving current model and best model
balance: False
selecting samples for epoch 294, ratio 0.1
=====> Saving current model and best model
balance: False
selecting samples for epoch 295, ratio 0.1
=====> Saving current model and best model
balance: False
selecting samples for epoch 296, ratio 0.1
=====> Saving current model and best model
balance: False
selecting samples for epoch 297, ratio 0.1
=====> Saving current model and best model
balance: False
selecting samples for epoch 298, ratio 0.1
=====> Saving current model and best model
balance: False
selecting samples for epoch 299, ratio 0.1
=====> Saving current model and best model
balance: False
selecting samples for epoch 300, ratio 0.1
=====> Epoch: 300/300, Total_step: 14100, lr: 0.001000, Total Time: 7620.6526 s, Time this epoch: 17.0718 s
=====> Epoch: 300/300, Train Loss (train loader labels): 78091920.0000, Train acc (train loader labels): 0.3250, Best val acc: 0.3570, Current val acc: 0.3147, Val Loss: 85904168.0000
=====> Saving current model and best model
Saved helper snapshots to /home/mward19/Documents/miller/Online-Batch-Selection/snapshots/CIFAR3/{"bsel":"RhoLoss","seed":1,"model":"DeepLinear","opt":"adamw","bs":320,"ratio":0.1,"lr":0.001,"wd":0.01,"layers":100,"hidden_dim":1000}.p
Saved selected points array to /home/mward19/Documents/miller/Online-Batch-Selection/selected_points/CIFAR3/{"bsel":"RhoLoss","seed":1,"model":"DeepLinear","opt":"adamw","bs":320,"ratio":0.1,"lr":0.001,"wd":0.01,"layers":100,"hidden_dim":1000}.npy
========================= End Main =========================
