save_dir: ./exp/MNIST/RhoLoss_deeplinear_bs320_ep300_lr0.001_AdamW_constant_seed3_r0.1_8_hidden
=====> Loading config files: 
configs/mnist/method/rholoss-0.1.yaml
configs/mnist/data/mnist.yaml
configs/mnist/model/deep_linear_saxe/deep_linear_8.yaml
configs/mnist/optim/adamw-320-0.001-0.01.yaml
configs/diagnostics/snapshots_log_interval.yaml
=====> Config files loaded.
========================= Start Main =========================
=====> Saving config file
=====> Config file saved
=====> Using fixed random seed: 3
=====> Wandb initialized
=====> Number of GPUs: 1
Creating RhoLoss...
Cached irreducible losses for 60000 samples in dataset.
=====> Start teacher Validation
=====> teacher Test Accuracy: 0.3469
Begin training for RhoLoss...
=====> Epoch: 0/300, Total_step: 0, lr: 0.001000, Total Time: 0.0000 s, Time this epoch: 0.0000 s
=====> Epoch: 0/300, Train Loss (train loader labels): 2.3029, Train acc (train loader labels): 0.1141, Best val acc: 0.1343, Current val acc: 0.1343, Val Loss: 2.3036
balance: False
selecting samples for epoch 1, ratio 0.1
=====> Epoch: 1/300, Total_step: 1, lr: 0.001000, Total Time: 0.0000 s, Time this epoch: 0.0000 s
=====> Epoch: 1/300, Train Loss (train loader labels): 2.3199, Train acc (train loader labels): 0.1622, Best val acc: 0.1343, Current val acc: 0.1238, Val Loss: 2.3195
=====> Epoch: 1/300, Total_step: 48, lr: 0.001000, Total Time: 0.0000 s, Time this epoch: 0.0000 s
=====> Epoch: 1/300, Train Loss (train loader labels): 2.2417, Train acc (train loader labels): 0.2545, Best val acc: 0.3466, Current val acc: 0.3466, Val Loss: 2.2400
=====> Epoch: 1/300, Total_step: 95, lr: 0.001000, Total Time: 0.0000 s, Time this epoch: 0.0000 s
=====> Epoch: 1/300, Train Loss (train loader labels): 2.2476, Train acc (train loader labels): 0.2316, Best val acc: 0.3466, Current val acc: 0.2624, Val Loss: 2.2426
=====> Epoch: 1/300, Total_step: 142, lr: 0.001000, Total Time: 0.0000 s, Time this epoch: 0.0000 s
=====> Epoch: 1/300, Train Loss (train loader labels): 2.2346, Train acc (train loader labels): 0.2533, Best val acc: 0.3466, Current val acc: 0.2820, Val Loss: 2.2257
=====> Saving current model and best model
balance: False
selecting samples for epoch 2, ratio 0.1
=====> Epoch: 2/300, Total_step: 189, lr: 0.001000, Total Time: 329.1843 s, Time this epoch: 273.2111 s
=====> Epoch: 2/300, Train Loss (train loader labels): 2.2392, Train acc (train loader labels): 0.2933, Best val acc: 0.3955, Current val acc: 0.3955, Val Loss: 2.2312
=====> Epoch: 2/300, Total_step: 236, lr: 0.001000, Total Time: 329.1843 s, Time this epoch: 273.2111 s
=====> Epoch: 2/300, Train Loss (train loader labels): 2.2529, Train acc (train loader labels): 0.2769, Best val acc: 0.3955, Current val acc: 0.3543, Val Loss: 2.2454
=====> Epoch: 2/300, Total_step: 283, lr: 0.001000, Total Time: 329.1843 s, Time this epoch: 273.2111 s
=====> Epoch: 2/300, Train Loss (train loader labels): 2.2401, Train acc (train loader labels): 0.2845, Best val acc: 0.3955, Current val acc: 0.3483, Val Loss: 2.2306
=====> Epoch: 2/300, Total_step: 330, lr: 0.001000, Total Time: 329.1843 s, Time this epoch: 273.2111 s
=====> Epoch: 2/300, Train Loss (train loader labels): 2.2386, Train acc (train loader labels): 0.2576, Best val acc: 0.3955, Current val acc: 0.3485, Val Loss: 2.2378
=====> Saving current model and best model
balance: False
selecting samples for epoch 3, ratio 0.1
=====> Epoch: 3/300, Total_step: 377, lr: 0.001000, Total Time: 606.6119 s, Time this epoch: 277.0625 s
=====> Epoch: 3/300, Train Loss (train loader labels): 2.2383, Train acc (train loader labels): 0.2527, Best val acc: 0.3955, Current val acc: 0.2814, Val Loss: 2.2358
=====> Epoch: 3/300, Total_step: 424, lr: 0.001000, Total Time: 606.6119 s, Time this epoch: 277.0625 s
=====> Epoch: 3/300, Train Loss (train loader labels): 2.2446, Train acc (train loader labels): 0.2808, Best val acc: 0.3955, Current val acc: 0.3521, Val Loss: 2.2367
=====> Epoch: 3/300, Total_step: 471, lr: 0.001000, Total Time: 606.6119 s, Time this epoch: 277.0625 s
=====> Epoch: 3/300, Train Loss (train loader labels): 2.2444, Train acc (train loader labels): 0.2731, Best val acc: 0.3955, Current val acc: 0.3613, Val Loss: 2.2419
=====> Epoch: 3/300, Total_step: 518, lr: 0.001000, Total Time: 606.6119 s, Time this epoch: 277.0625 s
=====> Epoch: 3/300, Train Loss (train loader labels): 2.2518, Train acc (train loader labels): 0.2827, Best val acc: 0.3955, Current val acc: 0.3146, Val Loss: 2.2484
=====> Saving current model and best model
balance: False
selecting samples for epoch 4, ratio 0.1
=====> Epoch: 4/300, Total_step: 565, lr: 0.001000, Total Time: 892.0672 s, Time this epoch: 285.0242 s
=====> Epoch: 4/300, Train Loss (train loader labels): 2.2336, Train acc (train loader labels): 0.2752, Best val acc: 0.3955, Current val acc: 0.3021, Val Loss: 2.2285
=====> Epoch: 4/300, Total_step: 612, lr: 0.001000, Total Time: 892.0672 s, Time this epoch: 285.0242 s
=====> Epoch: 4/300, Train Loss (train loader labels): 2.2380, Train acc (train loader labels): 0.2896, Best val acc: 0.3955, Current val acc: 0.3144, Val Loss: 2.2341
=====> Epoch: 4/300, Total_step: 659, lr: 0.001000, Total Time: 892.0672 s, Time this epoch: 285.0242 s
=====> Epoch: 4/300, Train Loss (train loader labels): 2.2465, Train acc (train loader labels): 0.2512, Best val acc: 0.3955, Current val acc: 0.3439, Val Loss: 2.2398
=====> Epoch: 4/300, Total_step: 706, lr: 0.001000, Total Time: 892.0672 s, Time this epoch: 285.0242 s
=====> Epoch: 4/300, Train Loss (train loader labels): 2.2419, Train acc (train loader labels): 0.2989, Best val acc: 0.3955, Current val acc: 0.3650, Val Loss: 2.2436
=====> Saving current model and best model
balance: False
selecting samples for epoch 5, ratio 0.1
=====> Epoch: 5/300, Total_step: 753, lr: 0.001000, Total Time: 1173.3239 s, Time this epoch: 280.8425 s
=====> Epoch: 5/300, Train Loss (train loader labels): 2.2435, Train acc (train loader labels): 0.3199, Best val acc: 0.4550, Current val acc: 0.4550, Val Loss: 2.2373
=====> Epoch: 5/300, Total_step: 800, lr: 0.001000, Total Time: 1173.3239 s, Time this epoch: 280.8425 s
=====> Epoch: 5/300, Train Loss (train loader labels): 2.2512, Train acc (train loader labels): 0.2520, Best val acc: 0.4550, Current val acc: 0.3135, Val Loss: 2.2444
=====> Epoch: 5/300, Total_step: 847, lr: 0.001000, Total Time: 1173.3239 s, Time this epoch: 280.8425 s
=====> Epoch: 5/300, Train Loss (train loader labels): 2.2575, Train acc (train loader labels): 0.2289, Best val acc: 0.4550, Current val acc: 0.2386, Val Loss: 2.2512
=====> Epoch: 5/300, Total_step: 894, lr: 0.001000, Total Time: 1173.3239 s, Time this epoch: 280.8425 s
=====> Epoch: 5/300, Train Loss (train loader labels): 2.2448, Train acc (train loader labels): 0.2890, Best val acc: 0.4550, Current val acc: 0.3387, Val Loss: 2.2422
=====> Saving current model and best model
balance: False
selecting samples for epoch 6, ratio 0.1
=====> Epoch: 6/300, Total_step: 1128, lr: 0.001000, Total Time: 1450.8914 s, Time this epoch: 277.2239 s
=====> Epoch: 6/300, Train Loss (train loader labels): 2.2512, Train acc (train loader labels): 0.2416, Best val acc: 0.4550, Current val acc: 0.3069, Val Loss: 2.2478
=====> Saving current model and best model
balance: False
selecting samples for epoch 7, ratio 0.1
=====> Epoch: 7/300, Total_step: 1316, lr: 0.001000, Total Time: 1558.0957 s, Time this epoch: 106.7870 s
=====> Epoch: 7/300, Train Loss (train loader labels): 2.2436, Train acc (train loader labels): 0.2858, Best val acc: 0.4550, Current val acc: 0.2558, Val Loss: 2.2395
=====> Saving current model and best model
balance: False
selecting samples for epoch 8, ratio 0.1
=====> Epoch: 8/300, Total_step: 1504, lr: 0.001000, Total Time: 1664.8643 s, Time this epoch: 106.4903 s
=====> Epoch: 8/300, Train Loss (train loader labels): 2.2405, Train acc (train loader labels): 0.2689, Best val acc: 0.4550, Current val acc: 0.3652, Val Loss: 2.2357
=====> Saving current model and best model
balance: False
selecting samples for epoch 9, ratio 0.1
=====> Epoch: 9/300, Total_step: 1692, lr: 0.001000, Total Time: 1772.1508 s, Time this epoch: 106.9440 s
=====> Epoch: 9/300, Train Loss (train loader labels): 2.2536, Train acc (train loader labels): 0.2657, Best val acc: 0.4550, Current val acc: 0.3729, Val Loss: 2.2494
=====> Saving current model and best model
balance: False
selecting samples for epoch 10, ratio 0.1
=====> Epoch: 10/300, Total_step: 1880, lr: 0.001000, Total Time: 1879.6778 s, Time this epoch: 107.2000 s
=====> Epoch: 10/300, Train Loss (train loader labels): 2.2643, Train acc (train loader labels): 0.2696, Best val acc: 0.4550, Current val acc: 0.3631, Val Loss: 2.2617
=====> Saving current model and best model
balance: False
selecting samples for epoch 11, ratio 0.1
=====> Epoch: 11/300, Total_step: 2068, lr: 0.001000, Total Time: 1986.5572 s, Time this epoch: 106.5623 s
=====> Epoch: 11/300, Train Loss (train loader labels): 2.2644, Train acc (train loader labels): 0.2501, Best val acc: 0.4550, Current val acc: 0.3016, Val Loss: 2.2589
=====> Saving current model and best model
balance: False
selecting samples for epoch 12, ratio 0.1
=====> Epoch: 12/300, Total_step: 2256, lr: 0.001000, Total Time: 2094.8297 s, Time this epoch: 107.9733 s
=====> Epoch: 12/300, Train Loss (train loader labels): 2.2458, Train acc (train loader labels): 0.2412, Best val acc: 0.4550, Current val acc: 0.3169, Val Loss: 2.2434
=====> Saving current model and best model
balance: False
selecting samples for epoch 13, ratio 0.1
=====> Epoch: 13/300, Total_step: 2444, lr: 0.001000, Total Time: 2201.3291 s, Time this epoch: 106.2051 s
=====> Epoch: 13/300, Train Loss (train loader labels): 2.2371, Train acc (train loader labels): 0.2966, Best val acc: 0.4550, Current val acc: 0.3306, Val Loss: 2.2325
=====> Saving current model and best model
balance: False
selecting samples for epoch 14, ratio 0.1
=====> Epoch: 14/300, Total_step: 2632, lr: 0.001000, Total Time: 2313.3880 s, Time this epoch: 111.7553 s
=====> Epoch: 14/300, Train Loss (train loader labels): 2.2531, Train acc (train loader labels): 0.2521, Best val acc: 0.4550, Current val acc: 0.3223, Val Loss: 2.2492
=====> Saving current model and best model
balance: False
selecting samples for epoch 15, ratio 0.1
=====> Epoch: 15/300, Total_step: 2820, lr: 0.001000, Total Time: 2420.1080 s, Time this epoch: 106.3854 s
=====> Epoch: 15/300, Train Loss (train loader labels): 2.2503, Train acc (train loader labels): 0.2523, Best val acc: 0.4550, Current val acc: 0.3022, Val Loss: 2.2469
=====> Saving current model and best model
balance: False
selecting samples for epoch 16, ratio 0.1
=====> Epoch: 16/300, Total_step: 3008, lr: 0.001000, Total Time: 2531.2045 s, Time this epoch: 110.7809 s
=====> Epoch: 16/300, Train Loss (train loader labels): 2.2531, Train acc (train loader labels): 0.2761, Best val acc: 0.4550, Current val acc: 0.3689, Val Loss: 2.2486
=====> Saving current model and best model
balance: False
selecting samples for epoch 17, ratio 0.1
=====> Epoch: 17/300, Total_step: 3196, lr: 0.001000, Total Time: 2637.7108 s, Time this epoch: 106.1977 s
=====> Epoch: 17/300, Train Loss (train loader labels): 2.2568, Train acc (train loader labels): 0.2638, Best val acc: 0.4550, Current val acc: 0.3171, Val Loss: 2.2524
=====> Saving current model and best model
balance: False
selecting samples for epoch 18, ratio 0.1
=====> Epoch: 18/300, Total_step: 3384, lr: 0.001000, Total Time: 2744.4068 s, Time this epoch: 106.3319 s
=====> Epoch: 18/300, Train Loss (train loader labels): 2.2567, Train acc (train loader labels): 0.2872, Best val acc: 0.4550, Current val acc: 0.3466, Val Loss: 2.2517
=====> Saving current model and best model
balance: False
selecting samples for epoch 19, ratio 0.1
=====> Epoch: 19/300, Total_step: 3572, lr: 0.001000, Total Time: 2855.5387 s, Time this epoch: 110.8188 s
=====> Epoch: 19/300, Train Loss (train loader labels): 2.2426, Train acc (train loader labels): 0.2763, Best val acc: 0.4550, Current val acc: 0.2904, Val Loss: 2.2370
=====> Saving current model and best model
balance: False
selecting samples for epoch 20, ratio 0.1
=====> Epoch: 20/300, Total_step: 3760, lr: 0.001000, Total Time: 2966.2672 s, Time this epoch: 110.4281 s
=====> Epoch: 20/300, Train Loss (train loader labels): 2.2495, Train acc (train loader labels): 0.2667, Best val acc: 0.4550, Current val acc: 0.2924, Val Loss: 2.2440
=====> Saving current model and best model
balance: False
selecting samples for epoch 21, ratio 0.1
=====> Epoch: 21/300, Total_step: 3948, lr: 0.001000, Total Time: 3075.7181 s, Time this epoch: 109.1535 s
=====> Epoch: 21/300, Train Loss (train loader labels): 164513.0781, Train acc (train loader labels): 0.1479, Best val acc: 0.4550, Current val acc: 0.1140, Val Loss: 194771.0156
=====> Saving current model and best model
balance: False
selecting samples for epoch 22, ratio 0.1
=====> Epoch: 22/300, Total_step: 4136, lr: 0.001000, Total Time: 3182.2643 s, Time this epoch: 106.2421 s
=====> Epoch: 22/300, Train Loss (train loader labels): 40.7397, Train acc (train loader labels): 0.1646, Best val acc: 0.4550, Current val acc: 0.1763, Val Loss: 28.7666
=====> Saving current model and best model
balance: False
selecting samples for epoch 23, ratio 0.1
=====> Epoch: 23/300, Total_step: 4324, lr: 0.001000, Total Time: 3294.2882 s, Time this epoch: 111.7040 s
=====> Epoch: 23/300, Train Loss (train loader labels): 20.7656, Train acc (train loader labels): 0.1676, Best val acc: 0.4550, Current val acc: 0.2015, Val Loss: 17.0749
=====> Saving current model and best model
balance: False
selecting samples for epoch 24, ratio 0.1
=====> Epoch: 24/300, Total_step: 4512, lr: 0.001000, Total Time: 3401.0866 s, Time this epoch: 106.3548 s
=====> Epoch: 24/300, Train Loss (train loader labels): 11.6131, Train acc (train loader labels): 0.2075, Best val acc: 0.4550, Current val acc: 0.2396, Val Loss: 9.1800
=====> Saving current model and best model
balance: False
selecting samples for epoch 25, ratio 0.1
=====> Epoch: 25/300, Total_step: 4700, lr: 0.001000, Total Time: 3508.4450 s, Time this epoch: 107.0002 s
=====> Epoch: 25/300, Train Loss (train loader labels): 10.6254, Train acc (train loader labels): 0.1700, Best val acc: 0.4550, Current val acc: 0.1883, Val Loss: 8.2598
=====> Saving current model and best model
balance: False
selecting samples for epoch 26, ratio 0.1
=====> Epoch: 26/300, Total_step: 4888, lr: 0.001000, Total Time: 3615.2165 s, Time this epoch: 106.4516 s
=====> Epoch: 26/300, Train Loss (train loader labels): 9.3122, Train acc (train loader labels): 0.1923, Best val acc: 0.4550, Current val acc: 0.1654, Val Loss: 7.8061
=====> Saving current model and best model
balance: False
selecting samples for epoch 27, ratio 0.1
=====> Saving current model and best model
balance: False
selecting samples for epoch 28, ratio 0.1
=====> Saving current model and best model
balance: False
selecting samples for epoch 29, ratio 0.1
=====> Epoch: 29/300, Total_step: 5452, lr: 0.001000, Total Time: 3823.7968 s, Time this epoch: 50.7144 s
=====> Epoch: 29/300, Train Loss (train loader labels): 7.9370, Train acc (train loader labels): 0.2291, Best val acc: 0.4550, Current val acc: 0.2518, Val Loss: 5.4280
=====> Saving current model and best model
balance: False
selecting samples for epoch 30, ratio 0.1
=====> Saving current model and best model
balance: False
selecting samples for epoch 31, ratio 0.1
=====> Saving current model and best model
balance: False
selecting samples for epoch 32, ratio 0.1
=====> Saving current model and best model
balance: False
selecting samples for epoch 33, ratio 0.1
=====> Epoch: 33/300, Total_step: 6204, lr: 0.001000, Total Time: 4083.6202 s, Time this epoch: 50.5175 s
=====> Epoch: 33/300, Train Loss (train loader labels): 5.3335, Train acc (train loader labels): 0.2763, Best val acc: 0.4550, Current val acc: 0.3296, Val Loss: 3.6787
=====> Saving current model and best model
balance: False
selecting samples for epoch 34, ratio 0.1
=====> Saving current model and best model
balance: False
selecting samples for epoch 35, ratio 0.1
=====> Saving current model and best model
balance: False
selecting samples for epoch 36, ratio 0.1
=====> Saving current model and best model
balance: False
selecting samples for epoch 37, ratio 0.1
=====> Epoch: 37/300, Total_step: 6956, lr: 0.001000, Total Time: 4343.5812 s, Time this epoch: 50.5561 s
=====> Epoch: 37/300, Train Loss (train loader labels): 3.1055, Train acc (train loader labels): 0.2598, Best val acc: 0.4550, Current val acc: 0.2739, Val Loss: 2.9045
=====> Saving current model and best model
balance: False
selecting samples for epoch 38, ratio 0.1
=====> Saving current model and best model
balance: False
selecting samples for epoch 39, ratio 0.1
=====> Saving current model and best model
balance: False
selecting samples for epoch 40, ratio 0.1
=====> Saving current model and best model
balance: False
selecting samples for epoch 41, ratio 0.1
=====> Epoch: 41/300, Total_step: 7708, lr: 0.001000, Total Time: 4603.0341 s, Time this epoch: 50.5971 s
=====> Epoch: 41/300, Train Loss (train loader labels): 2.5133, Train acc (train loader labels): 0.2462, Best val acc: 0.4550, Current val acc: 0.3494, Val Loss: 2.2820
=====> Saving current model and best model
balance: False
selecting samples for epoch 42, ratio 0.1
=====> Saving current model and best model
balance: False
selecting samples for epoch 43, ratio 0.1
=====> Saving current model and best model
balance: False
selecting samples for epoch 44, ratio 0.1
=====> Saving current model and best model
balance: False
selecting samples for epoch 45, ratio 0.1
=====> Epoch: 45/300, Total_step: 8460, lr: 0.001000, Total Time: 4862.8807 s, Time this epoch: 50.6313 s
=====> Epoch: 45/300, Train Loss (train loader labels): 2.1001, Train acc (train loader labels): 0.2623, Best val acc: 0.4550, Current val acc: 0.3189, Val Loss: 1.8625
=====> Saving current model and best model
balance: False
selecting samples for epoch 46, ratio 0.1
=====> Saving current model and best model
balance: False
selecting samples for epoch 47, ratio 0.1
=====> Saving current model and best model
balance: False
selecting samples for epoch 48, ratio 0.1
=====> Saving current model and best model
balance: False
selecting samples for epoch 49, ratio 0.1
=====> Epoch: 49/300, Total_step: 9212, lr: 0.001000, Total Time: 5126.8585 s, Time this epoch: 54.8393 s
=====> Epoch: 49/300, Train Loss (train loader labels): 2.1577, Train acc (train loader labels): 0.2237, Best val acc: 0.4550, Current val acc: 0.2269, Val Loss: 2.1398
=====> Saving current model and best model
balance: False
selecting samples for epoch 50, ratio 0.1
=====> Saving current model and best model
balance: False
selecting samples for epoch 51, ratio 0.1
=====> Saving current model and best model
balance: False
selecting samples for epoch 52, ratio 0.1
=====> Saving current model and best model
balance: False
selecting samples for epoch 53, ratio 0.1
=====> Epoch: 53/300, Total_step: 9964, lr: 0.001000, Total Time: 5393.8080 s, Time this epoch: 50.7879 s
=====> Epoch: 53/300, Train Loss (train loader labels): 2.0769, Train acc (train loader labels): 0.2424, Best val acc: 0.4550, Current val acc: 0.3548, Val Loss: 1.9332
=====> Saving current model and best model
balance: False
selecting samples for epoch 54, ratio 0.1
=====> Saving current model and best model
balance: False
selecting samples for epoch 55, ratio 0.1
=====> Saving current model and best model
balance: False
selecting samples for epoch 56, ratio 0.1
=====> Saving current model and best model
balance: False
selecting samples for epoch 57, ratio 0.1
=====> Epoch: 57/300, Total_step: 10716, lr: 0.001000, Total Time: 5656.3339 s, Time this epoch: 53.4496 s
=====> Epoch: 57/300, Train Loss (train loader labels): 2.0576, Train acc (train loader labels): 0.2394, Best val acc: 0.4550, Current val acc: 0.2269, Val Loss: 2.0570
=====> Saving current model and best model
balance: False
selecting samples for epoch 58, ratio 0.1
=====> Saving current model and best model
balance: False
selecting samples for epoch 59, ratio 0.1
=====> Saving current model and best model
balance: False
selecting samples for epoch 60, ratio 0.1
=====> Saving current model and best model
balance: False
selecting samples for epoch 61, ratio 0.1
=====> Epoch: 61/300, Total_step: 11468, lr: 0.001000, Total Time: 5917.1255 s, Time this epoch: 50.7778 s
=====> Epoch: 61/300, Train Loss (train loader labels): 2.1073, Train acc (train loader labels): 0.3016, Best val acc: 0.4550, Current val acc: 0.3626, Val Loss: 2.0844
=====> Saving current model and best model
balance: False
selecting samples for epoch 62, ratio 0.1
=====> Saving current model and best model
balance: False
selecting samples for epoch 63, ratio 0.1
=====> Saving current model and best model
balance: False
selecting samples for epoch 64, ratio 0.1
=====> Saving current model and best model
balance: False
selecting samples for epoch 65, ratio 0.1
=====> Epoch: 65/300, Total_step: 12220, lr: 0.001000, Total Time: 6176.9097 s, Time this epoch: 50.7919 s
=====> Epoch: 65/300, Train Loss (train loader labels): 2.1226, Train acc (train loader labels): 0.2792, Best val acc: 0.4550, Current val acc: 0.3444, Val Loss: 2.1201
=====> Saving current model and best model
balance: False
selecting samples for epoch 66, ratio 0.1
=====> Saving current model and best model
balance: False
selecting samples for epoch 67, ratio 0.1
=====> Saving current model and best model
balance: False
selecting samples for epoch 68, ratio 0.1
=====> Saving current model and best model
balance: False
selecting samples for epoch 69, ratio 0.1
=====> Saving current model and best model
balance: False
selecting samples for epoch 70, ratio 0.1
=====> Saving current model and best model
balance: False
selecting samples for epoch 71, ratio 0.1
=====> Saving current model and best model
balance: False
selecting samples for epoch 72, ratio 0.1
=====> Saving current model and best model
balance: False
selecting samples for epoch 73, ratio 0.1
=====> Saving current model and best model
balance: False
selecting samples for epoch 74, ratio 0.1
=====> Saving current model and best model
balance: False
selecting samples for epoch 75, ratio 0.1
=====> Saving current model and best model
balance: False
selecting samples for epoch 76, ratio 0.1
=====> Epoch: 76/300, Total_step: 14288, lr: 0.001000, Total Time: 6798.9830 s, Time this epoch: 50.9799 s
=====> Epoch: 76/300, Train Loss (train loader labels): 7.7910, Train acc (train loader labels): 0.2312, Best val acc: 0.4550, Current val acc: 0.2025, Val Loss: 7.2322
=====> Saving current model and best model
balance: False
selecting samples for epoch 77, ratio 0.1
=====> Saving current model and best model
balance: False
selecting samples for epoch 78, ratio 0.1
=====> Saving current model and best model
balance: False
selecting samples for epoch 79, ratio 0.1
=====> Saving current model and best model
balance: False
selecting samples for epoch 80, ratio 0.1
=====> Saving current model and best model
balance: False
selecting samples for epoch 81, ratio 0.1
=====> Saving current model and best model
balance: False
selecting samples for epoch 82, ratio 0.1
=====> Saving current model and best model
balance: False
selecting samples for epoch 83, ratio 0.1
=====> Saving current model and best model
balance: False
selecting samples for epoch 84, ratio 0.1
=====> Saving current model and best model
balance: False
selecting samples for epoch 85, ratio 0.1
=====> Saving current model and best model
balance: False
selecting samples for epoch 86, ratio 0.1
=====> Saving current model and best model
balance: False
selecting samples for epoch 87, ratio 0.1
=====> Saving current model and best model
balance: False
selecting samples for epoch 88, ratio 0.1
=====> Saving current model and best model
balance: False
selecting samples for epoch 89, ratio 0.1
=====> Saving current model and best model
balance: False
selecting samples for epoch 90, ratio 0.1
=====> Saving current model and best model
balance: False
selecting samples for epoch 91, ratio 0.1
=====> Epoch: 91/300, Total_step: 17108, lr: 0.001000, Total Time: 7635.6858 s, Time this epoch: 50.7405 s
=====> Epoch: 91/300, Train Loss (train loader labels): 2.1772, Train acc (train loader labels): 0.2578, Best val acc: 0.4550, Current val acc: 0.3278, Val Loss: 1.9996
=====> Saving current model and best model
balance: False
selecting samples for epoch 92, ratio 0.1
=====> Saving current model and best model
balance: False
selecting samples for epoch 93, ratio 0.1
=====> Saving current model and best model
balance: False
selecting samples for epoch 94, ratio 0.1
=====> Saving current model and best model
balance: False
selecting samples for epoch 95, ratio 0.1
=====> Saving current model and best model
balance: False
selecting samples for epoch 96, ratio 0.1
=====> Saving current model and best model
balance: False
selecting samples for epoch 97, ratio 0.1
=====> Saving current model and best model
balance: False
selecting samples for epoch 98, ratio 0.1
=====> Saving current model and best model
balance: False
selecting samples for epoch 99, ratio 0.1
=====> Saving current model and best model
balance: False
selecting samples for epoch 100, ratio 0.1
=====> Saving current model and best model
balance: False
selecting samples for epoch 101, ratio 0.1
=====> Saving current model and best model
balance: False
selecting samples for epoch 102, ratio 0.1
=====> Saving current model and best model
balance: False
selecting samples for epoch 103, ratio 0.1
=====> Saving current model and best model
balance: False
selecting samples for epoch 104, ratio 0.1
=====> Saving current model and best model
balance: False
selecting samples for epoch 105, ratio 0.1
=====> Saving current model and best model
balance: False
selecting samples for epoch 106, ratio 0.1
=====> Epoch: 106/300, Total_step: 19928, lr: 0.001000, Total Time: 8460.9990 s, Time this epoch: 50.8027 s
=====> Epoch: 106/300, Train Loss (train loader labels): 2.1027, Train acc (train loader labels): 0.2645, Best val acc: 0.4550, Current val acc: 0.3285, Val Loss: 2.0392
=====> Saving current model and best model
balance: False
selecting samples for epoch 107, ratio 0.1
=====> Saving current model and best model
balance: False
selecting samples for epoch 108, ratio 0.1
=====> Saving current model and best model
balance: False
selecting samples for epoch 109, ratio 0.1
=====> Saving current model and best model
balance: False
selecting samples for epoch 110, ratio 0.1
=====> Saving current model and best model
balance: False
selecting samples for epoch 111, ratio 0.1
=====> Saving current model and best model
balance: False
selecting samples for epoch 112, ratio 0.1
=====> Saving current model and best model
balance: False
selecting samples for epoch 113, ratio 0.1
=====> Saving current model and best model
balance: False
selecting samples for epoch 114, ratio 0.1
=====> Saving current model and best model
balance: False
selecting samples for epoch 115, ratio 0.1
=====> Saving current model and best model
balance: False
selecting samples for epoch 116, ratio 0.1
=====> Saving current model and best model
balance: False
selecting samples for epoch 117, ratio 0.1
=====> Saving current model and best model
balance: False
selecting samples for epoch 118, ratio 0.1
=====> Saving current model and best model
balance: False
selecting samples for epoch 119, ratio 0.1
=====> Saving current model and best model
balance: False
selecting samples for epoch 120, ratio 0.1
=====> Saving current model and best model
balance: False
selecting samples for epoch 121, ratio 0.1
=====> Epoch: 121/300, Total_step: 22748, lr: 0.001000, Total Time: 9287.0405 s, Time this epoch: 50.8944 s
=====> Epoch: 121/300, Train Loss (train loader labels): 10.3634, Train acc (train loader labels): 0.1947, Best val acc: 0.4550, Current val acc: 0.2201, Val Loss: 8.9437
=====> Saving current model and best model
balance: False
selecting samples for epoch 122, ratio 0.1
=====> Saving current model and best model
balance: False
selecting samples for epoch 123, ratio 0.1
=====> Saving current model and best model
balance: False
selecting samples for epoch 124, ratio 0.1
=====> Saving current model and best model
balance: False
selecting samples for epoch 125, ratio 0.1
=====> Saving current model and best model
balance: False
selecting samples for epoch 126, ratio 0.1
=====> Saving current model and best model
balance: False
selecting samples for epoch 127, ratio 0.1
=====> Saving current model and best model
balance: False
selecting samples for epoch 128, ratio 0.1
=====> Saving current model and best model
balance: False
selecting samples for epoch 129, ratio 0.1
=====> Saving current model and best model
balance: False
selecting samples for epoch 130, ratio 0.1
=====> Saving current model and best model
balance: False
selecting samples for epoch 131, ratio 0.1
=====> Saving current model and best model
balance: False
selecting samples for epoch 132, ratio 0.1
=====> Saving current model and best model
balance: False
selecting samples for epoch 133, ratio 0.1
=====> Saving current model and best model
balance: False
selecting samples for epoch 134, ratio 0.1
=====> Saving current model and best model
balance: False
selecting samples for epoch 135, ratio 0.1
=====> Saving current model and best model
balance: False
selecting samples for epoch 136, ratio 0.1
=====> Epoch: 136/300, Total_step: 25568, lr: 0.001000, Total Time: 10115.9519 s, Time this epoch: 52.2066 s
=====> Epoch: 136/300, Train Loss (train loader labels): 2.5810, Train acc (train loader labels): 0.2355, Best val acc: 0.4550, Current val acc: 0.2601, Val Loss: 2.2474
=====> Saving current model and best model
balance: False
selecting samples for epoch 137, ratio 0.1
=====> Saving current model and best model
balance: False
selecting samples for epoch 138, ratio 0.1
=====> Saving current model and best model
balance: False
selecting samples for epoch 139, ratio 0.1
=====> Saving current model and best model
balance: False
selecting samples for epoch 140, ratio 0.1
=====> Saving current model and best model
balance: False
selecting samples for epoch 141, ratio 0.1
=====> Saving current model and best model
balance: False
selecting samples for epoch 142, ratio 0.1
=====> Saving current model and best model
balance: False
selecting samples for epoch 143, ratio 0.1
=====> Saving current model and best model
balance: False
selecting samples for epoch 144, ratio 0.1
=====> Saving current model and best model
balance: False
selecting samples for epoch 145, ratio 0.1
=====> Saving current model and best model
balance: False
selecting samples for epoch 146, ratio 0.1
=====> Saving current model and best model
balance: False
selecting samples for epoch 147, ratio 0.1
=====> Saving current model and best model
balance: False
selecting samples for epoch 148, ratio 0.1
=====> Saving current model and best model
balance: False
selecting samples for epoch 149, ratio 0.1
=====> Saving current model and best model
balance: False
selecting samples for epoch 150, ratio 0.1
=====> Saving current model and best model
balance: False
selecting samples for epoch 151, ratio 0.1
=====> Epoch: 151/300, Total_step: 28388, lr: 0.001000, Total Time: 10952.0659 s, Time this epoch: 50.5528 s
=====> Epoch: 151/300, Train Loss (train loader labels): 2.0836, Train acc (train loader labels): 0.2532, Best val acc: 0.4550, Current val acc: 0.3391, Val Loss: 1.9289
=====> Saving current model and best model
balance: False
selecting samples for epoch 152, ratio 0.1
=====> Saving current model and best model
balance: False
selecting samples for epoch 153, ratio 0.1
=====> Saving current model and best model
balance: False
selecting samples for epoch 154, ratio 0.1
=====> Saving current model and best model
balance: False
selecting samples for epoch 155, ratio 0.1
=====> Saving current model and best model
balance: False
selecting samples for epoch 156, ratio 0.1
=====> Saving current model and best model
balance: False
selecting samples for epoch 157, ratio 0.1
=====> Saving current model and best model
balance: False
selecting samples for epoch 158, ratio 0.1
=====> Saving current model and best model
balance: False
selecting samples for epoch 159, ratio 0.1
=====> Saving current model and best model
balance: False
selecting samples for epoch 160, ratio 0.1
=====> Saving current model and best model
balance: False
selecting samples for epoch 161, ratio 0.1
=====> Saving current model and best model
balance: False
selecting samples for epoch 162, ratio 0.1
=====> Saving current model and best model
balance: False
selecting samples for epoch 163, ratio 0.1
=====> Saving current model and best model
balance: False
selecting samples for epoch 164, ratio 0.1
=====> Saving current model and best model
balance: False
selecting samples for epoch 165, ratio 0.1
=====> Saving current model and best model
balance: False
selecting samples for epoch 166, ratio 0.1
=====> Epoch: 166/300, Total_step: 31208, lr: 0.001000, Total Time: 11781.0547 s, Time this epoch: 53.4868 s
=====> Epoch: 166/300, Train Loss (train loader labels): 25.7520, Train acc (train loader labels): 0.2541, Best val acc: 0.4550, Current val acc: 0.3787, Val Loss: 15.3124
=====> Saving current model and best model
balance: False
selecting samples for epoch 167, ratio 0.1
=====> Saving current model and best model
balance: False
selecting samples for epoch 168, ratio 0.1
=====> Saving current model and best model
balance: False
selecting samples for epoch 169, ratio 0.1
=====> Saving current model and best model
balance: False
selecting samples for epoch 170, ratio 0.1
=====> Saving current model and best model
balance: False
selecting samples for epoch 171, ratio 0.1
=====> Saving current model and best model
balance: False
selecting samples for epoch 172, ratio 0.1
=====> Saving current model and best model
balance: False
selecting samples for epoch 173, ratio 0.1
=====> Saving current model and best model
balance: False
selecting samples for epoch 174, ratio 0.1
=====> Saving current model and best model
balance: False
selecting samples for epoch 175, ratio 0.1
=====> Saving current model and best model
balance: False
selecting samples for epoch 176, ratio 0.1
=====> Saving current model and best model
balance: False
selecting samples for epoch 177, ratio 0.1
=====> Saving current model and best model
balance: False
selecting samples for epoch 178, ratio 0.1
=====> Saving current model and best model
balance: False
selecting samples for epoch 179, ratio 0.1
=====> Saving current model and best model
balance: False
selecting samples for epoch 180, ratio 0.1
=====> Saving current model and best model
balance: False
selecting samples for epoch 181, ratio 0.1
=====> Epoch: 181/300, Total_step: 34028, lr: 0.001000, Total Time: 12609.0942 s, Time this epoch: 50.7208 s
=====> Epoch: 181/300, Train Loss (train loader labels): 4.6436, Train acc (train loader labels): 0.2815, Best val acc: 0.4550, Current val acc: 0.3158, Val Loss: 3.4230
=====> Saving current model and best model
balance: False
selecting samples for epoch 182, ratio 0.1
=====> Saving current model and best model
balance: False
selecting samples for epoch 183, ratio 0.1
=====> Saving current model and best model
balance: False
selecting samples for epoch 184, ratio 0.1
=====> Saving current model and best model
balance: False
selecting samples for epoch 185, ratio 0.1
=====> Saving current model and best model
balance: False
selecting samples for epoch 186, ratio 0.1
=====> Saving current model and best model
balance: False
selecting samples for epoch 187, ratio 0.1
=====> Saving current model and best model
balance: False
selecting samples for epoch 188, ratio 0.1
=====> Saving current model and best model
balance: False
selecting samples for epoch 189, ratio 0.1
=====> Saving current model and best model
balance: False
selecting samples for epoch 190, ratio 0.1
=====> Saving current model and best model
balance: False
selecting samples for epoch 191, ratio 0.1
=====> Saving current model and best model
balance: False
selecting samples for epoch 192, ratio 0.1
=====> Saving current model and best model
balance: False
selecting samples for epoch 193, ratio 0.1
=====> Saving current model and best model
balance: False
selecting samples for epoch 194, ratio 0.1
=====> Saving current model and best model
balance: False
selecting samples for epoch 195, ratio 0.1
=====> Saving current model and best model
balance: False
selecting samples for epoch 196, ratio 0.1
=====> Epoch: 196/300, Total_step: 36848, lr: 0.001000, Total Time: 13444.1371 s, Time this epoch: 56.1421 s
=====> Epoch: 196/300, Train Loss (train loader labels): 2.6246, Train acc (train loader labels): 0.1923, Best val acc: 0.4550, Current val acc: 0.2214, Val Loss: 2.4441
=====> Saving current model and best model
balance: False
selecting samples for epoch 197, ratio 0.1
=====> Saving current model and best model
balance: False
selecting samples for epoch 198, ratio 0.1
=====> Saving current model and best model
balance: False
selecting samples for epoch 199, ratio 0.1
=====> Saving current model and best model
balance: False
selecting samples for epoch 200, ratio 0.1
=====> Saving current model and best model
balance: False
selecting samples for epoch 201, ratio 0.1
=====> Saving current model and best model
balance: False
selecting samples for epoch 202, ratio 0.1
=====> Saving current model and best model
balance: False
selecting samples for epoch 203, ratio 0.1
=====> Saving current model and best model
balance: False
selecting samples for epoch 204, ratio 0.1
=====> Saving current model and best model
balance: False
selecting samples for epoch 205, ratio 0.1
=====> Saving current model and best model
balance: False
selecting samples for epoch 206, ratio 0.1
=====> Saving current model and best model
balance: False
selecting samples for epoch 207, ratio 0.1
=====> Saving current model and best model
balance: False
selecting samples for epoch 208, ratio 0.1
=====> Saving current model and best model
balance: False
selecting samples for epoch 209, ratio 0.1
=====> Saving current model and best model
balance: False
selecting samples for epoch 210, ratio 0.1
=====> Saving current model and best model
balance: False
selecting samples for epoch 211, ratio 0.1
=====> Epoch: 211/300, Total_step: 39668, lr: 0.001000, Total Time: 14281.5232 s, Time this epoch: 50.7091 s
=====> Epoch: 211/300, Train Loss (train loader labels): 5.9649, Train acc (train loader labels): 0.2180, Best val acc: 0.4550, Current val acc: 0.2340, Val Loss: 5.1078
=====> Saving current model and best model
balance: False
selecting samples for epoch 212, ratio 0.1
=====> Saving current model and best model
balance: False
selecting samples for epoch 213, ratio 0.1
=====> Saving current model and best model
balance: False
selecting samples for epoch 214, ratio 0.1
=====> Saving current model and best model
balance: False
selecting samples for epoch 215, ratio 0.1
=====> Saving current model and best model
balance: False
selecting samples for epoch 216, ratio 0.1
=====> Saving current model and best model
balance: False
selecting samples for epoch 217, ratio 0.1
=====> Saving current model and best model
balance: False
selecting samples for epoch 218, ratio 0.1
=====> Saving current model and best model
balance: False
selecting samples for epoch 219, ratio 0.1
=====> Saving current model and best model
balance: False
selecting samples for epoch 220, ratio 0.1
=====> Saving current model and best model
balance: False
selecting samples for epoch 221, ratio 0.1
=====> Saving current model and best model
balance: False
selecting samples for epoch 222, ratio 0.1
=====> Saving current model and best model
balance: False
selecting samples for epoch 223, ratio 0.1
=====> Saving current model and best model
balance: False
selecting samples for epoch 224, ratio 0.1
=====> Saving current model and best model
balance: False
selecting samples for epoch 225, ratio 0.1
=====> Saving current model and best model
balance: False
selecting samples for epoch 226, ratio 0.1
=====> Epoch: 226/300, Total_step: 42488, lr: 0.001000, Total Time: 15110.3515 s, Time this epoch: 50.8431 s
=====> Epoch: 226/300, Train Loss (train loader labels): 2.1954, Train acc (train loader labels): 0.2265, Best val acc: 0.4550, Current val acc: 0.2163, Val Loss: 2.1859
=====> Saving current model and best model
balance: False
selecting samples for epoch 227, ratio 0.1
=====> Saving current model and best model
balance: False
selecting samples for epoch 228, ratio 0.1
=====> Saving current model and best model
balance: False
selecting samples for epoch 229, ratio 0.1
=====> Saving current model and best model
balance: False
selecting samples for epoch 230, ratio 0.1
=====> Saving current model and best model
balance: False
selecting samples for epoch 231, ratio 0.1
=====> Saving current model and best model
balance: False
selecting samples for epoch 232, ratio 0.1
=====> Saving current model and best model
balance: False
selecting samples for epoch 233, ratio 0.1
=====> Saving current model and best model
balance: False
selecting samples for epoch 234, ratio 0.1
=====> Saving current model and best model
balance: False
selecting samples for epoch 235, ratio 0.1
=====> Saving current model and best model
balance: False
selecting samples for epoch 236, ratio 0.1
=====> Saving current model and best model
balance: False
selecting samples for epoch 237, ratio 0.1
=====> Saving current model and best model
balance: False
selecting samples for epoch 238, ratio 0.1
=====> Saving current model and best model
balance: False
selecting samples for epoch 239, ratio 0.1
=====> Saving current model and best model
balance: False
selecting samples for epoch 240, ratio 0.1
=====> Saving current model and best model
balance: False
selecting samples for epoch 241, ratio 0.1
=====> Epoch: 241/300, Total_step: 45308, lr: 0.001000, Total Time: 15942.9634 s, Time this epoch: 54.4208 s
=====> Epoch: 241/300, Train Loss (train loader labels): 2.0764, Train acc (train loader labels): 0.2520, Best val acc: 0.4550, Current val acc: 0.2701, Val Loss: 2.0638
=====> Saving current model and best model
balance: False
selecting samples for epoch 242, ratio 0.1
=====> Saving current model and best model
balance: False
selecting samples for epoch 243, ratio 0.1
=====> Saving current model and best model
balance: False
selecting samples for epoch 244, ratio 0.1
=====> Saving current model and best model
balance: False
selecting samples for epoch 245, ratio 0.1
=====> Saving current model and best model
balance: False
selecting samples for epoch 246, ratio 0.1
=====> Saving current model and best model
balance: False
selecting samples for epoch 247, ratio 0.1
=====> Saving current model and best model
balance: False
selecting samples for epoch 248, ratio 0.1
=====> Saving current model and best model
balance: False
selecting samples for epoch 249, ratio 0.1
=====> Saving current model and best model
balance: False
selecting samples for epoch 250, ratio 0.1
=====> Saving current model and best model
balance: False
selecting samples for epoch 251, ratio 0.1
=====> Saving current model and best model
balance: False
selecting samples for epoch 252, ratio 0.1
=====> Saving current model and best model
balance: False
selecting samples for epoch 253, ratio 0.1
=====> Saving current model and best model
balance: False
selecting samples for epoch 254, ratio 0.1
=====> Saving current model and best model
balance: False
selecting samples for epoch 255, ratio 0.1
=====> Saving current model and best model
balance: False
selecting samples for epoch 256, ratio 0.1
=====> Epoch: 256/300, Total_step: 48128, lr: 0.001000, Total Time: 16768.5989 s, Time this epoch: 50.6702 s
=====> Epoch: 256/300, Train Loss (train loader labels): 2.1220, Train acc (train loader labels): 0.2857, Best val acc: 0.4550, Current val acc: 0.3736, Val Loss: 2.0903
=====> Saving current model and best model
balance: False
selecting samples for epoch 257, ratio 0.1
=====> Saving current model and best model
balance: False
selecting samples for epoch 258, ratio 0.1
=====> Saving current model and best model
balance: False
selecting samples for epoch 259, ratio 0.1
=====> Saving current model and best model
balance: False
selecting samples for epoch 260, ratio 0.1
=====> Saving current model and best model
balance: False
selecting samples for epoch 261, ratio 0.1
=====> Saving current model and best model
balance: False
selecting samples for epoch 262, ratio 0.1
=====> Saving current model and best model
balance: False
selecting samples for epoch 263, ratio 0.1
=====> Saving current model and best model
balance: False
selecting samples for epoch 264, ratio 0.1
=====> Saving current model and best model
balance: False
selecting samples for epoch 265, ratio 0.1
=====> Saving current model and best model
balance: False
selecting samples for epoch 266, ratio 0.1
=====> Saving current model and best model
balance: False
selecting samples for epoch 267, ratio 0.1
=====> Saving current model and best model
balance: False
selecting samples for epoch 268, ratio 0.1
=====> Saving current model and best model
balance: False
selecting samples for epoch 269, ratio 0.1
=====> Saving current model and best model
balance: False
selecting samples for epoch 270, ratio 0.1
=====> Saving current model and best model
balance: False
selecting samples for epoch 271, ratio 0.1
=====> Epoch: 271/300, Total_step: 50948, lr: 0.001000, Total Time: 17593.4063 s, Time this epoch: 50.5757 s
=====> Epoch: 271/300, Train Loss (train loader labels): 9.7423, Train acc (train loader labels): 0.2246, Best val acc: 0.4550, Current val acc: 0.2100, Val Loss: 6.5517
=====> Saving current model and best model
balance: False
selecting samples for epoch 272, ratio 0.1
=====> Saving current model and best model
balance: False
selecting samples for epoch 273, ratio 0.1
=====> Saving current model and best model
balance: False
selecting samples for epoch 274, ratio 0.1
=====> Saving current model and best model
balance: False
selecting samples for epoch 275, ratio 0.1
=====> Saving current model and best model
balance: False
selecting samples for epoch 276, ratio 0.1
=====> Saving current model and best model
balance: False
selecting samples for epoch 277, ratio 0.1
=====> Saving current model and best model
balance: False
selecting samples for epoch 278, ratio 0.1
=====> Saving current model and best model
balance: False
selecting samples for epoch 279, ratio 0.1
=====> Saving current model and best model
balance: False
selecting samples for epoch 280, ratio 0.1
=====> Saving current model and best model
balance: False
selecting samples for epoch 281, ratio 0.1
=====> Saving current model and best model
balance: False
selecting samples for epoch 282, ratio 0.1
=====> Saving current model and best model
balance: False
selecting samples for epoch 283, ratio 0.1
=====> Saving current model and best model
balance: False
selecting samples for epoch 284, ratio 0.1
=====> Saving current model and best model
balance: False
selecting samples for epoch 285, ratio 0.1
=====> Saving current model and best model
balance: False
selecting samples for epoch 286, ratio 0.1
=====> Epoch: 286/300, Total_step: 53768, lr: 0.001000, Total Time: 18421.2158 s, Time this epoch: 50.6284 s
=====> Epoch: 286/300, Train Loss (train loader labels): 2.9745, Train acc (train loader labels): 0.2311, Best val acc: 0.4550, Current val acc: 0.2642, Val Loss: 2.1194
=====> Saving current model and best model
balance: False
selecting samples for epoch 287, ratio 0.1
=====> Saving current model and best model
balance: False
selecting samples for epoch 288, ratio 0.1
=====> Saving current model and best model
balance: False
selecting samples for epoch 289, ratio 0.1
=====> Saving current model and best model
balance: False
selecting samples for epoch 290, ratio 0.1
=====> Saving current model and best model
balance: False
selecting samples for epoch 291, ratio 0.1
=====> Saving current model and best model
balance: False
selecting samples for epoch 292, ratio 0.1
=====> Saving current model and best model
balance: False
selecting samples for epoch 293, ratio 0.1
=====> Saving current model and best model
balance: False
selecting samples for epoch 294, ratio 0.1
=====> Saving current model and best model
balance: False
selecting samples for epoch 295, ratio 0.1
=====> Saving current model and best model
balance: False
selecting samples for epoch 296, ratio 0.1
=====> Saving current model and best model
balance: False
selecting samples for epoch 297, ratio 0.1
=====> Saving current model and best model
balance: False
selecting samples for epoch 298, ratio 0.1
=====> Saving current model and best model
balance: False
selecting samples for epoch 299, ratio 0.1
=====> Saving current model and best model
balance: False
selecting samples for epoch 300, ratio 0.1
=====> Epoch: 300/300, Total_step: 56400, lr: 0.001000, Total Time: 19206.3495 s, Time this epoch: 51.0883 s
=====> Epoch: 300/300, Train Loss (train loader labels): 2.0171, Train acc (train loader labels): 0.2797, Best val acc: 0.4550, Current val acc: 0.3471, Val Loss: 1.9358
=====> Saving current model and best model
Saved helper snapshots to /home/mward19/Documents/miller/Online-Batch-Selection/snapshots/MNIST/{"bsel":"RhoLoss","seed":3,"model":"DeepLinear","opt":"adamw","bs":320,"ratio":0.1,"lr":0.001,"wd":0.01,"layers":8,"hidden_dim":1000}.p
Saved selected points array to /home/mward19/Documents/miller/Online-Batch-Selection/selected_points/MNIST/{"bsel":"RhoLoss","seed":3,"model":"DeepLinear","opt":"adamw","bs":320,"ratio":0.1,"lr":0.001,"wd":0.01,"layers":8,"hidden_dim":1000}.npy
========================= End Main =========================
