save_dir: ./exp/MNIST/RhoLoss_deeplinear_bs320_ep300_lr0.001_AdamW_constant_seed1_r0.1_36_hidden
=====> Loading config files: 
configs/mnist/method/rholoss-0.1.yaml
configs/mnist/data/mnist.yaml
configs/mnist/model/deep_linear_saxe/deep_linear_36.yaml
configs/mnist/optim/adamw-320-0.001-0.01.yaml
configs/diagnostics/snapshots_log_interval.yaml
=====> Config files loaded.
========================= Start Main =========================
=====> Saving config file
=====> Config file saved
=====> Using fixed random seed: 1
=====> Wandb initialized
=====> Number of GPUs: 1
Creating RhoLoss...
Cached irreducible losses for 60000 samples in dataset.
=====> Start teacher Validation
=====> teacher Test Accuracy: 0.3469
Begin training for RhoLoss...
=====> Epoch: 0/300, Total_step: 0, lr: 0.001000, Total Time: 0.0000 s, Time this epoch: 0.0000 s
=====> Epoch: 0/300, Train Loss (train loader labels): 2.3023, Train acc (train loader labels): 0.0992, Best val acc: 0.1009, Current val acc: 0.1009, Val Loss: 2.3020
balance: False
selecting samples for epoch 1, ratio 0.1
=====> Epoch: 1/300, Total_step: 1, lr: 0.001000, Total Time: 0.0000 s, Time this epoch: 0.0000 s
=====> Epoch: 1/300, Train Loss (train loader labels): 2.3398, Train acc (train loader labels): 0.0987, Best val acc: 0.1009, Current val acc: 0.0980, Val Loss: 2.3409
=====> Epoch: 1/300, Total_step: 48, lr: 0.001000, Total Time: 0.0000 s, Time this epoch: 0.0000 s
=====> Epoch: 1/300, Train Loss (train loader labels): 2315888896.0000, Train acc (train loader labels): 0.0989, Best val acc: 0.1009, Current val acc: 0.0957, Val Loss: 2054487296.0000
=====> Epoch: 1/300, Total_step: 95, lr: 0.001000, Total Time: 0.0000 s, Time this epoch: 0.0000 s
=====> Epoch: 1/300, Train Loss (train loader labels): 1167213056.0000, Train acc (train loader labels): 0.1071, Best val acc: 0.1401, Current val acc: 0.1401, Val Loss: 611867136.0000
=====> Epoch: 1/300, Total_step: 142, lr: 0.001000, Total Time: 0.0000 s, Time this epoch: 0.0000 s
=====> Epoch: 1/300, Train Loss (train loader labels): 37812840.0000, Train acc (train loader labels): 0.1010, Best val acc: 0.1401, Current val acc: 0.1010, Val Loss: 37698360.0000
=====> Saving current model and best model
balance: False
selecting samples for epoch 2, ratio 0.1
=====> Epoch: 2/300, Total_step: 189, lr: 0.001000, Total Time: 333.1226 s, Time this epoch: 276.2894 s
=====> Epoch: 2/300, Train Loss (train loader labels): 12113191.0000, Train acc (train loader labels): 0.1144, Best val acc: 0.1401, Current val acc: 0.0989, Val Loss: 14684486.0000
=====> Epoch: 2/300, Total_step: 236, lr: 0.001000, Total Time: 333.1226 s, Time this epoch: 276.2894 s
=====> Epoch: 2/300, Train Loss (train loader labels): 5693276.0000, Train acc (train loader labels): 0.1104, Best val acc: 0.1401, Current val acc: 0.1260, Val Loss: 5720267.0000
=====> Epoch: 2/300, Total_step: 283, lr: 0.001000, Total Time: 333.1226 s, Time this epoch: 276.2894 s
=====> Epoch: 2/300, Train Loss (train loader labels): 6136276.5000, Train acc (train loader labels): 0.0742, Best val acc: 0.1401, Current val acc: 0.1125, Val Loss: 5521489.0000
=====> Epoch: 2/300, Total_step: 330, lr: 0.001000, Total Time: 333.1226 s, Time this epoch: 276.2894 s
=====> Epoch: 2/300, Train Loss (train loader labels): 2648420.0000, Train acc (train loader labels): 0.1033, Best val acc: 0.1401, Current val acc: 0.1116, Val Loss: 2605624.0000
=====> Saving current model and best model
balance: False
selecting samples for epoch 3, ratio 0.1
=====> Epoch: 3/300, Total_step: 377, lr: 0.001000, Total Time: 610.3390 s, Time this epoch: 275.8686 s
=====> Epoch: 3/300, Train Loss (train loader labels): 2171435.5000, Train acc (train loader labels): 0.1096, Best val acc: 0.1401, Current val acc: 0.0990, Val Loss: 2484471.7500
=====> Epoch: 3/300, Total_step: 424, lr: 0.001000, Total Time: 610.3390 s, Time this epoch: 275.8686 s
=====> Epoch: 3/300, Train Loss (train loader labels): 755869.1250, Train acc (train loader labels): 0.1185, Best val acc: 0.1401, Current val acc: 0.1216, Val Loss: 412715.2188
=====> Epoch: 3/300, Total_step: 471, lr: 0.001000, Total Time: 610.3390 s, Time this epoch: 275.8686 s
=====> Epoch: 3/300, Train Loss (train loader labels): 714126.1250, Train acc (train loader labels): 0.0906, Best val acc: 0.1401, Current val acc: 0.0941, Val Loss: 514410.2500
=====> Epoch: 3/300, Total_step: 518, lr: 0.001000, Total Time: 610.3390 s, Time this epoch: 275.8686 s
=====> Epoch: 3/300, Train Loss (train loader labels): 580732.1250, Train acc (train loader labels): 0.0861, Best val acc: 0.1401, Current val acc: 0.0922, Val Loss: 398003.9375
=====> Saving current model and best model
balance: False
selecting samples for epoch 4, ratio 0.1
=====> Epoch: 4/300, Total_step: 565, lr: 0.001000, Total Time: 888.8586 s, Time this epoch: 277.0033 s
=====> Epoch: 4/300, Train Loss (train loader labels): 481740.5938, Train acc (train loader labels): 0.0910, Best val acc: 0.1401, Current val acc: 0.0683, Val Loss: 321521.4062
=====> Epoch: 4/300, Total_step: 612, lr: 0.001000, Total Time: 888.8586 s, Time this epoch: 277.0033 s
=====> Epoch: 4/300, Train Loss (train loader labels): 423161.3125, Train acc (train loader labels): 0.0721, Best val acc: 0.1401, Current val acc: 0.0363, Val Loss: 327974.1562
=====> Epoch: 4/300, Total_step: 659, lr: 0.001000, Total Time: 888.8586 s, Time this epoch: 277.0033 s
=====> Epoch: 4/300, Train Loss (train loader labels): 260059.2969, Train acc (train loader labels): 0.0643, Best val acc: 0.1401, Current val acc: 0.0255, Val Loss: 197445.7031
=====> Epoch: 4/300, Total_step: 706, lr: 0.001000, Total Time: 888.8586 s, Time this epoch: 277.0033 s
=====> Epoch: 4/300, Train Loss (train loader labels): 225575.1719, Train acc (train loader labels): 0.0503, Best val acc: 0.1401, Current val acc: 0.0282, Val Loss: 173155.2188
=====> Saving current model and best model
balance: False
selecting samples for epoch 5, ratio 0.1
=====> Epoch: 5/300, Total_step: 753, lr: 0.001000, Total Time: 1166.5188 s, Time this epoch: 276.0365 s
=====> Epoch: 5/300, Train Loss (train loader labels): 215303.7031, Train acc (train loader labels): 0.0551, Best val acc: 0.1401, Current val acc: 0.0374, Val Loss: 180596.4688
=====> Epoch: 5/300, Total_step: 800, lr: 0.001000, Total Time: 1166.5188 s, Time this epoch: 276.0365 s
=====> Epoch: 5/300, Train Loss (train loader labels): 194574.4531, Train acc (train loader labels): 0.0488, Best val acc: 0.1401, Current val acc: 0.0299, Val Loss: 148795.0781
=====> Epoch: 5/300, Total_step: 847, lr: 0.001000, Total Time: 1166.5188 s, Time this epoch: 276.0365 s
=====> Epoch: 5/300, Train Loss (train loader labels): 169660.0781, Train acc (train loader labels): 0.0637, Best val acc: 0.1401, Current val acc: 0.0503, Val Loss: 140722.6562
=====> Epoch: 5/300, Total_step: 894, lr: 0.001000, Total Time: 1166.5188 s, Time this epoch: 276.0365 s
=====> Epoch: 5/300, Train Loss (train loader labels): 179797.9531, Train acc (train loader labels): 0.0823, Best val acc: 0.1401, Current val acc: 0.0748, Val Loss: 150860.1562
=====> Saving current model and best model
balance: False
selecting samples for epoch 6, ratio 0.1
=====> Epoch: 6/300, Total_step: 1128, lr: 0.001000, Total Time: 1445.7084 s, Time this epoch: 277.2733 s
=====> Epoch: 6/300, Train Loss (train loader labels): 133049.8438, Train acc (train loader labels): 0.0863, Best val acc: 0.1401, Current val acc: 0.1168, Val Loss: 120736.8594
=====> Saving current model and best model
balance: False
selecting samples for epoch 7, ratio 0.1
=====> Epoch: 7/300, Total_step: 1316, lr: 0.001000, Total Time: 1556.6322 s, Time this epoch: 108.2781 s
=====> Epoch: 7/300, Train Loss (train loader labels): 109514.7500, Train acc (train loader labels): 0.0966, Best val acc: 0.1401, Current val acc: 0.0876, Val Loss: 102712.3750
=====> Saving current model and best model
balance: False
selecting samples for epoch 8, ratio 0.1
=====> Epoch: 8/300, Total_step: 1504, lr: 0.001000, Total Time: 1666.9611 s, Time this epoch: 108.4707 s
=====> Epoch: 8/300, Train Loss (train loader labels): 115529.1484, Train acc (train loader labels): 0.0863, Best val acc: 0.1401, Current val acc: 0.1240, Val Loss: 111755.7109
=====> Saving current model and best model
balance: False
selecting samples for epoch 9, ratio 0.1
=====> Epoch: 9/300, Total_step: 1692, lr: 0.001000, Total Time: 1777.3335 s, Time this epoch: 108.6105 s
=====> Epoch: 9/300, Train Loss (train loader labels): 90070.9219, Train acc (train loader labels): 0.0764, Best val acc: 0.1401, Current val acc: 0.1048, Val Loss: 86639.9375
=====> Saving current model and best model
balance: False
selecting samples for epoch 10, ratio 0.1
=====> Epoch: 10/300, Total_step: 1880, lr: 0.001000, Total Time: 1888.0778 s, Time this epoch: 109.2265 s
=====> Epoch: 10/300, Train Loss (train loader labels): 102250.3906, Train acc (train loader labels): 0.1328, Best val acc: 0.1401, Current val acc: 0.1141, Val Loss: 113435.1250
=====> Saving current model and best model
balance: False
selecting samples for epoch 11, ratio 0.1
=====> Epoch: 11/300, Total_step: 2068, lr: 0.001000, Total Time: 1997.5363 s, Time this epoch: 108.0294 s
=====> Epoch: 11/300, Train Loss (train loader labels): 75084.7500, Train acc (train loader labels): 0.1198, Best val acc: 0.1401, Current val acc: 0.0859, Val Loss: 79394.1875
=====> Saving current model and best model
balance: False
selecting samples for epoch 12, ratio 0.1
=====> Epoch: 12/300, Total_step: 2256, lr: 0.001000, Total Time: 2107.4604 s, Time this epoch: 108.1383 s
=====> Epoch: 12/300, Train Loss (train loader labels): 46487.8047, Train acc (train loader labels): 0.1103, Best val acc: 0.1401, Current val acc: 0.1366, Val Loss: 43352.3594
=====> Saving current model and best model
balance: False
selecting samples for epoch 13, ratio 0.1
=====> Epoch: 13/300, Total_step: 2444, lr: 0.001000, Total Time: 2217.5100 s, Time this epoch: 108.5630 s
=====> Epoch: 13/300, Train Loss (train loader labels): 34993.4297, Train acc (train loader labels): 0.1319, Best val acc: 0.1401, Current val acc: 0.1172, Val Loss: 24743.5156
=====> Saving current model and best model
balance: False
selecting samples for epoch 14, ratio 0.1
=====> Epoch: 14/300, Total_step: 2632, lr: 0.001000, Total Time: 2327.6478 s, Time this epoch: 108.6428 s
=====> Epoch: 14/300, Train Loss (train loader labels): 55730.0898, Train acc (train loader labels): 0.0954, Best val acc: 0.1401, Current val acc: 0.0911, Val Loss: 65793.7500
=====> Saving current model and best model
balance: False
selecting samples for epoch 15, ratio 0.1
=====> Epoch: 15/300, Total_step: 2820, lr: 0.001000, Total Time: 2437.7471 s, Time this epoch: 108.5479 s
=====> Epoch: 15/300, Train Loss (train loader labels): 76426.6172, Train acc (train loader labels): 0.1070, Best val acc: 0.1401, Current val acc: 0.0899, Val Loss: 93492.7812
=====> Saving current model and best model
balance: False
selecting samples for epoch 16, ratio 0.1
=====> Epoch: 16/300, Total_step: 3008, lr: 0.001000, Total Time: 2547.7244 s, Time this epoch: 108.3544 s
=====> Epoch: 16/300, Train Loss (train loader labels): 88052.7812, Train acc (train loader labels): 0.0747, Best val acc: 0.1401, Current val acc: 0.0990, Val Loss: 85888.3438
=====> Saving current model and best model
balance: False
selecting samples for epoch 17, ratio 0.1
=====> Epoch: 17/300, Total_step: 3196, lr: 0.001000, Total Time: 2657.5776 s, Time this epoch: 108.3633 s
=====> Epoch: 17/300, Train Loss (train loader labels): 42613.9570, Train acc (train loader labels): 0.0938, Best val acc: 0.1401, Current val acc: 0.1002, Val Loss: 39519.9219
=====> Saving current model and best model
balance: False
selecting samples for epoch 18, ratio 0.1
=====> Epoch: 18/300, Total_step: 3384, lr: 0.001000, Total Time: 2767.6510 s, Time this epoch: 108.3970 s
=====> Epoch: 18/300, Train Loss (train loader labels): 51145.1875, Train acc (train loader labels): 0.1046, Best val acc: 0.1401, Current val acc: 0.0632, Val Loss: 55439.1602
=====> Saving current model and best model
balance: False
selecting samples for epoch 19, ratio 0.1
=====> Epoch: 19/300, Total_step: 3572, lr: 0.001000, Total Time: 2877.4417 s, Time this epoch: 108.3194 s
=====> Epoch: 19/300, Train Loss (train loader labels): 33365.1016, Train acc (train loader labels): 0.1281, Best val acc: 0.1401, Current val acc: 0.0812, Val Loss: 35729.3320
=====> Saving current model and best model
balance: False
selecting samples for epoch 20, ratio 0.1
=====> Epoch: 20/300, Total_step: 3760, lr: 0.001000, Total Time: 2987.8344 s, Time this epoch: 108.6877 s
=====> Epoch: 20/300, Train Loss (train loader labels): 25969.6211, Train acc (train loader labels): 0.0850, Best val acc: 0.1401, Current val acc: 0.0949, Val Loss: 22386.0762
=====> Saving current model and best model
balance: False
selecting samples for epoch 21, ratio 0.1
=====> Epoch: 21/300, Total_step: 3948, lr: 0.001000, Total Time: 3097.9469 s, Time this epoch: 108.5115 s
=====> Epoch: 21/300, Train Loss (train loader labels): 22791.5508, Train acc (train loader labels): 0.1119, Best val acc: 0.1401, Current val acc: 0.1219, Val Loss: 22697.5977
=====> Saving current model and best model
balance: False
selecting samples for epoch 22, ratio 0.1
=====> Epoch: 22/300, Total_step: 4136, lr: 0.001000, Total Time: 3208.0975 s, Time this epoch: 108.3544 s
=====> Epoch: 22/300, Train Loss (train loader labels): 22563.9180, Train acc (train loader labels): 0.1124, Best val acc: 0.1401, Current val acc: 0.0785, Val Loss: 25018.6055
=====> Saving current model and best model
balance: False
selecting samples for epoch 23, ratio 0.1
=====> Epoch: 23/300, Total_step: 4324, lr: 0.001000, Total Time: 3318.5103 s, Time this epoch: 108.8533 s
=====> Epoch: 23/300, Train Loss (train loader labels): 20077.4062, Train acc (train loader labels): 0.0983, Best val acc: 0.1401, Current val acc: 0.0821, Val Loss: 17594.4043
=====> Saving current model and best model
balance: False
selecting samples for epoch 24, ratio 0.1
=====> Epoch: 24/300, Total_step: 4512, lr: 0.001000, Total Time: 3429.0779 s, Time this epoch: 108.8933 s
=====> Epoch: 24/300, Train Loss (train loader labels): 24518.1758, Train acc (train loader labels): 0.1308, Best val acc: 0.1401, Current val acc: 0.1109, Val Loss: 27992.8984
=====> Saving current model and best model
balance: False
selecting samples for epoch 25, ratio 0.1
=====> Epoch: 25/300, Total_step: 4700, lr: 0.001000, Total Time: 3539.4091 s, Time this epoch: 108.6507 s
=====> Epoch: 25/300, Train Loss (train loader labels): 12154.1943, Train acc (train loader labels): 0.0982, Best val acc: 0.1401, Current val acc: 0.1039, Val Loss: 10563.7588
=====> Saving current model and best model
balance: False
selecting samples for epoch 26, ratio 0.1
=====> Epoch: 26/300, Total_step: 4888, lr: 0.001000, Total Time: 3649.7512 s, Time this epoch: 108.7507 s
=====> Epoch: 26/300, Train Loss (train loader labels): 11707.1318, Train acc (train loader labels): 0.1400, Best val acc: 0.1401, Current val acc: 0.1280, Val Loss: 11844.9004
=====> Saving current model and best model
balance: False
selecting samples for epoch 27, ratio 0.1
=====> Saving current model and best model
balance: False
selecting samples for epoch 28, ratio 0.1
=====> Saving current model and best model
balance: False
selecting samples for epoch 29, ratio 0.1
=====> Epoch: 29/300, Total_step: 5452, lr: 0.001000, Total Time: 3865.5727 s, Time this epoch: 51.4008 s
=====> Epoch: 29/300, Train Loss (train loader labels): 9337.0420, Train acc (train loader labels): 0.1352, Best val acc: 0.1401, Current val acc: 0.1063, Val Loss: 10834.1416
=====> Saving current model and best model
balance: False
selecting samples for epoch 30, ratio 0.1
=====> Saving current model and best model
balance: False
selecting samples for epoch 31, ratio 0.1
=====> Saving current model and best model
balance: False
selecting samples for epoch 32, ratio 0.1
=====> Saving current model and best model
balance: False
selecting samples for epoch 33, ratio 0.1
=====> Epoch: 33/300, Total_step: 6204, lr: 0.001000, Total Time: 4135.7392 s, Time this epoch: 51.3990 s
=====> Epoch: 33/300, Train Loss (train loader labels): 7959.3950, Train acc (train loader labels): 0.0936, Best val acc: 0.1401, Current val acc: 0.1060, Val Loss: 7141.5776
=====> Saving current model and best model
balance: False
selecting samples for epoch 34, ratio 0.1
=====> Saving current model and best model
balance: False
selecting samples for epoch 35, ratio 0.1
=====> Saving current model and best model
balance: False
selecting samples for epoch 36, ratio 0.1
=====> Saving current model and best model
balance: False
selecting samples for epoch 37, ratio 0.1
=====> Epoch: 37/300, Total_step: 6956, lr: 0.001000, Total Time: 4405.5539 s, Time this epoch: 51.6106 s
=====> Epoch: 37/300, Train Loss (train loader labels): 5607.7036, Train acc (train loader labels): 0.1394, Best val acc: 0.1401, Current val acc: 0.1041, Val Loss: 6709.7993
=====> Saving current model and best model
balance: False
selecting samples for epoch 38, ratio 0.1
=====> Saving current model and best model
balance: False
selecting samples for epoch 39, ratio 0.1
=====> Saving current model and best model
balance: False
selecting samples for epoch 40, ratio 0.1
=====> Saving current model and best model
balance: False
selecting samples for epoch 41, ratio 0.1
=====> Epoch: 41/300, Total_step: 7708, lr: 0.001000, Total Time: 4675.7911 s, Time this epoch: 51.6663 s
=====> Epoch: 41/300, Train Loss (train loader labels): 3370.9678, Train acc (train loader labels): 0.1298, Best val acc: 0.1401, Current val acc: 0.0990, Val Loss: 3993.5249
=====> Saving current model and best model
balance: False
selecting samples for epoch 42, ratio 0.1
=====> Saving current model and best model
balance: False
selecting samples for epoch 43, ratio 0.1
=====> Saving current model and best model
balance: False
selecting samples for epoch 44, ratio 0.1
=====> Saving current model and best model
balance: False
selecting samples for epoch 45, ratio 0.1
=====> Epoch: 45/300, Total_step: 8460, lr: 0.001000, Total Time: 4945.2505 s, Time this epoch: 51.7558 s
=====> Epoch: 45/300, Train Loss (train loader labels): 1615.6648, Train acc (train loader labels): 0.1192, Best val acc: 0.1401, Current val acc: 0.1361, Val Loss: 1500.9069
=====> Saving current model and best model
balance: False
selecting samples for epoch 46, ratio 0.1
=====> Saving current model and best model
balance: False
selecting samples for epoch 47, ratio 0.1
=====> Saving current model and best model
balance: False
selecting samples for epoch 48, ratio 0.1
=====> Saving current model and best model
balance: False
selecting samples for epoch 49, ratio 0.1
=====> Epoch: 49/300, Total_step: 9212, lr: 0.001000, Total Time: 5215.0467 s, Time this epoch: 51.4909 s
=====> Epoch: 49/300, Train Loss (train loader labels): 1034.8207, Train acc (train loader labels): 0.0991, Best val acc: 0.1402, Current val acc: 0.1402, Val Loss: 825.6837
=====> Saving current model and best model
balance: False
selecting samples for epoch 50, ratio 0.1
=====> Saving current model and best model
balance: False
selecting samples for epoch 51, ratio 0.1
=====> Saving current model and best model
balance: False
selecting samples for epoch 52, ratio 0.1
=====> Saving current model and best model
balance: False
selecting samples for epoch 53, ratio 0.1
=====> Epoch: 53/300, Total_step: 9964, lr: 0.001000, Total Time: 5488.8225 s, Time this epoch: 51.5498 s
=====> Epoch: 53/300, Train Loss (train loader labels): 817.6763, Train acc (train loader labels): 0.1367, Best val acc: 0.1402, Current val acc: 0.1001, Val Loss: 944.1870
=====> Saving current model and best model
balance: False
selecting samples for epoch 54, ratio 0.1
=====> Saving current model and best model
balance: False
selecting samples for epoch 55, ratio 0.1
=====> Saving current model and best model
balance: False
selecting samples for epoch 56, ratio 0.1
=====> Saving current model and best model
balance: False
selecting samples for epoch 57, ratio 0.1
=====> Epoch: 57/300, Total_step: 10716, lr: 0.001000, Total Time: 5758.6174 s, Time this epoch: 51.5552 s
=====> Epoch: 57/300, Train Loss (train loader labels): 203.9081, Train acc (train loader labels): 0.0985, Best val acc: 0.1402, Current val acc: 0.1074, Val Loss: 133.6611
=====> Saving current model and best model
balance: False
selecting samples for epoch 58, ratio 0.1
=====> Saving current model and best model
balance: False
selecting samples for epoch 59, ratio 0.1
=====> Saving current model and best model
balance: False
selecting samples for epoch 60, ratio 0.1
=====> Saving current model and best model
balance: False
selecting samples for epoch 61, ratio 0.1
=====> Epoch: 61/300, Total_step: 11468, lr: 0.001000, Total Time: 6029.8612 s, Time this epoch: 51.5478 s
=====> Epoch: 61/300, Train Loss (train loader labels): 173.2685, Train acc (train loader labels): 0.1355, Best val acc: 0.1402, Current val acc: 0.1087, Val Loss: 176.3786
=====> Saving current model and best model
balance: False
selecting samples for epoch 62, ratio 0.1
=====> Saving current model and best model
balance: False
selecting samples for epoch 63, ratio 0.1
=====> Saving current model and best model
balance: False
selecting samples for epoch 64, ratio 0.1
=====> Saving current model and best model
balance: False
selecting samples for epoch 65, ratio 0.1
=====> Epoch: 65/300, Total_step: 12220, lr: 0.001000, Total Time: 6299.5814 s, Time this epoch: 51.4520 s
=====> Epoch: 65/300, Train Loss (train loader labels): 104.7309, Train acc (train loader labels): 0.1269, Best val acc: 0.2011, Current val acc: 0.2011, Val Loss: 70.1599
=====> Saving current model and best model
balance: False
selecting samples for epoch 66, ratio 0.1
=====> Saving current model and best model
balance: False
selecting samples for epoch 67, ratio 0.1
=====> Saving current model and best model
balance: False
selecting samples for epoch 68, ratio 0.1
=====> Saving current model and best model
balance: False
selecting samples for epoch 69, ratio 0.1
=====> Saving current model and best model
balance: False
selecting samples for epoch 70, ratio 0.1
=====> Saving current model and best model
balance: False
selecting samples for epoch 71, ratio 0.1
=====> Saving current model and best model
balance: False
selecting samples for epoch 72, ratio 0.1
=====> Saving current model and best model
balance: False
selecting samples for epoch 73, ratio 0.1
=====> Saving current model and best model
balance: False
selecting samples for epoch 74, ratio 0.1
=====> Saving current model and best model
balance: False
selecting samples for epoch 75, ratio 0.1
=====> Saving current model and best model
balance: False
selecting samples for epoch 76, ratio 0.1
=====> Epoch: 76/300, Total_step: 14288, lr: 0.001000, Total Time: 6942.4956 s, Time this epoch: 51.7946 s
=====> Epoch: 76/300, Train Loss (train loader labels): 30.1780, Train acc (train loader labels): 0.1567, Best val acc: 0.2074, Current val acc: 0.2074, Val Loss: 19.6206
=====> Saving current model and best model
balance: False
selecting samples for epoch 77, ratio 0.1
=====> Saving current model and best model
balance: False
selecting samples for epoch 78, ratio 0.1
=====> Saving current model and best model
balance: False
selecting samples for epoch 79, ratio 0.1
=====> Saving current model and best model
balance: False
selecting samples for epoch 80, ratio 0.1
=====> Saving current model and best model
balance: False
selecting samples for epoch 81, ratio 0.1
=====> Saving current model and best model
balance: False
selecting samples for epoch 82, ratio 0.1
=====> Saving current model and best model
balance: False
selecting samples for epoch 83, ratio 0.1
=====> Saving current model and best model
balance: False
selecting samples for epoch 84, ratio 0.1
=====> Saving current model and best model
balance: False
selecting samples for epoch 85, ratio 0.1
=====> Saving current model and best model
balance: False
selecting samples for epoch 86, ratio 0.1
=====> Saving current model and best model
balance: False
selecting samples for epoch 87, ratio 0.1
=====> Saving current model and best model
balance: False
selecting samples for epoch 88, ratio 0.1
=====> Saving current model and best model
balance: False
selecting samples for epoch 89, ratio 0.1
=====> Saving current model and best model
balance: False
selecting samples for epoch 90, ratio 0.1
=====> Saving current model and best model
balance: False
selecting samples for epoch 91, ratio 0.1
=====> Epoch: 91/300, Total_step: 17108, lr: 0.001000, Total Time: 7802.5798 s, Time this epoch: 51.5388 s
=====> Epoch: 91/300, Train Loss (train loader labels): 7.0487, Train acc (train loader labels): 0.1592, Best val acc: 0.2074, Current val acc: 0.1427, Val Loss: 6.5617
=====> Saving current model and best model
balance: False
selecting samples for epoch 92, ratio 0.1
=====> Saving current model and best model
balance: False
selecting samples for epoch 93, ratio 0.1
=====> Saving current model and best model
balance: False
selecting samples for epoch 94, ratio 0.1
=====> Saving current model and best model
balance: False
selecting samples for epoch 95, ratio 0.1
=====> Saving current model and best model
balance: False
selecting samples for epoch 96, ratio 0.1
=====> Saving current model and best model
balance: False
selecting samples for epoch 97, ratio 0.1
=====> Saving current model and best model
balance: False
selecting samples for epoch 98, ratio 0.1
=====> Saving current model and best model
balance: False
selecting samples for epoch 99, ratio 0.1
=====> Saving current model and best model
balance: False
selecting samples for epoch 100, ratio 0.1
=====> Saving current model and best model
balance: False
selecting samples for epoch 101, ratio 0.1
=====> Saving current model and best model
balance: False
selecting samples for epoch 102, ratio 0.1
=====> Saving current model and best model
balance: False
selecting samples for epoch 103, ratio 0.1
=====> Saving current model and best model
balance: False
selecting samples for epoch 104, ratio 0.1
=====> Saving current model and best model
balance: False
selecting samples for epoch 105, ratio 0.1
=====> Saving current model and best model
balance: False
selecting samples for epoch 106, ratio 0.1
=====> Epoch: 106/300, Total_step: 19928, lr: 0.001000, Total Time: 8654.6101 s, Time this epoch: 51.8122 s
=====> Epoch: 106/300, Train Loss (train loader labels): 2.4540, Train acc (train loader labels): 0.1664, Best val acc: 0.2147, Current val acc: 0.2147, Val Loss: 2.1533
=====> Saving current model and best model
balance: False
selecting samples for epoch 107, ratio 0.1
=====> Saving current model and best model
balance: False
selecting samples for epoch 108, ratio 0.1
=====> Saving current model and best model
balance: False
selecting samples for epoch 109, ratio 0.1
=====> Saving current model and best model
balance: False
selecting samples for epoch 110, ratio 0.1
=====> Saving current model and best model
balance: False
selecting samples for epoch 111, ratio 0.1
=====> Saving current model and best model
balance: False
selecting samples for epoch 112, ratio 0.1
=====> Saving current model and best model
balance: False
selecting samples for epoch 113, ratio 0.1
=====> Saving current model and best model
balance: False
selecting samples for epoch 114, ratio 0.1
=====> Saving current model and best model
balance: False
selecting samples for epoch 115, ratio 0.1
=====> Saving current model and best model
balance: False
selecting samples for epoch 116, ratio 0.1
=====> Saving current model and best model
balance: False
selecting samples for epoch 117, ratio 0.1
=====> Saving current model and best model
balance: False
selecting samples for epoch 118, ratio 0.1
=====> Saving current model and best model
balance: False
selecting samples for epoch 119, ratio 0.1
=====> Saving current model and best model
balance: False
selecting samples for epoch 120, ratio 0.1
=====> Saving current model and best model
balance: False
selecting samples for epoch 121, ratio 0.1
=====> Epoch: 121/300, Total_step: 22748, lr: 0.001000, Total Time: 9507.7577 s, Time this epoch: 51.6783 s
=====> Epoch: 121/300, Train Loss (train loader labels): 2.3174, Train acc (train loader labels): 0.1270, Best val acc: 0.2147, Current val acc: 0.1239, Val Loss: 2.3054
=====> Saving current model and best model
balance: False
selecting samples for epoch 122, ratio 0.1
=====> Saving current model and best model
balance: False
selecting samples for epoch 123, ratio 0.1
=====> Saving current model and best model
balance: False
selecting samples for epoch 124, ratio 0.1
=====> Saving current model and best model
balance: False
selecting samples for epoch 125, ratio 0.1
=====> Saving current model and best model
balance: False
selecting samples for epoch 126, ratio 0.1
=====> Saving current model and best model
balance: False
selecting samples for epoch 127, ratio 0.1
=====> Saving current model and best model
balance: False
selecting samples for epoch 128, ratio 0.1
=====> Saving current model and best model
balance: False
selecting samples for epoch 129, ratio 0.1
=====> Saving current model and best model
balance: False
selecting samples for epoch 130, ratio 0.1
=====> Saving current model and best model
balance: False
selecting samples for epoch 131, ratio 0.1
=====> Saving current model and best model
balance: False
selecting samples for epoch 132, ratio 0.1
=====> Saving current model and best model
balance: False
selecting samples for epoch 133, ratio 0.1
=====> Saving current model and best model
balance: False
selecting samples for epoch 134, ratio 0.1
=====> Saving current model and best model
balance: False
selecting samples for epoch 135, ratio 0.1
=====> Saving current model and best model
balance: False
selecting samples for epoch 136, ratio 0.1
=====> Epoch: 136/300, Total_step: 25568, lr: 0.001000, Total Time: 10357.6081 s, Time this epoch: 51.5119 s
=====> Epoch: 136/300, Train Loss (train loader labels): 2.3102, Train acc (train loader labels): 0.0993, Best val acc: 0.2147, Current val acc: 0.1015, Val Loss: 2.3011
=====> Saving current model and best model
balance: False
selecting samples for epoch 137, ratio 0.1
=====> Saving current model and best model
balance: False
selecting samples for epoch 138, ratio 0.1
=====> Saving current model and best model
balance: False
selecting samples for epoch 139, ratio 0.1
=====> Saving current model and best model
balance: False
selecting samples for epoch 140, ratio 0.1
=====> Saving current model and best model
balance: False
selecting samples for epoch 141, ratio 0.1
=====> Saving current model and best model
balance: False
selecting samples for epoch 142, ratio 0.1
=====> Saving current model and best model
balance: False
selecting samples for epoch 143, ratio 0.1
=====> Saving current model and best model
balance: False
selecting samples for epoch 144, ratio 0.1
=====> Saving current model and best model
balance: False
selecting samples for epoch 145, ratio 0.1
=====> Saving current model and best model
balance: False
selecting samples for epoch 146, ratio 0.1
=====> Saving current model and best model
balance: False
selecting samples for epoch 147, ratio 0.1
=====> Saving current model and best model
balance: False
selecting samples for epoch 148, ratio 0.1
=====> Saving current model and best model
balance: False
selecting samples for epoch 149, ratio 0.1
=====> Saving current model and best model
balance: False
selecting samples for epoch 150, ratio 0.1
=====> Saving current model and best model
balance: False
selecting samples for epoch 151, ratio 0.1
=====> Epoch: 151/300, Total_step: 28388, lr: 0.001000, Total Time: 11209.1820 s, Time this epoch: 51.5668 s
=====> Epoch: 151/300, Train Loss (train loader labels): 11860972888540577792.0000, Train acc (train loader labels): 0.0989, Best val acc: 0.2147, Current val acc: 0.0811, Val Loss: 9698821755426045952.0000
=====> Saving current model and best model
balance: False
selecting samples for epoch 152, ratio 0.1
=====> Saving current model and best model
balance: False
selecting samples for epoch 153, ratio 0.1
=====> Saving current model and best model
balance: False
selecting samples for epoch 154, ratio 0.1
=====> Saving current model and best model
balance: False
selecting samples for epoch 155, ratio 0.1
=====> Saving current model and best model
balance: False
selecting samples for epoch 156, ratio 0.1
=====> Saving current model and best model
balance: False
selecting samples for epoch 157, ratio 0.1
=====> Saving current model and best model
balance: False
selecting samples for epoch 158, ratio 0.1
=====> Saving current model and best model
balance: False
selecting samples for epoch 159, ratio 0.1
=====> Saving current model and best model
balance: False
selecting samples for epoch 160, ratio 0.1
=====> Saving current model and best model
balance: False
selecting samples for epoch 161, ratio 0.1
=====> Saving current model and best model
balance: False
selecting samples for epoch 162, ratio 0.1
=====> Saving current model and best model
balance: False
selecting samples for epoch 163, ratio 0.1
=====> Saving current model and best model
balance: False
selecting samples for epoch 164, ratio 0.1
=====> Saving current model and best model
balance: False
selecting samples for epoch 165, ratio 0.1
=====> Saving current model and best model
balance: False
selecting samples for epoch 166, ratio 0.1
=====> Epoch: 166/300, Total_step: 31208, lr: 0.001000, Total Time: 12058.6491 s, Time this epoch: 51.4036 s
=====> Epoch: 166/300, Train Loss (train loader labels): 919653446984925184.0000, Train acc (train loader labels): 0.1010, Best val acc: 0.2147, Current val acc: 0.1217, Val Loss: 777732746679156736.0000
=====> Saving current model and best model
balance: False
selecting samples for epoch 167, ratio 0.1
=====> Saving current model and best model
balance: False
selecting samples for epoch 168, ratio 0.1
=====> Saving current model and best model
balance: False
selecting samples for epoch 169, ratio 0.1
=====> Saving current model and best model
balance: False
selecting samples for epoch 170, ratio 0.1
=====> Saving current model and best model
balance: False
selecting samples for epoch 171, ratio 0.1
=====> Saving current model and best model
balance: False
selecting samples for epoch 172, ratio 0.1
=====> Saving current model and best model
balance: False
selecting samples for epoch 173, ratio 0.1
=====> Saving current model and best model
balance: False
selecting samples for epoch 174, ratio 0.1
=====> Saving current model and best model
balance: False
selecting samples for epoch 175, ratio 0.1
=====> Saving current model and best model
balance: False
selecting samples for epoch 176, ratio 0.1
=====> Saving current model and best model
balance: False
selecting samples for epoch 177, ratio 0.1
=====> Saving current model and best model
balance: False
selecting samples for epoch 178, ratio 0.1
=====> Saving current model and best model
balance: False
selecting samples for epoch 179, ratio 0.1
=====> Saving current model and best model
balance: False
selecting samples for epoch 180, ratio 0.1
=====> Saving current model and best model
balance: False
selecting samples for epoch 181, ratio 0.1
=====> Epoch: 181/300, Total_step: 34028, lr: 0.001000, Total Time: 12906.3094 s, Time this epoch: 51.6014 s
=====> Epoch: 181/300, Train Loss (train loader labels): 213977194832068608.0000, Train acc (train loader labels): 0.1023, Best val acc: 0.2147, Current val acc: 0.1117, Val Loss: 212342135142219776.0000
=====> Saving current model and best model
balance: False
selecting samples for epoch 182, ratio 0.1
=====> Saving current model and best model
balance: False
selecting samples for epoch 183, ratio 0.1
=====> Saving current model and best model
balance: False
selecting samples for epoch 184, ratio 0.1
=====> Saving current model and best model
balance: False
selecting samples for epoch 185, ratio 0.1
=====> Saving current model and best model
balance: False
selecting samples for epoch 186, ratio 0.1
=====> Saving current model and best model
balance: False
selecting samples for epoch 187, ratio 0.1
=====> Saving current model and best model
balance: False
selecting samples for epoch 188, ratio 0.1
=====> Saving current model and best model
balance: False
selecting samples for epoch 189, ratio 0.1
=====> Saving current model and best model
balance: False
selecting samples for epoch 190, ratio 0.1
=====> Saving current model and best model
balance: False
selecting samples for epoch 191, ratio 0.1
=====> Saving current model and best model
balance: False
selecting samples for epoch 192, ratio 0.1
=====> Saving current model and best model
balance: False
selecting samples for epoch 193, ratio 0.1
=====> Saving current model and best model
balance: False
selecting samples for epoch 194, ratio 0.1
=====> Saving current model and best model
balance: False
selecting samples for epoch 195, ratio 0.1
=====> Saving current model and best model
balance: False
selecting samples for epoch 196, ratio 0.1
=====> Epoch: 196/300, Total_step: 36848, lr: 0.001000, Total Time: 13755.9996 s, Time this epoch: 51.4351 s
=====> Epoch: 196/300, Train Loss (train loader labels): 113881564659580928.0000, Train acc (train loader labels): 0.1220, Best val acc: 0.2147, Current val acc: 0.1304, Val Loss: 117605713622073344.0000
=====> Saving current model and best model
balance: False
selecting samples for epoch 197, ratio 0.1
=====> Saving current model and best model
balance: False
selecting samples for epoch 198, ratio 0.1
=====> Saving current model and best model
balance: False
selecting samples for epoch 199, ratio 0.1
=====> Saving current model and best model
balance: False
selecting samples for epoch 200, ratio 0.1
=====> Saving current model and best model
balance: False
selecting samples for epoch 201, ratio 0.1
=====> Saving current model and best model
balance: False
selecting samples for epoch 202, ratio 0.1
=====> Saving current model and best model
balance: False
selecting samples for epoch 203, ratio 0.1
=====> Saving current model and best model
balance: False
selecting samples for epoch 204, ratio 0.1
=====> Saving current model and best model
balance: False
selecting samples for epoch 205, ratio 0.1
=====> Saving current model and best model
balance: False
selecting samples for epoch 206, ratio 0.1
=====> Saving current model and best model
balance: False
selecting samples for epoch 207, ratio 0.1
=====> Saving current model and best model
balance: False
selecting samples for epoch 208, ratio 0.1
=====> Saving current model and best model
balance: False
selecting samples for epoch 209, ratio 0.1
=====> Saving current model and best model
balance: False
selecting samples for epoch 210, ratio 0.1
=====> Saving current model and best model
balance: False
selecting samples for epoch 211, ratio 0.1
=====> Epoch: 211/300, Total_step: 39668, lr: 0.001000, Total Time: 14615.4848 s, Time this epoch: 51.6786 s
=====> Epoch: 211/300, Train Loss (train loader labels): 21003122369363968.0000, Train acc (train loader labels): 0.1137, Best val acc: 0.2147, Current val acc: 0.1185, Val Loss: 20560223194316800.0000
=====> Saving current model and best model
balance: False
selecting samples for epoch 212, ratio 0.1
=====> Saving current model and best model
balance: False
selecting samples for epoch 213, ratio 0.1
=====> Saving current model and best model
balance: False
selecting samples for epoch 214, ratio 0.1
=====> Saving current model and best model
balance: False
selecting samples for epoch 215, ratio 0.1
=====> Saving current model and best model
balance: False
selecting samples for epoch 216, ratio 0.1
=====> Saving current model and best model
balance: False
selecting samples for epoch 217, ratio 0.1
=====> Saving current model and best model
balance: False
selecting samples for epoch 218, ratio 0.1
=====> Saving current model and best model
balance: False
selecting samples for epoch 219, ratio 0.1
=====> Saving current model and best model
balance: False
selecting samples for epoch 220, ratio 0.1
=====> Saving current model and best model
balance: False
selecting samples for epoch 221, ratio 0.1
=====> Saving current model and best model
balance: False
selecting samples for epoch 222, ratio 0.1
=====> Saving current model and best model
balance: False
selecting samples for epoch 223, ratio 0.1
=====> Saving current model and best model
balance: False
selecting samples for epoch 224, ratio 0.1
=====> Saving current model and best model
balance: False
selecting samples for epoch 225, ratio 0.1
=====> Saving current model and best model
balance: False
selecting samples for epoch 226, ratio 0.1
=====> Epoch: 226/300, Total_step: 42488, lr: 0.001000, Total Time: 15470.1222 s, Time this epoch: 51.8538 s
=====> Epoch: 226/300, Train Loss (train loader labels): 4495921031151616.0000, Train acc (train loader labels): 0.0989, Best val acc: 0.2147, Current val acc: 0.0819, Val Loss: 4607265105510400.0000
=====> Saving current model and best model
balance: False
selecting samples for epoch 227, ratio 0.1
=====> Saving current model and best model
balance: False
selecting samples for epoch 228, ratio 0.1
=====> Saving current model and best model
balance: False
selecting samples for epoch 229, ratio 0.1
=====> Saving current model and best model
balance: False
selecting samples for epoch 230, ratio 0.1
=====> Saving current model and best model
balance: False
selecting samples for epoch 231, ratio 0.1
=====> Saving current model and best model
balance: False
selecting samples for epoch 232, ratio 0.1
=====> Saving current model and best model
balance: False
selecting samples for epoch 233, ratio 0.1
=====> Saving current model and best model
balance: False
selecting samples for epoch 234, ratio 0.1
=====> Saving current model and best model
balance: False
selecting samples for epoch 235, ratio 0.1
=====> Saving current model and best model
balance: False
selecting samples for epoch 236, ratio 0.1
=====> Saving current model and best model
balance: False
selecting samples for epoch 237, ratio 0.1
=====> Saving current model and best model
balance: False
selecting samples for epoch 238, ratio 0.1
=====> Saving current model and best model
balance: False
selecting samples for epoch 239, ratio 0.1
=====> Saving current model and best model
balance: False
selecting samples for epoch 240, ratio 0.1
=====> Saving current model and best model
balance: False
selecting samples for epoch 241, ratio 0.1
=====> Epoch: 241/300, Total_step: 45308, lr: 0.001000, Total Time: 16324.0619 s, Time this epoch: 51.4207 s
=====> Epoch: 241/300, Train Loss (train loader labels): 816022512730112.0000, Train acc (train loader labels): 0.1176, Best val acc: 0.2147, Current val acc: 0.1105, Val Loss: 649959615496192.0000
=====> Saving current model and best model
balance: False
selecting samples for epoch 242, ratio 0.1
=====> Saving current model and best model
balance: False
selecting samples for epoch 243, ratio 0.1
=====> Saving current model and best model
balance: False
selecting samples for epoch 244, ratio 0.1
=====> Saving current model and best model
balance: False
selecting samples for epoch 245, ratio 0.1
=====> Saving current model and best model
balance: False
selecting samples for epoch 246, ratio 0.1
=====> Saving current model and best model
balance: False
selecting samples for epoch 247, ratio 0.1
=====> Saving current model and best model
balance: False
selecting samples for epoch 248, ratio 0.1
=====> Saving current model and best model
balance: False
selecting samples for epoch 249, ratio 0.1
=====> Saving current model and best model
balance: False
selecting samples for epoch 250, ratio 0.1
=====> Saving current model and best model
balance: False
selecting samples for epoch 251, ratio 0.1
=====> Saving current model and best model
balance: False
selecting samples for epoch 252, ratio 0.1
=====> Saving current model and best model
balance: False
selecting samples for epoch 253, ratio 0.1
=====> Saving current model and best model
balance: False
selecting samples for epoch 254, ratio 0.1
=====> Saving current model and best model
balance: False
selecting samples for epoch 255, ratio 0.1
=====> Saving current model and best model
balance: False
selecting samples for epoch 256, ratio 0.1
=====> Epoch: 256/300, Total_step: 48128, lr: 0.001000, Total Time: 17178.7652 s, Time this epoch: 51.4409 s
=====> Epoch: 256/300, Train Loss (train loader labels): 204339092127744.0000, Train acc (train loader labels): 0.1028, Best val acc: 0.2147, Current val acc: 0.1090, Val Loss: 203549321461760.0000
=====> Saving current model and best model
balance: False
selecting samples for epoch 257, ratio 0.1
=====> Saving current model and best model
balance: False
selecting samples for epoch 258, ratio 0.1
=====> Saving current model and best model
balance: False
selecting samples for epoch 259, ratio 0.1
=====> Saving current model and best model
balance: False
selecting samples for epoch 260, ratio 0.1
=====> Saving current model and best model
balance: False
selecting samples for epoch 261, ratio 0.1
=====> Saving current model and best model
balance: False
selecting samples for epoch 262, ratio 0.1
=====> Saving current model and best model
balance: False
selecting samples for epoch 263, ratio 0.1
=====> Saving current model and best model
balance: False
selecting samples for epoch 264, ratio 0.1
=====> Saving current model and best model
balance: False
selecting samples for epoch 265, ratio 0.1
=====> Saving current model and best model
balance: False
selecting samples for epoch 266, ratio 0.1
=====> Saving current model and best model
balance: False
selecting samples for epoch 267, ratio 0.1
=====> Saving current model and best model
balance: False
selecting samples for epoch 268, ratio 0.1
=====> Saving current model and best model
balance: False
selecting samples for epoch 269, ratio 0.1
=====> Saving current model and best model
balance: False
selecting samples for epoch 270, ratio 0.1
=====> Saving current model and best model
balance: False
selecting samples for epoch 271, ratio 0.1
=====> Epoch: 271/300, Total_step: 50948, lr: 0.001000, Total Time: 18030.9631 s, Time this epoch: 51.6961 s
=====> Epoch: 271/300, Train Loss (train loader labels): 10885305204736.0000, Train acc (train loader labels): 0.0982, Best val acc: 0.2147, Current val acc: 0.0895, Val Loss: 10763982864384.0000
=====> Saving current model and best model
balance: False
selecting samples for epoch 272, ratio 0.1
=====> Saving current model and best model
balance: False
selecting samples for epoch 273, ratio 0.1
=====> Saving current model and best model
balance: False
selecting samples for epoch 274, ratio 0.1
=====> Saving current model and best model
balance: False
selecting samples for epoch 275, ratio 0.1
=====> Saving current model and best model
balance: False
selecting samples for epoch 276, ratio 0.1
=====> Saving current model and best model
balance: False
selecting samples for epoch 277, ratio 0.1
=====> Saving current model and best model
balance: False
selecting samples for epoch 278, ratio 0.1
=====> Saving current model and best model
balance: False
selecting samples for epoch 279, ratio 0.1
=====> Saving current model and best model
balance: False
selecting samples for epoch 280, ratio 0.1
=====> Saving current model and best model
balance: False
selecting samples for epoch 281, ratio 0.1
=====> Saving current model and best model
balance: False
selecting samples for epoch 282, ratio 0.1
=====> Saving current model and best model
balance: False
selecting samples for epoch 283, ratio 0.1
=====> Saving current model and best model
balance: False
selecting samples for epoch 284, ratio 0.1
=====> Saving current model and best model
balance: False
selecting samples for epoch 285, ratio 0.1
=====> Saving current model and best model
balance: False
selecting samples for epoch 286, ratio 0.1
=====> Epoch: 286/300, Total_step: 53768, lr: 0.001000, Total Time: 18883.4102 s, Time this epoch: 51.6590 s
=====> Epoch: 286/300, Train Loss (train loader labels): 6797497729024.0000, Train acc (train loader labels): 0.1019, Best val acc: 0.2147, Current val acc: 0.0810, Val Loss: 6657945894912.0000
=====> Saving current model and best model
balance: False
selecting samples for epoch 287, ratio 0.1
=====> Saving current model and best model
balance: False
selecting samples for epoch 288, ratio 0.1
=====> Saving current model and best model
balance: False
selecting samples for epoch 289, ratio 0.1
=====> Saving current model and best model
balance: False
selecting samples for epoch 290, ratio 0.1
=====> Saving current model and best model
balance: False
selecting samples for epoch 291, ratio 0.1
=====> Saving current model and best model
balance: False
selecting samples for epoch 292, ratio 0.1
=====> Saving current model and best model
balance: False
selecting samples for epoch 293, ratio 0.1
=====> Saving current model and best model
balance: False
selecting samples for epoch 294, ratio 0.1
=====> Saving current model and best model
balance: False
selecting samples for epoch 295, ratio 0.1
=====> Saving current model and best model
balance: False
selecting samples for epoch 296, ratio 0.1
=====> Saving current model and best model
balance: False
selecting samples for epoch 297, ratio 0.1
=====> Saving current model and best model
balance: False
selecting samples for epoch 298, ratio 0.1
=====> Saving current model and best model
balance: False
selecting samples for epoch 299, ratio 0.1
=====> Saving current model and best model
balance: False
selecting samples for epoch 300, ratio 0.1
=====> Epoch: 300/300, Total_step: 56400, lr: 0.001000, Total Time: 19681.8732 s, Time this epoch: 51.8966 s
=====> Epoch: 300/300, Train Loss (train loader labels): 1989184323584.0000, Train acc (train loader labels): 0.0914, Best val acc: 0.2147, Current val acc: 0.1005, Val Loss: 1893487476736.0000
=====> Saving current model and best model
Saved helper snapshots to /home/mward19/Documents/miller/Online-Batch-Selection/snapshots/MNIST/{"bsel":"RhoLoss","seed":1,"model":"DeepLinear","opt":"adamw","bs":320,"ratio":0.1,"lr":0.001,"wd":0.01,"layers":36,"hidden_dim":1000}.p
Saved selected points array to /home/mward19/Documents/miller/Online-Batch-Selection/selected_points/MNIST/{"bsel":"RhoLoss","seed":1,"model":"DeepLinear","opt":"adamw","bs":320,"ratio":0.1,"lr":0.001,"wd":0.01,"layers":36,"hidden_dim":1000}.npy
========================= End Main =========================
