save_dir: ./exp/CIFAR3/Uniform_deeplinear_bs320_ep300_lr0.001_AdamW_constant_seed1_r0.1_3_hidden
=====> Loading config files: 
configs/cifar3/method/uniform-0.1.yaml
configs/cifar3/data/cifar3.yaml
configs/cifar3/model/deep_linear_saxe/deep_linear_3.yaml
configs/cifar3/optim/adamw-320-0.001-0.01.yaml
configs/diagnostics/snapshots_log_interval.yaml
=====> Config files loaded.
========================= Start Main =========================
=====> Saving config file
=====> Config file saved
=====> Using fixed random seed: 1
=====> Wandb initialized
=====> Number of GPUs: 1
Creating Uniform...
Begin training for Uniform...
=====> Epoch: 0/300, Total_step: 0, lr: 0.001000, Total Time: 0.0000 s, Time this epoch: 0.0000 s
=====> Epoch: 0/300, Train Loss (train loader labels): 1.1047, Train acc (train loader labels): 0.3262, Best val acc: 0.3403, Current val acc: 0.3403, Val Loss: 1.1011
selecting samples for epoch 1
balance: False
ratio: 0.1
=====> Epoch: 1/300, Total_step: 1, lr: 0.001000, Total Time: 0.0000 s, Time this epoch: 0.0000 s
=====> Epoch: 1/300, Train Loss (train loader labels): 4.5298, Train acc (train loader labels): 0.3483, Best val acc: 0.3550, Current val acc: 0.3550, Val Loss: 4.3280
=====> Epoch: 1/300, Total_step: 12, lr: 0.001000, Total Time: 0.0000 s, Time this epoch: 0.0000 s
=====> Epoch: 1/300, Train Loss (train loader labels): 1.7199, Train acc (train loader labels): 0.3176, Best val acc: 0.3550, Current val acc: 0.2927, Val Loss: 1.7393
=====> Epoch: 1/300, Total_step: 23, lr: 0.001000, Total Time: 0.0000 s, Time this epoch: 0.0000 s
=====> Epoch: 1/300, Train Loss (train loader labels): 1.2184, Train acc (train loader labels): 0.3963, Best val acc: 0.3933, Current val acc: 0.3933, Val Loss: 1.2171
=====> Epoch: 1/300, Total_step: 34, lr: 0.001000, Total Time: 0.0000 s, Time this epoch: 0.0000 s
=====> Epoch: 1/300, Train Loss (train loader labels): 1.2598, Train acc (train loader labels): 0.3987, Best val acc: 0.3997, Current val acc: 0.3997, Val Loss: 1.2360
=====> Epoch: 1/300, Total_step: 45, lr: 0.001000, Total Time: 0.0000 s, Time this epoch: 0.0000 s
=====> Epoch: 1/300, Train Loss (train loader labels): 1.0308, Train acc (train loader labels): 0.4648, Best val acc: 0.4780, Current val acc: 0.4780, Val Loss: 1.0267
=====> Saving current model and best model
selecting samples for epoch 2
balance: False
ratio: 0.1
=====> Epoch: 2/300, Total_step: 48, lr: 0.001000, Total Time: 124.5729 s, Time this epoch: 106.0193 s
=====> Epoch: 2/300, Train Loss (train loader labels): 1.1124, Train acc (train loader labels): 0.4292, Best val acc: 0.4780, Current val acc: 0.4350, Val Loss: 1.1007
=====> Epoch: 2/300, Total_step: 59, lr: 0.001000, Total Time: 124.5729 s, Time this epoch: 106.0193 s
=====> Epoch: 2/300, Train Loss (train loader labels): 1.0518, Train acc (train loader labels): 0.4667, Best val acc: 0.4780, Current val acc: 0.4650, Val Loss: 1.0457
=====> Epoch: 2/300, Total_step: 70, lr: 0.001000, Total Time: 124.5729 s, Time this epoch: 106.0193 s
=====> Epoch: 2/300, Train Loss (train loader labels): 1.0671, Train acc (train loader labels): 0.4294, Best val acc: 0.4780, Current val acc: 0.4300, Val Loss: 1.0658
=====> Epoch: 2/300, Total_step: 81, lr: 0.001000, Total Time: 124.5729 s, Time this epoch: 106.0193 s
=====> Epoch: 2/300, Train Loss (train loader labels): 1.0374, Train acc (train loader labels): 0.4627, Best val acc: 0.4790, Current val acc: 0.4790, Val Loss: 1.0293
=====> Epoch: 2/300, Total_step: 92, lr: 0.001000, Total Time: 124.5729 s, Time this epoch: 106.0193 s
=====> Epoch: 2/300, Train Loss (train loader labels): 1.0292, Train acc (train loader labels): 0.4736, Best val acc: 0.4847, Current val acc: 0.4847, Val Loss: 1.0225
=====> Saving current model and best model
selecting samples for epoch 3
balance: False
ratio: 0.1
=====> Epoch: 3/300, Total_step: 95, lr: 0.001000, Total Time: 230.9181 s, Time this epoch: 106.1224 s
=====> Epoch: 3/300, Train Loss (train loader labels): 1.0365, Train acc (train loader labels): 0.4717, Best val acc: 0.4847, Current val acc: 0.4840, Val Loss: 1.0278
=====> Epoch: 3/300, Total_step: 106, lr: 0.001000, Total Time: 230.9181 s, Time this epoch: 106.1224 s
=====> Epoch: 3/300, Train Loss (train loader labels): 1.0194, Train acc (train loader labels): 0.4856, Best val acc: 0.4847, Current val acc: 0.4833, Val Loss: 1.0217
=====> Epoch: 3/300, Total_step: 117, lr: 0.001000, Total Time: 230.9181 s, Time this epoch: 106.1224 s
=====> Epoch: 3/300, Train Loss (train loader labels): 1.0253, Train acc (train loader labels): 0.4769, Best val acc: 0.4940, Current val acc: 0.4940, Val Loss: 1.0179
=====> Epoch: 3/300, Total_step: 128, lr: 0.001000, Total Time: 230.9181 s, Time this epoch: 106.1224 s
=====> Epoch: 3/300, Train Loss (train loader labels): 1.0370, Train acc (train loader labels): 0.4729, Best val acc: 0.4940, Current val acc: 0.4733, Val Loss: 1.0345
=====> Epoch: 3/300, Total_step: 139, lr: 0.001000, Total Time: 230.9181 s, Time this epoch: 106.1224 s
=====> Epoch: 3/300, Train Loss (train loader labels): 1.0290, Train acc (train loader labels): 0.4821, Best val acc: 0.4940, Current val acc: 0.4867, Val Loss: 1.0254
=====> Saving current model and best model
selecting samples for epoch 4
balance: False
ratio: 0.1
=====> Epoch: 4/300, Total_step: 142, lr: 0.001000, Total Time: 336.8432 s, Time this epoch: 105.7583 s
=====> Epoch: 4/300, Train Loss (train loader labels): 1.0477, Train acc (train loader labels): 0.4340, Best val acc: 0.4940, Current val acc: 0.4290, Val Loss: 1.0507
=====> Epoch: 4/300, Total_step: 153, lr: 0.001000, Total Time: 336.8432 s, Time this epoch: 105.7583 s
=====> Epoch: 4/300, Train Loss (train loader labels): 1.0815, Train acc (train loader labels): 0.4607, Best val acc: 0.4940, Current val acc: 0.4883, Val Loss: 1.0675
=====> Epoch: 4/300, Total_step: 164, lr: 0.001000, Total Time: 336.8432 s, Time this epoch: 105.7583 s
=====> Epoch: 4/300, Train Loss (train loader labels): 1.0394, Train acc (train loader labels): 0.4559, Best val acc: 0.4940, Current val acc: 0.4710, Val Loss: 1.0351
=====> Epoch: 4/300, Total_step: 175, lr: 0.001000, Total Time: 336.8432 s, Time this epoch: 105.7583 s
=====> Epoch: 4/300, Train Loss (train loader labels): 1.0723, Train acc (train loader labels): 0.4206, Best val acc: 0.4940, Current val acc: 0.4317, Val Loss: 1.0641
=====> Epoch: 4/300, Total_step: 186, lr: 0.001000, Total Time: 336.8432 s, Time this epoch: 105.7583 s
=====> Epoch: 4/300, Train Loss (train loader labels): 1.0292, Train acc (train loader labels): 0.4706, Best val acc: 0.4940, Current val acc: 0.4887, Val Loss: 1.0172
=====> Saving current model and best model
selecting samples for epoch 5
balance: False
ratio: 0.1
=====> Epoch: 5/300, Total_step: 189, lr: 0.001000, Total Time: 442.8612 s, Time this epoch: 105.8545 s
=====> Epoch: 5/300, Train Loss (train loader labels): 1.0256, Train acc (train loader labels): 0.4789, Best val acc: 0.5000, Current val acc: 0.5000, Val Loss: 1.0115
=====> Epoch: 5/300, Total_step: 200, lr: 0.001000, Total Time: 442.8612 s, Time this epoch: 105.8545 s
=====> Epoch: 5/300, Train Loss (train loader labels): 1.0227, Train acc (train loader labels): 0.4797, Best val acc: 0.5000, Current val acc: 0.4973, Val Loss: 1.0164
=====> Epoch: 5/300, Total_step: 211, lr: 0.001000, Total Time: 442.8612 s, Time this epoch: 105.8545 s
=====> Epoch: 5/300, Train Loss (train loader labels): 1.0331, Train acc (train loader labels): 0.4765, Best val acc: 0.5000, Current val acc: 0.4990, Val Loss: 1.0339
=====> Epoch: 5/300, Total_step: 222, lr: 0.001000, Total Time: 442.8612 s, Time this epoch: 105.8545 s
=====> Epoch: 5/300, Train Loss (train loader labels): 1.0476, Train acc (train loader labels): 0.4641, Best val acc: 0.5000, Current val acc: 0.4883, Val Loss: 1.0371
=====> Epoch: 5/300, Total_step: 233, lr: 0.001000, Total Time: 442.8612 s, Time this epoch: 105.8545 s
=====> Epoch: 5/300, Train Loss (train loader labels): 1.0408, Train acc (train loader labels): 0.4500, Best val acc: 0.5000, Current val acc: 0.4553, Val Loss: 1.0345
=====> Saving current model and best model
selecting samples for epoch 6
balance: False
ratio: 0.1
=====> Epoch: 6/300, Total_step: 282, lr: 0.001000, Total Time: 548.9570 s, Time this epoch: 105.9273 s
=====> Epoch: 6/300, Train Loss (train loader labels): 1.0617, Train acc (train loader labels): 0.4469, Best val acc: 0.5000, Current val acc: 0.4647, Val Loss: 1.0496
=====> Saving current model and best model
selecting samples for epoch 7
balance: False
ratio: 0.1
=====> Epoch: 7/300, Total_step: 329, lr: 0.001000, Total Time: 584.6994 s, Time this epoch: 35.5683 s
=====> Epoch: 7/300, Train Loss (train loader labels): 1.1065, Train acc (train loader labels): 0.3704, Best val acc: 0.5000, Current val acc: 0.3693, Val Loss: 1.1070
=====> Saving current model and best model
selecting samples for epoch 8
balance: False
ratio: 0.1
=====> Epoch: 8/300, Total_step: 376, lr: 0.001000, Total Time: 620.2871 s, Time this epoch: 35.3997 s
=====> Epoch: 8/300, Train Loss (train loader labels): 1.0642, Train acc (train loader labels): 0.4113, Best val acc: 0.5000, Current val acc: 0.4147, Val Loss: 1.0607
=====> Saving current model and best model
selecting samples for epoch 9
balance: False
ratio: 0.1
=====> Epoch: 9/300, Total_step: 423, lr: 0.001000, Total Time: 656.0614 s, Time this epoch: 35.5696 s
=====> Epoch: 9/300, Train Loss (train loader labels): 1.0250, Train acc (train loader labels): 0.4849, Best val acc: 0.5000, Current val acc: 0.4990, Val Loss: 1.0203
=====> Saving current model and best model
selecting samples for epoch 10
balance: False
ratio: 0.1
=====> Epoch: 10/300, Total_step: 470, lr: 0.001000, Total Time: 691.7628 s, Time this epoch: 35.5223 s
=====> Epoch: 10/300, Train Loss (train loader labels): 1.0119, Train acc (train loader labels): 0.4861, Best val acc: 0.5000, Current val acc: 0.4933, Val Loss: 1.0117
=====> Saving current model and best model
selecting samples for epoch 11
balance: False
ratio: 0.1
=====> Epoch: 11/300, Total_step: 517, lr: 0.001000, Total Time: 727.4013 s, Time this epoch: 35.4655 s
=====> Epoch: 11/300, Train Loss (train loader labels): 1.0382, Train acc (train loader labels): 0.4700, Best val acc: 0.5000, Current val acc: 0.4830, Val Loss: 1.0267
=====> Saving current model and best model
selecting samples for epoch 12
balance: False
ratio: 0.1
=====> Epoch: 12/300, Total_step: 564, lr: 0.001000, Total Time: 763.3538 s, Time this epoch: 35.7871 s
=====> Epoch: 12/300, Train Loss (train loader labels): 1.0679, Train acc (train loader labels): 0.4803, Best val acc: 0.5000, Current val acc: 0.4863, Val Loss: 1.0615
=====> Saving current model and best model
selecting samples for epoch 13
balance: False
ratio: 0.1
=====> Epoch: 13/300, Total_step: 611, lr: 0.001000, Total Time: 798.9706 s, Time this epoch: 35.4349 s
=====> Epoch: 13/300, Train Loss (train loader labels): 1.1445, Train acc (train loader labels): 0.3748, Best val acc: 0.5000, Current val acc: 0.3740, Val Loss: 1.1364
=====> Saving current model and best model
selecting samples for epoch 14
balance: False
ratio: 0.1
=====> Epoch: 14/300, Total_step: 658, lr: 0.001000, Total Time: 834.6226 s, Time this epoch: 35.4807 s
=====> Epoch: 14/300, Train Loss (train loader labels): 1.0262, Train acc (train loader labels): 0.4591, Best val acc: 0.5000, Current val acc: 0.4600, Val Loss: 1.0261
=====> Saving current model and best model
selecting samples for epoch 15
balance: False
ratio: 0.1
=====> Epoch: 15/300, Total_step: 705, lr: 0.001000, Total Time: 870.3351 s, Time this epoch: 35.5468 s
=====> Epoch: 15/300, Train Loss (train loader labels): 1.0486, Train acc (train loader labels): 0.4379, Best val acc: 0.5000, Current val acc: 0.4317, Val Loss: 1.0535
=====> Saving current model and best model
selecting samples for epoch 16
balance: False
ratio: 0.1
=====> Epoch: 16/300, Total_step: 752, lr: 0.001000, Total Time: 905.8743 s, Time this epoch: 35.3703 s
=====> Epoch: 16/300, Train Loss (train loader labels): 1.0472, Train acc (train loader labels): 0.4421, Best val acc: 0.5000, Current val acc: 0.4427, Val Loss: 1.0446
=====> Saving current model and best model
selecting samples for epoch 17
balance: False
ratio: 0.1
=====> Epoch: 17/300, Total_step: 799, lr: 0.001000, Total Time: 941.4672 s, Time this epoch: 35.4225 s
=====> Epoch: 17/300, Train Loss (train loader labels): 1.0710, Train acc (train loader labels): 0.4549, Best val acc: 0.5000, Current val acc: 0.4760, Val Loss: 1.0577
=====> Saving current model and best model
selecting samples for epoch 18
balance: False
ratio: 0.1
=====> Epoch: 18/300, Total_step: 846, lr: 0.001000, Total Time: 976.9028 s, Time this epoch: 35.2606 s
=====> Epoch: 18/300, Train Loss (train loader labels): 1.0465, Train acc (train loader labels): 0.4675, Best val acc: 0.5000, Current val acc: 0.4820, Val Loss: 1.0426
=====> Saving current model and best model
selecting samples for epoch 19
balance: False
ratio: 0.1
=====> Epoch: 19/300, Total_step: 893, lr: 0.001000, Total Time: 1012.6527 s, Time this epoch: 35.5792 s
=====> Epoch: 19/300, Train Loss (train loader labels): 1.0780, Train acc (train loader labels): 0.4665, Best val acc: 0.5000, Current val acc: 0.4777, Val Loss: 1.0673
=====> Saving current model and best model
selecting samples for epoch 20
balance: False
ratio: 0.1
=====> Epoch: 20/300, Total_step: 940, lr: 0.001000, Total Time: 1048.4467 s, Time this epoch: 35.6124 s
=====> Epoch: 20/300, Train Loss (train loader labels): 1.0475, Train acc (train loader labels): 0.4381, Best val acc: 0.5000, Current val acc: 0.4487, Val Loss: 1.0387
=====> Saving current model and best model
selecting samples for epoch 21
balance: False
ratio: 0.1
=====> Epoch: 21/300, Total_step: 987, lr: 0.001000, Total Time: 1084.2843 s, Time this epoch: 35.6419 s
=====> Epoch: 21/300, Train Loss (train loader labels): 1.0691, Train acc (train loader labels): 0.4409, Best val acc: 0.5000, Current val acc: 0.4340, Val Loss: 1.0731
=====> Saving current model and best model
selecting samples for epoch 22
balance: False
ratio: 0.1
=====> Epoch: 22/300, Total_step: 1034, lr: 0.001000, Total Time: 1119.9027 s, Time this epoch: 35.4204 s
=====> Epoch: 22/300, Train Loss (train loader labels): 1.0636, Train acc (train loader labels): 0.4397, Best val acc: 0.5000, Current val acc: 0.4490, Val Loss: 1.0511
=====> Saving current model and best model
selecting samples for epoch 23
balance: False
ratio: 0.1
=====> Epoch: 23/300, Total_step: 1081, lr: 0.001000, Total Time: 1155.6812 s, Time this epoch: 35.5758 s
=====> Epoch: 23/300, Train Loss (train loader labels): 1.0905, Train acc (train loader labels): 0.4211, Best val acc: 0.5000, Current val acc: 0.4430, Val Loss: 1.0686
=====> Saving current model and best model
selecting samples for epoch 24
balance: False
ratio: 0.1
=====> Epoch: 24/300, Total_step: 1128, lr: 0.001000, Total Time: 1191.3567 s, Time this epoch: 35.4821 s
=====> Epoch: 24/300, Train Loss (train loader labels): 1.0649, Train acc (train loader labels): 0.4719, Best val acc: 0.5000, Current val acc: 0.4813, Val Loss: 1.0688
=====> Saving current model and best model
selecting samples for epoch 25
balance: False
ratio: 0.1
=====> Epoch: 25/300, Total_step: 1175, lr: 0.001000, Total Time: 1227.0605 s, Time this epoch: 35.4693 s
=====> Epoch: 25/300, Train Loss (train loader labels): 1.0819, Train acc (train loader labels): 0.4333, Best val acc: 0.5000, Current val acc: 0.4437, Val Loss: 1.0727
=====> Saving current model and best model
selecting samples for epoch 26
balance: False
ratio: 0.1
=====> Epoch: 26/300, Total_step: 1222, lr: 0.001000, Total Time: 1262.7642 s, Time this epoch: 35.5115 s
=====> Epoch: 26/300, Train Loss (train loader labels): 1.2182, Train acc (train loader labels): 0.3787, Best val acc: 0.5000, Current val acc: 0.3723, Val Loss: 1.2303
=====> Saving current model and best model
selecting samples for epoch 27
balance: False
ratio: 0.1
=====> Saving current model and best model
selecting samples for epoch 28
balance: False
ratio: 0.1
=====> Saving current model and best model
selecting samples for epoch 29
balance: False
ratio: 0.1
=====> Epoch: 29/300, Total_step: 1363, lr: 0.001000, Total Time: 1332.7934 s, Time this epoch: 16.9686 s
=====> Epoch: 29/300, Train Loss (train loader labels): 1.0732, Train acc (train loader labels): 0.4475, Best val acc: 0.5000, Current val acc: 0.4447, Val Loss: 1.0795
=====> Saving current model and best model
selecting samples for epoch 30
balance: False
ratio: 0.1
=====> Saving current model and best model
selecting samples for epoch 31
balance: False
ratio: 0.1
=====> Saving current model and best model
selecting samples for epoch 32
balance: False
ratio: 0.1
=====> Saving current model and best model
selecting samples for epoch 33
balance: False
ratio: 0.1
=====> Epoch: 33/300, Total_step: 1551, lr: 0.001000, Total Time: 1420.1322 s, Time this epoch: 16.9967 s
=====> Epoch: 33/300, Train Loss (train loader labels): 1.0845, Train acc (train loader labels): 0.4257, Best val acc: 0.5000, Current val acc: 0.4403, Val Loss: 1.0729
=====> Saving current model and best model
selecting samples for epoch 34
balance: False
ratio: 0.1
=====> Saving current model and best model
selecting samples for epoch 35
balance: False
ratio: 0.1
=====> Saving current model and best model
selecting samples for epoch 36
balance: False
ratio: 0.1
=====> Saving current model and best model
selecting samples for epoch 37
balance: False
ratio: 0.1
=====> Epoch: 37/300, Total_step: 1739, lr: 0.001000, Total Time: 1507.6848 s, Time this epoch: 17.0740 s
=====> Epoch: 37/300, Train Loss (train loader labels): 1.0363, Train acc (train loader labels): 0.4553, Best val acc: 0.5000, Current val acc: 0.4603, Val Loss: 1.0393
=====> Saving current model and best model
selecting samples for epoch 38
balance: False
ratio: 0.1
=====> Saving current model and best model
selecting samples for epoch 39
balance: False
ratio: 0.1
=====> Saving current model and best model
selecting samples for epoch 40
balance: False
ratio: 0.1
=====> Saving current model and best model
selecting samples for epoch 41
balance: False
ratio: 0.1
=====> Epoch: 41/300, Total_step: 1927, lr: 0.001000, Total Time: 1595.1846 s, Time this epoch: 16.9588 s
=====> Epoch: 41/300, Train Loss (train loader labels): 1.1005, Train acc (train loader labels): 0.4545, Best val acc: 0.5000, Current val acc: 0.4553, Val Loss: 1.1220
=====> Saving current model and best model
selecting samples for epoch 42
balance: False
ratio: 0.1
=====> Saving current model and best model
selecting samples for epoch 43
balance: False
ratio: 0.1
=====> Saving current model and best model
selecting samples for epoch 44
balance: False
ratio: 0.1
=====> Saving current model and best model
selecting samples for epoch 45
balance: False
ratio: 0.1
=====> Epoch: 45/300, Total_step: 2115, lr: 0.001000, Total Time: 1682.4421 s, Time this epoch: 16.8717 s
=====> Epoch: 45/300, Train Loss (train loader labels): 2.0496, Train acc (train loader labels): 0.3912, Best val acc: 0.5000, Current val acc: 0.3863, Val Loss: 2.0887
=====> Saving current model and best model
selecting samples for epoch 46
balance: False
ratio: 0.1
=====> Saving current model and best model
selecting samples for epoch 47
balance: False
ratio: 0.1
=====> Saving current model and best model
selecting samples for epoch 48
balance: False
ratio: 0.1
=====> Saving current model and best model
selecting samples for epoch 49
balance: False
ratio: 0.1
=====> Epoch: 49/300, Total_step: 2303, lr: 0.001000, Total Time: 1769.6401 s, Time this epoch: 17.0857 s
=====> Epoch: 49/300, Train Loss (train loader labels): 1.0444, Train acc (train loader labels): 0.4633, Best val acc: 0.5000, Current val acc: 0.4693, Val Loss: 1.0369
=====> Saving current model and best model
selecting samples for epoch 50
balance: False
ratio: 0.1
=====> Saving current model and best model
selecting samples for epoch 51
balance: False
ratio: 0.1
=====> Saving current model and best model
selecting samples for epoch 52
balance: False
ratio: 0.1
=====> Saving current model and best model
selecting samples for epoch 53
balance: False
ratio: 0.1
=====> Epoch: 53/300, Total_step: 2491, lr: 0.001000, Total Time: 1857.0240 s, Time this epoch: 16.9877 s
=====> Epoch: 53/300, Train Loss (train loader labels): 1.0162, Train acc (train loader labels): 0.4829, Best val acc: 0.5000, Current val acc: 0.4930, Val Loss: 1.0150
=====> Saving current model and best model
selecting samples for epoch 54
balance: False
ratio: 0.1
=====> Saving current model and best model
selecting samples for epoch 55
balance: False
ratio: 0.1
=====> Saving current model and best model
selecting samples for epoch 56
balance: False
ratio: 0.1
=====> Saving current model and best model
selecting samples for epoch 57
balance: False
ratio: 0.1
=====> Epoch: 57/300, Total_step: 2679, lr: 0.001000, Total Time: 1944.3391 s, Time this epoch: 17.0013 s
=====> Epoch: 57/300, Train Loss (train loader labels): 1.0598, Train acc (train loader labels): 0.4538, Best val acc: 0.5000, Current val acc: 0.4577, Val Loss: 1.0518
=====> Saving current model and best model
selecting samples for epoch 58
balance: False
ratio: 0.1
=====> Saving current model and best model
selecting samples for epoch 59
balance: False
ratio: 0.1
=====> Saving current model and best model
selecting samples for epoch 60
balance: False
ratio: 0.1
=====> Saving current model and best model
selecting samples for epoch 61
balance: False
ratio: 0.1
=====> Epoch: 61/300, Total_step: 2867, lr: 0.001000, Total Time: 2031.5642 s, Time this epoch: 16.9390 s
=====> Epoch: 61/300, Train Loss (train loader labels): 1.0062, Train acc (train loader labels): 0.4979, Best val acc: 0.5177, Current val acc: 0.5177, Val Loss: 1.0031
=====> Saving current model and best model
selecting samples for epoch 62
balance: False
ratio: 0.1
=====> Saving current model and best model
selecting samples for epoch 63
balance: False
ratio: 0.1
=====> Saving current model and best model
selecting samples for epoch 64
balance: False
ratio: 0.1
=====> Saving current model and best model
selecting samples for epoch 65
balance: False
ratio: 0.1
=====> Epoch: 65/300, Total_step: 3055, lr: 0.001000, Total Time: 2119.4303 s, Time this epoch: 17.0301 s
=====> Epoch: 65/300, Train Loss (train loader labels): 1.0362, Train acc (train loader labels): 0.4797, Best val acc: 0.5177, Current val acc: 0.4903, Val Loss: 1.0393
=====> Saving current model and best model
selecting samples for epoch 66
balance: False
ratio: 0.1
=====> Saving current model and best model
selecting samples for epoch 67
balance: False
ratio: 0.1
=====> Saving current model and best model
selecting samples for epoch 68
balance: False
ratio: 0.1
=====> Saving current model and best model
selecting samples for epoch 69
balance: False
ratio: 0.1
=====> Saving current model and best model
selecting samples for epoch 70
balance: False
ratio: 0.1
=====> Saving current model and best model
selecting samples for epoch 71
balance: False
ratio: 0.1
=====> Saving current model and best model
selecting samples for epoch 72
balance: False
ratio: 0.1
=====> Saving current model and best model
selecting samples for epoch 73
balance: False
ratio: 0.1
=====> Saving current model and best model
selecting samples for epoch 74
balance: False
ratio: 0.1
=====> Saving current model and best model
selecting samples for epoch 75
balance: False
ratio: 0.1
=====> Saving current model and best model
selecting samples for epoch 76
balance: False
ratio: 0.1
=====> Epoch: 76/300, Total_step: 3572, lr: 0.001000, Total Time: 2326.8466 s, Time this epoch: 16.9361 s
=====> Epoch: 76/300, Train Loss (train loader labels): 1.0496, Train acc (train loader labels): 0.4601, Best val acc: 0.5177, Current val acc: 0.4733, Val Loss: 1.0482
=====> Saving current model and best model
selecting samples for epoch 77
balance: False
ratio: 0.1
=====> Saving current model and best model
selecting samples for epoch 78
balance: False
ratio: 0.1
=====> Saving current model and best model
selecting samples for epoch 79
balance: False
ratio: 0.1
=====> Saving current model and best model
selecting samples for epoch 80
balance: False
ratio: 0.1
=====> Saving current model and best model
selecting samples for epoch 81
balance: False
ratio: 0.1
=====> Saving current model and best model
selecting samples for epoch 82
balance: False
ratio: 0.1
=====> Saving current model and best model
selecting samples for epoch 83
balance: False
ratio: 0.1
=====> Saving current model and best model
selecting samples for epoch 84
balance: False
ratio: 0.1
=====> Saving current model and best model
selecting samples for epoch 85
balance: False
ratio: 0.1
=====> Saving current model and best model
selecting samples for epoch 86
balance: False
ratio: 0.1
=====> Saving current model and best model
selecting samples for epoch 87
balance: False
ratio: 0.1
=====> Saving current model and best model
selecting samples for epoch 88
balance: False
ratio: 0.1
=====> Saving current model and best model
selecting samples for epoch 89
balance: False
ratio: 0.1
=====> Saving current model and best model
selecting samples for epoch 90
balance: False
ratio: 0.1
=====> Saving current model and best model
selecting samples for epoch 91
balance: False
ratio: 0.1
=====> Epoch: 91/300, Total_step: 4277, lr: 0.001000, Total Time: 2603.2034 s, Time this epoch: 16.9052 s
=====> Epoch: 91/300, Train Loss (train loader labels): 1.0388, Train acc (train loader labels): 0.4829, Best val acc: 0.5177, Current val acc: 0.4930, Val Loss: 1.0372
=====> Saving current model and best model
selecting samples for epoch 92
balance: False
ratio: 0.1
=====> Saving current model and best model
selecting samples for epoch 93
balance: False
ratio: 0.1
=====> Saving current model and best model
selecting samples for epoch 94
balance: False
ratio: 0.1
=====> Saving current model and best model
selecting samples for epoch 95
balance: False
ratio: 0.1
=====> Saving current model and best model
selecting samples for epoch 96
balance: False
ratio: 0.1
=====> Saving current model and best model
selecting samples for epoch 97
balance: False
ratio: 0.1
=====> Saving current model and best model
selecting samples for epoch 98
balance: False
ratio: 0.1
=====> Saving current model and best model
selecting samples for epoch 99
balance: False
ratio: 0.1
=====> Saving current model and best model
selecting samples for epoch 100
balance: False
ratio: 0.1
=====> Saving current model and best model
selecting samples for epoch 101
balance: False
ratio: 0.1
=====> Saving current model and best model
selecting samples for epoch 102
balance: False
ratio: 0.1
=====> Saving current model and best model
selecting samples for epoch 103
balance: False
ratio: 0.1
=====> Saving current model and best model
selecting samples for epoch 104
balance: False
ratio: 0.1
=====> Saving current model and best model
selecting samples for epoch 105
balance: False
ratio: 0.1
=====> Saving current model and best model
selecting samples for epoch 106
balance: False
ratio: 0.1
=====> Epoch: 106/300, Total_step: 4982, lr: 0.001000, Total Time: 2879.0419 s, Time this epoch: 17.0160 s
=====> Epoch: 106/300, Train Loss (train loader labels): 1.0334, Train acc (train loader labels): 0.4667, Best val acc: 0.5177, Current val acc: 0.4737, Val Loss: 1.0286
=====> Saving current model and best model
selecting samples for epoch 107
balance: False
ratio: 0.1
=====> Saving current model and best model
selecting samples for epoch 108
balance: False
ratio: 0.1
=====> Saving current model and best model
selecting samples for epoch 109
balance: False
ratio: 0.1
=====> Saving current model and best model
selecting samples for epoch 110
balance: False
ratio: 0.1
=====> Saving current model and best model
selecting samples for epoch 111
balance: False
ratio: 0.1
=====> Saving current model and best model
selecting samples for epoch 112
balance: False
ratio: 0.1
=====> Saving current model and best model
selecting samples for epoch 113
balance: False
ratio: 0.1
=====> Saving current model and best model
selecting samples for epoch 114
balance: False
ratio: 0.1
=====> Saving current model and best model
selecting samples for epoch 115
balance: False
ratio: 0.1
=====> Saving current model and best model
selecting samples for epoch 116
balance: False
ratio: 0.1
=====> Saving current model and best model
selecting samples for epoch 117
balance: False
ratio: 0.1
=====> Saving current model and best model
selecting samples for epoch 118
balance: False
ratio: 0.1
=====> Saving current model and best model
selecting samples for epoch 119
balance: False
ratio: 0.1
=====> Saving current model and best model
selecting samples for epoch 120
balance: False
ratio: 0.1
=====> Saving current model and best model
selecting samples for epoch 121
balance: False
ratio: 0.1
=====> Epoch: 121/300, Total_step: 5687, lr: 0.001000, Total Time: 3156.0140 s, Time this epoch: 16.9924 s
=====> Epoch: 121/300, Train Loss (train loader labels): 1.1225, Train acc (train loader labels): 0.4524, Best val acc: 0.5177, Current val acc: 0.4557, Val Loss: 1.1081
=====> Saving current model and best model
selecting samples for epoch 122
balance: False
ratio: 0.1
=====> Saving current model and best model
selecting samples for epoch 123
balance: False
ratio: 0.1
=====> Saving current model and best model
selecting samples for epoch 124
balance: False
ratio: 0.1
=====> Saving current model and best model
selecting samples for epoch 125
balance: False
ratio: 0.1
=====> Saving current model and best model
selecting samples for epoch 126
balance: False
ratio: 0.1
=====> Saving current model and best model
selecting samples for epoch 127
balance: False
ratio: 0.1
=====> Saving current model and best model
selecting samples for epoch 128
balance: False
ratio: 0.1
=====> Saving current model and best model
selecting samples for epoch 129
balance: False
ratio: 0.1
=====> Saving current model and best model
selecting samples for epoch 130
balance: False
ratio: 0.1
=====> Saving current model and best model
selecting samples for epoch 131
balance: False
ratio: 0.1
=====> Saving current model and best model
selecting samples for epoch 132
balance: False
ratio: 0.1
=====> Saving current model and best model
selecting samples for epoch 133
balance: False
ratio: 0.1
=====> Saving current model and best model
selecting samples for epoch 134
balance: False
ratio: 0.1
=====> Saving current model and best model
selecting samples for epoch 135
balance: False
ratio: 0.1
=====> Saving current model and best model
selecting samples for epoch 136
balance: False
ratio: 0.1
=====> Epoch: 136/300, Total_step: 6392, lr: 0.001000, Total Time: 3432.3720 s, Time this epoch: 16.9918 s
=====> Epoch: 136/300, Train Loss (train loader labels): 1.0056, Train acc (train loader labels): 0.5026, Best val acc: 0.5263, Current val acc: 0.5263, Val Loss: 0.9878
=====> Saving current model and best model
selecting samples for epoch 137
balance: False
ratio: 0.1
=====> Saving current model and best model
selecting samples for epoch 138
balance: False
ratio: 0.1
=====> Saving current model and best model
selecting samples for epoch 139
balance: False
ratio: 0.1
=====> Saving current model and best model
selecting samples for epoch 140
balance: False
ratio: 0.1
=====> Saving current model and best model
selecting samples for epoch 141
balance: False
ratio: 0.1
=====> Saving current model and best model
selecting samples for epoch 142
balance: False
ratio: 0.1
=====> Saving current model and best model
selecting samples for epoch 143
balance: False
ratio: 0.1
=====> Saving current model and best model
selecting samples for epoch 144
balance: False
ratio: 0.1
=====> Saving current model and best model
selecting samples for epoch 145
balance: False
ratio: 0.1
=====> Saving current model and best model
selecting samples for epoch 146
balance: False
ratio: 0.1
=====> Saving current model and best model
selecting samples for epoch 147
balance: False
ratio: 0.1
=====> Saving current model and best model
selecting samples for epoch 148
balance: False
ratio: 0.1
=====> Saving current model and best model
selecting samples for epoch 149
balance: False
ratio: 0.1
=====> Saving current model and best model
selecting samples for epoch 150
balance: False
ratio: 0.1
=====> Saving current model and best model
selecting samples for epoch 151
balance: False
ratio: 0.1
=====> Epoch: 151/300, Total_step: 7097, lr: 0.001000, Total Time: 3709.6074 s, Time this epoch: 17.0505 s
=====> Epoch: 151/300, Train Loss (train loader labels): 0.9953, Train acc (train loader labels): 0.5103, Best val acc: 0.5347, Current val acc: 0.5347, Val Loss: 0.9848
=====> Saving current model and best model
selecting samples for epoch 152
balance: False
ratio: 0.1
=====> Saving current model and best model
selecting samples for epoch 153
balance: False
ratio: 0.1
=====> Saving current model and best model
selecting samples for epoch 154
balance: False
ratio: 0.1
=====> Saving current model and best model
selecting samples for epoch 155
balance: False
ratio: 0.1
=====> Saving current model and best model
selecting samples for epoch 156
balance: False
ratio: 0.1
=====> Saving current model and best model
selecting samples for epoch 157
balance: False
ratio: 0.1
=====> Saving current model and best model
selecting samples for epoch 158
balance: False
ratio: 0.1
=====> Saving current model and best model
selecting samples for epoch 159
balance: False
ratio: 0.1
=====> Saving current model and best model
selecting samples for epoch 160
balance: False
ratio: 0.1
=====> Saving current model and best model
selecting samples for epoch 161
balance: False
ratio: 0.1
=====> Saving current model and best model
selecting samples for epoch 162
balance: False
ratio: 0.1
=====> Saving current model and best model
selecting samples for epoch 163
balance: False
ratio: 0.1
=====> Saving current model and best model
selecting samples for epoch 164
balance: False
ratio: 0.1
=====> Saving current model and best model
selecting samples for epoch 165
balance: False
ratio: 0.1
=====> Saving current model and best model
selecting samples for epoch 166
balance: False
ratio: 0.1
=====> Epoch: 166/300, Total_step: 7802, lr: 0.001000, Total Time: 3988.0465 s, Time this epoch: 16.9683 s
=====> Epoch: 166/300, Train Loss (train loader labels): 1.0071, Train acc (train loader labels): 0.4765, Best val acc: 0.5347, Current val acc: 0.4987, Val Loss: 0.9998
=====> Saving current model and best model
selecting samples for epoch 167
balance: False
ratio: 0.1
=====> Saving current model and best model
selecting samples for epoch 168
balance: False
ratio: 0.1
=====> Saving current model and best model
selecting samples for epoch 169
balance: False
ratio: 0.1
=====> Saving current model and best model
selecting samples for epoch 170
balance: False
ratio: 0.1
=====> Saving current model and best model
selecting samples for epoch 171
balance: False
ratio: 0.1
=====> Saving current model and best model
selecting samples for epoch 172
balance: False
ratio: 0.1
=====> Saving current model and best model
selecting samples for epoch 173
balance: False
ratio: 0.1
=====> Saving current model and best model
selecting samples for epoch 174
balance: False
ratio: 0.1
=====> Saving current model and best model
selecting samples for epoch 175
balance: False
ratio: 0.1
=====> Saving current model and best model
selecting samples for epoch 176
balance: False
ratio: 0.1
=====> Saving current model and best model
selecting samples for epoch 177
balance: False
ratio: 0.1
=====> Saving current model and best model
selecting samples for epoch 178
balance: False
ratio: 0.1
=====> Saving current model and best model
selecting samples for epoch 179
balance: False
ratio: 0.1
=====> Saving current model and best model
selecting samples for epoch 180
balance: False
ratio: 0.1
=====> Saving current model and best model
selecting samples for epoch 181
balance: False
ratio: 0.1
=====> Epoch: 181/300, Total_step: 8507, lr: 0.001000, Total Time: 4267.5760 s, Time this epoch: 17.2157 s
=====> Epoch: 181/300, Train Loss (train loader labels): 1.0021, Train acc (train loader labels): 0.4993, Best val acc: 0.5347, Current val acc: 0.5173, Val Loss: 0.9899
=====> Saving current model and best model
selecting samples for epoch 182
balance: False
ratio: 0.1
=====> Saving current model and best model
selecting samples for epoch 183
balance: False
ratio: 0.1
=====> Saving current model and best model
selecting samples for epoch 184
balance: False
ratio: 0.1
=====> Saving current model and best model
selecting samples for epoch 185
balance: False
ratio: 0.1
=====> Saving current model and best model
selecting samples for epoch 186
balance: False
ratio: 0.1
=====> Saving current model and best model
selecting samples for epoch 187
balance: False
ratio: 0.1
=====> Saving current model and best model
selecting samples for epoch 188
balance: False
ratio: 0.1
=====> Saving current model and best model
selecting samples for epoch 189
balance: False
ratio: 0.1
=====> Saving current model and best model
selecting samples for epoch 190
balance: False
ratio: 0.1
=====> Saving current model and best model
selecting samples for epoch 191
balance: False
ratio: 0.1
=====> Saving current model and best model
selecting samples for epoch 192
balance: False
ratio: 0.1
=====> Saving current model and best model
selecting samples for epoch 193
balance: False
ratio: 0.1
=====> Saving current model and best model
selecting samples for epoch 194
balance: False
ratio: 0.1
=====> Saving current model and best model
selecting samples for epoch 195
balance: False
ratio: 0.1
=====> Saving current model and best model
selecting samples for epoch 196
balance: False
ratio: 0.1
=====> Epoch: 196/300, Total_step: 9212, lr: 0.001000, Total Time: 4547.4192 s, Time this epoch: 17.0844 s
=====> Epoch: 196/300, Train Loss (train loader labels): 1.2361, Train acc (train loader labels): 0.4049, Best val acc: 0.5347, Current val acc: 0.4077, Val Loss: 1.2265
=====> Saving current model and best model
selecting samples for epoch 197
balance: False
ratio: 0.1
=====> Saving current model and best model
selecting samples for epoch 198
balance: False
ratio: 0.1
=====> Saving current model and best model
selecting samples for epoch 199
balance: False
ratio: 0.1
=====> Saving current model and best model
selecting samples for epoch 200
balance: False
ratio: 0.1
=====> Saving current model and best model
selecting samples for epoch 201
balance: False
ratio: 0.1
=====> Saving current model and best model
selecting samples for epoch 202
balance: False
ratio: 0.1
=====> Saving current model and best model
selecting samples for epoch 203
balance: False
ratio: 0.1
=====> Saving current model and best model
selecting samples for epoch 204
balance: False
ratio: 0.1
=====> Saving current model and best model
selecting samples for epoch 205
balance: False
ratio: 0.1
=====> Saving current model and best model
selecting samples for epoch 206
balance: False
ratio: 0.1
=====> Saving current model and best model
selecting samples for epoch 207
balance: False
ratio: 0.1
=====> Saving current model and best model
selecting samples for epoch 208
balance: False
ratio: 0.1
=====> Saving current model and best model
selecting samples for epoch 209
balance: False
ratio: 0.1
=====> Saving current model and best model
selecting samples for epoch 210
balance: False
ratio: 0.1
=====> Saving current model and best model
selecting samples for epoch 211
balance: False
ratio: 0.1
=====> Epoch: 211/300, Total_step: 9917, lr: 0.001000, Total Time: 4825.5384 s, Time this epoch: 17.0743 s
=====> Epoch: 211/300, Train Loss (train loader labels): 1.0505, Train acc (train loader labels): 0.4679, Best val acc: 0.5347, Current val acc: 0.4863, Val Loss: 1.0337
=====> Saving current model and best model
selecting samples for epoch 212
balance: False
ratio: 0.1
=====> Saving current model and best model
selecting samples for epoch 213
balance: False
ratio: 0.1
=====> Saving current model and best model
selecting samples for epoch 214
balance: False
ratio: 0.1
=====> Saving current model and best model
selecting samples for epoch 215
balance: False
ratio: 0.1
=====> Saving current model and best model
selecting samples for epoch 216
balance: False
ratio: 0.1
=====> Saving current model and best model
selecting samples for epoch 217
balance: False
ratio: 0.1
=====> Saving current model and best model
selecting samples for epoch 218
balance: False
ratio: 0.1
=====> Saving current model and best model
selecting samples for epoch 219
balance: False
ratio: 0.1
=====> Saving current model and best model
selecting samples for epoch 220
balance: False
ratio: 0.1
=====> Saving current model and best model
selecting samples for epoch 221
balance: False
ratio: 0.1
=====> Saving current model and best model
selecting samples for epoch 222
balance: False
ratio: 0.1
=====> Saving current model and best model
selecting samples for epoch 223
balance: False
ratio: 0.1
=====> Saving current model and best model
selecting samples for epoch 224
balance: False
ratio: 0.1
=====> Saving current model and best model
selecting samples for epoch 225
balance: False
ratio: 0.1
=====> Saving current model and best model
selecting samples for epoch 226
balance: False
ratio: 0.1
=====> Epoch: 226/300, Total_step: 10622, lr: 0.001000, Total Time: 5103.3978 s, Time this epoch: 17.0017 s
=====> Epoch: 226/300, Train Loss (train loader labels): 1.0895, Train acc (train loader labels): 0.4547, Best val acc: 0.5347, Current val acc: 0.4783, Val Loss: 1.0683
=====> Saving current model and best model
selecting samples for epoch 227
balance: False
ratio: 0.1
=====> Saving current model and best model
selecting samples for epoch 228
balance: False
ratio: 0.1
=====> Saving current model and best model
selecting samples for epoch 229
balance: False
ratio: 0.1
=====> Saving current model and best model
selecting samples for epoch 230
balance: False
ratio: 0.1
=====> Saving current model and best model
selecting samples for epoch 231
balance: False
ratio: 0.1
=====> Saving current model and best model
selecting samples for epoch 232
balance: False
ratio: 0.1
=====> Saving current model and best model
selecting samples for epoch 233
balance: False
ratio: 0.1
=====> Saving current model and best model
selecting samples for epoch 234
balance: False
ratio: 0.1
=====> Saving current model and best model
selecting samples for epoch 235
balance: False
ratio: 0.1
=====> Saving current model and best model
selecting samples for epoch 236
balance: False
ratio: 0.1
=====> Saving current model and best model
selecting samples for epoch 237
balance: False
ratio: 0.1
=====> Saving current model and best model
selecting samples for epoch 238
balance: False
ratio: 0.1
=====> Saving current model and best model
selecting samples for epoch 239
balance: False
ratio: 0.1
=====> Saving current model and best model
selecting samples for epoch 240
balance: False
ratio: 0.1
=====> Saving current model and best model
selecting samples for epoch 241
balance: False
ratio: 0.1
=====> Epoch: 241/300, Total_step: 11327, lr: 0.001000, Total Time: 5381.5282 s, Time this epoch: 17.1077 s
=====> Epoch: 241/300, Train Loss (train loader labels): 1.0050, Train acc (train loader labels): 0.4897, Best val acc: 0.5347, Current val acc: 0.5000, Val Loss: 0.9974
=====> Saving current model and best model
selecting samples for epoch 242
balance: False
ratio: 0.1
=====> Saving current model and best model
selecting samples for epoch 243
balance: False
ratio: 0.1
=====> Saving current model and best model
selecting samples for epoch 244
balance: False
ratio: 0.1
=====> Saving current model and best model
selecting samples for epoch 245
balance: False
ratio: 0.1
=====> Saving current model and best model
selecting samples for epoch 246
balance: False
ratio: 0.1
=====> Saving current model and best model
selecting samples for epoch 247
balance: False
ratio: 0.1
=====> Saving current model and best model
selecting samples for epoch 248
balance: False
ratio: 0.1
=====> Saving current model and best model
selecting samples for epoch 249
balance: False
ratio: 0.1
=====> Saving current model and best model
selecting samples for epoch 250
balance: False
ratio: 0.1
=====> Saving current model and best model
selecting samples for epoch 251
balance: False
ratio: 0.1
=====> Saving current model and best model
selecting samples for epoch 252
balance: False
ratio: 0.1
=====> Saving current model and best model
selecting samples for epoch 253
balance: False
ratio: 0.1
=====> Saving current model and best model
selecting samples for epoch 254
balance: False
ratio: 0.1
=====> Saving current model and best model
selecting samples for epoch 255
balance: False
ratio: 0.1
=====> Saving current model and best model
selecting samples for epoch 256
balance: False
ratio: 0.1
=====> Epoch: 256/300, Total_step: 12032, lr: 0.001000, Total Time: 5660.6608 s, Time this epoch: 16.9694 s
=====> Epoch: 256/300, Train Loss (train loader labels): 0.9952, Train acc (train loader labels): 0.5065, Best val acc: 0.5347, Current val acc: 0.5187, Val Loss: 0.9889
=====> Saving current model and best model
selecting samples for epoch 257
balance: False
ratio: 0.1
=====> Saving current model and best model
selecting samples for epoch 258
balance: False
ratio: 0.1
=====> Saving current model and best model
selecting samples for epoch 259
balance: False
ratio: 0.1
=====> Saving current model and best model
selecting samples for epoch 260
balance: False
ratio: 0.1
=====> Saving current model and best model
selecting samples for epoch 261
balance: False
ratio: 0.1
=====> Saving current model and best model
selecting samples for epoch 262
balance: False
ratio: 0.1
=====> Saving current model and best model
selecting samples for epoch 263
balance: False
ratio: 0.1
=====> Saving current model and best model
selecting samples for epoch 264
balance: False
ratio: 0.1
=====> Saving current model and best model
selecting samples for epoch 265
balance: False
ratio: 0.1
=====> Saving current model and best model
selecting samples for epoch 266
balance: False
ratio: 0.1
=====> Saving current model and best model
selecting samples for epoch 267
balance: False
ratio: 0.1
=====> Saving current model and best model
selecting samples for epoch 268
balance: False
ratio: 0.1
=====> Saving current model and best model
selecting samples for epoch 269
balance: False
ratio: 0.1
=====> Saving current model and best model
selecting samples for epoch 270
balance: False
ratio: 0.1
=====> Saving current model and best model
selecting samples for epoch 271
balance: False
ratio: 0.1
=====> Epoch: 271/300, Total_step: 12737, lr: 0.001000, Total Time: 5938.7928 s, Time this epoch: 17.1507 s
=====> Epoch: 271/300, Train Loss (train loader labels): 0.9954, Train acc (train loader labels): 0.5041, Best val acc: 0.5347, Current val acc: 0.5233, Val Loss: 0.9854
=====> Saving current model and best model
selecting samples for epoch 272
balance: False
ratio: 0.1
=====> Saving current model and best model
selecting samples for epoch 273
balance: False
ratio: 0.1
=====> Saving current model and best model
selecting samples for epoch 274
balance: False
ratio: 0.1
=====> Saving current model and best model
selecting samples for epoch 275
balance: False
ratio: 0.1
=====> Saving current model and best model
selecting samples for epoch 276
balance: False
ratio: 0.1
=====> Saving current model and best model
selecting samples for epoch 277
balance: False
ratio: 0.1
=====> Saving current model and best model
selecting samples for epoch 278
balance: False
ratio: 0.1
=====> Saving current model and best model
selecting samples for epoch 279
balance: False
ratio: 0.1
=====> Saving current model and best model
selecting samples for epoch 280
balance: False
ratio: 0.1
=====> Saving current model and best model
selecting samples for epoch 281
balance: False
ratio: 0.1
=====> Saving current model and best model
selecting samples for epoch 282
balance: False
ratio: 0.1
=====> Saving current model and best model
selecting samples for epoch 283
balance: False
ratio: 0.1
=====> Saving current model and best model
selecting samples for epoch 284
balance: False
ratio: 0.1
=====> Saving current model and best model
selecting samples for epoch 285
balance: False
ratio: 0.1
=====> Saving current model and best model
selecting samples for epoch 286
balance: False
ratio: 0.1
=====> Epoch: 286/300, Total_step: 13442, lr: 0.001000, Total Time: 6216.5900 s, Time this epoch: 16.9466 s
=====> Epoch: 286/300, Train Loss (train loader labels): 1.0074, Train acc (train loader labels): 0.5021, Best val acc: 0.5347, Current val acc: 0.5250, Val Loss: 1.0018
=====> Saving current model and best model
selecting samples for epoch 287
balance: False
ratio: 0.1
=====> Saving current model and best model
selecting samples for epoch 288
balance: False
ratio: 0.1
=====> Saving current model and best model
selecting samples for epoch 289
balance: False
ratio: 0.1
=====> Saving current model and best model
selecting samples for epoch 290
balance: False
ratio: 0.1
=====> Saving current model and best model
selecting samples for epoch 291
balance: False
ratio: 0.1
=====> Saving current model and best model
selecting samples for epoch 292
balance: False
ratio: 0.1
=====> Saving current model and best model
selecting samples for epoch 293
balance: False
ratio: 0.1
=====> Saving current model and best model
selecting samples for epoch 294
balance: False
ratio: 0.1
=====> Saving current model and best model
selecting samples for epoch 295
balance: False
ratio: 0.1
=====> Saving current model and best model
selecting samples for epoch 296
balance: False
ratio: 0.1
=====> Saving current model and best model
selecting samples for epoch 297
balance: False
ratio: 0.1
=====> Saving current model and best model
selecting samples for epoch 298
balance: False
ratio: 0.1
=====> Saving current model and best model
selecting samples for epoch 299
balance: False
ratio: 0.1
=====> Saving current model and best model
selecting samples for epoch 300
balance: False
ratio: 0.1
=====> Epoch: 300/300, Total_step: 14100, lr: 0.001000, Total Time: 6476.5139 s, Time this epoch: 16.9945 s
=====> Epoch: 300/300, Train Loss (train loader labels): 1.0005, Train acc (train loader labels): 0.5058, Best val acc: 0.5347, Current val acc: 0.5247, Val Loss: 0.9998
=====> Saving current model and best model
Saved helper snapshots to /home/mward19/Documents/miller/Online-Batch-Selection/snapshots/CIFAR3/{"bsel":"Uniform","seed":1,"model":"DeepLinear","opt":"adamw","bs":320,"ratio":0.1,"lr":0.001,"wd":0.01,"layers":3,"hidden_dim":1000}.p
Saved selected points array to /home/mward19/Documents/miller/Online-Batch-Selection/selected_points/CIFAR3/{"bsel":"Uniform","seed":1,"model":"DeepLinear","opt":"adamw","bs":320,"ratio":0.1,"lr":0.001,"wd":0.01,"layers":3,"hidden_dim":1000}.npy
========================= End Main =========================
