save_dir: ./exp/CIFAR3/Bayesian_deeplinear_bs320_ep300_lr0.001_AdamW_constant_seed2_r0.1_3_hidden
=====> Loading config files: 
configs/cifar3/method/bayesian-0.1.yaml
configs/cifar3/data/cifar3.yaml
configs/cifar3/model/deep_linear_saxe/deep_linear_3.yaml
configs/cifar3/optim/adamw-320-0.001-0.01.yaml
configs/diagnostics/snapshots_log_interval.yaml
=====> Config files loaded.
========================= Start Main =========================
=====> Saving config file
=====> Config file saved
=====> Using fixed random seed: 2
=====> Wandb initialized
=====> Number of GPUs: 1
Creating Bayesian...
=====> Start teacher Validation
=====> teacher Test Accuracy: 0.7280
Cached teacher losses for 15000 samples in dataset.
Begin training for Bayesian...
=====> Epoch: 0/300, Total_step: 0, lr: 0.001000, Total Time: 0.0000 s, Time this epoch: 0.0000 s
=====> Epoch: 0/300, Train Loss (train loader labels): 1.0952, Train acc (train loader labels): 0.3586, Best val acc: 0.3590, Current val acc: 0.3590, Val Loss: 1.0973
balance: False
selecting samples for epoch 1, ratio 0.1
=====> Epoch: 1/300, Total_step: 1, lr: 0.001000, Total Time: 0.0000 s, Time this epoch: 0.0000 s
=====> Epoch: 1/300, Train Loss (train loader labels): 4.3245, Train acc (train loader labels): 0.3383, Best val acc: 0.3590, Current val acc: 0.3523, Val Loss: 4.1479
=====> Epoch: 1/300, Total_step: 12, lr: 0.001000, Total Time: 0.0000 s, Time this epoch: 0.0000 s
=====> Epoch: 1/300, Train Loss (train loader labels): 2.0592, Train acc (train loader labels): 0.3301, Best val acc: 0.3590, Current val acc: 0.3273, Val Loss: 2.0571
=====> Epoch: 1/300, Total_step: 23, lr: 0.001000, Total Time: 0.0000 s, Time this epoch: 0.0000 s
=====> Epoch: 1/300, Train Loss (train loader labels): 1.2576, Train acc (train loader labels): 0.3857, Best val acc: 0.3883, Current val acc: 0.3883, Val Loss: 1.2631
=====> Epoch: 1/300, Total_step: 34, lr: 0.001000, Total Time: 0.0000 s, Time this epoch: 0.0000 s
=====> Epoch: 1/300, Train Loss (train loader labels): 1.1266, Train acc (train loader labels): 0.3760, Best val acc: 0.3883, Current val acc: 0.3803, Val Loss: 1.1271
=====> Epoch: 1/300, Total_step: 45, lr: 0.001000, Total Time: 0.0000 s, Time this epoch: 0.0000 s
=====> Epoch: 1/300, Train Loss (train loader labels): 1.0990, Train acc (train loader labels): 0.3733, Best val acc: 0.3883, Current val acc: 0.3820, Val Loss: 1.0943
=====> Saving current model and best model
balance: False
selecting samples for epoch 2, ratio 0.1
=====> Epoch: 2/300, Total_step: 48, lr: 0.001000, Total Time: 124.5886 s, Time this epoch: 105.9974 s
=====> Epoch: 2/300, Train Loss (train loader labels): 1.0807, Train acc (train loader labels): 0.4073, Best val acc: 0.4080, Current val acc: 0.4080, Val Loss: 1.0787
=====> Epoch: 2/300, Total_step: 59, lr: 0.001000, Total Time: 124.5886 s, Time this epoch: 105.9974 s
=====> Epoch: 2/300, Train Loss (train loader labels): 1.0943, Train acc (train loader labels): 0.3595, Best val acc: 0.4080, Current val acc: 0.3620, Val Loss: 1.0936
=====> Epoch: 2/300, Total_step: 70, lr: 0.001000, Total Time: 124.5886 s, Time this epoch: 105.9974 s
=====> Epoch: 2/300, Train Loss (train loader labels): 1.0815, Train acc (train loader labels): 0.4187, Best val acc: 0.4133, Current val acc: 0.4133, Val Loss: 1.0812
=====> Epoch: 2/300, Total_step: 81, lr: 0.001000, Total Time: 124.5886 s, Time this epoch: 105.9974 s
=====> Epoch: 2/300, Train Loss (train loader labels): 1.0832, Train acc (train loader labels): 0.3978, Best val acc: 0.4133, Current val acc: 0.3897, Val Loss: 1.0832
=====> Epoch: 2/300, Total_step: 92, lr: 0.001000, Total Time: 124.5886 s, Time this epoch: 105.9974 s
=====> Epoch: 2/300, Train Loss (train loader labels): 1.0720, Train acc (train loader labels): 0.4305, Best val acc: 0.4313, Current val acc: 0.4313, Val Loss: 1.0705
=====> Saving current model and best model
balance: False
selecting samples for epoch 3, ratio 0.1
=====> Epoch: 3/300, Total_step: 95, lr: 0.001000, Total Time: 231.0020 s, Time this epoch: 106.1949 s
=====> Epoch: 3/300, Train Loss (train loader labels): 1.0735, Train acc (train loader labels): 0.4166, Best val acc: 0.4313, Current val acc: 0.4207, Val Loss: 1.0723
=====> Epoch: 3/300, Total_step: 106, lr: 0.001000, Total Time: 231.0020 s, Time this epoch: 106.1949 s
=====> Epoch: 3/300, Train Loss (train loader labels): 1.0838, Train acc (train loader labels): 0.3817, Best val acc: 0.4313, Current val acc: 0.3867, Val Loss: 1.0833
=====> Epoch: 3/300, Total_step: 117, lr: 0.001000, Total Time: 231.0020 s, Time this epoch: 106.1949 s
=====> Epoch: 3/300, Train Loss (train loader labels): 1.0761, Train acc (train loader labels): 0.4278, Best val acc: 0.4413, Current val acc: 0.4413, Val Loss: 1.0737
=====> Epoch: 3/300, Total_step: 128, lr: 0.001000, Total Time: 231.0020 s, Time this epoch: 106.1949 s
=====> Epoch: 3/300, Train Loss (train loader labels): 1.0793, Train acc (train loader labels): 0.4078, Best val acc: 0.4413, Current val acc: 0.4107, Val Loss: 1.0782
=====> Epoch: 3/300, Total_step: 139, lr: 0.001000, Total Time: 231.0020 s, Time this epoch: 106.1949 s
=====> Epoch: 3/300, Train Loss (train loader labels): 1.0760, Train acc (train loader labels): 0.4181, Best val acc: 0.4413, Current val acc: 0.4183, Val Loss: 1.0748
=====> Saving current model and best model
balance: False
selecting samples for epoch 4, ratio 0.1
=====> Epoch: 4/300, Total_step: 142, lr: 0.001000, Total Time: 336.9393 s, Time this epoch: 105.7454 s
=====> Epoch: 4/300, Train Loss (train loader labels): 1.0767, Train acc (train loader labels): 0.4086, Best val acc: 0.4413, Current val acc: 0.4157, Val Loss: 1.0753
=====> Epoch: 4/300, Total_step: 153, lr: 0.001000, Total Time: 336.9393 s, Time this epoch: 105.7454 s
=====> Epoch: 4/300, Train Loss (train loader labels): 1.0738, Train acc (train loader labels): 0.4278, Best val acc: 0.4413, Current val acc: 0.4360, Val Loss: 1.0716
=====> Epoch: 4/300, Total_step: 164, lr: 0.001000, Total Time: 336.9393 s, Time this epoch: 105.7454 s
=====> Epoch: 4/300, Train Loss (train loader labels): 1.0824, Train acc (train loader labels): 0.4001, Best val acc: 0.4413, Current val acc: 0.4060, Val Loss: 1.0814
=====> Epoch: 4/300, Total_step: 175, lr: 0.001000, Total Time: 336.9393 s, Time this epoch: 105.7454 s
=====> Epoch: 4/300, Train Loss (train loader labels): 1.0812, Train acc (train loader labels): 0.4009, Best val acc: 0.4413, Current val acc: 0.4093, Val Loss: 1.0793
=====> Epoch: 4/300, Total_step: 186, lr: 0.001000, Total Time: 336.9393 s, Time this epoch: 105.7454 s
=====> Epoch: 4/300, Train Loss (train loader labels): 1.0759, Train acc (train loader labels): 0.4103, Best val acc: 0.4413, Current val acc: 0.4090, Val Loss: 1.0742
=====> Saving current model and best model
balance: False
selecting samples for epoch 5, ratio 0.1
=====> Epoch: 5/300, Total_step: 189, lr: 0.001000, Total Time: 443.0934 s, Time this epoch: 105.9674 s
=====> Epoch: 5/300, Train Loss (train loader labels): 1.0812, Train acc (train loader labels): 0.3982, Best val acc: 0.4413, Current val acc: 0.4037, Val Loss: 1.0795
=====> Epoch: 5/300, Total_step: 200, lr: 0.001000, Total Time: 443.0934 s, Time this epoch: 105.9674 s
=====> Epoch: 5/300, Train Loss (train loader labels): 1.0765, Train acc (train loader labels): 0.4155, Best val acc: 0.4413, Current val acc: 0.4273, Val Loss: 1.0748
=====> Epoch: 5/300, Total_step: 211, lr: 0.001000, Total Time: 443.0934 s, Time this epoch: 105.9674 s
=====> Epoch: 5/300, Train Loss (train loader labels): 1.0838, Train acc (train loader labels): 0.3777, Best val acc: 0.4413, Current val acc: 0.3943, Val Loss: 1.0825
=====> Epoch: 5/300, Total_step: 222, lr: 0.001000, Total Time: 443.0934 s, Time this epoch: 105.9674 s
=====> Epoch: 5/300, Train Loss (train loader labels): 1.0746, Train acc (train loader labels): 0.4369, Best val acc: 0.4483, Current val acc: 0.4483, Val Loss: 1.0719
=====> Epoch: 5/300, Total_step: 233, lr: 0.001000, Total Time: 443.0934 s, Time this epoch: 105.9674 s
=====> Epoch: 5/300, Train Loss (train loader labels): 1.0704, Train acc (train loader labels): 0.4379, Best val acc: 0.4483, Current val acc: 0.4443, Val Loss: 1.0672
=====> Saving current model and best model
balance: False
selecting samples for epoch 6, ratio 0.1
=====> Epoch: 6/300, Total_step: 282, lr: 0.001000, Total Time: 549.6951 s, Time this epoch: 106.4119 s
=====> Epoch: 6/300, Train Loss (train loader labels): 1.0796, Train acc (train loader labels): 0.4144, Best val acc: 0.4483, Current val acc: 0.4200, Val Loss: 1.0772
=====> Saving current model and best model
balance: False
selecting samples for epoch 7, ratio 0.1
=====> Epoch: 7/300, Total_step: 329, lr: 0.001000, Total Time: 585.5350 s, Time this epoch: 35.6622 s
=====> Epoch: 7/300, Train Loss (train loader labels): 1.0776, Train acc (train loader labels): 0.4172, Best val acc: 0.4483, Current val acc: 0.4217, Val Loss: 1.0767
=====> Saving current model and best model
balance: False
selecting samples for epoch 8, ratio 0.1
=====> Epoch: 8/300, Total_step: 376, lr: 0.001000, Total Time: 621.0678 s, Time this epoch: 35.3418 s
=====> Epoch: 8/300, Train Loss (train loader labels): 1.0814, Train acc (train loader labels): 0.3845, Best val acc: 0.4483, Current val acc: 0.4033, Val Loss: 1.0792
=====> Saving current model and best model
balance: False
selecting samples for epoch 9, ratio 0.1
=====> Epoch: 9/300, Total_step: 423, lr: 0.001000, Total Time: 656.9259 s, Time this epoch: 35.6597 s
=====> Epoch: 9/300, Train Loss (train loader labels): 1.0754, Train acc (train loader labels): 0.4131, Best val acc: 0.4483, Current val acc: 0.4213, Val Loss: 1.0737
=====> Saving current model and best model
balance: False
selecting samples for epoch 10, ratio 0.1
=====> Epoch: 10/300, Total_step: 470, lr: 0.001000, Total Time: 693.6761 s, Time this epoch: 36.5613 s
=====> Epoch: 10/300, Train Loss (train loader labels): 1.0816, Train acc (train loader labels): 0.3893, Best val acc: 0.4483, Current val acc: 0.3977, Val Loss: 1.0795
=====> Saving current model and best model
balance: False
selecting samples for epoch 11, ratio 0.1
=====> Epoch: 11/300, Total_step: 517, lr: 0.001000, Total Time: 729.6970 s, Time this epoch: 35.8283 s
=====> Epoch: 11/300, Train Loss (train loader labels): 1.0733, Train acc (train loader labels): 0.4245, Best val acc: 0.4483, Current val acc: 0.4273, Val Loss: 1.0714
=====> Saving current model and best model
balance: False
selecting samples for epoch 12, ratio 0.1
=====> Epoch: 12/300, Total_step: 564, lr: 0.001000, Total Time: 765.5803 s, Time this epoch: 35.6646 s
=====> Epoch: 12/300, Train Loss (train loader labels): 1.0784, Train acc (train loader labels): 0.4014, Best val acc: 0.4483, Current val acc: 0.4087, Val Loss: 1.0766
=====> Saving current model and best model
balance: False
selecting samples for epoch 13, ratio 0.1
=====> Epoch: 13/300, Total_step: 611, lr: 0.001000, Total Time: 801.3023 s, Time this epoch: 35.5144 s
=====> Epoch: 13/300, Train Loss (train loader labels): 1.0720, Train acc (train loader labels): 0.4345, Best val acc: 0.4483, Current val acc: 0.4400, Val Loss: 1.0697
=====> Saving current model and best model
balance: False
selecting samples for epoch 14, ratio 0.1
=====> Epoch: 14/300, Total_step: 658, lr: 0.001000, Total Time: 837.5033 s, Time this epoch: 35.8862 s
=====> Epoch: 14/300, Train Loss (train loader labels): 1.0834, Train acc (train loader labels): 0.3891, Best val acc: 0.4483, Current val acc: 0.3900, Val Loss: 1.0821
=====> Saving current model and best model
balance: False
selecting samples for epoch 15, ratio 0.1
=====> Epoch: 15/300, Total_step: 705, lr: 0.001000, Total Time: 873.6594 s, Time this epoch: 35.8535 s
=====> Epoch: 15/300, Train Loss (train loader labels): 1.0768, Train acc (train loader labels): 0.4145, Best val acc: 0.4483, Current val acc: 0.4267, Val Loss: 1.0742
=====> Saving current model and best model
balance: False
selecting samples for epoch 16, ratio 0.1
=====> Epoch: 16/300, Total_step: 752, lr: 0.001000, Total Time: 909.7112 s, Time this epoch: 35.8459 s
=====> Epoch: 16/300, Train Loss (train loader labels): 1.0740, Train acc (train loader labels): 0.4274, Best val acc: 0.4483, Current val acc: 0.4390, Val Loss: 1.0720
=====> Saving current model and best model
balance: False
selecting samples for epoch 17, ratio 0.1
=====> Epoch: 17/300, Total_step: 799, lr: 0.001000, Total Time: 945.7178 s, Time this epoch: 35.8036 s
=====> Epoch: 17/300, Train Loss (train loader labels): 1.0716, Train acc (train loader labels): 0.4314, Best val acc: 0.4483, Current val acc: 0.4413, Val Loss: 1.0690
=====> Saving current model and best model
balance: False
selecting samples for epoch 18, ratio 0.1
=====> Epoch: 18/300, Total_step: 846, lr: 0.001000, Total Time: 982.8701 s, Time this epoch: 36.9282 s
=====> Epoch: 18/300, Train Loss (train loader labels): 1.0831, Train acc (train loader labels): 0.3922, Best val acc: 0.4483, Current val acc: 0.4200, Val Loss: 1.0802
=====> Saving current model and best model
balance: False
selecting samples for epoch 19, ratio 0.1
=====> Epoch: 19/300, Total_step: 893, lr: 0.001000, Total Time: 1018.9215 s, Time this epoch: 35.8015 s
=====> Epoch: 19/300, Train Loss (train loader labels): 1.0741, Train acc (train loader labels): 0.4225, Best val acc: 0.4483, Current val acc: 0.4403, Val Loss: 1.0712
=====> Saving current model and best model
balance: False
selecting samples for epoch 20, ratio 0.1
=====> Epoch: 20/300, Total_step: 940, lr: 0.001000, Total Time: 1054.7779 s, Time this epoch: 35.6510 s
=====> Epoch: 20/300, Train Loss (train loader labels): 1.0792, Train acc (train loader labels): 0.4060, Best val acc: 0.4483, Current val acc: 0.4120, Val Loss: 1.0781
=====> Saving current model and best model
balance: False
selecting samples for epoch 21, ratio 0.1
=====> Epoch: 21/300, Total_step: 987, lr: 0.001000, Total Time: 1090.8575 s, Time this epoch: 35.8041 s
=====> Epoch: 21/300, Train Loss (train loader labels): 1.0703, Train acc (train loader labels): 0.4299, Best val acc: 0.4483, Current val acc: 0.4393, Val Loss: 1.0681
=====> Saving current model and best model
balance: False
selecting samples for epoch 22, ratio 0.1
=====> Epoch: 22/300, Total_step: 1034, lr: 0.001000, Total Time: 1126.9238 s, Time this epoch: 35.8456 s
=====> Epoch: 22/300, Train Loss (train loader labels): 1.0782, Train acc (train loader labels): 0.4068, Best val acc: 0.4483, Current val acc: 0.4320, Val Loss: 1.0753
=====> Saving current model and best model
balance: False
selecting samples for epoch 23, ratio 0.1
=====> Epoch: 23/300, Total_step: 1081, lr: 0.001000, Total Time: 1163.3273 s, Time this epoch: 36.1240 s
=====> Epoch: 23/300, Train Loss (train loader labels): 1.0697, Train acc (train loader labels): 0.4359, Best val acc: 0.4483, Current val acc: 0.4450, Val Loss: 1.0677
=====> Saving current model and best model
balance: False
selecting samples for epoch 24, ratio 0.1
=====> Epoch: 24/300, Total_step: 1128, lr: 0.001000, Total Time: 1199.5072 s, Time this epoch: 35.7890 s
=====> Epoch: 24/300, Train Loss (train loader labels): 1.0740, Train acc (train loader labels): 0.4177, Best val acc: 0.4483, Current val acc: 0.4243, Val Loss: 1.0723
=====> Saving current model and best model
balance: False
selecting samples for epoch 25, ratio 0.1
=====> Epoch: 25/300, Total_step: 1175, lr: 0.001000, Total Time: 1235.4878 s, Time this epoch: 35.6405 s
=====> Epoch: 25/300, Train Loss (train loader labels): 1.0731, Train acc (train loader labels): 0.4277, Best val acc: 0.4483, Current val acc: 0.4420, Val Loss: 1.0707
=====> Saving current model and best model
balance: False
selecting samples for epoch 26, ratio 0.1
=====> Epoch: 26/300, Total_step: 1222, lr: 0.001000, Total Time: 1271.5048 s, Time this epoch: 35.7870 s
=====> Epoch: 26/300, Train Loss (train loader labels): 1.0778, Train acc (train loader labels): 0.4048, Best val acc: 0.4483, Current val acc: 0.4110, Val Loss: 1.0761
=====> Saving current model and best model
balance: False
selecting samples for epoch 27, ratio 0.1
=====> Saving current model and best model
balance: False
selecting samples for epoch 28, ratio 0.1
=====> Saving current model and best model
balance: False
selecting samples for epoch 29, ratio 0.1
=====> Epoch: 29/300, Total_step: 1363, lr: 0.001000, Total Time: 1342.2727 s, Time this epoch: 17.0853 s
=====> Epoch: 29/300, Train Loss (train loader labels): 1.0735, Train acc (train loader labels): 0.4263, Best val acc: 0.4483, Current val acc: 0.4357, Val Loss: 1.0723
=====> Saving current model and best model
balance: False
selecting samples for epoch 30, ratio 0.1
=====> Saving current model and best model
balance: False
selecting samples for epoch 31, ratio 0.1
=====> Saving current model and best model
balance: False
selecting samples for epoch 32, ratio 0.1
=====> Saving current model and best model
balance: False
selecting samples for epoch 33, ratio 0.1
=====> Epoch: 33/300, Total_step: 1551, lr: 0.001000, Total Time: 1430.7746 s, Time this epoch: 17.2656 s
=====> Epoch: 33/300, Train Loss (train loader labels): 1.0804, Train acc (train loader labels): 0.3913, Best val acc: 0.4483, Current val acc: 0.4080, Val Loss: 1.0783
=====> Saving current model and best model
balance: False
selecting samples for epoch 34, ratio 0.1
=====> Saving current model and best model
balance: False
selecting samples for epoch 35, ratio 0.1
=====> Saving current model and best model
balance: False
selecting samples for epoch 36, ratio 0.1
=====> Saving current model and best model
balance: False
selecting samples for epoch 37, ratio 0.1
=====> Epoch: 37/300, Total_step: 1739, lr: 0.001000, Total Time: 1518.7612 s, Time this epoch: 17.1665 s
=====> Epoch: 37/300, Train Loss (train loader labels): 1.0754, Train acc (train loader labels): 0.4187, Best val acc: 0.4483, Current val acc: 0.4250, Val Loss: 1.0733
=====> Saving current model and best model
balance: False
selecting samples for epoch 38, ratio 0.1
=====> Saving current model and best model
balance: False
selecting samples for epoch 39, ratio 0.1
=====> Saving current model and best model
balance: False
selecting samples for epoch 40, ratio 0.1
=====> Saving current model and best model
balance: False
selecting samples for epoch 41, ratio 0.1
=====> Epoch: 41/300, Total_step: 1927, lr: 0.001000, Total Time: 1607.0218 s, Time this epoch: 17.1803 s
=====> Epoch: 41/300, Train Loss (train loader labels): 1.0727, Train acc (train loader labels): 0.4257, Best val acc: 0.4483, Current val acc: 0.4447, Val Loss: 1.0701
=====> Saving current model and best model
balance: False
selecting samples for epoch 42, ratio 0.1
=====> Saving current model and best model
balance: False
selecting samples for epoch 43, ratio 0.1
=====> Saving current model and best model
balance: False
selecting samples for epoch 44, ratio 0.1
=====> Saving current model and best model
balance: False
selecting samples for epoch 45, ratio 0.1
=====> Epoch: 45/300, Total_step: 2115, lr: 0.001000, Total Time: 1695.2038 s, Time this epoch: 17.1268 s
=====> Epoch: 45/300, Train Loss (train loader labels): 1.0732, Train acc (train loader labels): 0.4247, Best val acc: 0.4483, Current val acc: 0.4383, Val Loss: 1.0711
=====> Saving current model and best model
balance: False
selecting samples for epoch 46, ratio 0.1
=====> Saving current model and best model
balance: False
selecting samples for epoch 47, ratio 0.1
=====> Saving current model and best model
balance: False
selecting samples for epoch 48, ratio 0.1
=====> Saving current model and best model
balance: False
selecting samples for epoch 49, ratio 0.1
=====> Epoch: 49/300, Total_step: 2303, lr: 0.001000, Total Time: 1783.6057 s, Time this epoch: 17.2047 s
=====> Epoch: 49/300, Train Loss (train loader labels): 1.0758, Train acc (train loader labels): 0.4113, Best val acc: 0.4483, Current val acc: 0.4127, Val Loss: 1.0714
=====> Saving current model and best model
balance: False
selecting samples for epoch 50, ratio 0.1
=====> Saving current model and best model
balance: False
selecting samples for epoch 51, ratio 0.1
=====> Saving current model and best model
balance: False
selecting samples for epoch 52, ratio 0.1
=====> Saving current model and best model
balance: False
selecting samples for epoch 53, ratio 0.1
=====> Epoch: 53/300, Total_step: 2491, lr: 0.001000, Total Time: 1871.4188 s, Time this epoch: 17.0975 s
=====> Epoch: 53/300, Train Loss (train loader labels): 1.0792, Train acc (train loader labels): 0.4209, Best val acc: 0.4483, Current val acc: 0.4207, Val Loss: 1.0779
=====> Saving current model and best model
balance: False
selecting samples for epoch 54, ratio 0.1
=====> Saving current model and best model
balance: False
selecting samples for epoch 55, ratio 0.1
=====> Saving current model and best model
balance: False
selecting samples for epoch 56, ratio 0.1
=====> Saving current model and best model
balance: False
selecting samples for epoch 57, ratio 0.1
=====> Epoch: 57/300, Total_step: 2679, lr: 0.001000, Total Time: 1959.8434 s, Time this epoch: 17.1871 s
=====> Epoch: 57/300, Train Loss (train loader labels): 1.0693, Train acc (train loader labels): 0.4357, Best val acc: 0.4483, Current val acc: 0.4457, Val Loss: 1.0671
=====> Saving current model and best model
balance: False
selecting samples for epoch 58, ratio 0.1
=====> Saving current model and best model
balance: False
selecting samples for epoch 59, ratio 0.1
=====> Saving current model and best model
balance: False
selecting samples for epoch 60, ratio 0.1
=====> Saving current model and best model
balance: False
selecting samples for epoch 61, ratio 0.1
=====> Epoch: 61/300, Total_step: 2867, lr: 0.001000, Total Time: 2048.5994 s, Time this epoch: 17.1461 s
=====> Epoch: 61/300, Train Loss (train loader labels): 1.0795, Train acc (train loader labels): 0.3878, Best val acc: 0.4483, Current val acc: 0.3960, Val Loss: 1.0776
=====> Saving current model and best model
balance: False
selecting samples for epoch 62, ratio 0.1
=====> Saving current model and best model
balance: False
selecting samples for epoch 63, ratio 0.1
=====> Saving current model and best model
balance: False
selecting samples for epoch 64, ratio 0.1
=====> Saving current model and best model
balance: False
selecting samples for epoch 65, ratio 0.1
=====> Epoch: 65/300, Total_step: 3055, lr: 0.001000, Total Time: 2136.7119 s, Time this epoch: 16.8579 s
=====> Epoch: 65/300, Train Loss (train loader labels): 1.0706, Train acc (train loader labels): 0.4275, Best val acc: 0.4483, Current val acc: 0.4243, Val Loss: 1.0688
=====> Saving current model and best model
balance: False
selecting samples for epoch 66, ratio 0.1
=====> Saving current model and best model
balance: False
selecting samples for epoch 67, ratio 0.1
=====> Saving current model and best model
balance: False
selecting samples for epoch 68, ratio 0.1
=====> Saving current model and best model
balance: False
selecting samples for epoch 69, ratio 0.1
=====> Saving current model and best model
balance: False
selecting samples for epoch 70, ratio 0.1
=====> Saving current model and best model
balance: False
selecting samples for epoch 71, ratio 0.1
=====> Saving current model and best model
balance: False
selecting samples for epoch 72, ratio 0.1
=====> Saving current model and best model
balance: False
selecting samples for epoch 73, ratio 0.1
=====> Saving current model and best model
balance: False
selecting samples for epoch 74, ratio 0.1
=====> Saving current model and best model
balance: False
selecting samples for epoch 75, ratio 0.1
=====> Saving current model and best model
balance: False
selecting samples for epoch 76, ratio 0.1
=====> Epoch: 76/300, Total_step: 3572, lr: 0.001000, Total Time: 2346.9384 s, Time this epoch: 17.1682 s
=====> Epoch: 76/300, Train Loss (train loader labels): 1.0794, Train acc (train loader labels): 0.4024, Best val acc: 0.4483, Current val acc: 0.4063, Val Loss: 1.0769
=====> Saving current model and best model
balance: False
selecting samples for epoch 77, ratio 0.1
=====> Saving current model and best model
balance: False
selecting samples for epoch 78, ratio 0.1
=====> Saving current model and best model
balance: False
selecting samples for epoch 79, ratio 0.1
=====> Saving current model and best model
balance: False
selecting samples for epoch 80, ratio 0.1
=====> Saving current model and best model
balance: False
selecting samples for epoch 81, ratio 0.1
=====> Saving current model and best model
balance: False
selecting samples for epoch 82, ratio 0.1
=====> Saving current model and best model
balance: False
selecting samples for epoch 83, ratio 0.1
=====> Saving current model and best model
balance: False
selecting samples for epoch 84, ratio 0.1
=====> Saving current model and best model
balance: False
selecting samples for epoch 85, ratio 0.1
=====> Saving current model and best model
balance: False
selecting samples for epoch 86, ratio 0.1
=====> Saving current model and best model
balance: False
selecting samples for epoch 87, ratio 0.1
=====> Saving current model and best model
balance: False
selecting samples for epoch 88, ratio 0.1
=====> Saving current model and best model
balance: False
selecting samples for epoch 89, ratio 0.1
=====> Saving current model and best model
balance: False
selecting samples for epoch 90, ratio 0.1
=====> Saving current model and best model
balance: False
selecting samples for epoch 91, ratio 0.1
=====> Epoch: 91/300, Total_step: 4277, lr: 0.001000, Total Time: 2625.9603 s, Time this epoch: 17.0721 s
=====> Epoch: 91/300, Train Loss (train loader labels): 1.0685, Train acc (train loader labels): 0.4425, Best val acc: 0.4483, Current val acc: 0.4430, Val Loss: 1.0671
=====> Saving current model and best model
balance: False
selecting samples for epoch 92, ratio 0.1
=====> Saving current model and best model
balance: False
selecting samples for epoch 93, ratio 0.1
=====> Saving current model and best model
balance: False
selecting samples for epoch 94, ratio 0.1
=====> Saving current model and best model
balance: False
selecting samples for epoch 95, ratio 0.1
=====> Saving current model and best model
balance: False
selecting samples for epoch 96, ratio 0.1
=====> Saving current model and best model
balance: False
selecting samples for epoch 97, ratio 0.1
=====> Saving current model and best model
balance: False
selecting samples for epoch 98, ratio 0.1
=====> Saving current model and best model
balance: False
selecting samples for epoch 99, ratio 0.1
=====> Saving current model and best model
balance: False
selecting samples for epoch 100, ratio 0.1
=====> Saving current model and best model
balance: False
selecting samples for epoch 101, ratio 0.1
=====> Saving current model and best model
balance: False
selecting samples for epoch 102, ratio 0.1
=====> Saving current model and best model
balance: False
selecting samples for epoch 103, ratio 0.1
=====> Saving current model and best model
balance: False
selecting samples for epoch 104, ratio 0.1
=====> Saving current model and best model
balance: False
selecting samples for epoch 105, ratio 0.1
=====> Saving current model and best model
balance: False
selecting samples for epoch 106, ratio 0.1
=====> Epoch: 106/300, Total_step: 4982, lr: 0.001000, Total Time: 2905.6402 s, Time this epoch: 17.1599 s
=====> Epoch: 106/300, Train Loss (train loader labels): 1.0736, Train acc (train loader labels): 0.4213, Best val acc: 0.4483, Current val acc: 0.4460, Val Loss: 1.0667
=====> Saving current model and best model
balance: False
selecting samples for epoch 107, ratio 0.1
=====> Saving current model and best model
balance: False
selecting samples for epoch 108, ratio 0.1
=====> Saving current model and best model
balance: False
selecting samples for epoch 109, ratio 0.1
=====> Saving current model and best model
balance: False
selecting samples for epoch 110, ratio 0.1
=====> Saving current model and best model
balance: False
selecting samples for epoch 111, ratio 0.1
=====> Saving current model and best model
balance: False
selecting samples for epoch 112, ratio 0.1
=====> Saving current model and best model
balance: False
selecting samples for epoch 113, ratio 0.1
=====> Saving current model and best model
balance: False
selecting samples for epoch 114, ratio 0.1
=====> Saving current model and best model
balance: False
selecting samples for epoch 115, ratio 0.1
=====> Saving current model and best model
balance: False
selecting samples for epoch 116, ratio 0.1
=====> Saving current model and best model
balance: False
selecting samples for epoch 117, ratio 0.1
=====> Saving current model and best model
balance: False
selecting samples for epoch 118, ratio 0.1
=====> Saving current model and best model
balance: False
selecting samples for epoch 119, ratio 0.1
=====> Saving current model and best model
balance: False
selecting samples for epoch 120, ratio 0.1
=====> Saving current model and best model
balance: False
selecting samples for epoch 121, ratio 0.1
=====> Epoch: 121/300, Total_step: 5687, lr: 0.001000, Total Time: 3184.7861 s, Time this epoch: 17.2332 s
=====> Epoch: 121/300, Train Loss (train loader labels): 1.0721, Train acc (train loader labels): 0.4204, Best val acc: 0.4483, Current val acc: 0.4270, Val Loss: 1.0694
=====> Saving current model and best model
balance: False
selecting samples for epoch 122, ratio 0.1
=====> Saving current model and best model
balance: False
selecting samples for epoch 123, ratio 0.1
=====> Saving current model and best model
balance: False
selecting samples for epoch 124, ratio 0.1
=====> Saving current model and best model
balance: False
selecting samples for epoch 125, ratio 0.1
=====> Saving current model and best model
balance: False
selecting samples for epoch 126, ratio 0.1
=====> Saving current model and best model
balance: False
selecting samples for epoch 127, ratio 0.1
=====> Saving current model and best model
balance: False
selecting samples for epoch 128, ratio 0.1
=====> Saving current model and best model
balance: False
selecting samples for epoch 129, ratio 0.1
=====> Saving current model and best model
balance: False
selecting samples for epoch 130, ratio 0.1
=====> Saving current model and best model
balance: False
selecting samples for epoch 131, ratio 0.1
=====> Saving current model and best model
balance: False
selecting samples for epoch 132, ratio 0.1
=====> Saving current model and best model
balance: False
selecting samples for epoch 133, ratio 0.1
=====> Saving current model and best model
balance: False
selecting samples for epoch 134, ratio 0.1
=====> Saving current model and best model
balance: False
selecting samples for epoch 135, ratio 0.1
=====> Saving current model and best model
balance: False
selecting samples for epoch 136, ratio 0.1
=====> Epoch: 136/300, Total_step: 6392, lr: 0.001000, Total Time: 3463.6098 s, Time this epoch: 17.0929 s
=====> Epoch: 136/300, Train Loss (train loader labels): 1.0807, Train acc (train loader labels): 0.4030, Best val acc: 0.4483, Current val acc: 0.4140, Val Loss: 1.0790
=====> Saving current model and best model
balance: False
selecting samples for epoch 137, ratio 0.1
=====> Saving current model and best model
balance: False
selecting samples for epoch 138, ratio 0.1
=====> Saving current model and best model
balance: False
selecting samples for epoch 139, ratio 0.1
=====> Saving current model and best model
balance: False
selecting samples for epoch 140, ratio 0.1
=====> Saving current model and best model
balance: False
selecting samples for epoch 141, ratio 0.1
=====> Saving current model and best model
balance: False
selecting samples for epoch 142, ratio 0.1
=====> Saving current model and best model
balance: False
selecting samples for epoch 143, ratio 0.1
=====> Saving current model and best model
balance: False
selecting samples for epoch 144, ratio 0.1
=====> Saving current model and best model
balance: False
selecting samples for epoch 145, ratio 0.1
=====> Saving current model and best model
balance: False
selecting samples for epoch 146, ratio 0.1
=====> Saving current model and best model
balance: False
selecting samples for epoch 147, ratio 0.1
=====> Saving current model and best model
balance: False
selecting samples for epoch 148, ratio 0.1
=====> Saving current model and best model
balance: False
selecting samples for epoch 149, ratio 0.1
=====> Saving current model and best model
balance: False
selecting samples for epoch 150, ratio 0.1
=====> Saving current model and best model
balance: False
selecting samples for epoch 151, ratio 0.1
=====> Epoch: 151/300, Total_step: 7097, lr: 0.001000, Total Time: 3744.7914 s, Time this epoch: 16.9349 s
=====> Epoch: 151/300, Train Loss (train loader labels): 1.0755, Train acc (train loader labels): 0.4183, Best val acc: 0.4483, Current val acc: 0.4287, Val Loss: 1.0718
=====> Saving current model and best model
balance: False
selecting samples for epoch 152, ratio 0.1
=====> Saving current model and best model
balance: False
selecting samples for epoch 153, ratio 0.1
=====> Saving current model and best model
balance: False
selecting samples for epoch 154, ratio 0.1
=====> Saving current model and best model
balance: False
selecting samples for epoch 155, ratio 0.1
=====> Saving current model and best model
balance: False
selecting samples for epoch 156, ratio 0.1
=====> Saving current model and best model
balance: False
selecting samples for epoch 157, ratio 0.1
=====> Saving current model and best model
balance: False
selecting samples for epoch 158, ratio 0.1
=====> Saving current model and best model
balance: False
selecting samples for epoch 159, ratio 0.1
=====> Saving current model and best model
balance: False
selecting samples for epoch 160, ratio 0.1
=====> Saving current model and best model
balance: False
selecting samples for epoch 161, ratio 0.1
=====> Saving current model and best model
balance: False
selecting samples for epoch 162, ratio 0.1
=====> Saving current model and best model
balance: False
selecting samples for epoch 163, ratio 0.1
=====> Saving current model and best model
balance: False
selecting samples for epoch 164, ratio 0.1
=====> Saving current model and best model
balance: False
selecting samples for epoch 165, ratio 0.1
=====> Saving current model and best model
balance: False
selecting samples for epoch 166, ratio 0.1
=====> Epoch: 166/300, Total_step: 7802, lr: 0.001000, Total Time: 4025.7119 s, Time this epoch: 17.1561 s
=====> Epoch: 166/300, Train Loss (train loader labels): 1.0770, Train acc (train loader labels): 0.4102, Best val acc: 0.4483, Current val acc: 0.4223, Val Loss: 1.0748
=====> Saving current model and best model
balance: False
selecting samples for epoch 167, ratio 0.1
=====> Saving current model and best model
balance: False
selecting samples for epoch 168, ratio 0.1
=====> Saving current model and best model
balance: False
selecting samples for epoch 169, ratio 0.1
=====> Saving current model and best model
balance: False
selecting samples for epoch 170, ratio 0.1
=====> Saving current model and best model
balance: False
selecting samples for epoch 171, ratio 0.1
=====> Saving current model and best model
balance: False
selecting samples for epoch 172, ratio 0.1
=====> Saving current model and best model
balance: False
selecting samples for epoch 173, ratio 0.1
=====> Saving current model and best model
balance: False
selecting samples for epoch 174, ratio 0.1
=====> Saving current model and best model
balance: False
selecting samples for epoch 175, ratio 0.1
=====> Saving current model and best model
balance: False
selecting samples for epoch 176, ratio 0.1
=====> Saving current model and best model
balance: False
selecting samples for epoch 177, ratio 0.1
=====> Saving current model and best model
balance: False
selecting samples for epoch 178, ratio 0.1
=====> Saving current model and best model
balance: False
selecting samples for epoch 179, ratio 0.1
=====> Saving current model and best model
balance: False
selecting samples for epoch 180, ratio 0.1
=====> Saving current model and best model
balance: False
selecting samples for epoch 181, ratio 0.1
=====> Epoch: 181/300, Total_step: 8507, lr: 0.001000, Total Time: 4308.0613 s, Time this epoch: 17.2500 s
=====> Epoch: 181/300, Train Loss (train loader labels): 1.0663, Train acc (train loader labels): 0.4470, Best val acc: 0.4560, Current val acc: 0.4560, Val Loss: 1.0643
=====> Saving current model and best model
balance: False
selecting samples for epoch 182, ratio 0.1
=====> Saving current model and best model
balance: False
selecting samples for epoch 183, ratio 0.1
=====> Saving current model and best model
balance: False
selecting samples for epoch 184, ratio 0.1
=====> Saving current model and best model
balance: False
selecting samples for epoch 185, ratio 0.1
=====> Saving current model and best model
balance: False
selecting samples for epoch 186, ratio 0.1
=====> Saving current model and best model
balance: False
selecting samples for epoch 187, ratio 0.1
=====> Saving current model and best model
balance: False
selecting samples for epoch 188, ratio 0.1
=====> Saving current model and best model
balance: False
selecting samples for epoch 189, ratio 0.1
=====> Saving current model and best model
balance: False
selecting samples for epoch 190, ratio 0.1
=====> Saving current model and best model
balance: False
selecting samples for epoch 191, ratio 0.1
=====> Saving current model and best model
balance: False
selecting samples for epoch 192, ratio 0.1
=====> Saving current model and best model
balance: False
selecting samples for epoch 193, ratio 0.1
=====> Saving current model and best model
balance: False
selecting samples for epoch 194, ratio 0.1
=====> Saving current model and best model
balance: False
selecting samples for epoch 195, ratio 0.1
=====> Saving current model and best model
balance: False
selecting samples for epoch 196, ratio 0.1
=====> Epoch: 196/300, Total_step: 9212, lr: 0.001000, Total Time: 4588.3387 s, Time this epoch: 17.1806 s
=====> Epoch: 196/300, Train Loss (train loader labels): 1.0753, Train acc (train loader labels): 0.4153, Best val acc: 0.4560, Current val acc: 0.4290, Val Loss: 1.0731
=====> Saving current model and best model
balance: False
selecting samples for epoch 197, ratio 0.1
=====> Saving current model and best model
balance: False
selecting samples for epoch 198, ratio 0.1
=====> Saving current model and best model
balance: False
selecting samples for epoch 199, ratio 0.1
=====> Saving current model and best model
balance: False
selecting samples for epoch 200, ratio 0.1
=====> Saving current model and best model
balance: False
selecting samples for epoch 201, ratio 0.1
=====> Saving current model and best model
balance: False
selecting samples for epoch 202, ratio 0.1
=====> Saving current model and best model
balance: False
selecting samples for epoch 203, ratio 0.1
=====> Saving current model and best model
balance: False
selecting samples for epoch 204, ratio 0.1
=====> Saving current model and best model
balance: False
selecting samples for epoch 205, ratio 0.1
=====> Saving current model and best model
balance: False
selecting samples for epoch 206, ratio 0.1
=====> Saving current model and best model
balance: False
selecting samples for epoch 207, ratio 0.1
=====> Saving current model and best model
balance: False
selecting samples for epoch 208, ratio 0.1
=====> Saving current model and best model
balance: False
selecting samples for epoch 209, ratio 0.1
=====> Saving current model and best model
balance: False
selecting samples for epoch 210, ratio 0.1
=====> Saving current model and best model
balance: False
selecting samples for epoch 211, ratio 0.1
=====> Epoch: 211/300, Total_step: 9917, lr: 0.001000, Total Time: 4868.0791 s, Time this epoch: 17.1399 s
=====> Epoch: 211/300, Train Loss (train loader labels): 1.0749, Train acc (train loader labels): 0.4221, Best val acc: 0.4560, Current val acc: 0.4433, Val Loss: 1.0718
=====> Saving current model and best model
balance: False
selecting samples for epoch 212, ratio 0.1
=====> Saving current model and best model
balance: False
selecting samples for epoch 213, ratio 0.1
=====> Saving current model and best model
balance: False
selecting samples for epoch 214, ratio 0.1
=====> Saving current model and best model
balance: False
selecting samples for epoch 215, ratio 0.1
=====> Saving current model and best model
balance: False
selecting samples for epoch 216, ratio 0.1
=====> Saving current model and best model
balance: False
selecting samples for epoch 217, ratio 0.1
=====> Saving current model and best model
balance: False
selecting samples for epoch 218, ratio 0.1
=====> Saving current model and best model
balance: False
selecting samples for epoch 219, ratio 0.1
=====> Saving current model and best model
balance: False
selecting samples for epoch 220, ratio 0.1
=====> Saving current model and best model
balance: False
selecting samples for epoch 221, ratio 0.1
=====> Saving current model and best model
balance: False
selecting samples for epoch 222, ratio 0.1
=====> Saving current model and best model
balance: False
selecting samples for epoch 223, ratio 0.1
=====> Saving current model and best model
balance: False
selecting samples for epoch 224, ratio 0.1
=====> Saving current model and best model
balance: False
selecting samples for epoch 225, ratio 0.1
=====> Saving current model and best model
balance: False
selecting samples for epoch 226, ratio 0.1
=====> Epoch: 226/300, Total_step: 10622, lr: 0.001000, Total Time: 5147.7055 s, Time this epoch: 17.2053 s
=====> Epoch: 226/300, Train Loss (train loader labels): 1.0746, Train acc (train loader labels): 0.4184, Best val acc: 0.4560, Current val acc: 0.4310, Val Loss: 1.0717
=====> Saving current model and best model
balance: False
selecting samples for epoch 227, ratio 0.1
=====> Saving current model and best model
balance: False
selecting samples for epoch 228, ratio 0.1
=====> Saving current model and best model
balance: False
selecting samples for epoch 229, ratio 0.1
=====> Saving current model and best model
balance: False
selecting samples for epoch 230, ratio 0.1
=====> Saving current model and best model
balance: False
selecting samples for epoch 231, ratio 0.1
=====> Saving current model and best model
balance: False
selecting samples for epoch 232, ratio 0.1
=====> Saving current model and best model
balance: False
selecting samples for epoch 233, ratio 0.1
=====> Saving current model and best model
balance: False
selecting samples for epoch 234, ratio 0.1
=====> Saving current model and best model
balance: False
selecting samples for epoch 235, ratio 0.1
=====> Saving current model and best model
balance: False
selecting samples for epoch 236, ratio 0.1
=====> Saving current model and best model
balance: False
selecting samples for epoch 237, ratio 0.1
=====> Saving current model and best model
balance: False
selecting samples for epoch 238, ratio 0.1
=====> Saving current model and best model
balance: False
selecting samples for epoch 239, ratio 0.1
=====> Saving current model and best model
balance: False
selecting samples for epoch 240, ratio 0.1
=====> Saving current model and best model
balance: False
selecting samples for epoch 241, ratio 0.1
=====> Epoch: 241/300, Total_step: 11327, lr: 0.001000, Total Time: 5428.9019 s, Time this epoch: 17.1278 s
=====> Epoch: 241/300, Train Loss (train loader labels): 1.0797, Train acc (train loader labels): 0.3954, Best val acc: 0.4560, Current val acc: 0.4087, Val Loss: 1.0759
=====> Saving current model and best model
balance: False
selecting samples for epoch 242, ratio 0.1
=====> Saving current model and best model
balance: False
selecting samples for epoch 243, ratio 0.1
=====> Saving current model and best model
balance: False
selecting samples for epoch 244, ratio 0.1
=====> Saving current model and best model
balance: False
selecting samples for epoch 245, ratio 0.1
=====> Saving current model and best model
balance: False
selecting samples for epoch 246, ratio 0.1
=====> Saving current model and best model
balance: False
selecting samples for epoch 247, ratio 0.1
=====> Saving current model and best model
balance: False
selecting samples for epoch 248, ratio 0.1
=====> Saving current model and best model
balance: False
selecting samples for epoch 249, ratio 0.1
=====> Saving current model and best model
balance: False
selecting samples for epoch 250, ratio 0.1
=====> Saving current model and best model
balance: False
selecting samples for epoch 251, ratio 0.1
=====> Saving current model and best model
balance: False
selecting samples for epoch 252, ratio 0.1
=====> Saving current model and best model
balance: False
selecting samples for epoch 253, ratio 0.1
=====> Saving current model and best model
balance: False
selecting samples for epoch 254, ratio 0.1
=====> Saving current model and best model
balance: False
selecting samples for epoch 255, ratio 0.1
=====> Saving current model and best model
balance: False
selecting samples for epoch 256, ratio 0.1
=====> Epoch: 256/300, Total_step: 12032, lr: 0.001000, Total Time: 5709.0289 s, Time this epoch: 17.1644 s
=====> Epoch: 256/300, Train Loss (train loader labels): 1.0726, Train acc (train loader labels): 0.4253, Best val acc: 0.4560, Current val acc: 0.4263, Val Loss: 1.0706
=====> Saving current model and best model
balance: False
selecting samples for epoch 257, ratio 0.1
=====> Saving current model and best model
balance: False
selecting samples for epoch 258, ratio 0.1
=====> Saving current model and best model
balance: False
selecting samples for epoch 259, ratio 0.1
=====> Saving current model and best model
balance: False
selecting samples for epoch 260, ratio 0.1
=====> Saving current model and best model
balance: False
selecting samples for epoch 261, ratio 0.1
=====> Saving current model and best model
balance: False
selecting samples for epoch 262, ratio 0.1
=====> Saving current model and best model
balance: False
selecting samples for epoch 263, ratio 0.1
=====> Saving current model and best model
balance: False
selecting samples for epoch 264, ratio 0.1
=====> Saving current model and best model
balance: False
selecting samples for epoch 265, ratio 0.1
=====> Saving current model and best model
balance: False
selecting samples for epoch 266, ratio 0.1
=====> Saving current model and best model
balance: False
selecting samples for epoch 267, ratio 0.1
=====> Saving current model and best model
balance: False
selecting samples for epoch 268, ratio 0.1
=====> Saving current model and best model
balance: False
selecting samples for epoch 269, ratio 0.1
=====> Saving current model and best model
balance: False
selecting samples for epoch 270, ratio 0.1
=====> Saving current model and best model
balance: False
selecting samples for epoch 271, ratio 0.1
=====> Epoch: 271/300, Total_step: 12737, lr: 0.001000, Total Time: 5989.0141 s, Time this epoch: 17.1423 s
=====> Epoch: 271/300, Train Loss (train loader labels): 1.0715, Train acc (train loader labels): 0.4210, Best val acc: 0.4560, Current val acc: 0.4387, Val Loss: 1.0692
=====> Saving current model and best model
balance: False
selecting samples for epoch 272, ratio 0.1
=====> Saving current model and best model
balance: False
selecting samples for epoch 273, ratio 0.1
=====> Saving current model and best model
balance: False
selecting samples for epoch 274, ratio 0.1
=====> Saving current model and best model
balance: False
selecting samples for epoch 275, ratio 0.1
=====> Saving current model and best model
balance: False
selecting samples for epoch 276, ratio 0.1
=====> Saving current model and best model
balance: False
selecting samples for epoch 277, ratio 0.1
=====> Saving current model and best model
balance: False
selecting samples for epoch 278, ratio 0.1
=====> Saving current model and best model
balance: False
selecting samples for epoch 279, ratio 0.1
=====> Saving current model and best model
balance: False
selecting samples for epoch 280, ratio 0.1
=====> Saving current model and best model
balance: False
selecting samples for epoch 281, ratio 0.1
=====> Saving current model and best model
balance: False
selecting samples for epoch 282, ratio 0.1
=====> Saving current model and best model
balance: False
selecting samples for epoch 283, ratio 0.1
=====> Saving current model and best model
balance: False
selecting samples for epoch 284, ratio 0.1
=====> Saving current model and best model
balance: False
selecting samples for epoch 285, ratio 0.1
=====> Saving current model and best model
balance: False
selecting samples for epoch 286, ratio 0.1
=====> Epoch: 286/300, Total_step: 13442, lr: 0.001000, Total Time: 6268.0145 s, Time this epoch: 17.1777 s
=====> Epoch: 286/300, Train Loss (train loader labels): 1.0737, Train acc (train loader labels): 0.4230, Best val acc: 0.4560, Current val acc: 0.4360, Val Loss: 1.0710
=====> Saving current model and best model
balance: False
selecting samples for epoch 287, ratio 0.1
=====> Saving current model and best model
balance: False
selecting samples for epoch 288, ratio 0.1
=====> Saving current model and best model
balance: False
selecting samples for epoch 289, ratio 0.1
=====> Saving current model and best model
balance: False
selecting samples for epoch 290, ratio 0.1
=====> Saving current model and best model
balance: False
selecting samples for epoch 291, ratio 0.1
=====> Saving current model and best model
balance: False
selecting samples for epoch 292, ratio 0.1
=====> Saving current model and best model
balance: False
selecting samples for epoch 293, ratio 0.1
=====> Saving current model and best model
balance: False
selecting samples for epoch 294, ratio 0.1
=====> Saving current model and best model
balance: False
selecting samples for epoch 295, ratio 0.1
=====> Saving current model and best model
balance: False
selecting samples for epoch 296, ratio 0.1
=====> Saving current model and best model
balance: False
selecting samples for epoch 297, ratio 0.1
=====> Saving current model and best model
balance: False
selecting samples for epoch 298, ratio 0.1
=====> Saving current model and best model
balance: False
selecting samples for epoch 299, ratio 0.1
=====> Saving current model and best model
balance: False
selecting samples for epoch 300, ratio 0.1
=====> Epoch: 300/300, Total_step: 14100, lr: 0.001000, Total Time: 6530.5270 s, Time this epoch: 17.1118 s
=====> Epoch: 300/300, Train Loss (train loader labels): 1.0746, Train acc (train loader labels): 0.4133, Best val acc: 0.4560, Current val acc: 0.4187, Val Loss: 1.0722
=====> Saving current model and best model
Saved helper snapshots to /home/mward19/Documents/miller/Online-Batch-Selection/snapshots/CIFAR3/{"bsel":"Bayesian","seed":2,"model":"DeepLinear","opt":"adamw","bs":320,"ratio":0.1,"lr":0.001,"wd":0.01,"layers":3,"hidden_dim":1000}.p
Saved selected points array to /home/mward19/Documents/miller/Online-Batch-Selection/selected_points/CIFAR3/{"bsel":"Bayesian","seed":2,"model":"DeepLinear","opt":"adamw","bs":320,"ratio":0.1,"lr":0.001,"wd":0.01,"layers":3,"hidden_dim":1000}.npy
========================= End Main =========================
