save_dir: ./exp/MNIST/Bayesian_deeplinear_bs320_ep300_lr0.001_AdamW_constant_seed2_r0.1_5_hidden
=====> Loading config files: 
configs/mnist/method/bayesian-0.1.yaml
configs/mnist/data/mnist.yaml
configs/mnist/model/deep_linear_saxe/deep_linear_5.yaml
configs/mnist/optim/adamw-320-0.001-0.01.yaml
configs/diagnostics/snapshots_log_interval.yaml
=====> Config files loaded.
========================= Start Main =========================
=====> Saving config file
=====> Config file saved
=====> Using fixed random seed: 2
=====> Wandb initialized
=====> Number of GPUs: 1
Creating Bayesian...
=====> Start teacher Validation
=====> teacher Test Accuracy: 0.3469
Cached teacher losses for 60000 samples in dataset.
Begin training for Bayesian...
=====> Epoch: 0/300, Total_step: 0, lr: 0.001000, Total Time: 0.0000 s, Time this epoch: 0.0000 s
=====> Epoch: 0/300, Train Loss (train loader labels): 2.3078, Train acc (train loader labels): 0.0772, Best val acc: 0.0503, Current val acc: 0.0503, Val Loss: 2.3123
balance: False
selecting samples for epoch 1, ratio 0.1
=====> Epoch: 1/300, Total_step: 1, lr: 0.001000, Total Time: 0.0000 s, Time this epoch: 0.0000 s
=====> Epoch: 1/300, Train Loss (train loader labels): 2.4713, Train acc (train loader labels): 0.1391, Best val acc: 0.1752, Current val acc: 0.1752, Val Loss: 2.4058
=====> Epoch: 1/300, Total_step: 48, lr: 0.001000, Total Time: 0.0000 s, Time this epoch: 0.0000 s
=====> Epoch: 1/300, Train Loss (train loader labels): 2.1925, Train acc (train loader labels): 0.2706, Best val acc: 0.2956, Current val acc: 0.2956, Val Loss: 2.1880
=====> Epoch: 1/300, Total_step: 95, lr: 0.001000, Total Time: 0.0000 s, Time this epoch: 0.0000 s
=====> Epoch: 1/300, Train Loss (train loader labels): 2.2220, Train acc (train loader labels): 0.2700, Best val acc: 0.3650, Current val acc: 0.3650, Val Loss: 2.2071
=====> Epoch: 1/300, Total_step: 142, lr: 0.001000, Total Time: 0.0000 s, Time this epoch: 0.0000 s
=====> Epoch: 1/300, Train Loss (train loader labels): 2.2119, Train acc (train loader labels): 0.2970, Best val acc: 0.3910, Current val acc: 0.3910, Val Loss: 2.2007
=====> Saving current model and best model
balance: False
selecting samples for epoch 2, ratio 0.1
=====> Epoch: 2/300, Total_step: 189, lr: 0.001000, Total Time: 323.3913 s, Time this epoch: 269.5942 s
=====> Epoch: 2/300, Train Loss (train loader labels): 2.2292, Train acc (train loader labels): 0.2937, Best val acc: 0.3910, Current val acc: 0.3637, Val Loss: 2.2234
=====> Epoch: 2/300, Total_step: 236, lr: 0.001000, Total Time: 323.3913 s, Time this epoch: 269.5942 s
=====> Epoch: 2/300, Train Loss (train loader labels): 2.1978, Train acc (train loader labels): 0.2836, Best val acc: 0.3910, Current val acc: 0.3248, Val Loss: 2.1893
=====> Epoch: 2/300, Total_step: 283, lr: 0.001000, Total Time: 323.3913 s, Time this epoch: 269.5942 s
=====> Epoch: 2/300, Train Loss (train loader labels): 2.2139, Train acc (train loader labels): 0.2911, Best val acc: 0.3910, Current val acc: 0.3793, Val Loss: 2.2022
=====> Epoch: 2/300, Total_step: 330, lr: 0.001000, Total Time: 323.3913 s, Time this epoch: 269.5942 s
=====> Epoch: 2/300, Train Loss (train loader labels): 2.2278, Train acc (train loader labels): 0.2753, Best val acc: 0.3910, Current val acc: 0.3608, Val Loss: 2.2159
=====> Saving current model and best model
balance: False
selecting samples for epoch 3, ratio 0.1
=====> Epoch: 3/300, Total_step: 377, lr: 0.001000, Total Time: 591.5049 s, Time this epoch: 267.8954 s
=====> Epoch: 3/300, Train Loss (train loader labels): 2.2246, Train acc (train loader labels): 0.2624, Best val acc: 0.3910, Current val acc: 0.3430, Val Loss: 2.2188
=====> Epoch: 3/300, Total_step: 424, lr: 0.001000, Total Time: 591.5049 s, Time this epoch: 267.8954 s
=====> Epoch: 3/300, Train Loss (train loader labels): 2.2333, Train acc (train loader labels): 0.2725, Best val acc: 0.3910, Current val acc: 0.3188, Val Loss: 2.2277
=====> Epoch: 3/300, Total_step: 471, lr: 0.001000, Total Time: 591.5049 s, Time this epoch: 267.8954 s
=====> Epoch: 3/300, Train Loss (train loader labels): 2.2117, Train acc (train loader labels): 0.2989, Best val acc: 0.4475, Current val acc: 0.4475, Val Loss: 2.2074
=====> Epoch: 3/300, Total_step: 518, lr: 0.001000, Total Time: 591.5049 s, Time this epoch: 267.8954 s
=====> Epoch: 3/300, Train Loss (train loader labels): 2.2345, Train acc (train loader labels): 0.2467, Best val acc: 0.4475, Current val acc: 0.3025, Val Loss: 2.2295
=====> Saving current model and best model
balance: False
selecting samples for epoch 4, ratio 0.1
=====> Epoch: 4/300, Total_step: 565, lr: 0.001000, Total Time: 856.3486 s, Time this epoch: 264.6129 s
=====> Epoch: 4/300, Train Loss (train loader labels): 2.2245, Train acc (train loader labels): 0.2861, Best val acc: 0.4475, Current val acc: 0.4065, Val Loss: 2.2120
=====> Epoch: 4/300, Total_step: 612, lr: 0.001000, Total Time: 856.3486 s, Time this epoch: 264.6129 s
=====> Epoch: 4/300, Train Loss (train loader labels): 2.2097, Train acc (train loader labels): 0.3043, Best val acc: 0.4475, Current val acc: 0.4443, Val Loss: 2.2034
=====> Epoch: 4/300, Total_step: 659, lr: 0.001000, Total Time: 856.3486 s, Time this epoch: 264.6129 s
=====> Epoch: 4/300, Train Loss (train loader labels): 2.2184, Train acc (train loader labels): 0.2768, Best val acc: 0.4475, Current val acc: 0.4050, Val Loss: 2.2091
=====> Epoch: 4/300, Total_step: 706, lr: 0.001000, Total Time: 856.3486 s, Time this epoch: 264.6129 s
=====> Epoch: 4/300, Train Loss (train loader labels): 2.2173, Train acc (train loader labels): 0.2520, Best val acc: 0.4475, Current val acc: 0.3789, Val Loss: 2.2096
=====> Saving current model and best model
balance: False
selecting samples for epoch 5, ratio 0.1
=====> Epoch: 5/300, Total_step: 753, lr: 0.001000, Total Time: 1124.7899 s, Time this epoch: 268.2428 s
=====> Epoch: 5/300, Train Loss (train loader labels): 2.2147, Train acc (train loader labels): 0.3185, Best val acc: 0.4475, Current val acc: 0.4103, Val Loss: 2.2011
=====> Epoch: 5/300, Total_step: 800, lr: 0.001000, Total Time: 1124.7899 s, Time this epoch: 268.2428 s
=====> Epoch: 5/300, Train Loss (train loader labels): 2.2355, Train acc (train loader labels): 0.2389, Best val acc: 0.4475, Current val acc: 0.3155, Val Loss: 2.2272
=====> Epoch: 5/300, Total_step: 847, lr: 0.001000, Total Time: 1124.7899 s, Time this epoch: 268.2428 s
=====> Epoch: 5/300, Train Loss (train loader labels): 2.2512, Train acc (train loader labels): 0.2122, Best val acc: 0.4475, Current val acc: 0.2612, Val Loss: 2.2431
=====> Epoch: 5/300, Total_step: 894, lr: 0.001000, Total Time: 1124.7899 s, Time this epoch: 268.2428 s
=====> Epoch: 5/300, Train Loss (train loader labels): 2.2326, Train acc (train loader labels): 0.2747, Best val acc: 0.4475, Current val acc: 0.4008, Val Loss: 2.2244
=====> Saving current model and best model
balance: False
selecting samples for epoch 6, ratio 0.1
=====> Epoch: 6/300, Total_step: 1128, lr: 0.001000, Total Time: 1398.0160 s, Time this epoch: 273.0409 s
=====> Epoch: 6/300, Train Loss (train loader labels): 2.2262, Train acc (train loader labels): 0.2577, Best val acc: 0.4475, Current val acc: 0.3025, Val Loss: 2.2212
=====> Saving current model and best model
balance: False
selecting samples for epoch 7, ratio 0.1
=====> Epoch: 7/300, Total_step: 1316, lr: 0.001000, Total Time: 1500.6012 s, Time this epoch: 102.3922 s
=====> Epoch: 7/300, Train Loss (train loader labels): 2.2298, Train acc (train loader labels): 0.2700, Best val acc: 0.4475, Current val acc: 0.3824, Val Loss: 2.2197
=====> Saving current model and best model
balance: False
selecting samples for epoch 8, ratio 0.1
=====> Epoch: 8/300, Total_step: 1504, lr: 0.001000, Total Time: 1605.4851 s, Time this epoch: 104.7023 s
=====> Epoch: 8/300, Train Loss (train loader labels): 2.2224, Train acc (train loader labels): 0.3048, Best val acc: 0.4475, Current val acc: 0.4424, Val Loss: 2.2137
=====> Saving current model and best model
balance: False
selecting samples for epoch 9, ratio 0.1
=====> Epoch: 9/300, Total_step: 1692, lr: 0.001000, Total Time: 1709.6237 s, Time this epoch: 103.9582 s
=====> Epoch: 9/300, Train Loss (train loader labels): 2.2238, Train acc (train loader labels): 0.2600, Best val acc: 0.4475, Current val acc: 0.2663, Val Loss: 2.2191
=====> Saving current model and best model
balance: False
selecting samples for epoch 10, ratio 0.1
=====> Epoch: 10/300, Total_step: 1880, lr: 0.001000, Total Time: 1812.0206 s, Time this epoch: 102.2142 s
=====> Epoch: 10/300, Train Loss (train loader labels): 2.2242, Train acc (train loader labels): 0.2823, Best val acc: 0.4475, Current val acc: 0.3797, Val Loss: 2.2201
=====> Saving current model and best model
balance: False
selecting samples for epoch 11, ratio 0.1
=====> Epoch: 11/300, Total_step: 2068, lr: 0.001000, Total Time: 1914.6283 s, Time this epoch: 102.4265 s
=====> Epoch: 11/300, Train Loss (train loader labels): 2.2404, Train acc (train loader labels): 0.2694, Best val acc: 0.4475, Current val acc: 0.3945, Val Loss: 2.2344
=====> Saving current model and best model
balance: False
selecting samples for epoch 12, ratio 0.1
=====> Epoch: 12/300, Total_step: 2256, lr: 0.001000, Total Time: 2017.0618 s, Time this epoch: 102.2606 s
=====> Epoch: 12/300, Train Loss (train loader labels): 2.2170, Train acc (train loader labels): 0.2952, Best val acc: 0.4475, Current val acc: 0.3768, Val Loss: 2.2073
=====> Saving current model and best model
balance: False
selecting samples for epoch 13, ratio 0.1
=====> Epoch: 13/300, Total_step: 2444, lr: 0.001000, Total Time: 2124.9174 s, Time this epoch: 107.6839 s
=====> Epoch: 13/300, Train Loss (train loader labels): 2.2199, Train acc (train loader labels): 0.2778, Best val acc: 0.4475, Current val acc: 0.3739, Val Loss: 2.2126
=====> Saving current model and best model
balance: False
selecting samples for epoch 14, ratio 0.1
=====> Epoch: 14/300, Total_step: 2632, lr: 0.001000, Total Time: 2227.2879 s, Time this epoch: 102.1796 s
=====> Epoch: 14/300, Train Loss (train loader labels): 2.2233, Train acc (train loader labels): 0.2902, Best val acc: 0.4475, Current val acc: 0.3653, Val Loss: 2.2206
=====> Saving current model and best model
balance: False
selecting samples for epoch 15, ratio 0.1
=====> Epoch: 15/300, Total_step: 2820, lr: 0.001000, Total Time: 2333.3569 s, Time this epoch: 105.8876 s
=====> Epoch: 15/300, Train Loss (train loader labels): 2.2162, Train acc (train loader labels): 0.3062, Best val acc: 0.4475, Current val acc: 0.4087, Val Loss: 2.2127
=====> Saving current model and best model
balance: False
selecting samples for epoch 16, ratio 0.1
=====> Epoch: 16/300, Total_step: 3008, lr: 0.001000, Total Time: 2438.1919 s, Time this epoch: 104.6380 s
=====> Epoch: 16/300, Train Loss (train loader labels): 2.2247, Train acc (train loader labels): 0.2869, Best val acc: 0.4475, Current val acc: 0.3880, Val Loss: 2.2178
=====> Saving current model and best model
balance: False
selecting samples for epoch 17, ratio 0.1
=====> Epoch: 17/300, Total_step: 3196, lr: 0.001000, Total Time: 2541.0426 s, Time this epoch: 102.6714 s
=====> Epoch: 17/300, Train Loss (train loader labels): 2.2245, Train acc (train loader labels): 0.2897, Best val acc: 0.4475, Current val acc: 0.4000, Val Loss: 2.2201
=====> Saving current model and best model
balance: False
selecting samples for epoch 18, ratio 0.1
=====> Epoch: 18/300, Total_step: 3384, lr: 0.001000, Total Time: 2648.7075 s, Time this epoch: 107.4830 s
=====> Epoch: 18/300, Train Loss (train loader labels): 2.2208, Train acc (train loader labels): 0.2829, Best val acc: 0.4475, Current val acc: 0.3936, Val Loss: 2.2182
=====> Saving current model and best model
balance: False
selecting samples for epoch 19, ratio 0.1
=====> Epoch: 19/300, Total_step: 3572, lr: 0.001000, Total Time: 2758.0925 s, Time this epoch: 109.1722 s
=====> Epoch: 19/300, Train Loss (train loader labels): 2.1970, Train acc (train loader labels): 0.2892, Best val acc: 0.4475, Current val acc: 0.3661, Val Loss: 2.1909
=====> Saving current model and best model
balance: False
selecting samples for epoch 20, ratio 0.1
=====> Epoch: 20/300, Total_step: 3760, lr: 0.001000, Total Time: 2861.8583 s, Time this epoch: 103.5772 s
=====> Epoch: 20/300, Train Loss (train loader labels): 2.0182, Train acc (train loader labels): 0.2755, Best val acc: 0.4475, Current val acc: 0.3303, Val Loss: 1.8265
=====> Saving current model and best model
balance: False
selecting samples for epoch 21, ratio 0.1
=====> Epoch: 21/300, Total_step: 3948, lr: 0.001000, Total Time: 2965.3244 s, Time this epoch: 103.2735 s
=====> Epoch: 21/300, Train Loss (train loader labels): 1.9726, Train acc (train loader labels): 0.3182, Best val acc: 0.4475, Current val acc: 0.3731, Val Loss: 1.8899
=====> Saving current model and best model
balance: False
selecting samples for epoch 22, ratio 0.1
=====> Epoch: 22/300, Total_step: 4136, lr: 0.001000, Total Time: 3068.1106 s, Time this epoch: 102.5915 s
=====> Epoch: 22/300, Train Loss (train loader labels): 2.1081, Train acc (train loader labels): 0.2819, Best val acc: 0.4475, Current val acc: 0.3538, Val Loss: 2.0802
=====> Saving current model and best model
balance: False
selecting samples for epoch 23, ratio 0.1
=====> Epoch: 23/300, Total_step: 4324, lr: 0.001000, Total Time: 3170.8252 s, Time this epoch: 102.5261 s
=====> Epoch: 23/300, Train Loss (train loader labels): 2.1304, Train acc (train loader labels): 0.2615, Best val acc: 0.4475, Current val acc: 0.2873, Val Loss: 2.1190
=====> Saving current model and best model
balance: False
selecting samples for epoch 24, ratio 0.1
=====> Epoch: 24/300, Total_step: 4512, lr: 0.001000, Total Time: 3273.2596 s, Time this epoch: 102.2456 s
=====> Epoch: 24/300, Train Loss (train loader labels): 2.1127, Train acc (train loader labels): 0.2793, Best val acc: 0.4475, Current val acc: 0.3440, Val Loss: 2.0562
=====> Saving current model and best model
balance: False
selecting samples for epoch 25, ratio 0.1
=====> Epoch: 25/300, Total_step: 4700, lr: 0.001000, Total Time: 3375.8015 s, Time this epoch: 102.3430 s
=====> Epoch: 25/300, Train Loss (train loader labels): 2.0640, Train acc (train loader labels): 0.3144, Best val acc: 0.4475, Current val acc: 0.3175, Val Loss: 2.0419
=====> Saving current model and best model
balance: False
selecting samples for epoch 26, ratio 0.1
=====> Epoch: 26/300, Total_step: 4888, lr: 0.001000, Total Time: 3480.6034 s, Time this epoch: 104.6037 s
=====> Epoch: 26/300, Train Loss (train loader labels): 2.0949, Train acc (train loader labels): 0.3418, Best val acc: 0.4475, Current val acc: 0.3417, Val Loss: 2.0856
=====> Saving current model and best model
balance: False
selecting samples for epoch 27, ratio 0.1
=====> Saving current model and best model
balance: False
selecting samples for epoch 28, ratio 0.1
=====> Saving current model and best model
balance: False
selecting samples for epoch 29, ratio 0.1
=====> Epoch: 29/300, Total_step: 5452, lr: 0.001000, Total Time: 3679.6717 s, Time this epoch: 48.4117 s
=====> Epoch: 29/300, Train Loss (train loader labels): 2.1164, Train acc (train loader labels): 0.3271, Best val acc: 0.4475, Current val acc: 0.3424, Val Loss: 2.1018
=====> Saving current model and best model
balance: False
selecting samples for epoch 30, ratio 0.1
=====> Saving current model and best model
balance: False
selecting samples for epoch 31, ratio 0.1
=====> Saving current model and best model
balance: False
selecting samples for epoch 32, ratio 0.1
=====> Saving current model and best model
balance: False
selecting samples for epoch 33, ratio 0.1
=====> Epoch: 33/300, Total_step: 6204, lr: 0.001000, Total Time: 3929.8948 s, Time this epoch: 50.2150 s
=====> Epoch: 33/300, Train Loss (train loader labels): 2.1165, Train acc (train loader labels): 0.3431, Best val acc: 0.4475, Current val acc: 0.3916, Val Loss: 2.1113
=====> Saving current model and best model
balance: False
selecting samples for epoch 34, ratio 0.1
=====> Saving current model and best model
balance: False
selecting samples for epoch 35, ratio 0.1
=====> Saving current model and best model
balance: False
selecting samples for epoch 36, ratio 0.1
=====> Saving current model and best model
balance: False
selecting samples for epoch 37, ratio 0.1
=====> Epoch: 37/300, Total_step: 6956, lr: 0.001000, Total Time: 4178.1946 s, Time this epoch: 48.4437 s
=====> Epoch: 37/300, Train Loss (train loader labels): 2.1518, Train acc (train loader labels): 0.3350, Best val acc: 0.4586, Current val acc: 0.4586, Val Loss: 2.1469
=====> Saving current model and best model
balance: False
selecting samples for epoch 38, ratio 0.1
=====> Saving current model and best model
balance: False
selecting samples for epoch 39, ratio 0.1
=====> Saving current model and best model
balance: False
selecting samples for epoch 40, ratio 0.1
=====> Saving current model and best model
balance: False
selecting samples for epoch 41, ratio 0.1
=====> Epoch: 41/300, Total_step: 7708, lr: 0.001000, Total Time: 4434.2703 s, Time this epoch: 53.9843 s
=====> Epoch: 41/300, Train Loss (train loader labels): 2.1585, Train acc (train loader labels): 0.3627, Best val acc: 0.4586, Current val acc: 0.4304, Val Loss: 2.1508
=====> Saving current model and best model
balance: False
selecting samples for epoch 42, ratio 0.1
=====> Saving current model and best model
balance: False
selecting samples for epoch 43, ratio 0.1
=====> Saving current model and best model
balance: False
selecting samples for epoch 44, ratio 0.1
=====> Saving current model and best model
balance: False
selecting samples for epoch 45, ratio 0.1
=====> Epoch: 45/300, Total_step: 8460, lr: 0.001000, Total Time: 4683.1156 s, Time this epoch: 48.8258 s
=====> Epoch: 45/300, Train Loss (train loader labels): 2.1434, Train acc (train loader labels): 0.3509, Best val acc: 0.4601, Current val acc: 0.4601, Val Loss: 2.1294
=====> Saving current model and best model
balance: False
selecting samples for epoch 46, ratio 0.1
=====> Saving current model and best model
balance: False
selecting samples for epoch 47, ratio 0.1
=====> Saving current model and best model
balance: False
selecting samples for epoch 48, ratio 0.1
=====> Saving current model and best model
balance: False
selecting samples for epoch 49, ratio 0.1
=====> Epoch: 49/300, Total_step: 9212, lr: 0.001000, Total Time: 4932.4961 s, Time this epoch: 48.4337 s
=====> Epoch: 49/300, Train Loss (train loader labels): 2.1668, Train acc (train loader labels): 0.3596, Best val acc: 0.4972, Current val acc: 0.4972, Val Loss: 2.1527
=====> Saving current model and best model
balance: False
selecting samples for epoch 50, ratio 0.1
=====> Saving current model and best model
balance: False
selecting samples for epoch 51, ratio 0.1
=====> Saving current model and best model
balance: False
selecting samples for epoch 52, ratio 0.1
=====> Saving current model and best model
balance: False
selecting samples for epoch 53, ratio 0.1
=====> Epoch: 53/300, Total_step: 9964, lr: 0.001000, Total Time: 5186.0905 s, Time this epoch: 51.0125 s
=====> Epoch: 53/300, Train Loss (train loader labels): 2.1824, Train acc (train loader labels): 0.2493, Best val acc: 0.4972, Current val acc: 0.1885, Val Loss: 2.1884
=====> Saving current model and best model
balance: False
selecting samples for epoch 54, ratio 0.1
=====> Saving current model and best model
balance: False
selecting samples for epoch 55, ratio 0.1
=====> Saving current model and best model
balance: False
selecting samples for epoch 56, ratio 0.1
=====> Saving current model and best model
balance: False
selecting samples for epoch 57, ratio 0.1
=====> Epoch: 57/300, Total_step: 10716, lr: 0.001000, Total Time: 5439.5129 s, Time this epoch: 48.6232 s
=====> Epoch: 57/300, Train Loss (train loader labels): 2.1785, Train acc (train loader labels): 0.3239, Best val acc: 0.4972, Current val acc: 0.3819, Val Loss: 2.1782
=====> Saving current model and best model
balance: False
selecting samples for epoch 58, ratio 0.1
=====> Saving current model and best model
balance: False
selecting samples for epoch 59, ratio 0.1
=====> Saving current model and best model
balance: False
selecting samples for epoch 60, ratio 0.1
=====> Saving current model and best model
balance: False
selecting samples for epoch 61, ratio 0.1
=====> Epoch: 61/300, Total_step: 11468, lr: 0.001000, Total Time: 5692.4655 s, Time this epoch: 48.4464 s
=====> Epoch: 61/300, Train Loss (train loader labels): 2.1742, Train acc (train loader labels): 0.3487, Best val acc: 0.5233, Current val acc: 0.5233, Val Loss: 2.1652
=====> Saving current model and best model
balance: False
selecting samples for epoch 62, ratio 0.1
=====> Saving current model and best model
balance: False
selecting samples for epoch 63, ratio 0.1
=====> Saving current model and best model
balance: False
selecting samples for epoch 64, ratio 0.1
=====> Saving current model and best model
balance: False
selecting samples for epoch 65, ratio 0.1
=====> Epoch: 65/300, Total_step: 12220, lr: 0.001000, Total Time: 5945.5111 s, Time this epoch: 48.5515 s
=====> Epoch: 65/300, Train Loss (train loader labels): 2.1786, Train acc (train loader labels): 0.3318, Best val acc: 0.5233, Current val acc: 0.4879, Val Loss: 2.1716
=====> Saving current model and best model
balance: False
selecting samples for epoch 66, ratio 0.1
=====> Saving current model and best model
balance: False
selecting samples for epoch 67, ratio 0.1
=====> Saving current model and best model
balance: False
selecting samples for epoch 68, ratio 0.1
=====> Saving current model and best model
balance: False
selecting samples for epoch 69, ratio 0.1
=====> Saving current model and best model
balance: False
selecting samples for epoch 70, ratio 0.1
=====> Saving current model and best model
balance: False
selecting samples for epoch 71, ratio 0.1
=====> Saving current model and best model
balance: False
selecting samples for epoch 72, ratio 0.1
=====> Saving current model and best model
balance: False
selecting samples for epoch 73, ratio 0.1
=====> Saving current model and best model
balance: False
selecting samples for epoch 74, ratio 0.1
=====> Saving current model and best model
balance: False
selecting samples for epoch 75, ratio 0.1
=====> Saving current model and best model
balance: False
selecting samples for epoch 76, ratio 0.1
=====> Epoch: 76/300, Total_step: 14288, lr: 0.001000, Total Time: 6542.4876 s, Time this epoch: 48.5338 s
=====> Epoch: 76/300, Train Loss (train loader labels): 2.1841, Train acc (train loader labels): 0.3368, Best val acc: 0.5233, Current val acc: 0.4761, Val Loss: 2.1743
=====> Saving current model and best model
balance: False
selecting samples for epoch 77, ratio 0.1
=====> Saving current model and best model
balance: False
selecting samples for epoch 78, ratio 0.1
=====> Saving current model and best model
balance: False
selecting samples for epoch 79, ratio 0.1
=====> Saving current model and best model
balance: False
selecting samples for epoch 80, ratio 0.1
=====> Saving current model and best model
balance: False
selecting samples for epoch 81, ratio 0.1
=====> Saving current model and best model
balance: False
selecting samples for epoch 82, ratio 0.1
=====> Saving current model and best model
balance: False
selecting samples for epoch 83, ratio 0.1
=====> Saving current model and best model
balance: False
selecting samples for epoch 84, ratio 0.1
=====> Saving current model and best model
balance: False
selecting samples for epoch 85, ratio 0.1
=====> Saving current model and best model
balance: False
selecting samples for epoch 86, ratio 0.1
=====> Saving current model and best model
balance: False
selecting samples for epoch 87, ratio 0.1
=====> Saving current model and best model
balance: False
selecting samples for epoch 88, ratio 0.1
=====> Saving current model and best model
balance: False
selecting samples for epoch 89, ratio 0.1
=====> Saving current model and best model
balance: False
selecting samples for epoch 90, ratio 0.1
=====> Saving current model and best model
balance: False
selecting samples for epoch 91, ratio 0.1
=====> Epoch: 91/300, Total_step: 17108, lr: 0.001000, Total Time: 7332.3899 s, Time this epoch: 48.5516 s
=====> Epoch: 91/300, Train Loss (train loader labels): 2.1878, Train acc (train loader labels): 0.3098, Best val acc: 0.5233, Current val acc: 0.3935, Val Loss: 2.1820
=====> Saving current model and best model
balance: False
selecting samples for epoch 92, ratio 0.1
=====> Saving current model and best model
balance: False
selecting samples for epoch 93, ratio 0.1
=====> Saving current model and best model
balance: False
selecting samples for epoch 94, ratio 0.1
=====> Saving current model and best model
balance: False
selecting samples for epoch 95, ratio 0.1
=====> Saving current model and best model
balance: False
selecting samples for epoch 96, ratio 0.1
=====> Saving current model and best model
balance: False
selecting samples for epoch 97, ratio 0.1
=====> Saving current model and best model
balance: False
selecting samples for epoch 98, ratio 0.1
=====> Saving current model and best model
balance: False
selecting samples for epoch 99, ratio 0.1
=====> Saving current model and best model
balance: False
selecting samples for epoch 100, ratio 0.1
=====> Saving current model and best model
balance: False
selecting samples for epoch 101, ratio 0.1
=====> Saving current model and best model
balance: False
selecting samples for epoch 102, ratio 0.1
=====> Saving current model and best model
balance: False
selecting samples for epoch 103, ratio 0.1
=====> Saving current model and best model
balance: False
selecting samples for epoch 104, ratio 0.1
=====> Saving current model and best model
balance: False
selecting samples for epoch 105, ratio 0.1
=====> Saving current model and best model
balance: False
selecting samples for epoch 106, ratio 0.1
=====> Epoch: 106/300, Total_step: 19928, lr: 0.001000, Total Time: 8117.4924 s, Time this epoch: 48.7320 s
=====> Epoch: 106/300, Train Loss (train loader labels): 2.2099, Train acc (train loader labels): 0.3045, Best val acc: 0.5233, Current val acc: 0.3871, Val Loss: 2.2021
=====> Saving current model and best model
balance: False
selecting samples for epoch 107, ratio 0.1
=====> Saving current model and best model
balance: False
selecting samples for epoch 108, ratio 0.1
=====> Saving current model and best model
balance: False
selecting samples for epoch 109, ratio 0.1
=====> Saving current model and best model
balance: False
selecting samples for epoch 110, ratio 0.1
=====> Saving current model and best model
balance: False
selecting samples for epoch 111, ratio 0.1
=====> Saving current model and best model
balance: False
selecting samples for epoch 112, ratio 0.1
=====> Saving current model and best model
balance: False
selecting samples for epoch 113, ratio 0.1
=====> Saving current model and best model
balance: False
selecting samples for epoch 114, ratio 0.1
=====> Saving current model and best model
balance: False
selecting samples for epoch 115, ratio 0.1
=====> Saving current model and best model
balance: False
selecting samples for epoch 116, ratio 0.1
=====> Saving current model and best model
balance: False
selecting samples for epoch 117, ratio 0.1
=====> Saving current model and best model
balance: False
selecting samples for epoch 118, ratio 0.1
=====> Saving current model and best model
balance: False
selecting samples for epoch 119, ratio 0.1
=====> Saving current model and best model
balance: False
selecting samples for epoch 120, ratio 0.1
=====> Saving current model and best model
balance: False
selecting samples for epoch 121, ratio 0.1
=====> Epoch: 121/300, Total_step: 22748, lr: 0.001000, Total Time: 8908.0409 s, Time this epoch: 48.6720 s
=====> Epoch: 121/300, Train Loss (train loader labels): 2.2193, Train acc (train loader labels): 0.2810, Best val acc: 0.5233, Current val acc: 0.3110, Val Loss: 2.2128
=====> Saving current model and best model
balance: False
selecting samples for epoch 122, ratio 0.1
=====> Saving current model and best model
balance: False
selecting samples for epoch 123, ratio 0.1
=====> Saving current model and best model
balance: False
selecting samples for epoch 124, ratio 0.1
=====> Saving current model and best model
balance: False
selecting samples for epoch 125, ratio 0.1
=====> Saving current model and best model
balance: False
selecting samples for epoch 126, ratio 0.1
=====> Saving current model and best model
balance: False
selecting samples for epoch 127, ratio 0.1
=====> Saving current model and best model
balance: False
selecting samples for epoch 128, ratio 0.1
=====> Saving current model and best model
balance: False
selecting samples for epoch 129, ratio 0.1
=====> Saving current model and best model
balance: False
selecting samples for epoch 130, ratio 0.1
=====> Saving current model and best model
balance: False
selecting samples for epoch 131, ratio 0.1
=====> Saving current model and best model
balance: False
selecting samples for epoch 132, ratio 0.1
=====> Saving current model and best model
balance: False
selecting samples for epoch 133, ratio 0.1
=====> Saving current model and best model
balance: False
selecting samples for epoch 134, ratio 0.1
=====> Saving current model and best model
balance: False
selecting samples for epoch 135, ratio 0.1
=====> Saving current model and best model
balance: False
selecting samples for epoch 136, ratio 0.1
=====> Epoch: 136/300, Total_step: 25568, lr: 0.001000, Total Time: 9699.9051 s, Time this epoch: 54.9183 s
=====> Epoch: 136/300, Train Loss (train loader labels): 2.1666, Train acc (train loader labels): 0.3246, Best val acc: 0.5233, Current val acc: 0.4455, Val Loss: 2.1593
=====> Saving current model and best model
balance: False
selecting samples for epoch 137, ratio 0.1
=====> Saving current model and best model
balance: False
selecting samples for epoch 138, ratio 0.1
=====> Saving current model and best model
balance: False
selecting samples for epoch 139, ratio 0.1
=====> Saving current model and best model
balance: False
selecting samples for epoch 140, ratio 0.1
=====> Saving current model and best model
balance: False
selecting samples for epoch 141, ratio 0.1
=====> Saving current model and best model
balance: False
selecting samples for epoch 142, ratio 0.1
=====> Saving current model and best model
balance: False
selecting samples for epoch 143, ratio 0.1
=====> Saving current model and best model
balance: False
selecting samples for epoch 144, ratio 0.1
=====> Saving current model and best model
balance: False
selecting samples for epoch 145, ratio 0.1
=====> Saving current model and best model
balance: False
selecting samples for epoch 146, ratio 0.1
=====> Saving current model and best model
balance: False
selecting samples for epoch 147, ratio 0.1
=====> Saving current model and best model
balance: False
selecting samples for epoch 148, ratio 0.1
=====> Saving current model and best model
balance: False
selecting samples for epoch 149, ratio 0.1
=====> Saving current model and best model
balance: False
selecting samples for epoch 150, ratio 0.1
=====> Saving current model and best model
balance: False
selecting samples for epoch 151, ratio 0.1
=====> Epoch: 151/300, Total_step: 28388, lr: 0.001000, Total Time: 10496.9288 s, Time this epoch: 48.6244 s
=====> Epoch: 151/300, Train Loss (train loader labels): 2.1789, Train acc (train loader labels): 0.3397, Best val acc: 0.5233, Current val acc: 0.4951, Val Loss: 2.1681
=====> Saving current model and best model
balance: False
selecting samples for epoch 152, ratio 0.1
=====> Saving current model and best model
balance: False
selecting samples for epoch 153, ratio 0.1
=====> Saving current model and best model
balance: False
selecting samples for epoch 154, ratio 0.1
=====> Saving current model and best model
balance: False
selecting samples for epoch 155, ratio 0.1
=====> Saving current model and best model
balance: False
selecting samples for epoch 156, ratio 0.1
=====> Saving current model and best model
balance: False
selecting samples for epoch 157, ratio 0.1
=====> Saving current model and best model
balance: False
selecting samples for epoch 158, ratio 0.1
=====> Saving current model and best model
balance: False
selecting samples for epoch 159, ratio 0.1
=====> Saving current model and best model
balance: False
selecting samples for epoch 160, ratio 0.1
=====> Saving current model and best model
balance: False
selecting samples for epoch 161, ratio 0.1
=====> Saving current model and best model
balance: False
selecting samples for epoch 162, ratio 0.1
=====> Saving current model and best model
balance: False
selecting samples for epoch 163, ratio 0.1
=====> Saving current model and best model
balance: False
selecting samples for epoch 164, ratio 0.1
=====> Saving current model and best model
balance: False
selecting samples for epoch 165, ratio 0.1
=====> Saving current model and best model
balance: False
selecting samples for epoch 166, ratio 0.1
=====> Epoch: 166/300, Total_step: 31208, lr: 0.001000, Total Time: 11291.0996 s, Time this epoch: 48.6527 s
=====> Epoch: 166/300, Train Loss (train loader labels): 2.1857, Train acc (train loader labels): 0.3563, Best val acc: 0.5233, Current val acc: 0.4914, Val Loss: 2.1850
=====> Saving current model and best model
balance: False
selecting samples for epoch 167, ratio 0.1
=====> Saving current model and best model
balance: False
selecting samples for epoch 168, ratio 0.1
=====> Saving current model and best model
balance: False
selecting samples for epoch 169, ratio 0.1
=====> Saving current model and best model
balance: False
selecting samples for epoch 170, ratio 0.1
=====> Saving current model and best model
balance: False
selecting samples for epoch 171, ratio 0.1
=====> Saving current model and best model
balance: False
selecting samples for epoch 172, ratio 0.1
=====> Saving current model and best model
balance: False
selecting samples for epoch 173, ratio 0.1
=====> Saving current model and best model
balance: False
selecting samples for epoch 174, ratio 0.1
=====> Saving current model and best model
balance: False
selecting samples for epoch 175, ratio 0.1
=====> Saving current model and best model
balance: False
selecting samples for epoch 176, ratio 0.1
=====> Saving current model and best model
balance: False
selecting samples for epoch 177, ratio 0.1
=====> Saving current model and best model
balance: False
selecting samples for epoch 178, ratio 0.1
=====> Saving current model and best model
balance: False
selecting samples for epoch 179, ratio 0.1
=====> Saving current model and best model
balance: False
selecting samples for epoch 180, ratio 0.1
=====> Saving current model and best model
balance: False
selecting samples for epoch 181, ratio 0.1
=====> Epoch: 181/300, Total_step: 34028, lr: 0.001000, Total Time: 12092.2508 s, Time this epoch: 48.5977 s
=====> Epoch: 181/300, Train Loss (train loader labels): 2.1870, Train acc (train loader labels): 0.3170, Best val acc: 0.5233, Current val acc: 0.4004, Val Loss: 2.1810
=====> Saving current model and best model
balance: False
selecting samples for epoch 182, ratio 0.1
=====> Saving current model and best model
balance: False
selecting samples for epoch 183, ratio 0.1
=====> Saving current model and best model
balance: False
selecting samples for epoch 184, ratio 0.1
=====> Saving current model and best model
balance: False
selecting samples for epoch 185, ratio 0.1
=====> Saving current model and best model
balance: False
selecting samples for epoch 186, ratio 0.1
=====> Saving current model and best model
balance: False
selecting samples for epoch 187, ratio 0.1
=====> Saving current model and best model
balance: False
selecting samples for epoch 188, ratio 0.1
=====> Saving current model and best model
balance: False
selecting samples for epoch 189, ratio 0.1
=====> Saving current model and best model
balance: False
selecting samples for epoch 190, ratio 0.1
=====> Saving current model and best model
balance: False
selecting samples for epoch 191, ratio 0.1
=====> Saving current model and best model
balance: False
selecting samples for epoch 192, ratio 0.1
=====> Saving current model and best model
balance: False
selecting samples for epoch 193, ratio 0.1
=====> Saving current model and best model
balance: False
selecting samples for epoch 194, ratio 0.1
=====> Saving current model and best model
balance: False
selecting samples for epoch 195, ratio 0.1
=====> Saving current model and best model
balance: False
selecting samples for epoch 196, ratio 0.1
=====> Epoch: 196/300, Total_step: 36848, lr: 0.001000, Total Time: 12911.5813 s, Time this epoch: 48.5889 s
=====> Epoch: 196/300, Train Loss (train loader labels): 2.1929, Train acc (train loader labels): 0.3209, Best val acc: 0.5233, Current val acc: 0.4717, Val Loss: 2.1855
=====> Saving current model and best model
balance: False
selecting samples for epoch 197, ratio 0.1
=====> Saving current model and best model
balance: False
selecting samples for epoch 198, ratio 0.1
=====> Saving current model and best model
balance: False
selecting samples for epoch 199, ratio 0.1
=====> Saving current model and best model
balance: False
selecting samples for epoch 200, ratio 0.1
=====> Saving current model and best model
balance: False
selecting samples for epoch 201, ratio 0.1
=====> Saving current model and best model
balance: False
selecting samples for epoch 202, ratio 0.1
=====> Saving current model and best model
balance: False
selecting samples for epoch 203, ratio 0.1
=====> Saving current model and best model
balance: False
selecting samples for epoch 204, ratio 0.1
=====> Saving current model and best model
balance: False
selecting samples for epoch 205, ratio 0.1
=====> Saving current model and best model
balance: False
selecting samples for epoch 206, ratio 0.1
=====> Saving current model and best model
balance: False
selecting samples for epoch 207, ratio 0.1
=====> Saving current model and best model
balance: False
selecting samples for epoch 208, ratio 0.1
=====> Saving current model and best model
balance: False
selecting samples for epoch 209, ratio 0.1
=====> Saving current model and best model
balance: False
selecting samples for epoch 210, ratio 0.1
=====> Saving current model and best model
balance: False
selecting samples for epoch 211, ratio 0.1
=====> Epoch: 211/300, Total_step: 39668, lr: 0.001000, Total Time: 13721.0104 s, Time this epoch: 48.6738 s
=====> Epoch: 211/300, Train Loss (train loader labels): 2.0996, Train acc (train loader labels): 0.3285, Best val acc: 0.5233, Current val acc: 0.3822, Val Loss: 2.0947
=====> Saving current model and best model
balance: False
selecting samples for epoch 212, ratio 0.1
=====> Saving current model and best model
balance: False
selecting samples for epoch 213, ratio 0.1
=====> Saving current model and best model
balance: False
selecting samples for epoch 214, ratio 0.1
=====> Saving current model and best model
balance: False
selecting samples for epoch 215, ratio 0.1
=====> Saving current model and best model
balance: False
selecting samples for epoch 216, ratio 0.1
=====> Saving current model and best model
balance: False
selecting samples for epoch 217, ratio 0.1
=====> Saving current model and best model
balance: False
selecting samples for epoch 218, ratio 0.1
=====> Saving current model and best model
balance: False
selecting samples for epoch 219, ratio 0.1
=====> Saving current model and best model
balance: False
selecting samples for epoch 220, ratio 0.1
=====> Saving current model and best model
balance: False
selecting samples for epoch 221, ratio 0.1
=====> Saving current model and best model
balance: False
selecting samples for epoch 222, ratio 0.1
=====> Saving current model and best model
balance: False
selecting samples for epoch 223, ratio 0.1
=====> Saving current model and best model
balance: False
selecting samples for epoch 224, ratio 0.1
=====> Saving current model and best model
balance: False
selecting samples for epoch 225, ratio 0.1
=====> Saving current model and best model
balance: False
selecting samples for epoch 226, ratio 0.1
=====> Epoch: 226/300, Total_step: 42488, lr: 0.001000, Total Time: 14521.9694 s, Time this epoch: 50.2270 s
=====> Epoch: 226/300, Train Loss (train loader labels): 2.1637, Train acc (train loader labels): 0.3441, Best val acc: 0.5233, Current val acc: 0.4969, Val Loss: 2.1547
=====> Saving current model and best model
balance: False
selecting samples for epoch 227, ratio 0.1
=====> Saving current model and best model
balance: False
selecting samples for epoch 228, ratio 0.1
=====> Saving current model and best model
balance: False
selecting samples for epoch 229, ratio 0.1
=====> Saving current model and best model
balance: False
selecting samples for epoch 230, ratio 0.1
=====> Saving current model and best model
balance: False
selecting samples for epoch 231, ratio 0.1
=====> Saving current model and best model
balance: False
selecting samples for epoch 232, ratio 0.1
=====> Saving current model and best model
balance: False
selecting samples for epoch 233, ratio 0.1
=====> Saving current model and best model
balance: False
selecting samples for epoch 234, ratio 0.1
=====> Saving current model and best model
balance: False
selecting samples for epoch 235, ratio 0.1
=====> Saving current model and best model
balance: False
selecting samples for epoch 236, ratio 0.1
=====> Saving current model and best model
balance: False
selecting samples for epoch 237, ratio 0.1
=====> Saving current model and best model
balance: False
selecting samples for epoch 238, ratio 0.1
=====> Saving current model and best model
balance: False
selecting samples for epoch 239, ratio 0.1
=====> Saving current model and best model
balance: False
selecting samples for epoch 240, ratio 0.1
=====> Saving current model and best model
balance: False
selecting samples for epoch 241, ratio 0.1
=====> Epoch: 241/300, Total_step: 45308, lr: 0.001000, Total Time: 15325.2458 s, Time this epoch: 49.4311 s
=====> Epoch: 241/300, Train Loss (train loader labels): 2.1818, Train acc (train loader labels): 0.2605, Best val acc: 0.5233, Current val acc: 0.3302, Val Loss: 2.1717
=====> Saving current model and best model
balance: False
selecting samples for epoch 242, ratio 0.1
=====> Saving current model and best model
balance: False
selecting samples for epoch 243, ratio 0.1
=====> Saving current model and best model
balance: False
selecting samples for epoch 244, ratio 0.1
=====> Saving current model and best model
balance: False
selecting samples for epoch 245, ratio 0.1
=====> Saving current model and best model
balance: False
selecting samples for epoch 246, ratio 0.1
=====> Saving current model and best model
balance: False
selecting samples for epoch 247, ratio 0.1
=====> Saving current model and best model
balance: False
selecting samples for epoch 248, ratio 0.1
=====> Saving current model and best model
balance: False
selecting samples for epoch 249, ratio 0.1
=====> Saving current model and best model
balance: False
selecting samples for epoch 250, ratio 0.1
=====> Saving current model and best model
balance: False
selecting samples for epoch 251, ratio 0.1
=====> Saving current model and best model
balance: False
selecting samples for epoch 252, ratio 0.1
=====> Saving current model and best model
balance: False
selecting samples for epoch 253, ratio 0.1
=====> Saving current model and best model
balance: False
selecting samples for epoch 254, ratio 0.1
=====> Saving current model and best model
balance: False
selecting samples for epoch 255, ratio 0.1
=====> Saving current model and best model
balance: False
selecting samples for epoch 256, ratio 0.1
=====> Epoch: 256/300, Total_step: 48128, lr: 0.001000, Total Time: 16113.5512 s, Time this epoch: 49.9252 s
=====> Epoch: 256/300, Train Loss (train loader labels): 2.1912, Train acc (train loader labels): 0.2922, Best val acc: 0.5233, Current val acc: 0.3677, Val Loss: 2.1787
=====> Saving current model and best model
balance: False
selecting samples for epoch 257, ratio 0.1
=====> Saving current model and best model
balance: False
selecting samples for epoch 258, ratio 0.1
=====> Saving current model and best model
balance: False
selecting samples for epoch 259, ratio 0.1
=====> Saving current model and best model
balance: False
selecting samples for epoch 260, ratio 0.1
=====> Saving current model and best model
balance: False
selecting samples for epoch 261, ratio 0.1
=====> Saving current model and best model
balance: False
selecting samples for epoch 262, ratio 0.1
=====> Saving current model and best model
balance: False
selecting samples for epoch 263, ratio 0.1
=====> Saving current model and best model
balance: False
selecting samples for epoch 264, ratio 0.1
=====> Saving current model and best model
balance: False
selecting samples for epoch 265, ratio 0.1
=====> Saving current model and best model
balance: False
selecting samples for epoch 266, ratio 0.1
=====> Saving current model and best model
balance: False
selecting samples for epoch 267, ratio 0.1
=====> Saving current model and best model
balance: False
selecting samples for epoch 268, ratio 0.1
=====> Saving current model and best model
balance: False
selecting samples for epoch 269, ratio 0.1
=====> Saving current model and best model
balance: False
selecting samples for epoch 270, ratio 0.1
=====> Saving current model and best model
balance: False
selecting samples for epoch 271, ratio 0.1
=====> Epoch: 271/300, Total_step: 50948, lr: 0.001000, Total Time: 16910.6478 s, Time this epoch: 48.6251 s
=====> Epoch: 271/300, Train Loss (train loader labels): 2.2021, Train acc (train loader labels): 0.3027, Best val acc: 0.5233, Current val acc: 0.3907, Val Loss: 2.1958
=====> Saving current model and best model
balance: False
selecting samples for epoch 272, ratio 0.1
=====> Saving current model and best model
balance: False
selecting samples for epoch 273, ratio 0.1
=====> Saving current model and best model
balance: False
selecting samples for epoch 274, ratio 0.1
=====> Saving current model and best model
balance: False
selecting samples for epoch 275, ratio 0.1
=====> Saving current model and best model
balance: False
selecting samples for epoch 276, ratio 0.1
=====> Saving current model and best model
balance: False
selecting samples for epoch 277, ratio 0.1
=====> Saving current model and best model
balance: False
selecting samples for epoch 278, ratio 0.1
=====> Saving current model and best model
balance: False
selecting samples for epoch 279, ratio 0.1
=====> Saving current model and best model
balance: False
selecting samples for epoch 280, ratio 0.1
=====> Saving current model and best model
balance: False
selecting samples for epoch 281, ratio 0.1
=====> Saving current model and best model
balance: False
selecting samples for epoch 282, ratio 0.1
=====> Saving current model and best model
balance: False
selecting samples for epoch 283, ratio 0.1
=====> Saving current model and best model
balance: False
selecting samples for epoch 284, ratio 0.1
=====> Saving current model and best model
balance: False
selecting samples for epoch 285, ratio 0.1
=====> Saving current model and best model
balance: False
selecting samples for epoch 286, ratio 0.1
=====> Epoch: 286/300, Total_step: 53768, lr: 0.001000, Total Time: 17704.9932 s, Time this epoch: 50.6111 s
=====> Epoch: 286/300, Train Loss (train loader labels): 2.2052, Train acc (train loader labels): 0.3224, Best val acc: 0.5233, Current val acc: 0.3716, Val Loss: 2.2009
=====> Saving current model and best model
balance: False
selecting samples for epoch 287, ratio 0.1
=====> Saving current model and best model
balance: False
selecting samples for epoch 288, ratio 0.1
=====> Saving current model and best model
balance: False
selecting samples for epoch 289, ratio 0.1
=====> Saving current model and best model
balance: False
selecting samples for epoch 290, ratio 0.1
=====> Saving current model and best model
balance: False
selecting samples for epoch 291, ratio 0.1
=====> Saving current model and best model
balance: False
selecting samples for epoch 292, ratio 0.1
=====> Saving current model and best model
balance: False
selecting samples for epoch 293, ratio 0.1
=====> Saving current model and best model
balance: False
selecting samples for epoch 294, ratio 0.1
=====> Saving current model and best model
balance: False
selecting samples for epoch 295, ratio 0.1
=====> Saving current model and best model
balance: False
selecting samples for epoch 296, ratio 0.1
=====> Saving current model and best model
balance: False
selecting samples for epoch 297, ratio 0.1
=====> Saving current model and best model
balance: False
selecting samples for epoch 298, ratio 0.1
=====> Saving current model and best model
balance: False
selecting samples for epoch 299, ratio 0.1
=====> Saving current model and best model
balance: False
selecting samples for epoch 300, ratio 0.1
=====> Epoch: 300/300, Total_step: 56400, lr: 0.001000, Total Time: 18453.8620 s, Time this epoch: 48.8572 s
=====> Epoch: 300/300, Train Loss (train loader labels): 2.1367, Train acc (train loader labels): 0.3163, Best val acc: 0.5233, Current val acc: 0.4751, Val Loss: 2.1105
=====> Saving current model and best model
Saved helper snapshots to /home/mward19/Documents/miller/Online-Batch-Selection/snapshots/MNIST/{"bsel":"Bayesian","seed":2,"model":"DeepLinear","opt":"adamw","bs":320,"ratio":0.1,"lr":0.001,"wd":0.01,"layers":5,"hidden_dim":1000}.p
Saved selected points array to /home/mward19/Documents/miller/Online-Batch-Selection/selected_points/MNIST/{"bsel":"Bayesian","seed":2,"model":"DeepLinear","opt":"adamw","bs":320,"ratio":0.1,"lr":0.001,"wd":0.01,"layers":5,"hidden_dim":1000}.npy
========================= End Main =========================
