save_dir: ./exp/CIFAR3/DivBS_deeplinear_bs320_ep300_lr0.001_AdamW_constant_seed3_r0.1_3_hidden
=====> Loading config files: 
configs/cifar3/method/divbs-0.1.yaml
configs/cifar3/data/cifar3.yaml
configs/cifar3/model/deep_linear_saxe/deep_linear_3.yaml
configs/cifar3/optim/adamw-320-0.001-0.01.yaml
configs/diagnostics/snapshots_log_interval.yaml
=====> Config files loaded.
========================= Start Main =========================
=====> Saving config file
=====> Config file saved
=====> Using fixed random seed: 3
=====> Wandb initialized
=====> Number of GPUs: 1
Creating DivBS...
Begin training for DivBS...
=====> Epoch: 0/300, Total_step: 0, lr: 0.001000, Total Time: 0.0000 s, Time this epoch: 0.0000 s
=====> Epoch: 0/300, Train Loss (train loader labels): 1.0995, Train acc (train loader labels): 0.3405, Best val acc: 0.3177, Current val acc: 0.3177, Val Loss: 1.1010
balance: False
selecting samples for epoch 1, ratio 0.1
=====> Epoch: 1/300, Total_step: 1, lr: 0.001000, Total Time: 0.0000 s, Time this epoch: 0.0000 s
=====> Epoch: 1/300, Train Loss (train loader labels): 4.5577, Train acc (train loader labels): 0.3625, Best val acc: 0.3497, Current val acc: 0.3497, Val Loss: 4.6788
=====> Epoch: 1/300, Total_step: 12, lr: 0.001000, Total Time: 0.0000 s, Time this epoch: 0.0000 s
=====> Epoch: 1/300, Train Loss (train loader labels): 1.3155, Train acc (train loader labels): 0.2957, Best val acc: 0.3497, Current val acc: 0.3003, Val Loss: 1.3315
=====> Epoch: 1/300, Total_step: 23, lr: 0.001000, Total Time: 0.0000 s, Time this epoch: 0.0000 s
=====> Epoch: 1/300, Train Loss (train loader labels): 1.2406, Train acc (train loader labels): 0.3763, Best val acc: 0.3790, Current val acc: 0.3790, Val Loss: 1.2623
=====> Epoch: 1/300, Total_step: 34, lr: 0.001000, Total Time: 0.0000 s, Time this epoch: 0.0000 s
=====> Epoch: 1/300, Train Loss (train loader labels): 1.0643, Train acc (train loader labels): 0.4501, Best val acc: 0.4537, Current val acc: 0.4537, Val Loss: 1.0651
=====> Epoch: 1/300, Total_step: 45, lr: 0.001000, Total Time: 0.0000 s, Time this epoch: 0.0000 s
=====> Epoch: 1/300, Train Loss (train loader labels): 1.0471, Train acc (train loader labels): 0.4425, Best val acc: 0.4537, Current val acc: 0.4523, Val Loss: 1.0461
=====> Saving current model and best model
balance: False
selecting samples for epoch 2, ratio 0.1
=====> Epoch: 2/300, Total_step: 48, lr: 0.001000, Total Time: 124.1631 s, Time this epoch: 105.7175 s
=====> Epoch: 2/300, Train Loss (train loader labels): 1.0736, Train acc (train loader labels): 0.4409, Best val acc: 0.4580, Current val acc: 0.4580, Val Loss: 1.0617
=====> Epoch: 2/300, Total_step: 59, lr: 0.001000, Total Time: 124.1631 s, Time this epoch: 105.7175 s
=====> Epoch: 2/300, Train Loss (train loader labels): 1.0338, Train acc (train loader labels): 0.4710, Best val acc: 0.4713, Current val acc: 0.4713, Val Loss: 1.0283
=====> Epoch: 2/300, Total_step: 70, lr: 0.001000, Total Time: 124.1631 s, Time this epoch: 105.7175 s
=====> Epoch: 2/300, Train Loss (train loader labels): 1.0274, Train acc (train loader labels): 0.4866, Best val acc: 0.4940, Current val acc: 0.4940, Val Loss: 1.0229
=====> Epoch: 2/300, Total_step: 81, lr: 0.001000, Total Time: 124.1631 s, Time this epoch: 105.7175 s
=====> Epoch: 2/300, Train Loss (train loader labels): 1.0327, Train acc (train loader labels): 0.4617, Best val acc: 0.4940, Current val acc: 0.4803, Val Loss: 1.0284
=====> Epoch: 2/300, Total_step: 92, lr: 0.001000, Total Time: 124.1631 s, Time this epoch: 105.7175 s
=====> Epoch: 2/300, Train Loss (train loader labels): 1.0322, Train acc (train loader labels): 0.4709, Best val acc: 0.4940, Current val acc: 0.4920, Val Loss: 1.0244
=====> Saving current model and best model
balance: False
selecting samples for epoch 3, ratio 0.1
=====> Epoch: 3/300, Total_step: 95, lr: 0.001000, Total Time: 229.9309 s, Time this epoch: 105.5026 s
=====> Epoch: 3/300, Train Loss (train loader labels): 1.0382, Train acc (train loader labels): 0.4661, Best val acc: 0.4940, Current val acc: 0.4777, Val Loss: 1.0306
=====> Epoch: 3/300, Total_step: 106, lr: 0.001000, Total Time: 229.9309 s, Time this epoch: 105.5026 s
=====> Epoch: 3/300, Train Loss (train loader labels): 1.0525, Train acc (train loader labels): 0.4502, Best val acc: 0.4940, Current val acc: 0.4593, Val Loss: 1.0408
=====> Epoch: 3/300, Total_step: 117, lr: 0.001000, Total Time: 229.9309 s, Time this epoch: 105.5026 s
=====> Epoch: 3/300, Train Loss (train loader labels): 1.0212, Train acc (train loader labels): 0.4567, Best val acc: 0.4940, Current val acc: 0.4553, Val Loss: 1.0253
=====> Epoch: 3/300, Total_step: 128, lr: 0.001000, Total Time: 229.9309 s, Time this epoch: 105.5026 s
=====> Epoch: 3/300, Train Loss (train loader labels): 1.0273, Train acc (train loader labels): 0.4643, Best val acc: 0.4940, Current val acc: 0.4650, Val Loss: 1.0242
=====> Epoch: 3/300, Total_step: 139, lr: 0.001000, Total Time: 229.9309 s, Time this epoch: 105.5026 s
=====> Epoch: 3/300, Train Loss (train loader labels): 1.0260, Train acc (train loader labels): 0.4727, Best val acc: 0.4940, Current val acc: 0.4870, Val Loss: 1.0249
=====> Saving current model and best model
balance: False
selecting samples for epoch 4, ratio 0.1
=====> Epoch: 4/300, Total_step: 142, lr: 0.001000, Total Time: 335.7072 s, Time this epoch: 105.5684 s
=====> Epoch: 4/300, Train Loss (train loader labels): 1.0221, Train acc (train loader labels): 0.4765, Best val acc: 0.4953, Current val acc: 0.4953, Val Loss: 1.0209
=====> Epoch: 4/300, Total_step: 153, lr: 0.001000, Total Time: 335.7072 s, Time this epoch: 105.5684 s
=====> Epoch: 4/300, Train Loss (train loader labels): 1.0383, Train acc (train loader labels): 0.4620, Best val acc: 0.4953, Current val acc: 0.4750, Val Loss: 1.0326
=====> Epoch: 4/300, Total_step: 164, lr: 0.001000, Total Time: 335.7072 s, Time this epoch: 105.5684 s
=====> Epoch: 4/300, Train Loss (train loader labels): 1.0179, Train acc (train loader labels): 0.4914, Best val acc: 0.5117, Current val acc: 0.5117, Val Loss: 1.0126
=====> Epoch: 4/300, Total_step: 175, lr: 0.001000, Total Time: 335.7072 s, Time this epoch: 105.5684 s
=====> Epoch: 4/300, Train Loss (train loader labels): 1.0236, Train acc (train loader labels): 0.4548, Best val acc: 0.5117, Current val acc: 0.4587, Val Loss: 1.0285
=====> Epoch: 4/300, Total_step: 186, lr: 0.001000, Total Time: 335.7072 s, Time this epoch: 105.5684 s
=====> Epoch: 4/300, Train Loss (train loader labels): 1.0494, Train acc (train loader labels): 0.4409, Best val acc: 0.5117, Current val acc: 0.4400, Val Loss: 1.0546
=====> Saving current model and best model
balance: False
selecting samples for epoch 5, ratio 0.1
=====> Epoch: 5/300, Total_step: 189, lr: 0.001000, Total Time: 441.1558 s, Time this epoch: 105.2653 s
=====> Epoch: 5/300, Train Loss (train loader labels): 1.0365, Train acc (train loader labels): 0.4617, Best val acc: 0.5117, Current val acc: 0.4570, Val Loss: 1.0367
=====> Epoch: 5/300, Total_step: 200, lr: 0.001000, Total Time: 441.1558 s, Time this epoch: 105.2653 s
=====> Epoch: 5/300, Train Loss (train loader labels): 1.0096, Train acc (train loader labels): 0.4893, Best val acc: 0.5130, Current val acc: 0.5130, Val Loss: 1.0069
=====> Epoch: 5/300, Total_step: 211, lr: 0.001000, Total Time: 441.1558 s, Time this epoch: 105.2653 s
=====> Epoch: 5/300, Train Loss (train loader labels): 1.0365, Train acc (train loader labels): 0.4577, Best val acc: 0.5130, Current val acc: 0.4720, Val Loss: 1.0387
=====> Epoch: 5/300, Total_step: 222, lr: 0.001000, Total Time: 441.1558 s, Time this epoch: 105.2653 s
=====> Epoch: 5/300, Train Loss (train loader labels): 1.0232, Train acc (train loader labels): 0.4825, Best val acc: 0.5130, Current val acc: 0.4973, Val Loss: 1.0211
=====> Epoch: 5/300, Total_step: 233, lr: 0.001000, Total Time: 441.1558 s, Time this epoch: 105.2653 s
=====> Epoch: 5/300, Train Loss (train loader labels): 1.0296, Train acc (train loader labels): 0.4677, Best val acc: 0.5130, Current val acc: 0.4703, Val Loss: 1.0306
=====> Saving current model and best model
balance: False
selecting samples for epoch 6, ratio 0.1
=====> Epoch: 6/300, Total_step: 282, lr: 0.001000, Total Time: 547.5457 s, Time this epoch: 106.2160 s
=====> Epoch: 6/300, Train Loss (train loader labels): 1.0282, Train acc (train loader labels): 0.4811, Best val acc: 0.5130, Current val acc: 0.4933, Val Loss: 1.0209
=====> Saving current model and best model
balance: False
selecting samples for epoch 7, ratio 0.1
=====> Epoch: 7/300, Total_step: 329, lr: 0.001000, Total Time: 583.1379 s, Time this epoch: 35.3939 s
=====> Epoch: 7/300, Train Loss (train loader labels): 1.0249, Train acc (train loader labels): 0.4760, Best val acc: 0.5130, Current val acc: 0.5033, Val Loss: 1.0205
=====> Saving current model and best model
balance: False
selecting samples for epoch 8, ratio 0.1
=====> Epoch: 8/300, Total_step: 376, lr: 0.001000, Total Time: 618.7152 s, Time this epoch: 35.3884 s
=====> Epoch: 8/300, Train Loss (train loader labels): 1.0220, Train acc (train loader labels): 0.4811, Best val acc: 0.5130, Current val acc: 0.5063, Val Loss: 1.0149
=====> Saving current model and best model
balance: False
selecting samples for epoch 9, ratio 0.1
=====> Epoch: 9/300, Total_step: 423, lr: 0.001000, Total Time: 654.6707 s, Time this epoch: 35.6003 s
=====> Epoch: 9/300, Train Loss (train loader labels): 1.0221, Train acc (train loader labels): 0.4751, Best val acc: 0.5130, Current val acc: 0.5043, Val Loss: 1.0129
=====> Saving current model and best model
balance: False
selecting samples for epoch 10, ratio 0.1
=====> Epoch: 10/300, Total_step: 470, lr: 0.001000, Total Time: 690.7836 s, Time this epoch: 35.8936 s
=====> Epoch: 10/300, Train Loss (train loader labels): 1.0334, Train acc (train loader labels): 0.4668, Best val acc: 0.5130, Current val acc: 0.5030, Val Loss: 1.0175
=====> Saving current model and best model
balance: False
selecting samples for epoch 11, ratio 0.1
=====> Epoch: 11/300, Total_step: 517, lr: 0.001000, Total Time: 726.5167 s, Time this epoch: 35.5134 s
=====> Epoch: 11/300, Train Loss (train loader labels): 1.0222, Train acc (train loader labels): 0.4881, Best val acc: 0.5130, Current val acc: 0.5057, Val Loss: 1.0161
=====> Saving current model and best model
balance: False
selecting samples for epoch 12, ratio 0.1
=====> Epoch: 12/300, Total_step: 564, lr: 0.001000, Total Time: 762.2351 s, Time this epoch: 35.5106 s
=====> Epoch: 12/300, Train Loss (train loader labels): 1.0412, Train acc (train loader labels): 0.4692, Best val acc: 0.5130, Current val acc: 0.4867, Val Loss: 1.0375
=====> Saving current model and best model
balance: False
selecting samples for epoch 13, ratio 0.1
=====> Epoch: 13/300, Total_step: 611, lr: 0.001000, Total Time: 797.8320 s, Time this epoch: 35.3835 s
=====> Epoch: 13/300, Train Loss (train loader labels): 1.0364, Train acc (train loader labels): 0.4725, Best val acc: 0.5130, Current val acc: 0.4817, Val Loss: 1.0274
=====> Saving current model and best model
balance: False
selecting samples for epoch 14, ratio 0.1
=====> Epoch: 14/300, Total_step: 658, lr: 0.001000, Total Time: 833.4055 s, Time this epoch: 35.3938 s
=====> Epoch: 14/300, Train Loss (train loader labels): 1.0276, Train acc (train loader labels): 0.4750, Best val acc: 0.5130, Current val acc: 0.4860, Val Loss: 1.0177
=====> Saving current model and best model
balance: False
selecting samples for epoch 15, ratio 0.1
=====> Epoch: 15/300, Total_step: 705, lr: 0.001000, Total Time: 869.1585 s, Time this epoch: 35.4691 s
=====> Epoch: 15/300, Train Loss (train loader labels): 1.0511, Train acc (train loader labels): 0.4357, Best val acc: 0.5130, Current val acc: 0.4643, Val Loss: 1.0385
=====> Saving current model and best model
balance: False
selecting samples for epoch 16, ratio 0.1
=====> Epoch: 16/300, Total_step: 752, lr: 0.001000, Total Time: 904.7607 s, Time this epoch: 35.4000 s
=====> Epoch: 16/300, Train Loss (train loader labels): 1.0211, Train acc (train loader labels): 0.4732, Best val acc: 0.5130, Current val acc: 0.5047, Val Loss: 1.0124
=====> Saving current model and best model
balance: False
selecting samples for epoch 17, ratio 0.1
=====> Epoch: 17/300, Total_step: 799, lr: 0.001000, Total Time: 940.7117 s, Time this epoch: 35.7002 s
=====> Epoch: 17/300, Train Loss (train loader labels): 1.0572, Train acc (train loader labels): 0.4396, Best val acc: 0.5130, Current val acc: 0.4413, Val Loss: 1.0508
=====> Saving current model and best model
balance: False
selecting samples for epoch 18, ratio 0.1
=====> Epoch: 18/300, Total_step: 846, lr: 0.001000, Total Time: 977.0566 s, Time this epoch: 35.8627 s
=====> Epoch: 18/300, Train Loss (train loader labels): 1.0157, Train acc (train loader labels): 0.4922, Best val acc: 0.5130, Current val acc: 0.5013, Val Loss: 1.0035
=====> Saving current model and best model
balance: False
selecting samples for epoch 19, ratio 0.1
=====> Epoch: 19/300, Total_step: 893, lr: 0.001000, Total Time: 1012.8134 s, Time this epoch: 35.5101 s
=====> Epoch: 19/300, Train Loss (train loader labels): 1.0150, Train acc (train loader labels): 0.4707, Best val acc: 0.5130, Current val acc: 0.4950, Val Loss: 1.0081
=====> Saving current model and best model
balance: False
selecting samples for epoch 20, ratio 0.1
=====> Epoch: 20/300, Total_step: 940, lr: 0.001000, Total Time: 1048.5926 s, Time this epoch: 35.5861 s
=====> Epoch: 20/300, Train Loss (train loader labels): 1.0200, Train acc (train loader labels): 0.4719, Best val acc: 0.5130, Current val acc: 0.4850, Val Loss: 1.0132
=====> Saving current model and best model
balance: False
selecting samples for epoch 21, ratio 0.1
=====> Epoch: 21/300, Total_step: 987, lr: 0.001000, Total Time: 1084.3815 s, Time this epoch: 35.5733 s
=====> Epoch: 21/300, Train Loss (train loader labels): 1.0308, Train acc (train loader labels): 0.4581, Best val acc: 0.5130, Current val acc: 0.4873, Val Loss: 1.0159
=====> Saving current model and best model
balance: False
selecting samples for epoch 22, ratio 0.1
=====> Epoch: 22/300, Total_step: 1034, lr: 0.001000, Total Time: 1120.2818 s, Time this epoch: 35.6823 s
=====> Epoch: 22/300, Train Loss (train loader labels): 1.0499, Train acc (train loader labels): 0.4449, Best val acc: 0.5130, Current val acc: 0.4497, Val Loss: 1.0455
=====> Saving current model and best model
balance: False
selecting samples for epoch 23, ratio 0.1
=====> Epoch: 23/300, Total_step: 1081, lr: 0.001000, Total Time: 1156.0303 s, Time this epoch: 35.5013 s
=====> Epoch: 23/300, Train Loss (train loader labels): 1.0340, Train acc (train loader labels): 0.4668, Best val acc: 0.5130, Current val acc: 0.4990, Val Loss: 1.0153
=====> Saving current model and best model
balance: False
selecting samples for epoch 24, ratio 0.1
=====> Epoch: 24/300, Total_step: 1128, lr: 0.001000, Total Time: 1192.0757 s, Time this epoch: 35.8130 s
=====> Epoch: 24/300, Train Loss (train loader labels): 1.0523, Train acc (train loader labels): 0.4473, Best val acc: 0.5130, Current val acc: 0.4493, Val Loss: 1.0480
=====> Saving current model and best model
balance: False
selecting samples for epoch 25, ratio 0.1
=====> Epoch: 25/300, Total_step: 1175, lr: 0.001000, Total Time: 1228.0155 s, Time this epoch: 35.7253 s
=====> Epoch: 25/300, Train Loss (train loader labels): 1.0380, Train acc (train loader labels): 0.4547, Best val acc: 0.5130, Current val acc: 0.4603, Val Loss: 1.0334
=====> Saving current model and best model
balance: False
selecting samples for epoch 26, ratio 0.1
=====> Epoch: 26/300, Total_step: 1222, lr: 0.001000, Total Time: 1263.8480 s, Time this epoch: 35.6381 s
=====> Epoch: 26/300, Train Loss (train loader labels): 1.0193, Train acc (train loader labels): 0.4637, Best val acc: 0.5130, Current val acc: 0.4897, Val Loss: 1.0148
=====> Saving current model and best model
balance: False
selecting samples for epoch 27, ratio 0.1
=====> Saving current model and best model
balance: False
selecting samples for epoch 28, ratio 0.1
=====> Saving current model and best model
balance: False
selecting samples for epoch 29, ratio 0.1
=====> Epoch: 29/300, Total_step: 1363, lr: 0.001000, Total Time: 1334.2502 s, Time this epoch: 16.8763 s
=====> Epoch: 29/300, Train Loss (train loader labels): 1.0277, Train acc (train loader labels): 0.4683, Best val acc: 0.5130, Current val acc: 0.4867, Val Loss: 1.0187
=====> Saving current model and best model
balance: False
selecting samples for epoch 30, ratio 0.1
=====> Saving current model and best model
balance: False
selecting samples for epoch 31, ratio 0.1
=====> Saving current model and best model
balance: False
selecting samples for epoch 32, ratio 0.1
=====> Saving current model and best model
balance: False
selecting samples for epoch 33, ratio 0.1
=====> Epoch: 33/300, Total_step: 1551, lr: 0.001000, Total Time: 1422.1430 s, Time this epoch: 17.1375 s
=====> Epoch: 33/300, Train Loss (train loader labels): 1.0560, Train acc (train loader labels): 0.4367, Best val acc: 0.5130, Current val acc: 0.4547, Val Loss: 1.0520
=====> Saving current model and best model
balance: False
selecting samples for epoch 34, ratio 0.1
=====> Saving current model and best model
balance: False
selecting samples for epoch 35, ratio 0.1
=====> Saving current model and best model
balance: False
selecting samples for epoch 36, ratio 0.1
=====> Saving current model and best model
balance: False
selecting samples for epoch 37, ratio 0.1
=====> Epoch: 37/300, Total_step: 1739, lr: 0.001000, Total Time: 1509.7474 s, Time this epoch: 17.0402 s
=====> Epoch: 37/300, Train Loss (train loader labels): 1.0149, Train acc (train loader labels): 0.4754, Best val acc: 0.5130, Current val acc: 0.4910, Val Loss: 1.0127
=====> Saving current model and best model
balance: False
selecting samples for epoch 38, ratio 0.1
=====> Saving current model and best model
balance: False
selecting samples for epoch 39, ratio 0.1
=====> Saving current model and best model
balance: False
selecting samples for epoch 40, ratio 0.1
=====> Saving current model and best model
balance: False
selecting samples for epoch 41, ratio 0.1
=====> Epoch: 41/300, Total_step: 1927, lr: 0.001000, Total Time: 1597.2958 s, Time this epoch: 16.9393 s
=====> Epoch: 41/300, Train Loss (train loader labels): 1.0523, Train acc (train loader labels): 0.4384, Best val acc: 0.5130, Current val acc: 0.4527, Val Loss: 1.0462
=====> Saving current model and best model
balance: False
selecting samples for epoch 42, ratio 0.1
=====> Saving current model and best model
balance: False
selecting samples for epoch 43, ratio 0.1
=====> Saving current model and best model
balance: False
selecting samples for epoch 44, ratio 0.1
=====> Saving current model and best model
balance: False
selecting samples for epoch 45, ratio 0.1
=====> Epoch: 45/300, Total_step: 2115, lr: 0.001000, Total Time: 1684.6195 s, Time this epoch: 16.8846 s
=====> Epoch: 45/300, Train Loss (train loader labels): 1.0334, Train acc (train loader labels): 0.4501, Best val acc: 0.5130, Current val acc: 0.4583, Val Loss: 1.0326
=====> Saving current model and best model
balance: False
selecting samples for epoch 46, ratio 0.1
=====> Saving current model and best model
balance: False
selecting samples for epoch 47, ratio 0.1
=====> Saving current model and best model
balance: False
selecting samples for epoch 48, ratio 0.1
=====> Saving current model and best model
balance: False
selecting samples for epoch 49, ratio 0.1
=====> Epoch: 49/300, Total_step: 2303, lr: 0.001000, Total Time: 1772.0751 s, Time this epoch: 16.9274 s
=====> Epoch: 49/300, Train Loss (train loader labels): 1.1016, Train acc (train loader labels): 0.4020, Best val acc: 0.5130, Current val acc: 0.4030, Val Loss: 1.1005
=====> Saving current model and best model
balance: False
selecting samples for epoch 50, ratio 0.1
=====> Saving current model and best model
balance: False
selecting samples for epoch 51, ratio 0.1
=====> Saving current model and best model
balance: False
selecting samples for epoch 52, ratio 0.1
=====> Saving current model and best model
balance: False
selecting samples for epoch 53, ratio 0.1
=====> Epoch: 53/300, Total_step: 2491, lr: 0.001000, Total Time: 1859.3023 s, Time this epoch: 16.8887 s
=====> Epoch: 53/300, Train Loss (train loader labels): 1.0214, Train acc (train loader labels): 0.4727, Best val acc: 0.5130, Current val acc: 0.4837, Val Loss: 1.0140
=====> Saving current model and best model
balance: False
selecting samples for epoch 54, ratio 0.1
=====> Saving current model and best model
balance: False
selecting samples for epoch 55, ratio 0.1
=====> Saving current model and best model
balance: False
selecting samples for epoch 56, ratio 0.1
=====> Saving current model and best model
balance: False
selecting samples for epoch 57, ratio 0.1
=====> Epoch: 57/300, Total_step: 2679, lr: 0.001000, Total Time: 1946.6704 s, Time this epoch: 16.8674 s
=====> Epoch: 57/300, Train Loss (train loader labels): 1.0247, Train acc (train loader labels): 0.4687, Best val acc: 0.5130, Current val acc: 0.4793, Val Loss: 1.0180
=====> Saving current model and best model
balance: False
selecting samples for epoch 58, ratio 0.1
=====> Saving current model and best model
balance: False
selecting samples for epoch 59, ratio 0.1
=====> Saving current model and best model
balance: False
selecting samples for epoch 60, ratio 0.1
=====> Saving current model and best model
balance: False
selecting samples for epoch 61, ratio 0.1
=====> Epoch: 61/300, Total_step: 2867, lr: 0.001000, Total Time: 2033.8816 s, Time this epoch: 16.9953 s
=====> Epoch: 61/300, Train Loss (train loader labels): 1.0469, Train acc (train loader labels): 0.4418, Best val acc: 0.5130, Current val acc: 0.4577, Val Loss: 1.0432
=====> Saving current model and best model
balance: False
selecting samples for epoch 62, ratio 0.1
=====> Saving current model and best model
balance: False
selecting samples for epoch 63, ratio 0.1
=====> Saving current model and best model
balance: False
selecting samples for epoch 64, ratio 0.1
=====> Saving current model and best model
balance: False
selecting samples for epoch 65, ratio 0.1
=====> Epoch: 65/300, Total_step: 3055, lr: 0.001000, Total Time: 2121.0582 s, Time this epoch: 16.9691 s
=====> Epoch: 65/300, Train Loss (train loader labels): 1.0811, Train acc (train loader labels): 0.4069, Best val acc: 0.5130, Current val acc: 0.4063, Val Loss: 1.0940
=====> Saving current model and best model
balance: False
selecting samples for epoch 66, ratio 0.1
=====> Saving current model and best model
balance: False
selecting samples for epoch 67, ratio 0.1
=====> Saving current model and best model
balance: False
selecting samples for epoch 68, ratio 0.1
=====> Saving current model and best model
balance: False
selecting samples for epoch 69, ratio 0.1
=====> Saving current model and best model
balance: False
selecting samples for epoch 70, ratio 0.1
=====> Saving current model and best model
balance: False
selecting samples for epoch 71, ratio 0.1
=====> Saving current model and best model
balance: False
selecting samples for epoch 72, ratio 0.1
=====> Saving current model and best model
balance: False
selecting samples for epoch 73, ratio 0.1
=====> Saving current model and best model
balance: False
selecting samples for epoch 74, ratio 0.1
=====> Saving current model and best model
balance: False
selecting samples for epoch 75, ratio 0.1
=====> Saving current model and best model
balance: False
selecting samples for epoch 76, ratio 0.1
=====> Epoch: 76/300, Total_step: 3572, lr: 0.001000, Total Time: 2328.7496 s, Time this epoch: 16.9164 s
=====> Epoch: 76/300, Train Loss (train loader labels): 1.0084, Train acc (train loader labels): 0.4903, Best val acc: 0.5130, Current val acc: 0.5030, Val Loss: 1.0011
=====> Saving current model and best model
balance: False
selecting samples for epoch 77, ratio 0.1
=====> Saving current model and best model
balance: False
selecting samples for epoch 78, ratio 0.1
=====> Saving current model and best model
balance: False
selecting samples for epoch 79, ratio 0.1
=====> Saving current model and best model
balance: False
selecting samples for epoch 80, ratio 0.1
=====> Saving current model and best model
balance: False
selecting samples for epoch 81, ratio 0.1
=====> Saving current model and best model
balance: False
selecting samples for epoch 82, ratio 0.1
=====> Saving current model and best model
balance: False
selecting samples for epoch 83, ratio 0.1
=====> Saving current model and best model
balance: False
selecting samples for epoch 84, ratio 0.1
=====> Saving current model and best model
balance: False
selecting samples for epoch 85, ratio 0.1
=====> Saving current model and best model
balance: False
selecting samples for epoch 86, ratio 0.1
=====> Saving current model and best model
balance: False
selecting samples for epoch 87, ratio 0.1
=====> Saving current model and best model
balance: False
selecting samples for epoch 88, ratio 0.1
=====> Saving current model and best model
balance: False
selecting samples for epoch 89, ratio 0.1
=====> Saving current model and best model
balance: False
selecting samples for epoch 90, ratio 0.1
=====> Saving current model and best model
balance: False
selecting samples for epoch 91, ratio 0.1
=====> Epoch: 91/300, Total_step: 4277, lr: 0.001000, Total Time: 2604.8073 s, Time this epoch: 16.9134 s
=====> Epoch: 91/300, Train Loss (train loader labels): 1.0517, Train acc (train loader labels): 0.4639, Best val acc: 0.5130, Current val acc: 0.4793, Val Loss: 1.0455
=====> Saving current model and best model
balance: False
selecting samples for epoch 92, ratio 0.1
=====> Saving current model and best model
balance: False
selecting samples for epoch 93, ratio 0.1
=====> Saving current model and best model
balance: False
selecting samples for epoch 94, ratio 0.1
=====> Saving current model and best model
balance: False
selecting samples for epoch 95, ratio 0.1
=====> Saving current model and best model
balance: False
selecting samples for epoch 96, ratio 0.1
=====> Saving current model and best model
balance: False
selecting samples for epoch 97, ratio 0.1
=====> Saving current model and best model
balance: False
selecting samples for epoch 98, ratio 0.1
=====> Saving current model and best model
balance: False
selecting samples for epoch 99, ratio 0.1
=====> Saving current model and best model
balance: False
selecting samples for epoch 100, ratio 0.1
=====> Saving current model and best model
balance: False
selecting samples for epoch 101, ratio 0.1
=====> Saving current model and best model
balance: False
selecting samples for epoch 102, ratio 0.1
=====> Saving current model and best model
balance: False
selecting samples for epoch 103, ratio 0.1
=====> Saving current model and best model
balance: False
selecting samples for epoch 104, ratio 0.1
=====> Saving current model and best model
balance: False
selecting samples for epoch 105, ratio 0.1
=====> Saving current model and best model
balance: False
selecting samples for epoch 106, ratio 0.1
=====> Epoch: 106/300, Total_step: 4982, lr: 0.001000, Total Time: 2881.1122 s, Time this epoch: 16.9998 s
=====> Epoch: 106/300, Train Loss (train loader labels): 1.0082, Train acc (train loader labels): 0.4992, Best val acc: 0.5130, Current val acc: 0.5120, Val Loss: 1.0019
=====> Saving current model and best model
balance: False
selecting samples for epoch 107, ratio 0.1
=====> Saving current model and best model
balance: False
selecting samples for epoch 108, ratio 0.1
=====> Saving current model and best model
balance: False
selecting samples for epoch 109, ratio 0.1
=====> Saving current model and best model
balance: False
selecting samples for epoch 110, ratio 0.1
=====> Saving current model and best model
balance: False
selecting samples for epoch 111, ratio 0.1
=====> Saving current model and best model
balance: False
selecting samples for epoch 112, ratio 0.1
=====> Saving current model and best model
balance: False
selecting samples for epoch 113, ratio 0.1
=====> Saving current model and best model
balance: False
selecting samples for epoch 114, ratio 0.1
=====> Saving current model and best model
balance: False
selecting samples for epoch 115, ratio 0.1
=====> Saving current model and best model
balance: False
selecting samples for epoch 116, ratio 0.1
=====> Saving current model and best model
balance: False
selecting samples for epoch 117, ratio 0.1
=====> Saving current model and best model
balance: False
selecting samples for epoch 118, ratio 0.1
=====> Saving current model and best model
balance: False
selecting samples for epoch 119, ratio 0.1
=====> Saving current model and best model
balance: False
selecting samples for epoch 120, ratio 0.1
=====> Saving current model and best model
balance: False
selecting samples for epoch 121, ratio 0.1
=====> Epoch: 121/300, Total_step: 5687, lr: 0.001000, Total Time: 3157.2608 s, Time this epoch: 16.9535 s
=====> Epoch: 121/300, Train Loss (train loader labels): 1.0026, Train acc (train loader labels): 0.4992, Best val acc: 0.5207, Current val acc: 0.5207, Val Loss: 0.9962
=====> Saving current model and best model
balance: False
selecting samples for epoch 122, ratio 0.1
=====> Saving current model and best model
balance: False
selecting samples for epoch 123, ratio 0.1
=====> Saving current model and best model
balance: False
selecting samples for epoch 124, ratio 0.1
=====> Saving current model and best model
balance: False
selecting samples for epoch 125, ratio 0.1
=====> Saving current model and best model
balance: False
selecting samples for epoch 126, ratio 0.1
=====> Saving current model and best model
balance: False
selecting samples for epoch 127, ratio 0.1
=====> Saving current model and best model
balance: False
selecting samples for epoch 128, ratio 0.1
=====> Saving current model and best model
balance: False
selecting samples for epoch 129, ratio 0.1
=====> Saving current model and best model
balance: False
selecting samples for epoch 130, ratio 0.1
=====> Saving current model and best model
balance: False
selecting samples for epoch 131, ratio 0.1
=====> Saving current model and best model
balance: False
selecting samples for epoch 132, ratio 0.1
=====> Saving current model and best model
balance: False
selecting samples for epoch 133, ratio 0.1
=====> Saving current model and best model
balance: False
selecting samples for epoch 134, ratio 0.1
=====> Saving current model and best model
balance: False
selecting samples for epoch 135, ratio 0.1
=====> Saving current model and best model
balance: False
selecting samples for epoch 136, ratio 0.1
=====> Epoch: 136/300, Total_step: 6392, lr: 0.001000, Total Time: 3434.9438 s, Time this epoch: 16.9984 s
=====> Epoch: 136/300, Train Loss (train loader labels): 1.0089, Train acc (train loader labels): 0.4914, Best val acc: 0.5207, Current val acc: 0.5020, Val Loss: 1.0033
=====> Saving current model and best model
balance: False
selecting samples for epoch 137, ratio 0.1
=====> Saving current model and best model
balance: False
selecting samples for epoch 138, ratio 0.1
=====> Saving current model and best model
balance: False
selecting samples for epoch 139, ratio 0.1
=====> Saving current model and best model
balance: False
selecting samples for epoch 140, ratio 0.1
=====> Saving current model and best model
balance: False
selecting samples for epoch 141, ratio 0.1
=====> Saving current model and best model
balance: False
selecting samples for epoch 142, ratio 0.1
=====> Saving current model and best model
balance: False
selecting samples for epoch 143, ratio 0.1
=====> Saving current model and best model
balance: False
selecting samples for epoch 144, ratio 0.1
=====> Saving current model and best model
balance: False
selecting samples for epoch 145, ratio 0.1
=====> Saving current model and best model
balance: False
selecting samples for epoch 146, ratio 0.1
=====> Saving current model and best model
balance: False
selecting samples for epoch 147, ratio 0.1
=====> Saving current model and best model
balance: False
selecting samples for epoch 148, ratio 0.1
=====> Saving current model and best model
balance: False
selecting samples for epoch 149, ratio 0.1
=====> Saving current model and best model
balance: False
selecting samples for epoch 150, ratio 0.1
=====> Saving current model and best model
balance: False
selecting samples for epoch 151, ratio 0.1
=====> Epoch: 151/300, Total_step: 7097, lr: 0.001000, Total Time: 3712.5607 s, Time this epoch: 17.0548 s
=====> Epoch: 151/300, Train Loss (train loader labels): 1.0135, Train acc (train loader labels): 0.4872, Best val acc: 0.5207, Current val acc: 0.5037, Val Loss: 1.0045
=====> Saving current model and best model
balance: False
selecting samples for epoch 152, ratio 0.1
=====> Saving current model and best model
balance: False
selecting samples for epoch 153, ratio 0.1
=====> Saving current model and best model
balance: False
selecting samples for epoch 154, ratio 0.1
=====> Saving current model and best model
balance: False
selecting samples for epoch 155, ratio 0.1
=====> Saving current model and best model
balance: False
selecting samples for epoch 156, ratio 0.1
=====> Saving current model and best model
balance: False
selecting samples for epoch 157, ratio 0.1
=====> Saving current model and best model
balance: False
selecting samples for epoch 158, ratio 0.1
=====> Saving current model and best model
balance: False
selecting samples for epoch 159, ratio 0.1
=====> Saving current model and best model
balance: False
selecting samples for epoch 160, ratio 0.1
=====> Saving current model and best model
balance: False
selecting samples for epoch 161, ratio 0.1
=====> Saving current model and best model
balance: False
selecting samples for epoch 162, ratio 0.1
=====> Saving current model and best model
balance: False
selecting samples for epoch 163, ratio 0.1
=====> Saving current model and best model
balance: False
selecting samples for epoch 164, ratio 0.1
=====> Saving current model and best model
balance: False
selecting samples for epoch 165, ratio 0.1
=====> Saving current model and best model
balance: False
selecting samples for epoch 166, ratio 0.1
=====> Epoch: 166/300, Total_step: 7802, lr: 0.001000, Total Time: 3993.0132 s, Time this epoch: 17.0829 s
=====> Epoch: 166/300, Train Loss (train loader labels): 1.0086, Train acc (train loader labels): 0.4872, Best val acc: 0.5207, Current val acc: 0.5003, Val Loss: 1.0036
=====> Saving current model and best model
balance: False
selecting samples for epoch 167, ratio 0.1
=====> Saving current model and best model
balance: False
selecting samples for epoch 168, ratio 0.1
=====> Saving current model and best model
balance: False
selecting samples for epoch 169, ratio 0.1
=====> Saving current model and best model
balance: False
selecting samples for epoch 170, ratio 0.1
=====> Saving current model and best model
balance: False
selecting samples for epoch 171, ratio 0.1
=====> Saving current model and best model
balance: False
selecting samples for epoch 172, ratio 0.1
=====> Saving current model and best model
balance: False
selecting samples for epoch 173, ratio 0.1
=====> Saving current model and best model
balance: False
selecting samples for epoch 174, ratio 0.1
=====> Saving current model and best model
balance: False
selecting samples for epoch 175, ratio 0.1
=====> Saving current model and best model
balance: False
selecting samples for epoch 176, ratio 0.1
=====> Saving current model and best model
balance: False
selecting samples for epoch 177, ratio 0.1
=====> Saving current model and best model
balance: False
selecting samples for epoch 178, ratio 0.1
=====> Saving current model and best model
balance: False
selecting samples for epoch 179, ratio 0.1
=====> Saving current model and best model
balance: False
selecting samples for epoch 180, ratio 0.1
=====> Saving current model and best model
balance: False
selecting samples for epoch 181, ratio 0.1
=====> Epoch: 181/300, Total_step: 8507, lr: 0.001000, Total Time: 4273.0334 s, Time this epoch: 17.2022 s
=====> Epoch: 181/300, Train Loss (train loader labels): 1.0177, Train acc (train loader labels): 0.4791, Best val acc: 0.5207, Current val acc: 0.4880, Val Loss: 1.0175
=====> Saving current model and best model
balance: False
selecting samples for epoch 182, ratio 0.1
=====> Saving current model and best model
balance: False
selecting samples for epoch 183, ratio 0.1
=====> Saving current model and best model
balance: False
selecting samples for epoch 184, ratio 0.1
=====> Saving current model and best model
balance: False
selecting samples for epoch 185, ratio 0.1
=====> Saving current model and best model
balance: False
selecting samples for epoch 186, ratio 0.1
=====> Saving current model and best model
balance: False
selecting samples for epoch 187, ratio 0.1
=====> Saving current model and best model
balance: False
selecting samples for epoch 188, ratio 0.1
=====> Saving current model and best model
balance: False
selecting samples for epoch 189, ratio 0.1
=====> Saving current model and best model
balance: False
selecting samples for epoch 190, ratio 0.1
=====> Saving current model and best model
balance: False
selecting samples for epoch 191, ratio 0.1
=====> Saving current model and best model
balance: False
selecting samples for epoch 192, ratio 0.1
=====> Saving current model and best model
balance: False
selecting samples for epoch 193, ratio 0.1
=====> Saving current model and best model
balance: False
selecting samples for epoch 194, ratio 0.1
=====> Saving current model and best model
balance: False
selecting samples for epoch 195, ratio 0.1
=====> Saving current model and best model
balance: False
selecting samples for epoch 196, ratio 0.1
=====> Epoch: 196/300, Total_step: 9212, lr: 0.001000, Total Time: 4551.3115 s, Time this epoch: 16.9739 s
=====> Epoch: 196/300, Train Loss (train loader labels): 1.0152, Train acc (train loader labels): 0.4877, Best val acc: 0.5207, Current val acc: 0.4960, Val Loss: 1.0132
=====> Saving current model and best model
balance: False
selecting samples for epoch 197, ratio 0.1
=====> Saving current model and best model
balance: False
selecting samples for epoch 198, ratio 0.1
=====> Saving current model and best model
balance: False
selecting samples for epoch 199, ratio 0.1
=====> Saving current model and best model
balance: False
selecting samples for epoch 200, ratio 0.1
=====> Saving current model and best model
balance: False
selecting samples for epoch 201, ratio 0.1
=====> Saving current model and best model
balance: False
selecting samples for epoch 202, ratio 0.1
=====> Saving current model and best model
balance: False
selecting samples for epoch 203, ratio 0.1
=====> Saving current model and best model
balance: False
selecting samples for epoch 204, ratio 0.1
=====> Saving current model and best model
balance: False
selecting samples for epoch 205, ratio 0.1
=====> Saving current model and best model
balance: False
selecting samples for epoch 206, ratio 0.1
=====> Saving current model and best model
balance: False
selecting samples for epoch 207, ratio 0.1
=====> Saving current model and best model
balance: False
selecting samples for epoch 208, ratio 0.1
=====> Saving current model and best model
balance: False
selecting samples for epoch 209, ratio 0.1
=====> Saving current model and best model
balance: False
selecting samples for epoch 210, ratio 0.1
=====> Saving current model and best model
balance: False
selecting samples for epoch 211, ratio 0.1
=====> Epoch: 211/300, Total_step: 9917, lr: 0.001000, Total Time: 4829.3132 s, Time this epoch: 16.9545 s
=====> Epoch: 211/300, Train Loss (train loader labels): 1.0177, Train acc (train loader labels): 0.4840, Best val acc: 0.5207, Current val acc: 0.4963, Val Loss: 1.0133
=====> Saving current model and best model
balance: False
selecting samples for epoch 212, ratio 0.1
=====> Saving current model and best model
balance: False
selecting samples for epoch 213, ratio 0.1
=====> Saving current model and best model
balance: False
selecting samples for epoch 214, ratio 0.1
=====> Saving current model and best model
balance: False
selecting samples for epoch 215, ratio 0.1
=====> Saving current model and best model
balance: False
selecting samples for epoch 216, ratio 0.1
=====> Saving current model and best model
balance: False
selecting samples for epoch 217, ratio 0.1
=====> Saving current model and best model
balance: False
selecting samples for epoch 218, ratio 0.1
=====> Saving current model and best model
balance: False
selecting samples for epoch 219, ratio 0.1
=====> Saving current model and best model
balance: False
selecting samples for epoch 220, ratio 0.1
=====> Saving current model and best model
balance: False
selecting samples for epoch 221, ratio 0.1
=====> Saving current model and best model
balance: False
selecting samples for epoch 222, ratio 0.1
=====> Saving current model and best model
balance: False
selecting samples for epoch 223, ratio 0.1
=====> Saving current model and best model
balance: False
selecting samples for epoch 224, ratio 0.1
=====> Saving current model and best model
balance: False
selecting samples for epoch 225, ratio 0.1
=====> Saving current model and best model
balance: False
selecting samples for epoch 226, ratio 0.1
=====> Epoch: 226/300, Total_step: 10622, lr: 0.001000, Total Time: 5108.1064 s, Time this epoch: 17.1188 s
=====> Epoch: 226/300, Train Loss (train loader labels): 1.0709, Train acc (train loader labels): 0.4483, Best val acc: 0.5207, Current val acc: 0.4560, Val Loss: 1.0649
=====> Saving current model and best model
balance: False
selecting samples for epoch 227, ratio 0.1
=====> Saving current model and best model
balance: False
selecting samples for epoch 228, ratio 0.1
=====> Saving current model and best model
balance: False
selecting samples for epoch 229, ratio 0.1
=====> Saving current model and best model
balance: False
selecting samples for epoch 230, ratio 0.1
=====> Saving current model and best model
balance: False
selecting samples for epoch 231, ratio 0.1
=====> Saving current model and best model
balance: False
selecting samples for epoch 232, ratio 0.1
=====> Saving current model and best model
balance: False
selecting samples for epoch 233, ratio 0.1
=====> Saving current model and best model
balance: False
selecting samples for epoch 234, ratio 0.1
=====> Saving current model and best model
balance: False
selecting samples for epoch 235, ratio 0.1
=====> Saving current model and best model
balance: False
selecting samples for epoch 236, ratio 0.1
=====> Saving current model and best model
balance: False
selecting samples for epoch 237, ratio 0.1
=====> Saving current model and best model
balance: False
selecting samples for epoch 238, ratio 0.1
=====> Saving current model and best model
balance: False
selecting samples for epoch 239, ratio 0.1
=====> Saving current model and best model
balance: False
selecting samples for epoch 240, ratio 0.1
=====> Saving current model and best model
balance: False
selecting samples for epoch 241, ratio 0.1
=====> Epoch: 241/300, Total_step: 11327, lr: 0.001000, Total Time: 5385.8050 s, Time this epoch: 17.0201 s
=====> Epoch: 241/300, Train Loss (train loader labels): 1.0391, Train acc (train loader labels): 0.4450, Best val acc: 0.5207, Current val acc: 0.4597, Val Loss: 1.0335
=====> Saving current model and best model
balance: False
selecting samples for epoch 242, ratio 0.1
=====> Saving current model and best model
balance: False
selecting samples for epoch 243, ratio 0.1
=====> Saving current model and best model
balance: False
selecting samples for epoch 244, ratio 0.1
=====> Saving current model and best model
balance: False
selecting samples for epoch 245, ratio 0.1
=====> Saving current model and best model
balance: False
selecting samples for epoch 246, ratio 0.1
=====> Saving current model and best model
balance: False
selecting samples for epoch 247, ratio 0.1
=====> Saving current model and best model
balance: False
selecting samples for epoch 248, ratio 0.1
=====> Saving current model and best model
balance: False
selecting samples for epoch 249, ratio 0.1
=====> Saving current model and best model
balance: False
selecting samples for epoch 250, ratio 0.1
=====> Saving current model and best model
balance: False
selecting samples for epoch 251, ratio 0.1
=====> Saving current model and best model
balance: False
selecting samples for epoch 252, ratio 0.1
=====> Saving current model and best model
balance: False
selecting samples for epoch 253, ratio 0.1
=====> Saving current model and best model
balance: False
selecting samples for epoch 254, ratio 0.1
=====> Saving current model and best model
balance: False
selecting samples for epoch 255, ratio 0.1
=====> Saving current model and best model
balance: False
selecting samples for epoch 256, ratio 0.1
=====> Epoch: 256/300, Total_step: 12032, lr: 0.001000, Total Time: 5664.0049 s, Time this epoch: 16.9883 s
=====> Epoch: 256/300, Train Loss (train loader labels): 22.0457, Train acc (train loader labels): 0.3835, Best val acc: 0.5207, Current val acc: 0.4020, Val Loss: 20.1751
=====> Saving current model and best model
balance: False
selecting samples for epoch 257, ratio 0.1
=====> Saving current model and best model
balance: False
selecting samples for epoch 258, ratio 0.1
=====> Saving current model and best model
balance: False
selecting samples for epoch 259, ratio 0.1
=====> Saving current model and best model
balance: False
selecting samples for epoch 260, ratio 0.1
=====> Saving current model and best model
balance: False
selecting samples for epoch 261, ratio 0.1
=====> Saving current model and best model
balance: False
selecting samples for epoch 262, ratio 0.1
=====> Saving current model and best model
balance: False
selecting samples for epoch 263, ratio 0.1
=====> Saving current model and best model
balance: False
selecting samples for epoch 264, ratio 0.1
=====> Saving current model and best model
balance: False
selecting samples for epoch 265, ratio 0.1
=====> Saving current model and best model
balance: False
selecting samples for epoch 266, ratio 0.1
=====> Saving current model and best model
balance: False
selecting samples for epoch 267, ratio 0.1
=====> Saving current model and best model
balance: False
selecting samples for epoch 268, ratio 0.1
=====> Saving current model and best model
balance: False
selecting samples for epoch 269, ratio 0.1
=====> Saving current model and best model
balance: False
selecting samples for epoch 270, ratio 0.1
=====> Saving current model and best model
balance: False
selecting samples for epoch 271, ratio 0.1
=====> Epoch: 271/300, Total_step: 12737, lr: 0.001000, Total Time: 5941.2484 s, Time this epoch: 16.9398 s
=====> Epoch: 271/300, Train Loss (train loader labels): 1.0021, Train acc (train loader labels): 0.4875, Best val acc: 0.5207, Current val acc: 0.5170, Val Loss: 0.9956
=====> Saving current model and best model
balance: False
selecting samples for epoch 272, ratio 0.1
=====> Saving current model and best model
balance: False
selecting samples for epoch 273, ratio 0.1
=====> Saving current model and best model
balance: False
selecting samples for epoch 274, ratio 0.1
=====> Saving current model and best model
balance: False
selecting samples for epoch 275, ratio 0.1
=====> Saving current model and best model
balance: False
selecting samples for epoch 276, ratio 0.1
=====> Saving current model and best model
balance: False
selecting samples for epoch 277, ratio 0.1
=====> Saving current model and best model
balance: False
selecting samples for epoch 278, ratio 0.1
=====> Saving current model and best model
balance: False
selecting samples for epoch 279, ratio 0.1
=====> Saving current model and best model
balance: False
selecting samples for epoch 280, ratio 0.1
=====> Saving current model and best model
balance: False
selecting samples for epoch 281, ratio 0.1
=====> Saving current model and best model
balance: False
selecting samples for epoch 282, ratio 0.1
=====> Saving current model and best model
balance: False
selecting samples for epoch 283, ratio 0.1
=====> Saving current model and best model
balance: False
selecting samples for epoch 284, ratio 0.1
=====> Saving current model and best model
balance: False
selecting samples for epoch 285, ratio 0.1
=====> Saving current model and best model
balance: False
selecting samples for epoch 286, ratio 0.1
=====> Epoch: 286/300, Total_step: 13442, lr: 0.001000, Total Time: 6218.3336 s, Time this epoch: 16.9772 s
=====> Epoch: 286/300, Train Loss (train loader labels): 1.0164, Train acc (train loader labels): 0.4865, Best val acc: 0.5207, Current val acc: 0.5063, Val Loss: 1.0091
=====> Saving current model and best model
balance: False
selecting samples for epoch 287, ratio 0.1
=====> Saving current model and best model
balance: False
selecting samples for epoch 288, ratio 0.1
=====> Saving current model and best model
balance: False
selecting samples for epoch 289, ratio 0.1
=====> Saving current model and best model
balance: False
selecting samples for epoch 290, ratio 0.1
=====> Saving current model and best model
balance: False
selecting samples for epoch 291, ratio 0.1
=====> Saving current model and best model
balance: False
selecting samples for epoch 292, ratio 0.1
=====> Saving current model and best model
balance: False
selecting samples for epoch 293, ratio 0.1
=====> Saving current model and best model
balance: False
selecting samples for epoch 294, ratio 0.1
=====> Saving current model and best model
balance: False
selecting samples for epoch 295, ratio 0.1
=====> Saving current model and best model
balance: False
selecting samples for epoch 296, ratio 0.1
=====> Saving current model and best model
balance: False
selecting samples for epoch 297, ratio 0.1
=====> Saving current model and best model
balance: False
selecting samples for epoch 298, ratio 0.1
=====> Saving current model and best model
balance: False
selecting samples for epoch 299, ratio 0.1
=====> Saving current model and best model
balance: False
selecting samples for epoch 300, ratio 0.1
=====> Epoch: 300/300, Total_step: 14100, lr: 0.001000, Total Time: 6479.5472 s, Time this epoch: 17.0535 s
=====> Epoch: 300/300, Train Loss (train loader labels): 0.9998, Train acc (train loader labels): 0.5040, Best val acc: 0.5253, Current val acc: 0.5253, Val Loss: 0.9904
=====> Saving current model and best model
Saved helper snapshots to /home/mward19/Documents/miller/Online-Batch-Selection/snapshots/CIFAR3/{"bsel":"DivBS","seed":3,"model":"DeepLinear","opt":"adamw","bs":320,"ratio":0.1,"lr":0.001,"wd":0.01,"layers":3,"hidden_dim":1000}.p
Saved selected points array to /home/mward19/Documents/miller/Online-Batch-Selection/selected_points/CIFAR3/{"bsel":"DivBS","seed":3,"model":"DeepLinear","opt":"adamw","bs":320,"ratio":0.1,"lr":0.001,"wd":0.01,"layers":3,"hidden_dim":1000}.npy
========================= End Main =========================
