wandb: Tracking run with wandb version 0.27.0
wandb: W&B syncing is set to `offline` in this directory. Run `wandb online` or set WANDB_MODE=online to enable cloud syncing.
wandb: Run data is saved locally in exp/CIFAR3/Uniform_deeplinear_bs320_ep300_lr0.001_AdamW_constant_seed1_r0.1_3_hidden/wandb/offline-run-20260605_165810-ydsievfs
wandb: 
wandb: Run history:
wandb:                                best_val_acc 鈻佲杹鈻冣枂鈻嗏枂鈻嗏枂鈻嗏枂鈻嗏枂鈻嗏枂鈻団枃鈻団枃鈻団枃鈻団枃鈻団枃鈻団枃鈻団枃鈻団枃鈻団枃鈻団枃鈻団枅鈻堚枅鈻堚枅
wandb:                           diagnostics/epoch 鈻佲杹鈻佲杹鈻佲杹鈻佲杹鈻佲杹鈻佲杹鈻佲杹鈻佲杹鈻佲杹鈻佲杹鈻佲杹鈻佲杹鈻佲杺鈻傗杺鈻傗杺鈻傗杺鈻傗杻鈻冣枀鈻呪枂鈻嗏枅
wandb: diagnostics/fixed_train_logits_norm_l2_mean 鈻堚杺鈻佲杺鈻佲杹鈻佲杹鈻佲杹鈻佲杹鈻佲杹鈻佲杹鈻佲杹鈻佲杹鈻佲杹鈻佲杹鈻佲杹鈻佲杺鈻冣杹鈻佲杹鈻佲杹鈻佲杹鈻傗杹鈻佲杹
wandb:        diagnostics/test_logits_norm_l2_mean 鈻佲枅鈻傗杹鈻佲杹鈻佲杹鈻佲杹鈻佲杹鈻佲杹鈻佲杹鈻佲杹鈻佲杹鈻佲杹鈻佲杹鈻佲杺鈻佲杹鈻佲杹鈻佲杹鈻佲杺鈻佲杹鈻傗杹鈻佲杹
wandb:                      diagnostics/total_step 鈻佲杹鈻佲杹鈻佲杹鈻佲杹鈻佲杹鈻佲杹鈻佲杹鈻佲杹鈻佲杹鈻佲杹鈻佲杹鈻佲杹鈻佲杺鈻傗杺鈻傗杺鈻傗杺鈻傗杽鈻呪枂鈻団枃鈻団枅
wandb:                                       epoch 鈻佲杹鈻佲杹鈻佲杹鈻佲杹鈻佲杹鈻佲杹鈻佲杹鈻佲杹鈻佲杹鈻佲杹鈻佲杹鈻佲杹鈻傗杺鈻傗杺鈻傗杺鈻冣杻鈻勨杽鈻勨枂鈻嗏枃鈻団枅
wandb:                                          lr 鈻佲杹鈻佲杹鈻佲杹鈻佲杹鈻佲杹鈻佲杹鈻佲杹鈻佲杹鈻佲杹鈻佲杹鈻佲杹鈻佲杹鈻佲杹鈻佲杹鈻佲杹鈻佲杹鈻佲杹鈻佲杹鈻佲杹鈻佲杹
wandb:                                  time_epoch 鈻佲杹鈻佲杹鈻堚枅鈻堚枅鈻堚枅鈻堚枅鈻堚枅鈻冣杻鈻冣杻鈻冣杻鈻冣杻鈻冣杻鈻冣杻鈻傗杺鈻傗杺鈻傗杺鈻傗杺鈻傗杺鈻傗杺鈻傗杺
wandb:                                  total_time 鈻佲杹鈻佲杹鈻佲杹鈻佲杹鈻佲杹鈻佲杹鈻佲杹鈻傗杺鈻傗杺鈻傗杺鈻傗杺鈻傗杺鈻傗杻鈻冣杻鈻冣杻鈻勨杽鈻勨枀鈻呪枂鈻嗏枃鈻団枅
wandb:                                   train_acc 鈻佲杺鈻佲杽鈻団枃鈻団枃鈻団枃鈻嗏枀鈻団枃鈻団枂鈻嗏杽鈻団枃鈻嗏枀鈻嗏枃鈻団枃鈻呪杻鈻嗏枀鈻勨枂鈻団枅鈻団杽鈻嗏枅鈻堚枅
wandb:                                          +5 ...
wandb: 
wandb: Run summary:
wandb:                                best_val_acc 0.53467
wandb:                           diagnostics/epoch 300
wandb: diagnostics/fixed_train_logits_norm_l2_mean 2.3127
wandb:        diagnostics/test_logits_norm_l2_mean 2.35234
wandb:                      diagnostics/total_step 14100
wandb:                         diagnostics/trigger batch_update
wandb:                                       epoch 300
wandb:                                          lr 0.001
wandb:                                  time_epoch 16.99455
wandb:                                  total_time 6476.51392
wandb:                                          +6 ...
wandb: 
wandb: You can sync this run to the cloud by running:
wandb: wandb sync exp/CIFAR3/Uniform_deeplinear_bs320_ep300_lr0.001_AdamW_constant_seed1_r0.1_3_hidden/wandb/offline-run-20260605_165810-ydsievfs
wandb: Find logs at: exp/CIFAR3/Uniform_deeplinear_bs320_ep300_lr0.001_AdamW_constant_seed1_r0.1_3_hidden/wandb/offline-run-20260605_165810-ydsievfs/logs
