save_dir: ./exp/CIFAR3/RhoLoss_deeplinear_bs320_ep300_lr0.001_AdamW_constant_seed1_r0.1_3_hidden
=====> Loading config files: 
configs/cifar3/method/rholoss-0.1.yaml
configs/cifar3/data/cifar3.yaml
configs/cifar3/model/deep_linear_saxe/deep_linear_3.yaml
configs/cifar3/optim/adamw-320-0.001-0.01.yaml
configs/diagnostics/snapshots_log_interval.yaml
=====> Config files loaded.
========================= Start Main =========================
=====> Saving config file
=====> Config file saved
=====> Using fixed random seed: 1
=====> Wandb initialized
=====> Number of GPUs: 1
Creating RhoLoss...
Cached irreducible losses for 15000 samples in dataset.
=====> Start teacher Validation
=====> teacher Test Accuracy: 0.7280
Begin training for RhoLoss...
=====> Epoch: 0/300, Total_step: 0, lr: 0.001000, Total Time: 0.0000 s, Time this epoch: 0.0000 s
=====> Epoch: 0/300, Train Loss (train loader labels): 1.1042, Train acc (train loader labels): 0.3329, Best val acc: 0.3403, Current val acc: 0.3403, Val Loss: 1.1011
balance: False
selecting samples for epoch 1, ratio 0.1
=====> Epoch: 1/300, Total_step: 1, lr: 0.001000, Total Time: 0.0000 s, Time this epoch: 0.0000 s
=====> Epoch: 1/300, Train Loss (train loader labels): 4.5886, Train acc (train loader labels): 0.3238, Best val acc: 0.3403, Current val acc: 0.3277, Val Loss: 4.5521
=====> Epoch: 1/300, Total_step: 12, lr: 0.001000, Total Time: 0.0000 s, Time this epoch: 0.0000 s
=====> Epoch: 1/300, Train Loss (train loader labels): 1.5061, Train acc (train loader labels): 0.3438, Best val acc: 0.3407, Current val acc: 0.3407, Val Loss: 1.4937
=====> Epoch: 1/300, Total_step: 23, lr: 0.001000, Total Time: 0.0000 s, Time this epoch: 0.0000 s
=====> Epoch: 1/300, Train Loss (train loader labels): 1.0939, Train acc (train loader labels): 0.4051, Best val acc: 0.4177, Current val acc: 0.4177, Val Loss: 1.0915
=====> Epoch: 1/300, Total_step: 34, lr: 0.001000, Total Time: 0.0000 s, Time this epoch: 0.0000 s
=====> Epoch: 1/300, Train Loss (train loader labels): 1.0880, Train acc (train loader labels): 0.3951, Best val acc: 0.4187, Current val acc: 0.4187, Val Loss: 1.0805
=====> Epoch: 1/300, Total_step: 45, lr: 0.001000, Total Time: 0.0000 s, Time this epoch: 0.0000 s
=====> Epoch: 1/300, Train Loss (train loader labels): 1.0853, Train acc (train loader labels): 0.4265, Best val acc: 0.4373, Current val acc: 0.4373, Val Loss: 1.0820
=====> Saving current model and best model
balance: False
selecting samples for epoch 2, ratio 0.1
=====> Epoch: 2/300, Total_step: 48, lr: 0.001000, Total Time: 123.7325 s, Time this epoch: 105.3692 s
=====> Epoch: 2/300, Train Loss (train loader labels): 1.0799, Train acc (train loader labels): 0.4395, Best val acc: 0.4500, Current val acc: 0.4500, Val Loss: 1.0782
=====> Epoch: 2/300, Total_step: 59, lr: 0.001000, Total Time: 123.7325 s, Time this epoch: 105.3692 s
=====> Epoch: 2/300, Train Loss (train loader labels): 1.0862, Train acc (train loader labels): 0.3912, Best val acc: 0.4500, Current val acc: 0.3977, Val Loss: 1.0857
=====> Epoch: 2/300, Total_step: 70, lr: 0.001000, Total Time: 123.7325 s, Time this epoch: 105.3692 s
=====> Epoch: 2/300, Train Loss (train loader labels): 1.0836, Train acc (train loader labels): 0.4185, Best val acc: 0.4500, Current val acc: 0.4230, Val Loss: 1.0830
=====> Epoch: 2/300, Total_step: 81, lr: 0.001000, Total Time: 123.7325 s, Time this epoch: 105.3692 s
=====> Epoch: 2/300, Train Loss (train loader labels): 1.0871, Train acc (train loader labels): 0.4044, Best val acc: 0.4500, Current val acc: 0.4093, Val Loss: 1.0858
=====> Epoch: 2/300, Total_step: 92, lr: 0.001000, Total Time: 123.7325 s, Time this epoch: 105.3692 s
=====> Epoch: 2/300, Train Loss (train loader labels): 1.0820, Train acc (train loader labels): 0.4265, Best val acc: 0.4500, Current val acc: 0.4380, Val Loss: 1.0786
=====> Saving current model and best model
balance: False
selecting samples for epoch 3, ratio 0.1
=====> Epoch: 3/300, Total_step: 95, lr: 0.001000, Total Time: 228.7702 s, Time this epoch: 104.8203 s
=====> Epoch: 3/300, Train Loss (train loader labels): 1.0821, Train acc (train loader labels): 0.4083, Best val acc: 0.4500, Current val acc: 0.4227, Val Loss: 1.0799
=====> Epoch: 3/300, Total_step: 106, lr: 0.001000, Total Time: 228.7702 s, Time this epoch: 104.8203 s
=====> Epoch: 3/300, Train Loss (train loader labels): 1.0795, Train acc (train loader labels): 0.4263, Best val acc: 0.4500, Current val acc: 0.4250, Val Loss: 1.0787
=====> Epoch: 3/300, Total_step: 117, lr: 0.001000, Total Time: 228.7702 s, Time this epoch: 104.8203 s
=====> Epoch: 3/300, Train Loss (train loader labels): 1.0796, Train acc (train loader labels): 0.4196, Best val acc: 0.4500, Current val acc: 0.4070, Val Loss: 1.0786
=====> Epoch: 3/300, Total_step: 128, lr: 0.001000, Total Time: 228.7702 s, Time this epoch: 104.8203 s
=====> Epoch: 3/300, Train Loss (train loader labels): 1.0845, Train acc (train loader labels): 0.4131, Best val acc: 0.4500, Current val acc: 0.4140, Val Loss: 1.0826
=====> Epoch: 3/300, Total_step: 139, lr: 0.001000, Total Time: 228.7702 s, Time this epoch: 104.8203 s
=====> Epoch: 3/300, Train Loss (train loader labels): 1.0758, Train acc (train loader labels): 0.4555, Best val acc: 0.4583, Current val acc: 0.4583, Val Loss: 1.0735
=====> Saving current model and best model
balance: False
selecting samples for epoch 4, ratio 0.1
=====> Epoch: 4/300, Total_step: 142, lr: 0.001000, Total Time: 334.7495 s, Time this epoch: 105.7234 s
=====> Epoch: 4/300, Train Loss (train loader labels): 1.0743, Train acc (train loader labels): 0.4506, Best val acc: 0.4583, Current val acc: 0.4470, Val Loss: 1.0724
=====> Epoch: 4/300, Total_step: 153, lr: 0.001000, Total Time: 334.7495 s, Time this epoch: 105.7234 s
=====> Epoch: 4/300, Train Loss (train loader labels): 1.0796, Train acc (train loader labels): 0.4356, Best val acc: 0.4583, Current val acc: 0.4410, Val Loss: 1.0762
=====> Epoch: 4/300, Total_step: 164, lr: 0.001000, Total Time: 334.7495 s, Time this epoch: 105.7234 s
=====> Epoch: 4/300, Train Loss (train loader labels): 1.0837, Train acc (train loader labels): 0.4229, Best val acc: 0.4583, Current val acc: 0.4257, Val Loss: 1.0825
=====> Epoch: 4/300, Total_step: 175, lr: 0.001000, Total Time: 334.7495 s, Time this epoch: 105.7234 s
=====> Epoch: 4/300, Train Loss (train loader labels): 1.0801, Train acc (train loader labels): 0.4249, Best val acc: 0.4583, Current val acc: 0.4387, Val Loss: 1.0782
=====> Epoch: 4/300, Total_step: 186, lr: 0.001000, Total Time: 334.7495 s, Time this epoch: 105.7234 s
=====> Epoch: 4/300, Train Loss (train loader labels): 1.0774, Train acc (train loader labels): 0.4368, Best val acc: 0.4583, Current val acc: 0.4347, Val Loss: 1.0764
=====> Saving current model and best model
balance: False
selecting samples for epoch 5, ratio 0.1
=====> Epoch: 5/300, Total_step: 189, lr: 0.001000, Total Time: 440.0647 s, Time this epoch: 105.1481 s
=====> Epoch: 5/300, Train Loss (train loader labels): 1.0778, Train acc (train loader labels): 0.4231, Best val acc: 0.4583, Current val acc: 0.4273, Val Loss: 1.0768
=====> Epoch: 5/300, Total_step: 200, lr: 0.001000, Total Time: 440.0647 s, Time this epoch: 105.1481 s
=====> Epoch: 5/300, Train Loss (train loader labels): 1.0801, Train acc (train loader labels): 0.4173, Best val acc: 0.4583, Current val acc: 0.4253, Val Loss: 1.0770
=====> Epoch: 5/300, Total_step: 211, lr: 0.001000, Total Time: 440.0647 s, Time this epoch: 105.1481 s
=====> Epoch: 5/300, Train Loss (train loader labels): 1.0814, Train acc (train loader labels): 0.4221, Best val acc: 0.4583, Current val acc: 0.4230, Val Loss: 1.0800
=====> Epoch: 5/300, Total_step: 222, lr: 0.001000, Total Time: 440.0647 s, Time this epoch: 105.1481 s
=====> Epoch: 5/300, Train Loss (train loader labels): 1.0789, Train acc (train loader labels): 0.4348, Best val acc: 0.4583, Current val acc: 0.4357, Val Loss: 1.0775
=====> Epoch: 5/300, Total_step: 233, lr: 0.001000, Total Time: 440.0647 s, Time this epoch: 105.1481 s
=====> Epoch: 5/300, Train Loss (train loader labels): 1.0794, Train acc (train loader labels): 0.4281, Best val acc: 0.4583, Current val acc: 0.4227, Val Loss: 1.0786
=====> Saving current model and best model
balance: False
selecting samples for epoch 6, ratio 0.1
=====> Epoch: 6/300, Total_step: 282, lr: 0.001000, Total Time: 545.3381 s, Time this epoch: 105.1005 s
=====> Epoch: 6/300, Train Loss (train loader labels): 1.0834, Train acc (train loader labels): 0.3955, Best val acc: 0.4583, Current val acc: 0.3923, Val Loss: 1.0826
=====> Saving current model and best model
balance: False
selecting samples for epoch 7, ratio 0.1
=====> Epoch: 7/300, Total_step: 329, lr: 0.001000, Total Time: 580.6209 s, Time this epoch: 35.1108 s
=====> Epoch: 7/300, Train Loss (train loader labels): 1.0822, Train acc (train loader labels): 0.4041, Best val acc: 0.4583, Current val acc: 0.4033, Val Loss: 1.0812
=====> Saving current model and best model
balance: False
selecting samples for epoch 8, ratio 0.1
=====> Epoch: 8/300, Total_step: 376, lr: 0.001000, Total Time: 615.9707 s, Time this epoch: 35.1100 s
=====> Epoch: 8/300, Train Loss (train loader labels): 1.0805, Train acc (train loader labels): 0.4177, Best val acc: 0.4583, Current val acc: 0.4157, Val Loss: 1.0795
=====> Saving current model and best model
balance: False
selecting samples for epoch 9, ratio 0.1
=====> Epoch: 9/300, Total_step: 423, lr: 0.001000, Total Time: 651.3066 s, Time this epoch: 35.1496 s
=====> Epoch: 9/300, Train Loss (train loader labels): 1.0784, Train acc (train loader labels): 0.4301, Best val acc: 0.4583, Current val acc: 0.4287, Val Loss: 1.0770
=====> Saving current model and best model
balance: False
selecting samples for epoch 10, ratio 0.1
=====> Epoch: 10/300, Total_step: 470, lr: 0.001000, Total Time: 686.6717 s, Time this epoch: 35.1841 s
=====> Epoch: 10/300, Train Loss (train loader labels): 1.0801, Train acc (train loader labels): 0.4275, Best val acc: 0.4583, Current val acc: 0.4273, Val Loss: 1.0788
=====> Saving current model and best model
balance: False
selecting samples for epoch 11, ratio 0.1
=====> Epoch: 11/300, Total_step: 517, lr: 0.001000, Total Time: 721.8288 s, Time this epoch: 34.9923 s
=====> Epoch: 11/300, Train Loss (train loader labels): 1.0799, Train acc (train loader labels): 0.4289, Best val acc: 0.4583, Current val acc: 0.4343, Val Loss: 1.0787
=====> Saving current model and best model
balance: False
selecting samples for epoch 12, ratio 0.1
=====> Epoch: 12/300, Total_step: 564, lr: 0.001000, Total Time: 757.1248 s, Time this epoch: 35.1110 s
=====> Epoch: 12/300, Train Loss (train loader labels): 1.0805, Train acc (train loader labels): 0.4175, Best val acc: 0.4583, Current val acc: 0.4280, Val Loss: 1.0792
=====> Saving current model and best model
balance: False
selecting samples for epoch 13, ratio 0.1
=====> Epoch: 13/300, Total_step: 611, lr: 0.001000, Total Time: 792.3594 s, Time this epoch: 35.0470 s
=====> Epoch: 13/300, Train Loss (train loader labels): 1.0826, Train acc (train loader labels): 0.4027, Best val acc: 0.4583, Current val acc: 0.4020, Val Loss: 1.0814
=====> Saving current model and best model
balance: False
selecting samples for epoch 14, ratio 0.1
=====> Epoch: 14/300, Total_step: 658, lr: 0.001000, Total Time: 827.6722 s, Time this epoch: 35.1162 s
=====> Epoch: 14/300, Train Loss (train loader labels): 1.0829, Train acc (train loader labels): 0.4077, Best val acc: 0.4583, Current val acc: 0.4140, Val Loss: 1.0825
=====> Saving current model and best model
balance: False
selecting samples for epoch 15, ratio 0.1
=====> Epoch: 15/300, Total_step: 705, lr: 0.001000, Total Time: 862.9217 s, Time this epoch: 35.0700 s
=====> Epoch: 15/300, Train Loss (train loader labels): 1.0772, Train acc (train loader labels): 0.4233, Best val acc: 0.4583, Current val acc: 0.4253, Val Loss: 1.0760
=====> Saving current model and best model
balance: False
selecting samples for epoch 16, ratio 0.1
=====> Epoch: 16/300, Total_step: 752, lr: 0.001000, Total Time: 898.2461 s, Time this epoch: 35.0915 s
=====> Epoch: 16/300, Train Loss (train loader labels): 1.0799, Train acc (train loader labels): 0.4169, Best val acc: 0.4583, Current val acc: 0.4227, Val Loss: 1.0781
=====> Saving current model and best model
balance: False
selecting samples for epoch 17, ratio 0.1
=====> Epoch: 17/300, Total_step: 799, lr: 0.001000, Total Time: 933.5094 s, Time this epoch: 35.0931 s
=====> Epoch: 17/300, Train Loss (train loader labels): 1.0789, Train acc (train loader labels): 0.4327, Best val acc: 0.4583, Current val acc: 0.4337, Val Loss: 1.0772
=====> Saving current model and best model
balance: False
selecting samples for epoch 18, ratio 0.1
=====> Epoch: 18/300, Total_step: 846, lr: 0.001000, Total Time: 968.9006 s, Time this epoch: 35.2245 s
=====> Epoch: 18/300, Train Loss (train loader labels): 1.0807, Train acc (train loader labels): 0.4081, Best val acc: 0.4583, Current val acc: 0.4163, Val Loss: 1.0790
=====> Saving current model and best model
balance: False
selecting samples for epoch 19, ratio 0.1
=====> Epoch: 19/300, Total_step: 893, lr: 0.001000, Total Time: 1004.2497 s, Time this epoch: 35.1784 s
=====> Epoch: 19/300, Train Loss (train loader labels): 1.0780, Train acc (train loader labels): 0.4231, Best val acc: 0.4583, Current val acc: 0.4263, Val Loss: 1.0760
=====> Saving current model and best model
balance: False
selecting samples for epoch 20, ratio 0.1
=====> Epoch: 20/300, Total_step: 940, lr: 0.001000, Total Time: 1039.8956 s, Time this epoch: 35.4721 s
=====> Epoch: 20/300, Train Loss (train loader labels): 1.0836, Train acc (train loader labels): 0.4051, Best val acc: 0.4583, Current val acc: 0.4130, Val Loss: 1.0809
=====> Saving current model and best model
balance: False
selecting samples for epoch 21, ratio 0.1
=====> Epoch: 21/300, Total_step: 987, lr: 0.001000, Total Time: 1075.4314 s, Time this epoch: 35.3598 s
=====> Epoch: 21/300, Train Loss (train loader labels): 1.0753, Train acc (train loader labels): 0.4323, Best val acc: 0.4583, Current val acc: 0.4370, Val Loss: 1.0735
=====> Saving current model and best model
balance: False
selecting samples for epoch 22, ratio 0.1
=====> Epoch: 22/300, Total_step: 1034, lr: 0.001000, Total Time: 1110.8184 s, Time this epoch: 35.2200 s
=====> Epoch: 22/300, Train Loss (train loader labels): 1.0798, Train acc (train loader labels): 0.4133, Best val acc: 0.4583, Current val acc: 0.4173, Val Loss: 1.0794
=====> Saving current model and best model
balance: False
selecting samples for epoch 23, ratio 0.1
=====> Epoch: 23/300, Total_step: 1081, lr: 0.001000, Total Time: 1146.1418 s, Time this epoch: 35.1502 s
=====> Epoch: 23/300, Train Loss (train loader labels): 1.0767, Train acc (train loader labels): 0.4358, Best val acc: 0.4583, Current val acc: 0.4413, Val Loss: 1.0744
=====> Saving current model and best model
balance: False
selecting samples for epoch 24, ratio 0.1
=====> Epoch: 24/300, Total_step: 1128, lr: 0.001000, Total Time: 1181.5530 s, Time this epoch: 35.2424 s
=====> Epoch: 24/300, Train Loss (train loader labels): 1.0776, Train acc (train loader labels): 0.4303, Best val acc: 0.4583, Current val acc: 0.4360, Val Loss: 1.0761
=====> Saving current model and best model
balance: False
selecting samples for epoch 25, ratio 0.1
=====> Epoch: 25/300, Total_step: 1175, lr: 0.001000, Total Time: 1216.9057 s, Time this epoch: 35.1520 s
=====> Epoch: 25/300, Train Loss (train loader labels): 1.0762, Train acc (train loader labels): 0.4441, Best val acc: 0.4583, Current val acc: 0.4470, Val Loss: 1.0746
=====> Saving current model and best model
balance: False
selecting samples for epoch 26, ratio 0.1
=====> Epoch: 26/300, Total_step: 1222, lr: 0.001000, Total Time: 1252.2647 s, Time this epoch: 35.1830 s
=====> Epoch: 26/300, Train Loss (train loader labels): 1.0783, Train acc (train loader labels): 0.4173, Best val acc: 0.4583, Current val acc: 0.4187, Val Loss: 1.0766
=====> Saving current model and best model
balance: False
selecting samples for epoch 27, ratio 0.1
=====> Saving current model and best model
balance: False
selecting samples for epoch 28, ratio 0.1
=====> Saving current model and best model
balance: False
selecting samples for epoch 29, ratio 0.1
=====> Epoch: 29/300, Total_step: 1363, lr: 0.001000, Total Time: 1321.5263 s, Time this epoch: 16.7681 s
=====> Epoch: 29/300, Train Loss (train loader labels): 1.0783, Train acc (train loader labels): 0.4287, Best val acc: 0.4583, Current val acc: 0.4413, Val Loss: 1.0754
=====> Saving current model and best model
balance: False
selecting samples for epoch 30, ratio 0.1
=====> Saving current model and best model
balance: False
selecting samples for epoch 31, ratio 0.1
=====> Saving current model and best model
balance: False
selecting samples for epoch 32, ratio 0.1
=====> Saving current model and best model
balance: False
selecting samples for epoch 33, ratio 0.1
=====> Epoch: 33/300, Total_step: 1551, lr: 0.001000, Total Time: 1407.8968 s, Time this epoch: 16.8384 s
=====> Epoch: 33/300, Train Loss (train loader labels): 1.0801, Train acc (train loader labels): 0.4065, Best val acc: 0.4583, Current val acc: 0.4147, Val Loss: 1.0784
=====> Saving current model and best model
balance: False
selecting samples for epoch 34, ratio 0.1
=====> Saving current model and best model
balance: False
selecting samples for epoch 35, ratio 0.1
=====> Saving current model and best model
balance: False
selecting samples for epoch 36, ratio 0.1
=====> Saving current model and best model
balance: False
selecting samples for epoch 37, ratio 0.1
=====> Epoch: 37/300, Total_step: 1739, lr: 0.001000, Total Time: 1494.4840 s, Time this epoch: 16.8219 s
=====> Epoch: 37/300, Train Loss (train loader labels): 1.0819, Train acc (train loader labels): 0.4094, Best val acc: 0.4583, Current val acc: 0.4130, Val Loss: 1.0806
=====> Saving current model and best model
balance: False
selecting samples for epoch 38, ratio 0.1
=====> Saving current model and best model
balance: False
selecting samples for epoch 39, ratio 0.1
=====> Saving current model and best model
balance: False
selecting samples for epoch 40, ratio 0.1
=====> Saving current model and best model
balance: False
selecting samples for epoch 41, ratio 0.1
=====> Epoch: 41/300, Total_step: 1927, lr: 0.001000, Total Time: 1580.9097 s, Time this epoch: 16.8553 s
=====> Epoch: 41/300, Train Loss (train loader labels): 1.0779, Train acc (train loader labels): 0.4172, Best val acc: 0.4583, Current val acc: 0.4197, Val Loss: 1.0774
=====> Saving current model and best model
balance: False
selecting samples for epoch 42, ratio 0.1
=====> Saving current model and best model
balance: False
selecting samples for epoch 43, ratio 0.1
=====> Saving current model and best model
balance: False
selecting samples for epoch 44, ratio 0.1
=====> Saving current model and best model
balance: False
selecting samples for epoch 45, ratio 0.1
=====> Epoch: 45/300, Total_step: 2115, lr: 0.001000, Total Time: 1667.2907 s, Time this epoch: 16.9104 s
=====> Epoch: 45/300, Train Loss (train loader labels): 1.0863, Train acc (train loader labels): 0.3887, Best val acc: 0.4583, Current val acc: 0.4003, Val Loss: 1.0851
=====> Saving current model and best model
balance: False
selecting samples for epoch 46, ratio 0.1
=====> Saving current model and best model
balance: False
selecting samples for epoch 47, ratio 0.1
=====> Saving current model and best model
balance: False
selecting samples for epoch 48, ratio 0.1
=====> Saving current model and best model
balance: False
selecting samples for epoch 49, ratio 0.1
=====> Epoch: 49/300, Total_step: 2303, lr: 0.001000, Total Time: 1753.3759 s, Time this epoch: 16.7521 s
=====> Epoch: 49/300, Train Loss (train loader labels): 1.0836, Train acc (train loader labels): 0.3976, Best val acc: 0.4583, Current val acc: 0.4177, Val Loss: 1.0811
=====> Saving current model and best model
balance: False
selecting samples for epoch 50, ratio 0.1
=====> Saving current model and best model
balance: False
selecting samples for epoch 51, ratio 0.1
=====> Saving current model and best model
balance: False
selecting samples for epoch 52, ratio 0.1
=====> Saving current model and best model
balance: False
selecting samples for epoch 53, ratio 0.1
=====> Epoch: 53/300, Total_step: 2491, lr: 0.001000, Total Time: 1839.7113 s, Time this epoch: 16.7736 s
=====> Epoch: 53/300, Train Loss (train loader labels): 1.0792, Train acc (train loader labels): 0.4186, Best val acc: 0.4583, Current val acc: 0.4173, Val Loss: 1.0782
=====> Saving current model and best model
balance: False
selecting samples for epoch 54, ratio 0.1
=====> Saving current model and best model
balance: False
selecting samples for epoch 55, ratio 0.1
=====> Saving current model and best model
balance: False
selecting samples for epoch 56, ratio 0.1
=====> Saving current model and best model
balance: False
selecting samples for epoch 57, ratio 0.1
=====> Epoch: 57/300, Total_step: 2679, lr: 0.001000, Total Time: 1926.5377 s, Time this epoch: 17.0743 s
=====> Epoch: 57/300, Train Loss (train loader labels): 1.0796, Train acc (train loader labels): 0.4237, Best val acc: 0.4583, Current val acc: 0.4223, Val Loss: 1.0798
=====> Saving current model and best model
balance: False
selecting samples for epoch 58, ratio 0.1
=====> Saving current model and best model
balance: False
selecting samples for epoch 59, ratio 0.1
=====> Saving current model and best model
balance: False
selecting samples for epoch 60, ratio 0.1
=====> Saving current model and best model
balance: False
selecting samples for epoch 61, ratio 0.1
=====> Epoch: 61/300, Total_step: 2867, lr: 0.001000, Total Time: 2013.0775 s, Time this epoch: 16.8315 s
=====> Epoch: 61/300, Train Loss (train loader labels): 1.0775, Train acc (train loader labels): 0.4299, Best val acc: 0.4583, Current val acc: 0.4387, Val Loss: 1.0763
=====> Saving current model and best model
balance: False
selecting samples for epoch 62, ratio 0.1
=====> Saving current model and best model
balance: False
selecting samples for epoch 63, ratio 0.1
=====> Saving current model and best model
balance: False
selecting samples for epoch 64, ratio 0.1
=====> Saving current model and best model
balance: False
selecting samples for epoch 65, ratio 0.1
=====> Epoch: 65/300, Total_step: 3055, lr: 0.001000, Total Time: 2099.1502 s, Time this epoch: 16.6847 s
=====> Epoch: 65/300, Train Loss (train loader labels): 1.0807, Train acc (train loader labels): 0.4047, Best val acc: 0.4583, Current val acc: 0.4010, Val Loss: 1.0791
=====> Saving current model and best model
balance: False
selecting samples for epoch 66, ratio 0.1
=====> Saving current model and best model
balance: False
selecting samples for epoch 67, ratio 0.1
=====> Saving current model and best model
balance: False
selecting samples for epoch 68, ratio 0.1
=====> Saving current model and best model
balance: False
selecting samples for epoch 69, ratio 0.1
=====> Saving current model and best model
balance: False
selecting samples for epoch 70, ratio 0.1
=====> Saving current model and best model
balance: False
selecting samples for epoch 71, ratio 0.1
=====> Saving current model and best model
balance: False
selecting samples for epoch 72, ratio 0.1
=====> Saving current model and best model
balance: False
selecting samples for epoch 73, ratio 0.1
=====> Saving current model and best model
balance: False
selecting samples for epoch 74, ratio 0.1
=====> Saving current model and best model
balance: False
selecting samples for epoch 75, ratio 0.1
=====> Saving current model and best model
balance: False
selecting samples for epoch 76, ratio 0.1
=====> Epoch: 76/300, Total_step: 3572, lr: 0.001000, Total Time: 2304.4449 s, Time this epoch: 16.8309 s
=====> Epoch: 76/300, Train Loss (train loader labels): 1.0789, Train acc (train loader labels): 0.4285, Best val acc: 0.4583, Current val acc: 0.4323, Val Loss: 1.0772
=====> Saving current model and best model
balance: False
selecting samples for epoch 77, ratio 0.1
=====> Saving current model and best model
balance: False
selecting samples for epoch 78, ratio 0.1
=====> Saving current model and best model
balance: False
selecting samples for epoch 79, ratio 0.1
=====> Saving current model and best model
balance: False
selecting samples for epoch 80, ratio 0.1
=====> Saving current model and best model
balance: False
selecting samples for epoch 81, ratio 0.1
=====> Saving current model and best model
balance: False
selecting samples for epoch 82, ratio 0.1
=====> Saving current model and best model
balance: False
selecting samples for epoch 83, ratio 0.1
=====> Saving current model and best model
balance: False
selecting samples for epoch 84, ratio 0.1
=====> Saving current model and best model
balance: False
selecting samples for epoch 85, ratio 0.1
=====> Saving current model and best model
balance: False
selecting samples for epoch 86, ratio 0.1
=====> Saving current model and best model
balance: False
selecting samples for epoch 87, ratio 0.1
=====> Saving current model and best model
balance: False
selecting samples for epoch 88, ratio 0.1
=====> Saving current model and best model
balance: False
selecting samples for epoch 89, ratio 0.1
=====> Saving current model and best model
balance: False
selecting samples for epoch 90, ratio 0.1
=====> Saving current model and best model
balance: False
selecting samples for epoch 91, ratio 0.1
=====> Epoch: 91/300, Total_step: 4277, lr: 0.001000, Total Time: 2577.7265 s, Time this epoch: 16.8083 s
=====> Epoch: 91/300, Train Loss (train loader labels): 1.0794, Train acc (train loader labels): 0.4192, Best val acc: 0.4583, Current val acc: 0.4237, Val Loss: 1.0783
=====> Saving current model and best model
balance: False
selecting samples for epoch 92, ratio 0.1
=====> Saving current model and best model
balance: False
selecting samples for epoch 93, ratio 0.1
=====> Saving current model and best model
balance: False
selecting samples for epoch 94, ratio 0.1
=====> Saving current model and best model
balance: False
selecting samples for epoch 95, ratio 0.1
=====> Saving current model and best model
balance: False
selecting samples for epoch 96, ratio 0.1
=====> Saving current model and best model
balance: False
selecting samples for epoch 97, ratio 0.1
=====> Saving current model and best model
balance: False
selecting samples for epoch 98, ratio 0.1
=====> Saving current model and best model
balance: False
selecting samples for epoch 99, ratio 0.1
=====> Saving current model and best model
balance: False
selecting samples for epoch 100, ratio 0.1
=====> Saving current model and best model
balance: False
selecting samples for epoch 101, ratio 0.1
=====> Saving current model and best model
balance: False
selecting samples for epoch 102, ratio 0.1
=====> Saving current model and best model
balance: False
selecting samples for epoch 103, ratio 0.1
=====> Saving current model and best model
balance: False
selecting samples for epoch 104, ratio 0.1
=====> Saving current model and best model
balance: False
selecting samples for epoch 105, ratio 0.1
=====> Saving current model and best model
balance: False
selecting samples for epoch 106, ratio 0.1
=====> Epoch: 106/300, Total_step: 4982, lr: 0.001000, Total Time: 2851.5403 s, Time this epoch: 16.7811 s
=====> Epoch: 106/300, Train Loss (train loader labels): 1.0820, Train acc (train loader labels): 0.4172, Best val acc: 0.4583, Current val acc: 0.4237, Val Loss: 1.0817
=====> Saving current model and best model
balance: False
selecting samples for epoch 107, ratio 0.1
=====> Saving current model and best model
balance: False
selecting samples for epoch 108, ratio 0.1
=====> Saving current model and best model
balance: False
selecting samples for epoch 109, ratio 0.1
=====> Saving current model and best model
balance: False
selecting samples for epoch 110, ratio 0.1
=====> Saving current model and best model
balance: False
selecting samples for epoch 111, ratio 0.1
=====> Saving current model and best model
balance: False
selecting samples for epoch 112, ratio 0.1
=====> Saving current model and best model
balance: False
selecting samples for epoch 113, ratio 0.1
=====> Saving current model and best model
balance: False
selecting samples for epoch 114, ratio 0.1
=====> Saving current model and best model
balance: False
selecting samples for epoch 115, ratio 0.1
=====> Saving current model and best model
balance: False
selecting samples for epoch 116, ratio 0.1
=====> Saving current model and best model
balance: False
selecting samples for epoch 117, ratio 0.1
=====> Saving current model and best model
balance: False
selecting samples for epoch 118, ratio 0.1
=====> Saving current model and best model
balance: False
selecting samples for epoch 119, ratio 0.1
=====> Saving current model and best model
balance: False
selecting samples for epoch 120, ratio 0.1
=====> Saving current model and best model
balance: False
selecting samples for epoch 121, ratio 0.1
=====> Epoch: 121/300, Total_step: 5687, lr: 0.001000, Total Time: 3124.4810 s, Time this epoch: 16.7932 s
=====> Epoch: 121/300, Train Loss (train loader labels): 1.0783, Train acc (train loader labels): 0.4301, Best val acc: 0.4583, Current val acc: 0.4457, Val Loss: 1.0760
=====> Saving current model and best model
balance: False
selecting samples for epoch 122, ratio 0.1
=====> Saving current model and best model
balance: False
selecting samples for epoch 123, ratio 0.1
=====> Saving current model and best model
balance: False
selecting samples for epoch 124, ratio 0.1
=====> Saving current model and best model
balance: False
selecting samples for epoch 125, ratio 0.1
=====> Saving current model and best model
balance: False
selecting samples for epoch 126, ratio 0.1
=====> Saving current model and best model
balance: False
selecting samples for epoch 127, ratio 0.1
=====> Saving current model and best model
balance: False
selecting samples for epoch 128, ratio 0.1
=====> Saving current model and best model
balance: False
selecting samples for epoch 129, ratio 0.1
=====> Saving current model and best model
balance: False
selecting samples for epoch 130, ratio 0.1
=====> Saving current model and best model
balance: False
selecting samples for epoch 131, ratio 0.1
=====> Saving current model and best model
balance: False
selecting samples for epoch 132, ratio 0.1
=====> Saving current model and best model
balance: False
selecting samples for epoch 133, ratio 0.1
=====> Saving current model and best model
balance: False
selecting samples for epoch 134, ratio 0.1
=====> Saving current model and best model
balance: False
selecting samples for epoch 135, ratio 0.1
=====> Saving current model and best model
balance: False
selecting samples for epoch 136, ratio 0.1
=====> Epoch: 136/300, Total_step: 6392, lr: 0.001000, Total Time: 3397.8578 s, Time this epoch: 16.7887 s
=====> Epoch: 136/300, Train Loss (train loader labels): 1.0805, Train acc (train loader labels): 0.4108, Best val acc: 0.4583, Current val acc: 0.4090, Val Loss: 1.0803
=====> Saving current model and best model
balance: False
selecting samples for epoch 137, ratio 0.1
=====> Saving current model and best model
balance: False
selecting samples for epoch 138, ratio 0.1
=====> Saving current model and best model
balance: False
selecting samples for epoch 139, ratio 0.1
=====> Saving current model and best model
balance: False
selecting samples for epoch 140, ratio 0.1
=====> Saving current model and best model
balance: False
selecting samples for epoch 141, ratio 0.1
=====> Saving current model and best model
balance: False
selecting samples for epoch 142, ratio 0.1
=====> Saving current model and best model
balance: False
selecting samples for epoch 143, ratio 0.1
=====> Saving current model and best model
balance: False
selecting samples for epoch 144, ratio 0.1
=====> Saving current model and best model
balance: False
selecting samples for epoch 145, ratio 0.1
=====> Saving current model and best model
balance: False
selecting samples for epoch 146, ratio 0.1
=====> Saving current model and best model
balance: False
selecting samples for epoch 147, ratio 0.1
=====> Saving current model and best model
balance: False
selecting samples for epoch 148, ratio 0.1
=====> Saving current model and best model
balance: False
selecting samples for epoch 149, ratio 0.1
=====> Saving current model and best model
balance: False
selecting samples for epoch 150, ratio 0.1
=====> Saving current model and best model
balance: False
selecting samples for epoch 151, ratio 0.1
=====> Epoch: 151/300, Total_step: 7097, lr: 0.001000, Total Time: 3671.5665 s, Time this epoch: 16.8565 s
=====> Epoch: 151/300, Train Loss (train loader labels): 1.0789, Train acc (train loader labels): 0.4185, Best val acc: 0.4583, Current val acc: 0.4213, Val Loss: 1.0777
=====> Saving current model and best model
balance: False
selecting samples for epoch 152, ratio 0.1
=====> Saving current model and best model
balance: False
selecting samples for epoch 153, ratio 0.1
=====> Saving current model and best model
balance: False
selecting samples for epoch 154, ratio 0.1
=====> Saving current model and best model
balance: False
selecting samples for epoch 155, ratio 0.1
=====> Saving current model and best model
balance: False
selecting samples for epoch 156, ratio 0.1
=====> Saving current model and best model
balance: False
selecting samples for epoch 157, ratio 0.1
=====> Saving current model and best model
balance: False
selecting samples for epoch 158, ratio 0.1
=====> Saving current model and best model
balance: False
selecting samples for epoch 159, ratio 0.1
=====> Saving current model and best model
balance: False
selecting samples for epoch 160, ratio 0.1
=====> Saving current model and best model
balance: False
selecting samples for epoch 161, ratio 0.1
=====> Saving current model and best model
balance: False
selecting samples for epoch 162, ratio 0.1
=====> Saving current model and best model
balance: False
selecting samples for epoch 163, ratio 0.1
=====> Saving current model and best model
balance: False
selecting samples for epoch 164, ratio 0.1
=====> Saving current model and best model
balance: False
selecting samples for epoch 165, ratio 0.1
=====> Saving current model and best model
balance: False
selecting samples for epoch 166, ratio 0.1
=====> Epoch: 166/300, Total_step: 7802, lr: 0.001000, Total Time: 3945.0368 s, Time this epoch: 16.7588 s
=====> Epoch: 166/300, Train Loss (train loader labels): 1.0724, Train acc (train loader labels): 0.4513, Best val acc: 0.4600, Current val acc: 0.4600, Val Loss: 1.0701
=====> Saving current model and best model
balance: False
selecting samples for epoch 167, ratio 0.1
=====> Saving current model and best model
balance: False
selecting samples for epoch 168, ratio 0.1
=====> Saving current model and best model
balance: False
selecting samples for epoch 169, ratio 0.1
=====> Saving current model and best model
balance: False
selecting samples for epoch 170, ratio 0.1
=====> Saving current model and best model
balance: False
selecting samples for epoch 171, ratio 0.1
=====> Saving current model and best model
balance: False
selecting samples for epoch 172, ratio 0.1
=====> Saving current model and best model
balance: False
selecting samples for epoch 173, ratio 0.1
=====> Saving current model and best model
balance: False
selecting samples for epoch 174, ratio 0.1
=====> Saving current model and best model
balance: False
selecting samples for epoch 175, ratio 0.1
=====> Saving current model and best model
balance: False
selecting samples for epoch 176, ratio 0.1
=====> Saving current model and best model
balance: False
selecting samples for epoch 177, ratio 0.1
=====> Saving current model and best model
balance: False
selecting samples for epoch 178, ratio 0.1
=====> Saving current model and best model
balance: False
selecting samples for epoch 179, ratio 0.1
=====> Saving current model and best model
balance: False
selecting samples for epoch 180, ratio 0.1
=====> Saving current model and best model
balance: False
selecting samples for epoch 181, ratio 0.1
=====> Epoch: 181/300, Total_step: 8507, lr: 0.001000, Total Time: 4220.3763 s, Time this epoch: 16.9238 s
=====> Epoch: 181/300, Train Loss (train loader labels): 1.0760, Train acc (train loader labels): 0.4343, Best val acc: 0.4600, Current val acc: 0.4377, Val Loss: 1.0751
=====> Saving current model and best model
balance: False
selecting samples for epoch 182, ratio 0.1
=====> Saving current model and best model
balance: False
selecting samples for epoch 183, ratio 0.1
=====> Saving current model and best model
balance: False
selecting samples for epoch 184, ratio 0.1
=====> Saving current model and best model
balance: False
selecting samples for epoch 185, ratio 0.1
=====> Saving current model and best model
balance: False
selecting samples for epoch 186, ratio 0.1
=====> Saving current model and best model
balance: False
selecting samples for epoch 187, ratio 0.1
=====> Saving current model and best model
balance: False
selecting samples for epoch 188, ratio 0.1
=====> Saving current model and best model
balance: False
selecting samples for epoch 189, ratio 0.1
=====> Saving current model and best model
balance: False
selecting samples for epoch 190, ratio 0.1
=====> Saving current model and best model
balance: False
selecting samples for epoch 191, ratio 0.1
=====> Saving current model and best model
balance: False
selecting samples for epoch 192, ratio 0.1
=====> Saving current model and best model
balance: False
selecting samples for epoch 193, ratio 0.1
=====> Saving current model and best model
balance: False
selecting samples for epoch 194, ratio 0.1
=====> Saving current model and best model
balance: False
selecting samples for epoch 195, ratio 0.1
=====> Saving current model and best model
balance: False
selecting samples for epoch 196, ratio 0.1
=====> Epoch: 196/300, Total_step: 9212, lr: 0.001000, Total Time: 4495.5485 s, Time this epoch: 16.9973 s
=====> Epoch: 196/300, Train Loss (train loader labels): 1.0772, Train acc (train loader labels): 0.4129, Best val acc: 0.4600, Current val acc: 0.4203, Val Loss: 1.0759
=====> Saving current model and best model
balance: False
selecting samples for epoch 197, ratio 0.1
=====> Saving current model and best model
balance: False
selecting samples for epoch 198, ratio 0.1
=====> Saving current model and best model
balance: False
selecting samples for epoch 199, ratio 0.1
=====> Saving current model and best model
balance: False
selecting samples for epoch 200, ratio 0.1
=====> Saving current model and best model
balance: False
selecting samples for epoch 201, ratio 0.1
=====> Saving current model and best model
balance: False
selecting samples for epoch 202, ratio 0.1
=====> Saving current model and best model
balance: False
selecting samples for epoch 203, ratio 0.1
=====> Saving current model and best model
balance: False
selecting samples for epoch 204, ratio 0.1
=====> Saving current model and best model
balance: False
selecting samples for epoch 205, ratio 0.1
=====> Saving current model and best model
balance: False
selecting samples for epoch 206, ratio 0.1
=====> Saving current model and best model
balance: False
selecting samples for epoch 207, ratio 0.1
=====> Saving current model and best model
balance: False
selecting samples for epoch 208, ratio 0.1
=====> Saving current model and best model
balance: False
selecting samples for epoch 209, ratio 0.1
=====> Saving current model and best model
balance: False
selecting samples for epoch 210, ratio 0.1
=====> Saving current model and best model
balance: False
selecting samples for epoch 211, ratio 0.1
=====> Epoch: 211/300, Total_step: 9917, lr: 0.001000, Total Time: 4770.9657 s, Time this epoch: 16.8140 s
=====> Epoch: 211/300, Train Loss (train loader labels): 1.0774, Train acc (train loader labels): 0.4255, Best val acc: 0.4600, Current val acc: 0.4337, Val Loss: 1.0758
=====> Saving current model and best model
balance: False
selecting samples for epoch 212, ratio 0.1
=====> Saving current model and best model
balance: False
selecting samples for epoch 213, ratio 0.1
=====> Saving current model and best model
balance: False
selecting samples for epoch 214, ratio 0.1
=====> Saving current model and best model
balance: False
selecting samples for epoch 215, ratio 0.1
=====> Saving current model and best model
balance: False
selecting samples for epoch 216, ratio 0.1
=====> Saving current model and best model
balance: False
selecting samples for epoch 217, ratio 0.1
=====> Saving current model and best model
balance: False
selecting samples for epoch 218, ratio 0.1
=====> Saving current model and best model
balance: False
selecting samples for epoch 219, ratio 0.1
=====> Saving current model and best model
balance: False
selecting samples for epoch 220, ratio 0.1
=====> Saving current model and best model
balance: False
selecting samples for epoch 221, ratio 0.1
=====> Saving current model and best model
balance: False
selecting samples for epoch 222, ratio 0.1
=====> Saving current model and best model
balance: False
selecting samples for epoch 223, ratio 0.1
=====> Saving current model and best model
balance: False
selecting samples for epoch 224, ratio 0.1
=====> Saving current model and best model
balance: False
selecting samples for epoch 225, ratio 0.1
=====> Saving current model and best model
balance: False
selecting samples for epoch 226, ratio 0.1
=====> Epoch: 226/300, Total_step: 10622, lr: 0.001000, Total Time: 5046.1289 s, Time this epoch: 16.8209 s
=====> Epoch: 226/300, Train Loss (train loader labels): 1.0781, Train acc (train loader labels): 0.4209, Best val acc: 0.4600, Current val acc: 0.4313, Val Loss: 1.0755
=====> Saving current model and best model
balance: False
selecting samples for epoch 227, ratio 0.1
=====> Saving current model and best model
balance: False
selecting samples for epoch 228, ratio 0.1
=====> Saving current model and best model
balance: False
selecting samples for epoch 229, ratio 0.1
=====> Saving current model and best model
balance: False
selecting samples for epoch 230, ratio 0.1
=====> Saving current model and best model
balance: False
selecting samples for epoch 231, ratio 0.1
=====> Saving current model and best model
balance: False
selecting samples for epoch 232, ratio 0.1
=====> Saving current model and best model
balance: False
selecting samples for epoch 233, ratio 0.1
=====> Saving current model and best model
balance: False
selecting samples for epoch 234, ratio 0.1
=====> Saving current model and best model
balance: False
selecting samples for epoch 235, ratio 0.1
=====> Saving current model and best model
balance: False
selecting samples for epoch 236, ratio 0.1
=====> Saving current model and best model
balance: False
selecting samples for epoch 237, ratio 0.1
=====> Saving current model and best model
balance: False
selecting samples for epoch 238, ratio 0.1
=====> Saving current model and best model
balance: False
selecting samples for epoch 239, ratio 0.1
=====> Saving current model and best model
balance: False
selecting samples for epoch 240, ratio 0.1
=====> Saving current model and best model
balance: False
selecting samples for epoch 241, ratio 0.1
=====> Epoch: 241/300, Total_step: 11327, lr: 0.001000, Total Time: 5320.2254 s, Time this epoch: 16.8987 s
=====> Epoch: 241/300, Train Loss (train loader labels): 1.0764, Train acc (train loader labels): 0.4279, Best val acc: 0.4600, Current val acc: 0.4393, Val Loss: 1.0742
=====> Saving current model and best model
balance: False
selecting samples for epoch 242, ratio 0.1
=====> Saving current model and best model
balance: False
selecting samples for epoch 243, ratio 0.1
=====> Saving current model and best model
balance: False
selecting samples for epoch 244, ratio 0.1
=====> Saving current model and best model
balance: False
selecting samples for epoch 245, ratio 0.1
=====> Saving current model and best model
balance: False
selecting samples for epoch 246, ratio 0.1
=====> Saving current model and best model
balance: False
selecting samples for epoch 247, ratio 0.1
=====> Saving current model and best model
balance: False
selecting samples for epoch 248, ratio 0.1
=====> Saving current model and best model
balance: False
selecting samples for epoch 249, ratio 0.1
=====> Saving current model and best model
balance: False
selecting samples for epoch 250, ratio 0.1
=====> Saving current model and best model
balance: False
selecting samples for epoch 251, ratio 0.1
=====> Saving current model and best model
balance: False
selecting samples for epoch 252, ratio 0.1
=====> Saving current model and best model
balance: False
selecting samples for epoch 253, ratio 0.1
=====> Saving current model and best model
balance: False
selecting samples for epoch 254, ratio 0.1
=====> Saving current model and best model
balance: False
selecting samples for epoch 255, ratio 0.1
=====> Saving current model and best model
balance: False
selecting samples for epoch 256, ratio 0.1
=====> Epoch: 256/300, Total_step: 12032, lr: 0.001000, Total Time: 5595.5853 s, Time this epoch: 16.8408 s
=====> Epoch: 256/300, Train Loss (train loader labels): 1.0788, Train acc (train loader labels): 0.4113, Best val acc: 0.4600, Current val acc: 0.4230, Val Loss: 1.0776
=====> Saving current model and best model
balance: False
selecting samples for epoch 257, ratio 0.1
=====> Saving current model and best model
balance: False
selecting samples for epoch 258, ratio 0.1
=====> Saving current model and best model
balance: False
selecting samples for epoch 259, ratio 0.1
=====> Saving current model and best model
balance: False
selecting samples for epoch 260, ratio 0.1
=====> Saving current model and best model
balance: False
selecting samples for epoch 261, ratio 0.1
=====> Saving current model and best model
balance: False
selecting samples for epoch 262, ratio 0.1
=====> Saving current model and best model
balance: False
selecting samples for epoch 263, ratio 0.1
=====> Saving current model and best model
balance: False
selecting samples for epoch 264, ratio 0.1
=====> Saving current model and best model
balance: False
selecting samples for epoch 265, ratio 0.1
=====> Saving current model and best model
balance: False
selecting samples for epoch 266, ratio 0.1
=====> Saving current model and best model
balance: False
selecting samples for epoch 267, ratio 0.1
=====> Saving current model and best model
balance: False
selecting samples for epoch 268, ratio 0.1
=====> Saving current model and best model
balance: False
selecting samples for epoch 269, ratio 0.1
=====> Saving current model and best model
balance: False
selecting samples for epoch 270, ratio 0.1
=====> Saving current model and best model
balance: False
selecting samples for epoch 271, ratio 0.1
=====> Epoch: 271/300, Total_step: 12737, lr: 0.001000, Total Time: 5870.3304 s, Time this epoch: 16.9540 s
=====> Epoch: 271/300, Train Loss (train loader labels): 1.0785, Train acc (train loader labels): 0.4130, Best val acc: 0.4600, Current val acc: 0.4217, Val Loss: 1.0775
=====> Saving current model and best model
balance: False
selecting samples for epoch 272, ratio 0.1
=====> Saving current model and best model
balance: False
selecting samples for epoch 273, ratio 0.1
=====> Saving current model and best model
balance: False
selecting samples for epoch 274, ratio 0.1
=====> Saving current model and best model
balance: False
selecting samples for epoch 275, ratio 0.1
=====> Saving current model and best model
balance: False
selecting samples for epoch 276, ratio 0.1
=====> Saving current model and best model
balance: False
selecting samples for epoch 277, ratio 0.1
=====> Saving current model and best model
balance: False
selecting samples for epoch 278, ratio 0.1
=====> Saving current model and best model
balance: False
selecting samples for epoch 279, ratio 0.1
=====> Saving current model and best model
balance: False
selecting samples for epoch 280, ratio 0.1
=====> Saving current model and best model
balance: False
selecting samples for epoch 281, ratio 0.1
=====> Saving current model and best model
balance: False
selecting samples for epoch 282, ratio 0.1
=====> Saving current model and best model
balance: False
selecting samples for epoch 283, ratio 0.1
=====> Saving current model and best model
balance: False
selecting samples for epoch 284, ratio 0.1
=====> Saving current model and best model
balance: False
selecting samples for epoch 285, ratio 0.1
=====> Saving current model and best model
balance: False
selecting samples for epoch 286, ratio 0.1
=====> Epoch: 286/300, Total_step: 13442, lr: 0.001000, Total Time: 6146.1952 s, Time this epoch: 16.8680 s
=====> Epoch: 286/300, Train Loss (train loader labels): 1.0790, Train acc (train loader labels): 0.4165, Best val acc: 0.4600, Current val acc: 0.4267, Val Loss: 1.0776
=====> Saving current model and best model
balance: False
selecting samples for epoch 287, ratio 0.1
=====> Saving current model and best model
balance: False
selecting samples for epoch 288, ratio 0.1
=====> Saving current model and best model
balance: False
selecting samples for epoch 289, ratio 0.1
=====> Saving current model and best model
balance: False
selecting samples for epoch 290, ratio 0.1
=====> Saving current model and best model
balance: False
selecting samples for epoch 291, ratio 0.1
=====> Saving current model and best model
balance: False
selecting samples for epoch 292, ratio 0.1
=====> Saving current model and best model
balance: False
selecting samples for epoch 293, ratio 0.1
=====> Saving current model and best model
balance: False
selecting samples for epoch 294, ratio 0.1
=====> Saving current model and best model
balance: False
selecting samples for epoch 295, ratio 0.1
=====> Saving current model and best model
balance: False
selecting samples for epoch 296, ratio 0.1
=====> Saving current model and best model
balance: False
selecting samples for epoch 297, ratio 0.1
=====> Saving current model and best model
balance: False
selecting samples for epoch 298, ratio 0.1
=====> Saving current model and best model
balance: False
selecting samples for epoch 299, ratio 0.1
=====> Saving current model and best model
balance: False
selecting samples for epoch 300, ratio 0.1
=====> Epoch: 300/300, Total_step: 14100, lr: 0.001000, Total Time: 6403.5006 s, Time this epoch: 16.8894 s
=====> Epoch: 300/300, Train Loss (train loader labels): 1.0794, Train acc (train loader labels): 0.4182, Best val acc: 0.4600, Current val acc: 0.4273, Val Loss: 1.0774
=====> Saving current model and best model
Saved helper snapshots to /home/mward19/Documents/miller/Online-Batch-Selection/snapshots/CIFAR3/{"bsel":"RhoLoss","seed":1,"model":"DeepLinear","opt":"adamw","bs":320,"ratio":0.1,"lr":0.001,"wd":0.01,"layers":3,"hidden_dim":1000}.p
Saved selected points array to /home/mward19/Documents/miller/Online-Batch-Selection/selected_points/CIFAR3/{"bsel":"RhoLoss","seed":1,"model":"DeepLinear","opt":"adamw","bs":320,"ratio":0.1,"lr":0.001,"wd":0.01,"layers":3,"hidden_dim":1000}.npy
========================= End Main =========================
