save_dir: ./exp/CIFAR3/Bayesian_deeplinear_bs320_ep300_lr0.001_AdamW_constant_seed2_r0.1_5_hidden
=====> Loading config files: 
configs/cifar3/method/bayesian-0.1.yaml
configs/cifar3/data/cifar3.yaml
configs/cifar3/model/deep_linear_saxe/deep_linear_5.yaml
configs/cifar3/optim/adamw-320-0.001-0.01.yaml
configs/diagnostics/snapshots_log_interval.yaml
=====> Config files loaded.
========================= Start Main =========================
=====> Saving config file
=====> Config file saved
=====> Using fixed random seed: 2
=====> Wandb initialized
=====> Number of GPUs: 1
Creating Bayesian...
=====> Start teacher Validation
=====> teacher Test Accuracy: 0.7280
Cached teacher losses for 15000 samples in dataset.
Begin training for Bayesian...
=====> Epoch: 0/300, Total_step: 0, lr: 0.001000, Total Time: 0.0000 s, Time this epoch: 0.0000 s
=====> Epoch: 0/300, Train Loss (train loader labels): 1.1011, Train acc (train loader labels): 0.3148, Best val acc: 0.3107, Current val acc: 0.3107, Val Loss: 1.1014
balance: False
selecting samples for epoch 1, ratio 0.1
=====> Epoch: 1/300, Total_step: 1, lr: 0.001000, Total Time: 0.0000 s, Time this epoch: 0.0000 s
=====> Epoch: 1/300, Train Loss (train loader labels): 1.4989, Train acc (train loader labels): 0.3617, Best val acc: 0.3517, Current val acc: 0.3517, Val Loss: 1.5089
=====> Epoch: 1/300, Total_step: 12, lr: 0.001000, Total Time: 0.0000 s, Time this epoch: 0.0000 s
=====> Epoch: 1/300, Train Loss (train loader labels): 1.7175, Train acc (train loader labels): 0.3043, Best val acc: 0.3517, Current val acc: 0.2970, Val Loss: 1.7238
=====> Epoch: 1/300, Total_step: 23, lr: 0.001000, Total Time: 0.0000 s, Time this epoch: 0.0000 s
=====> Epoch: 1/300, Train Loss (train loader labels): 1.1677, Train acc (train loader labels): 0.3601, Best val acc: 0.3517, Current val acc: 0.3447, Val Loss: 1.1744
=====> Epoch: 1/300, Total_step: 34, lr: 0.001000, Total Time: 0.0000 s, Time this epoch: 0.0000 s
=====> Epoch: 1/300, Train Loss (train loader labels): 1.1596, Train acc (train loader labels): 0.2738, Best val acc: 0.3517, Current val acc: 0.2917, Val Loss: 1.1534
=====> Epoch: 1/300, Total_step: 45, lr: 0.001000, Total Time: 0.0000 s, Time this epoch: 0.0000 s
=====> Epoch: 1/300, Train Loss (train loader labels): 1.0805, Train acc (train loader labels): 0.4253, Best val acc: 0.4313, Current val acc: 0.4313, Val Loss: 1.0774
=====> Saving current model and best model
balance: False
selecting samples for epoch 2, ratio 0.1
=====> Epoch: 2/300, Total_step: 48, lr: 0.001000, Total Time: 129.7518 s, Time this epoch: 110.3921 s
=====> Epoch: 2/300, Train Loss (train loader labels): 1.0781, Train acc (train loader labels): 0.4184, Best val acc: 0.4313, Current val acc: 0.4253, Val Loss: 1.0758
=====> Epoch: 2/300, Total_step: 59, lr: 0.001000, Total Time: 129.7518 s, Time this epoch: 110.3921 s
=====> Epoch: 2/300, Train Loss (train loader labels): 1.0937, Train acc (train loader labels): 0.3850, Best val acc: 0.4313, Current val acc: 0.3800, Val Loss: 1.0920
=====> Epoch: 2/300, Total_step: 70, lr: 0.001000, Total Time: 129.7518 s, Time this epoch: 110.3921 s
=====> Epoch: 2/300, Train Loss (train loader labels): 1.0863, Train acc (train loader labels): 0.3897, Best val acc: 0.4313, Current val acc: 0.3843, Val Loss: 1.0857
=====> Epoch: 2/300, Total_step: 81, lr: 0.001000, Total Time: 129.7518 s, Time this epoch: 110.3921 s
=====> Epoch: 2/300, Train Loss (train loader labels): 1.0840, Train acc (train loader labels): 0.4023, Best val acc: 0.4313, Current val acc: 0.4080, Val Loss: 1.0823
=====> Epoch: 2/300, Total_step: 92, lr: 0.001000, Total Time: 129.7518 s, Time this epoch: 110.3921 s
=====> Epoch: 2/300, Train Loss (train loader labels): 1.0839, Train acc (train loader labels): 0.3873, Best val acc: 0.4313, Current val acc: 0.3950, Val Loss: 1.0827
=====> Saving current model and best model
balance: False
selecting samples for epoch 3, ratio 0.1
=====> Epoch: 3/300, Total_step: 95, lr: 0.001000, Total Time: 240.9969 s, Time this epoch: 110.9682 s
=====> Epoch: 3/300, Train Loss (train loader labels): 1.0847, Train acc (train loader labels): 0.3756, Best val acc: 0.4313, Current val acc: 0.3837, Val Loss: 1.0834
=====> Epoch: 3/300, Total_step: 106, lr: 0.001000, Total Time: 240.9969 s, Time this epoch: 110.9682 s
=====> Epoch: 3/300, Train Loss (train loader labels): 1.0828, Train acc (train loader labels): 0.3841, Best val acc: 0.4313, Current val acc: 0.3877, Val Loss: 1.0813
=====> Epoch: 3/300, Total_step: 117, lr: 0.001000, Total Time: 240.9969 s, Time this epoch: 110.9682 s
=====> Epoch: 3/300, Train Loss (train loader labels): 1.0762, Train acc (train loader labels): 0.4231, Best val acc: 0.4313, Current val acc: 0.4260, Val Loss: 1.0750
=====> Epoch: 3/300, Total_step: 128, lr: 0.001000, Total Time: 240.9969 s, Time this epoch: 110.9682 s
=====> Epoch: 3/300, Train Loss (train loader labels): 1.0798, Train acc (train loader labels): 0.4126, Best val acc: 0.4313, Current val acc: 0.4247, Val Loss: 1.0778
=====> Epoch: 3/300, Total_step: 139, lr: 0.001000, Total Time: 240.9969 s, Time this epoch: 110.9682 s
=====> Epoch: 3/300, Train Loss (train loader labels): 1.0772, Train acc (train loader labels): 0.4271, Best val acc: 0.4313, Current val acc: 0.4207, Val Loss: 1.0762
=====> Saving current model and best model
balance: False
selecting samples for epoch 4, ratio 0.1
=====> Epoch: 4/300, Total_step: 142, lr: 0.001000, Total Time: 352.0095 s, Time this epoch: 110.7765 s
=====> Epoch: 4/300, Train Loss (train loader labels): 1.0799, Train acc (train loader labels): 0.4117, Best val acc: 0.4313, Current val acc: 0.4103, Val Loss: 1.0789
=====> Epoch: 4/300, Total_step: 153, lr: 0.001000, Total Time: 352.0095 s, Time this epoch: 110.7765 s
=====> Epoch: 4/300, Train Loss (train loader labels): 1.0780, Train acc (train loader labels): 0.4270, Best val acc: 0.4313, Current val acc: 0.4277, Val Loss: 1.0758
=====> Epoch: 4/300, Total_step: 164, lr: 0.001000, Total Time: 352.0095 s, Time this epoch: 110.7765 s
=====> Epoch: 4/300, Train Loss (train loader labels): 1.0797, Train acc (train loader labels): 0.4191, Best val acc: 0.4313, Current val acc: 0.4250, Val Loss: 1.0778
=====> Epoch: 4/300, Total_step: 175, lr: 0.001000, Total Time: 352.0095 s, Time this epoch: 110.7765 s
=====> Epoch: 4/300, Train Loss (train loader labels): 1.0783, Train acc (train loader labels): 0.4232, Best val acc: 0.4323, Current val acc: 0.4323, Val Loss: 1.0761
=====> Epoch: 4/300, Total_step: 186, lr: 0.001000, Total Time: 352.0095 s, Time this epoch: 110.7765 s
=====> Epoch: 4/300, Train Loss (train loader labels): 1.0819, Train acc (train loader labels): 0.3963, Best val acc: 0.4323, Current val acc: 0.4080, Val Loss: 1.0802
=====> Saving current model and best model
balance: False
selecting samples for epoch 5, ratio 0.1
=====> Epoch: 5/300, Total_step: 189, lr: 0.001000, Total Time: 462.8264 s, Time this epoch: 110.5848 s
=====> Epoch: 5/300, Train Loss (train loader labels): 1.0830, Train acc (train loader labels): 0.3888, Best val acc: 0.4323, Current val acc: 0.4020, Val Loss: 1.0816
=====> Epoch: 5/300, Total_step: 200, lr: 0.001000, Total Time: 462.8264 s, Time this epoch: 110.5848 s
=====> Epoch: 5/300, Train Loss (train loader labels): 1.0773, Train acc (train loader labels): 0.4242, Best val acc: 0.4323, Current val acc: 0.4323, Val Loss: 1.0754
=====> Epoch: 5/300, Total_step: 211, lr: 0.001000, Total Time: 462.8264 s, Time this epoch: 110.5848 s
=====> Epoch: 5/300, Train Loss (train loader labels): 1.0817, Train acc (train loader labels): 0.4269, Best val acc: 0.4323, Current val acc: 0.4290, Val Loss: 1.0791
=====> Epoch: 5/300, Total_step: 222, lr: 0.001000, Total Time: 462.8264 s, Time this epoch: 110.5848 s
=====> Epoch: 5/300, Train Loss (train loader labels): 1.0807, Train acc (train loader labels): 0.4023, Best val acc: 0.4323, Current val acc: 0.4083, Val Loss: 1.0793
=====> Epoch: 5/300, Total_step: 233, lr: 0.001000, Total Time: 462.8264 s, Time this epoch: 110.5848 s
=====> Epoch: 5/300, Train Loss (train loader labels): 1.0771, Train acc (train loader labels): 0.4305, Best val acc: 0.4353, Current val acc: 0.4353, Val Loss: 1.0748
=====> Saving current model and best model
balance: False
selecting samples for epoch 6, ratio 0.1
=====> Epoch: 6/300, Total_step: 282, lr: 0.001000, Total Time: 573.8734 s, Time this epoch: 110.8157 s
=====> Epoch: 6/300, Train Loss (train loader labels): 1.0798, Train acc (train loader labels): 0.4147, Best val acc: 0.4353, Current val acc: 0.4203, Val Loss: 1.0781
=====> Saving current model and best model
balance: False
selecting samples for epoch 7, ratio 0.1
=====> Epoch: 7/300, Total_step: 329, lr: 0.001000, Total Time: 610.7856 s, Time this epoch: 36.6692 s
=====> Epoch: 7/300, Train Loss (train loader labels): 1.0816, Train acc (train loader labels): 0.4189, Best val acc: 0.4353, Current val acc: 0.4310, Val Loss: 1.0789
=====> Saving current model and best model
balance: False
selecting samples for epoch 8, ratio 0.1
=====> Epoch: 8/300, Total_step: 376, lr: 0.001000, Total Time: 647.6673 s, Time this epoch: 36.6167 s
=====> Epoch: 8/300, Train Loss (train loader labels): 1.0828, Train acc (train loader labels): 0.3937, Best val acc: 0.4353, Current val acc: 0.4023, Val Loss: 1.0806
=====> Saving current model and best model
balance: False
selecting samples for epoch 9, ratio 0.1
=====> Epoch: 9/300, Total_step: 423, lr: 0.001000, Total Time: 684.8274 s, Time this epoch: 36.9183 s
=====> Epoch: 9/300, Train Loss (train loader labels): 1.0775, Train acc (train loader labels): 0.4196, Best val acc: 0.4353, Current val acc: 0.4217, Val Loss: 1.0761
=====> Saving current model and best model
balance: False
selecting samples for epoch 10, ratio 0.1
=====> Epoch: 10/300, Total_step: 470, lr: 0.001000, Total Time: 722.0397 s, Time this epoch: 36.9206 s
=====> Epoch: 10/300, Train Loss (train loader labels): 1.0759, Train acc (train loader labels): 0.4301, Best val acc: 0.4380, Current val acc: 0.4380, Val Loss: 1.0741
=====> Saving current model and best model
balance: False
selecting samples for epoch 11, ratio 0.1
=====> Epoch: 11/300, Total_step: 517, lr: 0.001000, Total Time: 759.3695 s, Time this epoch: 37.0922 s
=====> Epoch: 11/300, Train Loss (train loader labels): 1.0820, Train acc (train loader labels): 0.3952, Best val acc: 0.4380, Current val acc: 0.4043, Val Loss: 1.0799
=====> Saving current model and best model
balance: False
selecting samples for epoch 12, ratio 0.1
=====> Epoch: 12/300, Total_step: 564, lr: 0.001000, Total Time: 797.1808 s, Time this epoch: 37.2868 s
=====> Epoch: 12/300, Train Loss (train loader labels): 1.0794, Train acc (train loader labels): 0.4089, Best val acc: 0.4380, Current val acc: 0.4210, Val Loss: 1.0769
=====> Saving current model and best model
balance: False
selecting samples for epoch 13, ratio 0.1
=====> Epoch: 13/300, Total_step: 611, lr: 0.001000, Total Time: 834.8321 s, Time this epoch: 37.3614 s
=====> Epoch: 13/300, Train Loss (train loader labels): 1.0789, Train acc (train loader labels): 0.4195, Best val acc: 0.4380, Current val acc: 0.4220, Val Loss: 1.0778
=====> Saving current model and best model
balance: False
selecting samples for epoch 14, ratio 0.1
=====> Epoch: 14/300, Total_step: 658, lr: 0.001000, Total Time: 872.4896 s, Time this epoch: 37.3268 s
=====> Epoch: 14/300, Train Loss (train loader labels): 1.0783, Train acc (train loader labels): 0.4170, Best val acc: 0.4380, Current val acc: 0.4297, Val Loss: 1.0763
=====> Saving current model and best model
balance: False
selecting samples for epoch 15, ratio 0.1
=====> Epoch: 15/300, Total_step: 705, lr: 0.001000, Total Time: 909.8365 s, Time this epoch: 37.0988 s
=====> Epoch: 15/300, Train Loss (train loader labels): 1.0760, Train acc (train loader labels): 0.4319, Best val acc: 0.4380, Current val acc: 0.4370, Val Loss: 1.0745
=====> Saving current model and best model
balance: False
selecting samples for epoch 16, ratio 0.1
=====> Epoch: 16/300, Total_step: 752, lr: 0.001000, Total Time: 946.8355 s, Time this epoch: 36.7532 s
=====> Epoch: 16/300, Train Loss (train loader labels): 1.0786, Train acc (train loader labels): 0.4108, Best val acc: 0.4380, Current val acc: 0.4157, Val Loss: 1.0775
=====> Saving current model and best model
balance: False
selecting samples for epoch 17, ratio 0.1
=====> Epoch: 17/300, Total_step: 799, lr: 0.001000, Total Time: 984.2092 s, Time this epoch: 37.1169 s
=====> Epoch: 17/300, Train Loss (train loader labels): 1.0803, Train acc (train loader labels): 0.4030, Best val acc: 0.4380, Current val acc: 0.4060, Val Loss: 1.0790
=====> Saving current model and best model
balance: False
selecting samples for epoch 18, ratio 0.1
=====> Epoch: 18/300, Total_step: 846, lr: 0.001000, Total Time: 1021.5475 s, Time this epoch: 37.0874 s
=====> Epoch: 18/300, Train Loss (train loader labels): 1.0779, Train acc (train loader labels): 0.4211, Best val acc: 0.4380, Current val acc: 0.4290, Val Loss: 1.0756
=====> Saving current model and best model
balance: False
selecting samples for epoch 19, ratio 0.1
=====> Epoch: 19/300, Total_step: 893, lr: 0.001000, Total Time: 1059.0102 s, Time this epoch: 37.0770 s
=====> Epoch: 19/300, Train Loss (train loader labels): 1.0761, Train acc (train loader labels): 0.4332, Best val acc: 0.4443, Current val acc: 0.4443, Val Loss: 1.0743
=====> Saving current model and best model
balance: False
selecting samples for epoch 20, ratio 0.1
=====> Epoch: 20/300, Total_step: 940, lr: 0.001000, Total Time: 1096.7854 s, Time this epoch: 37.4150 s
=====> Epoch: 20/300, Train Loss (train loader labels): 1.0729, Train acc (train loader labels): 0.4367, Best val acc: 0.4443, Current val acc: 0.4390, Val Loss: 1.0719
=====> Saving current model and best model
balance: False
selecting samples for epoch 21, ratio 0.1
=====> Epoch: 21/300, Total_step: 987, lr: 0.001000, Total Time: 1135.2087 s, Time this epoch: 37.6005 s
=====> Epoch: 21/300, Train Loss (train loader labels): 1.0738, Train acc (train loader labels): 0.4384, Best val acc: 0.4510, Current val acc: 0.4510, Val Loss: 1.0713
=====> Saving current model and best model
balance: False
selecting samples for epoch 22, ratio 0.1
=====> Epoch: 22/300, Total_step: 1034, lr: 0.001000, Total Time: 1172.9638 s, Time this epoch: 37.3577 s
=====> Epoch: 22/300, Train Loss (train loader labels): 1.0783, Train acc (train loader labels): 0.4169, Best val acc: 0.4510, Current val acc: 0.4220, Val Loss: 1.0770
=====> Saving current model and best model
balance: False
selecting samples for epoch 23, ratio 0.1
=====> Epoch: 23/300, Total_step: 1081, lr: 0.001000, Total Time: 1211.0129 s, Time this epoch: 37.3769 s
=====> Epoch: 23/300, Train Loss (train loader labels): 1.0799, Train acc (train loader labels): 0.3926, Best val acc: 0.4510, Current val acc: 0.3937, Val Loss: 1.0789
=====> Saving current model and best model
balance: False
selecting samples for epoch 24, ratio 0.1
=====> Epoch: 24/300, Total_step: 1128, lr: 0.001000, Total Time: 1248.8177 s, Time this epoch: 37.5003 s
=====> Epoch: 24/300, Train Loss (train loader labels): 1.0795, Train acc (train loader labels): 0.4249, Best val acc: 0.4510, Current val acc: 0.4300, Val Loss: 1.0781
=====> Saving current model and best model
balance: False
selecting samples for epoch 25, ratio 0.1
=====> Epoch: 25/300, Total_step: 1175, lr: 0.001000, Total Time: 1286.6054 s, Time this epoch: 37.4421 s
=====> Epoch: 25/300, Train Loss (train loader labels): 1.0769, Train acc (train loader labels): 0.4147, Best val acc: 0.4510, Current val acc: 0.4203, Val Loss: 1.0756
=====> Saving current model and best model
balance: False
selecting samples for epoch 26, ratio 0.1
=====> Epoch: 26/300, Total_step: 1222, lr: 0.001000, Total Time: 1324.2499 s, Time this epoch: 37.2491 s
=====> Epoch: 26/300, Train Loss (train loader labels): 1.0762, Train acc (train loader labels): 0.4353, Best val acc: 0.4510, Current val acc: 0.4483, Val Loss: 1.0747
=====> Saving current model and best model
balance: False
selecting samples for epoch 27, ratio 0.1
=====> Saving current model and best model
balance: False
selecting samples for epoch 28, ratio 0.1
=====> Saving current model and best model
balance: False
selecting samples for epoch 29, ratio 0.1
=====> Epoch: 29/300, Total_step: 1363, lr: 0.001000, Total Time: 1398.0000 s, Time this epoch: 17.7707 s
=====> Epoch: 29/300, Train Loss (train loader labels): 1.0784, Train acc (train loader labels): 0.4129, Best val acc: 0.4510, Current val acc: 0.4210, Val Loss: 1.0768
=====> Saving current model and best model
balance: False
selecting samples for epoch 30, ratio 0.1
=====> Saving current model and best model
balance: False
selecting samples for epoch 31, ratio 0.1
=====> Saving current model and best model
balance: False
selecting samples for epoch 32, ratio 0.1
=====> Saving current model and best model
balance: False
selecting samples for epoch 33, ratio 0.1
=====> Epoch: 33/300, Total_step: 1551, lr: 0.001000, Total Time: 1489.4702 s, Time this epoch: 17.7899 s
=====> Epoch: 33/300, Train Loss (train loader labels): 1.0764, Train acc (train loader labels): 0.4166, Best val acc: 0.4510, Current val acc: 0.4240, Val Loss: 1.0744
=====> Saving current model and best model
balance: False
selecting samples for epoch 34, ratio 0.1
=====> Saving current model and best model
balance: False
selecting samples for epoch 35, ratio 0.1
=====> Saving current model and best model
balance: False
selecting samples for epoch 36, ratio 0.1
=====> Saving current model and best model
balance: False
selecting samples for epoch 37, ratio 0.1
=====> Epoch: 37/300, Total_step: 1739, lr: 0.001000, Total Time: 1581.2210 s, Time this epoch: 17.7709 s
=====> Epoch: 37/300, Train Loss (train loader labels): 1.0769, Train acc (train loader labels): 0.4196, Best val acc: 0.4510, Current val acc: 0.4300, Val Loss: 1.0757
=====> Saving current model and best model
balance: False
selecting samples for epoch 38, ratio 0.1
=====> Saving current model and best model
balance: False
selecting samples for epoch 39, ratio 0.1
=====> Saving current model and best model
balance: False
selecting samples for epoch 40, ratio 0.1
=====> Saving current model and best model
balance: False
selecting samples for epoch 41, ratio 0.1
=====> Epoch: 41/300, Total_step: 1927, lr: 0.001000, Total Time: 1672.9221 s, Time this epoch: 17.9002 s
=====> Epoch: 41/300, Train Loss (train loader labels): 1.0795, Train acc (train loader labels): 0.3987, Best val acc: 0.4510, Current val acc: 0.4010, Val Loss: 1.0774
=====> Saving current model and best model
balance: False
selecting samples for epoch 42, ratio 0.1
=====> Saving current model and best model
balance: False
selecting samples for epoch 43, ratio 0.1
=====> Saving current model and best model
balance: False
selecting samples for epoch 44, ratio 0.1
=====> Saving current model and best model
balance: False
selecting samples for epoch 45, ratio 0.1
=====> Epoch: 45/300, Total_step: 2115, lr: 0.001000, Total Time: 1765.5671 s, Time this epoch: 18.5840 s
=====> Epoch: 45/300, Train Loss (train loader labels): 1.0800, Train acc (train loader labels): 0.4022, Best val acc: 0.4510, Current val acc: 0.4127, Val Loss: 1.0771
=====> Saving current model and best model
balance: False
selecting samples for epoch 46, ratio 0.1
=====> Saving current model and best model
balance: False
selecting samples for epoch 47, ratio 0.1
=====> Saving current model and best model
balance: False
selecting samples for epoch 48, ratio 0.1
=====> Saving current model and best model
balance: False
selecting samples for epoch 49, ratio 0.1
=====> Epoch: 49/300, Total_step: 2303, lr: 0.001000, Total Time: 1857.1138 s, Time this epoch: 17.7296 s
=====> Epoch: 49/300, Train Loss (train loader labels): 1.0800, Train acc (train loader labels): 0.4071, Best val acc: 0.4510, Current val acc: 0.4213, Val Loss: 1.0782
=====> Saving current model and best model
balance: False
selecting samples for epoch 50, ratio 0.1
=====> Saving current model and best model
balance: False
selecting samples for epoch 51, ratio 0.1
=====> Saving current model and best model
balance: False
selecting samples for epoch 52, ratio 0.1
=====> Saving current model and best model
balance: False
selecting samples for epoch 53, ratio 0.1
=====> Epoch: 53/300, Total_step: 2491, lr: 0.001000, Total Time: 1949.0635 s, Time this epoch: 17.7842 s
=====> Epoch: 53/300, Train Loss (train loader labels): 1.0726, Train acc (train loader labels): 0.4330, Best val acc: 0.4510, Current val acc: 0.4420, Val Loss: 1.0708
=====> Saving current model and best model
balance: False
selecting samples for epoch 54, ratio 0.1
=====> Saving current model and best model
balance: False
selecting samples for epoch 55, ratio 0.1
=====> Saving current model and best model
balance: False
selecting samples for epoch 56, ratio 0.1
=====> Saving current model and best model
balance: False
selecting samples for epoch 57, ratio 0.1
=====> Epoch: 57/300, Total_step: 2679, lr: 0.001000, Total Time: 2041.2821 s, Time this epoch: 17.8096 s
=====> Epoch: 57/300, Train Loss (train loader labels): 1.0819, Train acc (train loader labels): 0.4043, Best val acc: 0.4510, Current val acc: 0.4090, Val Loss: 1.0799
=====> Saving current model and best model
balance: False
selecting samples for epoch 58, ratio 0.1
=====> Saving current model and best model
balance: False
selecting samples for epoch 59, ratio 0.1
=====> Saving current model and best model
balance: False
selecting samples for epoch 60, ratio 0.1
=====> Saving current model and best model
balance: False
selecting samples for epoch 61, ratio 0.1
=====> Epoch: 61/300, Total_step: 2867, lr: 0.001000, Total Time: 2133.0469 s, Time this epoch: 17.7088 s
=====> Epoch: 61/300, Train Loss (train loader labels): 1.0806, Train acc (train loader labels): 0.3913, Best val acc: 0.4510, Current val acc: 0.3910, Val Loss: 1.0793
=====> Saving current model and best model
balance: False
selecting samples for epoch 62, ratio 0.1
=====> Saving current model and best model
balance: False
selecting samples for epoch 63, ratio 0.1
=====> Saving current model and best model
balance: False
selecting samples for epoch 64, ratio 0.1
=====> Saving current model and best model
balance: False
selecting samples for epoch 65, ratio 0.1
=====> Epoch: 65/300, Total_step: 3055, lr: 0.001000, Total Time: 2225.2434 s, Time this epoch: 17.7462 s
=====> Epoch: 65/300, Train Loss (train loader labels): 1.0707, Train acc (train loader labels): 0.4444, Best val acc: 0.4560, Current val acc: 0.4560, Val Loss: 1.0687
=====> Saving current model and best model
balance: False
selecting samples for epoch 66, ratio 0.1
=====> Saving current model and best model
balance: False
selecting samples for epoch 67, ratio 0.1
=====> Saving current model and best model
balance: False
selecting samples for epoch 68, ratio 0.1
=====> Saving current model and best model
balance: False
selecting samples for epoch 69, ratio 0.1
=====> Saving current model and best model
balance: False
selecting samples for epoch 70, ratio 0.1
=====> Saving current model and best model
balance: False
selecting samples for epoch 71, ratio 0.1
=====> Saving current model and best model
balance: False
selecting samples for epoch 72, ratio 0.1
=====> Saving current model and best model
balance: False
selecting samples for epoch 73, ratio 0.1
=====> Saving current model and best model
balance: False
selecting samples for epoch 74, ratio 0.1
=====> Saving current model and best model
balance: False
selecting samples for epoch 75, ratio 0.1
=====> Saving current model and best model
balance: False
selecting samples for epoch 76, ratio 0.1
=====> Epoch: 76/300, Total_step: 3572, lr: 0.001000, Total Time: 2443.8902 s, Time this epoch: 17.7369 s
=====> Epoch: 76/300, Train Loss (train loader labels): 1.0651, Train acc (train loader labels): 0.4548, Best val acc: 0.4693, Current val acc: 0.4693, Val Loss: 1.0627
=====> Saving current model and best model
balance: False
selecting samples for epoch 77, ratio 0.1
=====> Saving current model and best model
balance: False
selecting samples for epoch 78, ratio 0.1
=====> Saving current model and best model
balance: False
selecting samples for epoch 79, ratio 0.1
=====> Saving current model and best model
balance: False
selecting samples for epoch 80, ratio 0.1
=====> Saving current model and best model
balance: False
selecting samples for epoch 81, ratio 0.1
=====> Saving current model and best model
balance: False
selecting samples for epoch 82, ratio 0.1
=====> Saving current model and best model
balance: False
selecting samples for epoch 83, ratio 0.1
=====> Saving current model and best model
balance: False
selecting samples for epoch 84, ratio 0.1
=====> Saving current model and best model
balance: False
selecting samples for epoch 85, ratio 0.1
=====> Saving current model and best model
balance: False
selecting samples for epoch 86, ratio 0.1
=====> Saving current model and best model
balance: False
selecting samples for epoch 87, ratio 0.1
=====> Saving current model and best model
balance: False
selecting samples for epoch 88, ratio 0.1
=====> Saving current model and best model
balance: False
selecting samples for epoch 89, ratio 0.1
=====> Saving current model and best model
balance: False
selecting samples for epoch 90, ratio 0.1
=====> Saving current model and best model
balance: False
selecting samples for epoch 91, ratio 0.1
=====> Epoch: 91/300, Total_step: 4277, lr: 0.001000, Total Time: 2735.8536 s, Time this epoch: 17.8604 s
=====> Epoch: 91/300, Train Loss (train loader labels): 1.0752, Train acc (train loader labels): 0.4285, Best val acc: 0.4693, Current val acc: 0.4497, Val Loss: 1.0725
=====> Saving current model and best model
balance: False
selecting samples for epoch 92, ratio 0.1
=====> Saving current model and best model
balance: False
selecting samples for epoch 93, ratio 0.1
=====> Saving current model and best model
balance: False
selecting samples for epoch 94, ratio 0.1
=====> Saving current model and best model
balance: False
selecting samples for epoch 95, ratio 0.1
=====> Saving current model and best model
balance: False
selecting samples for epoch 96, ratio 0.1
=====> Saving current model and best model
balance: False
selecting samples for epoch 97, ratio 0.1
=====> Saving current model and best model
balance: False
selecting samples for epoch 98, ratio 0.1
=====> Saving current model and best model
balance: False
selecting samples for epoch 99, ratio 0.1
=====> Saving current model and best model
balance: False
selecting samples for epoch 100, ratio 0.1
=====> Saving current model and best model
balance: False
selecting samples for epoch 101, ratio 0.1
=====> Saving current model and best model
balance: False
selecting samples for epoch 102, ratio 0.1
=====> Saving current model and best model
balance: False
selecting samples for epoch 103, ratio 0.1
=====> Saving current model and best model
balance: False
selecting samples for epoch 104, ratio 0.1
=====> Saving current model and best model
balance: False
selecting samples for epoch 105, ratio 0.1
=====> Saving current model and best model
balance: False
selecting samples for epoch 106, ratio 0.1
=====> Epoch: 106/300, Total_step: 4982, lr: 0.001000, Total Time: 3026.2558 s, Time this epoch: 17.8610 s
=====> Epoch: 106/300, Train Loss (train loader labels): 1.0703, Train acc (train loader labels): 0.4322, Best val acc: 0.4693, Current val acc: 0.4403, Val Loss: 1.0686
=====> Saving current model and best model
balance: False
selecting samples for epoch 107, ratio 0.1
=====> Saving current model and best model
balance: False
selecting samples for epoch 108, ratio 0.1
=====> Saving current model and best model
balance: False
selecting samples for epoch 109, ratio 0.1
=====> Saving current model and best model
balance: False
selecting samples for epoch 110, ratio 0.1
=====> Saving current model and best model
balance: False
selecting samples for epoch 111, ratio 0.1
=====> Saving current model and best model
balance: False
selecting samples for epoch 112, ratio 0.1
=====> Saving current model and best model
balance: False
selecting samples for epoch 113, ratio 0.1
=====> Saving current model and best model
balance: False
selecting samples for epoch 114, ratio 0.1
=====> Saving current model and best model
balance: False
selecting samples for epoch 115, ratio 0.1
=====> Saving current model and best model
balance: False
selecting samples for epoch 116, ratio 0.1
=====> Saving current model and best model
balance: False
selecting samples for epoch 117, ratio 0.1
=====> Saving current model and best model
balance: False
selecting samples for epoch 118, ratio 0.1
=====> Saving current model and best model
balance: False
selecting samples for epoch 119, ratio 0.1
=====> Saving current model and best model
balance: False
selecting samples for epoch 120, ratio 0.1
=====> Saving current model and best model
balance: False
selecting samples for epoch 121, ratio 0.1
=====> Epoch: 121/300, Total_step: 5687, lr: 0.001000, Total Time: 3317.3858 s, Time this epoch: 17.8203 s
=====> Epoch: 121/300, Train Loss (train loader labels): 1.0833, Train acc (train loader labels): 0.3737, Best val acc: 0.4693, Current val acc: 0.3800, Val Loss: 1.0817
=====> Saving current model and best model
balance: False
selecting samples for epoch 122, ratio 0.1
=====> Saving current model and best model
balance: False
selecting samples for epoch 123, ratio 0.1
=====> Saving current model and best model
balance: False
selecting samples for epoch 124, ratio 0.1
=====> Saving current model and best model
balance: False
selecting samples for epoch 125, ratio 0.1
=====> Saving current model and best model
balance: False
selecting samples for epoch 126, ratio 0.1
=====> Saving current model and best model
balance: False
selecting samples for epoch 127, ratio 0.1
=====> Saving current model and best model
balance: False
selecting samples for epoch 128, ratio 0.1
=====> Saving current model and best model
balance: False
selecting samples for epoch 129, ratio 0.1
=====> Saving current model and best model
balance: False
selecting samples for epoch 130, ratio 0.1
=====> Saving current model and best model
balance: False
selecting samples for epoch 131, ratio 0.1
=====> Saving current model and best model
balance: False
selecting samples for epoch 132, ratio 0.1
=====> Saving current model and best model
balance: False
selecting samples for epoch 133, ratio 0.1
=====> Saving current model and best model
balance: False
selecting samples for epoch 134, ratio 0.1
=====> Saving current model and best model
balance: False
selecting samples for epoch 135, ratio 0.1
=====> Saving current model and best model
balance: False
selecting samples for epoch 136, ratio 0.1
=====> Epoch: 136/300, Total_step: 6392, lr: 0.001000, Total Time: 3608.9944 s, Time this epoch: 17.8783 s
=====> Epoch: 136/300, Train Loss (train loader labels): 1.1372, Train acc (train loader labels): 0.3722, Best val acc: 0.4693, Current val acc: 0.3603, Val Loss: 1.1461
=====> Saving current model and best model
balance: False
selecting samples for epoch 137, ratio 0.1
=====> Saving current model and best model
balance: False
selecting samples for epoch 138, ratio 0.1
=====> Saving current model and best model
balance: False
selecting samples for epoch 139, ratio 0.1
=====> Saving current model and best model
balance: False
selecting samples for epoch 140, ratio 0.1
=====> Saving current model and best model
balance: False
selecting samples for epoch 141, ratio 0.1
=====> Saving current model and best model
balance: False
selecting samples for epoch 142, ratio 0.1
=====> Saving current model and best model
balance: False
selecting samples for epoch 143, ratio 0.1
=====> Saving current model and best model
balance: False
selecting samples for epoch 144, ratio 0.1
=====> Saving current model and best model
balance: False
selecting samples for epoch 145, ratio 0.1
=====> Saving current model and best model
balance: False
selecting samples for epoch 146, ratio 0.1
=====> Saving current model and best model
balance: False
selecting samples for epoch 147, ratio 0.1
=====> Saving current model and best model
balance: False
selecting samples for epoch 148, ratio 0.1
=====> Saving current model and best model
balance: False
selecting samples for epoch 149, ratio 0.1
=====> Saving current model and best model
balance: False
selecting samples for epoch 150, ratio 0.1
=====> Saving current model and best model
balance: False
selecting samples for epoch 151, ratio 0.1
=====> Epoch: 151/300, Total_step: 7097, lr: 0.001000, Total Time: 3901.0765 s, Time this epoch: 17.7690 s
=====> Epoch: 151/300, Train Loss (train loader labels): 1.1279, Train acc (train loader labels): 0.3277, Best val acc: 0.4693, Current val acc: 0.3287, Val Loss: 1.1309
=====> Saving current model and best model
balance: False
selecting samples for epoch 152, ratio 0.1
=====> Saving current model and best model
balance: False
selecting samples for epoch 153, ratio 0.1
=====> Saving current model and best model
balance: False
selecting samples for epoch 154, ratio 0.1
=====> Saving current model and best model
balance: False
selecting samples for epoch 155, ratio 0.1
=====> Saving current model and best model
balance: False
selecting samples for epoch 156, ratio 0.1
=====> Saving current model and best model
balance: False
selecting samples for epoch 157, ratio 0.1
=====> Saving current model and best model
balance: False
selecting samples for epoch 158, ratio 0.1
=====> Saving current model and best model
balance: False
selecting samples for epoch 159, ratio 0.1
=====> Saving current model and best model
balance: False
selecting samples for epoch 160, ratio 0.1
=====> Saving current model and best model
balance: False
selecting samples for epoch 161, ratio 0.1
=====> Saving current model and best model
balance: False
selecting samples for epoch 162, ratio 0.1
=====> Saving current model and best model
balance: False
selecting samples for epoch 163, ratio 0.1
=====> Saving current model and best model
balance: False
selecting samples for epoch 164, ratio 0.1
=====> Saving current model and best model
balance: False
selecting samples for epoch 165, ratio 0.1
=====> Saving current model and best model
balance: False
selecting samples for epoch 166, ratio 0.1
=====> Epoch: 166/300, Total_step: 7802, lr: 0.001000, Total Time: 4196.4075 s, Time this epoch: 17.8378 s
=====> Epoch: 166/300, Train Loss (train loader labels): 1.0744, Train acc (train loader labels): 0.4463, Best val acc: 0.4693, Current val acc: 0.4543, Val Loss: 1.0729
=====> Saving current model and best model
balance: False
selecting samples for epoch 167, ratio 0.1
=====> Saving current model and best model
balance: False
selecting samples for epoch 168, ratio 0.1
=====> Saving current model and best model
balance: False
selecting samples for epoch 169, ratio 0.1
=====> Saving current model and best model
balance: False
selecting samples for epoch 170, ratio 0.1
=====> Saving current model and best model
balance: False
selecting samples for epoch 171, ratio 0.1
=====> Saving current model and best model
balance: False
selecting samples for epoch 172, ratio 0.1
=====> Saving current model and best model
balance: False
selecting samples for epoch 173, ratio 0.1
=====> Saving current model and best model
balance: False
selecting samples for epoch 174, ratio 0.1
=====> Saving current model and best model
balance: False
selecting samples for epoch 175, ratio 0.1
=====> Saving current model and best model
balance: False
selecting samples for epoch 176, ratio 0.1
=====> Saving current model and best model
balance: False
selecting samples for epoch 177, ratio 0.1
=====> Saving current model and best model
balance: False
selecting samples for epoch 178, ratio 0.1
=====> Saving current model and best model
balance: False
selecting samples for epoch 179, ratio 0.1
=====> Saving current model and best model
balance: False
selecting samples for epoch 180, ratio 0.1
=====> Saving current model and best model
balance: False
selecting samples for epoch 181, ratio 0.1
=====> Epoch: 181/300, Total_step: 8507, lr: 0.001000, Total Time: 4489.1101 s, Time this epoch: 17.8564 s
=====> Epoch: 181/300, Train Loss (train loader labels): 1.0770, Train acc (train loader labels): 0.4159, Best val acc: 0.4693, Current val acc: 0.3993, Val Loss: 1.0786
=====> Saving current model and best model
balance: False
selecting samples for epoch 182, ratio 0.1
=====> Saving current model and best model
balance: False
selecting samples for epoch 183, ratio 0.1
=====> Saving current model and best model
balance: False
selecting samples for epoch 184, ratio 0.1
=====> Saving current model and best model
balance: False
selecting samples for epoch 185, ratio 0.1
=====> Saving current model and best model
balance: False
selecting samples for epoch 186, ratio 0.1
=====> Saving current model and best model
balance: False
selecting samples for epoch 187, ratio 0.1
=====> Saving current model and best model
balance: False
selecting samples for epoch 188, ratio 0.1
=====> Saving current model and best model
balance: False
selecting samples for epoch 189, ratio 0.1
=====> Saving current model and best model
balance: False
selecting samples for epoch 190, ratio 0.1
=====> Saving current model and best model
balance: False
selecting samples for epoch 191, ratio 0.1
=====> Saving current model and best model
balance: False
selecting samples for epoch 192, ratio 0.1
=====> Saving current model and best model
balance: False
selecting samples for epoch 193, ratio 0.1
=====> Saving current model and best model
balance: False
selecting samples for epoch 194, ratio 0.1
=====> Saving current model and best model
balance: False
selecting samples for epoch 195, ratio 0.1
=====> Saving current model and best model
balance: False
selecting samples for epoch 196, ratio 0.1
=====> Epoch: 196/300, Total_step: 9212, lr: 0.001000, Total Time: 4780.7297 s, Time this epoch: 17.7742 s
=====> Epoch: 196/300, Train Loss (train loader labels): 1.0752, Train acc (train loader labels): 0.4393, Best val acc: 0.4693, Current val acc: 0.4490, Val Loss: 1.0722
=====> Saving current model and best model
balance: False
selecting samples for epoch 197, ratio 0.1
=====> Saving current model and best model
balance: False
selecting samples for epoch 198, ratio 0.1
=====> Saving current model and best model
balance: False
selecting samples for epoch 199, ratio 0.1
=====> Saving current model and best model
balance: False
selecting samples for epoch 200, ratio 0.1
=====> Saving current model and best model
balance: False
selecting samples for epoch 201, ratio 0.1
=====> Saving current model and best model
balance: False
selecting samples for epoch 202, ratio 0.1
=====> Saving current model and best model
balance: False
selecting samples for epoch 203, ratio 0.1
=====> Saving current model and best model
balance: False
selecting samples for epoch 204, ratio 0.1
=====> Saving current model and best model
balance: False
selecting samples for epoch 205, ratio 0.1
=====> Saving current model and best model
balance: False
selecting samples for epoch 206, ratio 0.1
=====> Saving current model and best model
balance: False
selecting samples for epoch 207, ratio 0.1
=====> Saving current model and best model
balance: False
selecting samples for epoch 208, ratio 0.1
=====> Saving current model and best model
balance: False
selecting samples for epoch 209, ratio 0.1
=====> Saving current model and best model
balance: False
selecting samples for epoch 210, ratio 0.1
=====> Saving current model and best model
balance: False
selecting samples for epoch 211, ratio 0.1
=====> Epoch: 211/300, Total_step: 9917, lr: 0.001000, Total Time: 5071.7414 s, Time this epoch: 17.7867 s
=====> Epoch: 211/300, Train Loss (train loader labels): 1.0772, Train acc (train loader labels): 0.4295, Best val acc: 0.4693, Current val acc: 0.4403, Val Loss: 1.0754
=====> Saving current model and best model
balance: False
selecting samples for epoch 212, ratio 0.1
=====> Saving current model and best model
balance: False
selecting samples for epoch 213, ratio 0.1
=====> Saving current model and best model
balance: False
selecting samples for epoch 214, ratio 0.1
=====> Saving current model and best model
balance: False
selecting samples for epoch 215, ratio 0.1
=====> Saving current model and best model
balance: False
selecting samples for epoch 216, ratio 0.1
=====> Saving current model and best model
balance: False
selecting samples for epoch 217, ratio 0.1
=====> Saving current model and best model
balance: False
selecting samples for epoch 218, ratio 0.1
=====> Saving current model and best model
balance: False
selecting samples for epoch 219, ratio 0.1
=====> Saving current model and best model
balance: False
selecting samples for epoch 220, ratio 0.1
=====> Saving current model and best model
balance: False
selecting samples for epoch 221, ratio 0.1
=====> Saving current model and best model
balance: False
selecting samples for epoch 222, ratio 0.1
=====> Saving current model and best model
balance: False
selecting samples for epoch 223, ratio 0.1
=====> Saving current model and best model
balance: False
selecting samples for epoch 224, ratio 0.1
=====> Saving current model and best model
balance: False
selecting samples for epoch 225, ratio 0.1
=====> Saving current model and best model
balance: False
selecting samples for epoch 226, ratio 0.1
=====> Epoch: 226/300, Total_step: 10622, lr: 0.001000, Total Time: 5363.8735 s, Time this epoch: 17.7820 s
=====> Epoch: 226/300, Train Loss (train loader labels): 1.0847, Train acc (train loader labels): 0.3925, Best val acc: 0.4693, Current val acc: 0.3983, Val Loss: 1.0834
=====> Saving current model and best model
balance: False
selecting samples for epoch 227, ratio 0.1
=====> Saving current model and best model
balance: False
selecting samples for epoch 228, ratio 0.1
=====> Saving current model and best model
balance: False
selecting samples for epoch 229, ratio 0.1
=====> Saving current model and best model
balance: False
selecting samples for epoch 230, ratio 0.1
=====> Saving current model and best model
balance: False
selecting samples for epoch 231, ratio 0.1
=====> Saving current model and best model
balance: False
selecting samples for epoch 232, ratio 0.1
=====> Saving current model and best model
balance: False
selecting samples for epoch 233, ratio 0.1
=====> Saving current model and best model
balance: False
selecting samples for epoch 234, ratio 0.1
=====> Saving current model and best model
balance: False
selecting samples for epoch 235, ratio 0.1
=====> Saving current model and best model
balance: False
selecting samples for epoch 236, ratio 0.1
=====> Saving current model and best model
balance: False
selecting samples for epoch 237, ratio 0.1
=====> Saving current model and best model
balance: False
selecting samples for epoch 238, ratio 0.1
=====> Saving current model and best model
balance: False
selecting samples for epoch 239, ratio 0.1
=====> Saving current model and best model
balance: False
selecting samples for epoch 240, ratio 0.1
=====> Saving current model and best model
balance: False
selecting samples for epoch 241, ratio 0.1
=====> Epoch: 241/300, Total_step: 11327, lr: 0.001000, Total Time: 5654.9353 s, Time this epoch: 17.8502 s
=====> Epoch: 241/300, Train Loss (train loader labels): 1.0750, Train acc (train loader labels): 0.4328, Best val acc: 0.4693, Current val acc: 0.4413, Val Loss: 1.0731
=====> Saving current model and best model
balance: False
selecting samples for epoch 242, ratio 0.1
=====> Saving current model and best model
balance: False
selecting samples for epoch 243, ratio 0.1
=====> Saving current model and best model
balance: False
selecting samples for epoch 244, ratio 0.1
=====> Saving current model and best model
balance: False
selecting samples for epoch 245, ratio 0.1
=====> Saving current model and best model
balance: False
selecting samples for epoch 246, ratio 0.1
=====> Saving current model and best model
balance: False
selecting samples for epoch 247, ratio 0.1
=====> Saving current model and best model
balance: False
selecting samples for epoch 248, ratio 0.1
=====> Saving current model and best model
balance: False
selecting samples for epoch 249, ratio 0.1
=====> Saving current model and best model
balance: False
selecting samples for epoch 250, ratio 0.1
=====> Saving current model and best model
balance: False
selecting samples for epoch 251, ratio 0.1
=====> Saving current model and best model
balance: False
selecting samples for epoch 252, ratio 0.1
=====> Saving current model and best model
balance: False
selecting samples for epoch 253, ratio 0.1
=====> Saving current model and best model
balance: False
selecting samples for epoch 254, ratio 0.1
=====> Saving current model and best model
balance: False
selecting samples for epoch 255, ratio 0.1
=====> Saving current model and best model
balance: False
selecting samples for epoch 256, ratio 0.1
=====> Epoch: 256/300, Total_step: 12032, lr: 0.001000, Total Time: 5946.2486 s, Time this epoch: 17.7826 s
=====> Epoch: 256/300, Train Loss (train loader labels): 1.0812, Train acc (train loader labels): 0.4043, Best val acc: 0.4693, Current val acc: 0.4073, Val Loss: 1.0806
=====> Saving current model and best model
balance: False
selecting samples for epoch 257, ratio 0.1
=====> Saving current model and best model
balance: False
selecting samples for epoch 258, ratio 0.1
=====> Saving current model and best model
balance: False
selecting samples for epoch 259, ratio 0.1
=====> Saving current model and best model
balance: False
selecting samples for epoch 260, ratio 0.1
=====> Saving current model and best model
balance: False
selecting samples for epoch 261, ratio 0.1
=====> Saving current model and best model
balance: False
selecting samples for epoch 262, ratio 0.1
=====> Saving current model and best model
balance: False
selecting samples for epoch 263, ratio 0.1
=====> Saving current model and best model
balance: False
selecting samples for epoch 264, ratio 0.1
=====> Saving current model and best model
balance: False
selecting samples for epoch 265, ratio 0.1
=====> Saving current model and best model
balance: False
selecting samples for epoch 266, ratio 0.1
=====> Saving current model and best model
balance: False
selecting samples for epoch 267, ratio 0.1
=====> Saving current model and best model
balance: False
selecting samples for epoch 268, ratio 0.1
=====> Saving current model and best model
balance: False
selecting samples for epoch 269, ratio 0.1
=====> Saving current model and best model
balance: False
selecting samples for epoch 270, ratio 0.1
=====> Saving current model and best model
balance: False
selecting samples for epoch 271, ratio 0.1
=====> Epoch: 271/300, Total_step: 12737, lr: 0.001000, Total Time: 6237.0944 s, Time this epoch: 17.8795 s
=====> Epoch: 271/300, Train Loss (train loader labels): 1.0741, Train acc (train loader labels): 0.4370, Best val acc: 0.4693, Current val acc: 0.4460, Val Loss: 1.0720
=====> Saving current model and best model
balance: False
selecting samples for epoch 272, ratio 0.1
=====> Saving current model and best model
balance: False
selecting samples for epoch 273, ratio 0.1
=====> Saving current model and best model
balance: False
selecting samples for epoch 274, ratio 0.1
=====> Saving current model and best model
balance: False
selecting samples for epoch 275, ratio 0.1
=====> Saving current model and best model
balance: False
selecting samples for epoch 276, ratio 0.1
=====> Saving current model and best model
balance: False
selecting samples for epoch 277, ratio 0.1
=====> Saving current model and best model
balance: False
selecting samples for epoch 278, ratio 0.1
=====> Saving current model and best model
balance: False
selecting samples for epoch 279, ratio 0.1
=====> Saving current model and best model
balance: False
selecting samples for epoch 280, ratio 0.1
=====> Saving current model and best model
balance: False
selecting samples for epoch 281, ratio 0.1
=====> Saving current model and best model
balance: False
selecting samples for epoch 282, ratio 0.1
=====> Saving current model and best model
balance: False
selecting samples for epoch 283, ratio 0.1
=====> Saving current model and best model
balance: False
selecting samples for epoch 284, ratio 0.1
=====> Saving current model and best model
balance: False
selecting samples for epoch 285, ratio 0.1
=====> Saving current model and best model
balance: False
selecting samples for epoch 286, ratio 0.1
=====> Epoch: 286/300, Total_step: 13442, lr: 0.001000, Total Time: 6527.8530 s, Time this epoch: 17.8308 s
=====> Epoch: 286/300, Train Loss (train loader labels): 1.0743, Train acc (train loader labels): 0.4165, Best val acc: 0.4693, Current val acc: 0.4323, Val Loss: 1.0722
=====> Saving current model and best model
balance: False
selecting samples for epoch 287, ratio 0.1
=====> Saving current model and best model
balance: False
selecting samples for epoch 288, ratio 0.1
=====> Saving current model and best model
balance: False
selecting samples for epoch 289, ratio 0.1
=====> Saving current model and best model
balance: False
selecting samples for epoch 290, ratio 0.1
=====> Saving current model and best model
balance: False
selecting samples for epoch 291, ratio 0.1
=====> Saving current model and best model
balance: False
selecting samples for epoch 292, ratio 0.1
=====> Saving current model and best model
balance: False
selecting samples for epoch 293, ratio 0.1
=====> Saving current model and best model
balance: False
selecting samples for epoch 294, ratio 0.1
=====> Saving current model and best model
balance: False
selecting samples for epoch 295, ratio 0.1
=====> Saving current model and best model
balance: False
selecting samples for epoch 296, ratio 0.1
=====> Saving current model and best model
balance: False
selecting samples for epoch 297, ratio 0.1
=====> Saving current model and best model
balance: False
selecting samples for epoch 298, ratio 0.1
=====> Saving current model and best model
balance: False
selecting samples for epoch 299, ratio 0.1
=====> Saving current model and best model
balance: False
selecting samples for epoch 300, ratio 0.1
=====> Epoch: 300/300, Total_step: 14100, lr: 0.001000, Total Time: 6800.4841 s, Time this epoch: 17.6632 s
=====> Epoch: 300/300, Train Loss (train loader labels): 1.0782, Train acc (train loader labels): 0.4141, Best val acc: 0.4693, Current val acc: 0.4193, Val Loss: 1.0772
=====> Saving current model and best model
Saved helper snapshots to /home/mward19/Documents/miller/Online-Batch-Selection/snapshots/CIFAR3/{"bsel":"Bayesian","seed":2,"model":"DeepLinear","opt":"adamw","bs":320,"ratio":0.1,"lr":0.001,"wd":0.01,"layers":5,"hidden_dim":1000}.p
Saved selected points array to /home/mward19/Documents/miller/Online-Batch-Selection/selected_points/CIFAR3/{"bsel":"Bayesian","seed":2,"model":"DeepLinear","opt":"adamw","bs":320,"ratio":0.1,"lr":0.001,"wd":0.01,"layers":5,"hidden_dim":1000}.npy
========================= End Main =========================
