wandb: Tracking run with wandb version 0.27.0
wandb: W&B syncing is set to `offline` in this directory. Run `wandb online` or set WANDB_MODE=online to enable cloud syncing.
wandb: Run data is saved locally in exp/CIFAR3/Bayesian_deeplinear_bs320_ep300_lr0.001_AdamW_constant_seed2_r0.1_3_hidden/wandb/offline-run-20260605_170040-g99uknd8
wandb: 
wandb: Run history:
wandb:                                best_val_acc 鈻佲杹鈻冣杻鈻呪枂鈻団枃鈻団枃鈻団枃鈻団枃鈻団枃鈻団枃鈻団枃鈻団枃鈻団枃鈻団枃鈻団枃鈻団枃鈻団枃鈻団枃鈻団枅鈻堚枅鈻堚枅
wandb:                           diagnostics/epoch 鈻佲杹鈻佲杹鈻佲杹鈻佲杹鈻佲杹鈻佲杹鈻佲杹鈻佲杹鈻佲杹鈻佲杹鈻佲杹鈻佲杹鈻佲杺鈻傗杺鈻傗杺鈻勨杽鈻勨枀鈻呪枂鈻団枃鈻団枅
wandb: diagnostics/fixed_train_logits_norm_l2_mean 鈻堚杺鈻傗杹鈻佲杹鈻佲杹鈻佲杹鈻佲杹鈻佲杹鈻佲杹鈻佲杹鈻佲杹鈻佲杹鈻佲杹鈻佲杹鈻佲杹鈻傗杺鈻傗杺鈻傗杻鈻傗杹鈻佲杹鈻佲杹
wandb:        diagnostics/test_logits_norm_l2_mean 鈻佲枅鈻冣杺鈻佲杹鈻佲杹鈻佲杹鈻佲杹鈻佲杹鈻佲杹鈻佲杹鈻佲杹鈻佲杹鈻佲杹鈻佲杹鈻佲杹鈻佲杹鈻佲杹鈻佲杹鈻佲杹鈻佲杹鈻佲杹
wandb:                      diagnostics/total_step 鈻佲杹鈻佲杹鈻佲杹鈻佲杹鈻佲杹鈻佲杹鈻佲杹鈻佲杹鈻佲杹鈻佲杹鈻佲杹鈻佲杺鈻傗杺鈻傗杺鈻傗杺鈻傗杺鈻冣杻鈻冣枀鈻嗏枂鈻団枅
wandb:                                       epoch 鈻佲杹鈻佲杹鈻佲杹鈻佲杹鈻佲杹鈻佲杹鈻佲杹鈻佲杹鈻佲杹鈻佲杹鈻佲杹鈻佲杹鈻佲杺鈻傗杺鈻傗杺鈻冣杻鈻冣杻鈻勨枂鈻団枃鈻団枅
wandb:                                          lr 鈻佲杹鈻佲杹鈻佲杹鈻佲杹鈻佲杹鈻佲杹鈻佲杹鈻佲杹鈻佲杹鈻佲杹鈻佲杹鈻佲杹鈻佲杹鈻佲杹鈻佲杹鈻佲杹鈻佲杹鈻佲杹鈻佲杹鈻佲杹
wandb:                                  time_epoch 鈻佲杹鈻佲杹鈻堚枅鈻堚枅鈻堚枅鈻堚枅鈻堚枅鈻冣杻鈻冣杻鈻冣杻鈻冣杻鈻冣杻鈻傗杺鈻傗杺鈻傗杺鈻傗杺鈻傗杺鈻傗杺鈻傗杺鈻傗杺
wandb:                                  total_time 鈻佲杹鈻佲杹鈻佲杹鈻佲杹鈻佲杹鈻佲杹鈻佲杹鈻佲杺鈻傗杺鈻傗杺鈻傗杺鈻傗杺鈻傗杻鈻冣杻鈻冣杻鈻冣杽鈻勨杽鈻呪枂鈻嗏枃鈻団枅
wandb:                                   train_acc 鈻冣杹鈻勨杽鈻勨枀鈻団枂鈻嗏枃鈻嗏杽鈻堚枂鈻勨枀鈻団枀鈻嗏枃鈻嗏枂鈻嗏枃鈻団枃鈻団枂鈻堚枀鈻堚枃鈻団枂鈻嗏枃鈻呪枃鈻団枂
wandb:                                          +5 ...
wandb: 
wandb: Run summary:
wandb:                                best_val_acc 0.456
wandb:                           diagnostics/epoch 300
wandb: diagnostics/fixed_train_logits_norm_l2_mean 1.91838
wandb:        diagnostics/test_logits_norm_l2_mean 1.91919
wandb:                      diagnostics/total_step 14100
wandb:                         diagnostics/trigger batch_update
wandb:                                       epoch 300
wandb:                                          lr 0.001
wandb:                                  time_epoch 17.11179
wandb:                                  total_time 6530.52703
wandb:                                          +6 ...
wandb: 
wandb: You can sync this run to the cloud by running:
wandb: wandb sync exp/CIFAR3/Bayesian_deeplinear_bs320_ep300_lr0.001_AdamW_constant_seed2_r0.1_3_hidden/wandb/offline-run-20260605_170040-g99uknd8
wandb: Find logs at: exp/CIFAR3/Bayesian_deeplinear_bs320_ep300_lr0.001_AdamW_constant_seed2_r0.1_3_hidden/wandb/offline-run-20260605_170040-g99uknd8/logs
