wandb: Tracking run with wandb version 0.27.0
wandb: W&B syncing is set to `offline` in this directory. Run `wandb online` or set WANDB_MODE=online to enable cloud syncing.
wandb: Run data is saved locally in exp/CIFAR3/Uniform_deeplinear_bs320_ep300_lr0.001_AdamW_constant_seed3_r0.1_8_hidden/wandb/offline-run-20260605_172435-kch2svxq
wandb: 
wandb: Run history:
wandb:                                best_val_acc 鈻佲杺鈻傗杺鈻冣枀鈻嗏枂鈻嗏枂鈻団枃鈻団枃鈻堚枅鈻堚枅鈻堚枅鈻堚枅鈻堚枅鈻堚枅鈻堚枅鈻堚枅鈻堚枅鈻堚枅鈻堚枅鈻堚枅鈻堚枅
wandb:                           diagnostics/epoch 鈻佲杹鈻佲杹鈻佲杹鈻佲杹鈻佲杹鈻佲杹鈻佲杹鈻佲杹鈻佲杹鈻佲杹鈻佲杹鈻佲杹鈻佲杺鈻傗杺鈻傗杺鈻冣杻鈻勨杽鈻呪枂鈻団枃鈻団枅
wandb: diagnostics/fixed_train_logits_norm_l2_mean 鈻佲杹鈻佲杹鈻佲杹鈻佲杹鈻佲杹鈻佲杹鈻佲杹鈻佲杹鈻佲杹鈻佲杹鈻佲杹鈻佲杹鈻佲杹鈻佲杹鈻佲杹鈻堚枀鈻冣杺鈻佲杹鈻佲杹鈻佲杹
wandb:        diagnostics/test_logits_norm_l2_mean 鈻佲杹鈻佲杹鈻佲杹鈻佲杹鈻佲杹鈻佲杹鈻佲杹鈻佲杹鈻佲杹鈻佲杹鈻佲杹鈻佲杹鈻佲枅鈻佲杹鈻佲杹鈻佲杹鈻佲杹鈻佲杹鈻佲杹鈻佲杹
wandb:                      diagnostics/total_step 鈻佲杹鈻佲杹鈻佲杹鈻佲杹鈻佲杹鈻佲杹鈻佲杹鈻佲杹鈻佲杹鈻佲杹鈻佲杹鈻佲杹鈻佲杹鈻傗杺鈻傗杺鈻冣杻鈻勨杽鈻呪枀鈻団枃鈻団枅
wandb:                                       epoch 鈻佲杹鈻佲杹鈻佲杹鈻佲杹鈻佲杹鈻佲杹鈻佲杹鈻佲杹鈻佲杹鈻佲杹鈻佲杹鈻傗杺鈻傗杺鈻傗杺鈻傗杺鈻冣杻鈻勨杽鈻呪枂鈻嗏枃鈻団枅
wandb:                                          lr 鈻佲杹鈻佲杹鈻佲杹鈻佲杹鈻佲杹鈻佲杹鈻佲杹鈻佲杹鈻佲杹鈻佲杹鈻佲杹鈻佲杹鈻佲杹鈻佲杹鈻佲杹鈻佲杹鈻佲杹鈻佲杹鈻佲杹鈻佲杹
wandb:                                  time_epoch 鈻佲杹鈻佲杹鈻佲枅鈻堚枅鈻堚枅鈻堚枅鈻堚枅鈻堚杻鈻冣杻鈻冣杻鈻冣杻鈻冣杻鈻傗杺鈻傗杺鈻傗杺鈻傗杺鈻傗杺鈻傗杺鈻傗杺鈻傗杺
wandb:                                  total_time 鈻佲杹鈻佲杹鈻佲杹鈻佲杹鈻佲杹鈻佲杹鈻佲杹鈻佲杺鈻傗杺鈻傗杺鈻傗杺鈻傗杺鈻傗杺鈻傗杺鈻傗杺鈻冣杻鈻冣杽鈻勨枀鈻嗏枃鈻団枅
wandb:                                   train_acc 鈻佲杺鈻傗枀鈻嗏枂鈻団枀鈻呪枂鈻嗏枂鈻呪枂鈻呪枂鈻堚枂鈻嗏枅鈻堚枃鈻団枃鈻団杺鈻傗杽鈻勨杻鈻冣杺鈻傗枀鈻勨枀鈻団杽鈻団枂
wandb:                                          +5 ...
wandb: 
wandb: Run summary:
wandb:                                best_val_acc 0.502
wandb:                           diagnostics/epoch 300
wandb: diagnostics/fixed_train_logits_norm_l2_mean 3.11479
wandb:        diagnostics/test_logits_norm_l2_mean 3.17207
wandb:                      diagnostics/total_step 14100
wandb:                         diagnostics/trigger batch_update
wandb:                                       epoch 300
wandb:                                          lr 0.001
wandb:                                  time_epoch 17.29274
wandb:                                  total_time 6628.58283
wandb:                                          +6 ...
wandb: 
wandb: You can sync this run to the cloud by running:
wandb: wandb sync exp/CIFAR3/Uniform_deeplinear_bs320_ep300_lr0.001_AdamW_constant_seed3_r0.1_8_hidden/wandb/offline-run-20260605_172435-kch2svxq
wandb: Find logs at: exp/CIFAR3/Uniform_deeplinear_bs320_ep300_lr0.001_AdamW_constant_seed3_r0.1_8_hidden/wandb/offline-run-20260605_172435-kch2svxq/logs
