save_dir: ./exp/MNIST/RhoLoss_deeplinear_bs320_ep300_lr0.001_AdamW_constant_seed1_r0.1_8_hidden
=====> Loading config files: 
configs/mnist/method/rholoss-0.1.yaml
configs/mnist/data/mnist.yaml
configs/mnist/model/deep_linear_saxe/deep_linear_8.yaml
configs/mnist/optim/adamw-320-0.001-0.01.yaml
configs/diagnostics/snapshots_log_interval.yaml
=====> Config files loaded.
========================= Start Main =========================
=====> Saving config file
=====> Config file saved
=====> Using fixed random seed: 1
=====> Wandb initialized
=====> Number of GPUs: 1
Creating RhoLoss...
Cached irreducible losses for 60000 samples in dataset.
=====> Start teacher Validation
=====> teacher Test Accuracy: 0.3504
Begin training for RhoLoss...
=====> Epoch: 0/300, Total_step: 0, lr: 0.001000, Total Time: 0.0000 s, Time this epoch: 0.0000 s
=====> Epoch: 0/300, Train Loss (train loader labels): 2.3024, Train acc (train loader labels): 0.1289, Best val acc: 0.1361, Current val acc: 0.1361, Val Loss: 2.3022
balance: False
selecting samples for epoch 1, ratio 0.1
=====> Epoch: 1/300, Total_step: 1, lr: 0.001000, Total Time: 0.0000 s, Time this epoch: 0.0000 s
=====> Epoch: 1/300, Train Loss (train loader labels): 2.3545, Train acc (train loader labels): 0.0920, Best val acc: 0.1361, Current val acc: 0.0892, Val Loss: 2.3307
=====> Epoch: 1/300, Total_step: 48, lr: 0.001000, Total Time: 0.0000 s, Time this epoch: 0.0000 s
=====> Epoch: 1/300, Train Loss (train loader labels): 2.2204, Train acc (train loader labels): 0.1834, Best val acc: 0.1361, Current val acc: 0.1073, Val Loss: 2.2262
=====> Epoch: 1/300, Total_step: 95, lr: 0.001000, Total Time: 0.0000 s, Time this epoch: 0.0000 s
=====> Epoch: 1/300, Train Loss (train loader labels): 2.2315, Train acc (train loader labels): 0.2559, Best val acc: 0.3424, Current val acc: 0.3424, Val Loss: 2.2251
=====> Epoch: 1/300, Total_step: 142, lr: 0.001000, Total Time: 0.0000 s, Time this epoch: 0.0000 s
=====> Epoch: 1/300, Train Loss (train loader labels): 2.2194, Train acc (train loader labels): 0.2978, Best val acc: 0.3424, Current val acc: 0.3202, Val Loss: 2.2127
=====> Saving current model and best model
balance: False
selecting samples for epoch 2, ratio 0.1
=====> Epoch: 2/300, Total_step: 189, lr: 0.001000, Total Time: 96.0034 s, Time this epoch: 79.7265 s
=====> Epoch: 2/300, Train Loss (train loader labels): 2.2298, Train acc (train loader labels): 0.2936, Best val acc: 0.3556, Current val acc: 0.3556, Val Loss: 2.2229
=====> Epoch: 2/300, Total_step: 236, lr: 0.001000, Total Time: 96.0034 s, Time this epoch: 79.7265 s
=====> Epoch: 2/300, Train Loss (train loader labels): 2.2201, Train acc (train loader labels): 0.3083, Best val acc: 0.4016, Current val acc: 0.4016, Val Loss: 2.2162
=====> Epoch: 2/300, Total_step: 283, lr: 0.001000, Total Time: 96.0034 s, Time this epoch: 79.7265 s
=====> Epoch: 2/300, Train Loss (train loader labels): 2.2333, Train acc (train loader labels): 0.3117, Best val acc: 0.4016, Current val acc: 0.3944, Val Loss: 2.2265
=====> Epoch: 2/300, Total_step: 330, lr: 0.001000, Total Time: 96.0034 s, Time this epoch: 79.7265 s
=====> Epoch: 2/300, Train Loss (train loader labels): 2.2295, Train acc (train loader labels): 0.2966, Best val acc: 0.4016, Current val acc: 0.3702, Val Loss: 2.2267
=====> Saving current model and best model
balance: False
selecting samples for epoch 3, ratio 0.1
=====> Epoch: 3/300, Total_step: 377, lr: 0.001000, Total Time: 176.1174 s, Time this epoch: 79.7906 s
=====> Epoch: 3/300, Train Loss (train loader labels): 2.2335, Train acc (train loader labels): 0.2839, Best val acc: 0.4016, Current val acc: 0.3580, Val Loss: 2.2257
=====> Epoch: 3/300, Total_step: 424, lr: 0.001000, Total Time: 176.1174 s, Time this epoch: 79.7906 s
=====> Epoch: 3/300, Train Loss (train loader labels): 2.2383, Train acc (train loader labels): 0.2878, Best val acc: 0.4016, Current val acc: 0.3843, Val Loss: 2.2313
=====> Epoch: 3/300, Total_step: 471, lr: 0.001000, Total Time: 176.1174 s, Time this epoch: 79.7906 s
=====> Epoch: 3/300, Train Loss (train loader labels): 2.2258, Train acc (train loader labels): 0.2876, Best val acc: 0.4042, Current val acc: 0.4042, Val Loss: 2.2179
=====> Epoch: 3/300, Total_step: 518, lr: 0.001000, Total Time: 176.1174 s, Time this epoch: 79.7906 s
=====> Epoch: 3/300, Train Loss (train loader labels): 2.2330, Train acc (train loader labels): 0.2970, Best val acc: 0.4144, Current val acc: 0.4144, Val Loss: 2.2265
=====> Saving current model and best model
balance: False
selecting samples for epoch 4, ratio 0.1
=====> Epoch: 4/300, Total_step: 565, lr: 0.001000, Total Time: 256.2117 s, Time this epoch: 79.8489 s
=====> Epoch: 4/300, Train Loss (train loader labels): 2.2077, Train acc (train loader labels): 0.3358, Best val acc: 0.4799, Current val acc: 0.4799, Val Loss: 2.2031
=====> Epoch: 4/300, Total_step: 612, lr: 0.001000, Total Time: 256.2117 s, Time this epoch: 79.8489 s
=====> Epoch: 4/300, Train Loss (train loader labels): 2.2371, Train acc (train loader labels): 0.2987, Best val acc: 0.4799, Current val acc: 0.3619, Val Loss: 2.2333
=====> Epoch: 4/300, Total_step: 659, lr: 0.001000, Total Time: 256.2117 s, Time this epoch: 79.8489 s
=====> Epoch: 4/300, Train Loss (train loader labels): 2.2358, Train acc (train loader labels): 0.2831, Best val acc: 0.4799, Current val acc: 0.2677, Val Loss: 2.2361
=====> Epoch: 4/300, Total_step: 706, lr: 0.001000, Total Time: 256.2117 s, Time this epoch: 79.8489 s
=====> Epoch: 4/300, Train Loss (train loader labels): 2.2263, Train acc (train loader labels): 0.2844, Best val acc: 0.4799, Current val acc: 0.3113, Val Loss: 2.2190
=====> Saving current model and best model
balance: False
selecting samples for epoch 5, ratio 0.1
=====> Epoch: 5/300, Total_step: 753, lr: 0.001000, Total Time: 336.3225 s, Time this epoch: 79.8415 s
=====> Epoch: 5/300, Train Loss (train loader labels): 2.2301, Train acc (train loader labels): 0.2482, Best val acc: 0.4799, Current val acc: 0.2923, Val Loss: 2.2246
=====> Epoch: 5/300, Total_step: 800, lr: 0.001000, Total Time: 336.3225 s, Time this epoch: 79.8415 s
=====> Epoch: 5/300, Train Loss (train loader labels): 2.2264, Train acc (train loader labels): 0.2893, Best val acc: 0.4799, Current val acc: 0.3426, Val Loss: 2.2182
=====> Epoch: 5/300, Total_step: 847, lr: 0.001000, Total Time: 336.3225 s, Time this epoch: 79.8415 s
=====> Epoch: 5/300, Train Loss (train loader labels): 2.2304, Train acc (train loader labels): 0.2786, Best val acc: 0.4799, Current val acc: 0.3131, Val Loss: 2.2226
=====> Epoch: 5/300, Total_step: 894, lr: 0.001000, Total Time: 336.3225 s, Time this epoch: 79.8415 s
=====> Epoch: 5/300, Train Loss (train loader labels): 2.2295, Train acc (train loader labels): 0.3256, Best val acc: 0.4799, Current val acc: 0.4341, Val Loss: 2.2260
=====> Saving current model and best model
balance: False
selecting samples for epoch 6, ratio 0.1
=====> Epoch: 6/300, Total_step: 1128, lr: 0.001000, Total Time: 416.7727 s, Time this epoch: 80.1835 s
=====> Epoch: 6/300, Train Loss (train loader labels): 2.2388, Train acc (train loader labels): 0.3131, Best val acc: 0.4799, Current val acc: 0.3875, Val Loss: 2.2348
=====> Saving current model and best model
balance: False
selecting samples for epoch 7, ratio 0.1
=====> Epoch: 7/300, Total_step: 1316, lr: 0.001000, Total Time: 448.3398 s, Time this epoch: 31.3178 s
=====> Epoch: 7/300, Train Loss (train loader labels): 2.2493, Train acc (train loader labels): 0.2986, Best val acc: 0.4799, Current val acc: 0.3598, Val Loss: 2.2391
=====> Saving current model and best model
balance: False
selecting samples for epoch 8, ratio 0.1
=====> Epoch: 8/300, Total_step: 1504, lr: 0.001000, Total Time: 479.7310 s, Time this epoch: 31.1821 s
=====> Epoch: 8/300, Train Loss (train loader labels): 2.2406, Train acc (train loader labels): 0.2628, Best val acc: 0.4799, Current val acc: 0.3107, Val Loss: 2.2333
=====> Saving current model and best model
balance: False
selecting samples for epoch 9, ratio 0.1
=====> Epoch: 9/300, Total_step: 1692, lr: 0.001000, Total Time: 511.2528 s, Time this epoch: 31.2979 s
=====> Epoch: 9/300, Train Loss (train loader labels): 2.2411, Train acc (train loader labels): 0.2773, Best val acc: 0.4799, Current val acc: 0.3333, Val Loss: 2.2350
=====> Saving current model and best model
balance: False
selecting samples for epoch 10, ratio 0.1
=====> Epoch: 10/300, Total_step: 1880, lr: 0.001000, Total Time: 542.8658 s, Time this epoch: 31.3796 s
=====> Epoch: 10/300, Train Loss (train loader labels): 2.2429, Train acc (train loader labels): 0.2567, Best val acc: 0.4799, Current val acc: 0.3043, Val Loss: 2.2344
=====> Saving current model and best model
balance: False
selecting samples for epoch 11, ratio 0.1
=====> Epoch: 11/300, Total_step: 2068, lr: 0.001000, Total Time: 574.2705 s, Time this epoch: 31.1579 s
=====> Epoch: 11/300, Train Loss (train loader labels): 2.2383, Train acc (train loader labels): 0.2649, Best val acc: 0.4799, Current val acc: 0.2812, Val Loss: 2.2328
=====> Saving current model and best model
balance: False
selecting samples for epoch 12, ratio 0.1
=====> Epoch: 12/300, Total_step: 2256, lr: 0.001000, Total Time: 605.5105 s, Time this epoch: 30.9967 s
=====> Epoch: 12/300, Train Loss (train loader labels): 2.2186, Train acc (train loader labels): 0.3108, Best val acc: 0.4799, Current val acc: 0.3805, Val Loss: 2.2134
=====> Saving current model and best model
balance: False
selecting samples for epoch 13, ratio 0.1
=====> Epoch: 13/300, Total_step: 2444, lr: 0.001000, Total Time: 636.9399 s, Time this epoch: 31.1643 s
=====> Epoch: 13/300, Train Loss (train loader labels): 2.2303, Train acc (train loader labels): 0.2786, Best val acc: 0.4799, Current val acc: 0.3368, Val Loss: 2.2231
=====> Saving current model and best model
balance: False
selecting samples for epoch 14, ratio 0.1
=====> Epoch: 14/300, Total_step: 2632, lr: 0.001000, Total Time: 668.2637 s, Time this epoch: 31.0693 s
=====> Epoch: 14/300, Train Loss (train loader labels): 2.2415, Train acc (train loader labels): 0.2772, Best val acc: 0.4799, Current val acc: 0.2999, Val Loss: 2.2354
=====> Saving current model and best model
balance: False
selecting samples for epoch 15, ratio 0.1
=====> Epoch: 15/300, Total_step: 2820, lr: 0.001000, Total Time: 699.6287 s, Time this epoch: 31.1137 s
=====> Epoch: 15/300, Train Loss (train loader labels): 2.2330, Train acc (train loader labels): 0.2639, Best val acc: 0.4799, Current val acc: 0.3318, Val Loss: 2.2272
=====> Saving current model and best model
balance: False
selecting samples for epoch 16, ratio 0.1
=====> Epoch: 16/300, Total_step: 3008, lr: 0.001000, Total Time: 731.0268 s, Time this epoch: 31.1066 s
=====> Epoch: 16/300, Train Loss (train loader labels): 2.2522, Train acc (train loader labels): 0.2574, Best val acc: 0.4799, Current val acc: 0.3162, Val Loss: 2.2503
=====> Saving current model and best model
balance: False
selecting samples for epoch 17, ratio 0.1
=====> Epoch: 17/300, Total_step: 3196, lr: 0.001000, Total Time: 762.3880 s, Time this epoch: 31.1175 s
=====> Epoch: 17/300, Train Loss (train loader labels): 2.2476, Train acc (train loader labels): 0.2838, Best val acc: 0.4799, Current val acc: 0.3691, Val Loss: 2.2421
=====> Saving current model and best model
balance: False
selecting samples for epoch 18, ratio 0.1
=====> Epoch: 18/300, Total_step: 3384, lr: 0.001000, Total Time: 793.8222 s, Time this epoch: 31.2011 s
=====> Epoch: 18/300, Train Loss (train loader labels): 2.2446, Train acc (train loader labels): 0.2766, Best val acc: 0.4799, Current val acc: 0.3621, Val Loss: 2.2391
=====> Saving current model and best model
balance: False
selecting samples for epoch 19, ratio 0.1
=====> Epoch: 19/300, Total_step: 3572, lr: 0.001000, Total Time: 825.0677 s, Time this epoch: 31.0014 s
=====> Epoch: 19/300, Train Loss (train loader labels): 2.2300, Train acc (train loader labels): 0.2448, Best val acc: 0.4799, Current val acc: 0.2402, Val Loss: 2.2282
=====> Saving current model and best model
balance: False
selecting samples for epoch 20, ratio 0.1
=====> Epoch: 20/300, Total_step: 3760, lr: 0.001000, Total Time: 856.4146 s, Time this epoch: 31.0261 s
=====> Epoch: 20/300, Train Loss (train loader labels): 2.2220, Train acc (train loader labels): 0.2887, Best val acc: 0.4799, Current val acc: 0.3677, Val Loss: 2.2114
=====> Saving current model and best model
balance: False
selecting samples for epoch 21, ratio 0.1
=====> Epoch: 21/300, Total_step: 3948, lr: 0.001000, Total Time: 887.7240 s, Time this epoch: 31.0725 s
=====> Epoch: 21/300, Train Loss (train loader labels): 2.2433, Train acc (train loader labels): 0.2713, Best val acc: 0.4799, Current val acc: 0.2837, Val Loss: 2.2349
=====> Saving current model and best model
balance: False
selecting samples for epoch 22, ratio 0.1
=====> Epoch: 22/300, Total_step: 4136, lr: 0.001000, Total Time: 919.0781 s, Time this epoch: 31.1323 s
=====> Epoch: 22/300, Train Loss (train loader labels): 2.2268, Train acc (train loader labels): 0.2751, Best val acc: 0.4799, Current val acc: 0.3797, Val Loss: 2.2239
=====> Saving current model and best model
balance: False
selecting samples for epoch 23, ratio 0.1
=====> Epoch: 23/300, Total_step: 4324, lr: 0.001000, Total Time: 950.2776 s, Time this epoch: 30.9993 s
=====> Epoch: 23/300, Train Loss (train loader labels): 2.2413, Train acc (train loader labels): 0.2827, Best val acc: 0.4799, Current val acc: 0.3454, Val Loss: 2.2343
=====> Saving current model and best model
balance: False
selecting samples for epoch 24, ratio 0.1
=====> Epoch: 24/300, Total_step: 4512, lr: 0.001000, Total Time: 981.6400 s, Time this epoch: 31.1471 s
=====> Epoch: 24/300, Train Loss (train loader labels): 2.2463, Train acc (train loader labels): 0.2607, Best val acc: 0.4799, Current val acc: 0.3168, Val Loss: 2.2441
=====> Saving current model and best model
balance: False
selecting samples for epoch 25, ratio 0.1
=====> Epoch: 25/300, Total_step: 4700, lr: 0.001000, Total Time: 1013.0624 s, Time this epoch: 31.1733 s
=====> Epoch: 25/300, Train Loss (train loader labels): 2.2388, Train acc (train loader labels): 0.2577, Best val acc: 0.4799, Current val acc: 0.3369, Val Loss: 2.2271
=====> Saving current model and best model
balance: False
selecting samples for epoch 26, ratio 0.1
=====> Epoch: 26/300, Total_step: 4888, lr: 0.001000, Total Time: 1044.4529 s, Time this epoch: 31.1362 s
=====> Epoch: 26/300, Train Loss (train loader labels): 2.2406, Train acc (train loader labels): 0.2420, Best val acc: 0.4799, Current val acc: 0.3313, Val Loss: 2.2317
=====> Saving current model and best model
balance: False
selecting samples for epoch 27, ratio 0.1
=====> Saving current model and best model
balance: False
selecting samples for epoch 28, ratio 0.1
=====> Saving current model and best model
balance: False
selecting samples for epoch 29, ratio 0.1
=====> Epoch: 29/300, Total_step: 5452, lr: 0.001000, Total Time: 1105.6416 s, Time this epoch: 14.7680 s
=====> Epoch: 29/300, Train Loss (train loader labels): 2.2422, Train acc (train loader labels): 0.2886, Best val acc: 0.4799, Current val acc: 0.3914, Val Loss: 2.2324
=====> Saving current model and best model
balance: False
selecting samples for epoch 30, ratio 0.1
=====> Saving current model and best model
balance: False
selecting samples for epoch 31, ratio 0.1
=====> Saving current model and best model
balance: False
selecting samples for epoch 32, ratio 0.1
=====> Saving current model and best model
balance: False
selecting samples for epoch 33, ratio 0.1
=====> Epoch: 33/300, Total_step: 6204, lr: 0.001000, Total Time: 1181.9601 s, Time this epoch: 14.6952 s
=====> Epoch: 33/300, Train Loss (train loader labels): 2.2454, Train acc (train loader labels): 0.2875, Best val acc: 0.4799, Current val acc: 0.3296, Val Loss: 2.2383
=====> Saving current model and best model
balance: False
selecting samples for epoch 34, ratio 0.1
=====> Saving current model and best model
balance: False
selecting samples for epoch 35, ratio 0.1
=====> Saving current model and best model
balance: False
selecting samples for epoch 36, ratio 0.1
=====> Saving current model and best model
balance: False
selecting samples for epoch 37, ratio 0.1
=====> Epoch: 37/300, Total_step: 6956, lr: 0.001000, Total Time: 1258.2437 s, Time this epoch: 14.7329 s
=====> Epoch: 37/300, Train Loss (train loader labels): 8.9339, Train acc (train loader labels): 0.2366, Best val acc: 0.4799, Current val acc: 0.3945, Val Loss: 3.5923
=====> Saving current model and best model
balance: False
selecting samples for epoch 38, ratio 0.1
=====> Saving current model and best model
balance: False
selecting samples for epoch 39, ratio 0.1
=====> Saving current model and best model
balance: False
selecting samples for epoch 40, ratio 0.1
=====> Saving current model and best model
balance: False
selecting samples for epoch 41, ratio 0.1
=====> Epoch: 41/300, Total_step: 7708, lr: 0.001000, Total Time: 1334.5195 s, Time this epoch: 14.7559 s
=====> Epoch: 41/300, Train Loss (train loader labels): 4.8683, Train acc (train loader labels): 0.2067, Best val acc: 0.4799, Current val acc: 0.2731, Val Loss: 3.6907
=====> Saving current model and best model
balance: False
selecting samples for epoch 42, ratio 0.1
=====> Saving current model and best model
balance: False
selecting samples for epoch 43, ratio 0.1
=====> Saving current model and best model
balance: False
selecting samples for epoch 44, ratio 0.1
=====> Saving current model and best model
balance: False
selecting samples for epoch 45, ratio 0.1
=====> Epoch: 45/300, Total_step: 8460, lr: 0.001000, Total Time: 1410.7029 s, Time this epoch: 14.7161 s
=====> Epoch: 45/300, Train Loss (train loader labels): 4.1885, Train acc (train loader labels): 0.1969, Best val acc: 0.4799, Current val acc: 0.2721, Val Loss: 3.1523
=====> Saving current model and best model
balance: False
selecting samples for epoch 46, ratio 0.1
=====> Saving current model and best model
balance: False
selecting samples for epoch 47, ratio 0.1
=====> Saving current model and best model
balance: False
selecting samples for epoch 48, ratio 0.1
=====> Saving current model and best model
balance: False
selecting samples for epoch 49, ratio 0.1
=====> Epoch: 49/300, Total_step: 9212, lr: 0.001000, Total Time: 1487.1512 s, Time this epoch: 14.8009 s
=====> Epoch: 49/300, Train Loss (train loader labels): 2.9315, Train acc (train loader labels): 0.2039, Best val acc: 0.4799, Current val acc: 0.2499, Val Loss: 2.4240
=====> Saving current model and best model
balance: False
selecting samples for epoch 50, ratio 0.1
=====> Saving current model and best model
balance: False
selecting samples for epoch 51, ratio 0.1
=====> Saving current model and best model
balance: False
selecting samples for epoch 52, ratio 0.1
=====> Saving current model and best model
balance: False
selecting samples for epoch 53, ratio 0.1
=====> Epoch: 53/300, Total_step: 9964, lr: 0.001000, Total Time: 1564.4091 s, Time this epoch: 14.7625 s
=====> Epoch: 53/300, Train Loss (train loader labels): 2.2444, Train acc (train loader labels): 0.2524, Best val acc: 0.4799, Current val acc: 0.2832, Val Loss: 1.9930
=====> Saving current model and best model
balance: False
selecting samples for epoch 54, ratio 0.1
=====> Saving current model and best model
balance: False
selecting samples for epoch 55, ratio 0.1
=====> Saving current model and best model
balance: False
selecting samples for epoch 56, ratio 0.1
=====> Saving current model and best model
balance: False
selecting samples for epoch 57, ratio 0.1
=====> Epoch: 57/300, Total_step: 10716, lr: 0.001000, Total Time: 1640.6689 s, Time this epoch: 14.7628 s
=====> Epoch: 57/300, Train Loss (train loader labels): 2.2361, Train acc (train loader labels): 0.2570, Best val acc: 0.4799, Current val acc: 0.2944, Val Loss: 2.0385
=====> Saving current model and best model
balance: False
selecting samples for epoch 58, ratio 0.1
=====> Saving current model and best model
balance: False
selecting samples for epoch 59, ratio 0.1
=====> Saving current model and best model
balance: False
selecting samples for epoch 60, ratio 0.1
=====> Saving current model and best model
balance: False
selecting samples for epoch 61, ratio 0.1
=====> Epoch: 61/300, Total_step: 11468, lr: 0.001000, Total Time: 1717.1242 s, Time this epoch: 14.6897 s
=====> Epoch: 61/300, Train Loss (train loader labels): 2.1912, Train acc (train loader labels): 0.1899, Best val acc: 0.4799, Current val acc: 0.2012, Val Loss: 2.0857
=====> Saving current model and best model
balance: False
selecting samples for epoch 62, ratio 0.1
=====> Saving current model and best model
balance: False
selecting samples for epoch 63, ratio 0.1
=====> Saving current model and best model
balance: False
selecting samples for epoch 64, ratio 0.1
=====> Saving current model and best model
balance: False
selecting samples for epoch 65, ratio 0.1
=====> Epoch: 65/300, Total_step: 12220, lr: 0.001000, Total Time: 1793.4625 s, Time this epoch: 14.7092 s
=====> Epoch: 65/300, Train Loss (train loader labels): 2.1427, Train acc (train loader labels): 0.2243, Best val acc: 0.4799, Current val acc: 0.2783, Val Loss: 2.0537
=====> Saving current model and best model
balance: False
selecting samples for epoch 66, ratio 0.1
=====> Saving current model and best model
balance: False
selecting samples for epoch 67, ratio 0.1
=====> Saving current model and best model
balance: False
selecting samples for epoch 68, ratio 0.1
=====> Saving current model and best model
balance: False
selecting samples for epoch 69, ratio 0.1
=====> Saving current model and best model
balance: False
selecting samples for epoch 70, ratio 0.1
=====> Saving current model and best model
balance: False
selecting samples for epoch 71, ratio 0.1
=====> Saving current model and best model
balance: False
selecting samples for epoch 72, ratio 0.1
=====> Saving current model and best model
balance: False
selecting samples for epoch 73, ratio 0.1
=====> Saving current model and best model
balance: False
selecting samples for epoch 74, ratio 0.1
=====> Saving current model and best model
balance: False
selecting samples for epoch 75, ratio 0.1
=====> Saving current model and best model
balance: False
selecting samples for epoch 76, ratio 0.1
=====> Epoch: 76/300, Total_step: 14288, lr: 0.001000, Total Time: 1974.5411 s, Time this epoch: 14.6915 s
=====> Epoch: 76/300, Train Loss (train loader labels): 2.1357, Train acc (train loader labels): 0.2186, Best val acc: 0.4799, Current val acc: 0.2607, Val Loss: 2.1213
=====> Saving current model and best model
balance: False
selecting samples for epoch 77, ratio 0.1
=====> Saving current model and best model
balance: False
selecting samples for epoch 78, ratio 0.1
=====> Saving current model and best model
balance: False
selecting samples for epoch 79, ratio 0.1
=====> Saving current model and best model
balance: False
selecting samples for epoch 80, ratio 0.1
=====> Saving current model and best model
balance: False
selecting samples for epoch 81, ratio 0.1
=====> Saving current model and best model
balance: False
selecting samples for epoch 82, ratio 0.1
=====> Saving current model and best model
balance: False
selecting samples for epoch 83, ratio 0.1
=====> Saving current model and best model
balance: False
selecting samples for epoch 84, ratio 0.1
=====> Saving current model and best model
balance: False
selecting samples for epoch 85, ratio 0.1
=====> Saving current model and best model
balance: False
selecting samples for epoch 86, ratio 0.1
=====> Saving current model and best model
balance: False
selecting samples for epoch 87, ratio 0.1
=====> Saving current model and best model
balance: False
selecting samples for epoch 88, ratio 0.1
=====> Saving current model and best model
balance: False
selecting samples for epoch 89, ratio 0.1
=====> Saving current model and best model
balance: False
selecting samples for epoch 90, ratio 0.1
=====> Saving current model and best model
balance: False
selecting samples for epoch 91, ratio 0.1
=====> Epoch: 91/300, Total_step: 17108, lr: 0.001000, Total Time: 2214.8936 s, Time this epoch: 14.6674 s
=====> Epoch: 91/300, Train Loss (train loader labels): 20.8058, Train acc (train loader labels): 0.1699, Best val acc: 0.4799, Current val acc: 0.2220, Val Loss: 13.7471
=====> Saving current model and best model
balance: False
selecting samples for epoch 92, ratio 0.1
=====> Saving current model and best model
balance: False
selecting samples for epoch 93, ratio 0.1
=====> Saving current model and best model
balance: False
selecting samples for epoch 94, ratio 0.1
=====> Saving current model and best model
balance: False
selecting samples for epoch 95, ratio 0.1
=====> Saving current model and best model
balance: False
selecting samples for epoch 96, ratio 0.1
=====> Saving current model and best model
balance: False
selecting samples for epoch 97, ratio 0.1
=====> Saving current model and best model
balance: False
selecting samples for epoch 98, ratio 0.1
=====> Saving current model and best model
balance: False
selecting samples for epoch 99, ratio 0.1
=====> Saving current model and best model
balance: False
selecting samples for epoch 100, ratio 0.1
=====> Saving current model and best model
balance: False
selecting samples for epoch 101, ratio 0.1
=====> Saving current model and best model
balance: False
selecting samples for epoch 102, ratio 0.1
=====> Saving current model and best model
balance: False
selecting samples for epoch 103, ratio 0.1
=====> Saving current model and best model
balance: False
selecting samples for epoch 104, ratio 0.1
=====> Saving current model and best model
balance: False
selecting samples for epoch 105, ratio 0.1
=====> Saving current model and best model
balance: False
selecting samples for epoch 106, ratio 0.1
=====> Epoch: 106/300, Total_step: 19928, lr: 0.001000, Total Time: 2455.6939 s, Time this epoch: 14.7537 s
=====> Epoch: 106/300, Train Loss (train loader labels): 3.8610, Train acc (train loader labels): 0.1949, Best val acc: 0.4799, Current val acc: 0.2133, Val Loss: 2.7418
=====> Saving current model and best model
balance: False
selecting samples for epoch 107, ratio 0.1
=====> Saving current model and best model
balance: False
selecting samples for epoch 108, ratio 0.1
=====> Saving current model and best model
balance: False
selecting samples for epoch 109, ratio 0.1
=====> Saving current model and best model
balance: False
selecting samples for epoch 110, ratio 0.1
=====> Saving current model and best model
balance: False
selecting samples for epoch 111, ratio 0.1
=====> Saving current model and best model
balance: False
selecting samples for epoch 112, ratio 0.1
=====> Saving current model and best model
balance: False
selecting samples for epoch 113, ratio 0.1
=====> Saving current model and best model
balance: False
selecting samples for epoch 114, ratio 0.1
=====> Saving current model and best model
balance: False
selecting samples for epoch 115, ratio 0.1
=====> Saving current model and best model
balance: False
selecting samples for epoch 116, ratio 0.1
=====> Saving current model and best model
balance: False
selecting samples for epoch 117, ratio 0.1
=====> Saving current model and best model
balance: False
selecting samples for epoch 118, ratio 0.1
=====> Saving current model and best model
balance: False
selecting samples for epoch 119, ratio 0.1
=====> Saving current model and best model
balance: False
selecting samples for epoch 120, ratio 0.1
=====> Saving current model and best model
balance: False
selecting samples for epoch 121, ratio 0.1
=====> Epoch: 121/300, Total_step: 22748, lr: 0.001000, Total Time: 2696.2896 s, Time this epoch: 14.6836 s
=====> Epoch: 121/300, Train Loss (train loader labels): 2.1575, Train acc (train loader labels): 0.2217, Best val acc: 0.4799, Current val acc: 0.2807, Val Loss: 1.9538
=====> Saving current model and best model
balance: False
selecting samples for epoch 122, ratio 0.1
=====> Saving current model and best model
balance: False
selecting samples for epoch 123, ratio 0.1
=====> Saving current model and best model
balance: False
selecting samples for epoch 124, ratio 0.1
=====> Saving current model and best model
balance: False
selecting samples for epoch 125, ratio 0.1
=====> Saving current model and best model
balance: False
selecting samples for epoch 126, ratio 0.1
=====> Saving current model and best model
balance: False
selecting samples for epoch 127, ratio 0.1
=====> Saving current model and best model
balance: False
selecting samples for epoch 128, ratio 0.1
=====> Saving current model and best model
balance: False
selecting samples for epoch 129, ratio 0.1
=====> Saving current model and best model
balance: False
selecting samples for epoch 130, ratio 0.1
=====> Saving current model and best model
balance: False
selecting samples for epoch 131, ratio 0.1
=====> Saving current model and best model
balance: False
selecting samples for epoch 132, ratio 0.1
=====> Saving current model and best model
balance: False
selecting samples for epoch 133, ratio 0.1
=====> Saving current model and best model
balance: False
selecting samples for epoch 134, ratio 0.1
=====> Saving current model and best model
balance: False
selecting samples for epoch 135, ratio 0.1
=====> Saving current model and best model
balance: False
selecting samples for epoch 136, ratio 0.1
=====> Epoch: 136/300, Total_step: 25568, lr: 0.001000, Total Time: 2936.3640 s, Time this epoch: 14.8337 s
=====> Epoch: 136/300, Train Loss (train loader labels): 1693.8455, Train acc (train loader labels): 0.1289, Best val acc: 0.4799, Current val acc: 0.0939, Val Loss: 1657.3616
=====> Saving current model and best model
balance: False
selecting samples for epoch 137, ratio 0.1
=====> Saving current model and best model
balance: False
selecting samples for epoch 138, ratio 0.1
=====> Saving current model and best model
balance: False
selecting samples for epoch 139, ratio 0.1
=====> Saving current model and best model
balance: False
selecting samples for epoch 140, ratio 0.1
=====> Saving current model and best model
balance: False
selecting samples for epoch 141, ratio 0.1
=====> Saving current model and best model
balance: False
selecting samples for epoch 142, ratio 0.1
=====> Saving current model and best model
balance: False
selecting samples for epoch 143, ratio 0.1
=====> Saving current model and best model
balance: False
selecting samples for epoch 144, ratio 0.1
=====> Saving current model and best model
balance: False
selecting samples for epoch 145, ratio 0.1
=====> Saving current model and best model
balance: False
selecting samples for epoch 146, ratio 0.1
=====> Saving current model and best model
balance: False
selecting samples for epoch 147, ratio 0.1
=====> Saving current model and best model
balance: False
selecting samples for epoch 148, ratio 0.1
=====> Saving current model and best model
balance: False
selecting samples for epoch 149, ratio 0.1
=====> Saving current model and best model
balance: False
selecting samples for epoch 150, ratio 0.1
=====> Saving current model and best model
balance: False
selecting samples for epoch 151, ratio 0.1
=====> Epoch: 151/300, Total_step: 28388, lr: 0.001000, Total Time: 3176.4618 s, Time this epoch: 14.7558 s
=====> Epoch: 151/300, Train Loss (train loader labels): 6.3904, Train acc (train loader labels): 0.2443, Best val acc: 0.4799, Current val acc: 0.2846, Val Loss: 5.6805
=====> Saving current model and best model
balance: False
selecting samples for epoch 152, ratio 0.1
=====> Saving current model and best model
balance: False
selecting samples for epoch 153, ratio 0.1
=====> Saving current model and best model
balance: False
selecting samples for epoch 154, ratio 0.1
=====> Saving current model and best model
balance: False
selecting samples for epoch 155, ratio 0.1
=====> Saving current model and best model
balance: False
selecting samples for epoch 156, ratio 0.1
=====> Saving current model and best model
balance: False
selecting samples for epoch 157, ratio 0.1
=====> Saving current model and best model
balance: False
selecting samples for epoch 158, ratio 0.1
=====> Saving current model and best model
balance: False
selecting samples for epoch 159, ratio 0.1
=====> Saving current model and best model
balance: False
selecting samples for epoch 160, ratio 0.1
=====> Saving current model and best model
balance: False
selecting samples for epoch 161, ratio 0.1
=====> Saving current model and best model
balance: False
selecting samples for epoch 162, ratio 0.1
=====> Saving current model and best model
balance: False
selecting samples for epoch 163, ratio 0.1
=====> Saving current model and best model
balance: False
selecting samples for epoch 164, ratio 0.1
=====> Saving current model and best model
balance: False
selecting samples for epoch 165, ratio 0.1
=====> Saving current model and best model
balance: False
selecting samples for epoch 166, ratio 0.1
=====> Epoch: 166/300, Total_step: 31208, lr: 0.001000, Total Time: 3417.2567 s, Time this epoch: 14.8009 s
=====> Epoch: 166/300, Train Loss (train loader labels): 3.7246, Train acc (train loader labels): 0.2269, Best val acc: 0.4799, Current val acc: 0.2654, Val Loss: 3.3417
=====> Saving current model and best model
balance: False
selecting samples for epoch 167, ratio 0.1
=====> Saving current model and best model
balance: False
selecting samples for epoch 168, ratio 0.1
=====> Saving current model and best model
balance: False
selecting samples for epoch 169, ratio 0.1
=====> Saving current model and best model
balance: False
selecting samples for epoch 170, ratio 0.1
=====> Saving current model and best model
balance: False
selecting samples for epoch 171, ratio 0.1
=====> Saving current model and best model
balance: False
selecting samples for epoch 172, ratio 0.1
=====> Saving current model and best model
balance: False
selecting samples for epoch 173, ratio 0.1
=====> Saving current model and best model
balance: False
selecting samples for epoch 174, ratio 0.1
=====> Saving current model and best model
balance: False
selecting samples for epoch 175, ratio 0.1
=====> Saving current model and best model
balance: False
selecting samples for epoch 176, ratio 0.1
=====> Saving current model and best model
balance: False
selecting samples for epoch 177, ratio 0.1
=====> Saving current model and best model
balance: False
selecting samples for epoch 178, ratio 0.1
=====> Saving current model and best model
balance: False
selecting samples for epoch 179, ratio 0.1
=====> Saving current model and best model
balance: False
selecting samples for epoch 180, ratio 0.1
=====> Saving current model and best model
balance: False
selecting samples for epoch 181, ratio 0.1
=====> Epoch: 181/300, Total_step: 34028, lr: 0.001000, Total Time: 3657.9320 s, Time this epoch: 14.7047 s
=====> Epoch: 181/300, Train Loss (train loader labels): 2.0679, Train acc (train loader labels): 0.2645, Best val acc: 0.4799, Current val acc: 0.3229, Val Loss: 2.0283
=====> Saving current model and best model
balance: False
selecting samples for epoch 182, ratio 0.1
=====> Saving current model and best model
balance: False
selecting samples for epoch 183, ratio 0.1
=====> Saving current model and best model
balance: False
selecting samples for epoch 184, ratio 0.1
=====> Saving current model and best model
balance: False
selecting samples for epoch 185, ratio 0.1
=====> Saving current model and best model
balance: False
selecting samples for epoch 186, ratio 0.1
=====> Saving current model and best model
balance: False
selecting samples for epoch 187, ratio 0.1
=====> Saving current model and best model
balance: False
selecting samples for epoch 188, ratio 0.1
=====> Saving current model and best model
balance: False
selecting samples for epoch 189, ratio 0.1
=====> Saving current model and best model
balance: False
selecting samples for epoch 190, ratio 0.1
=====> Saving current model and best model
balance: False
selecting samples for epoch 191, ratio 0.1
=====> Saving current model and best model
balance: False
selecting samples for epoch 192, ratio 0.1
=====> Saving current model and best model
balance: False
selecting samples for epoch 193, ratio 0.1
=====> Saving current model and best model
balance: False
selecting samples for epoch 194, ratio 0.1
=====> Saving current model and best model
balance: False
selecting samples for epoch 195, ratio 0.1
=====> Saving current model and best model
balance: False
selecting samples for epoch 196, ratio 0.1
=====> Epoch: 196/300, Total_step: 36848, lr: 0.001000, Total Time: 3898.3834 s, Time this epoch: 14.7081 s
=====> Epoch: 196/300, Train Loss (train loader labels): 2.1731, Train acc (train loader labels): 0.2792, Best val acc: 0.4799, Current val acc: 0.3305, Val Loss: 2.1631
=====> Saving current model and best model
balance: False
selecting samples for epoch 197, ratio 0.1
=====> Saving current model and best model
balance: False
selecting samples for epoch 198, ratio 0.1
=====> Saving current model and best model
balance: False
selecting samples for epoch 199, ratio 0.1
=====> Saving current model and best model
balance: False
selecting samples for epoch 200, ratio 0.1
=====> Saving current model and best model
balance: False
selecting samples for epoch 201, ratio 0.1
=====> Saving current model and best model
balance: False
selecting samples for epoch 202, ratio 0.1
=====> Saving current model and best model
balance: False
selecting samples for epoch 203, ratio 0.1
=====> Saving current model and best model
balance: False
selecting samples for epoch 204, ratio 0.1
=====> Saving current model and best model
balance: False
selecting samples for epoch 205, ratio 0.1
=====> Saving current model and best model
balance: False
selecting samples for epoch 206, ratio 0.1
=====> Saving current model and best model
balance: False
selecting samples for epoch 207, ratio 0.1
=====> Saving current model and best model
balance: False
selecting samples for epoch 208, ratio 0.1
=====> Saving current model and best model
balance: False
selecting samples for epoch 209, ratio 0.1
=====> Saving current model and best model
balance: False
selecting samples for epoch 210, ratio 0.1
=====> Saving current model and best model
balance: False
selecting samples for epoch 211, ratio 0.1
=====> Epoch: 211/300, Total_step: 39668, lr: 0.001000, Total Time: 4139.4297 s, Time this epoch: 14.7585 s
=====> Epoch: 211/300, Train Loss (train loader labels): 2.1978, Train acc (train loader labels): 0.3099, Best val acc: 0.4799, Current val acc: 0.3906, Val Loss: 2.1871
=====> Saving current model and best model
balance: False
selecting samples for epoch 212, ratio 0.1
=====> Saving current model and best model
balance: False
selecting samples for epoch 213, ratio 0.1
=====> Saving current model and best model
balance: False
selecting samples for epoch 214, ratio 0.1
=====> Saving current model and best model
balance: False
selecting samples for epoch 215, ratio 0.1
=====> Saving current model and best model
balance: False
selecting samples for epoch 216, ratio 0.1
=====> Saving current model and best model
balance: False
selecting samples for epoch 217, ratio 0.1
=====> Saving current model and best model
balance: False
selecting samples for epoch 218, ratio 0.1
=====> Saving current model and best model
balance: False
selecting samples for epoch 219, ratio 0.1
=====> Saving current model and best model
balance: False
selecting samples for epoch 220, ratio 0.1
=====> Saving current model and best model
balance: False
selecting samples for epoch 221, ratio 0.1
=====> Saving current model and best model
balance: False
selecting samples for epoch 222, ratio 0.1
=====> Saving current model and best model
balance: False
selecting samples for epoch 223, ratio 0.1
=====> Saving current model and best model
balance: False
selecting samples for epoch 224, ratio 0.1
=====> Saving current model and best model
balance: False
selecting samples for epoch 225, ratio 0.1
=====> Saving current model and best model
balance: False
selecting samples for epoch 226, ratio 0.1
=====> Epoch: 226/300, Total_step: 42488, lr: 0.001000, Total Time: 4380.3834 s, Time this epoch: 14.8144 s
=====> Epoch: 226/300, Train Loss (train loader labels): 2.2128, Train acc (train loader labels): 0.3036, Best val acc: 0.4799, Current val acc: 0.3970, Val Loss: 2.2109
=====> Saving current model and best model
balance: False
selecting samples for epoch 227, ratio 0.1
=====> Saving current model and best model
balance: False
selecting samples for epoch 228, ratio 0.1
=====> Saving current model and best model
balance: False
selecting samples for epoch 229, ratio 0.1
=====> Saving current model and best model
balance: False
selecting samples for epoch 230, ratio 0.1
=====> Saving current model and best model
balance: False
selecting samples for epoch 231, ratio 0.1
=====> Saving current model and best model
balance: False
selecting samples for epoch 232, ratio 0.1
=====> Saving current model and best model
balance: False
selecting samples for epoch 233, ratio 0.1
=====> Saving current model and best model
balance: False
selecting samples for epoch 234, ratio 0.1
=====> Saving current model and best model
balance: False
selecting samples for epoch 235, ratio 0.1
=====> Saving current model and best model
balance: False
selecting samples for epoch 236, ratio 0.1
=====> Saving current model and best model
balance: False
selecting samples for epoch 237, ratio 0.1
=====> Saving current model and best model
balance: False
selecting samples for epoch 238, ratio 0.1
=====> Saving current model and best model
balance: False
selecting samples for epoch 239, ratio 0.1
=====> Saving current model and best model
balance: False
selecting samples for epoch 240, ratio 0.1
=====> Saving current model and best model
balance: False
selecting samples for epoch 241, ratio 0.1
=====> Epoch: 241/300, Total_step: 45308, lr: 0.001000, Total Time: 4620.5449 s, Time this epoch: 14.7106 s
=====> Epoch: 241/300, Train Loss (train loader labels): 2.1995, Train acc (train loader labels): 0.3404, Best val acc: 0.4799, Current val acc: 0.4610, Val Loss: 2.1883
=====> Saving current model and best model
balance: False
selecting samples for epoch 242, ratio 0.1
=====> Saving current model and best model
balance: False
selecting samples for epoch 243, ratio 0.1
=====> Saving current model and best model
balance: False
selecting samples for epoch 244, ratio 0.1
=====> Saving current model and best model
balance: False
selecting samples for epoch 245, ratio 0.1
=====> Saving current model and best model
balance: False
selecting samples for epoch 246, ratio 0.1
=====> Saving current model and best model
balance: False
selecting samples for epoch 247, ratio 0.1
=====> Saving current model and best model
balance: False
selecting samples for epoch 248, ratio 0.1
=====> Saving current model and best model
balance: False
selecting samples for epoch 249, ratio 0.1
=====> Saving current model and best model
balance: False
selecting samples for epoch 250, ratio 0.1
=====> Saving current model and best model
balance: False
selecting samples for epoch 251, ratio 0.1
=====> Saving current model and best model
balance: False
selecting samples for epoch 252, ratio 0.1
=====> Saving current model and best model
balance: False
selecting samples for epoch 253, ratio 0.1
=====> Saving current model and best model
balance: False
selecting samples for epoch 254, ratio 0.1
=====> Saving current model and best model
balance: False
selecting samples for epoch 255, ratio 0.1
=====> Saving current model and best model
balance: False
selecting samples for epoch 256, ratio 0.1
=====> Epoch: 256/300, Total_step: 48128, lr: 0.001000, Total Time: 4862.5707 s, Time this epoch: 14.7917 s
=====> Epoch: 256/300, Train Loss (train loader labels): 2.2088, Train acc (train loader labels): 0.3321, Best val acc: 0.4799, Current val acc: 0.4303, Val Loss: 2.2039
=====> Saving current model and best model
balance: False
selecting samples for epoch 257, ratio 0.1
=====> Saving current model and best model
balance: False
selecting samples for epoch 258, ratio 0.1
=====> Saving current model and best model
balance: False
selecting samples for epoch 259, ratio 0.1
=====> Saving current model and best model
balance: False
selecting samples for epoch 260, ratio 0.1
=====> Saving current model and best model
balance: False
selecting samples for epoch 261, ratio 0.1
=====> Saving current model and best model
balance: False
selecting samples for epoch 262, ratio 0.1
=====> Saving current model and best model
balance: False
selecting samples for epoch 263, ratio 0.1
=====> Saving current model and best model
balance: False
selecting samples for epoch 264, ratio 0.1
=====> Saving current model and best model
balance: False
selecting samples for epoch 265, ratio 0.1
=====> Saving current model and best model
balance: False
selecting samples for epoch 266, ratio 0.1
=====> Saving current model and best model
balance: False
selecting samples for epoch 267, ratio 0.1
=====> Saving current model and best model
balance: False
selecting samples for epoch 268, ratio 0.1
=====> Saving current model and best model
balance: False
selecting samples for epoch 269, ratio 0.1
=====> Saving current model and best model
balance: False
selecting samples for epoch 270, ratio 0.1
=====> Saving current model and best model
balance: False
selecting samples for epoch 271, ratio 0.1
=====> Epoch: 271/300, Total_step: 50948, lr: 0.001000, Total Time: 5103.7223 s, Time this epoch: 14.6712 s
=====> Epoch: 271/300, Train Loss (train loader labels): 2.2445, Train acc (train loader labels): 0.2701, Best val acc: 0.4799, Current val acc: 0.3508, Val Loss: 2.2379
=====> Saving current model and best model
balance: False
selecting samples for epoch 272, ratio 0.1
=====> Saving current model and best model
balance: False
selecting samples for epoch 273, ratio 0.1
=====> Saving current model and best model
balance: False
selecting samples for epoch 274, ratio 0.1
=====> Saving current model and best model
balance: False
selecting samples for epoch 275, ratio 0.1
=====> Saving current model and best model
balance: False
selecting samples for epoch 276, ratio 0.1
=====> Saving current model and best model
balance: False
selecting samples for epoch 277, ratio 0.1
=====> Saving current model and best model
balance: False
selecting samples for epoch 278, ratio 0.1
=====> Saving current model and best model
balance: False
selecting samples for epoch 279, ratio 0.1
=====> Saving current model and best model
balance: False
selecting samples for epoch 280, ratio 0.1
=====> Saving current model and best model
balance: False
selecting samples for epoch 281, ratio 0.1
=====> Saving current model and best model
balance: False
selecting samples for epoch 282, ratio 0.1
=====> Saving current model and best model
balance: False
selecting samples for epoch 283, ratio 0.1
=====> Saving current model and best model
balance: False
selecting samples for epoch 284, ratio 0.1
=====> Saving current model and best model
balance: False
selecting samples for epoch 285, ratio 0.1
=====> Saving current model and best model
balance: False
selecting samples for epoch 286, ratio 0.1
=====> Epoch: 286/300, Total_step: 53768, lr: 0.001000, Total Time: 5344.7178 s, Time this epoch: 14.6987 s
=====> Epoch: 286/300, Train Loss (train loader labels): 2.2396, Train acc (train loader labels): 0.2774, Best val acc: 0.4799, Current val acc: 0.2914, Val Loss: 2.2328
=====> Saving current model and best model
balance: False
selecting samples for epoch 287, ratio 0.1
=====> Saving current model and best model
balance: False
selecting samples for epoch 288, ratio 0.1
=====> Saving current model and best model
balance: False
selecting samples for epoch 289, ratio 0.1
=====> Saving current model and best model
balance: False
selecting samples for epoch 290, ratio 0.1
=====> Saving current model and best model
balance: False
selecting samples for epoch 291, ratio 0.1
=====> Saving current model and best model
balance: False
selecting samples for epoch 292, ratio 0.1
=====> Saving current model and best model
balance: False
selecting samples for epoch 293, ratio 0.1
=====> Saving current model and best model
balance: False
selecting samples for epoch 294, ratio 0.1
=====> Saving current model and best model
balance: False
selecting samples for epoch 295, ratio 0.1
=====> Saving current model and best model
balance: False
selecting samples for epoch 296, ratio 0.1
=====> Saving current model and best model
balance: False
selecting samples for epoch 297, ratio 0.1
=====> Saving current model and best model
balance: False
selecting samples for epoch 298, ratio 0.1
=====> Saving current model and best model
balance: False
selecting samples for epoch 299, ratio 0.1
=====> Saving current model and best model
balance: False
selecting samples for epoch 300, ratio 0.1
=====> Epoch: 300/300, Total_step: 56400, lr: 0.001000, Total Time: 5570.8344 s, Time this epoch: 14.8291 s
=====> Epoch: 300/300, Train Loss (train loader labels): 8.4096, Train acc (train loader labels): 0.1505, Best val acc: 0.4799, Current val acc: 0.1617, Val Loss: 6.4509
=====> Saving current model and best model
Saved helper snapshots to /home/mward19/Documents/miller/Online-Batch-Selection/snapshots/MNIST/{"bsel":"RhoLoss","seed":1,"model":"DeepLinear","opt":"adamw","bs":320,"ratio":0.1,"lr":0.001,"wd":0.01,"layers":8,"hidden_dim":1000}.p
Saved selected points array to /home/mward19/Documents/miller/Online-Batch-Selection/selected_points/MNIST/{"bsel":"RhoLoss","seed":1,"model":"DeepLinear","opt":"adamw","bs":320,"ratio":0.1,"lr":0.001,"wd":0.01,"layers":8,"hidden_dim":1000}.npy
========================= End Main =========================
