save_dir: ./exp/CIFAR3/Uniform_deeplinear_bs320_ep300_lr0.001_AdamW_constant_seed3_r0.1_36_hidden
=====> Loading config files: 
configs/cifar3/method/uniform-0.1.yaml
configs/cifar3/data/cifar3.yaml
configs/cifar3/model/deep_linear_saxe/deep_linear_36.yaml
configs/cifar3/optim/adamw-320-0.001-0.01.yaml
configs/diagnostics/snapshots_log_interval.yaml
=====> Config files loaded.
========================= Start Main =========================
=====> Saving config file
=====> Config file saved
=====> Using fixed random seed: 3
=====> Wandb initialized
=====> Number of GPUs: 1
Creating Uniform...
Begin training for Uniform...
=====> Epoch: 0/300, Total_step: 0, lr: 0.001000, Total Time: 0.0000 s, Time this epoch: 0.0000 s
=====> Epoch: 0/300, Train Loss (train loader labels): 1.0987, Train acc (train loader labels): 0.3333, Best val acc: 0.3333, Current val acc: 0.3333, Val Loss: 1.0987
selecting samples for epoch 1
balance: False
ratio: 0.1
=====> Epoch: 1/300, Total_step: 1, lr: 0.001000, Total Time: 0.0000 s, Time this epoch: 0.0000 s
=====> Epoch: 1/300, Train Loss (train loader labels): 1.1948, Train acc (train loader labels): 0.3333, Best val acc: 0.3333, Current val acc: 0.3333, Val Loss: 1.1948
=====> Epoch: 1/300, Total_step: 12, lr: 0.001000, Total Time: 0.0000 s, Time this epoch: 0.0000 s
=====> Epoch: 1/300, Train Loss (train loader labels): 2.5655, Train acc (train loader labels): 0.3075, Best val acc: 0.3333, Current val acc: 0.3163, Val Loss: 2.5124
=====> Epoch: 1/300, Total_step: 23, lr: 0.001000, Total Time: 0.0000 s, Time this epoch: 0.0000 s
=====> Epoch: 1/300, Train Loss (train loader labels): 9847.8662, Train acc (train loader labels): 0.3123, Best val acc: 0.3333, Current val acc: 0.3203, Val Loss: 9574.9082
=====> Epoch: 1/300, Total_step: 34, lr: 0.001000, Total Time: 0.0000 s, Time this epoch: 0.0000 s
=====> Epoch: 1/300, Train Loss (train loader labels): 110758.0938, Train acc (train loader labels): 0.3299, Best val acc: 0.3440, Current val acc: 0.3440, Val Loss: 105810.4141
=====> Epoch: 1/300, Total_step: 45, lr: 0.001000, Total Time: 0.0000 s, Time this epoch: 0.0000 s
=====> Epoch: 1/300, Train Loss (train loader labels): 6895562.0000, Train acc (train loader labels): 0.3144, Best val acc: 0.3440, Current val acc: 0.3100, Val Loss: 6836085.5000
=====> Saving current model and best model
selecting samples for epoch 2
balance: False
ratio: 0.1
=====> Epoch: 2/300, Total_step: 48, lr: 0.001000, Total Time: 126.2275 s, Time this epoch: 107.4749 s
=====> Epoch: 2/300, Train Loss (train loader labels): 20364326.0000, Train acc (train loader labels): 0.3281, Best val acc: 0.3440, Current val acc: 0.3203, Val Loss: 20067074.0000
=====> Epoch: 2/300, Total_step: 59, lr: 0.001000, Total Time: 126.2275 s, Time this epoch: 107.4749 s
=====> Epoch: 2/300, Train Loss (train loader labels): 566995840.0000, Train acc (train loader labels): 0.2998, Best val acc: 0.3440, Current val acc: 0.3063, Val Loss: 579165952.0000
=====> Epoch: 2/300, Total_step: 70, lr: 0.001000, Total Time: 126.2275 s, Time this epoch: 107.4749 s
=====> Epoch: 2/300, Train Loss (train loader labels): 4466629120.0000, Train acc (train loader labels): 0.3157, Best val acc: 0.3440, Current val acc: 0.3247, Val Loss: 4348864000.0000
=====> Epoch: 2/300, Total_step: 81, lr: 0.001000, Total Time: 126.2275 s, Time this epoch: 107.4749 s
=====> Epoch: 2/300, Train Loss (train loader labels): 187510538240.0000, Train acc (train loader labels): 0.2745, Best val acc: 0.3440, Current val acc: 0.2697, Val Loss: 185997983744.0000
=====> Epoch: 2/300, Total_step: 92, lr: 0.001000, Total Time: 126.2275 s, Time this epoch: 107.4749 s
=====> Epoch: 2/300, Train Loss (train loader labels): 250297339346944.0000, Train acc (train loader labels): 0.3443, Best val acc: 0.3517, Current val acc: 0.3517, Val Loss: 239922225086464.0000
=====> Saving current model and best model
selecting samples for epoch 3
balance: False
ratio: 0.1
=====> Epoch: 3/300, Total_step: 95, lr: 0.001000, Total Time: 234.1861 s, Time this epoch: 106.7795 s
=====> Epoch: 3/300, Train Loss (train loader labels): 6286365926883328.0000, Train acc (train loader labels): 0.3795, Best val acc: 0.3893, Current val acc: 0.3893, Val Loss: 5832926902091776.0000
=====> Epoch: 3/300, Total_step: 106, lr: 0.001000, Total Time: 234.1861 s, Time this epoch: 106.7795 s
=====> Epoch: 3/300, Train Loss (train loader labels): 3453073175347200.0000, Train acc (train loader labels): 0.3205, Best val acc: 0.3893, Current val acc: 0.2957, Val Loss: 3424828396666880.0000
=====> Epoch: 3/300, Total_step: 117, lr: 0.001000, Total Time: 234.1861 s, Time this epoch: 106.7795 s
=====> Epoch: 3/300, Train Loss (train loader labels): 47739141315624960.0000, Train acc (train loader labels): 0.2968, Best val acc: 0.3893, Current val acc: 0.2940, Val Loss: 47892209655087104.0000
=====> Epoch: 3/300, Total_step: 128, lr: 0.001000, Total Time: 234.1861 s, Time this epoch: 106.7795 s
=====> Epoch: 3/300, Train Loss (train loader labels): 441744395780227072.0000, Train acc (train loader labels): 0.3137, Best val acc: 0.3893, Current val acc: 0.3023, Val Loss: 437525535304712192.0000
=====> Epoch: 3/300, Total_step: 139, lr: 0.001000, Total Time: 234.1861 s, Time this epoch: 106.7795 s
=====> Epoch: 3/300, Train Loss (train loader labels): 139769780683931648.0000, Train acc (train loader labels): 0.3209, Best val acc: 0.3893, Current val acc: 0.3280, Val Loss: 133681020296757248.0000
=====> Saving current model and best model
selecting samples for epoch 4
balance: False
ratio: 0.1
=====> Epoch: 4/300, Total_step: 142, lr: 0.001000, Total Time: 342.6039 s, Time this epoch: 107.1863 s
=====> Epoch: 4/300, Train Loss (train loader labels): 503833748681261056.0000, Train acc (train loader labels): 0.2740, Best val acc: 0.3893, Current val acc: 0.2827, Val Loss: 547859087610609664.0000
=====> Epoch: 4/300, Total_step: 153, lr: 0.001000, Total Time: 342.6039 s, Time this epoch: 107.1863 s
=====> Epoch: 4/300, Train Loss (train loader labels): 159307571245394952192.0000, Train acc (train loader labels): 0.3404, Best val acc: 0.3893, Current val acc: 0.3527, Val Loss: 156195671863812161536.0000
=====> Epoch: 4/300, Total_step: 164, lr: 0.001000, Total Time: 342.6039 s, Time this epoch: 107.1863 s
=====> Epoch: 4/300, Train Loss (train loader labels): 51509384176375693312.0000, Train acc (train loader labels): 0.3544, Best val acc: 0.3893, Current val acc: 0.3503, Val Loss: 51181501012879867904.0000
=====> Epoch: 4/300, Total_step: 175, lr: 0.001000, Total Time: 342.6039 s, Time this epoch: 107.1863 s
=====> Epoch: 4/300, Train Loss (train loader labels): 204970042856327610368.0000, Train acc (train loader labels): 0.3341, Best val acc: 0.3893, Current val acc: 0.3210, Val Loss: 204263487888225730560.0000
=====> Epoch: 4/300, Total_step: 186, lr: 0.001000, Total Time: 342.6039 s, Time this epoch: 107.1863 s
=====> Epoch: 4/300, Train Loss (train loader labels): 197965133440603914240.0000, Train acc (train loader labels): 0.3065, Best val acc: 0.3893, Current val acc: 0.3127, Val Loss: 191013334834548310016.0000
=====> Saving current model and best model
selecting samples for epoch 5
balance: False
ratio: 0.1
=====> Epoch: 5/300, Total_step: 189, lr: 0.001000, Total Time: 450.4694 s, Time this epoch: 106.5796 s
=====> Epoch: 5/300, Train Loss (train loader labels): 12055211513191858176.0000, Train acc (train loader labels): 0.3641, Best val acc: 0.3893, Current val acc: 0.3600, Val Loss: 11996706499477897216.0000
=====> Epoch: 5/300, Total_step: 200, lr: 0.001000, Total Time: 450.4694 s, Time this epoch: 106.5796 s
=====> Epoch: 5/300, Train Loss (train loader labels): 28928731468926025728.0000, Train acc (train loader labels): 0.3553, Best val acc: 0.3893, Current val acc: 0.3597, Val Loss: 27687162938841366528.0000
=====> Epoch: 5/300, Total_step: 211, lr: 0.001000, Total Time: 450.4694 s, Time this epoch: 106.5796 s
=====> Epoch: 5/300, Train Loss (train loader labels): 6045340879151955968.0000, Train acc (train loader labels): 0.3356, Best val acc: 0.3893, Current val acc: 0.3227, Val Loss: 5958498702011138048.0000
=====> Epoch: 5/300, Total_step: 222, lr: 0.001000, Total Time: 450.4694 s, Time this epoch: 106.5796 s
=====> Epoch: 5/300, Train Loss (train loader labels): 4234145886164221952.0000, Train acc (train loader labels): 0.3451, Best val acc: 0.3893, Current val acc: 0.3417, Val Loss: 4187982065838325760.0000
=====> Epoch: 5/300, Total_step: 233, lr: 0.001000, Total Time: 450.4694 s, Time this epoch: 106.5796 s
=====> Epoch: 5/300, Train Loss (train loader labels): 595637472042418176.0000, Train acc (train loader labels): 0.3103, Best val acc: 0.3893, Current val acc: 0.3287, Val Loss: 614677027705847808.0000
=====> Saving current model and best model
selecting samples for epoch 6
balance: False
ratio: 0.1
=====> Epoch: 6/300, Total_step: 282, lr: 0.001000, Total Time: 559.1637 s, Time this epoch: 107.4934 s
=====> Epoch: 6/300, Train Loss (train loader labels): 141859857799053312.0000, Train acc (train loader labels): 0.2897, Best val acc: 0.3893, Current val acc: 0.2880, Val Loss: 147145390582398976.0000
=====> Saving current model and best model
selecting samples for epoch 7
balance: False
ratio: 0.1
=====> Epoch: 7/300, Total_step: 329, lr: 0.001000, Total Time: 596.4088 s, Time this epoch: 36.0070 s
=====> Epoch: 7/300, Train Loss (train loader labels): 100466225720590336.0000, Train acc (train loader labels): 0.2806, Best val acc: 0.3893, Current val acc: 0.2737, Val Loss: 104838966284386304.0000
=====> Saving current model and best model
selecting samples for epoch 8
balance: False
ratio: 0.1
=====> Epoch: 8/300, Total_step: 376, lr: 0.001000, Total Time: 633.6827 s, Time this epoch: 35.9093 s
=====> Epoch: 8/300, Train Loss (train loader labels): 40349538413707264.0000, Train acc (train loader labels): 0.3267, Best val acc: 0.3893, Current val acc: 0.3200, Val Loss: 40945057104134144.0000
=====> Saving current model and best model
selecting samples for epoch 9
balance: False
ratio: 0.1
=====> Epoch: 9/300, Total_step: 423, lr: 0.001000, Total Time: 670.8017 s, Time this epoch: 35.9241 s
=====> Epoch: 9/300, Train Loss (train loader labels): 33082623400083456.0000, Train acc (train loader labels): 0.2853, Best val acc: 0.3893, Current val acc: 0.2820, Val Loss: 34747114353328128.0000
=====> Saving current model and best model
selecting samples for epoch 10
balance: False
ratio: 0.1
=====> Epoch: 10/300, Total_step: 470, lr: 0.001000, Total Time: 707.9152 s, Time this epoch: 35.8706 s
=====> Epoch: 10/300, Train Loss (train loader labels): 23512177839177728.0000, Train acc (train loader labels): 0.2949, Best val acc: 0.3893, Current val acc: 0.2880, Val Loss: 24726895522217984.0000
=====> Saving current model and best model
selecting samples for epoch 11
balance: False
ratio: 0.1
=====> Epoch: 11/300, Total_step: 517, lr: 0.001000, Total Time: 744.8328 s, Time this epoch: 35.7531 s
=====> Epoch: 11/300, Train Loss (train loader labels): 21431736483184640.0000, Train acc (train loader labels): 0.3311, Best val acc: 0.3893, Current val acc: 0.3213, Val Loss: 21302670568456192.0000
=====> Saving current model and best model
selecting samples for epoch 12
balance: False
ratio: 0.1
=====> Epoch: 12/300, Total_step: 564, lr: 0.001000, Total Time: 781.8702 s, Time this epoch: 35.8701 s
=====> Epoch: 12/300, Train Loss (train loader labels): 15407631459942400.0000, Train acc (train loader labels): 0.3173, Best val acc: 0.3893, Current val acc: 0.3083, Val Loss: 16216796856057856.0000
=====> Saving current model and best model
selecting samples for epoch 13
balance: False
ratio: 0.1
=====> Epoch: 13/300, Total_step: 611, lr: 0.001000, Total Time: 818.8899 s, Time this epoch: 35.7940 s
=====> Epoch: 13/300, Train Loss (train loader labels): 14432219690958848.0000, Train acc (train loader labels): 0.2967, Best val acc: 0.3893, Current val acc: 0.2817, Val Loss: 15334735127511040.0000
=====> Saving current model and best model
selecting samples for epoch 14
balance: False
ratio: 0.1
=====> Epoch: 14/300, Total_step: 658, lr: 0.001000, Total Time: 855.8647 s, Time this epoch: 35.7611 s
=====> Epoch: 14/300, Train Loss (train loader labels): 12889266648514560.0000, Train acc (train loader labels): 0.3238, Best val acc: 0.3893, Current val acc: 0.3120, Val Loss: 13201686864592896.0000
=====> Saving current model and best model
selecting samples for epoch 15
balance: False
ratio: 0.1
=====> Epoch: 15/300, Total_step: 705, lr: 0.001000, Total Time: 893.6147 s, Time this epoch: 36.4208 s
=====> Epoch: 15/300, Train Loss (train loader labels): 18764460860637184.0000, Train acc (train loader labels): 0.3500, Best val acc: 0.3893, Current val acc: 0.3480, Val Loss: 18082336302170112.0000
=====> Saving current model and best model
selecting samples for epoch 16
balance: False
ratio: 0.1
=====> Epoch: 16/300, Total_step: 752, lr: 0.001000, Total Time: 931.2076 s, Time this epoch: 36.3387 s
=====> Epoch: 16/300, Train Loss (train loader labels): 7596572544073728.0000, Train acc (train loader labels): 0.3421, Best val acc: 0.3893, Current val acc: 0.3287, Val Loss: 7616737952399360.0000
=====> Saving current model and best model
selecting samples for epoch 17
balance: False
ratio: 0.1
=====> Epoch: 17/300, Total_step: 799, lr: 0.001000, Total Time: 968.1755 s, Time this epoch: 35.8287 s
=====> Epoch: 17/300, Train Loss (train loader labels): 6447975882555392.0000, Train acc (train loader labels): 0.3295, Best val acc: 0.3893, Current val acc: 0.3167, Val Loss: 6326468036526080.0000
=====> Saving current model and best model
selecting samples for epoch 18
balance: False
ratio: 0.1
=====> Epoch: 18/300, Total_step: 846, lr: 0.001000, Total Time: 1005.3997 s, Time this epoch: 35.9567 s
=====> Epoch: 18/300, Train Loss (train loader labels): 10075151462825984.0000, Train acc (train loader labels): 0.3073, Best val acc: 0.3893, Current val acc: 0.2957, Val Loss: 10270597170855936.0000
=====> Saving current model and best model
selecting samples for epoch 19
balance: False
ratio: 0.1
=====> Epoch: 19/300, Total_step: 893, lr: 0.001000, Total Time: 1042.4837 s, Time this epoch: 35.8672 s
=====> Epoch: 19/300, Train Loss (train loader labels): 21143335871709184.0000, Train acc (train loader labels): 0.3114, Best val acc: 0.3893, Current val acc: 0.2980, Val Loss: 21491460150919168.0000
=====> Saving current model and best model
selecting samples for epoch 20
balance: False
ratio: 0.1
=====> Epoch: 20/300, Total_step: 940, lr: 0.001000, Total Time: 1079.6668 s, Time this epoch: 36.0277 s
=====> Epoch: 20/300, Train Loss (train loader labels): 4846719195938816.0000, Train acc (train loader labels): 0.3585, Best val acc: 0.3893, Current val acc: 0.3467, Val Loss: 4795729344200704.0000
=====> Saving current model and best model
selecting samples for epoch 21
balance: False
ratio: 0.1
=====> Epoch: 21/300, Total_step: 987, lr: 0.001000, Total Time: 1116.7546 s, Time this epoch: 35.8479 s
=====> Epoch: 21/300, Train Loss (train loader labels): 3989069524631552.0000, Train acc (train loader labels): 0.3445, Best val acc: 0.3893, Current val acc: 0.3337, Val Loss: 3896366145208320.0000
=====> Saving current model and best model
selecting samples for epoch 22
balance: False
ratio: 0.1
=====> Epoch: 22/300, Total_step: 1034, lr: 0.001000, Total Time: 1153.7205 s, Time this epoch: 35.8406 s
=====> Epoch: 22/300, Train Loss (train loader labels): 4838292470104064.0000, Train acc (train loader labels): 0.3556, Best val acc: 0.3893, Current val acc: 0.3533, Val Loss: 4674369674543104.0000
=====> Saving current model and best model
selecting samples for epoch 23
balance: False
ratio: 0.1
=====> Epoch: 23/300, Total_step: 1081, lr: 0.001000, Total Time: 1191.9849 s, Time this epoch: 35.9720 s
=====> Epoch: 23/300, Train Loss (train loader labels): 9534404342841344.0000, Train acc (train loader labels): 0.3523, Best val acc: 0.3893, Current val acc: 0.3507, Val Loss: 9474824556511232.0000
=====> Saving current model and best model
selecting samples for epoch 24
balance: False
ratio: 0.1
=====> Epoch: 24/300, Total_step: 1128, lr: 0.001000, Total Time: 1229.1624 s, Time this epoch: 35.7992 s
=====> Epoch: 24/300, Train Loss (train loader labels): 3880500536016896.0000, Train acc (train loader labels): 0.3690, Best val acc: 0.3893, Current val acc: 0.3667, Val Loss: 3781671727923200.0000
=====> Saving current model and best model
selecting samples for epoch 25
balance: False
ratio: 0.1
=====> Epoch: 25/300, Total_step: 1175, lr: 0.001000, Total Time: 1266.2564 s, Time this epoch: 35.9045 s
=====> Epoch: 25/300, Train Loss (train loader labels): 15361969515134976.0000, Train acc (train loader labels): 0.3220, Best val acc: 0.3893, Current val acc: 0.3077, Val Loss: 15306534372245504.0000
=====> Saving current model and best model
selecting samples for epoch 26
balance: False
ratio: 0.1
=====> Epoch: 26/300, Total_step: 1222, lr: 0.001000, Total Time: 1303.4661 s, Time this epoch: 35.9839 s
=====> Epoch: 26/300, Train Loss (train loader labels): 4817248204095488.0000, Train acc (train loader labels): 0.3558, Best val acc: 0.3893, Current val acc: 0.3567, Val Loss: 4797633088454656.0000
=====> Saving current model and best model
selecting samples for epoch 27
balance: False
ratio: 0.1
=====> Saving current model and best model
selecting samples for epoch 28
balance: False
ratio: 0.1
=====> Saving current model and best model
selecting samples for epoch 29
balance: False
ratio: 0.1
=====> Epoch: 29/300, Total_step: 1363, lr: 0.001000, Total Time: 1377.5147 s, Time this epoch: 17.0811 s
=====> Epoch: 29/300, Train Loss (train loader labels): 9179395231055872.0000, Train acc (train loader labels): 0.3091, Best val acc: 0.3893, Current val acc: 0.3077, Val Loss: 9284906471391232.0000
=====> Saving current model and best model
selecting samples for epoch 30
balance: False
ratio: 0.1
=====> Saving current model and best model
selecting samples for epoch 31
balance: False
ratio: 0.1
=====> Saving current model and best model
selecting samples for epoch 32
balance: False
ratio: 0.1
=====> Saving current model and best model
selecting samples for epoch 33
balance: False
ratio: 0.1
=====> Epoch: 33/300, Total_step: 1551, lr: 0.001000, Total Time: 1469.7952 s, Time this epoch: 17.1026 s
=====> Epoch: 33/300, Train Loss (train loader labels): 1665282569404416.0000, Train acc (train loader labels): 0.3595, Best val acc: 0.3893, Current val acc: 0.3430, Val Loss: 1692366096302080.0000
=====> Saving current model and best model
selecting samples for epoch 34
balance: False
ratio: 0.1
=====> Saving current model and best model
selecting samples for epoch 35
balance: False
ratio: 0.1
=====> Saving current model and best model
selecting samples for epoch 36
balance: False
ratio: 0.1
=====> Saving current model and best model
selecting samples for epoch 37
balance: False
ratio: 0.1
=====> Epoch: 37/300, Total_step: 1739, lr: 0.001000, Total Time: 1562.8581 s, Time this epoch: 17.1596 s
=====> Epoch: 37/300, Train Loss (train loader labels): 8444683093016576.0000, Train acc (train loader labels): 0.3329, Best val acc: 0.3893, Current val acc: 0.3263, Val Loss: 8430288510124032.0000
=====> Saving current model and best model
selecting samples for epoch 38
balance: False
ratio: 0.1
=====> Saving current model and best model
selecting samples for epoch 39
balance: False
ratio: 0.1
=====> Saving current model and best model
selecting samples for epoch 40
balance: False
ratio: 0.1
=====> Saving current model and best model
selecting samples for epoch 41
balance: False
ratio: 0.1
=====> Epoch: 41/300, Total_step: 1927, lr: 0.001000, Total Time: 1656.7404 s, Time this epoch: 17.2255 s
=====> Epoch: 41/300, Train Loss (train loader labels): 763582102896640.0000, Train acc (train loader labels): 0.3651, Best val acc: 0.3893, Current val acc: 0.3657, Val Loss: 746535646134272.0000
=====> Saving current model and best model
selecting samples for epoch 42
balance: False
ratio: 0.1
=====> Saving current model and best model
selecting samples for epoch 43
balance: False
ratio: 0.1
=====> Saving current model and best model
selecting samples for epoch 44
balance: False
ratio: 0.1
=====> Saving current model and best model
selecting samples for epoch 45
balance: False
ratio: 0.1
=====> Epoch: 45/300, Total_step: 2115, lr: 0.001000, Total Time: 1749.8966 s, Time this epoch: 17.1205 s
=====> Epoch: 45/300, Train Loss (train loader labels): 2090490639941632.0000, Train acc (train loader labels): 0.3106, Best val acc: 0.3893, Current val acc: 0.2907, Val Loss: 2084772293640192.0000
=====> Saving current model and best model
selecting samples for epoch 46
balance: False
ratio: 0.1
=====> Saving current model and best model
selecting samples for epoch 47
balance: False
ratio: 0.1
=====> Saving current model and best model
selecting samples for epoch 48
balance: False
ratio: 0.1
=====> Saving current model and best model
selecting samples for epoch 49
balance: False
ratio: 0.1
=====> Epoch: 49/300, Total_step: 2303, lr: 0.001000, Total Time: 1843.4075 s, Time this epoch: 17.2130 s
=====> Epoch: 49/300, Train Loss (train loader labels): 1424169010987008.0000, Train acc (train loader labels): 0.3673, Best val acc: 0.3893, Current val acc: 0.3673, Val Loss: 1427062476767232.0000
=====> Saving current model and best model
selecting samples for epoch 50
balance: False
ratio: 0.1
=====> Saving current model and best model
selecting samples for epoch 51
balance: False
ratio: 0.1
=====> Saving current model and best model
selecting samples for epoch 52
balance: False
ratio: 0.1
=====> Saving current model and best model
selecting samples for epoch 53
balance: False
ratio: 0.1
=====> Epoch: 53/300, Total_step: 2491, lr: 0.001000, Total Time: 1938.6256 s, Time this epoch: 17.2290 s
=====> Epoch: 53/300, Train Loss (train loader labels): 3041842136350720.0000, Train acc (train loader labels): 0.3607, Best val acc: 0.3893, Current val acc: 0.3680, Val Loss: 2981619983974400.0000
=====> Saving current model and best model
selecting samples for epoch 54
balance: False
ratio: 0.1
=====> Saving current model and best model
selecting samples for epoch 55
balance: False
ratio: 0.1
=====> Saving current model and best model
selecting samples for epoch 56
balance: False
ratio: 0.1
=====> Saving current model and best model
selecting samples for epoch 57
balance: False
ratio: 0.1
=====> Epoch: 57/300, Total_step: 2679, lr: 0.001000, Total Time: 2034.2600 s, Time this epoch: 17.1677 s
=====> Epoch: 57/300, Train Loss (train loader labels): 925991660683264.0000, Train acc (train loader labels): 0.3124, Best val acc: 0.3893, Current val acc: 0.3080, Val Loss: 919229033349120.0000
=====> Saving current model and best model
selecting samples for epoch 58
balance: False
ratio: 0.1
=====> Saving current model and best model
selecting samples for epoch 59
balance: False
ratio: 0.1
=====> Saving current model and best model
selecting samples for epoch 60
balance: False
ratio: 0.1
=====> Saving current model and best model
selecting samples for epoch 61
balance: False
ratio: 0.1
=====> Epoch: 61/300, Total_step: 2867, lr: 0.001000, Total Time: 2129.8092 s, Time this epoch: 17.1787 s
=====> Epoch: 61/300, Train Loss (train loader labels): 1729912029315072.0000, Train acc (train loader labels): 0.3130, Best val acc: 0.3893, Current val acc: 0.3207, Val Loss: 1666625820426240.0000
=====> Saving current model and best model
selecting samples for epoch 62
balance: False
ratio: 0.1
=====> Saving current model and best model
selecting samples for epoch 63
balance: False
ratio: 0.1
=====> Saving current model and best model
selecting samples for epoch 64
balance: False
ratio: 0.1
=====> Saving current model and best model
selecting samples for epoch 65
balance: False
ratio: 0.1
=====> Epoch: 65/300, Total_step: 3055, lr: 0.001000, Total Time: 2223.6278 s, Time this epoch: 17.1729 s
=====> Epoch: 65/300, Train Loss (train loader labels): 932492227903488.0000, Train acc (train loader labels): 0.3375, Best val acc: 0.3893, Current val acc: 0.3500, Val Loss: 911177915826176.0000
=====> Saving current model and best model
selecting samples for epoch 66
balance: False
ratio: 0.1
=====> Saving current model and best model
selecting samples for epoch 67
balance: False
ratio: 0.1
=====> Saving current model and best model
selecting samples for epoch 68
balance: False
ratio: 0.1
=====> Saving current model and best model
selecting samples for epoch 69
balance: False
ratio: 0.1
=====> Saving current model and best model
selecting samples for epoch 70
balance: False
ratio: 0.1
=====> Saving current model and best model
selecting samples for epoch 71
balance: False
ratio: 0.1
=====> Saving current model and best model
selecting samples for epoch 72
balance: False
ratio: 0.1
=====> Saving current model and best model
selecting samples for epoch 73
balance: False
ratio: 0.1
=====> Saving current model and best model
selecting samples for epoch 74
balance: False
ratio: 0.1
=====> Saving current model and best model
selecting samples for epoch 75
balance: False
ratio: 0.1
=====> Saving current model and best model
selecting samples for epoch 76
balance: False
ratio: 0.1
=====> Epoch: 76/300, Total_step: 3572, lr: 0.001000, Total Time: 2450.5017 s, Time this epoch: 17.2064 s
=====> Epoch: 76/300, Train Loss (train loader labels): 510596080467968.0000, Train acc (train loader labels): 0.3204, Best val acc: 0.3893, Current val acc: 0.3347, Val Loss: 495300930174976.0000
=====> Saving current model and best model
selecting samples for epoch 77
balance: False
ratio: 0.1
=====> Saving current model and best model
selecting samples for epoch 78
balance: False
ratio: 0.1
=====> Saving current model and best model
selecting samples for epoch 79
balance: False
ratio: 0.1
=====> Saving current model and best model
selecting samples for epoch 80
balance: False
ratio: 0.1
=====> Saving current model and best model
selecting samples for epoch 81
balance: False
ratio: 0.1
=====> Saving current model and best model
selecting samples for epoch 82
balance: False
ratio: 0.1
=====> Saving current model and best model
selecting samples for epoch 83
balance: False
ratio: 0.1
=====> Saving current model and best model
selecting samples for epoch 84
balance: False
ratio: 0.1
=====> Saving current model and best model
selecting samples for epoch 85
balance: False
ratio: 0.1
=====> Saving current model and best model
selecting samples for epoch 86
balance: False
ratio: 0.1
=====> Saving current model and best model
selecting samples for epoch 87
balance: False
ratio: 0.1
=====> Saving current model and best model
selecting samples for epoch 88
balance: False
ratio: 0.1
=====> Saving current model and best model
selecting samples for epoch 89
balance: False
ratio: 0.1
=====> Saving current model and best model
selecting samples for epoch 90
balance: False
ratio: 0.1
=====> Saving current model and best model
selecting samples for epoch 91
balance: False
ratio: 0.1
=====> Epoch: 91/300, Total_step: 4277, lr: 0.001000, Total Time: 2750.0041 s, Time this epoch: 17.1680 s
=====> Epoch: 91/300, Train Loss (train loader labels): 483951982411776.0000, Train acc (train loader labels): 0.3269, Best val acc: 0.3893, Current val acc: 0.3180, Val Loss: 482246846840832.0000
=====> Saving current model and best model
selecting samples for epoch 92
balance: False
ratio: 0.1
=====> Saving current model and best model
selecting samples for epoch 93
balance: False
ratio: 0.1
=====> Saving current model and best model
selecting samples for epoch 94
balance: False
ratio: 0.1
=====> Saving current model and best model
selecting samples for epoch 95
balance: False
ratio: 0.1
=====> Saving current model and best model
selecting samples for epoch 96
balance: False
ratio: 0.1
=====> Saving current model and best model
selecting samples for epoch 97
balance: False
ratio: 0.1
=====> Saving current model and best model
selecting samples for epoch 98
balance: False
ratio: 0.1
=====> Saving current model and best model
selecting samples for epoch 99
balance: False
ratio: 0.1
=====> Saving current model and best model
selecting samples for epoch 100
balance: False
ratio: 0.1
=====> Saving current model and best model
selecting samples for epoch 101
balance: False
ratio: 0.1
=====> Saving current model and best model
selecting samples for epoch 102
balance: False
ratio: 0.1
=====> Saving current model and best model
selecting samples for epoch 103
balance: False
ratio: 0.1
=====> Saving current model and best model
selecting samples for epoch 104
balance: False
ratio: 0.1
=====> Saving current model and best model
selecting samples for epoch 105
balance: False
ratio: 0.1
=====> Saving current model and best model
selecting samples for epoch 106
balance: False
ratio: 0.1
=====> Epoch: 106/300, Total_step: 4982, lr: 0.001000, Total Time: 3050.6315 s, Time this epoch: 17.1783 s
=====> Epoch: 106/300, Train Loss (train loader labels): 124510246273024.0000, Train acc (train loader labels): 0.3505, Best val acc: 0.3893, Current val acc: 0.3703, Val Loss: 121090705719296.0000
=====> Saving current model and best model
selecting samples for epoch 107
balance: False
ratio: 0.1
=====> Saving current model and best model
selecting samples for epoch 108
balance: False
ratio: 0.1
=====> Saving current model and best model
selecting samples for epoch 109
balance: False
ratio: 0.1
=====> Saving current model and best model
selecting samples for epoch 110
balance: False
ratio: 0.1
=====> Saving current model and best model
selecting samples for epoch 111
balance: False
ratio: 0.1
=====> Saving current model and best model
selecting samples for epoch 112
balance: False
ratio: 0.1
=====> Saving current model and best model
selecting samples for epoch 113
balance: False
ratio: 0.1
=====> Saving current model and best model
selecting samples for epoch 114
balance: False
ratio: 0.1
=====> Saving current model and best model
selecting samples for epoch 115
balance: False
ratio: 0.1
=====> Saving current model and best model
selecting samples for epoch 116
balance: False
ratio: 0.1
=====> Saving current model and best model
selecting samples for epoch 117
balance: False
ratio: 0.1
=====> Saving current model and best model
selecting samples for epoch 118
balance: False
ratio: 0.1
=====> Saving current model and best model
selecting samples for epoch 119
balance: False
ratio: 0.1
=====> Saving current model and best model
selecting samples for epoch 120
balance: False
ratio: 0.1
=====> Saving current model and best model
selecting samples for epoch 121
balance: False
ratio: 0.1
=====> Epoch: 121/300, Total_step: 5687, lr: 0.001000, Total Time: 3351.3722 s, Time this epoch: 17.2884 s
=====> Epoch: 121/300, Train Loss (train loader labels): 72857166020608.0000, Train acc (train loader labels): 0.3211, Best val acc: 0.3893, Current val acc: 0.3350, Val Loss: 70406341918720.0000
=====> Saving current model and best model
selecting samples for epoch 122
balance: False
ratio: 0.1
=====> Saving current model and best model
selecting samples for epoch 123
balance: False
ratio: 0.1
=====> Saving current model and best model
selecting samples for epoch 124
balance: False
ratio: 0.1
=====> Saving current model and best model
selecting samples for epoch 125
balance: False
ratio: 0.1
=====> Saving current model and best model
selecting samples for epoch 126
balance: False
ratio: 0.1
=====> Saving current model and best model
selecting samples for epoch 127
balance: False
ratio: 0.1
=====> Saving current model and best model
selecting samples for epoch 128
balance: False
ratio: 0.1
=====> Saving current model and best model
selecting samples for epoch 129
balance: False
ratio: 0.1
=====> Saving current model and best model
selecting samples for epoch 130
balance: False
ratio: 0.1
=====> Saving current model and best model
selecting samples for epoch 131
balance: False
ratio: 0.1
=====> Saving current model and best model
selecting samples for epoch 132
balance: False
ratio: 0.1
=====> Saving current model and best model
selecting samples for epoch 133
balance: False
ratio: 0.1
=====> Saving current model and best model
selecting samples for epoch 134
balance: False
ratio: 0.1
=====> Saving current model and best model
selecting samples for epoch 135
balance: False
ratio: 0.1
=====> Saving current model and best model
selecting samples for epoch 136
balance: False
ratio: 0.1
=====> Epoch: 136/300, Total_step: 6392, lr: 0.001000, Total Time: 3649.0358 s, Time this epoch: 17.1818 s
=====> Epoch: 136/300, Train Loss (train loader labels): 53884810690560.0000, Train acc (train loader labels): 0.3987, Best val acc: 0.4053, Current val acc: 0.4053, Val Loss: 51501229670400.0000
=====> Saving current model and best model
selecting samples for epoch 137
balance: False
ratio: 0.1
=====> Saving current model and best model
selecting samples for epoch 138
balance: False
ratio: 0.1
=====> Saving current model and best model
selecting samples for epoch 139
balance: False
ratio: 0.1
=====> Saving current model and best model
selecting samples for epoch 140
balance: False
ratio: 0.1
=====> Saving current model and best model
selecting samples for epoch 141
balance: False
ratio: 0.1
=====> Saving current model and best model
selecting samples for epoch 142
balance: False
ratio: 0.1
=====> Saving current model and best model
selecting samples for epoch 143
balance: False
ratio: 0.1
=====> Saving current model and best model
selecting samples for epoch 144
balance: False
ratio: 0.1
=====> Saving current model and best model
selecting samples for epoch 145
balance: False
ratio: 0.1
=====> Saving current model and best model
selecting samples for epoch 146
balance: False
ratio: 0.1
=====> Saving current model and best model
selecting samples for epoch 147
balance: False
ratio: 0.1
=====> Saving current model and best model
selecting samples for epoch 148
balance: False
ratio: 0.1
=====> Saving current model and best model
selecting samples for epoch 149
balance: False
ratio: 0.1
=====> Saving current model and best model
selecting samples for epoch 150
balance: False
ratio: 0.1
=====> Saving current model and best model
selecting samples for epoch 151
balance: False
ratio: 0.1
=====> Epoch: 151/300, Total_step: 7097, lr: 0.001000, Total Time: 3951.8572 s, Time this epoch: 17.1343 s
=====> Epoch: 151/300, Train Loss (train loader labels): 51685200232448.0000, Train acc (train loader labels): 0.3686, Best val acc: 0.4053, Current val acc: 0.3603, Val Loss: 49444045193216.0000
=====> Saving current model and best model
selecting samples for epoch 152
balance: False
ratio: 0.1
=====> Saving current model and best model
selecting samples for epoch 153
balance: False
ratio: 0.1
=====> Saving current model and best model
selecting samples for epoch 154
balance: False
ratio: 0.1
=====> Saving current model and best model
selecting samples for epoch 155
balance: False
ratio: 0.1
=====> Saving current model and best model
selecting samples for epoch 156
balance: False
ratio: 0.1
=====> Saving current model and best model
selecting samples for epoch 157
balance: False
ratio: 0.1
=====> Saving current model and best model
selecting samples for epoch 158
balance: False
ratio: 0.1
=====> Saving current model and best model
selecting samples for epoch 159
balance: False
ratio: 0.1
=====> Saving current model and best model
selecting samples for epoch 160
balance: False
ratio: 0.1
=====> Saving current model and best model
selecting samples for epoch 161
balance: False
ratio: 0.1
=====> Saving current model and best model
selecting samples for epoch 162
balance: False
ratio: 0.1
=====> Saving current model and best model
selecting samples for epoch 163
balance: False
ratio: 0.1
=====> Saving current model and best model
selecting samples for epoch 164
balance: False
ratio: 0.1
=====> Saving current model and best model
selecting samples for epoch 165
balance: False
ratio: 0.1
=====> Saving current model and best model
selecting samples for epoch 166
balance: False
ratio: 0.1
=====> Epoch: 166/300, Total_step: 7802, lr: 0.001000, Total Time: 4250.2631 s, Time this epoch: 17.1180 s
=====> Epoch: 166/300, Train Loss (train loader labels): 56522457481216.0000, Train acc (train loader labels): 0.3419, Best val acc: 0.4053, Current val acc: 0.3353, Val Loss: 54739702120448.0000
=====> Saving current model and best model
selecting samples for epoch 167
balance: False
ratio: 0.1
=====> Saving current model and best model
selecting samples for epoch 168
balance: False
ratio: 0.1
=====> Saving current model and best model
selecting samples for epoch 169
balance: False
ratio: 0.1
=====> Saving current model and best model
selecting samples for epoch 170
balance: False
ratio: 0.1
=====> Saving current model and best model
selecting samples for epoch 171
balance: False
ratio: 0.1
=====> Saving current model and best model
selecting samples for epoch 172
balance: False
ratio: 0.1
=====> Saving current model and best model
selecting samples for epoch 173
balance: False
ratio: 0.1
=====> Saving current model and best model
selecting samples for epoch 174
balance: False
ratio: 0.1
=====> Saving current model and best model
selecting samples for epoch 175
balance: False
ratio: 0.1
=====> Saving current model and best model
selecting samples for epoch 176
balance: False
ratio: 0.1
=====> Saving current model and best model
selecting samples for epoch 177
balance: False
ratio: 0.1
=====> Saving current model and best model
selecting samples for epoch 178
balance: False
ratio: 0.1
=====> Saving current model and best model
selecting samples for epoch 179
balance: False
ratio: 0.1
=====> Saving current model and best model
selecting samples for epoch 180
balance: False
ratio: 0.1
=====> Saving current model and best model
selecting samples for epoch 181
balance: False
ratio: 0.1
=====> Epoch: 181/300, Total_step: 8507, lr: 0.001000, Total Time: 4548.1310 s, Time this epoch: 17.0895 s
=====> Epoch: 181/300, Train Loss (train loader labels): 17927508066304.0000, Train acc (train loader labels): 0.3657, Best val acc: 0.4053, Current val acc: 0.3650, Val Loss: 18542055391232.0000
=====> Saving current model and best model
selecting samples for epoch 182
balance: False
ratio: 0.1
=====> Saving current model and best model
selecting samples for epoch 183
balance: False
ratio: 0.1
=====> Saving current model and best model
selecting samples for epoch 184
balance: False
ratio: 0.1
=====> Saving current model and best model
selecting samples for epoch 185
balance: False
ratio: 0.1
=====> Saving current model and best model
selecting samples for epoch 186
balance: False
ratio: 0.1
=====> Saving current model and best model
selecting samples for epoch 187
balance: False
ratio: 0.1
=====> Saving current model and best model
selecting samples for epoch 188
balance: False
ratio: 0.1
=====> Saving current model and best model
selecting samples for epoch 189
balance: False
ratio: 0.1
=====> Saving current model and best model
selecting samples for epoch 190
balance: False
ratio: 0.1
=====> Saving current model and best model
selecting samples for epoch 191
balance: False
ratio: 0.1
=====> Saving current model and best model
selecting samples for epoch 192
balance: False
ratio: 0.1
=====> Saving current model and best model
selecting samples for epoch 193
balance: False
ratio: 0.1
=====> Saving current model and best model
selecting samples for epoch 194
balance: False
ratio: 0.1
=====> Saving current model and best model
selecting samples for epoch 195
balance: False
ratio: 0.1
=====> Saving current model and best model
selecting samples for epoch 196
balance: False
ratio: 0.1
=====> Epoch: 196/300, Total_step: 9212, lr: 0.001000, Total Time: 4846.7586 s, Time this epoch: 17.1902 s
=====> Epoch: 196/300, Train Loss (train loader labels): 35821956628480.0000, Train acc (train loader labels): 0.3178, Best val acc: 0.4053, Current val acc: 0.3197, Val Loss: 35210091560960.0000
=====> Saving current model and best model
selecting samples for epoch 197
balance: False
ratio: 0.1
=====> Saving current model and best model
selecting samples for epoch 198
balance: False
ratio: 0.1
=====> Saving current model and best model
selecting samples for epoch 199
balance: False
ratio: 0.1
=====> Saving current model and best model
selecting samples for epoch 200
balance: False
ratio: 0.1
=====> Saving current model and best model
selecting samples for epoch 201
balance: False
ratio: 0.1
=====> Saving current model and best model
selecting samples for epoch 202
balance: False
ratio: 0.1
=====> Saving current model and best model
selecting samples for epoch 203
balance: False
ratio: 0.1
=====> Saving current model and best model
selecting samples for epoch 204
balance: False
ratio: 0.1
=====> Saving current model and best model
selecting samples for epoch 205
balance: False
ratio: 0.1
=====> Saving current model and best model
selecting samples for epoch 206
balance: False
ratio: 0.1
=====> Saving current model and best model
selecting samples for epoch 207
balance: False
ratio: 0.1
=====> Saving current model and best model
selecting samples for epoch 208
balance: False
ratio: 0.1
=====> Saving current model and best model
selecting samples for epoch 209
balance: False
ratio: 0.1
=====> Saving current model and best model
selecting samples for epoch 210
balance: False
ratio: 0.1
=====> Saving current model and best model
selecting samples for epoch 211
balance: False
ratio: 0.1
=====> Epoch: 211/300, Total_step: 9917, lr: 0.001000, Total Time: 5144.4735 s, Time this epoch: 17.1562 s
=====> Epoch: 211/300, Train Loss (train loader labels): 13305314803712.0000, Train acc (train loader labels): 0.3573, Best val acc: 0.4053, Current val acc: 0.3593, Val Loss: 13238210134016.0000
=====> Saving current model and best model
selecting samples for epoch 212
balance: False
ratio: 0.1
=====> Saving current model and best model
selecting samples for epoch 213
balance: False
ratio: 0.1
=====> Saving current model and best model
selecting samples for epoch 214
balance: False
ratio: 0.1
=====> Saving current model and best model
selecting samples for epoch 215
balance: False
ratio: 0.1
=====> Saving current model and best model
selecting samples for epoch 216
balance: False
ratio: 0.1
=====> Saving current model and best model
selecting samples for epoch 217
balance: False
ratio: 0.1
=====> Saving current model and best model
selecting samples for epoch 218
balance: False
ratio: 0.1
=====> Saving current model and best model
selecting samples for epoch 219
balance: False
ratio: 0.1
=====> Saving current model and best model
selecting samples for epoch 220
balance: False
ratio: 0.1
=====> Saving current model and best model
selecting samples for epoch 221
balance: False
ratio: 0.1
=====> Saving current model and best model
selecting samples for epoch 222
balance: False
ratio: 0.1
=====> Saving current model and best model
selecting samples for epoch 223
balance: False
ratio: 0.1
=====> Saving current model and best model
selecting samples for epoch 224
balance: False
ratio: 0.1
=====> Saving current model and best model
selecting samples for epoch 225
balance: False
ratio: 0.1
=====> Saving current model and best model
selecting samples for epoch 226
balance: False
ratio: 0.1
=====> Epoch: 226/300, Total_step: 10622, lr: 0.001000, Total Time: 5444.1440 s, Time this epoch: 17.4700 s
=====> Epoch: 226/300, Train Loss (train loader labels): 3006218895360.0000, Train acc (train loader labels): 0.3645, Best val acc: 0.4053, Current val acc: 0.3653, Val Loss: 3082496507904.0000
=====> Saving current model and best model
selecting samples for epoch 227
balance: False
ratio: 0.1
=====> Saving current model and best model
selecting samples for epoch 228
balance: False
ratio: 0.1
=====> Saving current model and best model
selecting samples for epoch 229
balance: False
ratio: 0.1
=====> Saving current model and best model
selecting samples for epoch 230
balance: False
ratio: 0.1
=====> Saving current model and best model
selecting samples for epoch 231
balance: False
ratio: 0.1
=====> Saving current model and best model
selecting samples for epoch 232
balance: False
ratio: 0.1
=====> Saving current model and best model
selecting samples for epoch 233
balance: False
ratio: 0.1
=====> Saving current model and best model
selecting samples for epoch 234
balance: False
ratio: 0.1
=====> Saving current model and best model
selecting samples for epoch 235
balance: False
ratio: 0.1
=====> Saving current model and best model
selecting samples for epoch 236
balance: False
ratio: 0.1
=====> Saving current model and best model
selecting samples for epoch 237
balance: False
ratio: 0.1
=====> Saving current model and best model
selecting samples for epoch 238
balance: False
ratio: 0.1
=====> Saving current model and best model
selecting samples for epoch 239
balance: False
ratio: 0.1
=====> Saving current model and best model
selecting samples for epoch 240
balance: False
ratio: 0.1
=====> Saving current model and best model
selecting samples for epoch 241
balance: False
ratio: 0.1
=====> Epoch: 241/300, Total_step: 11327, lr: 0.001000, Total Time: 5741.5890 s, Time this epoch: 17.2181 s
=====> Epoch: 241/300, Train Loss (train loader labels): 7781171593216.0000, Train acc (train loader labels): 0.3357, Best val acc: 0.4053, Current val acc: 0.3370, Val Loss: 7738738868224.0000
=====> Saving current model and best model
selecting samples for epoch 242
balance: False
ratio: 0.1
=====> Saving current model and best model
selecting samples for epoch 243
balance: False
ratio: 0.1
=====> Saving current model and best model
selecting samples for epoch 244
balance: False
ratio: 0.1
=====> Saving current model and best model
selecting samples for epoch 245
balance: False
ratio: 0.1
=====> Saving current model and best model
selecting samples for epoch 246
balance: False
ratio: 0.1
=====> Saving current model and best model
selecting samples for epoch 247
balance: False
ratio: 0.1
=====> Saving current model and best model
selecting samples for epoch 248
balance: False
ratio: 0.1
=====> Saving current model and best model
selecting samples for epoch 249
balance: False
ratio: 0.1
=====> Saving current model and best model
selecting samples for epoch 250
balance: False
ratio: 0.1
=====> Saving current model and best model
selecting samples for epoch 251
balance: False
ratio: 0.1
=====> Saving current model and best model
selecting samples for epoch 252
balance: False
ratio: 0.1
=====> Saving current model and best model
selecting samples for epoch 253
balance: False
ratio: 0.1
=====> Saving current model and best model
selecting samples for epoch 254
balance: False
ratio: 0.1
=====> Saving current model and best model
selecting samples for epoch 255
balance: False
ratio: 0.1
=====> Saving current model and best model
selecting samples for epoch 256
balance: False
ratio: 0.1
=====> Epoch: 256/300, Total_step: 12032, lr: 0.001000, Total Time: 6039.0644 s, Time this epoch: 17.1540 s
=====> Epoch: 256/300, Train Loss (train loader labels): 8230071173120.0000, Train acc (train loader labels): 0.3448, Best val acc: 0.4053, Current val acc: 0.3510, Val Loss: 8111694807040.0000
=====> Saving current model and best model
selecting samples for epoch 257
balance: False
ratio: 0.1
=====> Saving current model and best model
selecting samples for epoch 258
balance: False
ratio: 0.1
=====> Saving current model and best model
selecting samples for epoch 259
balance: False
ratio: 0.1
=====> Saving current model and best model
selecting samples for epoch 260
balance: False
ratio: 0.1
=====> Saving current model and best model
selecting samples for epoch 261
balance: False
ratio: 0.1
=====> Saving current model and best model
selecting samples for epoch 262
balance: False
ratio: 0.1
=====> Saving current model and best model
selecting samples for epoch 263
balance: False
ratio: 0.1
=====> Saving current model and best model
selecting samples for epoch 264
balance: False
ratio: 0.1
=====> Saving current model and best model
selecting samples for epoch 265
balance: False
ratio: 0.1
=====> Saving current model and best model
selecting samples for epoch 266
balance: False
ratio: 0.1
=====> Saving current model and best model
selecting samples for epoch 267
balance: False
ratio: 0.1
=====> Saving current model and best model
selecting samples for epoch 268
balance: False
ratio: 0.1
=====> Saving current model and best model
selecting samples for epoch 269
balance: False
ratio: 0.1
=====> Saving current model and best model
selecting samples for epoch 270
balance: False
ratio: 0.1
=====> Saving current model and best model
selecting samples for epoch 271
balance: False
ratio: 0.1
=====> Epoch: 271/300, Total_step: 12737, lr: 0.001000, Total Time: 6334.9839 s, Time this epoch: 17.1452 s
=====> Epoch: 271/300, Train Loss (train loader labels): 2501193760768.0000, Train acc (train loader labels): 0.3227, Best val acc: 0.4053, Current val acc: 0.3247, Val Loss: 2416861249536.0000
=====> Saving current model and best model
selecting samples for epoch 272
balance: False
ratio: 0.1
=====> Saving current model and best model
selecting samples for epoch 273
balance: False
ratio: 0.1
=====> Saving current model and best model
selecting samples for epoch 274
balance: False
ratio: 0.1
=====> Saving current model and best model
selecting samples for epoch 275
balance: False
ratio: 0.1
=====> Saving current model and best model
selecting samples for epoch 276
balance: False
ratio: 0.1
=====> Saving current model and best model
selecting samples for epoch 277
balance: False
ratio: 0.1
=====> Saving current model and best model
selecting samples for epoch 278
balance: False
ratio: 0.1
=====> Saving current model and best model
selecting samples for epoch 279
balance: False
ratio: 0.1
=====> Saving current model and best model
selecting samples for epoch 280
balance: False
ratio: 0.1
=====> Saving current model and best model
selecting samples for epoch 281
balance: False
ratio: 0.1
=====> Saving current model and best model
selecting samples for epoch 282
balance: False
ratio: 0.1
=====> Saving current model and best model
selecting samples for epoch 283
balance: False
ratio: 0.1
=====> Saving current model and best model
selecting samples for epoch 284
balance: False
ratio: 0.1
=====> Saving current model and best model
selecting samples for epoch 285
balance: False
ratio: 0.1
=====> Saving current model and best model
selecting samples for epoch 286
balance: False
ratio: 0.1
=====> Epoch: 286/300, Total_step: 13442, lr: 0.001000, Total Time: 6630.0199 s, Time this epoch: 17.1492 s
=====> Epoch: 286/300, Train Loss (train loader labels): 1432596119552.0000, Train acc (train loader labels): 0.3497, Best val acc: 0.4053, Current val acc: 0.3503, Val Loss: 1435794800640.0000
=====> Saving current model and best model
selecting samples for epoch 287
balance: False
ratio: 0.1
=====> Saving current model and best model
selecting samples for epoch 288
balance: False
ratio: 0.1
=====> Saving current model and best model
selecting samples for epoch 289
balance: False
ratio: 0.1
=====> Saving current model and best model
selecting samples for epoch 290
balance: False
ratio: 0.1
=====> Saving current model and best model
selecting samples for epoch 291
balance: False
ratio: 0.1
=====> Saving current model and best model
selecting samples for epoch 292
balance: False
ratio: 0.1
=====> Saving current model and best model
selecting samples for epoch 293
balance: False
ratio: 0.1
=====> Saving current model and best model
selecting samples for epoch 294
balance: False
ratio: 0.1
=====> Saving current model and best model
selecting samples for epoch 295
balance: False
ratio: 0.1
=====> Saving current model and best model
selecting samples for epoch 296
balance: False
ratio: 0.1
=====> Saving current model and best model
selecting samples for epoch 297
balance: False
ratio: 0.1
=====> Saving current model and best model
selecting samples for epoch 298
balance: False
ratio: 0.1
=====> Saving current model and best model
selecting samples for epoch 299
balance: False
ratio: 0.1
=====> Saving current model and best model
selecting samples for epoch 300
balance: False
ratio: 0.1
=====> Epoch: 300/300, Total_step: 14100, lr: 0.001000, Total Time: 6909.7104 s, Time this epoch: 17.2344 s
=====> Epoch: 300/300, Train Loss (train loader labels): 676568432640.0000, Train acc (train loader labels): 0.3842, Best val acc: 0.4053, Current val acc: 0.3823, Val Loss: 670852186112.0000
=====> Saving current model and best model
Saved helper snapshots to /home/mward19/Documents/miller/Online-Batch-Selection/snapshots/CIFAR3/{"bsel":"Uniform","seed":3,"model":"DeepLinear","opt":"adamw","bs":320,"ratio":0.1,"lr":0.001,"wd":0.01,"layers":36,"hidden_dim":1000}.p
Saved selected points array to /home/mward19/Documents/miller/Online-Batch-Selection/selected_points/CIFAR3/{"bsel":"Uniform","seed":3,"model":"DeepLinear","opt":"adamw","bs":320,"ratio":0.1,"lr":0.001,"wd":0.01,"layers":36,"hidden_dim":1000}.npy
========================= End Main =========================
