wandb: Tracking run with wandb version 0.27.0
wandb: W&B syncing is set to `offline` in this directory. Run `wandb online` or set WANDB_MODE=online to enable cloud syncing.
wandb: Run data is saved locally in exp/MNIST/RhoLoss_deeplinear_bs320_ep300_lr0.001_AdamW_constant_seed1_r0.1_8_hidden/wandb/offline-run-20260605_184642-5b7mgfsk
wandb: 
wandb: Run history:
wandb:                                best_val_acc 鈻佲杹鈻呪枀鈻呪枂鈻嗏枂鈻堚枅鈻堚枅鈻堚枅鈻堚枅鈻堚枅鈻堚枅鈻堚枅鈻堚枅鈻堚枅鈻堚枅鈻堚枅鈻堚枅鈻堚枅鈻堚枅鈻堚枅鈻堚枅
wandb:                           diagnostics/epoch 鈻佲杹鈻佲杹鈻佲杹鈻佲杹鈻佲杹鈻佲杹鈻佲杹鈻佲杹鈻佲杹鈻佲杹鈻佲杹鈻佲杹鈻傗杺鈻傗杺鈻傗杺鈻傗杺鈻冣杻鈻冣杽鈻呪枀鈻団枅
wandb: diagnostics/fixed_train_logits_norm_l2_mean 鈻佲杹鈻佲杹鈻佲杹鈻佲杹鈻佲杹鈻佲杹鈻佲杹鈻佲杹鈻佲杹鈻佲杹鈻佲杹鈻佲杹鈻佲杹鈻佲枀鈻傗杹鈻佲杹鈻堚杺鈻佲杺鈻佲杹鈻佲杽
wandb:        diagnostics/test_logits_norm_l2_mean 鈻佲杹鈻佲杹鈻佲杹鈻佲杹鈻佲杹鈻佲杹鈻佲杹鈻佲杹鈻佲杹鈻佲杹鈻佲杹鈻佲杹鈻佲杹鈻佲杹鈻佲杹鈻佲杹鈻佲枅鈻佲杹鈻佲杹鈻佲杹
wandb:                      diagnostics/total_step 鈻佲杹鈻佲杹鈻佲杹鈻佲杹鈻佲杹鈻佲杹鈻佲杹鈻佲杹鈻佲杹鈻佲杹鈻佲杹鈻佲杺鈻傗杺鈻傗杺鈻傗杺鈻傗杻鈻勨杽鈻呪枂鈻団枃鈻団枅
wandb:                                       epoch 鈻佲杹鈻佲杹鈻佲杹鈻佲杹鈻佲杹鈻佲杹鈻佲杹鈻佲杹鈻佲杹鈻佲杹鈻佲杹鈻佲杹鈻傗杺鈻傗杺鈻傗杺鈻冣杻鈻冣杽鈻勨枀鈻団枃鈻団枅
wandb:                                          lr 鈻佲杹鈻佲杹鈻佲杹鈻佲杹鈻佲杹鈻佲杹鈻佲杹鈻佲杹鈻佲杹鈻佲杹鈻佲杹鈻佲杹鈻佲杹鈻佲杹鈻佲杹鈻佲杹鈻佲杹鈻佲杹鈻佲杹鈻佲杹
wandb:                                  time_epoch 鈻佲杹鈻佲杹鈻佲枅鈻堚枅鈻堚枅鈻堚枅鈻堚杽鈻勨杽鈻勨杽鈻勨杽鈻勨杽鈻勨杽鈻勨杺鈻傗杺鈻傗杺鈻傗杺鈻傗杺鈻傗杺鈻傗杺鈻傗杺
wandb:                                  total_time 鈻佲杹鈻佲杹鈻佲杹鈻佲杹鈻佲杹鈻佲杹鈻佲杹鈻佲杺鈻傗杺鈻傗杺鈻傗杺鈻傗杺鈻傗杺鈻傗杻鈻冣杻鈻冣杻鈻勨杽鈻呪枂鈻嗏枃鈻団枅
wandb:                                   train_acc 鈻傗杹鈻嗏枃鈻団枃鈻嗏枃鈻団枅鈻団枅鈻団枃鈻嗏枂鈻嗏枃鈻嗏枂鈻嗏枂鈻嗏枃鈻嗏枂鈻嗏枃鈻呪枂鈻呪枀鈻冣杽鈻呪枂鈻団枃鈻堚杻
wandb:                                          +5 ...
wandb: 
wandb: Run summary:
wandb:                                best_val_acc 0.4799
wandb:                           diagnostics/epoch 300
wandb: diagnostics/fixed_train_logits_norm_l2_mean 43.07887
wandb:        diagnostics/test_logits_norm_l2_mean 36.25147
wandb:                      diagnostics/total_step 56400
wandb:                         diagnostics/trigger batch_update
wandb:                                       epoch 300
wandb:                                          lr 0.001
wandb:                                  time_epoch 14.82913
wandb:                                  total_time 5570.83437
wandb:                                          +6 ...
wandb: 
wandb: You can sync this run to the cloud by running:
wandb: wandb sync exp/MNIST/RhoLoss_deeplinear_bs320_ep300_lr0.001_AdamW_constant_seed1_r0.1_8_hidden/wandb/offline-run-20260605_184642-5b7mgfsk
wandb: Find logs at: exp/MNIST/RhoLoss_deeplinear_bs320_ep300_lr0.001_AdamW_constant_seed1_r0.1_8_hidden/wandb/offline-run-20260605_184642-5b7mgfsk/logs
