save_dir: ./exp/CIFAR3/DivBS_deeplinear_bs320_ep300_lr0.001_AdamW_constant_seed2_r0.1_8_hidden
=====> Loading config files: 
configs/cifar3/method/divbs-0.1.yaml
configs/cifar3/data/cifar3.yaml
configs/cifar3/model/deep_linear_saxe/deep_linear_8.yaml
configs/cifar3/optim/adamw-320-0.001-0.01.yaml
configs/diagnostics/snapshots_log_interval.yaml
=====> Config files loaded.
========================= Start Main =========================
=====> Saving config file
=====> Config file saved
=====> Using fixed random seed: 2
=====> Wandb initialized
=====> Number of GPUs: 1
Creating DivBS...
Begin training for DivBS...
=====> Epoch: 0/300, Total_step: 0, lr: 0.001000, Total Time: 0.0000 s, Time this epoch: 0.0000 s
=====> Epoch: 0/300, Train Loss (train loader labels): 1.0983, Train acc (train loader labels): 0.3423, Best val acc: 0.3437, Current val acc: 0.3437, Val Loss: 1.0985
balance: False
selecting samples for epoch 1, ratio 0.1
=====> Epoch: 1/300, Total_step: 1, lr: 0.001000, Total Time: 0.0000 s, Time this epoch: 0.0000 s
=====> Epoch: 1/300, Train Loss (train loader labels): 1.0959, Train acc (train loader labels): 0.3793, Best val acc: 0.3793, Current val acc: 0.3793, Val Loss: 1.0917
=====> Epoch: 1/300, Total_step: 12, lr: 0.001000, Total Time: 0.0000 s, Time this epoch: 0.0000 s
=====> Epoch: 1/300, Train Loss (train loader labels): 2.5310, Train acc (train loader labels): 0.3322, Best val acc: 0.3793, Current val acc: 0.3533, Val Loss: 2.3656
=====> Epoch: 1/300, Total_step: 23, lr: 0.001000, Total Time: 0.0000 s, Time this epoch: 0.0000 s
=====> Epoch: 1/300, Train Loss (train loader labels): 1.2149, Train acc (train loader labels): 0.2534, Best val acc: 0.3793, Current val acc: 0.2623, Val Loss: 1.2182
=====> Epoch: 1/300, Total_step: 34, lr: 0.001000, Total Time: 0.0000 s, Time this epoch: 0.0000 s
=====> Epoch: 1/300, Train Loss (train loader labels): 1.2274, Train acc (train loader labels): 0.3189, Best val acc: 0.3793, Current val acc: 0.3230, Val Loss: 1.2079
=====> Epoch: 1/300, Total_step: 45, lr: 0.001000, Total Time: 0.0000 s, Time this epoch: 0.0000 s
=====> Epoch: 1/300, Train Loss (train loader labels): 1.1015, Train acc (train loader labels): 0.3497, Best val acc: 0.3793, Current val acc: 0.3423, Val Loss: 1.1025
=====> Saving current model and best model
balance: False
selecting samples for epoch 2, ratio 0.1
=====> Epoch: 2/300, Total_step: 48, lr: 0.001000, Total Time: 125.4224 s, Time this epoch: 106.8126 s
=====> Epoch: 2/300, Train Loss (train loader labels): 1.1155, Train acc (train loader labels): 0.3541, Best val acc: 0.3793, Current val acc: 0.3547, Val Loss: 1.1136
=====> Epoch: 2/300, Total_step: 59, lr: 0.001000, Total Time: 125.4224 s, Time this epoch: 106.8126 s
=====> Epoch: 2/300, Train Loss (train loader labels): 1.0889, Train acc (train loader labels): 0.3910, Best val acc: 0.3890, Current val acc: 0.3890, Val Loss: 1.0899
=====> Epoch: 2/300, Total_step: 70, lr: 0.001000, Total Time: 125.4224 s, Time this epoch: 106.8126 s
=====> Epoch: 2/300, Train Loss (train loader labels): 1.0780, Train acc (train loader labels): 0.3867, Best val acc: 0.3890, Current val acc: 0.3880, Val Loss: 1.0793
=====> Epoch: 2/300, Total_step: 81, lr: 0.001000, Total Time: 125.4224 s, Time this epoch: 106.8126 s
=====> Epoch: 2/300, Train Loss (train loader labels): 1.0820, Train acc (train loader labels): 0.4014, Best val acc: 0.4130, Current val acc: 0.4130, Val Loss: 1.0800
=====> Epoch: 2/300, Total_step: 92, lr: 0.001000, Total Time: 125.4224 s, Time this epoch: 106.8126 s
=====> Epoch: 2/300, Train Loss (train loader labels): 1.0661, Train acc (train loader labels): 0.4291, Best val acc: 0.4483, Current val acc: 0.4483, Val Loss: 1.0607
=====> Saving current model and best model
balance: False
selecting samples for epoch 3, ratio 0.1
=====> Epoch: 3/300, Total_step: 95, lr: 0.001000, Total Time: 232.1871 s, Time this epoch: 106.1390 s
=====> Epoch: 3/300, Train Loss (train loader labels): 1.0602, Train acc (train loader labels): 0.4481, Best val acc: 0.4577, Current val acc: 0.4577, Val Loss: 1.0538
=====> Epoch: 3/300, Total_step: 106, lr: 0.001000, Total Time: 232.1871 s, Time this epoch: 106.1390 s
=====> Epoch: 3/300, Train Loss (train loader labels): 1.0515, Train acc (train loader labels): 0.4617, Best val acc: 0.4720, Current val acc: 0.4720, Val Loss: 1.0496
=====> Epoch: 3/300, Total_step: 117, lr: 0.001000, Total Time: 232.1871 s, Time this epoch: 106.1390 s
=====> Epoch: 3/300, Train Loss (train loader labels): 1.0296, Train acc (train loader labels): 0.4815, Best val acc: 0.4917, Current val acc: 0.4917, Val Loss: 1.0265
=====> Epoch: 3/300, Total_step: 128, lr: 0.001000, Total Time: 232.1871 s, Time this epoch: 106.1390 s
=====> Epoch: 3/300, Train Loss (train loader labels): 1.0375, Train acc (train loader labels): 0.4638, Best val acc: 0.4917, Current val acc: 0.4677, Val Loss: 1.0373
=====> Epoch: 3/300, Total_step: 139, lr: 0.001000, Total Time: 232.1871 s, Time this epoch: 106.1390 s
=====> Epoch: 3/300, Train Loss (train loader labels): 1.0504, Train acc (train loader labels): 0.4500, Best val acc: 0.4917, Current val acc: 0.4553, Val Loss: 1.0491
=====> Saving current model and best model
balance: False
selecting samples for epoch 4, ratio 0.1
=====> Epoch: 4/300, Total_step: 142, lr: 0.001000, Total Time: 338.8588 s, Time this epoch: 106.2734 s
=====> Epoch: 4/300, Train Loss (train loader labels): 1.0463, Train acc (train loader labels): 0.4465, Best val acc: 0.4917, Current val acc: 0.4550, Val Loss: 1.0462
=====> Epoch: 4/300, Total_step: 153, lr: 0.001000, Total Time: 338.8588 s, Time this epoch: 106.2734 s
=====> Epoch: 4/300, Train Loss (train loader labels): 1.0358, Train acc (train loader labels): 0.4700, Best val acc: 0.4917, Current val acc: 0.4850, Val Loss: 1.0302
=====> Epoch: 4/300, Total_step: 164, lr: 0.001000, Total Time: 338.8588 s, Time this epoch: 106.2734 s
=====> Epoch: 4/300, Train Loss (train loader labels): 1.0513, Train acc (train loader labels): 0.4453, Best val acc: 0.4917, Current val acc: 0.4587, Val Loss: 1.0476
=====> Epoch: 4/300, Total_step: 175, lr: 0.001000, Total Time: 338.8588 s, Time this epoch: 106.2734 s
=====> Epoch: 4/300, Train Loss (train loader labels): 1.0325, Train acc (train loader labels): 0.4622, Best val acc: 0.4917, Current val acc: 0.4827, Val Loss: 1.0294
=====> Epoch: 4/300, Total_step: 186, lr: 0.001000, Total Time: 338.8588 s, Time this epoch: 106.2734 s
=====> Epoch: 4/300, Train Loss (train loader labels): 1.0557, Train acc (train loader labels): 0.4595, Best val acc: 0.4917, Current val acc: 0.4690, Val Loss: 1.0505
=====> Saving current model and best model
balance: False
selecting samples for epoch 5, ratio 0.1
=====> Epoch: 5/300, Total_step: 189, lr: 0.001000, Total Time: 445.2839 s, Time this epoch: 106.0913 s
=====> Epoch: 5/300, Train Loss (train loader labels): 1.0607, Train acc (train loader labels): 0.4561, Best val acc: 0.4917, Current val acc: 0.4573, Val Loss: 1.0563
=====> Epoch: 5/300, Total_step: 200, lr: 0.001000, Total Time: 445.2839 s, Time this epoch: 106.0913 s
=====> Epoch: 5/300, Train Loss (train loader labels): 1.0369, Train acc (train loader labels): 0.4749, Best val acc: 0.4917, Current val acc: 0.4870, Val Loss: 1.0304
=====> Epoch: 5/300, Total_step: 211, lr: 0.001000, Total Time: 445.2839 s, Time this epoch: 106.0913 s
=====> Epoch: 5/300, Train Loss (train loader labels): 1.0258, Train acc (train loader labels): 0.4777, Best val acc: 0.5000, Current val acc: 0.5000, Val Loss: 1.0191
=====> Epoch: 5/300, Total_step: 222, lr: 0.001000, Total Time: 445.2839 s, Time this epoch: 106.0913 s
=====> Epoch: 5/300, Train Loss (train loader labels): 1.0255, Train acc (train loader labels): 0.4716, Best val acc: 0.5000, Current val acc: 0.4970, Val Loss: 1.0206
=====> Epoch: 5/300, Total_step: 233, lr: 0.001000, Total Time: 445.2839 s, Time this epoch: 106.0913 s
=====> Epoch: 5/300, Train Loss (train loader labels): 1.0347, Train acc (train loader labels): 0.4770, Best val acc: 0.5000, Current val acc: 0.4893, Val Loss: 1.0288
=====> Saving current model and best model
balance: False
selecting samples for epoch 6, ratio 0.1
=====> Epoch: 6/300, Total_step: 282, lr: 0.001000, Total Time: 553.1060 s, Time this epoch: 107.5073 s
=====> Epoch: 6/300, Train Loss (train loader labels): 1.0411, Train acc (train loader labels): 0.4704, Best val acc: 0.5000, Current val acc: 0.4810, Val Loss: 1.0377
=====> Saving current model and best model
balance: False
selecting samples for epoch 7, ratio 0.1
=====> Epoch: 7/300, Total_step: 329, lr: 0.001000, Total Time: 589.3830 s, Time this epoch: 35.9252 s
=====> Epoch: 7/300, Train Loss (train loader labels): 1.0229, Train acc (train loader labels): 0.4820, Best val acc: 0.5007, Current val acc: 0.5007, Val Loss: 1.0194
=====> Saving current model and best model
balance: False
selecting samples for epoch 8, ratio 0.1
=====> Epoch: 8/300, Total_step: 376, lr: 0.001000, Total Time: 625.5353 s, Time this epoch: 35.7679 s
=====> Epoch: 8/300, Train Loss (train loader labels): 1.0232, Train acc (train loader labels): 0.4861, Best val acc: 0.5080, Current val acc: 0.5080, Val Loss: 1.0153
=====> Saving current model and best model
balance: False
selecting samples for epoch 9, ratio 0.1
=====> Epoch: 9/300, Total_step: 423, lr: 0.001000, Total Time: 661.8744 s, Time this epoch: 35.4371 s
=====> Epoch: 9/300, Train Loss (train loader labels): 1.0159, Train acc (train loader labels): 0.4916, Best val acc: 0.5130, Current val acc: 0.5130, Val Loss: 1.0093
=====> Saving current model and best model
balance: False
selecting samples for epoch 10, ratio 0.1
=====> Epoch: 10/300, Total_step: 470, lr: 0.001000, Total Time: 698.7375 s, Time this epoch: 35.7347 s
=====> Epoch: 10/300, Train Loss (train loader labels): 1.0394, Train acc (train loader labels): 0.4753, Best val acc: 0.5130, Current val acc: 0.5003, Val Loss: 1.0353
=====> Saving current model and best model
balance: False
selecting samples for epoch 11, ratio 0.1
=====> Epoch: 11/300, Total_step: 517, lr: 0.001000, Total Time: 735.6744 s, Time this epoch: 35.8157 s
=====> Epoch: 11/300, Train Loss (train loader labels): 1.0217, Train acc (train loader labels): 0.4807, Best val acc: 0.5130, Current val acc: 0.4837, Val Loss: 1.0220
=====> Saving current model and best model
balance: False
selecting samples for epoch 12, ratio 0.1
=====> Epoch: 12/300, Total_step: 564, lr: 0.001000, Total Time: 771.7863 s, Time this epoch: 35.6946 s
=====> Epoch: 12/300, Train Loss (train loader labels): 1.0113, Train acc (train loader labels): 0.4876, Best val acc: 0.5130, Current val acc: 0.5050, Val Loss: 1.0069
=====> Saving current model and best model
balance: False
selecting samples for epoch 13, ratio 0.1
=====> Epoch: 13/300, Total_step: 611, lr: 0.001000, Total Time: 808.1370 s, Time this epoch: 35.9600 s
=====> Epoch: 13/300, Train Loss (train loader labels): 1.0360, Train acc (train loader labels): 0.4779, Best val acc: 0.5130, Current val acc: 0.4927, Val Loss: 1.0325
=====> Saving current model and best model
balance: False
selecting samples for epoch 14, ratio 0.1
=====> Epoch: 14/300, Total_step: 658, lr: 0.001000, Total Time: 844.4923 s, Time this epoch: 35.9430 s
=====> Epoch: 14/300, Train Loss (train loader labels): 1.0355, Train acc (train loader labels): 0.4851, Best val acc: 0.5130, Current val acc: 0.4967, Val Loss: 1.0319
=====> Saving current model and best model
balance: False
selecting samples for epoch 15, ratio 0.1
=====> Epoch: 15/300, Total_step: 705, lr: 0.001000, Total Time: 880.6301 s, Time this epoch: 35.8124 s
=====> Epoch: 15/300, Train Loss (train loader labels): 1.0488, Train acc (train loader labels): 0.4922, Best val acc: 0.5130, Current val acc: 0.5067, Val Loss: 1.0459
=====> Saving current model and best model
balance: False
selecting samples for epoch 16, ratio 0.1
=====> Epoch: 16/300, Total_step: 752, lr: 0.001000, Total Time: 916.8300 s, Time this epoch: 35.8814 s
=====> Epoch: 16/300, Train Loss (train loader labels): 1.0630, Train acc (train loader labels): 0.4706, Best val acc: 0.5130, Current val acc: 0.4813, Val Loss: 1.0612
=====> Saving current model and best model
balance: False
selecting samples for epoch 17, ratio 0.1
=====> Epoch: 17/300, Total_step: 799, lr: 0.001000, Total Time: 953.0429 s, Time this epoch: 35.7972 s
=====> Epoch: 17/300, Train Loss (train loader labels): 1.0141, Train acc (train loader labels): 0.4804, Best val acc: 0.5130, Current val acc: 0.4970, Val Loss: 1.0101
=====> Saving current model and best model
balance: False
selecting samples for epoch 18, ratio 0.1
=====> Epoch: 18/300, Total_step: 846, lr: 0.001000, Total Time: 989.3936 s, Time this epoch: 35.9411 s
=====> Epoch: 18/300, Train Loss (train loader labels): 1.0246, Train acc (train loader labels): 0.4852, Best val acc: 0.5130, Current val acc: 0.5053, Val Loss: 1.0209
=====> Saving current model and best model
balance: False
selecting samples for epoch 19, ratio 0.1
=====> Epoch: 19/300, Total_step: 893, lr: 0.001000, Total Time: 1025.3442 s, Time this epoch: 35.5961 s
=====> Epoch: 19/300, Train Loss (train loader labels): 1.0174, Train acc (train loader labels): 0.4756, Best val acc: 0.5130, Current val acc: 0.4853, Val Loss: 1.0173
=====> Saving current model and best model
balance: False
selecting samples for epoch 20, ratio 0.1
=====> Epoch: 20/300, Total_step: 940, lr: 0.001000, Total Time: 1061.3200 s, Time this epoch: 35.6415 s
=====> Epoch: 20/300, Train Loss (train loader labels): 1.0350, Train acc (train loader labels): 0.4897, Best val acc: 0.5130, Current val acc: 0.4997, Val Loss: 1.0294
=====> Saving current model and best model
balance: False
selecting samples for epoch 21, ratio 0.1
=====> Epoch: 21/300, Total_step: 987, lr: 0.001000, Total Time: 1097.6219 s, Time this epoch: 35.9758 s
=====> Epoch: 21/300, Train Loss (train loader labels): 1.0039, Train acc (train loader labels): 0.4984, Best val acc: 0.5180, Current val acc: 0.5180, Val Loss: 1.0004
=====> Saving current model and best model
balance: False
selecting samples for epoch 22, ratio 0.1
=====> Epoch: 22/300, Total_step: 1034, lr: 0.001000, Total Time: 1134.2273 s, Time this epoch: 36.2830 s
=====> Epoch: 22/300, Train Loss (train loader labels): 1.0342, Train acc (train loader labels): 0.4839, Best val acc: 0.5180, Current val acc: 0.5080, Val Loss: 1.0305
=====> Saving current model and best model
balance: False
selecting samples for epoch 23, ratio 0.1
=====> Epoch: 23/300, Total_step: 1081, lr: 0.001000, Total Time: 1170.3643 s, Time this epoch: 35.4815 s
=====> Epoch: 23/300, Train Loss (train loader labels): 1.0093, Train acc (train loader labels): 0.4889, Best val acc: 0.5180, Current val acc: 0.5050, Val Loss: 1.0053
=====> Saving current model and best model
balance: False
selecting samples for epoch 24, ratio 0.1
=====> Epoch: 24/300, Total_step: 1128, lr: 0.001000, Total Time: 1206.9009 s, Time this epoch: 36.2186 s
=====> Epoch: 24/300, Train Loss (train loader labels): 1.0185, Train acc (train loader labels): 0.4938, Best val acc: 0.5180, Current val acc: 0.5123, Val Loss: 1.0110
=====> Saving current model and best model
balance: False
selecting samples for epoch 25, ratio 0.1
=====> Epoch: 25/300, Total_step: 1175, lr: 0.001000, Total Time: 1243.2727 s, Time this epoch: 36.0053 s
=====> Epoch: 25/300, Train Loss (train loader labels): 1.0155, Train acc (train loader labels): 0.4904, Best val acc: 0.5180, Current val acc: 0.4970, Val Loss: 1.0147
=====> Saving current model and best model
balance: False
selecting samples for epoch 26, ratio 0.1
=====> Epoch: 26/300, Total_step: 1222, lr: 0.001000, Total Time: 1279.4471 s, Time this epoch: 35.7972 s
=====> Epoch: 26/300, Train Loss (train loader labels): 1.0160, Train acc (train loader labels): 0.4743, Best val acc: 0.5180, Current val acc: 0.4750, Val Loss: 1.0203
=====> Saving current model and best model
balance: False
selecting samples for epoch 27, ratio 0.1
=====> Saving current model and best model
balance: False
selecting samples for epoch 28, ratio 0.1
=====> Saving current model and best model
balance: False
selecting samples for epoch 29, ratio 0.1
=====> Epoch: 29/300, Total_step: 1363, lr: 0.001000, Total Time: 1350.7495 s, Time this epoch: 17.1774 s
=====> Epoch: 29/300, Train Loss (train loader labels): 1.0524, Train acc (train loader labels): 0.4704, Best val acc: 0.5180, Current val acc: 0.4940, Val Loss: 1.0462
=====> Saving current model and best model
balance: False
selecting samples for epoch 30, ratio 0.1
=====> Saving current model and best model
balance: False
selecting samples for epoch 31, ratio 0.1
=====> Saving current model and best model
balance: False
selecting samples for epoch 32, ratio 0.1
=====> Saving current model and best model
balance: False
selecting samples for epoch 33, ratio 0.1
=====> Epoch: 33/300, Total_step: 1551, lr: 0.001000, Total Time: 1440.0830 s, Time this epoch: 17.0914 s
=====> Epoch: 33/300, Train Loss (train loader labels): 1.0525, Train acc (train loader labels): 0.4745, Best val acc: 0.5180, Current val acc: 0.4897, Val Loss: 1.0499
=====> Saving current model and best model
balance: False
selecting samples for epoch 34, ratio 0.1
=====> Saving current model and best model
balance: False
selecting samples for epoch 35, ratio 0.1
=====> Saving current model and best model
balance: False
selecting samples for epoch 36, ratio 0.1
=====> Saving current model and best model
balance: False
selecting samples for epoch 37, ratio 0.1
=====> Epoch: 37/300, Total_step: 1739, lr: 0.001000, Total Time: 1529.0131 s, Time this epoch: 17.1171 s
=====> Epoch: 37/300, Train Loss (train loader labels): 1.0343, Train acc (train loader labels): 0.4749, Best val acc: 0.5180, Current val acc: 0.4937, Val Loss: 1.0311
=====> Saving current model and best model
balance: False
selecting samples for epoch 38, ratio 0.1
=====> Saving current model and best model
balance: False
selecting samples for epoch 39, ratio 0.1
=====> Saving current model and best model
balance: False
selecting samples for epoch 40, ratio 0.1
=====> Saving current model and best model
balance: False
selecting samples for epoch 41, ratio 0.1
=====> Epoch: 41/300, Total_step: 1927, lr: 0.001000, Total Time: 1618.1788 s, Time this epoch: 17.1891 s
=====> Epoch: 41/300, Train Loss (train loader labels): 1.0593, Train acc (train loader labels): 0.4503, Best val acc: 0.5180, Current val acc: 0.4590, Val Loss: 1.0536
=====> Saving current model and best model
balance: False
selecting samples for epoch 42, ratio 0.1
=====> Saving current model and best model
balance: False
selecting samples for epoch 43, ratio 0.1
=====> Saving current model and best model
balance: False
selecting samples for epoch 44, ratio 0.1
=====> Saving current model and best model
balance: False
selecting samples for epoch 45, ratio 0.1
=====> Epoch: 45/300, Total_step: 2115, lr: 0.001000, Total Time: 1707.1482 s, Time this epoch: 17.2026 s
=====> Epoch: 45/300, Train Loss (train loader labels): 1.0469, Train acc (train loader labels): 0.4513, Best val acc: 0.5180, Current val acc: 0.4523, Val Loss: 1.0448
=====> Saving current model and best model
balance: False
selecting samples for epoch 46, ratio 0.1
=====> Saving current model and best model
balance: False
selecting samples for epoch 47, ratio 0.1
=====> Saving current model and best model
balance: False
selecting samples for epoch 48, ratio 0.1
=====> Saving current model and best model
balance: False
selecting samples for epoch 49, ratio 0.1
=====> Epoch: 49/300, Total_step: 2303, lr: 0.001000, Total Time: 1796.3484 s, Time this epoch: 17.2081 s
=====> Epoch: 49/300, Train Loss (train loader labels): 1.0336, Train acc (train loader labels): 0.4868, Best val acc: 0.5180, Current val acc: 0.5093, Val Loss: 1.0290
=====> Saving current model and best model
balance: False
selecting samples for epoch 50, ratio 0.1
=====> Saving current model and best model
balance: False
selecting samples for epoch 51, ratio 0.1
=====> Saving current model and best model
balance: False
selecting samples for epoch 52, ratio 0.1
=====> Saving current model and best model
balance: False
selecting samples for epoch 53, ratio 0.1
=====> Epoch: 53/300, Total_step: 2491, lr: 0.001000, Total Time: 1885.5720 s, Time this epoch: 17.1776 s
=====> Epoch: 53/300, Train Loss (train loader labels): 1.0284, Train acc (train loader labels): 0.4857, Best val acc: 0.5180, Current val acc: 0.5043, Val Loss: 1.0220
=====> Saving current model and best model
balance: False
selecting samples for epoch 54, ratio 0.1
=====> Saving current model and best model
balance: False
selecting samples for epoch 55, ratio 0.1
=====> Saving current model and best model
balance: False
selecting samples for epoch 56, ratio 0.1
=====> Saving current model and best model
balance: False
selecting samples for epoch 57, ratio 0.1
=====> Epoch: 57/300, Total_step: 2679, lr: 0.001000, Total Time: 1974.9791 s, Time this epoch: 17.2840 s
=====> Epoch: 57/300, Train Loss (train loader labels): 1.0145, Train acc (train loader labels): 0.4763, Best val acc: 0.5180, Current val acc: 0.4880, Val Loss: 1.0107
=====> Saving current model and best model
balance: False
selecting samples for epoch 58, ratio 0.1
=====> Saving current model and best model
balance: False
selecting samples for epoch 59, ratio 0.1
=====> Saving current model and best model
balance: False
selecting samples for epoch 60, ratio 0.1
=====> Saving current model and best model
balance: False
selecting samples for epoch 61, ratio 0.1
=====> Epoch: 61/300, Total_step: 2867, lr: 0.001000, Total Time: 2064.1653 s, Time this epoch: 17.2865 s
=====> Epoch: 61/300, Train Loss (train loader labels): 1.0239, Train acc (train loader labels): 0.4987, Best val acc: 0.5257, Current val acc: 0.5257, Val Loss: 1.0190
=====> Saving current model and best model
balance: False
selecting samples for epoch 62, ratio 0.1
=====> Saving current model and best model
balance: False
selecting samples for epoch 63, ratio 0.1
=====> Saving current model and best model
balance: False
selecting samples for epoch 64, ratio 0.1
=====> Saving current model and best model
balance: False
selecting samples for epoch 65, ratio 0.1
=====> Epoch: 65/300, Total_step: 3055, lr: 0.001000, Total Time: 2155.9984 s, Time this epoch: 17.3612 s
=====> Epoch: 65/300, Train Loss (train loader labels): 1.0476, Train acc (train loader labels): 0.4583, Best val acc: 0.5257, Current val acc: 0.4673, Val Loss: 1.0455
=====> Saving current model and best model
balance: False
selecting samples for epoch 66, ratio 0.1
=====> Saving current model and best model
balance: False
selecting samples for epoch 67, ratio 0.1
=====> Saving current model and best model
balance: False
selecting samples for epoch 68, ratio 0.1
=====> Saving current model and best model
balance: False
selecting samples for epoch 69, ratio 0.1
=====> Saving current model and best model
balance: False
selecting samples for epoch 70, ratio 0.1
=====> Saving current model and best model
balance: False
selecting samples for epoch 71, ratio 0.1
=====> Saving current model and best model
balance: False
selecting samples for epoch 72, ratio 0.1
=====> Saving current model and best model
balance: False
selecting samples for epoch 73, ratio 0.1
=====> Saving current model and best model
balance: False
selecting samples for epoch 74, ratio 0.1
=====> Saving current model and best model
balance: False
selecting samples for epoch 75, ratio 0.1
=====> Saving current model and best model
balance: False
selecting samples for epoch 76, ratio 0.1
=====> Epoch: 76/300, Total_step: 3572, lr: 0.001000, Total Time: 2369.0653 s, Time this epoch: 17.2353 s
=====> Epoch: 76/300, Train Loss (train loader labels): 1.0305, Train acc (train loader labels): 0.4643, Best val acc: 0.5257, Current val acc: 0.4760, Val Loss: 1.0308
=====> Saving current model and best model
balance: False
selecting samples for epoch 77, ratio 0.1
=====> Saving current model and best model
balance: False
selecting samples for epoch 78, ratio 0.1
=====> Saving current model and best model
balance: False
selecting samples for epoch 79, ratio 0.1
=====> Saving current model and best model
balance: False
selecting samples for epoch 80, ratio 0.1
=====> Saving current model and best model
balance: False
selecting samples for epoch 81, ratio 0.1
=====> Saving current model and best model
balance: False
selecting samples for epoch 82, ratio 0.1
=====> Saving current model and best model
balance: False
selecting samples for epoch 83, ratio 0.1
=====> Saving current model and best model
balance: False
selecting samples for epoch 84, ratio 0.1
=====> Saving current model and best model
balance: False
selecting samples for epoch 85, ratio 0.1
=====> Saving current model and best model
balance: False
selecting samples for epoch 86, ratio 0.1
=====> Saving current model and best model
balance: False
selecting samples for epoch 87, ratio 0.1
=====> Saving current model and best model
balance: False
selecting samples for epoch 88, ratio 0.1
=====> Saving current model and best model
balance: False
selecting samples for epoch 89, ratio 0.1
=====> Saving current model and best model
balance: False
selecting samples for epoch 90, ratio 0.1
=====> Saving current model and best model
balance: False
selecting samples for epoch 91, ratio 0.1
=====> Epoch: 91/300, Total_step: 4277, lr: 0.001000, Total Time: 2652.2599 s, Time this epoch: 17.2195 s
=====> Epoch: 91/300, Train Loss (train loader labels): 94.7038, Train acc (train loader labels): 0.3475, Best val acc: 0.5257, Current val acc: 0.3563, Val Loss: 100.7108
=====> Saving current model and best model
balance: False
selecting samples for epoch 92, ratio 0.1
=====> Saving current model and best model
balance: False
selecting samples for epoch 93, ratio 0.1
=====> Saving current model and best model
balance: False
selecting samples for epoch 94, ratio 0.1
=====> Saving current model and best model
balance: False
selecting samples for epoch 95, ratio 0.1
=====> Saving current model and best model
balance: False
selecting samples for epoch 96, ratio 0.1
=====> Saving current model and best model
balance: False
selecting samples for epoch 97, ratio 0.1
=====> Saving current model and best model
balance: False
selecting samples for epoch 98, ratio 0.1
=====> Saving current model and best model
balance: False
selecting samples for epoch 99, ratio 0.1
=====> Saving current model and best model
balance: False
selecting samples for epoch 100, ratio 0.1
=====> Saving current model and best model
balance: False
selecting samples for epoch 101, ratio 0.1
=====> Saving current model and best model
balance: False
selecting samples for epoch 102, ratio 0.1
=====> Saving current model and best model
balance: False
selecting samples for epoch 103, ratio 0.1
=====> Saving current model and best model
balance: False
selecting samples for epoch 104, ratio 0.1
=====> Saving current model and best model
balance: False
selecting samples for epoch 105, ratio 0.1
=====> Saving current model and best model
balance: False
selecting samples for epoch 106, ratio 0.1
=====> Epoch: 106/300, Total_step: 4982, lr: 0.001000, Total Time: 2935.7198 s, Time this epoch: 17.2800 s
=====> Epoch: 106/300, Train Loss (train loader labels): 45.3017, Train acc (train loader labels): 0.3550, Best val acc: 0.5257, Current val acc: 0.3597, Val Loss: 45.9834
=====> Saving current model and best model
balance: False
selecting samples for epoch 107, ratio 0.1
=====> Saving current model and best model
balance: False
selecting samples for epoch 108, ratio 0.1
=====> Saving current model and best model
balance: False
selecting samples for epoch 109, ratio 0.1
=====> Saving current model and best model
balance: False
selecting samples for epoch 110, ratio 0.1
=====> Saving current model and best model
balance: False
selecting samples for epoch 111, ratio 0.1
=====> Saving current model and best model
balance: False
selecting samples for epoch 112, ratio 0.1
=====> Saving current model and best model
balance: False
selecting samples for epoch 113, ratio 0.1
=====> Saving current model and best model
balance: False
selecting samples for epoch 114, ratio 0.1
=====> Saving current model and best model
balance: False
selecting samples for epoch 115, ratio 0.1
=====> Saving current model and best model
balance: False
selecting samples for epoch 116, ratio 0.1
=====> Saving current model and best model
balance: False
selecting samples for epoch 117, ratio 0.1
=====> Saving current model and best model
balance: False
selecting samples for epoch 118, ratio 0.1
=====> Saving current model and best model
balance: False
selecting samples for epoch 119, ratio 0.1
=====> Saving current model and best model
balance: False
selecting samples for epoch 120, ratio 0.1
=====> Saving current model and best model
balance: False
selecting samples for epoch 121, ratio 0.1
=====> Epoch: 121/300, Total_step: 5687, lr: 0.001000, Total Time: 3218.8643 s, Time this epoch: 17.2290 s
=====> Epoch: 121/300, Train Loss (train loader labels): 61.8687, Train acc (train loader labels): 0.4016, Best val acc: 0.5257, Current val acc: 0.4137, Val Loss: 65.3348
=====> Saving current model and best model
balance: False
selecting samples for epoch 122, ratio 0.1
=====> Saving current model and best model
balance: False
selecting samples for epoch 123, ratio 0.1
=====> Saving current model and best model
balance: False
selecting samples for epoch 124, ratio 0.1
=====> Saving current model and best model
balance: False
selecting samples for epoch 125, ratio 0.1
=====> Saving current model and best model
balance: False
selecting samples for epoch 126, ratio 0.1
=====> Saving current model and best model
balance: False
selecting samples for epoch 127, ratio 0.1
=====> Saving current model and best model
balance: False
selecting samples for epoch 128, ratio 0.1
=====> Saving current model and best model
balance: False
selecting samples for epoch 129, ratio 0.1
=====> Saving current model and best model
balance: False
selecting samples for epoch 130, ratio 0.1
=====> Saving current model and best model
balance: False
selecting samples for epoch 131, ratio 0.1
=====> Saving current model and best model
balance: False
selecting samples for epoch 132, ratio 0.1
=====> Saving current model and best model
balance: False
selecting samples for epoch 133, ratio 0.1
=====> Saving current model and best model
balance: False
selecting samples for epoch 134, ratio 0.1
=====> Saving current model and best model
balance: False
selecting samples for epoch 135, ratio 0.1
=====> Saving current model and best model
balance: False
selecting samples for epoch 136, ratio 0.1
=====> Epoch: 136/300, Total_step: 6392, lr: 0.001000, Total Time: 3503.4697 s, Time this epoch: 17.1120 s
=====> Epoch: 136/300, Train Loss (train loader labels): 57.5530, Train acc (train loader labels): 0.3859, Best val acc: 0.5257, Current val acc: 0.3990, Val Loss: 60.7081
=====> Saving current model and best model
balance: False
selecting samples for epoch 137, ratio 0.1
=====> Saving current model and best model
balance: False
selecting samples for epoch 138, ratio 0.1
=====> Saving current model and best model
balance: False
selecting samples for epoch 139, ratio 0.1
=====> Saving current model and best model
balance: False
selecting samples for epoch 140, ratio 0.1
=====> Saving current model and best model
balance: False
selecting samples for epoch 141, ratio 0.1
=====> Saving current model and best model
balance: False
selecting samples for epoch 142, ratio 0.1
=====> Saving current model and best model
balance: False
selecting samples for epoch 143, ratio 0.1
=====> Saving current model and best model
balance: False
selecting samples for epoch 144, ratio 0.1
=====> Saving current model and best model
balance: False
selecting samples for epoch 145, ratio 0.1
=====> Saving current model and best model
balance: False
selecting samples for epoch 146, ratio 0.1
=====> Saving current model and best model
balance: False
selecting samples for epoch 147, ratio 0.1
=====> Saving current model and best model
balance: False
selecting samples for epoch 148, ratio 0.1
=====> Saving current model and best model
balance: False
selecting samples for epoch 149, ratio 0.1
=====> Saving current model and best model
balance: False
selecting samples for epoch 150, ratio 0.1
=====> Saving current model and best model
balance: False
selecting samples for epoch 151, ratio 0.1
=====> Epoch: 151/300, Total_step: 7097, lr: 0.001000, Total Time: 3788.2268 s, Time this epoch: 17.2357 s
=====> Epoch: 151/300, Train Loss (train loader labels): 27.1329, Train acc (train loader labels): 0.3675, Best val acc: 0.5257, Current val acc: 0.3587, Val Loss: 29.4197
=====> Saving current model and best model
balance: False
selecting samples for epoch 152, ratio 0.1
=====> Saving current model and best model
balance: False
selecting samples for epoch 153, ratio 0.1
=====> Saving current model and best model
balance: False
selecting samples for epoch 154, ratio 0.1
=====> Saving current model and best model
balance: False
selecting samples for epoch 155, ratio 0.1
=====> Saving current model and best model
balance: False
selecting samples for epoch 156, ratio 0.1
=====> Saving current model and best model
balance: False
selecting samples for epoch 157, ratio 0.1
=====> Saving current model and best model
balance: False
selecting samples for epoch 158, ratio 0.1
=====> Saving current model and best model
balance: False
selecting samples for epoch 159, ratio 0.1
=====> Saving current model and best model
balance: False
selecting samples for epoch 160, ratio 0.1
=====> Saving current model and best model
balance: False
selecting samples for epoch 161, ratio 0.1
=====> Saving current model and best model
balance: False
selecting samples for epoch 162, ratio 0.1
=====> Saving current model and best model
balance: False
selecting samples for epoch 163, ratio 0.1
=====> Saving current model and best model
balance: False
selecting samples for epoch 164, ratio 0.1
=====> Saving current model and best model
balance: False
selecting samples for epoch 165, ratio 0.1
=====> Saving current model and best model
balance: False
selecting samples for epoch 166, ratio 0.1
=====> Epoch: 166/300, Total_step: 7802, lr: 0.001000, Total Time: 4075.3456 s, Time this epoch: 17.4115 s
=====> Epoch: 166/300, Train Loss (train loader labels): 9.3234, Train acc (train loader labels): 0.4584, Best val acc: 0.5257, Current val acc: 0.4780, Val Loss: 9.1569
=====> Saving current model and best model
balance: False
selecting samples for epoch 167, ratio 0.1
=====> Saving current model and best model
balance: False
selecting samples for epoch 168, ratio 0.1
=====> Saving current model and best model
balance: False
selecting samples for epoch 169, ratio 0.1
=====> Saving current model and best model
balance: False
selecting samples for epoch 170, ratio 0.1
=====> Saving current model and best model
balance: False
selecting samples for epoch 171, ratio 0.1
=====> Saving current model and best model
balance: False
selecting samples for epoch 172, ratio 0.1
=====> Saving current model and best model
balance: False
selecting samples for epoch 173, ratio 0.1
=====> Saving current model and best model
balance: False
selecting samples for epoch 174, ratio 0.1
=====> Saving current model and best model
balance: False
selecting samples for epoch 175, ratio 0.1
=====> Saving current model and best model
balance: False
selecting samples for epoch 176, ratio 0.1
=====> Saving current model and best model
balance: False
selecting samples for epoch 177, ratio 0.1
=====> Saving current model and best model
balance: False
selecting samples for epoch 178, ratio 0.1
=====> Saving current model and best model
balance: False
selecting samples for epoch 179, ratio 0.1
=====> Saving current model and best model
balance: False
selecting samples for epoch 180, ratio 0.1
=====> Saving current model and best model
balance: False
selecting samples for epoch 181, ratio 0.1
=====> Epoch: 181/300, Total_step: 8507, lr: 0.001000, Total Time: 4362.8577 s, Time this epoch: 17.2425 s
=====> Epoch: 181/300, Train Loss (train loader labels): 24.5408, Train acc (train loader labels): 0.4088, Best val acc: 0.5257, Current val acc: 0.4140, Val Loss: 27.0600
=====> Saving current model and best model
balance: False
selecting samples for epoch 182, ratio 0.1
=====> Saving current model and best model
balance: False
selecting samples for epoch 183, ratio 0.1
=====> Saving current model and best model
balance: False
selecting samples for epoch 184, ratio 0.1
=====> Saving current model and best model
balance: False
selecting samples for epoch 185, ratio 0.1
=====> Saving current model and best model
balance: False
selecting samples for epoch 186, ratio 0.1
=====> Saving current model and best model
balance: False
selecting samples for epoch 187, ratio 0.1
=====> Saving current model and best model
balance: False
selecting samples for epoch 188, ratio 0.1
=====> Saving current model and best model
balance: False
selecting samples for epoch 189, ratio 0.1
=====> Saving current model and best model
balance: False
selecting samples for epoch 190, ratio 0.1
=====> Saving current model and best model
balance: False
selecting samples for epoch 191, ratio 0.1
=====> Saving current model and best model
balance: False
selecting samples for epoch 192, ratio 0.1
=====> Saving current model and best model
balance: False
selecting samples for epoch 193, ratio 0.1
=====> Saving current model and best model
balance: False
selecting samples for epoch 194, ratio 0.1
=====> Saving current model and best model
balance: False
selecting samples for epoch 195, ratio 0.1
=====> Saving current model and best model
balance: False
selecting samples for epoch 196, ratio 0.1
=====> Epoch: 196/300, Total_step: 9212, lr: 0.001000, Total Time: 4647.9417 s, Time this epoch: 17.3120 s
=====> Epoch: 196/300, Train Loss (train loader labels): 6.2166, Train acc (train loader labels): 0.4093, Best val acc: 0.5257, Current val acc: 0.4310, Val Loss: 6.3684
=====> Saving current model and best model
balance: False
selecting samples for epoch 197, ratio 0.1
=====> Saving current model and best model
balance: False
selecting samples for epoch 198, ratio 0.1
=====> Saving current model and best model
balance: False
selecting samples for epoch 199, ratio 0.1
=====> Saving current model and best model
balance: False
selecting samples for epoch 200, ratio 0.1
=====> Saving current model and best model
balance: False
selecting samples for epoch 201, ratio 0.1
=====> Saving current model and best model
balance: False
selecting samples for epoch 202, ratio 0.1
=====> Saving current model and best model
balance: False
selecting samples for epoch 203, ratio 0.1
=====> Saving current model and best model
balance: False
selecting samples for epoch 204, ratio 0.1
=====> Saving current model and best model
balance: False
selecting samples for epoch 205, ratio 0.1
=====> Saving current model and best model
balance: False
selecting samples for epoch 206, ratio 0.1
=====> Saving current model and best model
balance: False
selecting samples for epoch 207, ratio 0.1
=====> Saving current model and best model
balance: False
selecting samples for epoch 208, ratio 0.1
=====> Saving current model and best model
balance: False
selecting samples for epoch 209, ratio 0.1
=====> Saving current model and best model
balance: False
selecting samples for epoch 210, ratio 0.1
=====> Saving current model and best model
balance: False
selecting samples for epoch 211, ratio 0.1
=====> Epoch: 211/300, Total_step: 9917, lr: 0.001000, Total Time: 4935.7393 s, Time this epoch: 17.3119 s
=====> Epoch: 211/300, Train Loss (train loader labels): 10.0857, Train acc (train loader labels): 0.4027, Best val acc: 0.5257, Current val acc: 0.3983, Val Loss: 10.7468
=====> Saving current model and best model
balance: False
selecting samples for epoch 212, ratio 0.1
=====> Saving current model and best model
balance: False
selecting samples for epoch 213, ratio 0.1
=====> Saving current model and best model
balance: False
selecting samples for epoch 214, ratio 0.1
=====> Saving current model and best model
balance: False
selecting samples for epoch 215, ratio 0.1
=====> Saving current model and best model
balance: False
selecting samples for epoch 216, ratio 0.1
=====> Saving current model and best model
balance: False
selecting samples for epoch 217, ratio 0.1
=====> Saving current model and best model
balance: False
selecting samples for epoch 218, ratio 0.1
=====> Saving current model and best model
balance: False
selecting samples for epoch 219, ratio 0.1
=====> Saving current model and best model
balance: False
selecting samples for epoch 220, ratio 0.1
=====> Saving current model and best model
balance: False
selecting samples for epoch 221, ratio 0.1
=====> Saving current model and best model
balance: False
selecting samples for epoch 222, ratio 0.1
=====> Saving current model and best model
balance: False
selecting samples for epoch 223, ratio 0.1
=====> Saving current model and best model
balance: False
selecting samples for epoch 224, ratio 0.1
=====> Saving current model and best model
balance: False
selecting samples for epoch 225, ratio 0.1
=====> Saving current model and best model
balance: False
selecting samples for epoch 226, ratio 0.1
=====> Epoch: 226/300, Total_step: 10622, lr: 0.001000, Total Time: 5223.1761 s, Time this epoch: 17.6685 s
=====> Epoch: 226/300, Train Loss (train loader labels): 2.6651, Train acc (train loader labels): 0.4141, Best val acc: 0.5257, Current val acc: 0.4217, Val Loss: 2.6928
=====> Saving current model and best model
balance: False
selecting samples for epoch 227, ratio 0.1
=====> Saving current model and best model
balance: False
selecting samples for epoch 228, ratio 0.1
=====> Saving current model and best model
balance: False
selecting samples for epoch 229, ratio 0.1
=====> Saving current model and best model
balance: False
selecting samples for epoch 230, ratio 0.1
=====> Saving current model and best model
balance: False
selecting samples for epoch 231, ratio 0.1
=====> Saving current model and best model
balance: False
selecting samples for epoch 232, ratio 0.1
=====> Saving current model and best model
balance: False
selecting samples for epoch 233, ratio 0.1
=====> Saving current model and best model
balance: False
selecting samples for epoch 234, ratio 0.1
=====> Saving current model and best model
balance: False
selecting samples for epoch 235, ratio 0.1
=====> Saving current model and best model
balance: False
selecting samples for epoch 236, ratio 0.1
=====> Saving current model and best model
balance: False
selecting samples for epoch 237, ratio 0.1
=====> Saving current model and best model
balance: False
selecting samples for epoch 238, ratio 0.1
=====> Saving current model and best model
balance: False
selecting samples for epoch 239, ratio 0.1
=====> Saving current model and best model
balance: False
selecting samples for epoch 240, ratio 0.1
=====> Saving current model and best model
balance: False
selecting samples for epoch 241, ratio 0.1
=====> Epoch: 241/300, Total_step: 11327, lr: 0.001000, Total Time: 5508.6597 s, Time this epoch: 17.3824 s
=====> Epoch: 241/300, Train Loss (train loader labels): 3.3016, Train acc (train loader labels): 0.4143, Best val acc: 0.5257, Current val acc: 0.4133, Val Loss: 3.4928
=====> Saving current model and best model
balance: False
selecting samples for epoch 242, ratio 0.1
=====> Saving current model and best model
balance: False
selecting samples for epoch 243, ratio 0.1
=====> Saving current model and best model
balance: False
selecting samples for epoch 244, ratio 0.1
=====> Saving current model and best model
balance: False
selecting samples for epoch 245, ratio 0.1
=====> Saving current model and best model
balance: False
selecting samples for epoch 246, ratio 0.1
=====> Saving current model and best model
balance: False
selecting samples for epoch 247, ratio 0.1
=====> Saving current model and best model
balance: False
selecting samples for epoch 248, ratio 0.1
=====> Saving current model and best model
balance: False
selecting samples for epoch 249, ratio 0.1
=====> Saving current model and best model
balance: False
selecting samples for epoch 250, ratio 0.1
=====> Saving current model and best model
balance: False
selecting samples for epoch 251, ratio 0.1
=====> Saving current model and best model
balance: False
selecting samples for epoch 252, ratio 0.1
=====> Saving current model and best model
balance: False
selecting samples for epoch 253, ratio 0.1
=====> Saving current model and best model
balance: False
selecting samples for epoch 254, ratio 0.1
=====> Saving current model and best model
balance: False
selecting samples for epoch 255, ratio 0.1
=====> Saving current model and best model
balance: False
selecting samples for epoch 256, ratio 0.1
=====> Epoch: 256/300, Total_step: 12032, lr: 0.001000, Total Time: 5794.9813 s, Time this epoch: 17.4553 s
=====> Epoch: 256/300, Train Loss (train loader labels): 2.0354, Train acc (train loader labels): 0.4339, Best val acc: 0.5257, Current val acc: 0.4543, Val Loss: 2.0189
=====> Saving current model and best model
balance: False
selecting samples for epoch 257, ratio 0.1
=====> Saving current model and best model
balance: False
selecting samples for epoch 258, ratio 0.1
=====> Saving current model and best model
balance: False
selecting samples for epoch 259, ratio 0.1
=====> Saving current model and best model
balance: False
selecting samples for epoch 260, ratio 0.1
=====> Saving current model and best model
balance: False
selecting samples for epoch 261, ratio 0.1
=====> Saving current model and best model
balance: False
selecting samples for epoch 262, ratio 0.1
=====> Saving current model and best model
balance: False
selecting samples for epoch 263, ratio 0.1
=====> Saving current model and best model
balance: False
selecting samples for epoch 264, ratio 0.1
=====> Saving current model and best model
balance: False
selecting samples for epoch 265, ratio 0.1
=====> Saving current model and best model
balance: False
selecting samples for epoch 266, ratio 0.1
=====> Saving current model and best model
balance: False
selecting samples for epoch 267, ratio 0.1
=====> Saving current model and best model
balance: False
selecting samples for epoch 268, ratio 0.1
=====> Saving current model and best model
balance: False
selecting samples for epoch 269, ratio 0.1
=====> Saving current model and best model
balance: False
selecting samples for epoch 270, ratio 0.1
=====> Saving current model and best model
balance: False
selecting samples for epoch 271, ratio 0.1
=====> Epoch: 271/300, Total_step: 12737, lr: 0.001000, Total Time: 6080.1064 s, Time this epoch: 17.2489 s
=====> Epoch: 271/300, Train Loss (train loader labels): 3.1301, Train acc (train loader labels): 0.3579, Best val acc: 0.5257, Current val acc: 0.3553, Val Loss: 3.2722
=====> Saving current model and best model
balance: False
selecting samples for epoch 272, ratio 0.1
=====> Saving current model and best model
balance: False
selecting samples for epoch 273, ratio 0.1
=====> Saving current model and best model
balance: False
selecting samples for epoch 274, ratio 0.1
=====> Saving current model and best model
balance: False
selecting samples for epoch 275, ratio 0.1
=====> Saving current model and best model
balance: False
selecting samples for epoch 276, ratio 0.1
=====> Saving current model and best model
balance: False
selecting samples for epoch 277, ratio 0.1
=====> Saving current model and best model
balance: False
selecting samples for epoch 278, ratio 0.1
=====> Saving current model and best model
balance: False
selecting samples for epoch 279, ratio 0.1
=====> Saving current model and best model
balance: False
selecting samples for epoch 280, ratio 0.1
=====> Saving current model and best model
balance: False
selecting samples for epoch 281, ratio 0.1
=====> Saving current model and best model
balance: False
selecting samples for epoch 282, ratio 0.1
=====> Saving current model and best model
balance: False
selecting samples for epoch 283, ratio 0.1
=====> Saving current model and best model
balance: False
selecting samples for epoch 284, ratio 0.1
=====> Saving current model and best model
balance: False
selecting samples for epoch 285, ratio 0.1
=====> Saving current model and best model
balance: False
selecting samples for epoch 286, ratio 0.1
=====> Epoch: 286/300, Total_step: 13442, lr: 0.001000, Total Time: 6364.0292 s, Time this epoch: 17.5107 s
=====> Epoch: 286/300, Train Loss (train loader labels): 1.0270, Train acc (train loader labels): 0.4649, Best val acc: 0.5257, Current val acc: 0.4623, Val Loss: 1.0245
=====> Saving current model and best model
balance: False
selecting samples for epoch 287, ratio 0.1
=====> Saving current model and best model
balance: False
selecting samples for epoch 288, ratio 0.1
=====> Saving current model and best model
balance: False
selecting samples for epoch 289, ratio 0.1
=====> Saving current model and best model
balance: False
selecting samples for epoch 290, ratio 0.1
=====> Saving current model and best model
balance: False
selecting samples for epoch 291, ratio 0.1
=====> Saving current model and best model
balance: False
selecting samples for epoch 292, ratio 0.1
=====> Saving current model and best model
balance: False
selecting samples for epoch 293, ratio 0.1
=====> Saving current model and best model
balance: False
selecting samples for epoch 294, ratio 0.1
=====> Saving current model and best model
balance: False
selecting samples for epoch 295, ratio 0.1
=====> Saving current model and best model
balance: False
selecting samples for epoch 296, ratio 0.1
=====> Saving current model and best model
balance: False
selecting samples for epoch 297, ratio 0.1
=====> Saving current model and best model
balance: False
selecting samples for epoch 298, ratio 0.1
=====> Saving current model and best model
balance: False
selecting samples for epoch 299, ratio 0.1
=====> Saving current model and best model
balance: False
selecting samples for epoch 300, ratio 0.1
=====> Epoch: 300/300, Total_step: 14100, lr: 0.001000, Total Time: 6630.7251 s, Time this epoch: 16.9045 s
=====> Epoch: 300/300, Train Loss (train loader labels): 1.1392, Train acc (train loader labels): 0.4379, Best val acc: 0.5257, Current val acc: 0.4733, Val Loss: 1.1152
=====> Saving current model and best model
Saved helper snapshots to /home/mward19/Documents/miller/Online-Batch-Selection/snapshots/CIFAR3/{"bsel":"DivBS","seed":2,"model":"DeepLinear","opt":"adamw","bs":320,"ratio":0.1,"lr":0.001,"wd":0.01,"layers":8,"hidden_dim":1000}.p
Saved selected points array to /home/mward19/Documents/miller/Online-Batch-Selection/selected_points/CIFAR3/{"bsel":"DivBS","seed":2,"model":"DeepLinear","opt":"adamw","bs":320,"ratio":0.1,"lr":0.001,"wd":0.01,"layers":8,"hidden_dim":1000}.npy
========================= End Main =========================
