save_dir: ./exp/CIFAR3/Bayesian_deeplinear_bs320_ep300_lr0.001_AdamW_constant_seed1_r0.1_3_hidden
=====> Loading config files: 
configs/cifar3/method/bayesian-0.1.yaml
configs/cifar3/data/cifar3.yaml
configs/cifar3/model/deep_linear_saxe/deep_linear_3.yaml
configs/cifar3/optim/adamw-320-0.001-0.01.yaml
configs/diagnostics/snapshots_log_interval.yaml
=====> Config files loaded.
========================= Start Main =========================
=====> Saving config file
=====> Config file saved
=====> Using fixed random seed: 1
=====> Wandb initialized
=====> Number of GPUs: 1
Creating Bayesian...
=====> Start teacher Validation
=====> teacher Test Accuracy: 0.7280
Cached teacher losses for 15000 samples in dataset.
Begin training for Bayesian...
=====> Epoch: 0/300, Total_step: 0, lr: 0.001000, Total Time: 0.0000 s, Time this epoch: 0.0000 s
=====> Epoch: 0/300, Train Loss (train loader labels): 1.1042, Train acc (train loader labels): 0.3329, Best val acc: 0.3403, Current val acc: 0.3403, Val Loss: 1.1011
balance: False
selecting samples for epoch 1, ratio 0.1
=====> Epoch: 1/300, Total_step: 1, lr: 0.001000, Total Time: 0.0000 s, Time this epoch: 0.0000 s
=====> Epoch: 1/300, Train Loss (train loader labels): 4.6172, Train acc (train loader labels): 0.3255, Best val acc: 0.3403, Current val acc: 0.3273, Val Loss: 4.5782
=====> Epoch: 1/300, Total_step: 12, lr: 0.001000, Total Time: 0.0000 s, Time this epoch: 0.0000 s
=====> Epoch: 1/300, Train Loss (train loader labels): 1.5813, Train acc (train loader labels): 0.3415, Best val acc: 0.3403, Current val acc: 0.3307, Val Loss: 1.5913
=====> Epoch: 1/300, Total_step: 23, lr: 0.001000, Total Time: 0.0000 s, Time this epoch: 0.0000 s
=====> Epoch: 1/300, Train Loss (train loader labels): 1.1585, Train acc (train loader labels): 0.3925, Best val acc: 0.4037, Current val acc: 0.4037, Val Loss: 1.1532
=====> Epoch: 1/300, Total_step: 34, lr: 0.001000, Total Time: 0.0000 s, Time this epoch: 0.0000 s
=====> Epoch: 1/300, Train Loss (train loader labels): 1.0726, Train acc (train loader labels): 0.4347, Best val acc: 0.4407, Current val acc: 0.4407, Val Loss: 1.0694
=====> Epoch: 1/300, Total_step: 45, lr: 0.001000, Total Time: 0.0000 s, Time this epoch: 0.0000 s
=====> Epoch: 1/300, Train Loss (train loader labels): 1.0938, Train acc (train loader labels): 0.3923, Best val acc: 0.4407, Current val acc: 0.4030, Val Loss: 1.0909
=====> Saving current model and best model
balance: False
selecting samples for epoch 2, ratio 0.1
=====> Epoch: 2/300, Total_step: 48, lr: 0.001000, Total Time: 123.4144 s, Time this epoch: 105.0037 s
=====> Epoch: 2/300, Train Loss (train loader labels): 1.0833, Train acc (train loader labels): 0.3986, Best val acc: 0.4407, Current val acc: 0.4083, Val Loss: 1.0803
=====> Epoch: 2/300, Total_step: 59, lr: 0.001000, Total Time: 123.4144 s, Time this epoch: 105.0037 s
=====> Epoch: 2/300, Train Loss (train loader labels): 1.0815, Train acc (train loader labels): 0.4064, Best val acc: 0.4407, Current val acc: 0.4180, Val Loss: 1.0803
=====> Epoch: 2/300, Total_step: 70, lr: 0.001000, Total Time: 123.4144 s, Time this epoch: 105.0037 s
=====> Epoch: 2/300, Train Loss (train loader labels): 1.0799, Train acc (train loader labels): 0.4020, Best val acc: 0.4407, Current val acc: 0.3963, Val Loss: 1.0796
=====> Epoch: 2/300, Total_step: 81, lr: 0.001000, Total Time: 123.4144 s, Time this epoch: 105.0037 s
=====> Epoch: 2/300, Train Loss (train loader labels): 1.0813, Train acc (train loader labels): 0.4133, Best val acc: 0.4407, Current val acc: 0.4170, Val Loss: 1.0808
=====> Epoch: 2/300, Total_step: 92, lr: 0.001000, Total Time: 123.4144 s, Time this epoch: 105.0037 s
=====> Epoch: 2/300, Train Loss (train loader labels): 1.0753, Train acc (train loader labels): 0.4165, Best val acc: 0.4407, Current val acc: 0.4293, Val Loss: 1.0726
=====> Saving current model and best model
balance: False
selecting samples for epoch 3, ratio 0.1
=====> Epoch: 3/300, Total_step: 95, lr: 0.001000, Total Time: 229.0528 s, Time this epoch: 105.4409 s
=====> Epoch: 3/300, Train Loss (train loader labels): 1.0783, Train acc (train loader labels): 0.4005, Best val acc: 0.4407, Current val acc: 0.4100, Val Loss: 1.0754
=====> Epoch: 3/300, Total_step: 106, lr: 0.001000, Total Time: 229.0528 s, Time this epoch: 105.4409 s
=====> Epoch: 3/300, Train Loss (train loader labels): 1.0777, Train acc (train loader labels): 0.4175, Best val acc: 0.4407, Current val acc: 0.4263, Val Loss: 1.0767
=====> Epoch: 3/300, Total_step: 117, lr: 0.001000, Total Time: 229.0528 s, Time this epoch: 105.4409 s
=====> Epoch: 3/300, Train Loss (train loader labels): 1.0778, Train acc (train loader labels): 0.4099, Best val acc: 0.4407, Current val acc: 0.4090, Val Loss: 1.0763
=====> Epoch: 3/300, Total_step: 128, lr: 0.001000, Total Time: 229.0528 s, Time this epoch: 105.4409 s
=====> Epoch: 3/300, Train Loss (train loader labels): 1.0766, Train acc (train loader labels): 0.4363, Best val acc: 0.4423, Current val acc: 0.4423, Val Loss: 1.0719
=====> Epoch: 3/300, Total_step: 139, lr: 0.001000, Total Time: 229.0528 s, Time this epoch: 105.4409 s
=====> Epoch: 3/300, Train Loss (train loader labels): 1.0765, Train acc (train loader labels): 0.4235, Best val acc: 0.4423, Current val acc: 0.4357, Val Loss: 1.0729
=====> Saving current model and best model
balance: False
selecting samples for epoch 4, ratio 0.1
=====> Epoch: 4/300, Total_step: 142, lr: 0.001000, Total Time: 334.7889 s, Time this epoch: 105.4797 s
=====> Epoch: 4/300, Train Loss (train loader labels): 1.0752, Train acc (train loader labels): 0.4263, Best val acc: 0.4423, Current val acc: 0.4387, Val Loss: 1.0721
=====> Epoch: 4/300, Total_step: 153, lr: 0.001000, Total Time: 334.7889 s, Time this epoch: 105.4797 s
=====> Epoch: 4/300, Train Loss (train loader labels): 1.0772, Train acc (train loader labels): 0.4177, Best val acc: 0.4423, Current val acc: 0.4313, Val Loss: 1.0743
=====> Epoch: 4/300, Total_step: 164, lr: 0.001000, Total Time: 334.7889 s, Time this epoch: 105.4797 s
=====> Epoch: 4/300, Train Loss (train loader labels): 1.0836, Train acc (train loader labels): 0.4114, Best val acc: 0.4423, Current val acc: 0.4183, Val Loss: 1.0839
=====> Epoch: 4/300, Total_step: 175, lr: 0.001000, Total Time: 334.7889 s, Time this epoch: 105.4797 s
=====> Epoch: 4/300, Train Loss (train loader labels): 1.0753, Train acc (train loader labels): 0.4259, Best val acc: 0.4423, Current val acc: 0.4350, Val Loss: 1.0724
=====> Epoch: 4/300, Total_step: 186, lr: 0.001000, Total Time: 334.7889 s, Time this epoch: 105.4797 s
=====> Epoch: 4/300, Train Loss (train loader labels): 1.0761, Train acc (train loader labels): 0.4171, Best val acc: 0.4423, Current val acc: 0.4183, Val Loss: 1.0750
=====> Saving current model and best model
balance: False
selecting samples for epoch 5, ratio 0.1
=====> Epoch: 5/300, Total_step: 189, lr: 0.001000, Total Time: 440.2458 s, Time this epoch: 105.2780 s
=====> Epoch: 5/300, Train Loss (train loader labels): 1.0750, Train acc (train loader labels): 0.4303, Best val acc: 0.4423, Current val acc: 0.4420, Val Loss: 1.0723
=====> Epoch: 5/300, Total_step: 200, lr: 0.001000, Total Time: 440.2458 s, Time this epoch: 105.2780 s
=====> Epoch: 5/300, Train Loss (train loader labels): 1.0785, Train acc (train loader labels): 0.4107, Best val acc: 0.4423, Current val acc: 0.4060, Val Loss: 1.0768
=====> Epoch: 5/300, Total_step: 211, lr: 0.001000, Total Time: 440.2458 s, Time this epoch: 105.2780 s
=====> Epoch: 5/300, Train Loss (train loader labels): 1.0802, Train acc (train loader labels): 0.4051, Best val acc: 0.4423, Current val acc: 0.4037, Val Loss: 1.0777
=====> Epoch: 5/300, Total_step: 222, lr: 0.001000, Total Time: 440.2458 s, Time this epoch: 105.2780 s
=====> Epoch: 5/300, Train Loss (train loader labels): 1.0747, Train acc (train loader labels): 0.4237, Best val acc: 0.4423, Current val acc: 0.4247, Val Loss: 1.0740
=====> Epoch: 5/300, Total_step: 233, lr: 0.001000, Total Time: 440.2458 s, Time this epoch: 105.2780 s
=====> Epoch: 5/300, Train Loss (train loader labels): 1.0840, Train acc (train loader labels): 0.4113, Best val acc: 0.4423, Current val acc: 0.4040, Val Loss: 1.0840
=====> Saving current model and best model
balance: False
selecting samples for epoch 6, ratio 0.1
=====> Epoch: 6/300, Total_step: 282, lr: 0.001000, Total Time: 546.0240 s, Time this epoch: 105.5817 s
=====> Epoch: 6/300, Train Loss (train loader labels): 1.0811, Train acc (train loader labels): 0.3910, Best val acc: 0.4423, Current val acc: 0.3930, Val Loss: 1.0795
=====> Saving current model and best model
balance: False
selecting samples for epoch 7, ratio 0.1
=====> Epoch: 7/300, Total_step: 329, lr: 0.001000, Total Time: 581.5259 s, Time this epoch: 35.3215 s
=====> Epoch: 7/300, Train Loss (train loader labels): 1.0801, Train acc (train loader labels): 0.4019, Best val acc: 0.4423, Current val acc: 0.4040, Val Loss: 1.0790
=====> Saving current model and best model
balance: False
selecting samples for epoch 8, ratio 0.1
=====> Epoch: 8/300, Total_step: 376, lr: 0.001000, Total Time: 616.9309 s, Time this epoch: 35.2206 s
=====> Epoch: 8/300, Train Loss (train loader labels): 1.0766, Train acc (train loader labels): 0.4161, Best val acc: 0.4423, Current val acc: 0.4217, Val Loss: 1.0753
=====> Saving current model and best model
balance: False
selecting samples for epoch 9, ratio 0.1
=====> Epoch: 9/300, Total_step: 423, lr: 0.001000, Total Time: 652.4282 s, Time this epoch: 35.3153 s
=====> Epoch: 9/300, Train Loss (train loader labels): 1.0745, Train acc (train loader labels): 0.4410, Best val acc: 0.4423, Current val acc: 0.4397, Val Loss: 1.0723
=====> Saving current model and best model
balance: False
selecting samples for epoch 10, ratio 0.1
=====> Epoch: 10/300, Total_step: 470, lr: 0.001000, Total Time: 687.9348 s, Time this epoch: 35.3124 s
=====> Epoch: 10/300, Train Loss (train loader labels): 1.0758, Train acc (train loader labels): 0.4215, Best val acc: 0.4423, Current val acc: 0.4257, Val Loss: 1.0737
=====> Saving current model and best model
balance: False
selecting samples for epoch 11, ratio 0.1
=====> Epoch: 11/300, Total_step: 517, lr: 0.001000, Total Time: 723.5115 s, Time this epoch: 35.3882 s
=====> Epoch: 11/300, Train Loss (train loader labels): 1.0749, Train acc (train loader labels): 0.4168, Best val acc: 0.4423, Current val acc: 0.4297, Val Loss: 1.0729
=====> Saving current model and best model
balance: False
selecting samples for epoch 12, ratio 0.1
=====> Epoch: 12/300, Total_step: 564, lr: 0.001000, Total Time: 758.9590 s, Time this epoch: 35.2683 s
=====> Epoch: 12/300, Train Loss (train loader labels): 1.0761, Train acc (train loader labels): 0.4211, Best val acc: 0.4423, Current val acc: 0.4260, Val Loss: 1.0749
=====> Saving current model and best model
balance: False
selecting samples for epoch 13, ratio 0.1
=====> Epoch: 13/300, Total_step: 611, lr: 0.001000, Total Time: 794.4711 s, Time this epoch: 35.2534 s
=====> Epoch: 13/300, Train Loss (train loader labels): 1.0820, Train acc (train loader labels): 0.3893, Best val acc: 0.4423, Current val acc: 0.4047, Val Loss: 1.0787
=====> Saving current model and best model
balance: False
selecting samples for epoch 14, ratio 0.1
=====> Epoch: 14/300, Total_step: 658, lr: 0.001000, Total Time: 830.1105 s, Time this epoch: 35.4462 s
=====> Epoch: 14/300, Train Loss (train loader labels): 1.0800, Train acc (train loader labels): 0.3916, Best val acc: 0.4423, Current val acc: 0.3923, Val Loss: 1.0792
=====> Saving current model and best model
balance: False
selecting samples for epoch 15, ratio 0.1
=====> Epoch: 15/300, Total_step: 705, lr: 0.001000, Total Time: 865.5981 s, Time this epoch: 35.2942 s
=====> Epoch: 15/300, Train Loss (train loader labels): 1.0724, Train acc (train loader labels): 0.4287, Best val acc: 0.4423, Current val acc: 0.4307, Val Loss: 1.0713
=====> Saving current model and best model
balance: False
selecting samples for epoch 16, ratio 0.1
=====> Epoch: 16/300, Total_step: 752, lr: 0.001000, Total Time: 901.0137 s, Time this epoch: 35.2199 s
=====> Epoch: 16/300, Train Loss (train loader labels): 1.0805, Train acc (train loader labels): 0.4004, Best val acc: 0.4423, Current val acc: 0.4090, Val Loss: 1.0791
=====> Saving current model and best model
balance: False
selecting samples for epoch 17, ratio 0.1
=====> Epoch: 17/300, Total_step: 799, lr: 0.001000, Total Time: 936.5988 s, Time this epoch: 35.4030 s
=====> Epoch: 17/300, Train Loss (train loader labels): 1.0786, Train acc (train loader labels): 0.4044, Best val acc: 0.4423, Current val acc: 0.4113, Val Loss: 1.0770
=====> Saving current model and best model
balance: False
selecting samples for epoch 18, ratio 0.1
=====> Epoch: 18/300, Total_step: 846, lr: 0.001000, Total Time: 972.1061 s, Time this epoch: 35.2854 s
=====> Epoch: 18/300, Train Loss (train loader labels): 1.0748, Train acc (train loader labels): 0.4261, Best val acc: 0.4423, Current val acc: 0.4360, Val Loss: 1.0726
=====> Saving current model and best model
balance: False
selecting samples for epoch 19, ratio 0.1
=====> Epoch: 19/300, Total_step: 893, lr: 0.001000, Total Time: 1007.6670 s, Time this epoch: 35.3705 s
=====> Epoch: 19/300, Train Loss (train loader labels): 1.0746, Train acc (train loader labels): 0.4265, Best val acc: 0.4423, Current val acc: 0.4320, Val Loss: 1.0734
=====> Saving current model and best model
balance: False
selecting samples for epoch 20, ratio 0.1
=====> Epoch: 20/300, Total_step: 940, lr: 0.001000, Total Time: 1043.4730 s, Time this epoch: 35.6310 s
=====> Epoch: 20/300, Train Loss (train loader labels): 1.0798, Train acc (train loader labels): 0.3920, Best val acc: 0.4423, Current val acc: 0.3983, Val Loss: 1.0780
=====> Saving current model and best model
balance: False
selecting samples for epoch 21, ratio 0.1
=====> Epoch: 21/300, Total_step: 987, lr: 0.001000, Total Time: 1079.1956 s, Time this epoch: 35.5225 s
=====> Epoch: 21/300, Train Loss (train loader labels): 1.0691, Train acc (train loader labels): 0.4411, Best val acc: 0.4480, Current val acc: 0.4480, Val Loss: 1.0659
=====> Saving current model and best model
balance: False
selecting samples for epoch 22, ratio 0.1
=====> Epoch: 22/300, Total_step: 1034, lr: 0.001000, Total Time: 1114.7194 s, Time this epoch: 35.2794 s
=====> Epoch: 22/300, Train Loss (train loader labels): 1.0811, Train acc (train loader labels): 0.3873, Best val acc: 0.4480, Current val acc: 0.3893, Val Loss: 1.0799
=====> Saving current model and best model
balance: False
selecting samples for epoch 23, ratio 0.1
=====> Epoch: 23/300, Total_step: 1081, lr: 0.001000, Total Time: 1150.2824 s, Time this epoch: 35.2413 s
=====> Epoch: 23/300, Train Loss (train loader labels): 1.0722, Train acc (train loader labels): 0.4354, Best val acc: 0.4480, Current val acc: 0.4417, Val Loss: 1.0685
=====> Saving current model and best model
balance: False
selecting samples for epoch 24, ratio 0.1
=====> Epoch: 24/300, Total_step: 1128, lr: 0.001000, Total Time: 1185.7405 s, Time this epoch: 35.2632 s
=====> Epoch: 24/300, Train Loss (train loader labels): 1.0732, Train acc (train loader labels): 0.4193, Best val acc: 0.4480, Current val acc: 0.4073, Val Loss: 1.0728
=====> Saving current model and best model
balance: False
selecting samples for epoch 25, ratio 0.1
=====> Epoch: 25/300, Total_step: 1175, lr: 0.001000, Total Time: 1221.5512 s, Time this epoch: 35.5425 s
=====> Epoch: 25/300, Train Loss (train loader labels): 1.0721, Train acc (train loader labels): 0.4365, Best val acc: 0.4480, Current val acc: 0.4433, Val Loss: 1.0690
=====> Saving current model and best model
balance: False
selecting samples for epoch 26, ratio 0.1
=====> Epoch: 26/300, Total_step: 1222, lr: 0.001000, Total Time: 1257.2915 s, Time this epoch: 35.4686 s
=====> Epoch: 26/300, Train Loss (train loader labels): 1.0689, Train acc (train loader labels): 0.4337, Best val acc: 0.4547, Current val acc: 0.4547, Val Loss: 1.0651
=====> Saving current model and best model
balance: False
selecting samples for epoch 27, ratio 0.1
=====> Saving current model and best model
balance: False
selecting samples for epoch 28, ratio 0.1
=====> Saving current model and best model
balance: False
selecting samples for epoch 29, ratio 0.1
=====> Epoch: 29/300, Total_step: 1363, lr: 0.001000, Total Time: 1327.7439 s, Time this epoch: 16.9549 s
=====> Epoch: 29/300, Train Loss (train loader labels): 1.0808, Train acc (train loader labels): 0.4023, Best val acc: 0.4547, Current val acc: 0.4087, Val Loss: 1.0785
=====> Saving current model and best model
balance: False
selecting samples for epoch 30, ratio 0.1
=====> Saving current model and best model
balance: False
selecting samples for epoch 31, ratio 0.1
=====> Saving current model and best model
balance: False
selecting samples for epoch 32, ratio 0.1
=====> Saving current model and best model
balance: False
selecting samples for epoch 33, ratio 0.1
=====> Epoch: 33/300, Total_step: 1551, lr: 0.001000, Total Time: 1414.9475 s, Time this epoch: 16.9726 s
=====> Epoch: 33/300, Train Loss (train loader labels): 1.0736, Train acc (train loader labels): 0.4288, Best val acc: 0.4547, Current val acc: 0.4423, Val Loss: 1.0695
=====> Saving current model and best model
balance: False
selecting samples for epoch 34, ratio 0.1
=====> Saving current model and best model
balance: False
selecting samples for epoch 35, ratio 0.1
=====> Saving current model and best model
balance: False
selecting samples for epoch 36, ratio 0.1
=====> Saving current model and best model
balance: False
selecting samples for epoch 37, ratio 0.1
=====> Epoch: 37/300, Total_step: 1739, lr: 0.001000, Total Time: 1502.0625 s, Time this epoch: 16.9285 s
=====> Epoch: 37/300, Train Loss (train loader labels): 1.0746, Train acc (train loader labels): 0.4330, Best val acc: 0.4547, Current val acc: 0.4410, Val Loss: 1.0705
=====> Saving current model and best model
balance: False
selecting samples for epoch 38, ratio 0.1
=====> Saving current model and best model
balance: False
selecting samples for epoch 39, ratio 0.1
=====> Saving current model and best model
balance: False
selecting samples for epoch 40, ratio 0.1
=====> Saving current model and best model
balance: False
selecting samples for epoch 41, ratio 0.1
=====> Epoch: 41/300, Total_step: 1927, lr: 0.001000, Total Time: 1589.0802 s, Time this epoch: 16.9904 s
=====> Epoch: 41/300, Train Loss (train loader labels): 1.0747, Train acc (train loader labels): 0.4130, Best val acc: 0.4547, Current val acc: 0.4030, Val Loss: 1.0746
=====> Saving current model and best model
balance: False
selecting samples for epoch 42, ratio 0.1
=====> Saving current model and best model
balance: False
selecting samples for epoch 43, ratio 0.1
=====> Saving current model and best model
balance: False
selecting samples for epoch 44, ratio 0.1
=====> Saving current model and best model
balance: False
selecting samples for epoch 45, ratio 0.1
=====> Epoch: 45/300, Total_step: 2115, lr: 0.001000, Total Time: 1676.3991 s, Time this epoch: 16.9338 s
=====> Epoch: 45/300, Train Loss (train loader labels): 1.0818, Train acc (train loader labels): 0.3775, Best val acc: 0.4547, Current val acc: 0.3883, Val Loss: 1.0809
=====> Saving current model and best model
balance: False
selecting samples for epoch 46, ratio 0.1
=====> Saving current model and best model
balance: False
selecting samples for epoch 47, ratio 0.1
=====> Saving current model and best model
balance: False
selecting samples for epoch 48, ratio 0.1
=====> Saving current model and best model
balance: False
selecting samples for epoch 49, ratio 0.1
=====> Epoch: 49/300, Total_step: 2303, lr: 0.001000, Total Time: 1763.5852 s, Time this epoch: 16.8665 s
=====> Epoch: 49/300, Train Loss (train loader labels): 1.0771, Train acc (train loader labels): 0.4081, Best val acc: 0.4547, Current val acc: 0.4340, Val Loss: 1.0734
=====> Saving current model and best model
balance: False
selecting samples for epoch 50, ratio 0.1
=====> Saving current model and best model
balance: False
selecting samples for epoch 51, ratio 0.1
=====> Saving current model and best model
balance: False
selecting samples for epoch 52, ratio 0.1
=====> Saving current model and best model
balance: False
selecting samples for epoch 53, ratio 0.1
=====> Epoch: 53/300, Total_step: 2491, lr: 0.001000, Total Time: 1850.7120 s, Time this epoch: 16.9074 s
=====> Epoch: 53/300, Train Loss (train loader labels): 1.0733, Train acc (train loader labels): 0.4297, Best val acc: 0.4547, Current val acc: 0.4270, Val Loss: 1.0725
=====> Saving current model and best model
balance: False
selecting samples for epoch 54, ratio 0.1
=====> Saving current model and best model
balance: False
selecting samples for epoch 55, ratio 0.1
=====> Saving current model and best model
balance: False
selecting samples for epoch 56, ratio 0.1
=====> Saving current model and best model
balance: False
selecting samples for epoch 57, ratio 0.1
=====> Epoch: 57/300, Total_step: 2679, lr: 0.001000, Total Time: 1937.8656 s, Time this epoch: 16.9691 s
=====> Epoch: 57/300, Train Loss (train loader labels): 1.0594, Train acc (train loader labels): 0.4640, Best val acc: 0.4683, Current val acc: 0.4683, Val Loss: 1.0576
=====> Saving current model and best model
balance: False
selecting samples for epoch 58, ratio 0.1
=====> Saving current model and best model
balance: False
selecting samples for epoch 59, ratio 0.1
=====> Saving current model and best model
balance: False
selecting samples for epoch 60, ratio 0.1
=====> Saving current model and best model
balance: False
selecting samples for epoch 61, ratio 0.1
=====> Epoch: 61/300, Total_step: 2867, lr: 0.001000, Total Time: 2024.9551 s, Time this epoch: 16.7886 s
=====> Epoch: 61/300, Train Loss (train loader labels): 1.0697, Train acc (train loader labels): 0.4337, Best val acc: 0.4683, Current val acc: 0.4543, Val Loss: 1.0636
=====> Saving current model and best model
balance: False
selecting samples for epoch 62, ratio 0.1
=====> Saving current model and best model
balance: False
selecting samples for epoch 63, ratio 0.1
=====> Saving current model and best model
balance: False
selecting samples for epoch 64, ratio 0.1
=====> Saving current model and best model
balance: False
selecting samples for epoch 65, ratio 0.1
=====> Epoch: 65/300, Total_step: 3055, lr: 0.001000, Total Time: 2111.7045 s, Time this epoch: 16.8753 s
=====> Epoch: 65/300, Train Loss (train loader labels): 1.0657, Train acc (train loader labels): 0.4327, Best val acc: 0.4683, Current val acc: 0.4473, Val Loss: 1.0635
=====> Saving current model and best model
balance: False
selecting samples for epoch 66, ratio 0.1
=====> Saving current model and best model
balance: False
selecting samples for epoch 67, ratio 0.1
=====> Saving current model and best model
balance: False
selecting samples for epoch 68, ratio 0.1
=====> Saving current model and best model
balance: False
selecting samples for epoch 69, ratio 0.1
=====> Saving current model and best model
balance: False
selecting samples for epoch 70, ratio 0.1
=====> Saving current model and best model
balance: False
selecting samples for epoch 71, ratio 0.1
=====> Saving current model and best model
balance: False
selecting samples for epoch 72, ratio 0.1
=====> Saving current model and best model
balance: False
selecting samples for epoch 73, ratio 0.1
=====> Saving current model and best model
balance: False
selecting samples for epoch 74, ratio 0.1
=====> Saving current model and best model
balance: False
selecting samples for epoch 75, ratio 0.1
=====> Saving current model and best model
balance: False
selecting samples for epoch 76, ratio 0.1
=====> Epoch: 76/300, Total_step: 3572, lr: 0.001000, Total Time: 2318.1982 s, Time this epoch: 16.9282 s
=====> Epoch: 76/300, Train Loss (train loader labels): 1.0713, Train acc (train loader labels): 0.4303, Best val acc: 0.4683, Current val acc: 0.4360, Val Loss: 1.0690
=====> Saving current model and best model
balance: False
selecting samples for epoch 77, ratio 0.1
=====> Saving current model and best model
balance: False
selecting samples for epoch 78, ratio 0.1
=====> Saving current model and best model
balance: False
selecting samples for epoch 79, ratio 0.1
=====> Saving current model and best model
balance: False
selecting samples for epoch 80, ratio 0.1
=====> Saving current model and best model
balance: False
selecting samples for epoch 81, ratio 0.1
=====> Saving current model and best model
balance: False
selecting samples for epoch 82, ratio 0.1
=====> Saving current model and best model
balance: False
selecting samples for epoch 83, ratio 0.1
=====> Saving current model and best model
balance: False
selecting samples for epoch 84, ratio 0.1
=====> Saving current model and best model
balance: False
selecting samples for epoch 85, ratio 0.1
=====> Saving current model and best model
balance: False
selecting samples for epoch 86, ratio 0.1
=====> Saving current model and best model
balance: False
selecting samples for epoch 87, ratio 0.1
=====> Saving current model and best model
balance: False
selecting samples for epoch 88, ratio 0.1
=====> Saving current model and best model
balance: False
selecting samples for epoch 89, ratio 0.1
=====> Saving current model and best model
balance: False
selecting samples for epoch 90, ratio 0.1
=====> Saving current model and best model
balance: False
selecting samples for epoch 91, ratio 0.1
=====> Epoch: 91/300, Total_step: 4277, lr: 0.001000, Total Time: 2592.9599 s, Time this epoch: 16.8891 s
=====> Epoch: 91/300, Train Loss (train loader labels): 1.0665, Train acc (train loader labels): 0.4410, Best val acc: 0.4683, Current val acc: 0.4433, Val Loss: 1.0632
=====> Saving current model and best model
balance: False
selecting samples for epoch 92, ratio 0.1
=====> Saving current model and best model
balance: False
selecting samples for epoch 93, ratio 0.1
=====> Saving current model and best model
balance: False
selecting samples for epoch 94, ratio 0.1
=====> Saving current model and best model
balance: False
selecting samples for epoch 95, ratio 0.1
=====> Saving current model and best model
balance: False
selecting samples for epoch 96, ratio 0.1
=====> Saving current model and best model
balance: False
selecting samples for epoch 97, ratio 0.1
=====> Saving current model and best model
balance: False
selecting samples for epoch 98, ratio 0.1
=====> Saving current model and best model
balance: False
selecting samples for epoch 99, ratio 0.1
=====> Saving current model and best model
balance: False
selecting samples for epoch 100, ratio 0.1
=====> Saving current model and best model
balance: False
selecting samples for epoch 101, ratio 0.1
=====> Saving current model and best model
balance: False
selecting samples for epoch 102, ratio 0.1
=====> Saving current model and best model
balance: False
selecting samples for epoch 103, ratio 0.1
=====> Saving current model and best model
balance: False
selecting samples for epoch 104, ratio 0.1
=====> Saving current model and best model
balance: False
selecting samples for epoch 105, ratio 0.1
=====> Saving current model and best model
balance: False
selecting samples for epoch 106, ratio 0.1
=====> Epoch: 106/300, Total_step: 4982, lr: 0.001000, Total Time: 2868.3631 s, Time this epoch: 17.0040 s
=====> Epoch: 106/300, Train Loss (train loader labels): 1.0664, Train acc (train loader labels): 0.4245, Best val acc: 0.4683, Current val acc: 0.4353, Val Loss: 1.0635
=====> Saving current model and best model
balance: False
selecting samples for epoch 107, ratio 0.1
=====> Saving current model and best model
balance: False
selecting samples for epoch 108, ratio 0.1
=====> Saving current model and best model
balance: False
selecting samples for epoch 109, ratio 0.1
=====> Saving current model and best model
balance: False
selecting samples for epoch 110, ratio 0.1
=====> Saving current model and best model
balance: False
selecting samples for epoch 111, ratio 0.1
=====> Saving current model and best model
balance: False
selecting samples for epoch 112, ratio 0.1
=====> Saving current model and best model
balance: False
selecting samples for epoch 113, ratio 0.1
=====> Saving current model and best model
balance: False
selecting samples for epoch 114, ratio 0.1
=====> Saving current model and best model
balance: False
selecting samples for epoch 115, ratio 0.1
=====> Saving current model and best model
balance: False
selecting samples for epoch 116, ratio 0.1
=====> Saving current model and best model
balance: False
selecting samples for epoch 117, ratio 0.1
=====> Saving current model and best model
balance: False
selecting samples for epoch 118, ratio 0.1
=====> Saving current model and best model
balance: False
selecting samples for epoch 119, ratio 0.1
=====> Saving current model and best model
balance: False
selecting samples for epoch 120, ratio 0.1
=====> Saving current model and best model
balance: False
selecting samples for epoch 121, ratio 0.1
=====> Epoch: 121/300, Total_step: 5687, lr: 0.001000, Total Time: 3143.4105 s, Time this epoch: 16.8720 s
=====> Epoch: 121/300, Train Loss (train loader labels): 1.0742, Train acc (train loader labels): 0.4298, Best val acc: 0.4683, Current val acc: 0.4460, Val Loss: 1.0689
=====> Saving current model and best model
balance: False
selecting samples for epoch 122, ratio 0.1
=====> Saving current model and best model
balance: False
selecting samples for epoch 123, ratio 0.1
=====> Saving current model and best model
balance: False
selecting samples for epoch 124, ratio 0.1
=====> Saving current model and best model
balance: False
selecting samples for epoch 125, ratio 0.1
=====> Saving current model and best model
balance: False
selecting samples for epoch 126, ratio 0.1
=====> Saving current model and best model
balance: False
selecting samples for epoch 127, ratio 0.1
=====> Saving current model and best model
balance: False
selecting samples for epoch 128, ratio 0.1
=====> Saving current model and best model
balance: False
selecting samples for epoch 129, ratio 0.1
=====> Saving current model and best model
balance: False
selecting samples for epoch 130, ratio 0.1
=====> Saving current model and best model
balance: False
selecting samples for epoch 131, ratio 0.1
=====> Saving current model and best model
balance: False
selecting samples for epoch 132, ratio 0.1
=====> Saving current model and best model
balance: False
selecting samples for epoch 133, ratio 0.1
=====> Saving current model and best model
balance: False
selecting samples for epoch 134, ratio 0.1
=====> Saving current model and best model
balance: False
selecting samples for epoch 135, ratio 0.1
=====> Saving current model and best model
balance: False
selecting samples for epoch 136, ratio 0.1
=====> Epoch: 136/300, Total_step: 6392, lr: 0.001000, Total Time: 3418.1819 s, Time this epoch: 16.9007 s
=====> Epoch: 136/300, Train Loss (train loader labels): 1.0742, Train acc (train loader labels): 0.4299, Best val acc: 0.4683, Current val acc: 0.4283, Val Loss: 1.0731
=====> Saving current model and best model
balance: False
selecting samples for epoch 137, ratio 0.1
=====> Saving current model and best model
balance: False
selecting samples for epoch 138, ratio 0.1
=====> Saving current model and best model
balance: False
selecting samples for epoch 139, ratio 0.1
=====> Saving current model and best model
balance: False
selecting samples for epoch 140, ratio 0.1
=====> Saving current model and best model
balance: False
selecting samples for epoch 141, ratio 0.1
=====> Saving current model and best model
balance: False
selecting samples for epoch 142, ratio 0.1
=====> Saving current model and best model
balance: False
selecting samples for epoch 143, ratio 0.1
=====> Saving current model and best model
balance: False
selecting samples for epoch 144, ratio 0.1
=====> Saving current model and best model
balance: False
selecting samples for epoch 145, ratio 0.1
=====> Saving current model and best model
balance: False
selecting samples for epoch 146, ratio 0.1
=====> Saving current model and best model
balance: False
selecting samples for epoch 147, ratio 0.1
=====> Saving current model and best model
balance: False
selecting samples for epoch 148, ratio 0.1
=====> Saving current model and best model
balance: False
selecting samples for epoch 149, ratio 0.1
=====> Saving current model and best model
balance: False
selecting samples for epoch 150, ratio 0.1
=====> Saving current model and best model
balance: False
selecting samples for epoch 151, ratio 0.1
=====> Epoch: 151/300, Total_step: 7097, lr: 0.001000, Total Time: 3692.7359 s, Time this epoch: 16.9284 s
=====> Epoch: 151/300, Train Loss (train loader labels): 1.0779, Train acc (train loader labels): 0.4097, Best val acc: 0.4683, Current val acc: 0.4167, Val Loss: 1.0761
=====> Saving current model and best model
balance: False
selecting samples for epoch 152, ratio 0.1
=====> Saving current model and best model
balance: False
selecting samples for epoch 153, ratio 0.1
=====> Saving current model and best model
balance: False
selecting samples for epoch 154, ratio 0.1
=====> Saving current model and best model
balance: False
selecting samples for epoch 155, ratio 0.1
=====> Saving current model and best model
balance: False
selecting samples for epoch 156, ratio 0.1
=====> Saving current model and best model
balance: False
selecting samples for epoch 157, ratio 0.1
=====> Saving current model and best model
balance: False
selecting samples for epoch 158, ratio 0.1
=====> Saving current model and best model
balance: False
selecting samples for epoch 159, ratio 0.1
=====> Saving current model and best model
balance: False
selecting samples for epoch 160, ratio 0.1
=====> Saving current model and best model
balance: False
selecting samples for epoch 161, ratio 0.1
=====> Saving current model and best model
balance: False
selecting samples for epoch 162, ratio 0.1
=====> Saving current model and best model
balance: False
selecting samples for epoch 163, ratio 0.1
=====> Saving current model and best model
balance: False
selecting samples for epoch 164, ratio 0.1
=====> Saving current model and best model
balance: False
selecting samples for epoch 165, ratio 0.1
=====> Saving current model and best model
balance: False
selecting samples for epoch 166, ratio 0.1
=====> Epoch: 166/300, Total_step: 7802, lr: 0.001000, Total Time: 3968.3251 s, Time this epoch: 16.8545 s
=====> Epoch: 166/300, Train Loss (train loader labels): 1.0683, Train acc (train loader labels): 0.4403, Best val acc: 0.4683, Current val acc: 0.4540, Val Loss: 1.0651
=====> Saving current model and best model
balance: False
selecting samples for epoch 167, ratio 0.1
=====> Saving current model and best model
balance: False
selecting samples for epoch 168, ratio 0.1
=====> Saving current model and best model
balance: False
selecting samples for epoch 169, ratio 0.1
=====> Saving current model and best model
balance: False
selecting samples for epoch 170, ratio 0.1
=====> Saving current model and best model
balance: False
selecting samples for epoch 171, ratio 0.1
=====> Saving current model and best model
balance: False
selecting samples for epoch 172, ratio 0.1
=====> Saving current model and best model
balance: False
selecting samples for epoch 173, ratio 0.1
=====> Saving current model and best model
balance: False
selecting samples for epoch 174, ratio 0.1
=====> Saving current model and best model
balance: False
selecting samples for epoch 175, ratio 0.1
=====> Saving current model and best model
balance: False
selecting samples for epoch 176, ratio 0.1
=====> Saving current model and best model
balance: False
selecting samples for epoch 177, ratio 0.1
=====> Saving current model and best model
balance: False
selecting samples for epoch 178, ratio 0.1
=====> Saving current model and best model
balance: False
selecting samples for epoch 179, ratio 0.1
=====> Saving current model and best model
balance: False
selecting samples for epoch 180, ratio 0.1
=====> Saving current model and best model
balance: False
selecting samples for epoch 181, ratio 0.1
=====> Epoch: 181/300, Total_step: 8507, lr: 0.001000, Total Time: 4245.4322 s, Time this epoch: 16.9701 s
=====> Epoch: 181/300, Train Loss (train loader labels): 1.0741, Train acc (train loader labels): 0.4132, Best val acc: 0.4683, Current val acc: 0.4223, Val Loss: 1.0730
=====> Saving current model and best model
balance: False
selecting samples for epoch 182, ratio 0.1
=====> Saving current model and best model
balance: False
selecting samples for epoch 183, ratio 0.1
=====> Saving current model and best model
balance: False
selecting samples for epoch 184, ratio 0.1
=====> Saving current model and best model
balance: False
selecting samples for epoch 185, ratio 0.1
=====> Saving current model and best model
balance: False
selecting samples for epoch 186, ratio 0.1
=====> Saving current model and best model
balance: False
selecting samples for epoch 187, ratio 0.1
=====> Saving current model and best model
balance: False
selecting samples for epoch 188, ratio 0.1
=====> Saving current model and best model
balance: False
selecting samples for epoch 189, ratio 0.1
=====> Saving current model and best model
balance: False
selecting samples for epoch 190, ratio 0.1
=====> Saving current model and best model
balance: False
selecting samples for epoch 191, ratio 0.1
=====> Saving current model and best model
balance: False
selecting samples for epoch 192, ratio 0.1
=====> Saving current model and best model
balance: False
selecting samples for epoch 193, ratio 0.1
=====> Saving current model and best model
balance: False
selecting samples for epoch 194, ratio 0.1
=====> Saving current model and best model
balance: False
selecting samples for epoch 195, ratio 0.1
=====> Saving current model and best model
balance: False
selecting samples for epoch 196, ratio 0.1
=====> Epoch: 196/300, Total_step: 9212, lr: 0.001000, Total Time: 4521.9745 s, Time this epoch: 17.0231 s
=====> Epoch: 196/300, Train Loss (train loader labels): 1.0800, Train acc (train loader labels): 0.3899, Best val acc: 0.4683, Current val acc: 0.4017, Val Loss: 1.0790
=====> Saving current model and best model
balance: False
selecting samples for epoch 197, ratio 0.1
=====> Saving current model and best model
balance: False
selecting samples for epoch 198, ratio 0.1
=====> Saving current model and best model
balance: False
selecting samples for epoch 199, ratio 0.1
=====> Saving current model and best model
balance: False
selecting samples for epoch 200, ratio 0.1
=====> Saving current model and best model
balance: False
selecting samples for epoch 201, ratio 0.1
=====> Saving current model and best model
balance: False
selecting samples for epoch 202, ratio 0.1
=====> Saving current model and best model
balance: False
selecting samples for epoch 203, ratio 0.1
=====> Saving current model and best model
balance: False
selecting samples for epoch 204, ratio 0.1
=====> Saving current model and best model
balance: False
selecting samples for epoch 205, ratio 0.1
=====> Saving current model and best model
balance: False
selecting samples for epoch 206, ratio 0.1
=====> Saving current model and best model
balance: False
selecting samples for epoch 207, ratio 0.1
=====> Saving current model and best model
balance: False
selecting samples for epoch 208, ratio 0.1
=====> Saving current model and best model
balance: False
selecting samples for epoch 209, ratio 0.1
=====> Saving current model and best model
balance: False
selecting samples for epoch 210, ratio 0.1
=====> Saving current model and best model
balance: False
selecting samples for epoch 211, ratio 0.1
=====> Epoch: 211/300, Total_step: 9917, lr: 0.001000, Total Time: 4798.3209 s, Time this epoch: 16.9770 s
=====> Epoch: 211/300, Train Loss (train loader labels): 1.0774, Train acc (train loader labels): 0.3997, Best val acc: 0.4683, Current val acc: 0.4033, Val Loss: 1.0755
=====> Saving current model and best model
balance: False
selecting samples for epoch 212, ratio 0.1
=====> Saving current model and best model
balance: False
selecting samples for epoch 213, ratio 0.1
=====> Saving current model and best model
balance: False
selecting samples for epoch 214, ratio 0.1
=====> Saving current model and best model
balance: False
selecting samples for epoch 215, ratio 0.1
=====> Saving current model and best model
balance: False
selecting samples for epoch 216, ratio 0.1
=====> Saving current model and best model
balance: False
selecting samples for epoch 217, ratio 0.1
=====> Saving current model and best model
balance: False
selecting samples for epoch 218, ratio 0.1
=====> Saving current model and best model
balance: False
selecting samples for epoch 219, ratio 0.1
=====> Saving current model and best model
balance: False
selecting samples for epoch 220, ratio 0.1
=====> Saving current model and best model
balance: False
selecting samples for epoch 221, ratio 0.1
=====> Saving current model and best model
balance: False
selecting samples for epoch 222, ratio 0.1
=====> Saving current model and best model
balance: False
selecting samples for epoch 223, ratio 0.1
=====> Saving current model and best model
balance: False
selecting samples for epoch 224, ratio 0.1
=====> Saving current model and best model
balance: False
selecting samples for epoch 225, ratio 0.1
=====> Saving current model and best model
balance: False
selecting samples for epoch 226, ratio 0.1
=====> Epoch: 226/300, Total_step: 10622, lr: 0.001000, Total Time: 5074.3842 s, Time this epoch: 17.0346 s
=====> Epoch: 226/300, Train Loss (train loader labels): 1.0738, Train acc (train loader labels): 0.4216, Best val acc: 0.4683, Current val acc: 0.4360, Val Loss: 1.0703
=====> Saving current model and best model
balance: False
selecting samples for epoch 227, ratio 0.1
=====> Saving current model and best model
balance: False
selecting samples for epoch 228, ratio 0.1
=====> Saving current model and best model
balance: False
selecting samples for epoch 229, ratio 0.1
=====> Saving current model and best model
balance: False
selecting samples for epoch 230, ratio 0.1
=====> Saving current model and best model
balance: False
selecting samples for epoch 231, ratio 0.1
=====> Saving current model and best model
balance: False
selecting samples for epoch 232, ratio 0.1
=====> Saving current model and best model
balance: False
selecting samples for epoch 233, ratio 0.1
=====> Saving current model and best model
balance: False
selecting samples for epoch 234, ratio 0.1
=====> Saving current model and best model
balance: False
selecting samples for epoch 235, ratio 0.1
=====> Saving current model and best model
balance: False
selecting samples for epoch 236, ratio 0.1
=====> Saving current model and best model
balance: False
selecting samples for epoch 237, ratio 0.1
=====> Saving current model and best model
balance: False
selecting samples for epoch 238, ratio 0.1
=====> Saving current model and best model
balance: False
selecting samples for epoch 239, ratio 0.1
=====> Saving current model and best model
balance: False
selecting samples for epoch 240, ratio 0.1
=====> Saving current model and best model
balance: False
selecting samples for epoch 241, ratio 0.1
=====> Epoch: 241/300, Total_step: 11327, lr: 0.001000, Total Time: 5351.0397 s, Time this epoch: 16.9693 s
=====> Epoch: 241/300, Train Loss (train loader labels): 1.0784, Train acc (train loader labels): 0.3944, Best val acc: 0.4683, Current val acc: 0.4020, Val Loss: 1.0767
=====> Saving current model and best model
balance: False
selecting samples for epoch 242, ratio 0.1
=====> Saving current model and best model
balance: False
selecting samples for epoch 243, ratio 0.1
=====> Saving current model and best model
balance: False
selecting samples for epoch 244, ratio 0.1
=====> Saving current model and best model
balance: False
selecting samples for epoch 245, ratio 0.1
=====> Saving current model and best model
balance: False
selecting samples for epoch 246, ratio 0.1
=====> Saving current model and best model
balance: False
selecting samples for epoch 247, ratio 0.1
=====> Saving current model and best model
balance: False
selecting samples for epoch 248, ratio 0.1
=====> Saving current model and best model
balance: False
selecting samples for epoch 249, ratio 0.1
=====> Saving current model and best model
balance: False
selecting samples for epoch 250, ratio 0.1
=====> Saving current model and best model
balance: False
selecting samples for epoch 251, ratio 0.1
=====> Saving current model and best model
balance: False
selecting samples for epoch 252, ratio 0.1
=====> Saving current model and best model
balance: False
selecting samples for epoch 253, ratio 0.1
=====> Saving current model and best model
balance: False
selecting samples for epoch 254, ratio 0.1
=====> Saving current model and best model
balance: False
selecting samples for epoch 255, ratio 0.1
=====> Saving current model and best model
balance: False
selecting samples for epoch 256, ratio 0.1
=====> Epoch: 256/300, Total_step: 12032, lr: 0.001000, Total Time: 5627.2451 s, Time this epoch: 16.9255 s
=====> Epoch: 256/300, Train Loss (train loader labels): 1.0716, Train acc (train loader labels): 0.4272, Best val acc: 0.4683, Current val acc: 0.4383, Val Loss: 1.0693
=====> Saving current model and best model
balance: False
selecting samples for epoch 257, ratio 0.1
=====> Saving current model and best model
balance: False
selecting samples for epoch 258, ratio 0.1
=====> Saving current model and best model
balance: False
selecting samples for epoch 259, ratio 0.1
=====> Saving current model and best model
balance: False
selecting samples for epoch 260, ratio 0.1
=====> Saving current model and best model
balance: False
selecting samples for epoch 261, ratio 0.1
=====> Saving current model and best model
balance: False
selecting samples for epoch 262, ratio 0.1
=====> Saving current model and best model
balance: False
selecting samples for epoch 263, ratio 0.1
=====> Saving current model and best model
balance: False
selecting samples for epoch 264, ratio 0.1
=====> Saving current model and best model
balance: False
selecting samples for epoch 265, ratio 0.1
=====> Saving current model and best model
balance: False
selecting samples for epoch 266, ratio 0.1
=====> Saving current model and best model
balance: False
selecting samples for epoch 267, ratio 0.1
=====> Saving current model and best model
balance: False
selecting samples for epoch 268, ratio 0.1
=====> Saving current model and best model
balance: False
selecting samples for epoch 269, ratio 0.1
=====> Saving current model and best model
balance: False
selecting samples for epoch 270, ratio 0.1
=====> Saving current model and best model
balance: False
selecting samples for epoch 271, ratio 0.1
=====> Epoch: 271/300, Total_step: 12737, lr: 0.001000, Total Time: 5903.1065 s, Time this epoch: 16.8588 s
=====> Epoch: 271/300, Train Loss (train loader labels): 1.0727, Train acc (train loader labels): 0.4190, Best val acc: 0.4683, Current val acc: 0.4320, Val Loss: 1.0710
=====> Saving current model and best model
balance: False
selecting samples for epoch 272, ratio 0.1
=====> Saving current model and best model
balance: False
selecting samples for epoch 273, ratio 0.1
=====> Saving current model and best model
balance: False
selecting samples for epoch 274, ratio 0.1
=====> Saving current model and best model
balance: False
selecting samples for epoch 275, ratio 0.1
=====> Saving current model and best model
balance: False
selecting samples for epoch 276, ratio 0.1
=====> Saving current model and best model
balance: False
selecting samples for epoch 277, ratio 0.1
=====> Saving current model and best model
balance: False
selecting samples for epoch 278, ratio 0.1
=====> Saving current model and best model
balance: False
selecting samples for epoch 279, ratio 0.1
=====> Saving current model and best model
balance: False
selecting samples for epoch 280, ratio 0.1
=====> Saving current model and best model
balance: False
selecting samples for epoch 281, ratio 0.1
=====> Saving current model and best model
balance: False
selecting samples for epoch 282, ratio 0.1
=====> Saving current model and best model
balance: False
selecting samples for epoch 283, ratio 0.1
=====> Saving current model and best model
balance: False
selecting samples for epoch 284, ratio 0.1
=====> Saving current model and best model
balance: False
selecting samples for epoch 285, ratio 0.1
=====> Saving current model and best model
balance: False
selecting samples for epoch 286, ratio 0.1
=====> Epoch: 286/300, Total_step: 13442, lr: 0.001000, Total Time: 6179.0661 s, Time this epoch: 16.8912 s
=====> Epoch: 286/300, Train Loss (train loader labels): 1.0694, Train acc (train loader labels): 0.4287, Best val acc: 0.4683, Current val acc: 0.4397, Val Loss: 1.0660
=====> Saving current model and best model
balance: False
selecting samples for epoch 287, ratio 0.1
=====> Saving current model and best model
balance: False
selecting samples for epoch 288, ratio 0.1
=====> Saving current model and best model
balance: False
selecting samples for epoch 289, ratio 0.1
=====> Saving current model and best model
balance: False
selecting samples for epoch 290, ratio 0.1
=====> Saving current model and best model
balance: False
selecting samples for epoch 291, ratio 0.1
=====> Saving current model and best model
balance: False
selecting samples for epoch 292, ratio 0.1
=====> Saving current model and best model
balance: False
selecting samples for epoch 293, ratio 0.1
=====> Saving current model and best model
balance: False
selecting samples for epoch 294, ratio 0.1
=====> Saving current model and best model
balance: False
selecting samples for epoch 295, ratio 0.1
=====> Saving current model and best model
balance: False
selecting samples for epoch 296, ratio 0.1
=====> Saving current model and best model
balance: False
selecting samples for epoch 297, ratio 0.1
=====> Saving current model and best model
balance: False
selecting samples for epoch 298, ratio 0.1
=====> Saving current model and best model
balance: False
selecting samples for epoch 299, ratio 0.1
=====> Saving current model and best model
balance: False
selecting samples for epoch 300, ratio 0.1
=====> Epoch: 300/300, Total_step: 14100, lr: 0.001000, Total Time: 6437.6856 s, Time this epoch: 16.9524 s
=====> Epoch: 300/300, Train Loss (train loader labels): 1.0806, Train acc (train loader labels): 0.3969, Best val acc: 0.4683, Current val acc: 0.4073, Val Loss: 1.0788
=====> Saving current model and best model
Saved helper snapshots to /home/mward19/Documents/miller/Online-Batch-Selection/snapshots/CIFAR3/{"bsel":"Bayesian","seed":1,"model":"DeepLinear","opt":"adamw","bs":320,"ratio":0.1,"lr":0.001,"wd":0.01,"layers":3,"hidden_dim":1000}.p
Saved selected points array to /home/mward19/Documents/miller/Online-Batch-Selection/selected_points/CIFAR3/{"bsel":"Bayesian","seed":1,"model":"DeepLinear","opt":"adamw","bs":320,"ratio":0.1,"lr":0.001,"wd":0.01,"layers":3,"hidden_dim":1000}.npy
========================= End Main =========================
