wandb: Tracking run with wandb version 0.27.0
wandb: W&B syncing is set to `offline` in this directory. Run `wandb online` or set WANDB_MODE=online to enable cloud syncing.
wandb: Run data is saved locally in exp/CIFAR3/DivBS_deeplinear_bs320_ep300_lr0.001_AdamW_constant_seed3_r0.1_100_hidden/wandb/offline-run-20260605_175116-b5pt2o23
/home/conda/feedstock_root/build_artifacts/libtorch_1750199048837/work/aten/src/ATen/native/cuda/TensorCompare.cu:112: _assert_async_cuda_kernel: block: [0,0,0], thread: [0,0,0] Assertion `probability tensor contains either `inf`, `nan` or element < 0` failed.
Traceback (most recent call last):
  File "/home/mward19/Documents/miller/Online-Batch-Selection/main.py", line 283, in <module>
    main()
  File "/home/mward19/Documents/miller/Online-Batch-Selection/main.py", line 274, in main
    Method.run()
  File "/home/mward19/Documents/miller/Online-Batch-Selection/methods/SelectionMethod.py", line 206, in run
    self.train(epoch)
  File "/home/mward19/Documents/miller/Online-Batch-Selection/methods/SelectionMethod.py", line 306, in train
    minibatch = self.before_batch(
  File "/home/mward19/Documents/miller/Online-Batch-Selection/methods/DivBS.py", line 110, in before_batch
    indices = self.greedy_selection(grad_mean, grad, selected_num_samples)
  File "/home/mward19/Documents/miller/Online-Batch-Selection/methods/DivBS.py", line 77, in greedy_selection
    index_selected.append(idx.item())
RuntimeError: CUDA error: device-side assert triggered
CUDA kernel errors might be asynchronously reported at some other API call, so the stacktrace below might be incorrect.
For debugging consider passing CUDA_LAUNCH_BLOCKING=1
Compile with `TORCH_USE_CUDA_DSA` to enable device-side assertions.

Traceback (most recent call last):
  File "/home/mward19/Documents/miller/Online-Batch-Selection/main.py", line 283, in <module>
    main()
  File "/home/mward19/Documents/miller/Online-Batch-Selection/main.py", line 274, in main
    Method.run()
  File "/home/mward19/Documents/miller/Online-Batch-Selection/methods/SelectionMethod.py", line 206, in run
    self.train(epoch)
  File "/home/mward19/Documents/miller/Online-Batch-Selection/methods/SelectionMethod.py", line 306, in train
    minibatch = self.before_batch(
  File "/home/mward19/Documents/miller/Online-Batch-Selection/methods/DivBS.py", line 110, in before_batch
    indices = self.greedy_selection(grad_mean, grad, selected_num_samples)
  File "/home/mward19/Documents/miller/Online-Batch-Selection/methods/DivBS.py", line 77, in greedy_selection
    index_selected.append(idx.item())
RuntimeError: CUDA error: device-side assert triggered
CUDA kernel errors might be asynchronously reported at some other API call, so the stacktrace below might be incorrect.
For debugging consider passing CUDA_LAUNCH_BLOCKING=1
Compile with `TORCH_USE_CUDA_DSA` to enable device-side assertions.

