save_dir: ./exp/CIFAR3/DivBS_deeplinear_bs320_ep300_lr0.001_AdamW_constant_seed2_r0.1_36_hidden
=====> Loading config files: 
configs/cifar3/method/divbs-0.1.yaml
configs/cifar3/data/cifar3.yaml
configs/cifar3/model/deep_linear_saxe/deep_linear_36.yaml
configs/cifar3/optim/adamw-320-0.001-0.01.yaml
configs/diagnostics/snapshots_log_interval.yaml
=====> Config files loaded.
========================= Start Main =========================
=====> Saving config file
=====> Config file saved
=====> Using fixed random seed: 2
=====> Wandb initialized
=====> Number of GPUs: 1
Creating DivBS...
Begin training for DivBS...
=====> Epoch: 0/300, Total_step: 0, lr: 0.001000, Total Time: 0.0000 s, Time this epoch: 0.0000 s
=====> Epoch: 0/300, Train Loss (train loader labels): 1.0986, Train acc (train loader labels): 0.3333, Best val acc: 0.3333, Current val acc: 0.3333, Val Loss: 1.0986
balance: False
selecting samples for epoch 1, ratio 0.1
=====> Epoch: 1/300, Total_step: 1, lr: 0.001000, Total Time: 0.0000 s, Time this epoch: 0.0000 s
=====> Epoch: 1/300, Train Loss (train loader labels): 1.1943, Train acc (train loader labels): 0.3333, Best val acc: 0.3333, Current val acc: 0.3333, Val Loss: 1.1943
=====> Epoch: 1/300, Total_step: 12, lr: 0.001000, Total Time: 0.0000 s, Time this epoch: 0.0000 s
=====> Epoch: 1/300, Train Loss (train loader labels): 1.4252, Train acc (train loader labels): 0.3333, Best val acc: 0.3333, Current val acc: 0.3333, Val Loss: 1.4245
=====> Epoch: 1/300, Total_step: 23, lr: 0.001000, Total Time: 0.0000 s, Time this epoch: 0.0000 s
=====> Epoch: 1/300, Train Loss (train loader labels): 6359.3862, Train acc (train loader labels): 0.3125, Best val acc: 0.3333, Current val acc: 0.3080, Val Loss: 6640.8467
=====> Epoch: 1/300, Total_step: 34, lr: 0.001000, Total Time: 0.0000 s, Time this epoch: 0.0000 s
=====> Epoch: 1/300, Train Loss (train loader labels): 1860175232.0000, Train acc (train loader labels): 0.3505, Best val acc: 0.3600, Current val acc: 0.3600, Val Loss: 1872546816.0000
=====> Epoch: 1/300, Total_step: 45, lr: 0.001000, Total Time: 0.0000 s, Time this epoch: 0.0000 s
=====> Epoch: 1/300, Train Loss (train loader labels): 246738464.0000, Train acc (train loader labels): 0.3530, Best val acc: 0.3600, Current val acc: 0.3497, Val Loss: 247278336.0000
=====> Saving current model and best model
balance: False
selecting samples for epoch 2, ratio 0.1
=====> Epoch: 2/300, Total_step: 48, lr: 0.001000, Total Time: 125.3018 s, Time this epoch: 106.6250 s
=====> Epoch: 2/300, Train Loss (train loader labels): 1930265984.0000, Train acc (train loader labels): 0.3305, Best val acc: 0.3600, Current val acc: 0.3437, Val Loss: 1856173568.0000
=====> Epoch: 2/300, Total_step: 59, lr: 0.001000, Total Time: 125.3018 s, Time this epoch: 106.6250 s
=====> Epoch: 2/300, Train Loss (train loader labels): 24335763456.0000, Train acc (train loader labels): 0.3292, Best val acc: 0.3600, Current val acc: 0.3443, Val Loss: 23458398208.0000
=====> Epoch: 2/300, Total_step: 70, lr: 0.001000, Total Time: 125.3018 s, Time this epoch: 106.6250 s
=====> Epoch: 2/300, Train Loss (train loader labels): 9511195639808.0000, Train acc (train loader labels): 0.3341, Best val acc: 0.3600, Current val acc: 0.3117, Val Loss: 9311959908352.0000
=====> Epoch: 2/300, Total_step: 81, lr: 0.001000, Total Time: 125.3018 s, Time this epoch: 106.6250 s
=====> Epoch: 2/300, Train Loss (train loader labels): 418266161872896.0000, Train acc (train loader labels): 0.3311, Best val acc: 0.3600, Current val acc: 0.3533, Val Loss: 396042994450432.0000
=====> Epoch: 2/300, Total_step: 92, lr: 0.001000, Total Time: 125.3018 s, Time this epoch: 106.6250 s
=====> Epoch: 2/300, Train Loss (train loader labels): 489847823336996864.0000, Train acc (train loader labels): 0.3396, Best val acc: 0.3600, Current val acc: 0.3533, Val Loss: 455084907798986752.0000
=====> Saving current model and best model
balance: False
selecting samples for epoch 3, ratio 0.1
=====> Epoch: 3/300, Total_step: 95, lr: 0.001000, Total Time: 233.2407 s, Time this epoch: 106.7197 s
=====> Epoch: 3/300, Train Loss (train loader labels): 969329382327844864.0000, Train acc (train loader labels): 0.3324, Best val acc: 0.3600, Current val acc: 0.3137, Val Loss: 971014383897411584.0000
=====> Epoch: 3/300, Total_step: 106, lr: 0.001000, Total Time: 233.2407 s, Time this epoch: 106.7197 s
=====> Epoch: 3/300, Train Loss (train loader labels): 1316593843444908032.0000, Train acc (train loader labels): 0.3128, Best val acc: 0.3600, Current val acc: 0.3067, Val Loss: 1325724462879866880.0000
=====> Epoch: 3/300, Total_step: 117, lr: 0.001000, Total Time: 233.2407 s, Time this epoch: 106.7197 s
=====> Epoch: 3/300, Train Loss (train loader labels): 12462982554451968.0000, Train acc (train loader labels): 0.3085, Best val acc: 0.3600, Current val acc: 0.3070, Val Loss: 11841684396572672.0000
=====> Epoch: 3/300, Total_step: 128, lr: 0.001000, Total Time: 233.2407 s, Time this epoch: 106.7197 s
=====> Epoch: 3/300, Train Loss (train loader labels): 36393233583964160.0000, Train acc (train loader labels): 0.3432, Best val acc: 0.3600, Current val acc: 0.3523, Val Loss: 34165103335047168.0000
=====> Epoch: 3/300, Total_step: 139, lr: 0.001000, Total Time: 233.2407 s, Time this epoch: 106.7197 s
=====> Epoch: 3/300, Train Loss (train loader labels): 12991500828803072.0000, Train acc (train loader labels): 0.3162, Best val acc: 0.3600, Current val acc: 0.3150, Val Loss: 13725564426780672.0000
=====> Saving current model and best model
balance: False
selecting samples for epoch 4, ratio 0.1
=====> Epoch: 4/300, Total_step: 142, lr: 0.001000, Total Time: 341.2012 s, Time this epoch: 106.7609 s
=====> Epoch: 4/300, Train Loss (train loader labels): 5222431123832832.0000, Train acc (train loader labels): 0.3394, Best val acc: 0.3600, Current val acc: 0.3453, Val Loss: 4883694032519168.0000
=====> Epoch: 4/300, Total_step: 153, lr: 0.001000, Total Time: 341.2012 s, Time this epoch: 106.7609 s
=====> Epoch: 4/300, Train Loss (train loader labels): 2293109882880000.0000, Train acc (train loader labels): 0.3617, Best val acc: 0.3600, Current val acc: 0.3577, Val Loss: 2379237398937600.0000
=====> Epoch: 4/300, Total_step: 164, lr: 0.001000, Total Time: 341.2012 s, Time this epoch: 106.7609 s
=====> Epoch: 4/300, Train Loss (train loader labels): 1449172834189312.0000, Train acc (train loader labels): 0.3210, Best val acc: 0.3600, Current val acc: 0.3080, Val Loss: 1417104192438272.0000
=====> Epoch: 4/300, Total_step: 175, lr: 0.001000, Total Time: 341.2012 s, Time this epoch: 106.7609 s
=====> Epoch: 4/300, Train Loss (train loader labels): 418047521193984.0000, Train acc (train loader labels): 0.3395, Best val acc: 0.3600, Current val acc: 0.3393, Val Loss: 419106532622336.0000
=====> Epoch: 4/300, Total_step: 186, lr: 0.001000, Total Time: 341.2012 s, Time this epoch: 106.7609 s
=====> Epoch: 4/300, Train Loss (train loader labels): 146024257552384.0000, Train acc (train loader labels): 0.3311, Best val acc: 0.3600, Current val acc: 0.3340, Val Loss: 144000086441984.0000
=====> Saving current model and best model
balance: False
selecting samples for epoch 5, ratio 0.1
=====> Epoch: 5/300, Total_step: 189, lr: 0.001000, Total Time: 448.9009 s, Time this epoch: 106.2731 s
=====> Epoch: 5/300, Train Loss (train loader labels): 110376624586752.0000, Train acc (train loader labels): 0.3305, Best val acc: 0.3600, Current val acc: 0.3263, Val Loss: 107027766444032.0000
=====> Epoch: 5/300, Total_step: 200, lr: 0.001000, Total Time: 448.9009 s, Time this epoch: 106.2731 s
=====> Epoch: 5/300, Train Loss (train loader labels): 54831557378048.0000, Train acc (train loader labels): 0.3576, Best val acc: 0.3670, Current val acc: 0.3670, Val Loss: 57276886941696.0000
=====> Epoch: 5/300, Total_step: 211, lr: 0.001000, Total Time: 448.9009 s, Time this epoch: 106.2731 s
=====> Epoch: 5/300, Train Loss (train loader labels): 34701997768704.0000, Train acc (train loader labels): 0.3563, Best val acc: 0.3670, Current val acc: 0.3487, Val Loss: 33565999890432.0000
=====> Epoch: 5/300, Total_step: 222, lr: 0.001000, Total Time: 448.9009 s, Time this epoch: 106.2731 s
=====> Epoch: 5/300, Train Loss (train loader labels): 28674610954240.0000, Train acc (train loader labels): 0.3687, Best val acc: 0.3787, Current val acc: 0.3787, Val Loss: 29691572387840.0000
=====> Epoch: 5/300, Total_step: 233, lr: 0.001000, Total Time: 448.9009 s, Time this epoch: 106.2731 s
=====> Epoch: 5/300, Train Loss (train loader labels): 21170801868800.0000, Train acc (train loader labels): 0.3656, Best val acc: 0.3833, Current val acc: 0.3833, Val Loss: 21998098972672.0000
=====> Saving current model and best model
balance: False
selecting samples for epoch 6, ratio 0.1
=====> Epoch: 6/300, Total_step: 282, lr: 0.001000, Total Time: 557.4203 s, Time this epoch: 107.1647 s
=====> Epoch: 6/300, Train Loss (train loader labels): 10190074150912.0000, Train acc (train loader labels): 0.3643, Best val acc: 0.3833, Current val acc: 0.3710, Val Loss: 10284602228736.0000
=====> Saving current model and best model
balance: False
selecting samples for epoch 7, ratio 0.1
=====> Epoch: 7/300, Total_step: 329, lr: 0.001000, Total Time: 594.5694 s, Time this epoch: 35.9089 s
=====> Epoch: 7/300, Train Loss (train loader labels): 8242044862464.0000, Train acc (train loader labels): 0.3647, Best val acc: 0.3833, Current val acc: 0.3567, Val Loss: 8769080655872.0000
=====> Saving current model and best model
balance: False
selecting samples for epoch 8, ratio 0.1
=====> Epoch: 8/300, Total_step: 376, lr: 0.001000, Total Time: 631.6556 s, Time this epoch: 35.9112 s
=====> Epoch: 8/300, Train Loss (train loader labels): 1231719366656.0000, Train acc (train loader labels): 0.3465, Best val acc: 0.3833, Current val acc: 0.3280, Val Loss: 1236494843904.0000
=====> Saving current model and best model
balance: False
selecting samples for epoch 9, ratio 0.1
=====> Epoch: 9/300, Total_step: 423, lr: 0.001000, Total Time: 669.0777 s, Time this epoch: 35.8992 s
=====> Epoch: 9/300, Train Loss (train loader labels): 1139762135040.0000, Train acc (train loader labels): 0.3049, Best val acc: 0.3833, Current val acc: 0.3140, Val Loss: 1117113155584.0000
=====> Saving current model and best model
balance: False
selecting samples for epoch 10, ratio 0.1
=====> Epoch: 10/300, Total_step: 470, lr: 0.001000, Total Time: 705.9979 s, Time this epoch: 35.7193 s
=====> Epoch: 10/300, Train Loss (train loader labels): 1063552286720.0000, Train acc (train loader labels): 0.3584, Best val acc: 0.3833, Current val acc: 0.3380, Val Loss: 1132234014720.0000
=====> Saving current model and best model
balance: False
selecting samples for epoch 11, ratio 0.1
=====> Epoch: 11/300, Total_step: 517, lr: 0.001000, Total Time: 743.1087 s, Time this epoch: 35.8154 s
=====> Epoch: 11/300, Train Loss (train loader labels): 2896525000704.0000, Train acc (train loader labels): 0.3555, Best val acc: 0.3833, Current val acc: 0.3443, Val Loss: 2985595240448.0000
=====> Saving current model and best model
balance: False
selecting samples for epoch 12, ratio 0.1
=====> Epoch: 12/300, Total_step: 564, lr: 0.001000, Total Time: 780.4564 s, Time this epoch: 36.0057 s
=====> Epoch: 12/300, Train Loss (train loader labels): 2576110845952.0000, Train acc (train loader labels): 0.3038, Best val acc: 0.3833, Current val acc: 0.3057, Val Loss: 2633557344256.0000
=====> Saving current model and best model
balance: False
selecting samples for epoch 13, ratio 0.1
=====> Epoch: 13/300, Total_step: 611, lr: 0.001000, Total Time: 817.7149 s, Time this epoch: 35.9866 s
=====> Epoch: 13/300, Train Loss (train loader labels): 2416059613184.0000, Train acc (train loader labels): 0.3145, Best val acc: 0.3833, Current val acc: 0.2983, Val Loss: 2409339551744.0000
=====> Saving current model and best model
balance: False
selecting samples for epoch 14, ratio 0.1
=====> Epoch: 14/300, Total_step: 658, lr: 0.001000, Total Time: 854.9328 s, Time this epoch: 35.8728 s
=====> Epoch: 14/300, Train Loss (train loader labels): 2396335898624.0000, Train acc (train loader labels): 0.3065, Best val acc: 0.3833, Current val acc: 0.3137, Val Loss: 2412153405440.0000
=====> Saving current model and best model
balance: False
selecting samples for epoch 15, ratio 0.1
=====> Epoch: 15/300, Total_step: 705, lr: 0.001000, Total Time: 891.9285 s, Time this epoch: 35.7641 s
=====> Epoch: 15/300, Train Loss (train loader labels): 2692560977920.0000, Train acc (train loader labels): 0.3565, Best val acc: 0.3833, Current val acc: 0.3497, Val Loss: 2811812118528.0000
=====> Saving current model and best model
balance: False
selecting samples for epoch 16, ratio 0.1
=====> Epoch: 16/300, Total_step: 752, lr: 0.001000, Total Time: 929.2522 s, Time this epoch: 36.0547 s
=====> Epoch: 16/300, Train Loss (train loader labels): 1305834422272.0000, Train acc (train loader labels): 0.3733, Best val acc: 0.3833, Current val acc: 0.3693, Val Loss: 1349069570048.0000
=====> Saving current model and best model
balance: False
selecting samples for epoch 17, ratio 0.1
=====> Epoch: 17/300, Total_step: 799, lr: 0.001000, Total Time: 966.3732 s, Time this epoch: 35.9082 s
=====> Epoch: 17/300, Train Loss (train loader labels): 1438987845632.0000, Train acc (train loader labels): 0.3608, Best val acc: 0.3833, Current val acc: 0.3540, Val Loss: 1509827543040.0000
=====> Saving current model and best model
balance: False
selecting samples for epoch 18, ratio 0.1
=====> Epoch: 18/300, Total_step: 846, lr: 0.001000, Total Time: 1004.4451 s, Time this epoch: 36.1884 s
=====> Epoch: 18/300, Train Loss (train loader labels): 1223014350848.0000, Train acc (train loader labels): 0.3558, Best val acc: 0.3833, Current val acc: 0.3373, Val Loss: 1313461895168.0000
=====> Saving current model and best model
balance: False
selecting samples for epoch 19, ratio 0.1
=====> Epoch: 19/300, Total_step: 893, lr: 0.001000, Total Time: 1041.8441 s, Time this epoch: 36.0983 s
=====> Epoch: 19/300, Train Loss (train loader labels): 1410289762304.0000, Train acc (train loader labels): 0.3046, Best val acc: 0.3833, Current val acc: 0.3100, Val Loss: 1441513209856.0000
=====> Saving current model and best model
balance: False
selecting samples for epoch 20, ratio 0.1
=====> Epoch: 20/300, Total_step: 940, lr: 0.001000, Total Time: 1079.8732 s, Time this epoch: 36.3750 s
=====> Epoch: 20/300, Train Loss (train loader labels): 2006127738880.0000, Train acc (train loader labels): 0.3326, Best val acc: 0.3833, Current val acc: 0.3323, Val Loss: 2085559468032.0000
=====> Saving current model and best model
balance: False
selecting samples for epoch 21, ratio 0.1
=====> Epoch: 21/300, Total_step: 987, lr: 0.001000, Total Time: 1117.2532 s, Time this epoch: 35.7684 s
=====> Epoch: 21/300, Train Loss (train loader labels): 282144374784.0000, Train acc (train loader labels): 0.3469, Best val acc: 0.3833, Current val acc: 0.3433, Val Loss: 295613693952.0000
=====> Saving current model and best model
balance: False
selecting samples for epoch 22, ratio 0.1
=====> Epoch: 22/300, Total_step: 1034, lr: 0.001000, Total Time: 1155.0624 s, Time this epoch: 36.2846 s
=====> Epoch: 22/300, Train Loss (train loader labels): 570899693568.0000, Train acc (train loader labels): 0.3535, Best val acc: 0.3833, Current val acc: 0.3467, Val Loss: 590495744000.0000
=====> Saving current model and best model
balance: False
selecting samples for epoch 23, ratio 0.1
=====> Epoch: 23/300, Total_step: 1081, lr: 0.001000, Total Time: 1192.8420 s, Time this epoch: 36.0439 s
=====> Epoch: 23/300, Train Loss (train loader labels): 1804927238144.0000, Train acc (train loader labels): 0.3698, Best val acc: 0.3833, Current val acc: 0.3523, Val Loss: 1927392002048.0000
=====> Saving current model and best model
balance: False
selecting samples for epoch 24, ratio 0.1
=====> Epoch: 24/300, Total_step: 1128, lr: 0.001000, Total Time: 1230.6646 s, Time this epoch: 36.0397 s
=====> Epoch: 24/300, Train Loss (train loader labels): 1856573407232.0000, Train acc (train loader labels): 0.3564, Best val acc: 0.3833, Current val acc: 0.3510, Val Loss: 1932213747712.0000
=====> Saving current model and best model
balance: False
selecting samples for epoch 25, ratio 0.1
=====> Epoch: 25/300, Total_step: 1175, lr: 0.001000, Total Time: 1268.2325 s, Time this epoch: 36.1235 s
=====> Epoch: 25/300, Train Loss (train loader labels): 1698453389312.0000, Train acc (train loader labels): 0.3597, Best val acc: 0.3833, Current val acc: 0.3510, Val Loss: 1786237681664.0000
=====> Saving current model and best model
balance: False
selecting samples for epoch 26, ratio 0.1
=====> Epoch: 26/300, Total_step: 1222, lr: 0.001000, Total Time: 1305.5953 s, Time this epoch: 35.9683 s
=====> Epoch: 26/300, Train Loss (train loader labels): 1680557735936.0000, Train acc (train loader labels): 0.3679, Best val acc: 0.3833, Current val acc: 0.3630, Val Loss: 1770197483520.0000
=====> Saving current model and best model
balance: False
selecting samples for epoch 27, ratio 0.1
=====> Saving current model and best model
balance: False
selecting samples for epoch 28, ratio 0.1
=====> Saving current model and best model
balance: False
selecting samples for epoch 29, ratio 0.1
=====> Epoch: 29/300, Total_step: 1363, lr: 0.001000, Total Time: 1380.2996 s, Time this epoch: 17.1784 s
=====> Epoch: 29/300, Train Loss (train loader labels): 1534799380480.0000, Train acc (train loader labels): 0.3641, Best val acc: 0.3833, Current val acc: 0.3567, Val Loss: 1568036487168.0000
=====> Saving current model and best model
balance: False
selecting samples for epoch 30, ratio 0.1
=====> Saving current model and best model
balance: False
selecting samples for epoch 31, ratio 0.1
=====> Saving current model and best model
balance: False
selecting samples for epoch 32, ratio 0.1
=====> Saving current model and best model
balance: False
selecting samples for epoch 33, ratio 0.1
=====> Epoch: 33/300, Total_step: 1551, lr: 0.001000, Total Time: 1473.8016 s, Time this epoch: 16.9863 s
=====> Epoch: 33/300, Train Loss (train loader labels): 851528450048.0000, Train acc (train loader labels): 0.3160, Best val acc: 0.3833, Current val acc: 0.3233, Val Loss: 881578999808.0000
=====> Saving current model and best model
balance: False
selecting samples for epoch 34, ratio 0.1
=====> Saving current model and best model
balance: False
selecting samples for epoch 35, ratio 0.1
=====> Saving current model and best model
balance: False
selecting samples for epoch 36, ratio 0.1
=====> Saving current model and best model
balance: False
selecting samples for epoch 37, ratio 0.1
=====> Epoch: 37/300, Total_step: 1739, lr: 0.001000, Total Time: 1567.5180 s, Time this epoch: 17.1452 s
=====> Epoch: 37/300, Train Loss (train loader labels): 1072830218240.0000, Train acc (train loader labels): 0.2879, Best val acc: 0.3833, Current val acc: 0.3027, Val Loss: 1099634704384.0000
=====> Saving current model and best model
balance: False
selecting samples for epoch 38, ratio 0.1
=====> Saving current model and best model
balance: False
selecting samples for epoch 39, ratio 0.1
=====> Saving current model and best model
balance: False
selecting samples for epoch 40, ratio 0.1
=====> Saving current model and best model
balance: False
selecting samples for epoch 41, ratio 0.1
=====> Epoch: 41/300, Total_step: 1927, lr: 0.001000, Total Time: 1660.5418 s, Time this epoch: 17.1724 s
=====> Epoch: 41/300, Train Loss (train loader labels): 841985359872.0000, Train acc (train loader labels): 0.3419, Best val acc: 0.3833, Current val acc: 0.3507, Val Loss: 803421683712.0000
=====> Saving current model and best model
balance: False
selecting samples for epoch 42, ratio 0.1
=====> Saving current model and best model
balance: False
selecting samples for epoch 43, ratio 0.1
=====> Saving current model and best model
balance: False
selecting samples for epoch 44, ratio 0.1
=====> Saving current model and best model
balance: False
selecting samples for epoch 45, ratio 0.1
=====> Epoch: 45/300, Total_step: 2115, lr: 0.001000, Total Time: 1754.0228 s, Time this epoch: 17.0965 s
=====> Epoch: 45/300, Train Loss (train loader labels): 425944875008.0000, Train acc (train loader labels): 0.3181, Best val acc: 0.3833, Current val acc: 0.3180, Val Loss: 425188130816.0000
=====> Saving current model and best model
balance: False
selecting samples for epoch 46, ratio 0.1
=====> Saving current model and best model
balance: False
selecting samples for epoch 47, ratio 0.1
=====> Saving current model and best model
balance: False
selecting samples for epoch 48, ratio 0.1
=====> Saving current model and best model
balance: False
selecting samples for epoch 49, ratio 0.1
=====> Epoch: 49/300, Total_step: 2303, lr: 0.001000, Total Time: 1847.0701 s, Time this epoch: 17.1780 s
=====> Epoch: 49/300, Train Loss (train loader labels): 1482118397952.0000, Train acc (train loader labels): 0.3683, Best val acc: 0.3833, Current val acc: 0.3563, Val Loss: 1476253319168.0000
=====> Saving current model and best model
balance: False
selecting samples for epoch 50, ratio 0.1
=====> Saving current model and best model
balance: False
selecting samples for epoch 51, ratio 0.1
=====> Saving current model and best model
balance: False
selecting samples for epoch 52, ratio 0.1
=====> Saving current model and best model
balance: False
selecting samples for epoch 53, ratio 0.1
=====> Epoch: 53/300, Total_step: 2491, lr: 0.001000, Total Time: 1940.3805 s, Time this epoch: 17.1595 s
=====> Epoch: 53/300, Train Loss (train loader labels): 467918061568.0000, Train acc (train loader labels): 0.3343, Best val acc: 0.3833, Current val acc: 0.3227, Val Loss: 475674017792.0000
=====> Saving current model and best model
balance: False
selecting samples for epoch 54, ratio 0.1
=====> Saving current model and best model
balance: False
selecting samples for epoch 55, ratio 0.1
=====> Saving current model and best model
balance: False
selecting samples for epoch 56, ratio 0.1
=====> Saving current model and best model
balance: False
selecting samples for epoch 57, ratio 0.1
=====> Epoch: 57/300, Total_step: 2679, lr: 0.001000, Total Time: 2034.1041 s, Time this epoch: 17.1327 s
=====> Epoch: 57/300, Train Loss (train loader labels): 934519504896.0000, Train acc (train loader labels): 0.2971, Best val acc: 0.3833, Current val acc: 0.3053, Val Loss: 996668801024.0000
=====> Saving current model and best model
balance: False
selecting samples for epoch 58, ratio 0.1
=====> Saving current model and best model
balance: False
selecting samples for epoch 59, ratio 0.1
=====> Saving current model and best model
balance: False
selecting samples for epoch 60, ratio 0.1
=====> Saving current model and best model
balance: False
selecting samples for epoch 61, ratio 0.1
=====> Epoch: 61/300, Total_step: 2867, lr: 0.001000, Total Time: 2128.6534 s, Time this epoch: 17.0720 s
=====> Epoch: 61/300, Train Loss (train loader labels): 143787966464.0000, Train acc (train loader labels): 0.3257, Best val acc: 0.3833, Current val acc: 0.3013, Val Loss: 143222882304.0000
=====> Saving current model and best model
balance: False
selecting samples for epoch 62, ratio 0.1
=====> Saving current model and best model
balance: False
selecting samples for epoch 63, ratio 0.1
=====> Saving current model and best model
balance: False
selecting samples for epoch 64, ratio 0.1
=====> Saving current model and best model
balance: False
selecting samples for epoch 65, ratio 0.1
=====> Epoch: 65/300, Total_step: 3055, lr: 0.001000, Total Time: 2222.8749 s, Time this epoch: 17.1937 s
=====> Epoch: 65/300, Train Loss (train loader labels): 340167917568.0000, Train acc (train loader labels): 0.3534, Best val acc: 0.3833, Current val acc: 0.3550, Val Loss: 334024114176.0000
=====> Saving current model and best model
balance: False
selecting samples for epoch 66, ratio 0.1
=====> Saving current model and best model
balance: False
selecting samples for epoch 67, ratio 0.1
=====> Saving current model and best model
balance: False
selecting samples for epoch 68, ratio 0.1
=====> Saving current model and best model
balance: False
selecting samples for epoch 69, ratio 0.1
=====> Saving current model and best model
balance: False
selecting samples for epoch 70, ratio 0.1
=====> Saving current model and best model
balance: False
selecting samples for epoch 71, ratio 0.1
=====> Saving current model and best model
balance: False
selecting samples for epoch 72, ratio 0.1
=====> Saving current model and best model
balance: False
selecting samples for epoch 73, ratio 0.1
=====> Saving current model and best model
balance: False
selecting samples for epoch 74, ratio 0.1
=====> Saving current model and best model
balance: False
selecting samples for epoch 75, ratio 0.1
=====> Saving current model and best model
balance: False
selecting samples for epoch 76, ratio 0.1
=====> Epoch: 76/300, Total_step: 3572, lr: 0.001000, Total Time: 2447.2488 s, Time this epoch: 17.1143 s
=====> Epoch: 76/300, Train Loss (train loader labels): 318900830208.0000, Train acc (train loader labels): 0.3329, Best val acc: 0.3833, Current val acc: 0.3240, Val Loss: 319639257088.0000
=====> Saving current model and best model
balance: False
selecting samples for epoch 77, ratio 0.1
=====> Saving current model and best model
balance: False
selecting samples for epoch 78, ratio 0.1
=====> Saving current model and best model
balance: False
selecting samples for epoch 79, ratio 0.1
=====> Saving current model and best model
balance: False
selecting samples for epoch 80, ratio 0.1
=====> Saving current model and best model
balance: False
selecting samples for epoch 81, ratio 0.1
=====> Saving current model and best model
balance: False
selecting samples for epoch 82, ratio 0.1
=====> Saving current model and best model
balance: False
selecting samples for epoch 83, ratio 0.1
=====> Saving current model and best model
balance: False
selecting samples for epoch 84, ratio 0.1
=====> Saving current model and best model
balance: False
selecting samples for epoch 85, ratio 0.1
=====> Saving current model and best model
balance: False
selecting samples for epoch 86, ratio 0.1
=====> Saving current model and best model
balance: False
selecting samples for epoch 87, ratio 0.1
=====> Saving current model and best model
balance: False
selecting samples for epoch 88, ratio 0.1
=====> Saving current model and best model
balance: False
selecting samples for epoch 89, ratio 0.1
=====> Saving current model and best model
balance: False
selecting samples for epoch 90, ratio 0.1
=====> Saving current model and best model
balance: False
selecting samples for epoch 91, ratio 0.1
=====> Epoch: 91/300, Total_step: 4277, lr: 0.001000, Total Time: 2747.2961 s, Time this epoch: 17.1708 s
=====> Epoch: 91/300, Train Loss (train loader labels): 119917010944.0000, Train acc (train loader labels): 0.3327, Best val acc: 0.3833, Current val acc: 0.3333, Val Loss: 115455606784.0000
=====> Saving current model and best model
balance: False
selecting samples for epoch 92, ratio 0.1
=====> Saving current model and best model
balance: False
selecting samples for epoch 93, ratio 0.1
=====> Saving current model and best model
balance: False
selecting samples for epoch 94, ratio 0.1
=====> Saving current model and best model
balance: False
selecting samples for epoch 95, ratio 0.1
=====> Saving current model and best model
balance: False
selecting samples for epoch 96, ratio 0.1
=====> Saving current model and best model
balance: False
selecting samples for epoch 97, ratio 0.1
=====> Saving current model and best model
balance: False
selecting samples for epoch 98, ratio 0.1
=====> Saving current model and best model
balance: False
selecting samples for epoch 99, ratio 0.1
=====> Saving current model and best model
balance: False
selecting samples for epoch 100, ratio 0.1
=====> Saving current model and best model
balance: False
selecting samples for epoch 101, ratio 0.1
=====> Saving current model and best model
balance: False
selecting samples for epoch 102, ratio 0.1
=====> Saving current model and best model
balance: False
selecting samples for epoch 103, ratio 0.1
=====> Saving current model and best model
balance: False
selecting samples for epoch 104, ratio 0.1
=====> Saving current model and best model
balance: False
selecting samples for epoch 105, ratio 0.1
=====> Saving current model and best model
balance: False
selecting samples for epoch 106, ratio 0.1
=====> Epoch: 106/300, Total_step: 4982, lr: 0.001000, Total Time: 3047.2362 s, Time this epoch: 17.1166 s
=====> Epoch: 106/300, Train Loss (train loader labels): 56314261504.0000, Train acc (train loader labels): 0.3380, Best val acc: 0.3833, Current val acc: 0.3177, Val Loss: 56499093504.0000
=====> Saving current model and best model
balance: False
selecting samples for epoch 107, ratio 0.1
=====> Saving current model and best model
balance: False
selecting samples for epoch 108, ratio 0.1
=====> Saving current model and best model
balance: False
selecting samples for epoch 109, ratio 0.1
=====> Saving current model and best model
balance: False
selecting samples for epoch 110, ratio 0.1
=====> Saving current model and best model
balance: False
selecting samples for epoch 111, ratio 0.1
=====> Saving current model and best model
balance: False
selecting samples for epoch 112, ratio 0.1
=====> Saving current model and best model
balance: False
selecting samples for epoch 113, ratio 0.1
=====> Saving current model and best model
balance: False
selecting samples for epoch 114, ratio 0.1
=====> Saving current model and best model
balance: False
selecting samples for epoch 115, ratio 0.1
=====> Saving current model and best model
balance: False
selecting samples for epoch 116, ratio 0.1
=====> Saving current model and best model
balance: False
selecting samples for epoch 117, ratio 0.1
=====> Saving current model and best model
balance: False
selecting samples for epoch 118, ratio 0.1
=====> Saving current model and best model
balance: False
selecting samples for epoch 119, ratio 0.1
=====> Saving current model and best model
balance: False
selecting samples for epoch 120, ratio 0.1
=====> Saving current model and best model
balance: False
selecting samples for epoch 121, ratio 0.1
=====> Epoch: 121/300, Total_step: 5687, lr: 0.001000, Total Time: 3347.0767 s, Time this epoch: 17.1416 s
=====> Epoch: 121/300, Train Loss (train loader labels): 30861031424.0000, Train acc (train loader labels): 0.3307, Best val acc: 0.3833, Current val acc: 0.3283, Val Loss: 31201142784.0000
=====> Saving current model and best model
balance: False
selecting samples for epoch 122, ratio 0.1
=====> Saving current model and best model
balance: False
selecting samples for epoch 123, ratio 0.1
=====> Saving current model and best model
balance: False
selecting samples for epoch 124, ratio 0.1
=====> Saving current model and best model
balance: False
selecting samples for epoch 125, ratio 0.1
=====> Saving current model and best model
balance: False
selecting samples for epoch 126, ratio 0.1
=====> Saving current model and best model
balance: False
selecting samples for epoch 127, ratio 0.1
=====> Saving current model and best model
balance: False
selecting samples for epoch 128, ratio 0.1
=====> Saving current model and best model
balance: False
selecting samples for epoch 129, ratio 0.1
=====> Saving current model and best model
balance: False
selecting samples for epoch 130, ratio 0.1
=====> Saving current model and best model
balance: False
selecting samples for epoch 131, ratio 0.1
=====> Saving current model and best model
balance: False
selecting samples for epoch 132, ratio 0.1
=====> Saving current model and best model
balance: False
selecting samples for epoch 133, ratio 0.1
=====> Saving current model and best model
balance: False
selecting samples for epoch 134, ratio 0.1
=====> Saving current model and best model
balance: False
selecting samples for epoch 135, ratio 0.1
=====> Saving current model and best model
balance: False
selecting samples for epoch 136, ratio 0.1
=====> Epoch: 136/300, Total_step: 6392, lr: 0.001000, Total Time: 3648.1105 s, Time this epoch: 17.2516 s
=====> Epoch: 136/300, Train Loss (train loader labels): 10783012864.0000, Train acc (train loader labels): 0.3424, Best val acc: 0.3833, Current val acc: 0.3390, Val Loss: 11371342848.0000
=====> Saving current model and best model
balance: False
selecting samples for epoch 137, ratio 0.1
=====> Saving current model and best model
balance: False
selecting samples for epoch 138, ratio 0.1
=====> Saving current model and best model
balance: False
selecting samples for epoch 139, ratio 0.1
=====> Saving current model and best model
balance: False
selecting samples for epoch 140, ratio 0.1
=====> Saving current model and best model
balance: False
selecting samples for epoch 141, ratio 0.1
=====> Saving current model and best model
balance: False
selecting samples for epoch 142, ratio 0.1
=====> Saving current model and best model
balance: False
selecting samples for epoch 143, ratio 0.1
=====> Saving current model and best model
balance: False
selecting samples for epoch 144, ratio 0.1
=====> Saving current model and best model
balance: False
selecting samples for epoch 145, ratio 0.1
=====> Saving current model and best model
balance: False
selecting samples for epoch 146, ratio 0.1
=====> Saving current model and best model
balance: False
selecting samples for epoch 147, ratio 0.1
=====> Saving current model and best model
balance: False
selecting samples for epoch 148, ratio 0.1
=====> Saving current model and best model
balance: False
selecting samples for epoch 149, ratio 0.1
=====> Saving current model and best model
balance: False
selecting samples for epoch 150, ratio 0.1
=====> Saving current model and best model
balance: False
selecting samples for epoch 151, ratio 0.1
=====> Epoch: 151/300, Total_step: 7097, lr: 0.001000, Total Time: 3951.6359 s, Time this epoch: 17.2670 s
=====> Epoch: 151/300, Train Loss (train loader labels): 29329573888.0000, Train acc (train loader labels): 0.3130, Best val acc: 0.3833, Current val acc: 0.3207, Val Loss: 29859983360.0000
=====> Saving current model and best model
balance: False
selecting samples for epoch 152, ratio 0.1
=====> Saving current model and best model
balance: False
selecting samples for epoch 153, ratio 0.1
=====> Saving current model and best model
balance: False
selecting samples for epoch 154, ratio 0.1
=====> Saving current model and best model
balance: False
selecting samples for epoch 155, ratio 0.1
=====> Saving current model and best model
balance: False
selecting samples for epoch 156, ratio 0.1
=====> Saving current model and best model
balance: False
selecting samples for epoch 157, ratio 0.1
=====> Saving current model and best model
balance: False
selecting samples for epoch 158, ratio 0.1
=====> Saving current model and best model
balance: False
selecting samples for epoch 159, ratio 0.1
=====> Saving current model and best model
balance: False
selecting samples for epoch 160, ratio 0.1
=====> Saving current model and best model
balance: False
selecting samples for epoch 161, ratio 0.1
=====> Saving current model and best model
balance: False
selecting samples for epoch 162, ratio 0.1
=====> Saving current model and best model
balance: False
selecting samples for epoch 163, ratio 0.1
=====> Saving current model and best model
balance: False
selecting samples for epoch 164, ratio 0.1
=====> Saving current model and best model
balance: False
selecting samples for epoch 165, ratio 0.1
=====> Saving current model and best model
balance: False
selecting samples for epoch 166, ratio 0.1
=====> Epoch: 166/300, Total_step: 7802, lr: 0.001000, Total Time: 4259.1031 s, Time this epoch: 17.3191 s
=====> Epoch: 166/300, Train Loss (train loader labels): 7584781824.0000, Train acc (train loader labels): 0.3199, Best val acc: 0.3833, Current val acc: 0.3010, Val Loss: 7695068672.0000
=====> Saving current model and best model
balance: False
selecting samples for epoch 167, ratio 0.1
=====> Saving current model and best model
balance: False
selecting samples for epoch 168, ratio 0.1
=====> Saving current model and best model
balance: False
selecting samples for epoch 169, ratio 0.1
=====> Saving current model and best model
balance: False
selecting samples for epoch 170, ratio 0.1
=====> Saving current model and best model
balance: False
selecting samples for epoch 171, ratio 0.1
=====> Saving current model and best model
balance: False
selecting samples for epoch 172, ratio 0.1
=====> Saving current model and best model
balance: False
selecting samples for epoch 173, ratio 0.1
=====> Saving current model and best model
balance: False
selecting samples for epoch 174, ratio 0.1
=====> Saving current model and best model
balance: False
selecting samples for epoch 175, ratio 0.1
=====> Saving current model and best model
balance: False
selecting samples for epoch 176, ratio 0.1
=====> Saving current model and best model
balance: False
selecting samples for epoch 177, ratio 0.1
=====> Saving current model and best model
balance: False
selecting samples for epoch 178, ratio 0.1
=====> Saving current model and best model
balance: False
selecting samples for epoch 179, ratio 0.1
=====> Saving current model and best model
balance: False
selecting samples for epoch 180, ratio 0.1
=====> Saving current model and best model
balance: False
selecting samples for epoch 181, ratio 0.1
=====> Epoch: 181/300, Total_step: 8507, lr: 0.001000, Total Time: 4567.0806 s, Time this epoch: 17.1367 s
=====> Epoch: 181/300, Train Loss (train loader labels): 4884441088.0000, Train acc (train loader labels): 0.3428, Best val acc: 0.3833, Current val acc: 0.3400, Val Loss: 4897189888.0000
=====> Saving current model and best model
balance: False
selecting samples for epoch 182, ratio 0.1
=====> Saving current model and best model
balance: False
selecting samples for epoch 183, ratio 0.1
=====> Saving current model and best model
balance: False
selecting samples for epoch 184, ratio 0.1
=====> Saving current model and best model
balance: False
selecting samples for epoch 185, ratio 0.1
=====> Saving current model and best model
balance: False
selecting samples for epoch 186, ratio 0.1
=====> Saving current model and best model
balance: False
selecting samples for epoch 187, ratio 0.1
=====> Saving current model and best model
balance: False
selecting samples for epoch 188, ratio 0.1
=====> Saving current model and best model
balance: False
selecting samples for epoch 189, ratio 0.1
=====> Saving current model and best model
balance: False
selecting samples for epoch 190, ratio 0.1
=====> Saving current model and best model
balance: False
selecting samples for epoch 191, ratio 0.1
=====> Saving current model and best model
balance: False
selecting samples for epoch 192, ratio 0.1
=====> Saving current model and best model
balance: False
selecting samples for epoch 193, ratio 0.1
=====> Saving current model and best model
balance: False
selecting samples for epoch 194, ratio 0.1
=====> Saving current model and best model
balance: False
selecting samples for epoch 195, ratio 0.1
=====> Saving current model and best model
balance: False
selecting samples for epoch 196, ratio 0.1
=====> Epoch: 196/300, Total_step: 9212, lr: 0.001000, Total Time: 4874.6169 s, Time this epoch: 17.2921 s
=====> Epoch: 196/300, Train Loss (train loader labels): 5446999552.0000, Train acc (train loader labels): 0.3559, Best val acc: 0.3833, Current val acc: 0.3433, Val Loss: 5499152896.0000
=====> Saving current model and best model
balance: False
selecting samples for epoch 197, ratio 0.1
=====> Saving current model and best model
balance: False
selecting samples for epoch 198, ratio 0.1
=====> Saving current model and best model
balance: False
selecting samples for epoch 199, ratio 0.1
=====> Saving current model and best model
balance: False
selecting samples for epoch 200, ratio 0.1
=====> Saving current model and best model
balance: False
selecting samples for epoch 201, ratio 0.1
=====> Saving current model and best model
balance: False
selecting samples for epoch 202, ratio 0.1
=====> Saving current model and best model
balance: False
selecting samples for epoch 203, ratio 0.1
=====> Saving current model and best model
balance: False
selecting samples for epoch 204, ratio 0.1
=====> Saving current model and best model
balance: False
selecting samples for epoch 205, ratio 0.1
=====> Saving current model and best model
balance: False
selecting samples for epoch 206, ratio 0.1
=====> Saving current model and best model
balance: False
selecting samples for epoch 207, ratio 0.1
=====> Saving current model and best model
balance: False
selecting samples for epoch 208, ratio 0.1
=====> Saving current model and best model
balance: False
selecting samples for epoch 209, ratio 0.1
=====> Saving current model and best model
balance: False
selecting samples for epoch 210, ratio 0.1
=====> Saving current model and best model
balance: False
selecting samples for epoch 211, ratio 0.1
=====> Epoch: 211/300, Total_step: 9917, lr: 0.001000, Total Time: 5180.3331 s, Time this epoch: 17.2739 s
=====> Epoch: 211/300, Train Loss (train loader labels): 6635054592.0000, Train acc (train loader labels): 0.3637, Best val acc: 0.3833, Current val acc: 0.3590, Val Loss: 6776340480.0000
=====> Saving current model and best model
balance: False
selecting samples for epoch 212, ratio 0.1
=====> Saving current model and best model
balance: False
selecting samples for epoch 213, ratio 0.1
=====> Saving current model and best model
balance: False
selecting samples for epoch 214, ratio 0.1
=====> Saving current model and best model
balance: False
selecting samples for epoch 215, ratio 0.1
=====> Saving current model and best model
balance: False
selecting samples for epoch 216, ratio 0.1
=====> Saving current model and best model
balance: False
selecting samples for epoch 217, ratio 0.1
=====> Saving current model and best model
balance: False
selecting samples for epoch 218, ratio 0.1
=====> Saving current model and best model
balance: False
selecting samples for epoch 219, ratio 0.1
=====> Saving current model and best model
balance: False
selecting samples for epoch 220, ratio 0.1
=====> Saving current model and best model
balance: False
selecting samples for epoch 221, ratio 0.1
=====> Saving current model and best model
balance: False
selecting samples for epoch 222, ratio 0.1
=====> Saving current model and best model
balance: False
selecting samples for epoch 223, ratio 0.1
=====> Saving current model and best model
balance: False
selecting samples for epoch 224, ratio 0.1
=====> Saving current model and best model
balance: False
selecting samples for epoch 225, ratio 0.1
=====> Saving current model and best model
balance: False
selecting samples for epoch 226, ratio 0.1
=====> Epoch: 226/300, Total_step: 10622, lr: 0.001000, Total Time: 5488.9904 s, Time this epoch: 17.1821 s
=====> Epoch: 226/300, Train Loss (train loader labels): 2080026752.0000, Train acc (train loader labels): 0.3247, Best val acc: 0.3833, Current val acc: 0.3260, Val Loss: 2077367808.0000
=====> Saving current model and best model
balance: False
selecting samples for epoch 227, ratio 0.1
=====> Saving current model and best model
balance: False
selecting samples for epoch 228, ratio 0.1
=====> Saving current model and best model
balance: False
selecting samples for epoch 229, ratio 0.1
=====> Saving current model and best model
balance: False
selecting samples for epoch 230, ratio 0.1
=====> Saving current model and best model
balance: False
selecting samples for epoch 231, ratio 0.1
=====> Saving current model and best model
balance: False
selecting samples for epoch 232, ratio 0.1
=====> Saving current model and best model
balance: False
selecting samples for epoch 233, ratio 0.1
=====> Saving current model and best model
balance: False
selecting samples for epoch 234, ratio 0.1
=====> Saving current model and best model
balance: False
selecting samples for epoch 235, ratio 0.1
=====> Saving current model and best model
balance: False
selecting samples for epoch 236, ratio 0.1
=====> Saving current model and best model
balance: False
selecting samples for epoch 237, ratio 0.1
=====> Saving current model and best model
balance: False
selecting samples for epoch 238, ratio 0.1
=====> Saving current model and best model
balance: False
selecting samples for epoch 239, ratio 0.1
=====> Saving current model and best model
balance: False
selecting samples for epoch 240, ratio 0.1
=====> Saving current model and best model
balance: False
selecting samples for epoch 241, ratio 0.1
=====> Epoch: 241/300, Total_step: 11327, lr: 0.001000, Total Time: 5792.8417 s, Time this epoch: 17.2001 s
=====> Epoch: 241/300, Train Loss (train loader labels): 1279624576.0000, Train acc (train loader labels): 0.3233, Best val acc: 0.3833, Current val acc: 0.3143, Val Loss: 1299704576.0000
=====> Saving current model and best model
balance: False
selecting samples for epoch 242, ratio 0.1
=====> Saving current model and best model
balance: False
selecting samples for epoch 243, ratio 0.1
=====> Saving current model and best model
balance: False
selecting samples for epoch 244, ratio 0.1
=====> Saving current model and best model
balance: False
selecting samples for epoch 245, ratio 0.1
=====> Saving current model and best model
balance: False
selecting samples for epoch 246, ratio 0.1
=====> Saving current model and best model
balance: False
selecting samples for epoch 247, ratio 0.1
=====> Saving current model and best model
balance: False
selecting samples for epoch 248, ratio 0.1
=====> Saving current model and best model
balance: False
selecting samples for epoch 249, ratio 0.1
=====> Saving current model and best model
balance: False
selecting samples for epoch 250, ratio 0.1
=====> Saving current model and best model
balance: False
selecting samples for epoch 251, ratio 0.1
=====> Saving current model and best model
balance: False
selecting samples for epoch 252, ratio 0.1
=====> Saving current model and best model
balance: False
selecting samples for epoch 253, ratio 0.1
=====> Saving current model and best model
balance: False
selecting samples for epoch 254, ratio 0.1
=====> Saving current model and best model
balance: False
selecting samples for epoch 255, ratio 0.1
=====> Saving current model and best model
balance: False
selecting samples for epoch 256, ratio 0.1
=====> Epoch: 256/300, Total_step: 12032, lr: 0.001000, Total Time: 6095.9664 s, Time this epoch: 16.9932 s
=====> Epoch: 256/300, Train Loss (train loader labels): 749001728.0000, Train acc (train loader labels): 0.3581, Best val acc: 0.3833, Current val acc: 0.3527, Val Loss: 787563776.0000
=====> Saving current model and best model
balance: False
selecting samples for epoch 257, ratio 0.1
=====> Saving current model and best model
balance: False
selecting samples for epoch 258, ratio 0.1
=====> Saving current model and best model
balance: False
selecting samples for epoch 259, ratio 0.1
=====> Saving current model and best model
balance: False
selecting samples for epoch 260, ratio 0.1
=====> Saving current model and best model
balance: False
selecting samples for epoch 261, ratio 0.1
=====> Saving current model and best model
balance: False
selecting samples for epoch 262, ratio 0.1
=====> Saving current model and best model
balance: False
selecting samples for epoch 263, ratio 0.1
=====> Saving current model and best model
balance: False
selecting samples for epoch 264, ratio 0.1
=====> Saving current model and best model
balance: False
selecting samples for epoch 265, ratio 0.1
=====> Saving current model and best model
balance: False
selecting samples for epoch 266, ratio 0.1
=====> Saving current model and best model
balance: False
selecting samples for epoch 267, ratio 0.1
=====> Saving current model and best model
balance: False
selecting samples for epoch 268, ratio 0.1
=====> Saving current model and best model
balance: False
selecting samples for epoch 269, ratio 0.1
=====> Saving current model and best model
balance: False
selecting samples for epoch 270, ratio 0.1
=====> Saving current model and best model
balance: False
selecting samples for epoch 271, ratio 0.1
=====> Epoch: 271/300, Total_step: 12737, lr: 0.001000, Total Time: 6398.4051 s, Time this epoch: 17.2134 s
=====> Epoch: 271/300, Train Loss (train loader labels): 1590745856.0000, Train acc (train loader labels): 0.3686, Best val acc: 0.3833, Current val acc: 0.3630, Val Loss: 1594776448.0000
=====> Saving current model and best model
balance: False
selecting samples for epoch 272, ratio 0.1
=====> Saving current model and best model
balance: False
selecting samples for epoch 273, ratio 0.1
=====> Saving current model and best model
balance: False
selecting samples for epoch 274, ratio 0.1
=====> Saving current model and best model
balance: False
selecting samples for epoch 275, ratio 0.1
=====> Saving current model and best model
balance: False
selecting samples for epoch 276, ratio 0.1
=====> Saving current model and best model
balance: False
selecting samples for epoch 277, ratio 0.1
=====> Saving current model and best model
balance: False
selecting samples for epoch 278, ratio 0.1
=====> Saving current model and best model
balance: False
selecting samples for epoch 279, ratio 0.1
=====> Saving current model and best model
balance: False
selecting samples for epoch 280, ratio 0.1
=====> Saving current model and best model
balance: False
selecting samples for epoch 281, ratio 0.1
=====> Saving current model and best model
balance: False
selecting samples for epoch 282, ratio 0.1
=====> Saving current model and best model
balance: False
selecting samples for epoch 283, ratio 0.1
=====> Saving current model and best model
balance: False
selecting samples for epoch 284, ratio 0.1
=====> Saving current model and best model
balance: False
selecting samples for epoch 285, ratio 0.1
=====> Saving current model and best model
balance: False
selecting samples for epoch 286, ratio 0.1
=====> Epoch: 286/300, Total_step: 13442, lr: 0.001000, Total Time: 6703.0435 s, Time this epoch: 17.3024 s
=====> Epoch: 286/300, Train Loss (train loader labels): 498067520.0000, Train acc (train loader labels): 0.3023, Best val acc: 0.3833, Current val acc: 0.2907, Val Loss: 489278400.0000
=====> Saving current model and best model
balance: False
selecting samples for epoch 287, ratio 0.1
=====> Saving current model and best model
balance: False
selecting samples for epoch 288, ratio 0.1
=====> Saving current model and best model
balance: False
selecting samples for epoch 289, ratio 0.1
=====> Saving current model and best model
balance: False
selecting samples for epoch 290, ratio 0.1
=====> Saving current model and best model
balance: False
selecting samples for epoch 291, ratio 0.1
=====> Saving current model and best model
balance: False
selecting samples for epoch 292, ratio 0.1
=====> Saving current model and best model
balance: False
selecting samples for epoch 293, ratio 0.1
=====> Saving current model and best model
balance: False
selecting samples for epoch 294, ratio 0.1
=====> Saving current model and best model
balance: False
selecting samples for epoch 295, ratio 0.1
=====> Saving current model and best model
balance: False
selecting samples for epoch 296, ratio 0.1
=====> Saving current model and best model
balance: False
selecting samples for epoch 297, ratio 0.1
=====> Saving current model and best model
balance: False
selecting samples for epoch 298, ratio 0.1
=====> Saving current model and best model
balance: False
selecting samples for epoch 299, ratio 0.1
=====> Saving current model and best model
balance: False
selecting samples for epoch 300, ratio 0.1
=====> Epoch: 300/300, Total_step: 14100, lr: 0.001000, Total Time: 6987.0387 s, Time this epoch: 17.0670 s
=====> Epoch: 300/300, Train Loss (train loader labels): 353110144.0000, Train acc (train loader labels): 0.3727, Best val acc: 0.3833, Current val acc: 0.3600, Val Loss: 364885408.0000
=====> Saving current model and best model
Saved helper snapshots to /home/mward19/Documents/miller/Online-Batch-Selection/snapshots/CIFAR3/{"bsel":"DivBS","seed":2,"model":"DeepLinear","opt":"adamw","bs":320,"ratio":0.1,"lr":0.001,"wd":0.01,"layers":36,"hidden_dim":1000}.p
Saved selected points array to /home/mward19/Documents/miller/Online-Batch-Selection/selected_points/CIFAR3/{"bsel":"DivBS","seed":2,"model":"DeepLinear","opt":"adamw","bs":320,"ratio":0.1,"lr":0.001,"wd":0.01,"layers":36,"hidden_dim":1000}.npy
========================= End Main =========================
