wandb: Tracking run with wandb version 0.27.0
wandb: W&B syncing is set to `offline` in this directory. Run `wandb online` or set WANDB_MODE=online to enable cloud syncing.
wandb: Run data is saved locally in exp/MNIST/Bayesian_deeplinear_bs320_ep300_lr0.001_AdamW_constant_seed3_r0.1_3_hidden/wandb/offline-run-20260605_185815-9oowcimc
wandb: 
wandb: Run history:
wandb:                                best_val_acc 鈻佲枃鈻団枃鈻団枃鈻団枃鈻堚枅鈻堚枅鈻堚枅鈻堚枅鈻堚枅鈻堚枅鈻堚枅鈻堚枅鈻堚枅鈻堚枅鈻堚枅鈻堚枅鈻堚枅鈻堚枅鈻堚枅鈻堚枅
wandb:                           diagnostics/epoch 鈻佲杹鈻佲杹鈻佲杹鈻佲杹鈻佲杹鈻佲杹鈻佲杹鈻佲杹鈻佲杹鈻佲杹鈻佲杹鈻佲杹鈻佲杺鈻傗杺鈻傗杺鈻傗杻鈻呪枀鈻嗏枂鈻団枃鈻団枅
wandb: diagnostics/fixed_train_logits_norm_l2_mean 鈻佲枀鈻呪杻鈻勨杻鈻勨杻鈻勨杻鈻呪杽鈻勨杻鈻勨杽鈻嗏杽鈻呪枅鈻呪杽鈻呪枂鈻呪枀鈻嗏枅鈻呪枀鈻勨杻鈻勨杻鈻呪杽鈻冣杽鈻勨枂
wandb:        diagnostics/test_logits_norm_l2_mean 鈻佲枅鈻佲杹鈻佲杹鈻佲杹鈻佲杹鈻佲杹鈻佲杹鈻佲杹鈻佲杹鈻佲杹鈻佲杹鈻佲杹鈻佲杹鈻佲杹鈻佲杹鈻佲杹鈻佲杹鈻佲杹鈻佲杹鈻佲杹
wandb:                      diagnostics/total_step 鈻佲杹鈻佲杹鈻佲杹鈻佲杹鈻佲杹鈻佲杹鈻佲杹鈻佲杹鈻佲杹鈻佲杹鈻傗杺鈻傗杺鈻傗杺鈻傗杺鈻傗杺鈻傗杻鈻冣枀鈻呪枂鈻嗏枃鈻団枅
wandb:                                       epoch 鈻佲杹鈻佲杹鈻佲杹鈻佲杹鈻佲杹鈻佲杹鈻佲杹鈻佲杹鈻佲杹鈻佲杹鈻佲杺鈻傗杺鈻傗杺鈻傗杺鈻傗杺鈻冣杻鈻冣杽鈻勨枀鈻嗏枂鈻嗏枅
wandb:                                          lr 鈻佲杹鈻佲杹鈻佲杹鈻佲杹鈻佲杹鈻佲杹鈻佲杹鈻佲杹鈻佲杹鈻佲杹鈻佲杹鈻佲杹鈻佲杹鈻佲杹鈻佲杹鈻佲杹鈻佲杹鈻佲杹鈻佲杹鈻佲杹
wandb:                                  time_epoch 鈻佲杹鈻佲杹鈻堚枅鈻堚枅鈻堚枅鈻堚枅鈻堚枅鈻堚杽鈻勨杽鈻勨杽鈻勨杽鈻勨杽鈻勨杺鈻傗杺鈻傗杺鈻傗杺鈻傗杺鈻傗杺鈻傗杺鈻傗杺
wandb:                                  total_time 鈻佲杹鈻佲杹鈻佲杹鈻佲杹鈻佲杹鈻傗杺鈻傗杺鈻傗杺鈻傗杺鈻傗杺鈻傗杺鈻傗杺鈻傗杺鈻傗杻鈻冣杻鈻冣杻鈻勨杽鈻勨枀鈻嗏枃鈻団枅
wandb:                                   train_acc 鈻佲杺鈻呪枀鈻嗏枀鈻嗏枀鈻嗏枂鈻団枀鈻嗏枂鈻嗏枂鈻嗏枃鈻呪枂鈻団枂鈻嗏枃鈻嗏枃鈻団枂鈻嗏枂鈻嗏枅鈻団枃鈻団枃鈻嗏枃鈻団枂
wandb:                                          +5 ...
wandb: 
wandb: Run summary:
wandb:                                best_val_acc 0.5414
wandb:                           diagnostics/epoch 300
wandb: diagnostics/fixed_train_logits_norm_l2_mean 7.3486
wandb:        diagnostics/test_logits_norm_l2_mean 7.32259
wandb:                      diagnostics/total_step 56400
wandb:                         diagnostics/trigger batch_update
wandb:                                       epoch 300
wandb:                                          lr 0.001
wandb:                                  time_epoch 14.5285
wandb:                                  total_time 5466.54055
wandb:                                          +6 ...
wandb: 
wandb: You can sync this run to the cloud by running:
wandb: wandb sync exp/MNIST/Bayesian_deeplinear_bs320_ep300_lr0.001_AdamW_constant_seed3_r0.1_3_hidden/wandb/offline-run-20260605_185815-9oowcimc
wandb: Find logs at: exp/MNIST/Bayesian_deeplinear_bs320_ep300_lr0.001_AdamW_constant_seed3_r0.1_3_hidden/wandb/offline-run-20260605_185815-9oowcimc/logs
