save_dir: ./exp/CIFAR3/RhoLoss_deeplinear_bs320_ep300_lr0.001_AdamW_constant_seed1_r0.1_36_hidden
=====> Loading config files: 
configs/cifar3/method/rholoss-0.1.yaml
configs/cifar3/data/cifar3.yaml
configs/cifar3/model/deep_linear_saxe/deep_linear_36.yaml
configs/cifar3/optim/adamw-320-0.001-0.01.yaml
configs/diagnostics/snapshots_log_interval.yaml
=====> Config files loaded.
========================= Start Main =========================
=====> Saving config file
=====> Config file saved
=====> Using fixed random seed: 1
=====> Wandb initialized
=====> Number of GPUs: 1
Creating RhoLoss...
Cached irreducible losses for 15000 samples in dataset.
=====> Start teacher Validation
=====> teacher Test Accuracy: 0.7280
Begin training for RhoLoss...
=====> Epoch: 0/300, Total_step: 0, lr: 0.001000, Total Time: 0.0000 s, Time this epoch: 0.0000 s
=====> Epoch: 0/300, Train Loss (train loader labels): 1.0989, Train acc (train loader labels): 0.3333, Best val acc: 0.3333, Current val acc: 0.3333, Val Loss: 1.0989
balance: False
selecting samples for epoch 1, ratio 0.1
=====> Epoch: 1/300, Total_step: 1, lr: 0.001000, Total Time: 0.0000 s, Time this epoch: 0.0000 s
=====> Epoch: 1/300, Train Loss (train loader labels): 1.1713, Train acc (train loader labels): 0.3333, Best val acc: 0.3333, Current val acc: 0.3333, Val Loss: 1.1713
=====> Epoch: 1/300, Total_step: 12, lr: 0.001000, Total Time: 0.0000 s, Time this epoch: 0.0000 s
=====> Epoch: 1/300, Train Loss (train loader labels): 44.5285, Train acc (train loader labels): 0.3316, Best val acc: 0.3333, Current val acc: 0.3153, Val Loss: 45.5739
=====> Epoch: 1/300, Total_step: 23, lr: 0.001000, Total Time: 0.0000 s, Time this epoch: 0.0000 s
=====> Epoch: 1/300, Train Loss (train loader labels): 77.0168, Train acc (train loader labels): 0.3421, Best val acc: 0.3517, Current val acc: 0.3517, Val Loss: 73.9771
=====> Epoch: 1/300, Total_step: 34, lr: 0.001000, Total Time: 0.0000 s, Time this epoch: 0.0000 s
=====> Epoch: 1/300, Train Loss (train loader labels): 33570716.0000, Train acc (train loader labels): 0.3410, Best val acc: 0.3520, Current val acc: 0.3520, Val Loss: 32333732.0000
=====> Epoch: 1/300, Total_step: 45, lr: 0.001000, Total Time: 0.0000 s, Time this epoch: 0.0000 s
=====> Epoch: 1/300, Train Loss (train loader labels): 113600080.0000, Train acc (train loader labels): 0.3405, Best val acc: 0.3520, Current val acc: 0.3307, Val Loss: 112017232.0000
=====> Saving current model and best model
balance: False
selecting samples for epoch 2, ratio 0.1
=====> Epoch: 2/300, Total_step: 48, lr: 0.001000, Total Time: 124.1744 s, Time this epoch: 105.7887 s
=====> Epoch: 2/300, Train Loss (train loader labels): 218773600.0000, Train acc (train loader labels): 0.3355, Best val acc: 0.3520, Current val acc: 0.3487, Val Loss: 208747520.0000
=====> Epoch: 2/300, Total_step: 59, lr: 0.001000, Total Time: 124.1744 s, Time this epoch: 105.7887 s
=====> Epoch: 2/300, Train Loss (train loader labels): 39627972.0000, Train acc (train loader labels): 0.3617, Best val acc: 0.3750, Current val acc: 0.3750, Val Loss: 37010332.0000
=====> Epoch: 2/300, Total_step: 70, lr: 0.001000, Total Time: 124.1744 s, Time this epoch: 105.7887 s
=====> Epoch: 2/300, Train Loss (train loader labels): 73399574528.0000, Train acc (train loader labels): 0.3416, Best val acc: 0.3750, Current val acc: 0.3160, Val Loss: 74366943232.0000
=====> Epoch: 2/300, Total_step: 81, lr: 0.001000, Total Time: 124.1744 s, Time this epoch: 105.7887 s
=====> Epoch: 2/300, Train Loss (train loader labels): 1829000970240.0000, Train acc (train loader labels): 0.3348, Best val acc: 0.3750, Current val acc: 0.3270, Val Loss: 1863278526464.0000
=====> Epoch: 2/300, Total_step: 92, lr: 0.001000, Total Time: 124.1744 s, Time this epoch: 105.7887 s
=====> Epoch: 2/300, Train Loss (train loader labels): 516039649525760.0000, Train acc (train loader labels): 0.3397, Best val acc: 0.3750, Current val acc: 0.3197, Val Loss: 527816282079232.0000
=====> Saving current model and best model
balance: False
selecting samples for epoch 3, ratio 0.1
=====> Epoch: 3/300, Total_step: 95, lr: 0.001000, Total Time: 230.4923 s, Time this epoch: 105.1552 s
=====> Epoch: 3/300, Train Loss (train loader labels): 19439629719568384.0000, Train acc (train loader labels): 0.3224, Best val acc: 0.3750, Current val acc: 0.3290, Val Loss: 18550217154494464.0000
=====> Epoch: 3/300, Total_step: 106, lr: 0.001000, Total Time: 230.4923 s, Time this epoch: 105.1552 s
=====> Epoch: 3/300, Train Loss (train loader labels): 2851514687160320.0000, Train acc (train loader labels): 0.3266, Best val acc: 0.3750, Current val acc: 0.3473, Val Loss: 2753208254464000.0000
=====> Epoch: 3/300, Total_step: 117, lr: 0.001000, Total Time: 230.4923 s, Time this epoch: 105.1552 s
=====> Epoch: 3/300, Train Loss (train loader labels): 5079763584548864.0000, Train acc (train loader labels): 0.3367, Best val acc: 0.3750, Current val acc: 0.3567, Val Loss: 4745815918641152.0000
=====> Epoch: 3/300, Total_step: 128, lr: 0.001000, Total Time: 230.4923 s, Time this epoch: 105.1552 s
=====> Epoch: 3/300, Train Loss (train loader labels): 152041103544025088.0000, Train acc (train loader labels): 0.3163, Best val acc: 0.3750, Current val acc: 0.3097, Val Loss: 156949426529632256.0000
=====> Epoch: 3/300, Total_step: 139, lr: 0.001000, Total Time: 230.4923 s, Time this epoch: 105.1552 s
=====> Epoch: 3/300, Train Loss (train loader labels): 1586279534325642821632.0000, Train acc (train loader labels): 0.3359, Best val acc: 0.3750, Current val acc: 0.3307, Val Loss: 1555287732014916042752.0000
=====> Saving current model and best model
balance: False
selecting samples for epoch 4, ratio 0.1
=====> Epoch: 4/300, Total_step: 142, lr: 0.001000, Total Time: 337.5228 s, Time this epoch: 105.8382 s
=====> Epoch: 4/300, Train Loss (train loader labels): 2360837832055980032.0000, Train acc (train loader labels): 0.3347, Best val acc: 0.3750, Current val acc: 0.3253, Val Loss: 2348207741987717120.0000
=====> Epoch: 4/300, Total_step: 153, lr: 0.001000, Total Time: 337.5228 s, Time this epoch: 105.8382 s
=====> Epoch: 4/300, Train Loss (train loader labels): 37633661783051862016.0000, Train acc (train loader labels): 0.3236, Best val acc: 0.3750, Current val acc: 0.3210, Val Loss: 36861936561748443136.0000
=====> Epoch: 4/300, Total_step: 164, lr: 0.001000, Total Time: 337.5228 s, Time this epoch: 105.8382 s
=====> Epoch: 4/300, Train Loss (train loader labels): 29114984340624769024.0000, Train acc (train loader labels): 0.2999, Best val acc: 0.3750, Current val acc: 0.3073, Val Loss: 28073575305306963968.0000
=====> Epoch: 4/300, Total_step: 175, lr: 0.001000, Total Time: 337.5228 s, Time this epoch: 105.8382 s
=====> Epoch: 4/300, Train Loss (train loader labels): 10072467692381536256.0000, Train acc (train loader labels): 0.3159, Best val acc: 0.3750, Current val acc: 0.3230, Val Loss: 9956423036162801664.0000
=====> Epoch: 4/300, Total_step: 186, lr: 0.001000, Total Time: 337.5228 s, Time this epoch: 105.8382 s
=====> Epoch: 4/300, Train Loss (train loader labels): 5206551495868153856.0000, Train acc (train loader labels): 0.3691, Best val acc: 0.3810, Current val acc: 0.3810, Val Loss: 5621123454632722432.0000
=====> Saving current model and best model
balance: False
selecting samples for epoch 5, ratio 0.1
=====> Epoch: 5/300, Total_step: 189, lr: 0.001000, Total Time: 444.1831 s, Time this epoch: 105.4373 s
=====> Epoch: 5/300, Train Loss (train loader labels): 5537913514154262528.0000, Train acc (train loader labels): 0.3714, Best val acc: 0.3977, Current val acc: 0.3977, Val Loss: 5169782727523696640.0000
=====> Epoch: 5/300, Total_step: 200, lr: 0.001000, Total Time: 444.1831 s, Time this epoch: 105.4373 s
=====> Epoch: 5/300, Train Loss (train loader labels): 1801707169712701440.0000, Train acc (train loader labels): 0.3493, Best val acc: 0.3977, Current val acc: 0.3417, Val Loss: 1944582795867193344.0000
=====> Epoch: 5/300, Total_step: 211, lr: 0.001000, Total Time: 444.1831 s, Time this epoch: 105.4373 s
=====> Epoch: 5/300, Train Loss (train loader labels): 866946501681610752.0000, Train acc (train loader labels): 0.3251, Best val acc: 0.3977, Current val acc: 0.3123, Val Loss: 870173705748086784.0000
=====> Epoch: 5/300, Total_step: 222, lr: 0.001000, Total Time: 444.1831 s, Time this epoch: 105.4373 s
=====> Epoch: 5/300, Train Loss (train loader labels): 468884534641819648.0000, Train acc (train loader labels): 0.3069, Best val acc: 0.3977, Current val acc: 0.2930, Val Loss: 463862137324830720.0000
=====> Epoch: 5/300, Total_step: 233, lr: 0.001000, Total Time: 444.1831 s, Time this epoch: 105.4373 s
=====> Epoch: 5/300, Train Loss (train loader labels): 136887737369231360.0000, Train acc (train loader labels): 0.3187, Best val acc: 0.3977, Current val acc: 0.3147, Val Loss: 135922331800305664.0000
=====> Saving current model and best model
balance: False
selecting samples for epoch 6, ratio 0.1
=====> Epoch: 6/300, Total_step: 282, lr: 0.001000, Total Time: 551.2312 s, Time this epoch: 105.6640 s
=====> Epoch: 6/300, Train Loss (train loader labels): 65391456902184960.0000, Train acc (train loader labels): 0.2957, Best val acc: 0.3977, Current val acc: 0.2793, Val Loss: 65743631335555072.0000
=====> Saving current model and best model
balance: False
selecting samples for epoch 7, ratio 0.1
=====> Epoch: 7/300, Total_step: 329, lr: 0.001000, Total Time: 588.3133 s, Time this epoch: 35.5307 s
=====> Epoch: 7/300, Train Loss (train loader labels): 12501189509775360.0000, Train acc (train loader labels): 0.3067, Best val acc: 0.3977, Current val acc: 0.3037, Val Loss: 12514656379731968.0000
=====> Saving current model and best model
balance: False
selecting samples for epoch 8, ratio 0.1
=====> Epoch: 8/300, Total_step: 376, lr: 0.001000, Total Time: 624.9165 s, Time this epoch: 35.3778 s
=====> Epoch: 8/300, Train Loss (train loader labels): 20295870104731648.0000, Train acc (train loader labels): 0.3210, Best val acc: 0.3977, Current val acc: 0.3117, Val Loss: 20471841357299712.0000
=====> Saving current model and best model
balance: False
selecting samples for epoch 9, ratio 0.1
=====> Epoch: 9/300, Total_step: 423, lr: 0.001000, Total Time: 661.6003 s, Time this epoch: 35.3320 s
=====> Epoch: 9/300, Train Loss (train loader labels): 11048532786020352.0000, Train acc (train loader labels): 0.3238, Best val acc: 0.3977, Current val acc: 0.3133, Val Loss: 11123132072984576.0000
=====> Saving current model and best model
balance: False
selecting samples for epoch 10, ratio 0.1
=====> Epoch: 10/300, Total_step: 470, lr: 0.001000, Total Time: 698.2740 s, Time this epoch: 35.4539 s
=====> Epoch: 10/300, Train Loss (train loader labels): 6464978047467520.0000, Train acc (train loader labels): 0.3127, Best val acc: 0.3977, Current val acc: 0.2973, Val Loss: 6586255039004672.0000
=====> Saving current model and best model
balance: False
selecting samples for epoch 11, ratio 0.1
=====> Epoch: 11/300, Total_step: 517, lr: 0.001000, Total Time: 734.9153 s, Time this epoch: 35.3555 s
=====> Epoch: 11/300, Train Loss (train loader labels): 5922146257731584.0000, Train acc (train loader labels): 0.3103, Best val acc: 0.3977, Current val acc: 0.3203, Val Loss: 5592940235718656.0000
=====> Saving current model and best model
balance: False
selecting samples for epoch 12, ratio 0.1
=====> Epoch: 12/300, Total_step: 564, lr: 0.001000, Total Time: 771.7101 s, Time this epoch: 35.1405 s
=====> Epoch: 12/300, Train Loss (train loader labels): 3490434558984192.0000, Train acc (train loader labels): 0.3099, Best val acc: 0.3977, Current val acc: 0.3067, Val Loss: 3443283334266880.0000
=====> Saving current model and best model
balance: False
selecting samples for epoch 13, ratio 0.1
=====> Epoch: 13/300, Total_step: 611, lr: 0.001000, Total Time: 808.4698 s, Time this epoch: 35.2857 s
=====> Epoch: 13/300, Train Loss (train loader labels): 4267244087410688.0000, Train acc (train loader labels): 0.3165, Best val acc: 0.3977, Current val acc: 0.3023, Val Loss: 4225375940902912.0000
=====> Saving current model and best model
balance: False
selecting samples for epoch 14, ratio 0.1
=====> Epoch: 14/300, Total_step: 658, lr: 0.001000, Total Time: 845.5376 s, Time this epoch: 35.4511 s
=====> Epoch: 14/300, Train Loss (train loader labels): 3016922199228416.0000, Train acc (train loader labels): 0.3410, Best val acc: 0.3977, Current val acc: 0.3343, Val Loss: 2813182909349888.0000
=====> Saving current model and best model
balance: False
selecting samples for epoch 15, ratio 0.1
=====> Epoch: 15/300, Total_step: 705, lr: 0.001000, Total Time: 882.7937 s, Time this epoch: 35.4976 s
=====> Epoch: 15/300, Train Loss (train loader labels): 1668510103109632.0000, Train acc (train loader labels): 0.3523, Best val acc: 0.3977, Current val acc: 0.3350, Val Loss: 1589462035333120.0000
=====> Saving current model and best model
balance: False
selecting samples for epoch 16, ratio 0.1
=====> Epoch: 16/300, Total_step: 752, lr: 0.001000, Total Time: 920.1496 s, Time this epoch: 35.6262 s
=====> Epoch: 16/300, Train Loss (train loader labels): 1477066230857728.0000, Train acc (train loader labels): 0.3149, Best val acc: 0.3977, Current val acc: 0.3067, Val Loss: 1427106500182016.0000
=====> Saving current model and best model
balance: False
selecting samples for epoch 17, ratio 0.1
=====> Epoch: 17/300, Total_step: 799, lr: 0.001000, Total Time: 958.3826 s, Time this epoch: 35.8745 s
=====> Epoch: 17/300, Train Loss (train loader labels): 2049390218838016.0000, Train acc (train loader labels): 0.3373, Best val acc: 0.3977, Current val acc: 0.3220, Val Loss: 1892297226584064.0000
=====> Saving current model and best model
balance: False
selecting samples for epoch 18, ratio 0.1
=====> Epoch: 18/300, Total_step: 846, lr: 0.001000, Total Time: 996.2643 s, Time this epoch: 35.8238 s
=====> Epoch: 18/300, Train Loss (train loader labels): 1286092657524736.0000, Train acc (train loader labels): 0.3516, Best val acc: 0.3977, Current val acc: 0.3300, Val Loss: 1245333686321152.0000
=====> Saving current model and best model
balance: False
selecting samples for epoch 19, ratio 0.1
=====> Epoch: 19/300, Total_step: 893, lr: 0.001000, Total Time: 1033.8046 s, Time this epoch: 35.3778 s
=====> Epoch: 19/300, Train Loss (train loader labels): 939312568860672.0000, Train acc (train loader labels): 0.3633, Best val acc: 0.3977, Current val acc: 0.3543, Val Loss: 901903068168192.0000
=====> Saving current model and best model
balance: False
selecting samples for epoch 20, ratio 0.1
=====> Epoch: 20/300, Total_step: 940, lr: 0.001000, Total Time: 1071.5028 s, Time this epoch: 35.6814 s
=====> Epoch: 20/300, Train Loss (train loader labels): 1460721732812800.0000, Train acc (train loader labels): 0.3201, Best val acc: 0.3977, Current val acc: 0.2993, Val Loss: 1452383053807616.0000
=====> Saving current model and best model
balance: False
selecting samples for epoch 21, ratio 0.1
=====> Epoch: 21/300, Total_step: 987, lr: 0.001000, Total Time: 1108.4759 s, Time this epoch: 35.4717 s
=====> Epoch: 21/300, Train Loss (train loader labels): 1075707979497472.0000, Train acc (train loader labels): 0.3216, Best val acc: 0.3977, Current val acc: 0.3130, Val Loss: 1053069341097984.0000
=====> Saving current model and best model
balance: False
selecting samples for epoch 22, ratio 0.1
=====> Epoch: 22/300, Total_step: 1034, lr: 0.001000, Total Time: 1145.5779 s, Time this epoch: 35.6113 s
=====> Epoch: 22/300, Train Loss (train loader labels): 1197190592593920.0000, Train acc (train loader labels): 0.3377, Best val acc: 0.3977, Current val acc: 0.3220, Val Loss: 1183912030109696.0000
=====> Saving current model and best model
balance: False
selecting samples for epoch 23, ratio 0.1
=====> Epoch: 23/300, Total_step: 1081, lr: 0.001000, Total Time: 1182.8599 s, Time this epoch: 35.6560 s
=====> Epoch: 23/300, Train Loss (train loader labels): 1597799103725568.0000, Train acc (train loader labels): 0.3523, Best val acc: 0.3977, Current val acc: 0.3457, Val Loss: 1555763856146432.0000
=====> Saving current model and best model
balance: False
selecting samples for epoch 24, ratio 0.1
=====> Epoch: 24/300, Total_step: 1128, lr: 0.001000, Total Time: 1219.7838 s, Time this epoch: 35.6304 s
=====> Epoch: 24/300, Train Loss (train loader labels): 2126935182278656.0000, Train acc (train loader labels): 0.3492, Best val acc: 0.3977, Current val acc: 0.3417, Val Loss: 1953835786436608.0000
=====> Saving current model and best model
balance: False
selecting samples for epoch 25, ratio 0.1
=====> Epoch: 25/300, Total_step: 1175, lr: 0.001000, Total Time: 1257.3353 s, Time this epoch: 35.7714 s
=====> Epoch: 25/300, Train Loss (train loader labels): 1477101261684736.0000, Train acc (train loader labels): 0.3327, Best val acc: 0.3977, Current val acc: 0.3260, Val Loss: 1427626057007104.0000
=====> Saving current model and best model
balance: False
selecting samples for epoch 26, ratio 0.1
=====> Epoch: 26/300, Total_step: 1222, lr: 0.001000, Total Time: 1295.5539 s, Time this epoch: 35.9971 s
=====> Epoch: 26/300, Train Loss (train loader labels): 794071404642304.0000, Train acc (train loader labels): 0.3611, Best val acc: 0.3977, Current val acc: 0.3570, Val Loss: 760912378068992.0000
=====> Saving current model and best model
balance: False
selecting samples for epoch 27, ratio 0.1
=====> Saving current model and best model
balance: False
selecting samples for epoch 28, ratio 0.1
=====> Saving current model and best model
balance: False
selecting samples for epoch 29, ratio 0.1
=====> Epoch: 29/300, Total_step: 1363, lr: 0.001000, Total Time: 1372.6101 s, Time this epoch: 17.0879 s
=====> Epoch: 29/300, Train Loss (train loader labels): 955078856933376.0000, Train acc (train loader labels): 0.3344, Best val acc: 0.3977, Current val acc: 0.3320, Val Loss: 884436241481728.0000
=====> Saving current model and best model
balance: False
selecting samples for epoch 30, ratio 0.1
=====> Saving current model and best model
balance: False
selecting samples for epoch 31, ratio 0.1
=====> Saving current model and best model
balance: False
selecting samples for epoch 32, ratio 0.1
=====> Saving current model and best model
balance: False
selecting samples for epoch 33, ratio 0.1
=====> Epoch: 33/300, Total_step: 1551, lr: 0.001000, Total Time: 1468.3835 s, Time this epoch: 16.9585 s
=====> Epoch: 33/300, Train Loss (train loader labels): 527324005007360.0000, Train acc (train loader labels): 0.3442, Best val acc: 0.3977, Current val acc: 0.3363, Val Loss: 514726832373760.0000
=====> Saving current model and best model
balance: False
selecting samples for epoch 34, ratio 0.1
=====> Saving current model and best model
balance: False
selecting samples for epoch 35, ratio 0.1
=====> Saving current model and best model
balance: False
selecting samples for epoch 36, ratio 0.1
=====> Saving current model and best model
balance: False
selecting samples for epoch 37, ratio 0.1
=====> Epoch: 37/300, Total_step: 1739, lr: 0.001000, Total Time: 1564.1781 s, Time this epoch: 16.9967 s
=====> Epoch: 37/300, Train Loss (train loader labels): 487710716329984.0000, Train acc (train loader labels): 0.3339, Best val acc: 0.3977, Current val acc: 0.3200, Val Loss: 473480214609920.0000
=====> Saving current model and best model
balance: False
selecting samples for epoch 38, ratio 0.1
=====> Saving current model and best model
balance: False
selecting samples for epoch 39, ratio 0.1
=====> Saving current model and best model
balance: False
selecting samples for epoch 40, ratio 0.1
=====> Saving current model and best model
balance: False
selecting samples for epoch 41, ratio 0.1
=====> Epoch: 41/300, Total_step: 1927, lr: 0.001000, Total Time: 1659.7120 s, Time this epoch: 16.9949 s
=====> Epoch: 41/300, Train Loss (train loader labels): 928331746770944.0000, Train acc (train loader labels): 0.3264, Best val acc: 0.3977, Current val acc: 0.3220, Val Loss: 875227093401600.0000
=====> Saving current model and best model
balance: False
selecting samples for epoch 42, ratio 0.1
=====> Saving current model and best model
balance: False
selecting samples for epoch 43, ratio 0.1
=====> Saving current model and best model
balance: False
selecting samples for epoch 44, ratio 0.1
=====> Saving current model and best model
balance: False
selecting samples for epoch 45, ratio 0.1
=====> Epoch: 45/300, Total_step: 2115, lr: 0.001000, Total Time: 1755.4214 s, Time this epoch: 17.0059 s
=====> Epoch: 45/300, Train Loss (train loader labels): 178744912248832.0000, Train acc (train loader labels): 0.3119, Best val acc: 0.3977, Current val acc: 0.2927, Val Loss: 178810595049472.0000
=====> Saving current model and best model
balance: False
selecting samples for epoch 46, ratio 0.1
=====> Saving current model and best model
balance: False
selecting samples for epoch 47, ratio 0.1
=====> Saving current model and best model
balance: False
selecting samples for epoch 48, ratio 0.1
=====> Saving current model and best model
balance: False
selecting samples for epoch 49, ratio 0.1
=====> Epoch: 49/300, Total_step: 2303, lr: 0.001000, Total Time: 1851.6561 s, Time this epoch: 16.8781 s
=====> Epoch: 49/300, Train Loss (train loader labels): 154913816444928.0000, Train acc (train loader labels): 0.3270, Best val acc: 0.3977, Current val acc: 0.3290, Val Loss: 150528906493952.0000
=====> Saving current model and best model
balance: False
selecting samples for epoch 50, ratio 0.1
=====> Saving current model and best model
balance: False
selecting samples for epoch 51, ratio 0.1
=====> Saving current model and best model
balance: False
selecting samples for epoch 52, ratio 0.1
=====> Saving current model and best model
balance: False
selecting samples for epoch 53, ratio 0.1
=====> Epoch: 53/300, Total_step: 2491, lr: 0.001000, Total Time: 1946.8712 s, Time this epoch: 16.9735 s
=====> Epoch: 53/300, Train Loss (train loader labels): 141803328110592.0000, Train acc (train loader labels): 0.3055, Best val acc: 0.3977, Current val acc: 0.2900, Val Loss: 141238590242816.0000
=====> Saving current model and best model
balance: False
selecting samples for epoch 54, ratio 0.1
=====> Saving current model and best model
balance: False
selecting samples for epoch 55, ratio 0.1
=====> Saving current model and best model
balance: False
selecting samples for epoch 56, ratio 0.1
=====> Saving current model and best model
balance: False
selecting samples for epoch 57, ratio 0.1
=====> Epoch: 57/300, Total_step: 2679, lr: 0.001000, Total Time: 2042.5731 s, Time this epoch: 17.1874 s
=====> Epoch: 57/300, Train Loss (train loader labels): 233699102687232.0000, Train acc (train loader labels): 0.3241, Best val acc: 0.3977, Current val acc: 0.3103, Val Loss: 224790820421632.0000
=====> Saving current model and best model
balance: False
selecting samples for epoch 58, ratio 0.1
=====> Saving current model and best model
balance: False
selecting samples for epoch 59, ratio 0.1
=====> Saving current model and best model
balance: False
selecting samples for epoch 60, ratio 0.1
=====> Saving current model and best model
balance: False
selecting samples for epoch 61, ratio 0.1
=====> Epoch: 61/300, Total_step: 2867, lr: 0.001000, Total Time: 2138.1602 s, Time this epoch: 16.9483 s
=====> Epoch: 61/300, Train Loss (train loader labels): 124238203715584.0000, Train acc (train loader labels): 0.3099, Best val acc: 0.3977, Current val acc: 0.3010, Val Loss: 120986007502848.0000
=====> Saving current model and best model
balance: False
selecting samples for epoch 62, ratio 0.1
=====> Saving current model and best model
balance: False
selecting samples for epoch 63, ratio 0.1
=====> Saving current model and best model
balance: False
selecting samples for epoch 64, ratio 0.1
=====> Saving current model and best model
balance: False
selecting samples for epoch 65, ratio 0.1
=====> Epoch: 65/300, Total_step: 3055, lr: 0.001000, Total Time: 2233.2678 s, Time this epoch: 16.9699 s
=====> Epoch: 65/300, Train Loss (train loader labels): 77875021611008.0000, Train acc (train loader labels): 0.3159, Best val acc: 0.3977, Current val acc: 0.2957, Val Loss: 79788773474304.0000
=====> Saving current model and best model
balance: False
selecting samples for epoch 66, ratio 0.1
=====> Saving current model and best model
balance: False
selecting samples for epoch 67, ratio 0.1
=====> Saving current model and best model
balance: False
selecting samples for epoch 68, ratio 0.1
=====> Saving current model and best model
balance: False
selecting samples for epoch 69, ratio 0.1
=====> Saving current model and best model
balance: False
selecting samples for epoch 70, ratio 0.1
=====> Saving current model and best model
balance: False
selecting samples for epoch 71, ratio 0.1
=====> Saving current model and best model
balance: False
selecting samples for epoch 72, ratio 0.1
=====> Saving current model and best model
balance: False
selecting samples for epoch 73, ratio 0.1
=====> Saving current model and best model
balance: False
selecting samples for epoch 74, ratio 0.1
=====> Saving current model and best model
balance: False
selecting samples for epoch 75, ratio 0.1
=====> Saving current model and best model
balance: False
selecting samples for epoch 76, ratio 0.1
=====> Epoch: 76/300, Total_step: 3572, lr: 0.001000, Total Time: 2463.1890 s, Time this epoch: 16.8993 s
=====> Epoch: 76/300, Train Loss (train loader labels): 75482598998016.0000, Train acc (train loader labels): 0.3407, Best val acc: 0.3977, Current val acc: 0.3450, Val Loss: 69248844038144.0000
=====> Saving current model and best model
balance: False
selecting samples for epoch 77, ratio 0.1
=====> Saving current model and best model
balance: False
selecting samples for epoch 78, ratio 0.1
=====> Saving current model and best model
balance: False
selecting samples for epoch 79, ratio 0.1
=====> Saving current model and best model
balance: False
selecting samples for epoch 80, ratio 0.1
=====> Saving current model and best model
balance: False
selecting samples for epoch 81, ratio 0.1
=====> Saving current model and best model
balance: False
selecting samples for epoch 82, ratio 0.1
=====> Saving current model and best model
balance: False
selecting samples for epoch 83, ratio 0.1
=====> Saving current model and best model
balance: False
selecting samples for epoch 84, ratio 0.1
=====> Saving current model and best model
balance: False
selecting samples for epoch 85, ratio 0.1
=====> Saving current model and best model
balance: False
selecting samples for epoch 86, ratio 0.1
=====> Saving current model and best model
balance: False
selecting samples for epoch 87, ratio 0.1
=====> Saving current model and best model
balance: False
selecting samples for epoch 88, ratio 0.1
=====> Saving current model and best model
balance: False
selecting samples for epoch 89, ratio 0.1
=====> Saving current model and best model
balance: False
selecting samples for epoch 90, ratio 0.1
=====> Saving current model and best model
balance: False
selecting samples for epoch 91, ratio 0.1
=====> Epoch: 91/300, Total_step: 4277, lr: 0.001000, Total Time: 2767.0606 s, Time this epoch: 17.0043 s
=====> Epoch: 91/300, Train Loss (train loader labels): 59556784766976.0000, Train acc (train loader labels): 0.3401, Best val acc: 0.3977, Current val acc: 0.3430, Val Loss: 56521396322304.0000
=====> Saving current model and best model
balance: False
selecting samples for epoch 92, ratio 0.1
=====> Saving current model and best model
balance: False
selecting samples for epoch 93, ratio 0.1
=====> Saving current model and best model
balance: False
selecting samples for epoch 94, ratio 0.1
=====> Saving current model and best model
balance: False
selecting samples for epoch 95, ratio 0.1
=====> Saving current model and best model
balance: False
selecting samples for epoch 96, ratio 0.1
=====> Saving current model and best model
balance: False
selecting samples for epoch 97, ratio 0.1
=====> Saving current model and best model
balance: False
selecting samples for epoch 98, ratio 0.1
=====> Saving current model and best model
balance: False
selecting samples for epoch 99, ratio 0.1
=====> Saving current model and best model
balance: False
selecting samples for epoch 100, ratio 0.1
=====> Saving current model and best model
balance: False
selecting samples for epoch 101, ratio 0.1
=====> Saving current model and best model
balance: False
selecting samples for epoch 102, ratio 0.1
=====> Saving current model and best model
balance: False
selecting samples for epoch 103, ratio 0.1
=====> Saving current model and best model
balance: False
selecting samples for epoch 104, ratio 0.1
=====> Saving current model and best model
balance: False
selecting samples for epoch 105, ratio 0.1
=====> Saving current model and best model
balance: False
selecting samples for epoch 106, ratio 0.1
=====> Epoch: 106/300, Total_step: 4982, lr: 0.001000, Total Time: 3073.0758 s, Time this epoch: 16.9017 s
=====> Epoch: 106/300, Train Loss (train loader labels): 19691743477760.0000, Train acc (train loader labels): 0.3723, Best val acc: 0.3977, Current val acc: 0.3793, Val Loss: 18194968346624.0000
=====> Saving current model and best model
balance: False
selecting samples for epoch 107, ratio 0.1
=====> Saving current model and best model
balance: False
selecting samples for epoch 108, ratio 0.1
=====> Saving current model and best model
balance: False
selecting samples for epoch 109, ratio 0.1
=====> Saving current model and best model
balance: False
selecting samples for epoch 110, ratio 0.1
=====> Saving current model and best model
balance: False
selecting samples for epoch 111, ratio 0.1
=====> Saving current model and best model
balance: False
selecting samples for epoch 112, ratio 0.1
=====> Saving current model and best model
balance: False
selecting samples for epoch 113, ratio 0.1
=====> Saving current model and best model
balance: False
selecting samples for epoch 114, ratio 0.1
=====> Saving current model and best model
balance: False
selecting samples for epoch 115, ratio 0.1
=====> Saving current model and best model
balance: False
selecting samples for epoch 116, ratio 0.1
=====> Saving current model and best model
balance: False
selecting samples for epoch 117, ratio 0.1
=====> Saving current model and best model
balance: False
selecting samples for epoch 118, ratio 0.1
=====> Saving current model and best model
balance: False
selecting samples for epoch 119, ratio 0.1
=====> Saving current model and best model
balance: False
selecting samples for epoch 120, ratio 0.1
=====> Saving current model and best model
balance: False
selecting samples for epoch 121, ratio 0.1
=====> Epoch: 121/300, Total_step: 5687, lr: 0.001000, Total Time: 3381.8774 s, Time this epoch: 17.3254 s
=====> Epoch: 121/300, Train Loss (train loader labels): 52744647868416.0000, Train acc (train loader labels): 0.3230, Best val acc: 0.3977, Current val acc: 0.3063, Val Loss: 55863335190528.0000
=====> Saving current model and best model
balance: False
selecting samples for epoch 122, ratio 0.1
=====> Saving current model and best model
balance: False
selecting samples for epoch 123, ratio 0.1
=====> Saving current model and best model
balance: False
selecting samples for epoch 124, ratio 0.1
=====> Saving current model and best model
balance: False
selecting samples for epoch 125, ratio 0.1
=====> Saving current model and best model
balance: False
selecting samples for epoch 126, ratio 0.1
=====> Saving current model and best model
balance: False
selecting samples for epoch 127, ratio 0.1
=====> Saving current model and best model
balance: False
selecting samples for epoch 128, ratio 0.1
=====> Saving current model and best model
balance: False
selecting samples for epoch 129, ratio 0.1
=====> Saving current model and best model
balance: False
selecting samples for epoch 130, ratio 0.1
=====> Saving current model and best model
balance: False
selecting samples for epoch 131, ratio 0.1
=====> Saving current model and best model
balance: False
selecting samples for epoch 132, ratio 0.1
=====> Saving current model and best model
balance: False
selecting samples for epoch 133, ratio 0.1
=====> Saving current model and best model
balance: False
selecting samples for epoch 134, ratio 0.1
=====> Saving current model and best model
balance: False
selecting samples for epoch 135, ratio 0.1
=====> Saving current model and best model
balance: False
selecting samples for epoch 136, ratio 0.1
=====> Epoch: 136/300, Total_step: 6392, lr: 0.001000, Total Time: 3687.3850 s, Time this epoch: 17.0482 s
=====> Epoch: 136/300, Train Loss (train loader labels): 18767434219520.0000, Train acc (train loader labels): 0.3247, Best val acc: 0.3977, Current val acc: 0.3330, Val Loss: 19246761377792.0000
=====> Saving current model and best model
balance: False
selecting samples for epoch 137, ratio 0.1
=====> Saving current model and best model
balance: False
selecting samples for epoch 138, ratio 0.1
=====> Saving current model and best model
balance: False
selecting samples for epoch 139, ratio 0.1
=====> Saving current model and best model
balance: False
selecting samples for epoch 140, ratio 0.1
=====> Saving current model and best model
balance: False
selecting samples for epoch 141, ratio 0.1
=====> Saving current model and best model
balance: False
selecting samples for epoch 142, ratio 0.1
=====> Saving current model and best model
balance: False
selecting samples for epoch 143, ratio 0.1
=====> Saving current model and best model
balance: False
selecting samples for epoch 144, ratio 0.1
=====> Saving current model and best model
balance: False
selecting samples for epoch 145, ratio 0.1
=====> Saving current model and best model
balance: False
selecting samples for epoch 146, ratio 0.1
=====> Saving current model and best model
balance: False
selecting samples for epoch 147, ratio 0.1
=====> Saving current model and best model
balance: False
selecting samples for epoch 148, ratio 0.1
=====> Saving current model and best model
balance: False
selecting samples for epoch 149, ratio 0.1
=====> Saving current model and best model
balance: False
selecting samples for epoch 150, ratio 0.1
=====> Saving current model and best model
balance: False
selecting samples for epoch 151, ratio 0.1
=====> Epoch: 151/300, Total_step: 7097, lr: 0.001000, Total Time: 3992.5721 s, Time this epoch: 16.9964 s
=====> Epoch: 151/300, Train Loss (train loader labels): 6716529311744.0000, Train acc (train loader labels): 0.3040, Best val acc: 0.3977, Current val acc: 0.2907, Val Loss: 6783468306432.0000
=====> Saving current model and best model
balance: False
selecting samples for epoch 152, ratio 0.1
=====> Saving current model and best model
balance: False
selecting samples for epoch 153, ratio 0.1
=====> Saving current model and best model
balance: False
selecting samples for epoch 154, ratio 0.1
=====> Saving current model and best model
balance: False
selecting samples for epoch 155, ratio 0.1
=====> Saving current model and best model
balance: False
selecting samples for epoch 156, ratio 0.1
=====> Saving current model and best model
balance: False
selecting samples for epoch 157, ratio 0.1
=====> Saving current model and best model
balance: False
selecting samples for epoch 158, ratio 0.1
=====> Saving current model and best model
balance: False
selecting samples for epoch 159, ratio 0.1
=====> Saving current model and best model
balance: False
selecting samples for epoch 160, ratio 0.1
=====> Saving current model and best model
balance: False
selecting samples for epoch 161, ratio 0.1
=====> Saving current model and best model
balance: False
selecting samples for epoch 162, ratio 0.1
=====> Saving current model and best model
balance: False
selecting samples for epoch 163, ratio 0.1
=====> Saving current model and best model
balance: False
selecting samples for epoch 164, ratio 0.1
=====> Saving current model and best model
balance: False
selecting samples for epoch 165, ratio 0.1
=====> Saving current model and best model
balance: False
selecting samples for epoch 166, ratio 0.1
=====> Epoch: 166/300, Total_step: 7802, lr: 0.001000, Total Time: 4299.1688 s, Time this epoch: 17.0384 s
=====> Epoch: 166/300, Train Loss (train loader labels): 4731994374144.0000, Train acc (train loader labels): 0.3534, Best val acc: 0.3977, Current val acc: 0.3423, Val Loss: 5005148946432.0000
=====> Saving current model and best model
balance: False
selecting samples for epoch 167, ratio 0.1
=====> Saving current model and best model
balance: False
selecting samples for epoch 168, ratio 0.1
=====> Saving current model and best model
balance: False
selecting samples for epoch 169, ratio 0.1
=====> Saving current model and best model
balance: False
selecting samples for epoch 170, ratio 0.1
=====> Saving current model and best model
balance: False
selecting samples for epoch 171, ratio 0.1
=====> Saving current model and best model
balance: False
selecting samples for epoch 172, ratio 0.1
=====> Saving current model and best model
balance: False
selecting samples for epoch 173, ratio 0.1
=====> Saving current model and best model
balance: False
selecting samples for epoch 174, ratio 0.1
=====> Saving current model and best model
balance: False
selecting samples for epoch 175, ratio 0.1
=====> Saving current model and best model
balance: False
selecting samples for epoch 176, ratio 0.1
=====> Saving current model and best model
balance: False
selecting samples for epoch 177, ratio 0.1
=====> Saving current model and best model
balance: False
selecting samples for epoch 178, ratio 0.1
=====> Saving current model and best model
balance: False
selecting samples for epoch 179, ratio 0.1
=====> Saving current model and best model
balance: False
selecting samples for epoch 180, ratio 0.1
=====> Saving current model and best model
balance: False
selecting samples for epoch 181, ratio 0.1
=====> Epoch: 181/300, Total_step: 8507, lr: 0.001000, Total Time: 4607.0329 s, Time this epoch: 16.9676 s
=====> Epoch: 181/300, Train Loss (train loader labels): 2729113288704.0000, Train acc (train loader labels): 0.3375, Best val acc: 0.3977, Current val acc: 0.3320, Val Loss: 2750180753408.0000
=====> Saving current model and best model
balance: False
selecting samples for epoch 182, ratio 0.1
=====> Saving current model and best model
balance: False
selecting samples for epoch 183, ratio 0.1
=====> Saving current model and best model
balance: False
selecting samples for epoch 184, ratio 0.1
=====> Saving current model and best model
balance: False
selecting samples for epoch 185, ratio 0.1
=====> Saving current model and best model
balance: False
selecting samples for epoch 186, ratio 0.1
=====> Saving current model and best model
balance: False
selecting samples for epoch 187, ratio 0.1
=====> Saving current model and best model
balance: False
selecting samples for epoch 188, ratio 0.1
=====> Saving current model and best model
balance: False
selecting samples for epoch 189, ratio 0.1
=====> Saving current model and best model
balance: False
selecting samples for epoch 190, ratio 0.1
=====> Saving current model and best model
balance: False
selecting samples for epoch 191, ratio 0.1
=====> Saving current model and best model
balance: False
selecting samples for epoch 192, ratio 0.1
=====> Saving current model and best model
balance: False
selecting samples for epoch 193, ratio 0.1
=====> Saving current model and best model
balance: False
selecting samples for epoch 194, ratio 0.1
=====> Saving current model and best model
balance: False
selecting samples for epoch 195, ratio 0.1
=====> Saving current model and best model
balance: False
selecting samples for epoch 196, ratio 0.1
=====> Epoch: 196/300, Total_step: 9212, lr: 0.001000, Total Time: 4912.8934 s, Time this epoch: 16.9557 s
=====> Epoch: 196/300, Train Loss (train loader labels): 18787583655936.0000, Train acc (train loader labels): 0.3041, Best val acc: 0.3977, Current val acc: 0.2910, Val Loss: 19775363219456.0000
=====> Saving current model and best model
balance: False
selecting samples for epoch 197, ratio 0.1
=====> Saving current model and best model
balance: False
selecting samples for epoch 198, ratio 0.1
=====> Saving current model and best model
balance: False
selecting samples for epoch 199, ratio 0.1
=====> Saving current model and best model
balance: False
selecting samples for epoch 200, ratio 0.1
=====> Saving current model and best model
balance: False
selecting samples for epoch 201, ratio 0.1
=====> Saving current model and best model
balance: False
selecting samples for epoch 202, ratio 0.1
=====> Saving current model and best model
balance: False
selecting samples for epoch 203, ratio 0.1
=====> Saving current model and best model
balance: False
selecting samples for epoch 204, ratio 0.1
=====> Saving current model and best model
balance: False
selecting samples for epoch 205, ratio 0.1
=====> Saving current model and best model
balance: False
selecting samples for epoch 206, ratio 0.1
=====> Saving current model and best model
balance: False
selecting samples for epoch 207, ratio 0.1
=====> Saving current model and best model
balance: False
selecting samples for epoch 208, ratio 0.1
=====> Saving current model and best model
balance: False
selecting samples for epoch 209, ratio 0.1
=====> Saving current model and best model
balance: False
selecting samples for epoch 210, ratio 0.1
=====> Saving current model and best model
balance: False
selecting samples for epoch 211, ratio 0.1
=====> Epoch: 211/300, Total_step: 9917, lr: 0.001000, Total Time: 5219.8909 s, Time this epoch: 16.9805 s
=====> Epoch: 211/300, Train Loss (train loader labels): 1510465208320.0000, Train acc (train loader labels): 0.3539, Best val acc: 0.3977, Current val acc: 0.3513, Val Loss: 1475860889600.0000
=====> Saving current model and best model
balance: False
selecting samples for epoch 212, ratio 0.1
=====> Saving current model and best model
balance: False
selecting samples for epoch 213, ratio 0.1
=====> Saving current model and best model
balance: False
selecting samples for epoch 214, ratio 0.1
=====> Saving current model and best model
balance: False
selecting samples for epoch 215, ratio 0.1
=====> Saving current model and best model
balance: False
selecting samples for epoch 216, ratio 0.1
=====> Saving current model and best model
balance: False
selecting samples for epoch 217, ratio 0.1
=====> Saving current model and best model
balance: False
selecting samples for epoch 218, ratio 0.1
=====> Saving current model and best model
balance: False
selecting samples for epoch 219, ratio 0.1
=====> Saving current model and best model
balance: False
selecting samples for epoch 220, ratio 0.1
=====> Saving current model and best model
balance: False
selecting samples for epoch 221, ratio 0.1
=====> Saving current model and best model
balance: False
selecting samples for epoch 222, ratio 0.1
=====> Saving current model and best model
balance: False
selecting samples for epoch 223, ratio 0.1
=====> Saving current model and best model
balance: False
selecting samples for epoch 224, ratio 0.1
=====> Saving current model and best model
balance: False
selecting samples for epoch 225, ratio 0.1
=====> Saving current model and best model
balance: False
selecting samples for epoch 226, ratio 0.1
=====> Epoch: 226/300, Total_step: 10622, lr: 0.001000, Total Time: 5524.9871 s, Time this epoch: 16.9155 s
=====> Epoch: 226/300, Train Loss (train loader labels): 2533897011200.0000, Train acc (train loader labels): 0.3079, Best val acc: 0.3977, Current val acc: 0.3017, Val Loss: 2575974268928.0000
=====> Saving current model and best model
balance: False
selecting samples for epoch 227, ratio 0.1
=====> Saving current model and best model
balance: False
selecting samples for epoch 228, ratio 0.1
=====> Saving current model and best model
balance: False
selecting samples for epoch 229, ratio 0.1
=====> Saving current model and best model
balance: False
selecting samples for epoch 230, ratio 0.1
=====> Saving current model and best model
balance: False
selecting samples for epoch 231, ratio 0.1
=====> Saving current model and best model
balance: False
selecting samples for epoch 232, ratio 0.1
=====> Saving current model and best model
balance: False
selecting samples for epoch 233, ratio 0.1
=====> Saving current model and best model
balance: False
selecting samples for epoch 234, ratio 0.1
=====> Saving current model and best model
balance: False
selecting samples for epoch 235, ratio 0.1
=====> Saving current model and best model
balance: False
selecting samples for epoch 236, ratio 0.1
=====> Saving current model and best model
balance: False
selecting samples for epoch 237, ratio 0.1
=====> Saving current model and best model
balance: False
selecting samples for epoch 238, ratio 0.1
=====> Saving current model and best model
balance: False
selecting samples for epoch 239, ratio 0.1
=====> Saving current model and best model
balance: False
selecting samples for epoch 240, ratio 0.1
=====> Saving current model and best model
balance: False
selecting samples for epoch 241, ratio 0.1
=====> Epoch: 241/300, Total_step: 11327, lr: 0.001000, Total Time: 5830.4597 s, Time this epoch: 16.9850 s
=====> Epoch: 241/300, Train Loss (train loader labels): 1663342870528.0000, Train acc (train loader labels): 0.3247, Best val acc: 0.3977, Current val acc: 0.3327, Val Loss: 1671937654784.0000
=====> Saving current model and best model
balance: False
selecting samples for epoch 242, ratio 0.1
=====> Saving current model and best model
balance: False
selecting samples for epoch 243, ratio 0.1
=====> Saving current model and best model
balance: False
selecting samples for epoch 244, ratio 0.1
=====> Saving current model and best model
balance: False
selecting samples for epoch 245, ratio 0.1
=====> Saving current model and best model
balance: False
selecting samples for epoch 246, ratio 0.1
=====> Saving current model and best model
balance: False
selecting samples for epoch 247, ratio 0.1
=====> Saving current model and best model
balance: False
selecting samples for epoch 248, ratio 0.1
=====> Saving current model and best model
balance: False
selecting samples for epoch 249, ratio 0.1
=====> Saving current model and best model
balance: False
selecting samples for epoch 250, ratio 0.1
=====> Saving current model and best model
balance: False
selecting samples for epoch 251, ratio 0.1
=====> Saving current model and best model
balance: False
selecting samples for epoch 252, ratio 0.1
=====> Saving current model and best model
balance: False
selecting samples for epoch 253, ratio 0.1
=====> Saving current model and best model
balance: False
selecting samples for epoch 254, ratio 0.1
=====> Saving current model and best model
balance: False
selecting samples for epoch 255, ratio 0.1
=====> Saving current model and best model
balance: False
selecting samples for epoch 256, ratio 0.1
=====> Epoch: 256/300, Total_step: 12032, lr: 0.001000, Total Time: 6135.5383 s, Time this epoch: 17.0263 s
=====> Epoch: 256/300, Train Loss (train loader labels): 2265951240192.0000, Train acc (train loader labels): 0.3658, Best val acc: 0.3977, Current val acc: 0.3663, Val Loss: 2190383251456.0000
=====> Saving current model and best model
balance: False
selecting samples for epoch 257, ratio 0.1
=====> Saving current model and best model
balance: False
selecting samples for epoch 258, ratio 0.1
=====> Saving current model and best model
balance: False
selecting samples for epoch 259, ratio 0.1
=====> Saving current model and best model
balance: False
selecting samples for epoch 260, ratio 0.1
=====> Saving current model and best model
balance: False
selecting samples for epoch 261, ratio 0.1
=====> Saving current model and best model
balance: False
selecting samples for epoch 262, ratio 0.1
=====> Saving current model and best model
balance: False
selecting samples for epoch 263, ratio 0.1
=====> Saving current model and best model
balance: False
selecting samples for epoch 264, ratio 0.1
=====> Saving current model and best model
balance: False
selecting samples for epoch 265, ratio 0.1
=====> Saving current model and best model
balance: False
selecting samples for epoch 266, ratio 0.1
=====> Saving current model and best model
balance: False
selecting samples for epoch 267, ratio 0.1
=====> Saving current model and best model
balance: False
selecting samples for epoch 268, ratio 0.1
=====> Saving current model and best model
balance: False
selecting samples for epoch 269, ratio 0.1
=====> Saving current model and best model
balance: False
selecting samples for epoch 270, ratio 0.1
=====> Saving current model and best model
balance: False
selecting samples for epoch 271, ratio 0.1
=====> Epoch: 271/300, Total_step: 12737, lr: 0.001000, Total Time: 6441.7159 s, Time this epoch: 17.1230 s
=====> Epoch: 271/300, Train Loss (train loader labels): 931484139520.0000, Train acc (train loader labels): 0.3627, Best val acc: 0.3977, Current val acc: 0.3757, Val Loss: 881151180800.0000
=====> Saving current model and best model
balance: False
selecting samples for epoch 272, ratio 0.1
=====> Saving current model and best model
balance: False
selecting samples for epoch 273, ratio 0.1
=====> Saving current model and best model
balance: False
selecting samples for epoch 274, ratio 0.1
=====> Saving current model and best model
balance: False
selecting samples for epoch 275, ratio 0.1
=====> Saving current model and best model
balance: False
selecting samples for epoch 276, ratio 0.1
=====> Saving current model and best model
balance: False
selecting samples for epoch 277, ratio 0.1
=====> Saving current model and best model
balance: False
selecting samples for epoch 278, ratio 0.1
=====> Saving current model and best model
balance: False
selecting samples for epoch 279, ratio 0.1
=====> Saving current model and best model
balance: False
selecting samples for epoch 280, ratio 0.1
=====> Saving current model and best model
balance: False
selecting samples for epoch 281, ratio 0.1
=====> Saving current model and best model
balance: False
selecting samples for epoch 282, ratio 0.1
=====> Saving current model and best model
balance: False
selecting samples for epoch 283, ratio 0.1
=====> Saving current model and best model
balance: False
selecting samples for epoch 284, ratio 0.1
=====> Saving current model and best model
balance: False
selecting samples for epoch 285, ratio 0.1
=====> Saving current model and best model
balance: False
selecting samples for epoch 286, ratio 0.1
=====> Epoch: 286/300, Total_step: 13442, lr: 0.001000, Total Time: 6747.5099 s, Time this epoch: 17.0119 s
=====> Epoch: 286/300, Train Loss (train loader labels): 418050277376.0000, Train acc (train loader labels): 0.3175, Best val acc: 0.3977, Current val acc: 0.3177, Val Loss: 436874543104.0000
=====> Saving current model and best model
balance: False
selecting samples for epoch 287, ratio 0.1
=====> Saving current model and best model
balance: False
selecting samples for epoch 288, ratio 0.1
=====> Saving current model and best model
balance: False
selecting samples for epoch 289, ratio 0.1
=====> Saving current model and best model
balance: False
selecting samples for epoch 290, ratio 0.1
=====> Saving current model and best model
balance: False
selecting samples for epoch 291, ratio 0.1
=====> Saving current model and best model
balance: False
selecting samples for epoch 292, ratio 0.1
=====> Saving current model and best model
balance: False
selecting samples for epoch 293, ratio 0.1
=====> Saving current model and best model
balance: False
selecting samples for epoch 294, ratio 0.1
=====> Saving current model and best model
balance: False
selecting samples for epoch 295, ratio 0.1
=====> Saving current model and best model
balance: False
selecting samples for epoch 296, ratio 0.1
=====> Saving current model and best model
balance: False
selecting samples for epoch 297, ratio 0.1
=====> Saving current model and best model
balance: False
selecting samples for epoch 298, ratio 0.1
=====> Saving current model and best model
balance: False
selecting samples for epoch 299, ratio 0.1
=====> Saving current model and best model
balance: False
selecting samples for epoch 300, ratio 0.1
=====> Epoch: 300/300, Total_step: 14100, lr: 0.001000, Total Time: 7031.0959 s, Time this epoch: 17.0012 s
=====> Epoch: 300/300, Train Loss (train loader labels): 128331227136.0000, Train acc (train loader labels): 0.3555, Best val acc: 0.3977, Current val acc: 0.3440, Val Loss: 136585281536.0000
=====> Saving current model and best model
Saved helper snapshots to /home/mward19/Documents/miller/Online-Batch-Selection/snapshots/CIFAR3/{"bsel":"RhoLoss","seed":1,"model":"DeepLinear","opt":"adamw","bs":320,"ratio":0.1,"lr":0.001,"wd":0.01,"layers":36,"hidden_dim":1000}.p
Saved selected points array to /home/mward19/Documents/miller/Online-Batch-Selection/selected_points/CIFAR3/{"bsel":"RhoLoss","seed":1,"model":"DeepLinear","opt":"adamw","bs":320,"ratio":0.1,"lr":0.001,"wd":0.01,"layers":36,"hidden_dim":1000}.npy
========================= End Main =========================
