save_dir: ./exp/CIFAR3/RhoLoss_deeplinear_bs320_ep300_lr0.001_AdamW_constant_seed3_r0.1_8_hidden
=====> Loading config files: 
configs/cifar3/method/rholoss-0.1.yaml
configs/cifar3/data/cifar3.yaml
configs/cifar3/model/deep_linear_saxe/deep_linear_8.yaml
configs/cifar3/optim/adamw-320-0.001-0.01.yaml
configs/diagnostics/snapshots_log_interval.yaml
=====> Config files loaded.
========================= Start Main =========================
=====> Saving config file
=====> Config file saved
=====> Using fixed random seed: 3
=====> Wandb initialized
=====> Number of GPUs: 1
Creating RhoLoss...
Cached irreducible losses for 15000 samples in dataset.
=====> Start teacher Validation
=====> teacher Test Accuracy: 0.7280
Begin training for RhoLoss...
=====> Epoch: 0/300, Total_step: 0, lr: 0.001000, Total Time: 0.0000 s, Time this epoch: 0.0000 s
=====> Epoch: 0/300, Train Loss (train loader labels): 1.0988, Train acc (train loader labels): 0.3333, Best val acc: 0.3337, Current val acc: 0.3337, Val Loss: 1.0988
balance: False
selecting samples for epoch 1, ratio 0.1
=====> Epoch: 1/300, Total_step: 1, lr: 0.001000, Total Time: 0.0000 s, Time this epoch: 0.0000 s
=====> Epoch: 1/300, Train Loss (train loader labels): 1.2086, Train acc (train loader labels): 0.3657, Best val acc: 0.3703, Current val acc: 0.3703, Val Loss: 1.2162
=====> Epoch: 1/300, Total_step: 12, lr: 0.001000, Total Time: 0.0000 s, Time this epoch: 0.0000 s
=====> Epoch: 1/300, Train Loss (train loader labels): 6.7651, Train acc (train loader labels): 0.3345, Best val acc: 0.3703, Current val acc: 0.3577, Val Loss: 6.2911
=====> Epoch: 1/300, Total_step: 23, lr: 0.001000, Total Time: 0.0000 s, Time this epoch: 0.0000 s
=====> Epoch: 1/300, Train Loss (train loader labels): 1.8209, Train acc (train loader labels): 0.3423, Best val acc: 0.3703, Current val acc: 0.3613, Val Loss: 1.7149
=====> Epoch: 1/300, Total_step: 34, lr: 0.001000, Total Time: 0.0000 s, Time this epoch: 0.0000 s
=====> Epoch: 1/300, Train Loss (train loader labels): 1.1375, Train acc (train loader labels): 0.3239, Best val acc: 0.3703, Current val acc: 0.3367, Val Loss: 1.1315
=====> Epoch: 1/300, Total_step: 45, lr: 0.001000, Total Time: 0.0000 s, Time this epoch: 0.0000 s
=====> Epoch: 1/300, Train Loss (train loader labels): 1.1160, Train acc (train loader labels): 0.2910, Best val acc: 0.3703, Current val acc: 0.3020, Val Loss: 1.1151
=====> Saving current model and best model
balance: False
selecting samples for epoch 2, ratio 0.1
=====> Epoch: 2/300, Total_step: 48, lr: 0.001000, Total Time: 123.2869 s, Time this epoch: 105.0276 s
=====> Epoch: 2/300, Train Loss (train loader labels): 1.1046, Train acc (train loader labels): 0.3127, Best val acc: 0.3703, Current val acc: 0.3290, Val Loss: 1.1042
=====> Epoch: 2/300, Total_step: 59, lr: 0.001000, Total Time: 123.2869 s, Time this epoch: 105.0276 s
=====> Epoch: 2/300, Train Loss (train loader labels): 1.0943, Train acc (train loader labels): 0.3716, Best val acc: 0.3703, Current val acc: 0.3680, Val Loss: 1.0933
=====> Epoch: 2/300, Total_step: 70, lr: 0.001000, Total Time: 123.2869 s, Time this epoch: 105.0276 s
=====> Epoch: 2/300, Train Loss (train loader labels): 1.0871, Train acc (train loader labels): 0.4025, Best val acc: 0.4150, Current val acc: 0.4150, Val Loss: 1.0844
=====> Epoch: 2/300, Total_step: 81, lr: 0.001000, Total Time: 123.2869 s, Time this epoch: 105.0276 s
=====> Epoch: 2/300, Train Loss (train loader labels): 1.0932, Train acc (train loader labels): 0.3602, Best val acc: 0.4150, Current val acc: 0.3597, Val Loss: 1.0929
=====> Epoch: 2/300, Total_step: 92, lr: 0.001000, Total Time: 123.2869 s, Time this epoch: 105.0276 s
=====> Epoch: 2/300, Train Loss (train loader labels): 1.0865, Train acc (train loader labels): 0.4048, Best val acc: 0.4150, Current val acc: 0.3993, Val Loss: 1.0867
=====> Saving current model and best model
balance: False
selecting samples for epoch 3, ratio 0.1
=====> Epoch: 3/300, Total_step: 95, lr: 0.001000, Total Time: 228.9332 s, Time this epoch: 105.2408 s
=====> Epoch: 3/300, Train Loss (train loader labels): 1.0854, Train acc (train loader labels): 0.3944, Best val acc: 0.4150, Current val acc: 0.3983, Val Loss: 1.0843
=====> Epoch: 3/300, Total_step: 106, lr: 0.001000, Total Time: 228.9332 s, Time this epoch: 105.2408 s
=====> Epoch: 3/300, Train Loss (train loader labels): 1.0831, Train acc (train loader labels): 0.4161, Best val acc: 0.4180, Current val acc: 0.4180, Val Loss: 1.0820
=====> Epoch: 3/300, Total_step: 117, lr: 0.001000, Total Time: 228.9332 s, Time this epoch: 105.2408 s
=====> Epoch: 3/300, Train Loss (train loader labels): 1.0855, Train acc (train loader labels): 0.3881, Best val acc: 0.4180, Current val acc: 0.3873, Val Loss: 1.0832
=====> Epoch: 3/300, Total_step: 128, lr: 0.001000, Total Time: 228.9332 s, Time this epoch: 105.2408 s
=====> Epoch: 3/300, Train Loss (train loader labels): 1.0837, Train acc (train loader labels): 0.4078, Best val acc: 0.4180, Current val acc: 0.4073, Val Loss: 1.0824
=====> Epoch: 3/300, Total_step: 139, lr: 0.001000, Total Time: 228.9332 s, Time this epoch: 105.2408 s
=====> Epoch: 3/300, Train Loss (train loader labels): 1.0850, Train acc (train loader labels): 0.3817, Best val acc: 0.4180, Current val acc: 0.3843, Val Loss: 1.0830
=====> Saving current model and best model
balance: False
selecting samples for epoch 4, ratio 0.1
=====> Epoch: 4/300, Total_step: 142, lr: 0.001000, Total Time: 333.7257 s, Time this epoch: 104.4506 s
=====> Epoch: 4/300, Train Loss (train loader labels): 1.0825, Train acc (train loader labels): 0.3957, Best val acc: 0.4180, Current val acc: 0.3987, Val Loss: 1.0814
=====> Epoch: 4/300, Total_step: 153, lr: 0.001000, Total Time: 333.7257 s, Time this epoch: 104.4506 s
=====> Epoch: 4/300, Train Loss (train loader labels): 1.0838, Train acc (train loader labels): 0.3953, Best val acc: 0.4180, Current val acc: 0.3997, Val Loss: 1.0821
=====> Epoch: 4/300, Total_step: 164, lr: 0.001000, Total Time: 333.7257 s, Time this epoch: 104.4506 s
=====> Epoch: 4/300, Train Loss (train loader labels): 1.0779, Train acc (train loader labels): 0.4292, Best val acc: 0.4263, Current val acc: 0.4263, Val Loss: 1.0770
=====> Epoch: 4/300, Total_step: 175, lr: 0.001000, Total Time: 333.7257 s, Time this epoch: 104.4506 s
=====> Epoch: 4/300, Train Loss (train loader labels): 1.0819, Train acc (train loader labels): 0.3984, Best val acc: 0.4263, Current val acc: 0.4017, Val Loss: 1.0807
=====> Epoch: 4/300, Total_step: 186, lr: 0.001000, Total Time: 333.7257 s, Time this epoch: 104.4506 s
=====> Epoch: 4/300, Train Loss (train loader labels): 1.0829, Train acc (train loader labels): 0.4041, Best val acc: 0.4263, Current val acc: 0.4123, Val Loss: 1.0817
=====> Saving current model and best model
balance: False
selecting samples for epoch 5, ratio 0.1
=====> Epoch: 5/300, Total_step: 189, lr: 0.001000, Total Time: 438.9156 s, Time this epoch: 104.8444 s
=====> Epoch: 5/300, Train Loss (train loader labels): 1.0820, Train acc (train loader labels): 0.4036, Best val acc: 0.4263, Current val acc: 0.3997, Val Loss: 1.0810
=====> Epoch: 5/300, Total_step: 200, lr: 0.001000, Total Time: 438.9156 s, Time this epoch: 104.8444 s
=====> Epoch: 5/300, Train Loss (train loader labels): 1.0840, Train acc (train loader labels): 0.3847, Best val acc: 0.4263, Current val acc: 0.3910, Val Loss: 1.0822
=====> Epoch: 5/300, Total_step: 211, lr: 0.001000, Total Time: 438.9156 s, Time this epoch: 104.8444 s
=====> Epoch: 5/300, Train Loss (train loader labels): 1.0812, Train acc (train loader labels): 0.4027, Best val acc: 0.4263, Current val acc: 0.4087, Val Loss: 1.0795
=====> Epoch: 5/300, Total_step: 222, lr: 0.001000, Total Time: 438.9156 s, Time this epoch: 104.8444 s
=====> Epoch: 5/300, Train Loss (train loader labels): 1.0778, Train acc (train loader labels): 0.4315, Best val acc: 0.4270, Current val acc: 0.4270, Val Loss: 1.0769
=====> Epoch: 5/300, Total_step: 233, lr: 0.001000, Total Time: 438.9156 s, Time this epoch: 104.8444 s
=====> Epoch: 5/300, Train Loss (train loader labels): 1.0813, Train acc (train loader labels): 0.4151, Best val acc: 0.4270, Current val acc: 0.4143, Val Loss: 1.0793
=====> Saving current model and best model
balance: False
selecting samples for epoch 6, ratio 0.1
=====> Epoch: 6/300, Total_step: 282, lr: 0.001000, Total Time: 544.5604 s, Time this epoch: 105.3307 s
=====> Epoch: 6/300, Train Loss (train loader labels): 1.0774, Train acc (train loader labels): 0.4251, Best val acc: 0.4297, Current val acc: 0.4297, Val Loss: 1.0756
=====> Saving current model and best model
balance: False
selecting samples for epoch 7, ratio 0.1
=====> Epoch: 7/300, Total_step: 329, lr: 0.001000, Total Time: 580.0775 s, Time this epoch: 35.0606 s
=====> Epoch: 7/300, Train Loss (train loader labels): 1.0815, Train acc (train loader labels): 0.4105, Best val acc: 0.4297, Current val acc: 0.4137, Val Loss: 1.0802
=====> Saving current model and best model
balance: False
selecting samples for epoch 8, ratio 0.1
=====> Epoch: 8/300, Total_step: 376, lr: 0.001000, Total Time: 615.6374 s, Time this epoch: 34.9402 s
=====> Epoch: 8/300, Train Loss (train loader labels): 1.0808, Train acc (train loader labels): 0.4107, Best val acc: 0.4297, Current val acc: 0.4177, Val Loss: 1.0789
=====> Saving current model and best model
balance: False
selecting samples for epoch 9, ratio 0.1
=====> Epoch: 9/300, Total_step: 423, lr: 0.001000, Total Time: 651.0323 s, Time this epoch: 35.0654 s
=====> Epoch: 9/300, Train Loss (train loader labels): 1.0779, Train acc (train loader labels): 0.4246, Best val acc: 0.4297, Current val acc: 0.4263, Val Loss: 1.0768
=====> Saving current model and best model
balance: False
selecting samples for epoch 10, ratio 0.1
=====> Epoch: 10/300, Total_step: 470, lr: 0.001000, Total Time: 686.5117 s, Time this epoch: 35.1144 s
=====> Epoch: 10/300, Train Loss (train loader labels): 1.0745, Train acc (train loader labels): 0.4411, Best val acc: 0.4477, Current val acc: 0.4477, Val Loss: 1.0728
=====> Saving current model and best model
balance: False
selecting samples for epoch 11, ratio 0.1
=====> Epoch: 11/300, Total_step: 517, lr: 0.001000, Total Time: 721.8589 s, Time this epoch: 35.0098 s
=====> Epoch: 11/300, Train Loss (train loader labels): 1.0808, Train acc (train loader labels): 0.4041, Best val acc: 0.4477, Current val acc: 0.4167, Val Loss: 1.0793
=====> Saving current model and best model
balance: False
selecting samples for epoch 12, ratio 0.1
=====> Epoch: 12/300, Total_step: 564, lr: 0.001000, Total Time: 758.4877 s, Time this epoch: 35.0109 s
=====> Epoch: 12/300, Train Loss (train loader labels): 1.0810, Train acc (train loader labels): 0.4025, Best val acc: 0.4477, Current val acc: 0.4093, Val Loss: 1.0792
=====> Saving current model and best model
balance: False
selecting samples for epoch 13, ratio 0.1
=====> Epoch: 13/300, Total_step: 611, lr: 0.001000, Total Time: 794.1290 s, Time this epoch: 35.2585 s
=====> Epoch: 13/300, Train Loss (train loader labels): 1.0804, Train acc (train loader labels): 0.4073, Best val acc: 0.4477, Current val acc: 0.4173, Val Loss: 1.0789
=====> Saving current model and best model
balance: False
selecting samples for epoch 14, ratio 0.1
=====> Epoch: 14/300, Total_step: 658, lr: 0.001000, Total Time: 829.7982 s, Time this epoch: 35.2226 s
=====> Epoch: 14/300, Train Loss (train loader labels): 1.0780, Train acc (train loader labels): 0.4224, Best val acc: 0.4477, Current val acc: 0.4317, Val Loss: 1.0759
=====> Saving current model and best model
balance: False
selecting samples for epoch 15, ratio 0.1
=====> Epoch: 15/300, Total_step: 705, lr: 0.001000, Total Time: 865.3098 s, Time this epoch: 35.1122 s
=====> Epoch: 15/300, Train Loss (train loader labels): 1.0789, Train acc (train loader labels): 0.4159, Best val acc: 0.4477, Current val acc: 0.4257, Val Loss: 1.0772
=====> Saving current model and best model
balance: False
selecting samples for epoch 16, ratio 0.1
=====> Epoch: 16/300, Total_step: 752, lr: 0.001000, Total Time: 900.6904 s, Time this epoch: 34.9409 s
=====> Epoch: 16/300, Train Loss (train loader labels): 1.0828, Train acc (train loader labels): 0.3997, Best val acc: 0.4477, Current val acc: 0.4083, Val Loss: 1.0812
=====> Saving current model and best model
balance: False
selecting samples for epoch 17, ratio 0.1
=====> Epoch: 17/300, Total_step: 799, lr: 0.001000, Total Time: 936.1997 s, Time this epoch: 35.0793 s
=====> Epoch: 17/300, Train Loss (train loader labels): 1.0775, Train acc (train loader labels): 0.4262, Best val acc: 0.4477, Current val acc: 0.4333, Val Loss: 1.0754
=====> Saving current model and best model
balance: False
selecting samples for epoch 18, ratio 0.1
=====> Epoch: 18/300, Total_step: 846, lr: 0.001000, Total Time: 971.7883 s, Time this epoch: 35.1157 s
=====> Epoch: 18/300, Train Loss (train loader labels): 1.0802, Train acc (train loader labels): 0.4333, Best val acc: 0.4477, Current val acc: 0.4477, Val Loss: 1.0779
=====> Saving current model and best model
balance: False
selecting samples for epoch 19, ratio 0.1
=====> Epoch: 19/300, Total_step: 893, lr: 0.001000, Total Time: 1007.2161 s, Time this epoch: 34.9684 s
=====> Epoch: 19/300, Train Loss (train loader labels): 1.0794, Train acc (train loader labels): 0.4204, Best val acc: 0.4477, Current val acc: 0.4247, Val Loss: 1.0783
=====> Saving current model and best model
balance: False
selecting samples for epoch 20, ratio 0.1
=====> Epoch: 20/300, Total_step: 940, lr: 0.001000, Total Time: 1043.0234 s, Time this epoch: 35.3910 s
=====> Epoch: 20/300, Train Loss (train loader labels): 1.0785, Train acc (train loader labels): 0.4181, Best val acc: 0.4477, Current val acc: 0.4287, Val Loss: 1.0766
=====> Saving current model and best model
balance: False
selecting samples for epoch 21, ratio 0.1
=====> Epoch: 21/300, Total_step: 987, lr: 0.001000, Total Time: 1078.4827 s, Time this epoch: 35.0363 s
=====> Epoch: 21/300, Train Loss (train loader labels): 1.0796, Train acc (train loader labels): 0.4182, Best val acc: 0.4477, Current val acc: 0.4253, Val Loss: 1.0786
=====> Saving current model and best model
balance: False
selecting samples for epoch 22, ratio 0.1
=====> Epoch: 22/300, Total_step: 1034, lr: 0.001000, Total Time: 1114.0297 s, Time this epoch: 35.1129 s
=====> Epoch: 22/300, Train Loss (train loader labels): 1.0797, Train acc (train loader labels): 0.4087, Best val acc: 0.4477, Current val acc: 0.4200, Val Loss: 1.0777
=====> Saving current model and best model
balance: False
selecting samples for epoch 23, ratio 0.1
=====> Epoch: 23/300, Total_step: 1081, lr: 0.001000, Total Time: 1149.4413 s, Time this epoch: 35.0391 s
=====> Epoch: 23/300, Train Loss (train loader labels): 1.0772, Train acc (train loader labels): 0.4256, Best val acc: 0.4477, Current val acc: 0.4290, Val Loss: 1.0759
=====> Saving current model and best model
balance: False
selecting samples for epoch 24, ratio 0.1
=====> Epoch: 24/300, Total_step: 1128, lr: 0.001000, Total Time: 1184.8425 s, Time this epoch: 35.0378 s
=====> Epoch: 24/300, Train Loss (train loader labels): 1.0847, Train acc (train loader labels): 0.3812, Best val acc: 0.4477, Current val acc: 0.3873, Val Loss: 1.0833
=====> Saving current model and best model
balance: False
selecting samples for epoch 25, ratio 0.1
=====> Epoch: 25/300, Total_step: 1175, lr: 0.001000, Total Time: 1220.2642 s, Time this epoch: 35.0032 s
=====> Epoch: 25/300, Train Loss (train loader labels): 1.0796, Train acc (train loader labels): 0.4155, Best val acc: 0.4477, Current val acc: 0.4197, Val Loss: 1.0782
=====> Saving current model and best model
balance: False
selecting samples for epoch 26, ratio 0.1
=====> Epoch: 26/300, Total_step: 1222, lr: 0.001000, Total Time: 1255.7353 s, Time this epoch: 35.1060 s
=====> Epoch: 26/300, Train Loss (train loader labels): 1.0792, Train acc (train loader labels): 0.4075, Best val acc: 0.4477, Current val acc: 0.4170, Val Loss: 1.0775
=====> Saving current model and best model
balance: False
selecting samples for epoch 27, ratio 0.1
=====> Saving current model and best model
balance: False
selecting samples for epoch 28, ratio 0.1
=====> Saving current model and best model
balance: False
selecting samples for epoch 29, ratio 0.1
=====> Epoch: 29/300, Total_step: 1363, lr: 0.001000, Total Time: 1325.5964 s, Time this epoch: 16.7879 s
=====> Epoch: 29/300, Train Loss (train loader labels): 1.0790, Train acc (train loader labels): 0.4119, Best val acc: 0.4477, Current val acc: 0.4203, Val Loss: 1.0772
=====> Saving current model and best model
balance: False
selecting samples for epoch 30, ratio 0.1
=====> Saving current model and best model
balance: False
selecting samples for epoch 31, ratio 0.1
=====> Saving current model and best model
balance: False
selecting samples for epoch 32, ratio 0.1
=====> Saving current model and best model
balance: False
selecting samples for epoch 33, ratio 0.1
=====> Epoch: 33/300, Total_step: 1551, lr: 0.001000, Total Time: 1413.1369 s, Time this epoch: 16.9011 s
=====> Epoch: 33/300, Train Loss (train loader labels): 1.0814, Train acc (train loader labels): 0.3869, Best val acc: 0.4477, Current val acc: 0.4000, Val Loss: 1.0800
=====> Saving current model and best model
balance: False
selecting samples for epoch 34, ratio 0.1
=====> Saving current model and best model
balance: False
selecting samples for epoch 35, ratio 0.1
=====> Saving current model and best model
balance: False
selecting samples for epoch 36, ratio 0.1
=====> Saving current model and best model
balance: False
selecting samples for epoch 37, ratio 0.1
=====> Epoch: 37/300, Total_step: 1739, lr: 0.001000, Total Time: 1500.5565 s, Time this epoch: 16.7426 s
=====> Epoch: 37/300, Train Loss (train loader labels): 1.0795, Train acc (train loader labels): 0.4111, Best val acc: 0.4477, Current val acc: 0.4100, Val Loss: 1.0780
=====> Saving current model and best model
balance: False
selecting samples for epoch 38, ratio 0.1
=====> Saving current model and best model
balance: False
selecting samples for epoch 39, ratio 0.1
=====> Saving current model and best model
balance: False
selecting samples for epoch 40, ratio 0.1
=====> Saving current model and best model
balance: False
selecting samples for epoch 41, ratio 0.1
=====> Epoch: 41/300, Total_step: 1927, lr: 0.001000, Total Time: 1587.6968 s, Time this epoch: 16.7525 s
=====> Epoch: 41/300, Train Loss (train loader labels): 1.0812, Train acc (train loader labels): 0.4066, Best val acc: 0.4477, Current val acc: 0.4250, Val Loss: 1.0788
=====> Saving current model and best model
balance: False
selecting samples for epoch 42, ratio 0.1
=====> Saving current model and best model
balance: False
selecting samples for epoch 43, ratio 0.1
=====> Saving current model and best model
balance: False
selecting samples for epoch 44, ratio 0.1
=====> Saving current model and best model
balance: False
selecting samples for epoch 45, ratio 0.1
=====> Epoch: 45/300, Total_step: 2115, lr: 0.001000, Total Time: 1675.0666 s, Time this epoch: 16.7432 s
=====> Epoch: 45/300, Train Loss (train loader labels): 1.0812, Train acc (train loader labels): 0.3951, Best val acc: 0.4477, Current val acc: 0.4077, Val Loss: 1.0794
=====> Saving current model and best model
balance: False
selecting samples for epoch 46, ratio 0.1
=====> Saving current model and best model
balance: False
selecting samples for epoch 47, ratio 0.1
=====> Saving current model and best model
balance: False
selecting samples for epoch 48, ratio 0.1
=====> Saving current model and best model
balance: False
selecting samples for epoch 49, ratio 0.1
=====> Epoch: 49/300, Total_step: 2303, lr: 0.001000, Total Time: 1762.1615 s, Time this epoch: 16.7632 s
=====> Epoch: 49/300, Train Loss (train loader labels): 1.0819, Train acc (train loader labels): 0.3929, Best val acc: 0.4477, Current val acc: 0.4067, Val Loss: 1.0803
=====> Saving current model and best model
balance: False
selecting samples for epoch 50, ratio 0.1
=====> Saving current model and best model
balance: False
selecting samples for epoch 51, ratio 0.1
=====> Saving current model and best model
balance: False
selecting samples for epoch 52, ratio 0.1
=====> Saving current model and best model
balance: False
selecting samples for epoch 53, ratio 0.1
=====> Epoch: 53/300, Total_step: 2491, lr: 0.001000, Total Time: 1849.7490 s, Time this epoch: 16.7198 s
=====> Epoch: 53/300, Train Loss (train loader labels): 1.0805, Train acc (train loader labels): 0.4008, Best val acc: 0.4477, Current val acc: 0.4110, Val Loss: 1.0793
=====> Saving current model and best model
balance: False
selecting samples for epoch 54, ratio 0.1
=====> Saving current model and best model
balance: False
selecting samples for epoch 55, ratio 0.1
=====> Saving current model and best model
balance: False
selecting samples for epoch 56, ratio 0.1
=====> Saving current model and best model
balance: False
selecting samples for epoch 57, ratio 0.1
=====> Epoch: 57/300, Total_step: 2679, lr: 0.001000, Total Time: 1937.2487 s, Time this epoch: 16.7609 s
=====> Epoch: 57/300, Train Loss (train loader labels): 1.0795, Train acc (train loader labels): 0.4163, Best val acc: 0.4477, Current val acc: 0.4250, Val Loss: 1.0778
=====> Saving current model and best model
balance: False
selecting samples for epoch 58, ratio 0.1
=====> Saving current model and best model
balance: False
selecting samples for epoch 59, ratio 0.1
=====> Saving current model and best model
balance: False
selecting samples for epoch 60, ratio 0.1
=====> Saving current model and best model
balance: False
selecting samples for epoch 61, ratio 0.1
=====> Epoch: 61/300, Total_step: 2867, lr: 0.001000, Total Time: 2024.7299 s, Time this epoch: 16.7486 s
=====> Epoch: 61/300, Train Loss (train loader labels): 1.0795, Train acc (train loader labels): 0.4087, Best val acc: 0.4477, Current val acc: 0.4163, Val Loss: 1.0777
=====> Saving current model and best model
balance: False
selecting samples for epoch 62, ratio 0.1
=====> Saving current model and best model
balance: False
selecting samples for epoch 63, ratio 0.1
=====> Saving current model and best model
balance: False
selecting samples for epoch 64, ratio 0.1
=====> Saving current model and best model
balance: False
selecting samples for epoch 65, ratio 0.1
=====> Epoch: 65/300, Total_step: 3055, lr: 0.001000, Total Time: 2111.8006 s, Time this epoch: 16.6808 s
=====> Epoch: 65/300, Train Loss (train loader labels): 1.0810, Train acc (train loader labels): 0.4167, Best val acc: 0.4477, Current val acc: 0.4210, Val Loss: 1.0789
=====> Saving current model and best model
balance: False
selecting samples for epoch 66, ratio 0.1
=====> Saving current model and best model
balance: False
selecting samples for epoch 67, ratio 0.1
=====> Saving current model and best model
balance: False
selecting samples for epoch 68, ratio 0.1
=====> Saving current model and best model
balance: False
selecting samples for epoch 69, ratio 0.1
=====> Saving current model and best model
balance: False
selecting samples for epoch 70, ratio 0.1
=====> Saving current model and best model
balance: False
selecting samples for epoch 71, ratio 0.1
=====> Saving current model and best model
balance: False
selecting samples for epoch 72, ratio 0.1
=====> Saving current model and best model
balance: False
selecting samples for epoch 73, ratio 0.1
=====> Saving current model and best model
balance: False
selecting samples for epoch 74, ratio 0.1
=====> Saving current model and best model
balance: False
selecting samples for epoch 75, ratio 0.1
=====> Saving current model and best model
balance: False
selecting samples for epoch 76, ratio 0.1
=====> Epoch: 76/300, Total_step: 3572, lr: 0.001000, Total Time: 2319.8442 s, Time this epoch: 16.7830 s
=====> Epoch: 76/300, Train Loss (train loader labels): 1.0793, Train acc (train loader labels): 0.4147, Best val acc: 0.4477, Current val acc: 0.4273, Val Loss: 1.0780
=====> Saving current model and best model
balance: False
selecting samples for epoch 77, ratio 0.1
=====> Saving current model and best model
balance: False
selecting samples for epoch 78, ratio 0.1
=====> Saving current model and best model
balance: False
selecting samples for epoch 79, ratio 0.1
=====> Saving current model and best model
balance: False
selecting samples for epoch 80, ratio 0.1
=====> Saving current model and best model
balance: False
selecting samples for epoch 81, ratio 0.1
=====> Saving current model and best model
balance: False
selecting samples for epoch 82, ratio 0.1
=====> Saving current model and best model
balance: False
selecting samples for epoch 83, ratio 0.1
=====> Saving current model and best model
balance: False
selecting samples for epoch 84, ratio 0.1
=====> Saving current model and best model
balance: False
selecting samples for epoch 85, ratio 0.1
=====> Saving current model and best model
balance: False
selecting samples for epoch 86, ratio 0.1
=====> Saving current model and best model
balance: False
selecting samples for epoch 87, ratio 0.1
=====> Saving current model and best model
balance: False
selecting samples for epoch 88, ratio 0.1
=====> Saving current model and best model
balance: False
selecting samples for epoch 89, ratio 0.1
=====> Saving current model and best model
balance: False
selecting samples for epoch 90, ratio 0.1
=====> Saving current model and best model
balance: False
selecting samples for epoch 91, ratio 0.1
=====> Epoch: 91/300, Total_step: 4277, lr: 0.001000, Total Time: 2595.6485 s, Time this epoch: 16.7353 s
=====> Epoch: 91/300, Train Loss (train loader labels): 1.0780, Train acc (train loader labels): 0.4198, Best val acc: 0.4477, Current val acc: 0.4303, Val Loss: 1.0765
=====> Saving current model and best model
balance: False
selecting samples for epoch 92, ratio 0.1
=====> Saving current model and best model
balance: False
selecting samples for epoch 93, ratio 0.1
=====> Saving current model and best model
balance: False
selecting samples for epoch 94, ratio 0.1
=====> Saving current model and best model
balance: False
selecting samples for epoch 95, ratio 0.1
=====> Saving current model and best model
balance: False
selecting samples for epoch 96, ratio 0.1
=====> Saving current model and best model
balance: False
selecting samples for epoch 97, ratio 0.1
=====> Saving current model and best model
balance: False
selecting samples for epoch 98, ratio 0.1
=====> Saving current model and best model
balance: False
selecting samples for epoch 99, ratio 0.1
=====> Saving current model and best model
balance: False
selecting samples for epoch 100, ratio 0.1
=====> Saving current model and best model
balance: False
selecting samples for epoch 101, ratio 0.1
=====> Saving current model and best model
balance: False
selecting samples for epoch 102, ratio 0.1
=====> Saving current model and best model
balance: False
selecting samples for epoch 103, ratio 0.1
=====> Saving current model and best model
balance: False
selecting samples for epoch 104, ratio 0.1
=====> Saving current model and best model
balance: False
selecting samples for epoch 105, ratio 0.1
=====> Saving current model and best model
balance: False
selecting samples for epoch 106, ratio 0.1
=====> Epoch: 106/300, Total_step: 4982, lr: 0.001000, Total Time: 2871.9234 s, Time this epoch: 16.7079 s
=====> Epoch: 106/300, Train Loss (train loader labels): 1.0802, Train acc (train loader labels): 0.4147, Best val acc: 0.4477, Current val acc: 0.4303, Val Loss: 1.0789
=====> Saving current model and best model
balance: False
selecting samples for epoch 107, ratio 0.1
=====> Saving current model and best model
balance: False
selecting samples for epoch 108, ratio 0.1
=====> Saving current model and best model
balance: False
selecting samples for epoch 109, ratio 0.1
=====> Saving current model and best model
balance: False
selecting samples for epoch 110, ratio 0.1
=====> Saving current model and best model
balance: False
selecting samples for epoch 111, ratio 0.1
=====> Saving current model and best model
balance: False
selecting samples for epoch 112, ratio 0.1
=====> Saving current model and best model
balance: False
selecting samples for epoch 113, ratio 0.1
=====> Saving current model and best model
balance: False
selecting samples for epoch 114, ratio 0.1
=====> Saving current model and best model
balance: False
selecting samples for epoch 115, ratio 0.1
=====> Saving current model and best model
balance: False
selecting samples for epoch 116, ratio 0.1
=====> Saving current model and best model
balance: False
selecting samples for epoch 117, ratio 0.1
=====> Saving current model and best model
balance: False
selecting samples for epoch 118, ratio 0.1
=====> Saving current model and best model
balance: False
selecting samples for epoch 119, ratio 0.1
=====> Saving current model and best model
balance: False
selecting samples for epoch 120, ratio 0.1
=====> Saving current model and best model
balance: False
selecting samples for epoch 121, ratio 0.1
=====> Epoch: 121/300, Total_step: 5687, lr: 0.001000, Total Time: 3148.9172 s, Time this epoch: 16.7800 s
=====> Epoch: 121/300, Train Loss (train loader labels): 1.0849, Train acc (train loader labels): 0.3775, Best val acc: 0.4477, Current val acc: 0.3847, Val Loss: 1.0833
=====> Saving current model and best model
balance: False
selecting samples for epoch 122, ratio 0.1
=====> Saving current model and best model
balance: False
selecting samples for epoch 123, ratio 0.1
=====> Saving current model and best model
balance: False
selecting samples for epoch 124, ratio 0.1
=====> Saving current model and best model
balance: False
selecting samples for epoch 125, ratio 0.1
=====> Saving current model and best model
balance: False
selecting samples for epoch 126, ratio 0.1
=====> Saving current model and best model
balance: False
selecting samples for epoch 127, ratio 0.1
=====> Saving current model and best model
balance: False
selecting samples for epoch 128, ratio 0.1
=====> Saving current model and best model
balance: False
selecting samples for epoch 129, ratio 0.1
=====> Saving current model and best model
balance: False
selecting samples for epoch 130, ratio 0.1
=====> Saving current model and best model
balance: False
selecting samples for epoch 131, ratio 0.1
=====> Saving current model and best model
balance: False
selecting samples for epoch 132, ratio 0.1
=====> Saving current model and best model
balance: False
selecting samples for epoch 133, ratio 0.1
=====> Saving current model and best model
balance: False
selecting samples for epoch 134, ratio 0.1
=====> Saving current model and best model
balance: False
selecting samples for epoch 135, ratio 0.1
=====> Saving current model and best model
balance: False
selecting samples for epoch 136, ratio 0.1
=====> Epoch: 136/300, Total_step: 6392, lr: 0.001000, Total Time: 3426.5153 s, Time this epoch: 16.6981 s
=====> Epoch: 136/300, Train Loss (train loader labels): 1.0812, Train acc (train loader labels): 0.3982, Best val acc: 0.4477, Current val acc: 0.4153, Val Loss: 1.0793
=====> Saving current model and best model
balance: False
selecting samples for epoch 137, ratio 0.1
=====> Saving current model and best model
balance: False
selecting samples for epoch 138, ratio 0.1
=====> Saving current model and best model
balance: False
selecting samples for epoch 139, ratio 0.1
=====> Saving current model and best model
balance: False
selecting samples for epoch 140, ratio 0.1
=====> Saving current model and best model
balance: False
selecting samples for epoch 141, ratio 0.1
=====> Saving current model and best model
balance: False
selecting samples for epoch 142, ratio 0.1
=====> Saving current model and best model
balance: False
selecting samples for epoch 143, ratio 0.1
=====> Saving current model and best model
balance: False
selecting samples for epoch 144, ratio 0.1
=====> Saving current model and best model
balance: False
selecting samples for epoch 145, ratio 0.1
=====> Saving current model and best model
balance: False
selecting samples for epoch 146, ratio 0.1
=====> Saving current model and best model
balance: False
selecting samples for epoch 147, ratio 0.1
=====> Saving current model and best model
balance: False
selecting samples for epoch 148, ratio 0.1
=====> Saving current model and best model
balance: False
selecting samples for epoch 149, ratio 0.1
=====> Saving current model and best model
balance: False
selecting samples for epoch 150, ratio 0.1
=====> Saving current model and best model
balance: False
selecting samples for epoch 151, ratio 0.1
=====> Epoch: 151/300, Total_step: 7097, lr: 0.001000, Total Time: 3705.7953 s, Time this epoch: 16.9294 s
=====> Epoch: 151/300, Train Loss (train loader labels): 1.0726, Train acc (train loader labels): 0.4290, Best val acc: 0.4477, Current val acc: 0.4420, Val Loss: 1.0710
=====> Saving current model and best model
balance: False
selecting samples for epoch 152, ratio 0.1
=====> Saving current model and best model
balance: False
selecting samples for epoch 153, ratio 0.1
=====> Saving current model and best model
balance: False
selecting samples for epoch 154, ratio 0.1
=====> Saving current model and best model
balance: False
selecting samples for epoch 155, ratio 0.1
=====> Saving current model and best model
balance: False
selecting samples for epoch 156, ratio 0.1
=====> Saving current model and best model
balance: False
selecting samples for epoch 157, ratio 0.1
=====> Saving current model and best model
balance: False
selecting samples for epoch 158, ratio 0.1
=====> Saving current model and best model
balance: False
selecting samples for epoch 159, ratio 0.1
=====> Saving current model and best model
balance: False
selecting samples for epoch 160, ratio 0.1
=====> Saving current model and best model
balance: False
selecting samples for epoch 161, ratio 0.1
=====> Saving current model and best model
balance: False
selecting samples for epoch 162, ratio 0.1
=====> Saving current model and best model
balance: False
selecting samples for epoch 163, ratio 0.1
=====> Saving current model and best model
balance: False
selecting samples for epoch 164, ratio 0.1
=====> Saving current model and best model
balance: False
selecting samples for epoch 165, ratio 0.1
=====> Saving current model and best model
balance: False
selecting samples for epoch 166, ratio 0.1
=====> Epoch: 166/300, Total_step: 7802, lr: 0.001000, Total Time: 3984.7993 s, Time this epoch: 16.8702 s
=====> Epoch: 166/300, Train Loss (train loader labels): 1.0862, Train acc (train loader labels): 0.3599, Best val acc: 0.4477, Current val acc: 0.3667, Val Loss: 1.0848
=====> Saving current model and best model
balance: False
selecting samples for epoch 167, ratio 0.1
=====> Saving current model and best model
balance: False
selecting samples for epoch 168, ratio 0.1
=====> Saving current model and best model
balance: False
selecting samples for epoch 169, ratio 0.1
=====> Saving current model and best model
balance: False
selecting samples for epoch 170, ratio 0.1
=====> Saving current model and best model
balance: False
selecting samples for epoch 171, ratio 0.1
=====> Saving current model and best model
balance: False
selecting samples for epoch 172, ratio 0.1
=====> Saving current model and best model
balance: False
selecting samples for epoch 173, ratio 0.1
=====> Saving current model and best model
balance: False
selecting samples for epoch 174, ratio 0.1
=====> Saving current model and best model
balance: False
selecting samples for epoch 175, ratio 0.1
=====> Saving current model and best model
balance: False
selecting samples for epoch 176, ratio 0.1
=====> Saving current model and best model
balance: False
selecting samples for epoch 177, ratio 0.1
=====> Saving current model and best model
balance: False
selecting samples for epoch 178, ratio 0.1
=====> Saving current model and best model
balance: False
selecting samples for epoch 179, ratio 0.1
=====> Saving current model and best model
balance: False
selecting samples for epoch 180, ratio 0.1
=====> Saving current model and best model
balance: False
selecting samples for epoch 181, ratio 0.1
=====> Epoch: 181/300, Total_step: 8507, lr: 0.001000, Total Time: 4265.1963 s, Time this epoch: 16.7594 s
=====> Epoch: 181/300, Train Loss (train loader labels): 13.3835, Train acc (train loader labels): 0.3619, Best val acc: 0.4477, Current val acc: 0.3687, Val Loss: 13.5684
=====> Saving current model and best model
balance: False
selecting samples for epoch 182, ratio 0.1
=====> Saving current model and best model
balance: False
selecting samples for epoch 183, ratio 0.1
=====> Saving current model and best model
balance: False
selecting samples for epoch 184, ratio 0.1
=====> Saving current model and best model
balance: False
selecting samples for epoch 185, ratio 0.1
=====> Saving current model and best model
balance: False
selecting samples for epoch 186, ratio 0.1
=====> Saving current model and best model
balance: False
selecting samples for epoch 187, ratio 0.1
=====> Saving current model and best model
balance: False
selecting samples for epoch 188, ratio 0.1
=====> Saving current model and best model
balance: False
selecting samples for epoch 189, ratio 0.1
=====> Saving current model and best model
balance: False
selecting samples for epoch 190, ratio 0.1
=====> Saving current model and best model
balance: False
selecting samples for epoch 191, ratio 0.1
=====> Saving current model and best model
balance: False
selecting samples for epoch 192, ratio 0.1
=====> Saving current model and best model
balance: False
selecting samples for epoch 193, ratio 0.1
=====> Saving current model and best model
balance: False
selecting samples for epoch 194, ratio 0.1
=====> Saving current model and best model
balance: False
selecting samples for epoch 195, ratio 0.1
=====> Saving current model and best model
balance: False
selecting samples for epoch 196, ratio 0.1
=====> Epoch: 196/300, Total_step: 9212, lr: 0.001000, Total Time: 4545.1307 s, Time this epoch: 16.8586 s
=====> Epoch: 196/300, Train Loss (train loader labels): 5.3656, Train acc (train loader labels): 0.3671, Best val acc: 0.4477, Current val acc: 0.3687, Val Loss: 5.3889
=====> Saving current model and best model
balance: False
selecting samples for epoch 197, ratio 0.1
=====> Saving current model and best model
balance: False
selecting samples for epoch 198, ratio 0.1
=====> Saving current model and best model
balance: False
selecting samples for epoch 199, ratio 0.1
=====> Saving current model and best model
balance: False
selecting samples for epoch 200, ratio 0.1
=====> Saving current model and best model
balance: False
selecting samples for epoch 201, ratio 0.1
=====> Saving current model and best model
balance: False
selecting samples for epoch 202, ratio 0.1
=====> Saving current model and best model
balance: False
selecting samples for epoch 203, ratio 0.1
=====> Saving current model and best model
balance: False
selecting samples for epoch 204, ratio 0.1
=====> Saving current model and best model
balance: False
selecting samples for epoch 205, ratio 0.1
=====> Saving current model and best model
balance: False
selecting samples for epoch 206, ratio 0.1
=====> Saving current model and best model
balance: False
selecting samples for epoch 207, ratio 0.1
=====> Saving current model and best model
balance: False
selecting samples for epoch 208, ratio 0.1
=====> Saving current model and best model
balance: False
selecting samples for epoch 209, ratio 0.1
=====> Saving current model and best model
balance: False
selecting samples for epoch 210, ratio 0.1
=====> Saving current model and best model
balance: False
selecting samples for epoch 211, ratio 0.1
=====> Epoch: 211/300, Total_step: 9917, lr: 0.001000, Total Time: 4824.9887 s, Time this epoch: 16.7926 s
=====> Epoch: 211/300, Train Loss (train loader labels): 4.3353, Train acc (train loader labels): 0.3642, Best val acc: 0.4477, Current val acc: 0.3760, Val Loss: 4.3494
=====> Saving current model and best model
balance: False
selecting samples for epoch 212, ratio 0.1
=====> Saving current model and best model
balance: False
selecting samples for epoch 213, ratio 0.1
=====> Saving current model and best model
balance: False
selecting samples for epoch 214, ratio 0.1
=====> Saving current model and best model
balance: False
selecting samples for epoch 215, ratio 0.1
=====> Saving current model and best model
balance: False
selecting samples for epoch 216, ratio 0.1
=====> Saving current model and best model
balance: False
selecting samples for epoch 217, ratio 0.1
=====> Saving current model and best model
balance: False
selecting samples for epoch 218, ratio 0.1
=====> Saving current model and best model
balance: False
selecting samples for epoch 219, ratio 0.1
=====> Saving current model and best model
balance: False
selecting samples for epoch 220, ratio 0.1
=====> Saving current model and best model
balance: False
selecting samples for epoch 221, ratio 0.1
=====> Saving current model and best model
balance: False
selecting samples for epoch 222, ratio 0.1
=====> Saving current model and best model
balance: False
selecting samples for epoch 223, ratio 0.1
=====> Saving current model and best model
balance: False
selecting samples for epoch 224, ratio 0.1
=====> Saving current model and best model
balance: False
selecting samples for epoch 225, ratio 0.1
=====> Saving current model and best model
balance: False
selecting samples for epoch 226, ratio 0.1
=====> Epoch: 226/300, Total_step: 10622, lr: 0.001000, Total Time: 5105.3854 s, Time this epoch: 16.8240 s
=====> Epoch: 226/300, Train Loss (train loader labels): 3.4127, Train acc (train loader labels): 0.4059, Best val acc: 0.4477, Current val acc: 0.4180, Val Loss: 3.3879
=====> Saving current model and best model
balance: False
selecting samples for epoch 227, ratio 0.1
=====> Saving current model and best model
balance: False
selecting samples for epoch 228, ratio 0.1
=====> Saving current model and best model
balance: False
selecting samples for epoch 229, ratio 0.1
=====> Saving current model and best model
balance: False
selecting samples for epoch 230, ratio 0.1
=====> Saving current model and best model
balance: False
selecting samples for epoch 231, ratio 0.1
=====> Saving current model and best model
balance: False
selecting samples for epoch 232, ratio 0.1
=====> Saving current model and best model
balance: False
selecting samples for epoch 233, ratio 0.1
=====> Saving current model and best model
balance: False
selecting samples for epoch 234, ratio 0.1
=====> Saving current model and best model
balance: False
selecting samples for epoch 235, ratio 0.1
=====> Saving current model and best model
balance: False
selecting samples for epoch 236, ratio 0.1
=====> Saving current model and best model
balance: False
selecting samples for epoch 237, ratio 0.1
=====> Saving current model and best model
balance: False
selecting samples for epoch 238, ratio 0.1
=====> Saving current model and best model
balance: False
selecting samples for epoch 239, ratio 0.1
=====> Saving current model and best model
balance: False
selecting samples for epoch 240, ratio 0.1
=====> Saving current model and best model
balance: False
selecting samples for epoch 241, ratio 0.1
=====> Epoch: 241/300, Total_step: 11327, lr: 0.001000, Total Time: 5384.3412 s, Time this epoch: 16.7050 s
=====> Epoch: 241/300, Train Loss (train loader labels): 2.7267, Train acc (train loader labels): 0.3781, Best val acc: 0.4477, Current val acc: 0.3967, Val Loss: 2.8741
=====> Saving current model and best model
balance: False
selecting samples for epoch 242, ratio 0.1
=====> Saving current model and best model
balance: False
selecting samples for epoch 243, ratio 0.1
=====> Saving current model and best model
balance: False
selecting samples for epoch 244, ratio 0.1
=====> Saving current model and best model
balance: False
selecting samples for epoch 245, ratio 0.1
=====> Saving current model and best model
balance: False
selecting samples for epoch 246, ratio 0.1
=====> Saving current model and best model
balance: False
selecting samples for epoch 247, ratio 0.1
=====> Saving current model and best model
balance: False
selecting samples for epoch 248, ratio 0.1
=====> Saving current model and best model
balance: False
selecting samples for epoch 249, ratio 0.1
=====> Saving current model and best model
balance: False
selecting samples for epoch 250, ratio 0.1
=====> Saving current model and best model
balance: False
selecting samples for epoch 251, ratio 0.1
=====> Saving current model and best model
balance: False
selecting samples for epoch 252, ratio 0.1
=====> Saving current model and best model
balance: False
selecting samples for epoch 253, ratio 0.1
=====> Saving current model and best model
balance: False
selecting samples for epoch 254, ratio 0.1
=====> Saving current model and best model
balance: False
selecting samples for epoch 255, ratio 0.1
=====> Saving current model and best model
balance: False
selecting samples for epoch 256, ratio 0.1
=====> Epoch: 256/300, Total_step: 12032, lr: 0.001000, Total Time: 5665.1137 s, Time this epoch: 16.9263 s
=====> Epoch: 256/300, Train Loss (train loader labels): 2.7268, Train acc (train loader labels): 0.4063, Best val acc: 0.4477, Current val acc: 0.4100, Val Loss: 2.8623
=====> Saving current model and best model
balance: False
selecting samples for epoch 257, ratio 0.1
=====> Saving current model and best model
balance: False
selecting samples for epoch 258, ratio 0.1
=====> Saving current model and best model
balance: False
selecting samples for epoch 259, ratio 0.1
=====> Saving current model and best model
balance: False
selecting samples for epoch 260, ratio 0.1
=====> Saving current model and best model
balance: False
selecting samples for epoch 261, ratio 0.1
=====> Saving current model and best model
balance: False
selecting samples for epoch 262, ratio 0.1
=====> Saving current model and best model
balance: False
selecting samples for epoch 263, ratio 0.1
=====> Saving current model and best model
balance: False
selecting samples for epoch 264, ratio 0.1
=====> Saving current model and best model
balance: False
selecting samples for epoch 265, ratio 0.1
=====> Saving current model and best model
balance: False
selecting samples for epoch 266, ratio 0.1
=====> Saving current model and best model
balance: False
selecting samples for epoch 267, ratio 0.1
=====> Saving current model and best model
balance: False
selecting samples for epoch 268, ratio 0.1
=====> Saving current model and best model
balance: False
selecting samples for epoch 269, ratio 0.1
=====> Saving current model and best model
balance: False
selecting samples for epoch 270, ratio 0.1
=====> Saving current model and best model
balance: False
selecting samples for epoch 271, ratio 0.1
=====> Epoch: 271/300, Total_step: 12737, lr: 0.001000, Total Time: 5944.1308 s, Time this epoch: 16.8390 s
=====> Epoch: 271/300, Train Loss (train loader labels): 1.2243, Train acc (train loader labels): 0.3719, Best val acc: 0.4477, Current val acc: 0.3707, Val Loss: 1.2378
=====> Saving current model and best model
balance: False
selecting samples for epoch 272, ratio 0.1
=====> Saving current model and best model
balance: False
selecting samples for epoch 273, ratio 0.1
=====> Saving current model and best model
balance: False
selecting samples for epoch 274, ratio 0.1
=====> Saving current model and best model
balance: False
selecting samples for epoch 275, ratio 0.1
=====> Saving current model and best model
balance: False
selecting samples for epoch 276, ratio 0.1
=====> Saving current model and best model
balance: False
selecting samples for epoch 277, ratio 0.1
=====> Saving current model and best model
balance: False
selecting samples for epoch 278, ratio 0.1
=====> Saving current model and best model
balance: False
selecting samples for epoch 279, ratio 0.1
=====> Saving current model and best model
balance: False
selecting samples for epoch 280, ratio 0.1
=====> Saving current model and best model
balance: False
selecting samples for epoch 281, ratio 0.1
=====> Saving current model and best model
balance: False
selecting samples for epoch 282, ratio 0.1
=====> Saving current model and best model
balance: False
selecting samples for epoch 283, ratio 0.1
=====> Saving current model and best model
balance: False
selecting samples for epoch 284, ratio 0.1
=====> Saving current model and best model
balance: False
selecting samples for epoch 285, ratio 0.1
=====> Saving current model and best model
balance: False
selecting samples for epoch 286, ratio 0.1
=====> Epoch: 286/300, Total_step: 13442, lr: 0.001000, Total Time: 6223.0343 s, Time this epoch: 16.7745 s
=====> Epoch: 286/300, Train Loss (train loader labels): 1.7312, Train acc (train loader labels): 0.3971, Best val acc: 0.4477, Current val acc: 0.4017, Val Loss: 1.7628
=====> Saving current model and best model
balance: False
selecting samples for epoch 287, ratio 0.1
=====> Saving current model and best model
balance: False
selecting samples for epoch 288, ratio 0.1
=====> Saving current model and best model
balance: False
selecting samples for epoch 289, ratio 0.1
=====> Saving current model and best model
balance: False
selecting samples for epoch 290, ratio 0.1
=====> Saving current model and best model
balance: False
selecting samples for epoch 291, ratio 0.1
=====> Saving current model and best model
balance: False
selecting samples for epoch 292, ratio 0.1
=====> Saving current model and best model
balance: False
selecting samples for epoch 293, ratio 0.1
=====> Saving current model and best model
balance: False
selecting samples for epoch 294, ratio 0.1
=====> Saving current model and best model
balance: False
selecting samples for epoch 295, ratio 0.1
=====> Saving current model and best model
balance: False
selecting samples for epoch 296, ratio 0.1
=====> Saving current model and best model
balance: False
selecting samples for epoch 297, ratio 0.1
=====> Saving current model and best model
balance: False
selecting samples for epoch 298, ratio 0.1
=====> Saving current model and best model
balance: False
selecting samples for epoch 299, ratio 0.1
=====> Saving current model and best model
balance: False
selecting samples for epoch 300, ratio 0.1
=====> Epoch: 300/300, Total_step: 14100, lr: 0.001000, Total Time: 6486.5277 s, Time this epoch: 16.8807 s
=====> Epoch: 300/300, Train Loss (train loader labels): 1.2529, Train acc (train loader labels): 0.4067, Best val acc: 0.4477, Current val acc: 0.4247, Val Loss: 1.2393
=====> Saving current model and best model
Saved helper snapshots to /home/mward19/Documents/miller/Online-Batch-Selection/snapshots/CIFAR3/{"bsel":"RhoLoss","seed":3,"model":"DeepLinear","opt":"adamw","bs":320,"ratio":0.1,"lr":0.001,"wd":0.01,"layers":8,"hidden_dim":1000}.p
Saved selected points array to /home/mward19/Documents/miller/Online-Batch-Selection/selected_points/CIFAR3/{"bsel":"RhoLoss","seed":3,"model":"DeepLinear","opt":"adamw","bs":320,"ratio":0.1,"lr":0.001,"wd":0.01,"layers":8,"hidden_dim":1000}.npy
========================= End Main =========================
