save_dir: ./exp/MNIST/Uniform_deeplinear_bs320_ep300_lr0.001_AdamW_constant_seed2_r0.1_36_hidden
=====> Loading config files: 
configs/mnist/method/uniform-0.1.yaml
configs/mnist/data/mnist.yaml
configs/mnist/model/deep_linear_saxe/deep_linear_36.yaml
configs/mnist/optim/adamw-320-0.001-0.01.yaml
configs/diagnostics/snapshots_log_interval.yaml
=====> Config files loaded.
========================= Start Main =========================
=====> Saving config file
=====> Config file saved
=====> Using fixed random seed: 2
=====> Wandb initialized
=====> Number of GPUs: 1
Creating Uniform...
Begin training for Uniform...
=====> Epoch: 0/300, Total_step: 0, lr: 0.001000, Total Time: 0.0000 s, Time this epoch: 0.0000 s
=====> Epoch: 0/300, Train Loss (train loader labels): 2.3029, Train acc (train loader labels): 0.0974, Best val acc: 0.0982, Current val acc: 0.0982, Val Loss: 2.3030
selecting samples for epoch 1
balance: False
ratio: 0.1
=====> Epoch: 1/300, Total_step: 1, lr: 0.001000, Total Time: 0.0000 s, Time this epoch: 0.0000 s
=====> Epoch: 1/300, Train Loss (train loader labels): 2.3205, Train acc (train loader labels): 0.1022, Best val acc: 0.1010, Current val acc: 0.1010, Val Loss: 2.3194
=====> Epoch: 1/300, Total_step: 48, lr: 0.001000, Total Time: 0.0000 s, Time this epoch: 0.0000 s
=====> Epoch: 1/300, Train Loss (train loader labels): 159262176.0000, Train acc (train loader labels): 0.0973, Best val acc: 0.1010, Current val acc: 0.0982, Val Loss: 161730240.0000
=====> Epoch: 1/300, Total_step: 95, lr: 0.001000, Total Time: 0.0000 s, Time this epoch: 0.0000 s
=====> Epoch: 1/300, Train Loss (train loader labels): 2833412742184960.0000, Train acc (train loader labels): 0.0881, Best val acc: 0.1010, Current val acc: 0.0854, Val Loss: 3268355758751744.0000
=====> Epoch: 1/300, Total_step: 142, lr: 0.001000, Total Time: 0.0000 s, Time this epoch: 0.0000 s
=====> Epoch: 1/300, Train Loss (train loader labels): 233015048451498442752.0000, Train acc (train loader labels): 0.0984, Best val acc: 0.1031, Current val acc: 0.1031, Val Loss: 192813613601217576960.0000
=====> Saving current model and best model
selecting samples for epoch 2
balance: False
ratio: 0.1
=====> Epoch: 2/300, Total_step: 189, lr: 0.001000, Total Time: 330.6558 s, Time this epoch: 275.2305 s
=====> Epoch: 2/300, Train Loss (train loader labels): 56731620205614071808.0000, Train acc (train loader labels): 0.1008, Best val acc: 0.1031, Current val acc: 0.1010, Val Loss: 66875476988963848192.0000
=====> Epoch: 2/300, Total_step: 236, lr: 0.001000, Total Time: 330.6558 s, Time this epoch: 275.2305 s
=====> Epoch: 2/300, Train Loss (train loader labels): 330589508288380928.0000, Train acc (train loader labels): 0.1303, Best val acc: 0.1838, Current val acc: 0.1838, Val Loss: 283028191503712256.0000
=====> Epoch: 2/300, Total_step: 283, lr: 0.001000, Total Time: 330.6558 s, Time this epoch: 275.2305 s
=====> Epoch: 2/300, Train Loss (train loader labels): 26074598277644288.0000, Train acc (train loader labels): 0.1351, Best val acc: 0.1838, Current val acc: 0.1256, Val Loss: 27602951652507648.0000
=====> Epoch: 2/300, Total_step: 330, lr: 0.001000, Total Time: 330.6558 s, Time this epoch: 275.2305 s
=====> Epoch: 2/300, Train Loss (train loader labels): 8364609870233600.0000, Train acc (train loader labels): 0.1245, Best val acc: 0.1838, Current val acc: 0.1162, Val Loss: 7919473554096128.0000
=====> Saving current model and best model
selecting samples for epoch 3
balance: False
ratio: 0.1
=====> Epoch: 3/300, Total_step: 377, lr: 0.001000, Total Time: 607.4451 s, Time this epoch: 275.6669 s
=====> Epoch: 3/300, Train Loss (train loader labels): 11511983379578880.0000, Train acc (train loader labels): 0.1014, Best val acc: 0.1838, Current val acc: 0.1128, Val Loss: 12769094537314304.0000
=====> Epoch: 3/300, Total_step: 424, lr: 0.001000, Total Time: 607.4451 s, Time this epoch: 275.6669 s
=====> Epoch: 3/300, Train Loss (train loader labels): 4914516328448000.0000, Train acc (train loader labels): 0.1348, Best val acc: 0.1838, Current val acc: 0.1019, Val Loss: 4284051905052672.0000
=====> Epoch: 3/300, Total_step: 471, lr: 0.001000, Total Time: 607.4451 s, Time this epoch: 275.6669 s
=====> Epoch: 3/300, Train Loss (train loader labels): 3892905743745024.0000, Train acc (train loader labels): 0.1204, Best val acc: 0.1838, Current val acc: 0.0830, Val Loss: 5108346591903744.0000
=====> Epoch: 3/300, Total_step: 518, lr: 0.001000, Total Time: 607.4451 s, Time this epoch: 275.6669 s
=====> Epoch: 3/300, Train Loss (train loader labels): 3069884783132672.0000, Train acc (train loader labels): 0.1194, Best val acc: 0.1838, Current val acc: 0.1203, Val Loss: 3715288981831680.0000
=====> Saving current model and best model
selecting samples for epoch 4
balance: False
ratio: 0.1
=====> Epoch: 4/300, Total_step: 565, lr: 0.001000, Total Time: 883.0177 s, Time this epoch: 273.8384 s
=====> Epoch: 4/300, Train Loss (train loader labels): 5295039693455360.0000, Train acc (train loader labels): 0.1190, Best val acc: 0.1838, Current val acc: 0.1414, Val Loss: 5296603061551104.0000
=====> Epoch: 4/300, Total_step: 612, lr: 0.001000, Total Time: 883.0177 s, Time this epoch: 273.8384 s
=====> Epoch: 4/300, Train Loss (train loader labels): 3149159678869504.0000, Train acc (train loader labels): 0.1221, Best val acc: 0.1838, Current val acc: 0.1386, Val Loss: 3810374189056000.0000
=====> Epoch: 4/300, Total_step: 659, lr: 0.001000, Total Time: 883.0177 s, Time this epoch: 273.8384 s
=====> Epoch: 4/300, Train Loss (train loader labels): 3791613771907072.0000, Train acc (train loader labels): 0.1143, Best val acc: 0.1838, Current val acc: 0.1209, Val Loss: 4589063570980864.0000
=====> Epoch: 4/300, Total_step: 706, lr: 0.001000, Total Time: 883.0177 s, Time this epoch: 273.8384 s
=====> Epoch: 4/300, Train Loss (train loader labels): 6624335292792832.0000, Train acc (train loader labels): 0.1435, Best val acc: 0.2025, Current val acc: 0.2025, Val Loss: 5029090486648832.0000
=====> Saving current model and best model
selecting samples for epoch 5
balance: False
ratio: 0.1
=====> Epoch: 5/300, Total_step: 753, lr: 0.001000, Total Time: 1159.3111 s, Time this epoch: 275.1922 s
=====> Epoch: 5/300, Train Loss (train loader labels): 3028442643693568.0000, Train acc (train loader labels): 0.1162, Best val acc: 0.2025, Current val acc: 0.0927, Val Loss: 4371231688097792.0000
=====> Epoch: 5/300, Total_step: 800, lr: 0.001000, Total Time: 1159.3111 s, Time this epoch: 275.1922 s
=====> Epoch: 5/300, Train Loss (train loader labels): 2029995488706560.0000, Train acc (train loader labels): 0.1318, Best val acc: 0.2025, Current val acc: 0.1246, Val Loss: 2028090268057600.0000
=====> Epoch: 5/300, Total_step: 847, lr: 0.001000, Total Time: 1159.3111 s, Time this epoch: 275.1922 s
=====> Epoch: 5/300, Train Loss (train loader labels): 2058057597059072.0000, Train acc (train loader labels): 0.1429, Best val acc: 0.2025, Current val acc: 0.1273, Val Loss: 2040526480080896.0000
=====> Epoch: 5/300, Total_step: 894, lr: 0.001000, Total Time: 1159.3111 s, Time this epoch: 275.1922 s
=====> Epoch: 5/300, Train Loss (train loader labels): 1769546658611200.0000, Train acc (train loader labels): 0.1452, Best val acc: 0.2025, Current val acc: 0.1079, Val Loss: 2161252776280064.0000
=====> Saving current model and best model
selecting samples for epoch 6
balance: False
ratio: 0.1
=====> Epoch: 6/300, Total_step: 1128, lr: 0.001000, Total Time: 1434.3835 s, Time this epoch: 273.7227 s
=====> Epoch: 6/300, Train Loss (train loader labels): 2767927375822848.0000, Train acc (train loader labels): 0.1234, Best val acc: 0.2025, Current val acc: 0.1131, Val Loss: 3641934430076928.0000
=====> Saving current model and best model
selecting samples for epoch 7
balance: False
ratio: 0.1
=====> Epoch: 7/300, Total_step: 1316, lr: 0.001000, Total Time: 1543.9974 s, Time this epoch: 108.2096 s
=====> Epoch: 7/300, Train Loss (train loader labels): 824739954163712.0000, Train acc (train loader labels): 0.1262, Best val acc: 0.2025, Current val acc: 0.1066, Val Loss: 858817835302912.0000
=====> Saving current model and best model
selecting samples for epoch 8
balance: False
ratio: 0.1
=====> Epoch: 8/300, Total_step: 1504, lr: 0.001000, Total Time: 1652.0075 s, Time this epoch: 106.4004 s
=====> Epoch: 8/300, Train Loss (train loader labels): 2448590114914304.0000, Train acc (train loader labels): 0.1320, Best val acc: 0.2025, Current val acc: 0.1029, Val Loss: 3355782770851840.0000
=====> Saving current model and best model
selecting samples for epoch 9
balance: False
ratio: 0.1
=====> Epoch: 9/300, Total_step: 1692, lr: 0.001000, Total Time: 1761.9262 s, Time this epoch: 108.5693 s
=====> Epoch: 9/300, Train Loss (train loader labels): 677729531854848.0000, Train acc (train loader labels): 0.1818, Best val acc: 0.2025, Current val acc: 0.1167, Val Loss: 722541677117440.0000
=====> Saving current model and best model
selecting samples for epoch 10
balance: False
ratio: 0.1
=====> Epoch: 10/300, Total_step: 1880, lr: 0.001000, Total Time: 1871.8620 s, Time this epoch: 108.8110 s
=====> Epoch: 10/300, Train Loss (train loader labels): 590838853795840.0000, Train acc (train loader labels): 0.1515, Best val acc: 0.2025, Current val acc: 0.0878, Val Loss: 774779820834816.0000
=====> Saving current model and best model
selecting samples for epoch 11
balance: False
ratio: 0.1
=====> Epoch: 11/300, Total_step: 2068, lr: 0.001000, Total Time: 1981.6502 s, Time this epoch: 108.6263 s
=====> Epoch: 11/300, Train Loss (train loader labels): 411380591099904.0000, Train acc (train loader labels): 0.1462, Best val acc: 0.2025, Current val acc: 0.0984, Val Loss: 499495871709184.0000
=====> Saving current model and best model
selecting samples for epoch 12
balance: False
ratio: 0.1
=====> Epoch: 12/300, Total_step: 2256, lr: 0.001000, Total Time: 2090.6928 s, Time this epoch: 107.1164 s
=====> Epoch: 12/300, Train Loss (train loader labels): 460940218728448.0000, Train acc (train loader labels): 0.1142, Best val acc: 0.2025, Current val acc: 0.1208, Val Loss: 407203131424768.0000
=====> Saving current model and best model
selecting samples for epoch 13
balance: False
ratio: 0.1
=====> Epoch: 13/300, Total_step: 2444, lr: 0.001000, Total Time: 2199.8503 s, Time this epoch: 108.1039 s
=====> Epoch: 13/300, Train Loss (train loader labels): 748729032245248.0000, Train acc (train loader labels): 0.1076, Best val acc: 0.2025, Current val acc: 0.1847, Val Loss: 598568519860224.0000
=====> Saving current model and best model
selecting samples for epoch 14
balance: False
ratio: 0.1
=====> Epoch: 14/300, Total_step: 2632, lr: 0.001000, Total Time: 2309.6797 s, Time this epoch: 108.1317 s
=====> Epoch: 14/300, Train Loss (train loader labels): 211615756582912.0000, Train acc (train loader labels): 0.1590, Best val acc: 0.2025, Current val acc: 0.1338, Val Loss: 169961469247488.0000
=====> Saving current model and best model
selecting samples for epoch 15
balance: False
ratio: 0.1
=====> Epoch: 15/300, Total_step: 2820, lr: 0.001000, Total Time: 2419.0013 s, Time this epoch: 108.2400 s
=====> Epoch: 15/300, Train Loss (train loader labels): 195314677972992.0000, Train acc (train loader labels): 0.1120, Best val acc: 0.2025, Current val acc: 0.0537, Val Loss: 178619519336448.0000
=====> Saving current model and best model
selecting samples for epoch 16
balance: False
ratio: 0.1
=====> Epoch: 16/300, Total_step: 3008, lr: 0.001000, Total Time: 2528.2027 s, Time this epoch: 108.0943 s
=====> Epoch: 16/300, Train Loss (train loader labels): 305324930105344.0000, Train acc (train loader labels): 0.1086, Best val acc: 0.2025, Current val acc: 0.1182, Val Loss: 249228882345984.0000
=====> Saving current model and best model
selecting samples for epoch 17
balance: False
ratio: 0.1
=====> Epoch: 17/300, Total_step: 3196, lr: 0.001000, Total Time: 2637.3174 s, Time this epoch: 107.7955 s
=====> Epoch: 17/300, Train Loss (train loader labels): 167133384278016.0000, Train acc (train loader labels): 0.1736, Best val acc: 0.2025, Current val acc: 0.1067, Val Loss: 184006851166208.0000
=====> Saving current model and best model
selecting samples for epoch 18
balance: False
ratio: 0.1
=====> Epoch: 18/300, Total_step: 3384, lr: 0.001000, Total Time: 2747.4714 s, Time this epoch: 108.5416 s
=====> Epoch: 18/300, Train Loss (train loader labels): 149820421439488.0000, Train acc (train loader labels): 0.1875, Best val acc: 0.2025, Current val acc: 0.1640, Val Loss: 155735094722560.0000
=====> Saving current model and best model
selecting samples for epoch 19
balance: False
ratio: 0.1
=====> Epoch: 19/300, Total_step: 3572, lr: 0.001000, Total Time: 2856.8988 s, Time this epoch: 108.1263 s
=====> Epoch: 19/300, Train Loss (train loader labels): 107752928051200.0000, Train acc (train loader labels): 0.1799, Best val acc: 0.2025, Current val acc: 0.1346, Val Loss: 120113097342976.0000
=====> Saving current model and best model
selecting samples for epoch 20
balance: False
ratio: 0.1
=====> Epoch: 20/300, Total_step: 3760, lr: 0.001000, Total Time: 2965.3291 s, Time this epoch: 107.4010 s
=====> Epoch: 20/300, Train Loss (train loader labels): 163210971840512.0000, Train acc (train loader labels): 0.1209, Best val acc: 0.2025, Current val acc: 0.0872, Val Loss: 127189458616320.0000
=====> Saving current model and best model
selecting samples for epoch 21
balance: False
ratio: 0.1
=====> Epoch: 21/300, Total_step: 3948, lr: 0.001000, Total Time: 3073.8914 s, Time this epoch: 106.9050 s
=====> Epoch: 21/300, Train Loss (train loader labels): 141116569550848.0000, Train acc (train loader labels): 0.1351, Best val acc: 0.2025, Current val acc: 0.1571, Val Loss: 113328819011584.0000
=====> Saving current model and best model
selecting samples for epoch 22
balance: False
ratio: 0.1
=====> Epoch: 22/300, Total_step: 4136, lr: 0.001000, Total Time: 3182.6663 s, Time this epoch: 107.4169 s
=====> Epoch: 22/300, Train Loss (train loader labels): 97582109949952.0000, Train acc (train loader labels): 0.1327, Best val acc: 0.2025, Current val acc: 0.0970, Val Loss: 82549556641792.0000
=====> Saving current model and best model
selecting samples for epoch 23
balance: False
ratio: 0.1
=====> Epoch: 23/300, Total_step: 4324, lr: 0.001000, Total Time: 3291.4350 s, Time this epoch: 107.4837 s
=====> Epoch: 23/300, Train Loss (train loader labels): 152277763489792.0000, Train acc (train loader labels): 0.1292, Best val acc: 0.2025, Current val acc: 0.1563, Val Loss: 141801147072512.0000
=====> Saving current model and best model
selecting samples for epoch 24
balance: False
ratio: 0.1
=====> Epoch: 24/300, Total_step: 4512, lr: 0.001000, Total Time: 3400.2267 s, Time this epoch: 107.4387 s
=====> Epoch: 24/300, Train Loss (train loader labels): 71878752337920.0000, Train acc (train loader labels): 0.1910, Best val acc: 0.2025, Current val acc: 0.1587, Val Loss: 68377213140992.0000
=====> Saving current model and best model
selecting samples for epoch 25
balance: False
ratio: 0.1
=====> Epoch: 25/300, Total_step: 4700, lr: 0.001000, Total Time: 3509.4901 s, Time this epoch: 107.8597 s
=====> Epoch: 25/300, Train Loss (train loader labels): 80889660833792.0000, Train acc (train loader labels): 0.1319, Best val acc: 0.2025, Current val acc: 0.1239, Val Loss: 76500380418048.0000
=====> Saving current model and best model
selecting samples for epoch 26
balance: False
ratio: 0.1
=====> Epoch: 26/300, Total_step: 4888, lr: 0.001000, Total Time: 3619.0424 s, Time this epoch: 108.2061 s
=====> Epoch: 26/300, Train Loss (train loader labels): 56724572602368.0000, Train acc (train loader labels): 0.1967, Best val acc: 0.2311, Current val acc: 0.2311, Val Loss: 44510419615744.0000
=====> Saving current model and best model
selecting samples for epoch 27
balance: False
ratio: 0.1
=====> Saving current model and best model
selecting samples for epoch 28
balance: False
ratio: 0.1
=====> Saving current model and best model
selecting samples for epoch 29
balance: False
ratio: 0.1
=====> Epoch: 29/300, Total_step: 5452, lr: 0.001000, Total Time: 3834.0480 s, Time this epoch: 50.3056 s
=====> Epoch: 29/300, Train Loss (train loader labels): 64253260201984.0000, Train acc (train loader labels): 0.0890, Best val acc: 0.2311, Current val acc: 0.0683, Val Loss: 58651909816320.0000
=====> Saving current model and best model
selecting samples for epoch 30
balance: False
ratio: 0.1
=====> Saving current model and best model
selecting samples for epoch 31
balance: False
ratio: 0.1
=====> Saving current model and best model
selecting samples for epoch 32
balance: False
ratio: 0.1
=====> Saving current model and best model
selecting samples for epoch 33
balance: False
ratio: 0.1
=====> Epoch: 33/300, Total_step: 6204, lr: 0.001000, Total Time: 4100.6165 s, Time this epoch: 51.4240 s
=====> Epoch: 33/300, Train Loss (train loader labels): 24732026011648.0000, Train acc (train loader labels): 0.1388, Best val acc: 0.2311, Current val acc: 0.0917, Val Loss: 21574549766144.0000
=====> Saving current model and best model
selecting samples for epoch 34
balance: False
ratio: 0.1
=====> Saving current model and best model
selecting samples for epoch 35
balance: False
ratio: 0.1
=====> Saving current model and best model
selecting samples for epoch 36
balance: False
ratio: 0.1
=====> Saving current model and best model
selecting samples for epoch 37
balance: False
ratio: 0.1
=====> Epoch: 37/300, Total_step: 6956, lr: 0.001000, Total Time: 4366.5942 s, Time this epoch: 51.1682 s
=====> Epoch: 37/300, Train Loss (train loader labels): 16301034569728.0000, Train acc (train loader labels): 0.1546, Best val acc: 0.2311, Current val acc: 0.1543, Val Loss: 10926002536448.0000
=====> Saving current model and best model
selecting samples for epoch 38
balance: False
ratio: 0.1
=====> Saving current model and best model
selecting samples for epoch 39
balance: False
ratio: 0.1
=====> Saving current model and best model
selecting samples for epoch 40
balance: False
ratio: 0.1
=====> Saving current model and best model
selecting samples for epoch 41
balance: False
ratio: 0.1
=====> Epoch: 41/300, Total_step: 7708, lr: 0.001000, Total Time: 4633.9069 s, Time this epoch: 51.5315 s
=====> Epoch: 41/300, Train Loss (train loader labels): 12779981373440.0000, Train acc (train loader labels): 0.1386, Best val acc: 0.2311, Current val acc: 0.1412, Val Loss: 8970295050240.0000
=====> Saving current model and best model
selecting samples for epoch 42
balance: False
ratio: 0.1
=====> Saving current model and best model
selecting samples for epoch 43
balance: False
ratio: 0.1
=====> Saving current model and best model
selecting samples for epoch 44
balance: False
ratio: 0.1
=====> Saving current model and best model
selecting samples for epoch 45
balance: False
ratio: 0.1
=====> Epoch: 45/300, Total_step: 8460, lr: 0.001000, Total Time: 4901.4148 s, Time this epoch: 51.5655 s
=====> Epoch: 45/300, Train Loss (train loader labels): 7160751718400.0000, Train acc (train loader labels): 0.1614, Best val acc: 0.2311, Current val acc: 0.2091, Val Loss: 5522534170624.0000
=====> Saving current model and best model
selecting samples for epoch 46
balance: False
ratio: 0.1
=====> Saving current model and best model
selecting samples for epoch 47
balance: False
ratio: 0.1
=====> Saving current model and best model
selecting samples for epoch 48
balance: False
ratio: 0.1
=====> Saving current model and best model
selecting samples for epoch 49
balance: False
ratio: 0.1
=====> Epoch: 49/300, Total_step: 9212, lr: 0.001000, Total Time: 5170.2906 s, Time this epoch: 51.7874 s
=====> Epoch: 49/300, Train Loss (train loader labels): 5367997661184.0000, Train acc (train loader labels): 0.1666, Best val acc: 0.2311, Current val acc: 0.1822, Val Loss: 4045653147648.0000
=====> Saving current model and best model
selecting samples for epoch 50
balance: False
ratio: 0.1
=====> Saving current model and best model
selecting samples for epoch 51
balance: False
ratio: 0.1
=====> Saving current model and best model
selecting samples for epoch 52
balance: False
ratio: 0.1
=====> Saving current model and best model
selecting samples for epoch 53
balance: False
ratio: 0.1
=====> Epoch: 53/300, Total_step: 9964, lr: 0.001000, Total Time: 5437.5474 s, Time this epoch: 51.5746 s
=====> Epoch: 53/300, Train Loss (train loader labels): 4546096529408.0000, Train acc (train loader labels): 0.1025, Best val acc: 0.2311, Current val acc: 0.0901, Val Loss: 3907529474048.0000
=====> Saving current model and best model
selecting samples for epoch 54
balance: False
ratio: 0.1
=====> Saving current model and best model
selecting samples for epoch 55
balance: False
ratio: 0.1
=====> Saving current model and best model
selecting samples for epoch 56
balance: False
ratio: 0.1
=====> Saving current model and best model
selecting samples for epoch 57
balance: False
ratio: 0.1
=====> Epoch: 57/300, Total_step: 10716, lr: 0.001000, Total Time: 5704.8021 s, Time this epoch: 50.8766 s
=====> Epoch: 57/300, Train Loss (train loader labels): 2332703064064.0000, Train acc (train loader labels): 0.1486, Best val acc: 0.2311, Current val acc: 0.1938, Val Loss: 1655830347776.0000
=====> Saving current model and best model
selecting samples for epoch 58
balance: False
ratio: 0.1
=====> Saving current model and best model
selecting samples for epoch 59
balance: False
ratio: 0.1
=====> Saving current model and best model
selecting samples for epoch 60
balance: False
ratio: 0.1
=====> Saving current model and best model
selecting samples for epoch 61
balance: False
ratio: 0.1
=====> Epoch: 61/300, Total_step: 11468, lr: 0.001000, Total Time: 5972.4995 s, Time this epoch: 51.4574 s
=====> Epoch: 61/300, Train Loss (train loader labels): 2895012429824.0000, Train acc (train loader labels): 0.1385, Best val acc: 0.2311, Current val acc: 0.1676, Val Loss: 1825762836480.0000
=====> Saving current model and best model
selecting samples for epoch 62
balance: False
ratio: 0.1
=====> Saving current model and best model
selecting samples for epoch 63
balance: False
ratio: 0.1
=====> Saving current model and best model
selecting samples for epoch 64
balance: False
ratio: 0.1
=====> Saving current model and best model
selecting samples for epoch 65
balance: False
ratio: 0.1
=====> Epoch: 65/300, Total_step: 12220, lr: 0.001000, Total Time: 6240.5670 s, Time this epoch: 51.5064 s
=====> Epoch: 65/300, Train Loss (train loader labels): 2348611272704.0000, Train acc (train loader labels): 0.1732, Best val acc: 0.2734, Current val acc: 0.2734, Val Loss: 1301507211264.0000
=====> Saving current model and best model
selecting samples for epoch 66
balance: False
ratio: 0.1
=====> Saving current model and best model
selecting samples for epoch 67
balance: False
ratio: 0.1
=====> Saving current model and best model
selecting samples for epoch 68
balance: False
ratio: 0.1
=====> Saving current model and best model
selecting samples for epoch 69
balance: False
ratio: 0.1
=====> Saving current model and best model
selecting samples for epoch 70
balance: False
ratio: 0.1
=====> Saving current model and best model
selecting samples for epoch 71
balance: False
ratio: 0.1
=====> Saving current model and best model
selecting samples for epoch 72
balance: False
ratio: 0.1
=====> Saving current model and best model
selecting samples for epoch 73
balance: False
ratio: 0.1
=====> Saving current model and best model
selecting samples for epoch 74
balance: False
ratio: 0.1
=====> Saving current model and best model
selecting samples for epoch 75
balance: False
ratio: 0.1
=====> Saving current model and best model
selecting samples for epoch 76
balance: False
ratio: 0.1
=====> Epoch: 76/300, Total_step: 14288, lr: 0.001000, Total Time: 6880.2347 s, Time this epoch: 51.3298 s
=====> Epoch: 76/300, Train Loss (train loader labels): 504658624512.0000, Train acc (train loader labels): 0.1090, Best val acc: 0.2734, Current val acc: 0.0657, Val Loss: 411472560128.0000
=====> Saving current model and best model
selecting samples for epoch 77
balance: False
ratio: 0.1
=====> Saving current model and best model
selecting samples for epoch 78
balance: False
ratio: 0.1
=====> Saving current model and best model
selecting samples for epoch 79
balance: False
ratio: 0.1
=====> Saving current model and best model
selecting samples for epoch 80
balance: False
ratio: 0.1
=====> Saving current model and best model
selecting samples for epoch 81
balance: False
ratio: 0.1
=====> Saving current model and best model
selecting samples for epoch 82
balance: False
ratio: 0.1
=====> Saving current model and best model
selecting samples for epoch 83
balance: False
ratio: 0.1
=====> Saving current model and best model
selecting samples for epoch 84
balance: False
ratio: 0.1
=====> Saving current model and best model
selecting samples for epoch 85
balance: False
ratio: 0.1
=====> Saving current model and best model
selecting samples for epoch 86
balance: False
ratio: 0.1
=====> Saving current model and best model
selecting samples for epoch 87
balance: False
ratio: 0.1
=====> Saving current model and best model
selecting samples for epoch 88
balance: False
ratio: 0.1
=====> Saving current model and best model
selecting samples for epoch 89
balance: False
ratio: 0.1
=====> Saving current model and best model
selecting samples for epoch 90
balance: False
ratio: 0.1
=====> Saving current model and best model
selecting samples for epoch 91
balance: False
ratio: 0.1
=====> Epoch: 91/300, Total_step: 17108, lr: 0.001000, Total Time: 7729.2416 s, Time this epoch: 50.5084 s
=====> Epoch: 91/300, Train Loss (train loader labels): 192290979840.0000, Train acc (train loader labels): 0.0983, Best val acc: 0.2734, Current val acc: 0.0267, Val Loss: 190542495744.0000
=====> Saving current model and best model
selecting samples for epoch 92
balance: False
ratio: 0.1
=====> Saving current model and best model
selecting samples for epoch 93
balance: False
ratio: 0.1
=====> Saving current model and best model
selecting samples for epoch 94
balance: False
ratio: 0.1
=====> Saving current model and best model
selecting samples for epoch 95
balance: False
ratio: 0.1
=====> Saving current model and best model
selecting samples for epoch 96
balance: False
ratio: 0.1
=====> Saving current model and best model
selecting samples for epoch 97
balance: False
ratio: 0.1
=====> Saving current model and best model
selecting samples for epoch 98
balance: False
ratio: 0.1
=====> Saving current model and best model
selecting samples for epoch 99
balance: False
ratio: 0.1
=====> Saving current model and best model
selecting samples for epoch 100
balance: False
ratio: 0.1
=====> Saving current model and best model
selecting samples for epoch 101
balance: False
ratio: 0.1
=====> Saving current model and best model
selecting samples for epoch 102
balance: False
ratio: 0.1
=====> Saving current model and best model
selecting samples for epoch 103
balance: False
ratio: 0.1
=====> Saving current model and best model
selecting samples for epoch 104
balance: False
ratio: 0.1
=====> Saving current model and best model
selecting samples for epoch 105
balance: False
ratio: 0.1
=====> Saving current model and best model
selecting samples for epoch 106
balance: False
ratio: 0.1
=====> Epoch: 106/300, Total_step: 19928, lr: 0.001000, Total Time: 8575.4924 s, Time this epoch: 51.5392 s
=====> Epoch: 106/300, Train Loss (train loader labels): 36142321664.0000, Train acc (train loader labels): 0.0933, Best val acc: 0.2734, Current val acc: 0.0252, Val Loss: 35304255488.0000
=====> Saving current model and best model
selecting samples for epoch 107
balance: False
ratio: 0.1
=====> Saving current model and best model
selecting samples for epoch 108
balance: False
ratio: 0.1
=====> Saving current model and best model
selecting samples for epoch 109
balance: False
ratio: 0.1
=====> Saving current model and best model
selecting samples for epoch 110
balance: False
ratio: 0.1
=====> Saving current model and best model
selecting samples for epoch 111
balance: False
ratio: 0.1
=====> Saving current model and best model
selecting samples for epoch 112
balance: False
ratio: 0.1
=====> Saving current model and best model
selecting samples for epoch 113
balance: False
ratio: 0.1
=====> Saving current model and best model
selecting samples for epoch 114
balance: False
ratio: 0.1
=====> Saving current model and best model
selecting samples for epoch 115
balance: False
ratio: 0.1
=====> Saving current model and best model
selecting samples for epoch 116
balance: False
ratio: 0.1
=====> Saving current model and best model
selecting samples for epoch 117
balance: False
ratio: 0.1
=====> Saving current model and best model
selecting samples for epoch 118
balance: False
ratio: 0.1
=====> Saving current model and best model
selecting samples for epoch 119
balance: False
ratio: 0.1
=====> Saving current model and best model
selecting samples for epoch 120
balance: False
ratio: 0.1
=====> Saving current model and best model
selecting samples for epoch 121
balance: False
ratio: 0.1
=====> Epoch: 121/300, Total_step: 22748, lr: 0.001000, Total Time: 9419.8602 s, Time this epoch: 51.6365 s
=====> Epoch: 121/300, Train Loss (train loader labels): 4135894528.0000, Train acc (train loader labels): 0.1564, Best val acc: 0.2734, Current val acc: 0.2102, Val Loss: 2538338048.0000
=====> Saving current model and best model
selecting samples for epoch 122
balance: False
ratio: 0.1
=====> Saving current model and best model
selecting samples for epoch 123
balance: False
ratio: 0.1
=====> Saving current model and best model
selecting samples for epoch 124
balance: False
ratio: 0.1
=====> Saving current model and best model
selecting samples for epoch 125
balance: False
ratio: 0.1
=====> Saving current model and best model
selecting samples for epoch 126
balance: False
ratio: 0.1
=====> Saving current model and best model
selecting samples for epoch 127
balance: False
ratio: 0.1
=====> Saving current model and best model
selecting samples for epoch 128
balance: False
ratio: 0.1
=====> Saving current model and best model
selecting samples for epoch 129
balance: False
ratio: 0.1
=====> Saving current model and best model
selecting samples for epoch 130
balance: False
ratio: 0.1
=====> Saving current model and best model
selecting samples for epoch 131
balance: False
ratio: 0.1
=====> Saving current model and best model
selecting samples for epoch 132
balance: False
ratio: 0.1
=====> Saving current model and best model
selecting samples for epoch 133
balance: False
ratio: 0.1
=====> Saving current model and best model
selecting samples for epoch 134
balance: False
ratio: 0.1
=====> Saving current model and best model
selecting samples for epoch 135
balance: False
ratio: 0.1
=====> Saving current model and best model
selecting samples for epoch 136
balance: False
ratio: 0.1
=====> Epoch: 136/300, Total_step: 25568, lr: 0.001000, Total Time: 10266.7060 s, Time this epoch: 50.9494 s
=====> Epoch: 136/300, Train Loss (train loader labels): 1148423808.0000, Train acc (train loader labels): 0.1534, Best val acc: 0.2734, Current val acc: 0.1987, Val Loss: 646515648.0000
=====> Saving current model and best model
selecting samples for epoch 137
balance: False
ratio: 0.1
=====> Saving current model and best model
selecting samples for epoch 138
balance: False
ratio: 0.1
=====> Saving current model and best model
selecting samples for epoch 139
balance: False
ratio: 0.1
=====> Saving current model and best model
selecting samples for epoch 140
balance: False
ratio: 0.1
=====> Saving current model and best model
selecting samples for epoch 141
balance: False
ratio: 0.1
=====> Saving current model and best model
selecting samples for epoch 142
balance: False
ratio: 0.1
=====> Saving current model and best model
selecting samples for epoch 143
balance: False
ratio: 0.1
=====> Saving current model and best model
selecting samples for epoch 144
balance: False
ratio: 0.1
=====> Saving current model and best model
selecting samples for epoch 145
balance: False
ratio: 0.1
=====> Saving current model and best model
selecting samples for epoch 146
balance: False
ratio: 0.1
=====> Saving current model and best model
selecting samples for epoch 147
balance: False
ratio: 0.1
=====> Saving current model and best model
selecting samples for epoch 148
balance: False
ratio: 0.1
=====> Saving current model and best model
selecting samples for epoch 149
balance: False
ratio: 0.1
=====> Saving current model and best model
selecting samples for epoch 150
balance: False
ratio: 0.1
=====> Saving current model and best model
selecting samples for epoch 151
balance: False
ratio: 0.1
=====> Epoch: 151/300, Total_step: 28388, lr: 0.001000, Total Time: 11119.4336 s, Time this epoch: 51.9332 s
=====> Epoch: 151/300, Train Loss (train loader labels): 586456064.0000, Train acc (train loader labels): 0.1001, Best val acc: 0.2734, Current val acc: 0.0580, Val Loss: 557380096.0000
=====> Saving current model and best model
selecting samples for epoch 152
balance: False
ratio: 0.1
=====> Saving current model and best model
selecting samples for epoch 153
balance: False
ratio: 0.1
=====> Saving current model and best model
selecting samples for epoch 154
balance: False
ratio: 0.1
=====> Saving current model and best model
selecting samples for epoch 155
balance: False
ratio: 0.1
=====> Saving current model and best model
selecting samples for epoch 156
balance: False
ratio: 0.1
=====> Saving current model and best model
selecting samples for epoch 157
balance: False
ratio: 0.1
=====> Saving current model and best model
selecting samples for epoch 158
balance: False
ratio: 0.1
=====> Saving current model and best model
selecting samples for epoch 159
balance: False
ratio: 0.1
=====> Saving current model and best model
selecting samples for epoch 160
balance: False
ratio: 0.1
=====> Saving current model and best model
selecting samples for epoch 161
balance: False
ratio: 0.1
=====> Saving current model and best model
selecting samples for epoch 162
balance: False
ratio: 0.1
=====> Saving current model and best model
selecting samples for epoch 163
balance: False
ratio: 0.1
=====> Saving current model and best model
selecting samples for epoch 164
balance: False
ratio: 0.1
=====> Saving current model and best model
selecting samples for epoch 165
balance: False
ratio: 0.1
=====> Saving current model and best model
selecting samples for epoch 166
balance: False
ratio: 0.1
=====> Epoch: 166/300, Total_step: 31208, lr: 0.001000, Total Time: 11969.6193 s, Time this epoch: 51.4445 s
=====> Epoch: 166/300, Train Loss (train loader labels): 46334376.0000, Train acc (train loader labels): 0.1341, Best val acc: 0.2734, Current val acc: 0.1444, Val Loss: 37907808.0000
=====> Saving current model and best model
selecting samples for epoch 167
balance: False
ratio: 0.1
=====> Saving current model and best model
selecting samples for epoch 168
balance: False
ratio: 0.1
=====> Saving current model and best model
selecting samples for epoch 169
balance: False
ratio: 0.1
=====> Saving current model and best model
selecting samples for epoch 170
balance: False
ratio: 0.1
=====> Saving current model and best model
selecting samples for epoch 171
balance: False
ratio: 0.1
=====> Saving current model and best model
selecting samples for epoch 172
balance: False
ratio: 0.1
=====> Saving current model and best model
selecting samples for epoch 173
balance: False
ratio: 0.1
=====> Saving current model and best model
selecting samples for epoch 174
balance: False
ratio: 0.1
=====> Saving current model and best model
selecting samples for epoch 175
balance: False
ratio: 0.1
=====> Saving current model and best model
selecting samples for epoch 176
balance: False
ratio: 0.1
=====> Saving current model and best model
selecting samples for epoch 177
balance: False
ratio: 0.1
=====> Saving current model and best model
selecting samples for epoch 178
balance: False
ratio: 0.1
=====> Saving current model and best model
selecting samples for epoch 179
balance: False
ratio: 0.1
=====> Saving current model and best model
selecting samples for epoch 180
balance: False
ratio: 0.1
=====> Saving current model and best model
selecting samples for epoch 181
balance: False
ratio: 0.1
=====> Epoch: 181/300, Total_step: 34028, lr: 0.001000, Total Time: 12818.8200 s, Time this epoch: 51.4500 s
=====> Epoch: 181/300, Train Loss (train loader labels): 53893592.0000, Train acc (train loader labels): 0.1326, Best val acc: 0.2734, Current val acc: 0.1095, Val Loss: 20542338.0000
=====> Saving current model and best model
selecting samples for epoch 182
balance: False
ratio: 0.1
=====> Saving current model and best model
selecting samples for epoch 183
balance: False
ratio: 0.1
=====> Saving current model and best model
selecting samples for epoch 184
balance: False
ratio: 0.1
=====> Saving current model and best model
selecting samples for epoch 185
balance: False
ratio: 0.1
=====> Saving current model and best model
selecting samples for epoch 186
balance: False
ratio: 0.1
=====> Saving current model and best model
selecting samples for epoch 187
balance: False
ratio: 0.1
=====> Saving current model and best model
selecting samples for epoch 188
balance: False
ratio: 0.1
=====> Saving current model and best model
selecting samples for epoch 189
balance: False
ratio: 0.1
=====> Saving current model and best model
selecting samples for epoch 190
balance: False
ratio: 0.1
=====> Saving current model and best model
selecting samples for epoch 191
balance: False
ratio: 0.1
=====> Saving current model and best model
selecting samples for epoch 192
balance: False
ratio: 0.1
=====> Saving current model and best model
selecting samples for epoch 193
balance: False
ratio: 0.1
=====> Saving current model and best model
selecting samples for epoch 194
balance: False
ratio: 0.1
=====> Saving current model and best model
selecting samples for epoch 195
balance: False
ratio: 0.1
=====> Saving current model and best model
selecting samples for epoch 196
balance: False
ratio: 0.1
=====> Epoch: 196/300, Total_step: 36848, lr: 0.001000, Total Time: 13661.5052 s, Time this epoch: 51.4525 s
=====> Epoch: 196/300, Train Loss (train loader labels): 1123536.0000, Train acc (train loader labels): 0.1324, Best val acc: 0.2734, Current val acc: 0.1484, Val Loss: 749586.8125
=====> Saving current model and best model
selecting samples for epoch 197
balance: False
ratio: 0.1
=====> Saving current model and best model
selecting samples for epoch 198
balance: False
ratio: 0.1
=====> Saving current model and best model
selecting samples for epoch 199
balance: False
ratio: 0.1
=====> Saving current model and best model
selecting samples for epoch 200
balance: False
ratio: 0.1
=====> Saving current model and best model
selecting samples for epoch 201
balance: False
ratio: 0.1
=====> Saving current model and best model
selecting samples for epoch 202
balance: False
ratio: 0.1
=====> Saving current model and best model
selecting samples for epoch 203
balance: False
ratio: 0.1
=====> Saving current model and best model
selecting samples for epoch 204
balance: False
ratio: 0.1
=====> Saving current model and best model
selecting samples for epoch 205
balance: False
ratio: 0.1
=====> Saving current model and best model
selecting samples for epoch 206
balance: False
ratio: 0.1
=====> Saving current model and best model
selecting samples for epoch 207
balance: False
ratio: 0.1
=====> Saving current model and best model
selecting samples for epoch 208
balance: False
ratio: 0.1
=====> Saving current model and best model
selecting samples for epoch 209
balance: False
ratio: 0.1
=====> Saving current model and best model
selecting samples for epoch 210
balance: False
ratio: 0.1
=====> Saving current model and best model
selecting samples for epoch 211
balance: False
ratio: 0.1
=====> Epoch: 211/300, Total_step: 39668, lr: 0.001000, Total Time: 14508.1227 s, Time this epoch: 51.4910 s
=====> Epoch: 211/300, Train Loss (train loader labels): 253697.1250, Train acc (train loader labels): 0.1348, Best val acc: 0.2734, Current val acc: 0.1548, Val Loss: 205548.9531
=====> Saving current model and best model
selecting samples for epoch 212
balance: False
ratio: 0.1
=====> Saving current model and best model
selecting samples for epoch 213
balance: False
ratio: 0.1
=====> Saving current model and best model
selecting samples for epoch 214
balance: False
ratio: 0.1
=====> Saving current model and best model
selecting samples for epoch 215
balance: False
ratio: 0.1
=====> Saving current model and best model
selecting samples for epoch 216
balance: False
ratio: 0.1
=====> Saving current model and best model
selecting samples for epoch 217
balance: False
ratio: 0.1
=====> Saving current model and best model
selecting samples for epoch 218
balance: False
ratio: 0.1
=====> Saving current model and best model
selecting samples for epoch 219
balance: False
ratio: 0.1
=====> Saving current model and best model
selecting samples for epoch 220
balance: False
ratio: 0.1
=====> Saving current model and best model
selecting samples for epoch 221
balance: False
ratio: 0.1
=====> Saving current model and best model
selecting samples for epoch 222
balance: False
ratio: 0.1
=====> Saving current model and best model
selecting samples for epoch 223
balance: False
ratio: 0.1
=====> Saving current model and best model
selecting samples for epoch 224
balance: False
ratio: 0.1
=====> Saving current model and best model
selecting samples for epoch 225
balance: False
ratio: 0.1
=====> Saving current model and best model
selecting samples for epoch 226
balance: False
ratio: 0.1
=====> Epoch: 226/300, Total_step: 42488, lr: 0.001000, Total Time: 15352.5667 s, Time this epoch: 51.4601 s
=====> Epoch: 226/300, Train Loss (train loader labels): 148390.8281, Train acc (train loader labels): 0.1211, Best val acc: 0.2734, Current val acc: 0.0965, Val Loss: 113081.0234
=====> Saving current model and best model
selecting samples for epoch 227
balance: False
ratio: 0.1
=====> Saving current model and best model
selecting samples for epoch 228
balance: False
ratio: 0.1
=====> Saving current model and best model
selecting samples for epoch 229
balance: False
ratio: 0.1
=====> Saving current model and best model
selecting samples for epoch 230
balance: False
ratio: 0.1
=====> Saving current model and best model
selecting samples for epoch 231
balance: False
ratio: 0.1
=====> Saving current model and best model
selecting samples for epoch 232
balance: False
ratio: 0.1
=====> Saving current model and best model
selecting samples for epoch 233
balance: False
ratio: 0.1
=====> Saving current model and best model
selecting samples for epoch 234
balance: False
ratio: 0.1
=====> Saving current model and best model
selecting samples for epoch 235
balance: False
ratio: 0.1
=====> Saving current model and best model
selecting samples for epoch 236
balance: False
ratio: 0.1
=====> Saving current model and best model
selecting samples for epoch 237
balance: False
ratio: 0.1
=====> Saving current model and best model
selecting samples for epoch 238
balance: False
ratio: 0.1
=====> Saving current model and best model
selecting samples for epoch 239
balance: False
ratio: 0.1
=====> Saving current model and best model
selecting samples for epoch 240
balance: False
ratio: 0.1
=====> Saving current model and best model
selecting samples for epoch 241
balance: False
ratio: 0.1
=====> Epoch: 241/300, Total_step: 45308, lr: 0.001000, Total Time: 16198.8507 s, Time this epoch: 51.4967 s
=====> Epoch: 241/300, Train Loss (train loader labels): 17573.1309, Train acc (train loader labels): 0.1152, Best val acc: 0.2734, Current val acc: 0.0971, Val Loss: 12989.2354
=====> Saving current model and best model
selecting samples for epoch 242
balance: False
ratio: 0.1
=====> Saving current model and best model
selecting samples for epoch 243
balance: False
ratio: 0.1
=====> Saving current model and best model
selecting samples for epoch 244
balance: False
ratio: 0.1
=====> Saving current model and best model
selecting samples for epoch 245
balance: False
ratio: 0.1
=====> Saving current model and best model
selecting samples for epoch 246
balance: False
ratio: 0.1
=====> Saving current model and best model
selecting samples for epoch 247
balance: False
ratio: 0.1
=====> Saving current model and best model
selecting samples for epoch 248
balance: False
ratio: 0.1
=====> Saving current model and best model
selecting samples for epoch 249
balance: False
ratio: 0.1
=====> Saving current model and best model
selecting samples for epoch 250
balance: False
ratio: 0.1
=====> Saving current model and best model
selecting samples for epoch 251
balance: False
ratio: 0.1
=====> Saving current model and best model
selecting samples for epoch 252
balance: False
ratio: 0.1
=====> Saving current model and best model
selecting samples for epoch 253
balance: False
ratio: 0.1
=====> Saving current model and best model
selecting samples for epoch 254
balance: False
ratio: 0.1
=====> Saving current model and best model
selecting samples for epoch 255
balance: False
ratio: 0.1
=====> Saving current model and best model
selecting samples for epoch 256
balance: False
ratio: 0.1
=====> Epoch: 256/300, Total_step: 48128, lr: 0.001000, Total Time: 17047.5427 s, Time this epoch: 51.5994 s
=====> Epoch: 256/300, Train Loss (train loader labels): 17733549524254720.0000, Train acc (train loader labels): 0.0980, Best val acc: 0.2734, Current val acc: 0.0891, Val Loss: 12283970465038336.0000
=====> Saving current model and best model
selecting samples for epoch 257
balance: False
ratio: 0.1
=====> Saving current model and best model
selecting samples for epoch 258
balance: False
ratio: 0.1
=====> Saving current model and best model
selecting samples for epoch 259
balance: False
ratio: 0.1
=====> Saving current model and best model
selecting samples for epoch 260
balance: False
ratio: 0.1
=====> Saving current model and best model
selecting samples for epoch 261
balance: False
ratio: 0.1
=====> Saving current model and best model
selecting samples for epoch 262
balance: False
ratio: 0.1
=====> Saving current model and best model
selecting samples for epoch 263
balance: False
ratio: 0.1
=====> Saving current model and best model
selecting samples for epoch 264
balance: False
ratio: 0.1
=====> Saving current model and best model
selecting samples for epoch 265
balance: False
ratio: 0.1
=====> Saving current model and best model
selecting samples for epoch 266
balance: False
ratio: 0.1
=====> Saving current model and best model
selecting samples for epoch 267
balance: False
ratio: 0.1
=====> Saving current model and best model
selecting samples for epoch 268
balance: False
ratio: 0.1
=====> Saving current model and best model
selecting samples for epoch 269
balance: False
ratio: 0.1
=====> Saving current model and best model
selecting samples for epoch 270
balance: False
ratio: 0.1
=====> Saving current model and best model
selecting samples for epoch 271
balance: False
ratio: 0.1
=====> Epoch: 271/300, Total_step: 50948, lr: 0.001000, Total Time: 17892.4905 s, Time this epoch: 51.6214 s
=====> Epoch: 271/300, Train Loss (train loader labels): 1954722294530048.0000, Train acc (train loader labels): 0.1081, Best val acc: 0.2734, Current val acc: 0.1240, Val Loss: 1039336317386752.0000
=====> Saving current model and best model
selecting samples for epoch 272
balance: False
ratio: 0.1
=====> Saving current model and best model
selecting samples for epoch 273
balance: False
ratio: 0.1
=====> Saving current model and best model
selecting samples for epoch 274
balance: False
ratio: 0.1
=====> Saving current model and best model
selecting samples for epoch 275
balance: False
ratio: 0.1
=====> Saving current model and best model
selecting samples for epoch 276
balance: False
ratio: 0.1
=====> Saving current model and best model
selecting samples for epoch 277
balance: False
ratio: 0.1
=====> Saving current model and best model
selecting samples for epoch 278
balance: False
ratio: 0.1
=====> Saving current model and best model
selecting samples for epoch 279
balance: False
ratio: 0.1
=====> Saving current model and best model
selecting samples for epoch 280
balance: False
ratio: 0.1
=====> Saving current model and best model
selecting samples for epoch 281
balance: False
ratio: 0.1
=====> Saving current model and best model
selecting samples for epoch 282
balance: False
ratio: 0.1
=====> Saving current model and best model
selecting samples for epoch 283
balance: False
ratio: 0.1
=====> Saving current model and best model
selecting samples for epoch 284
balance: False
ratio: 0.1
=====> Saving current model and best model
selecting samples for epoch 285
balance: False
ratio: 0.1
=====> Saving current model and best model
selecting samples for epoch 286
balance: False
ratio: 0.1
=====> Epoch: 286/300, Total_step: 53768, lr: 0.001000, Total Time: 18742.1742 s, Time this epoch: 51.4542 s
=====> Epoch: 286/300, Train Loss (train loader labels): 369442315829248.0000, Train acc (train loader labels): 0.0918, Best val acc: 0.2734, Current val acc: 0.0950, Val Loss: 230337485471744.0000
=====> Saving current model and best model
selecting samples for epoch 287
balance: False
ratio: 0.1
=====> Saving current model and best model
selecting samples for epoch 288
balance: False
ratio: 0.1
=====> Saving current model and best model
selecting samples for epoch 289
balance: False
ratio: 0.1
=====> Saving current model and best model
selecting samples for epoch 290
balance: False
ratio: 0.1
=====> Saving current model and best model
selecting samples for epoch 291
balance: False
ratio: 0.1
=====> Saving current model and best model
selecting samples for epoch 292
balance: False
ratio: 0.1
=====> Saving current model and best model
selecting samples for epoch 293
balance: False
ratio: 0.1
=====> Saving current model and best model
selecting samples for epoch 294
balance: False
ratio: 0.1
=====> Saving current model and best model
selecting samples for epoch 295
balance: False
ratio: 0.1
=====> Saving current model and best model
selecting samples for epoch 296
balance: False
ratio: 0.1
=====> Saving current model and best model
selecting samples for epoch 297
balance: False
ratio: 0.1
=====> Saving current model and best model
selecting samples for epoch 298
balance: False
ratio: 0.1
=====> Saving current model and best model
selecting samples for epoch 299
balance: False
ratio: 0.1
=====> Saving current model and best model
selecting samples for epoch 300
balance: False
ratio: 0.1
=====> Epoch: 300/300, Total_step: 56400, lr: 0.001000, Total Time: 19538.8548 s, Time this epoch: 51.7537 s
=====> Epoch: 300/300, Train Loss (train loader labels): 38042647658496.0000, Train acc (train loader labels): 0.1119, Best val acc: 0.2734, Current val acc: 0.1155, Val Loss: 29292763283456.0000
=====> Saving current model and best model
Saved helper snapshots to /home/mward19/Documents/miller/Online-Batch-Selection/snapshots/MNIST/{"bsel":"Uniform","seed":2,"model":"DeepLinear","opt":"adamw","bs":320,"ratio":0.1,"lr":0.001,"wd":0.01,"layers":36,"hidden_dim":1000}.p
Saved selected points array to /home/mward19/Documents/miller/Online-Batch-Selection/selected_points/MNIST/{"bsel":"Uniform","seed":2,"model":"DeepLinear","opt":"adamw","bs":320,"ratio":0.1,"lr":0.001,"wd":0.01,"layers":36,"hidden_dim":1000}.npy
========================= End Main =========================
