save_dir: ./exp/CIFAR3/Bayesian_deeplinear_bs320_ep300_lr0.001_AdamW_constant_seed1_r0.1_8_hidden
=====> Loading config files: 
configs/cifar3/method/bayesian-0.1.yaml
configs/cifar3/data/cifar3.yaml
configs/cifar3/model/deep_linear_saxe/deep_linear_8.yaml
configs/cifar3/optim/adamw-320-0.001-0.01.yaml
configs/diagnostics/snapshots_log_interval.yaml
=====> Config files loaded.
========================= Start Main =========================
=====> Saving config file
=====> Config file saved
=====> Using fixed random seed: 1
=====> Wandb initialized
=====> Number of GPUs: 1
Creating Bayesian...
=====> Start teacher Validation
=====> teacher Test Accuracy: 0.7280
Cached teacher losses for 15000 samples in dataset.
Begin training for Bayesian...
=====> Epoch: 0/300, Total_step: 0, lr: 0.001000, Total Time: 0.0000 s, Time this epoch: 0.0000 s
=====> Epoch: 0/300, Train Loss (train loader labels): 1.0987, Train acc (train loader labels): 0.3243, Best val acc: 0.3123, Current val acc: 0.3123, Val Loss: 1.0988
balance: False
selecting samples for epoch 1, ratio 0.1
=====> Epoch: 1/300, Total_step: 1, lr: 0.001000, Total Time: 0.0000 s, Time this epoch: 0.0000 s
=====> Epoch: 1/300, Train Loss (train loader labels): 1.4651, Train acc (train loader labels): 0.3650, Best val acc: 0.3653, Current val acc: 0.3653, Val Loss: 1.4801
=====> Epoch: 1/300, Total_step: 12, lr: 0.001000, Total Time: 0.0000 s, Time this epoch: 0.0000 s
=====> Epoch: 1/300, Train Loss (train loader labels): 4.9047, Train acc (train loader labels): 0.3530, Best val acc: 0.3653, Current val acc: 0.3600, Val Loss: 4.6643
=====> Epoch: 1/300, Total_step: 23, lr: 0.001000, Total Time: 0.0000 s, Time this epoch: 0.0000 s
=====> Epoch: 1/300, Train Loss (train loader labels): 8.2961, Train acc (train loader labels): 0.3302, Best val acc: 0.3653, Current val acc: 0.3127, Val Loss: 8.4082
=====> Epoch: 1/300, Total_step: 34, lr: 0.001000, Total Time: 0.0000 s, Time this epoch: 0.0000 s
=====> Epoch: 1/300, Train Loss (train loader labels): 2.1918, Train acc (train loader labels): 0.3583, Best val acc: 0.3653, Current val acc: 0.3630, Val Loss: 2.0742
=====> Epoch: 1/300, Total_step: 45, lr: 0.001000, Total Time: 0.0000 s, Time this epoch: 0.0000 s
=====> Epoch: 1/300, Train Loss (train loader labels): 1.1901, Train acc (train loader labels): 0.2604, Best val acc: 0.3653, Current val acc: 0.2527, Val Loss: 1.1988
=====> Saving current model and best model
balance: False
selecting samples for epoch 2, ratio 0.1
=====> Epoch: 2/300, Total_step: 48, lr: 0.001000, Total Time: 125.9913 s, Time this epoch: 107.1437 s
=====> Epoch: 2/300, Train Loss (train loader labels): 1.1630, Train acc (train loader labels): 0.3593, Best val acc: 0.3653, Current val acc: 0.3583, Val Loss: 1.1531
=====> Epoch: 2/300, Total_step: 59, lr: 0.001000, Total Time: 125.9913 s, Time this epoch: 107.1437 s
=====> Epoch: 2/300, Train Loss (train loader labels): 1.0935, Train acc (train loader labels): 0.3801, Best val acc: 0.3773, Current val acc: 0.3773, Val Loss: 1.0969
=====> Epoch: 2/300, Total_step: 70, lr: 0.001000, Total Time: 125.9913 s, Time this epoch: 107.1437 s
=====> Epoch: 2/300, Train Loss (train loader labels): 1.0965, Train acc (train loader labels): 0.3464, Best val acc: 0.3773, Current val acc: 0.3477, Val Loss: 1.0972
=====> Epoch: 2/300, Total_step: 81, lr: 0.001000, Total Time: 125.9913 s, Time this epoch: 107.1437 s
=====> Epoch: 2/300, Train Loss (train loader labels): 1.0941, Train acc (train loader labels): 0.3599, Best val acc: 0.3773, Current val acc: 0.3507, Val Loss: 1.0952
=====> Epoch: 2/300, Total_step: 92, lr: 0.001000, Total Time: 125.9913 s, Time this epoch: 107.1437 s
=====> Epoch: 2/300, Train Loss (train loader labels): 1.0914, Train acc (train loader labels): 0.3801, Best val acc: 0.3867, Current val acc: 0.3867, Val Loss: 1.0904
=====> Saving current model and best model
balance: False
selecting samples for epoch 3, ratio 0.1
=====> Epoch: 3/300, Total_step: 95, lr: 0.001000, Total Time: 234.0819 s, Time this epoch: 107.7124 s
=====> Epoch: 3/300, Train Loss (train loader labels): 1.0917, Train acc (train loader labels): 0.3601, Best val acc: 0.3867, Current val acc: 0.3677, Val Loss: 1.0912
=====> Epoch: 3/300, Total_step: 106, lr: 0.001000, Total Time: 234.0819 s, Time this epoch: 107.7124 s
=====> Epoch: 3/300, Train Loss (train loader labels): 1.0893, Train acc (train loader labels): 0.3636, Best val acc: 0.3867, Current val acc: 0.3700, Val Loss: 1.0884
=====> Epoch: 3/300, Total_step: 117, lr: 0.001000, Total Time: 234.0819 s, Time this epoch: 107.7124 s
=====> Epoch: 3/300, Train Loss (train loader labels): 1.0892, Train acc (train loader labels): 0.3731, Best val acc: 0.3867, Current val acc: 0.3827, Val Loss: 1.0878
=====> Epoch: 3/300, Total_step: 128, lr: 0.001000, Total Time: 234.0819 s, Time this epoch: 107.7124 s
=====> Epoch: 3/300, Train Loss (train loader labels): 1.0855, Train acc (train loader labels): 0.3975, Best val acc: 0.4043, Current val acc: 0.4043, Val Loss: 1.0846
=====> Epoch: 3/300, Total_step: 139, lr: 0.001000, Total Time: 234.0819 s, Time this epoch: 107.7124 s
=====> Epoch: 3/300, Train Loss (train loader labels): 1.0835, Train acc (train loader labels): 0.4042, Best val acc: 0.4043, Current val acc: 0.4033, Val Loss: 1.0822
=====> Saving current model and best model
balance: False
selecting samples for epoch 4, ratio 0.1
=====> Epoch: 4/300, Total_step: 142, lr: 0.001000, Total Time: 341.0775 s, Time this epoch: 106.6961 s
=====> Epoch: 4/300, Train Loss (train loader labels): 1.0834, Train acc (train loader labels): 0.4031, Best val acc: 0.4043, Current val acc: 0.4037, Val Loss: 1.0822
=====> Epoch: 4/300, Total_step: 153, lr: 0.001000, Total Time: 341.0775 s, Time this epoch: 106.6961 s
=====> Epoch: 4/300, Train Loss (train loader labels): 1.0832, Train acc (train loader labels): 0.3961, Best val acc: 0.4043, Current val acc: 0.4033, Val Loss: 1.0821
=====> Epoch: 4/300, Total_step: 164, lr: 0.001000, Total Time: 341.0775 s, Time this epoch: 106.6961 s
=====> Epoch: 4/300, Train Loss (train loader labels): 1.0850, Train acc (train loader labels): 0.3819, Best val acc: 0.4043, Current val acc: 0.3853, Val Loss: 1.0836
=====> Epoch: 4/300, Total_step: 175, lr: 0.001000, Total Time: 341.0775 s, Time this epoch: 106.6961 s
=====> Epoch: 4/300, Train Loss (train loader labels): 1.0829, Train acc (train loader labels): 0.4015, Best val acc: 0.4103, Current val acc: 0.4103, Val Loss: 1.0817
=====> Epoch: 4/300, Total_step: 186, lr: 0.001000, Total Time: 341.0775 s, Time this epoch: 106.6961 s
=====> Epoch: 4/300, Train Loss (train loader labels): 1.0813, Train acc (train loader labels): 0.4207, Best val acc: 0.4273, Current val acc: 0.4273, Val Loss: 1.0802
=====> Saving current model and best model
balance: False
selecting samples for epoch 5, ratio 0.1
=====> Epoch: 5/300, Total_step: 189, lr: 0.001000, Total Time: 448.8404 s, Time this epoch: 107.4464 s
=====> Epoch: 5/300, Train Loss (train loader labels): 1.0821, Train acc (train loader labels): 0.4133, Best val acc: 0.4273, Current val acc: 0.4167, Val Loss: 1.0809
=====> Epoch: 5/300, Total_step: 200, lr: 0.001000, Total Time: 448.8404 s, Time this epoch: 107.4464 s
=====> Epoch: 5/300, Train Loss (train loader labels): 1.0866, Train acc (train loader labels): 0.3825, Best val acc: 0.4273, Current val acc: 0.3833, Val Loss: 1.0857
=====> Epoch: 5/300, Total_step: 211, lr: 0.001000, Total Time: 448.8404 s, Time this epoch: 107.4464 s
=====> Epoch: 5/300, Train Loss (train loader labels): 1.0818, Train acc (train loader labels): 0.4079, Best val acc: 0.4273, Current val acc: 0.4033, Val Loss: 1.0806
=====> Epoch: 5/300, Total_step: 222, lr: 0.001000, Total Time: 448.8404 s, Time this epoch: 107.4464 s
=====> Epoch: 5/300, Train Loss (train loader labels): 1.0838, Train acc (train loader labels): 0.3892, Best val acc: 0.4273, Current val acc: 0.3957, Val Loss: 1.0826
=====> Epoch: 5/300, Total_step: 233, lr: 0.001000, Total Time: 448.8404 s, Time this epoch: 107.4464 s
=====> Epoch: 5/300, Train Loss (train loader labels): 1.0822, Train acc (train loader labels): 0.4099, Best val acc: 0.4273, Current val acc: 0.4193, Val Loss: 1.0803
=====> Saving current model and best model
balance: False
selecting samples for epoch 6, ratio 0.1
=====> Epoch: 6/300, Total_step: 282, lr: 0.001000, Total Time: 557.0671 s, Time this epoch: 107.8887 s
=====> Epoch: 6/300, Train Loss (train loader labels): 1.0833, Train acc (train loader labels): 0.3977, Best val acc: 0.4273, Current val acc: 0.4077, Val Loss: 1.0817
=====> Saving current model and best model
balance: False
selecting samples for epoch 7, ratio 0.1
=====> Epoch: 7/300, Total_step: 329, lr: 0.001000, Total Time: 593.4087 s, Time this epoch: 36.0362 s
=====> Epoch: 7/300, Train Loss (train loader labels): 1.0843, Train acc (train loader labels): 0.3875, Best val acc: 0.4273, Current val acc: 0.4020, Val Loss: 1.0836
=====> Saving current model and best model
balance: False
selecting samples for epoch 8, ratio 0.1
=====> Epoch: 8/300, Total_step: 376, lr: 0.001000, Total Time: 629.7752 s, Time this epoch: 36.0513 s
=====> Epoch: 8/300, Train Loss (train loader labels): 1.0775, Train acc (train loader labels): 0.4254, Best val acc: 0.4313, Current val acc: 0.4313, Val Loss: 1.0756
=====> Saving current model and best model
balance: False
selecting samples for epoch 9, ratio 0.1
=====> Epoch: 9/300, Total_step: 423, lr: 0.001000, Total Time: 666.0687 s, Time this epoch: 35.9868 s
=====> Epoch: 9/300, Train Loss (train loader labels): 1.0794, Train acc (train loader labels): 0.4153, Best val acc: 0.4313, Current val acc: 0.4197, Val Loss: 1.0774
=====> Saving current model and best model
balance: False
selecting samples for epoch 10, ratio 0.1
=====> Epoch: 10/300, Total_step: 470, lr: 0.001000, Total Time: 703.1693 s, Time this epoch: 35.9081 s
=====> Epoch: 10/300, Train Loss (train loader labels): 1.0776, Train acc (train loader labels): 0.4254, Best val acc: 0.4313, Current val acc: 0.4267, Val Loss: 1.0763
=====> Saving current model and best model
balance: False
selecting samples for epoch 11, ratio 0.1
=====> Epoch: 11/300, Total_step: 517, lr: 0.001000, Total Time: 739.6528 s, Time this epoch: 36.1445 s
=====> Epoch: 11/300, Train Loss (train loader labels): 1.0812, Train acc (train loader labels): 0.4112, Best val acc: 0.4313, Current val acc: 0.4190, Val Loss: 1.0796
=====> Saving current model and best model
balance: False
selecting samples for epoch 12, ratio 0.1
=====> Epoch: 12/300, Total_step: 564, lr: 0.001000, Total Time: 776.1950 s, Time this epoch: 36.2205 s
=====> Epoch: 12/300, Train Loss (train loader labels): 1.0773, Train acc (train loader labels): 0.4274, Best val acc: 0.4320, Current val acc: 0.4320, Val Loss: 1.0757
=====> Saving current model and best model
balance: False
selecting samples for epoch 13, ratio 0.1
=====> Epoch: 13/300, Total_step: 611, lr: 0.001000, Total Time: 812.6450 s, Time this epoch: 36.1094 s
=====> Epoch: 13/300, Train Loss (train loader labels): 1.0806, Train acc (train loader labels): 0.4141, Best val acc: 0.4320, Current val acc: 0.4203, Val Loss: 1.0790
=====> Saving current model and best model
balance: False
selecting samples for epoch 14, ratio 0.1
=====> Epoch: 14/300, Total_step: 658, lr: 0.001000, Total Time: 849.2585 s, Time this epoch: 35.5627 s
=====> Epoch: 14/300, Train Loss (train loader labels): 1.0767, Train acc (train loader labels): 0.4190, Best val acc: 0.4320, Current val acc: 0.4293, Val Loss: 1.0749
=====> Saving current model and best model
balance: False
selecting samples for epoch 15, ratio 0.1
=====> Epoch: 15/300, Total_step: 705, lr: 0.001000, Total Time: 885.6869 s, Time this epoch: 36.0662 s
=====> Epoch: 15/300, Train Loss (train loader labels): 1.0808, Train acc (train loader labels): 0.4083, Best val acc: 0.4320, Current val acc: 0.4103, Val Loss: 1.0796
=====> Saving current model and best model
balance: False
selecting samples for epoch 16, ratio 0.1
=====> Epoch: 16/300, Total_step: 752, lr: 0.001000, Total Time: 922.1272 s, Time this epoch: 36.1131 s
=====> Epoch: 16/300, Train Loss (train loader labels): 1.0771, Train acc (train loader labels): 0.4243, Best val acc: 0.4330, Current val acc: 0.4330, Val Loss: 1.0753
=====> Saving current model and best model
balance: False
selecting samples for epoch 17, ratio 0.1
=====> Epoch: 17/300, Total_step: 799, lr: 0.001000, Total Time: 958.9926 s, Time this epoch: 36.5168 s
=====> Epoch: 17/300, Train Loss (train loader labels): 1.0796, Train acc (train loader labels): 0.4166, Best val acc: 0.4330, Current val acc: 0.4230, Val Loss: 1.0778
=====> Saving current model and best model
balance: False
selecting samples for epoch 18, ratio 0.1
=====> Epoch: 18/300, Total_step: 846, lr: 0.001000, Total Time: 997.2336 s, Time this epoch: 36.3889 s
=====> Epoch: 18/300, Train Loss (train loader labels): 1.0820, Train acc (train loader labels): 0.3978, Best val acc: 0.4330, Current val acc: 0.4000, Val Loss: 1.0809
=====> Saving current model and best model
balance: False
selecting samples for epoch 19, ratio 0.1
=====> Epoch: 19/300, Total_step: 893, lr: 0.001000, Total Time: 1033.8423 s, Time this epoch: 36.2226 s
=====> Epoch: 19/300, Train Loss (train loader labels): 1.0797, Train acc (train loader labels): 0.4095, Best val acc: 0.4330, Current val acc: 0.4173, Val Loss: 1.0780
=====> Saving current model and best model
balance: False
selecting samples for epoch 20, ratio 0.1
=====> Epoch: 20/300, Total_step: 940, lr: 0.001000, Total Time: 1070.2441 s, Time this epoch: 36.0215 s
=====> Epoch: 20/300, Train Loss (train loader labels): 1.0767, Train acc (train loader labels): 0.4244, Best val acc: 0.4330, Current val acc: 0.4297, Val Loss: 1.0745
=====> Saving current model and best model
balance: False
selecting samples for epoch 21, ratio 0.1
=====> Epoch: 21/300, Total_step: 987, lr: 0.001000, Total Time: 1106.9385 s, Time this epoch: 36.3313 s
=====> Epoch: 21/300, Train Loss (train loader labels): 1.0793, Train acc (train loader labels): 0.4081, Best val acc: 0.4330, Current val acc: 0.4127, Val Loss: 1.0783
=====> Saving current model and best model
balance: False
selecting samples for epoch 22, ratio 0.1
=====> Epoch: 22/300, Total_step: 1034, lr: 0.001000, Total Time: 1143.4642 s, Time this epoch: 36.1837 s
=====> Epoch: 22/300, Train Loss (train loader labels): 1.0767, Train acc (train loader labels): 0.4169, Best val acc: 0.4330, Current val acc: 0.4143, Val Loss: 1.0758
=====> Saving current model and best model
balance: False
selecting samples for epoch 23, ratio 0.1
=====> Epoch: 23/300, Total_step: 1081, lr: 0.001000, Total Time: 1180.8361 s, Time this epoch: 36.9602 s
=====> Epoch: 23/300, Train Loss (train loader labels): 1.0792, Train acc (train loader labels): 0.4183, Best val acc: 0.4330, Current val acc: 0.4263, Val Loss: 1.0772
=====> Saving current model and best model
balance: False
selecting samples for epoch 24, ratio 0.1
=====> Epoch: 24/300, Total_step: 1128, lr: 0.001000, Total Time: 1217.8467 s, Time this epoch: 36.5725 s
=====> Epoch: 24/300, Train Loss (train loader labels): 1.0801, Train acc (train loader labels): 0.3958, Best val acc: 0.4330, Current val acc: 0.4150, Val Loss: 1.0783
=====> Saving current model and best model
balance: False
selecting samples for epoch 25, ratio 0.1
=====> Epoch: 25/300, Total_step: 1175, lr: 0.001000, Total Time: 1254.4796 s, Time this epoch: 36.2713 s
=====> Epoch: 25/300, Train Loss (train loader labels): 1.0759, Train acc (train loader labels): 0.4346, Best val acc: 0.4417, Current val acc: 0.4417, Val Loss: 1.0741
=====> Saving current model and best model
balance: False
selecting samples for epoch 26, ratio 0.1
=====> Epoch: 26/300, Total_step: 1222, lr: 0.001000, Total Time: 1291.3123 s, Time this epoch: 36.4410 s
=====> Epoch: 26/300, Train Loss (train loader labels): 1.0829, Train acc (train loader labels): 0.3905, Best val acc: 0.4417, Current val acc: 0.3990, Val Loss: 1.0816
=====> Saving current model and best model
balance: False
selecting samples for epoch 27, ratio 0.1
=====> Saving current model and best model
balance: False
selecting samples for epoch 28, ratio 0.1
=====> Saving current model and best model
balance: False
selecting samples for epoch 29, ratio 0.1
=====> Epoch: 29/300, Total_step: 1363, lr: 0.001000, Total Time: 1364.5446 s, Time this epoch: 17.3754 s
=====> Epoch: 29/300, Train Loss (train loader labels): 1.0783, Train acc (train loader labels): 0.4233, Best val acc: 0.4417, Current val acc: 0.4313, Val Loss: 1.0766
=====> Saving current model and best model
balance: False
selecting samples for epoch 30, ratio 0.1
=====> Saving current model and best model
balance: False
selecting samples for epoch 31, ratio 0.1
=====> Saving current model and best model
balance: False
selecting samples for epoch 32, ratio 0.1
=====> Saving current model and best model
balance: False
selecting samples for epoch 33, ratio 0.1
=====> Epoch: 33/300, Total_step: 1551, lr: 0.001000, Total Time: 1454.8847 s, Time this epoch: 17.4236 s
=====> Epoch: 33/300, Train Loss (train loader labels): 1.0838, Train acc (train loader labels): 0.3795, Best val acc: 0.4417, Current val acc: 0.3857, Val Loss: 1.0824
=====> Saving current model and best model
balance: False
selecting samples for epoch 34, ratio 0.1
=====> Saving current model and best model
balance: False
selecting samples for epoch 35, ratio 0.1
=====> Saving current model and best model
balance: False
selecting samples for epoch 36, ratio 0.1
=====> Saving current model and best model
balance: False
selecting samples for epoch 37, ratio 0.1
=====> Epoch: 37/300, Total_step: 1739, lr: 0.001000, Total Time: 1544.8517 s, Time this epoch: 17.3522 s
=====> Epoch: 37/300, Train Loss (train loader labels): 1.0761, Train acc (train loader labels): 0.4263, Best val acc: 0.4457, Current val acc: 0.4457, Val Loss: 1.0739
=====> Saving current model and best model
balance: False
selecting samples for epoch 38, ratio 0.1
=====> Saving current model and best model
balance: False
selecting samples for epoch 39, ratio 0.1
=====> Saving current model and best model
balance: False
selecting samples for epoch 40, ratio 0.1
=====> Saving current model and best model
balance: False
selecting samples for epoch 41, ratio 0.1
=====> Epoch: 41/300, Total_step: 1927, lr: 0.001000, Total Time: 1635.5021 s, Time this epoch: 17.4709 s
=====> Epoch: 41/300, Train Loss (train loader labels): 1.0754, Train acc (train loader labels): 0.4292, Best val acc: 0.4457, Current val acc: 0.4340, Val Loss: 1.0733
=====> Saving current model and best model
balance: False
selecting samples for epoch 42, ratio 0.1
=====> Saving current model and best model
balance: False
selecting samples for epoch 43, ratio 0.1
=====> Saving current model and best model
balance: False
selecting samples for epoch 44, ratio 0.1
=====> Saving current model and best model
balance: False
selecting samples for epoch 45, ratio 0.1
=====> Epoch: 45/300, Total_step: 2115, lr: 0.001000, Total Time: 1725.5301 s, Time this epoch: 17.4099 s
=====> Epoch: 45/300, Train Loss (train loader labels): 1.0777, Train acc (train loader labels): 0.4275, Best val acc: 0.4457, Current val acc: 0.4397, Val Loss: 1.0758
=====> Saving current model and best model
balance: False
selecting samples for epoch 46, ratio 0.1
=====> Saving current model and best model
balance: False
selecting samples for epoch 47, ratio 0.1
=====> Saving current model and best model
balance: False
selecting samples for epoch 48, ratio 0.1
=====> Saving current model and best model
balance: False
selecting samples for epoch 49, ratio 0.1
=====> Epoch: 49/300, Total_step: 2303, lr: 0.001000, Total Time: 1815.1736 s, Time this epoch: 17.0996 s
=====> Epoch: 49/300, Train Loss (train loader labels): 1.0762, Train acc (train loader labels): 0.4223, Best val acc: 0.4457, Current val acc: 0.4293, Val Loss: 1.0739
=====> Saving current model and best model
balance: False
selecting samples for epoch 50, ratio 0.1
=====> Saving current model and best model
balance: False
selecting samples for epoch 51, ratio 0.1
=====> Saving current model and best model
balance: False
selecting samples for epoch 52, ratio 0.1
=====> Saving current model and best model
balance: False
selecting samples for epoch 53, ratio 0.1
=====> Epoch: 53/300, Total_step: 2491, lr: 0.001000, Total Time: 1905.4534 s, Time this epoch: 17.4398 s
=====> Epoch: 53/300, Train Loss (train loader labels): 1.0785, Train acc (train loader labels): 0.4161, Best val acc: 0.4457, Current val acc: 0.4247, Val Loss: 1.0766
=====> Saving current model and best model
balance: False
selecting samples for epoch 54, ratio 0.1
=====> Saving current model and best model
balance: False
selecting samples for epoch 55, ratio 0.1
=====> Saving current model and best model
balance: False
selecting samples for epoch 56, ratio 0.1
=====> Saving current model and best model
balance: False
selecting samples for epoch 57, ratio 0.1
=====> Epoch: 57/300, Total_step: 2679, lr: 0.001000, Total Time: 1995.6792 s, Time this epoch: 17.5395 s
=====> Epoch: 57/300, Train Loss (train loader labels): 1.0783, Train acc (train loader labels): 0.4201, Best val acc: 0.4457, Current val acc: 0.4307, Val Loss: 1.0763
=====> Saving current model and best model
balance: False
selecting samples for epoch 58, ratio 0.1
=====> Saving current model and best model
balance: False
selecting samples for epoch 59, ratio 0.1
=====> Saving current model and best model
balance: False
selecting samples for epoch 60, ratio 0.1
=====> Saving current model and best model
balance: False
selecting samples for epoch 61, ratio 0.1
=====> Epoch: 61/300, Total_step: 2867, lr: 0.001000, Total Time: 2085.8464 s, Time this epoch: 17.3985 s
=====> Epoch: 61/300, Train Loss (train loader labels): 1.0782, Train acc (train loader labels): 0.4224, Best val acc: 0.4457, Current val acc: 0.4360, Val Loss: 1.0768
=====> Saving current model and best model
balance: False
selecting samples for epoch 62, ratio 0.1
=====> Saving current model and best model
balance: False
selecting samples for epoch 63, ratio 0.1
=====> Saving current model and best model
balance: False
selecting samples for epoch 64, ratio 0.1
=====> Saving current model and best model
balance: False
selecting samples for epoch 65, ratio 0.1
=====> Epoch: 65/300, Total_step: 3055, lr: 0.001000, Total Time: 2175.5548 s, Time this epoch: 17.3023 s
=====> Epoch: 65/300, Train Loss (train loader labels): 1.0811, Train acc (train loader labels): 0.4135, Best val acc: 0.4457, Current val acc: 0.4190, Val Loss: 1.0797
=====> Saving current model and best model
balance: False
selecting samples for epoch 66, ratio 0.1
=====> Saving current model and best model
balance: False
selecting samples for epoch 67, ratio 0.1
=====> Saving current model and best model
balance: False
selecting samples for epoch 68, ratio 0.1
=====> Saving current model and best model
balance: False
selecting samples for epoch 69, ratio 0.1
=====> Saving current model and best model
balance: False
selecting samples for epoch 70, ratio 0.1
=====> Saving current model and best model
balance: False
selecting samples for epoch 71, ratio 0.1
=====> Saving current model and best model
balance: False
selecting samples for epoch 72, ratio 0.1
=====> Saving current model and best model
balance: False
selecting samples for epoch 73, ratio 0.1
=====> Saving current model and best model
balance: False
selecting samples for epoch 74, ratio 0.1
=====> Saving current model and best model
balance: False
selecting samples for epoch 75, ratio 0.1
=====> Saving current model and best model
balance: False
selecting samples for epoch 76, ratio 0.1
=====> Epoch: 76/300, Total_step: 3572, lr: 0.001000, Total Time: 2389.3741 s, Time this epoch: 17.2784 s
=====> Epoch: 76/300, Train Loss (train loader labels): 1.0797, Train acc (train loader labels): 0.4005, Best val acc: 0.4457, Current val acc: 0.4103, Val Loss: 1.0776
=====> Saving current model and best model
balance: False
selecting samples for epoch 77, ratio 0.1
=====> Saving current model and best model
balance: False
selecting samples for epoch 78, ratio 0.1
=====> Saving current model and best model
balance: False
selecting samples for epoch 79, ratio 0.1
=====> Saving current model and best model
balance: False
selecting samples for epoch 80, ratio 0.1
=====> Saving current model and best model
balance: False
selecting samples for epoch 81, ratio 0.1
=====> Saving current model and best model
balance: False
selecting samples for epoch 82, ratio 0.1
=====> Saving current model and best model
balance: False
selecting samples for epoch 83, ratio 0.1
=====> Saving current model and best model
balance: False
selecting samples for epoch 84, ratio 0.1
=====> Saving current model and best model
balance: False
selecting samples for epoch 85, ratio 0.1
=====> Saving current model and best model
balance: False
selecting samples for epoch 86, ratio 0.1
=====> Saving current model and best model
balance: False
selecting samples for epoch 87, ratio 0.1
=====> Saving current model and best model
balance: False
selecting samples for epoch 88, ratio 0.1
=====> Saving current model and best model
balance: False
selecting samples for epoch 89, ratio 0.1
=====> Saving current model and best model
balance: False
selecting samples for epoch 90, ratio 0.1
=====> Saving current model and best model
balance: False
selecting samples for epoch 91, ratio 0.1
=====> Epoch: 91/300, Total_step: 4277, lr: 0.001000, Total Time: 2672.5484 s, Time this epoch: 17.2654 s
=====> Epoch: 91/300, Train Loss (train loader labels): 1.0826, Train acc (train loader labels): 0.3903, Best val acc: 0.4457, Current val acc: 0.3987, Val Loss: 1.0814
=====> Saving current model and best model
balance: False
selecting samples for epoch 92, ratio 0.1
=====> Saving current model and best model
balance: False
selecting samples for epoch 93, ratio 0.1
=====> Saving current model and best model
balance: False
selecting samples for epoch 94, ratio 0.1
=====> Saving current model and best model
balance: False
selecting samples for epoch 95, ratio 0.1
=====> Saving current model and best model
balance: False
selecting samples for epoch 96, ratio 0.1
=====> Saving current model and best model
balance: False
selecting samples for epoch 97, ratio 0.1
=====> Saving current model and best model
balance: False
selecting samples for epoch 98, ratio 0.1
=====> Saving current model and best model
balance: False
selecting samples for epoch 99, ratio 0.1
=====> Saving current model and best model
balance: False
selecting samples for epoch 100, ratio 0.1
=====> Saving current model and best model
balance: False
selecting samples for epoch 101, ratio 0.1
=====> Saving current model and best model
balance: False
selecting samples for epoch 102, ratio 0.1
=====> Saving current model and best model
balance: False
selecting samples for epoch 103, ratio 0.1
=====> Saving current model and best model
balance: False
selecting samples for epoch 104, ratio 0.1
=====> Saving current model and best model
balance: False
selecting samples for epoch 105, ratio 0.1
=====> Saving current model and best model
balance: False
selecting samples for epoch 106, ratio 0.1
=====> Epoch: 106/300, Total_step: 4982, lr: 0.001000, Total Time: 2956.8938 s, Time this epoch: 17.4057 s
=====> Epoch: 106/300, Train Loss (train loader labels): 1.0785, Train acc (train loader labels): 0.4154, Best val acc: 0.4457, Current val acc: 0.4263, Val Loss: 1.0768
=====> Saving current model and best model
balance: False
selecting samples for epoch 107, ratio 0.1
=====> Saving current model and best model
balance: False
selecting samples for epoch 108, ratio 0.1
=====> Saving current model and best model
balance: False
selecting samples for epoch 109, ratio 0.1
=====> Saving current model and best model
balance: False
selecting samples for epoch 110, ratio 0.1
=====> Saving current model and best model
balance: False
selecting samples for epoch 111, ratio 0.1
=====> Saving current model and best model
balance: False
selecting samples for epoch 112, ratio 0.1
=====> Saving current model and best model
balance: False
selecting samples for epoch 113, ratio 0.1
=====> Saving current model and best model
balance: False
selecting samples for epoch 114, ratio 0.1
=====> Saving current model and best model
balance: False
selecting samples for epoch 115, ratio 0.1
=====> Saving current model and best model
balance: False
selecting samples for epoch 116, ratio 0.1
=====> Saving current model and best model
balance: False
selecting samples for epoch 117, ratio 0.1
=====> Saving current model and best model
balance: False
selecting samples for epoch 118, ratio 0.1
=====> Saving current model and best model
balance: False
selecting samples for epoch 119, ratio 0.1
=====> Saving current model and best model
balance: False
selecting samples for epoch 120, ratio 0.1
=====> Saving current model and best model
balance: False
selecting samples for epoch 121, ratio 0.1
=====> Epoch: 121/300, Total_step: 5687, lr: 0.001000, Total Time: 3241.6188 s, Time this epoch: 17.3978 s
=====> Epoch: 121/300, Train Loss (train loader labels): 1.0846, Train acc (train loader labels): 0.3800, Best val acc: 0.4457, Current val acc: 0.3850, Val Loss: 1.0835
=====> Saving current model and best model
balance: False
selecting samples for epoch 122, ratio 0.1
=====> Saving current model and best model
balance: False
selecting samples for epoch 123, ratio 0.1
=====> Saving current model and best model
balance: False
selecting samples for epoch 124, ratio 0.1
=====> Saving current model and best model
balance: False
selecting samples for epoch 125, ratio 0.1
=====> Saving current model and best model
balance: False
selecting samples for epoch 126, ratio 0.1
=====> Saving current model and best model
balance: False
selecting samples for epoch 127, ratio 0.1
=====> Saving current model and best model
balance: False
selecting samples for epoch 128, ratio 0.1
=====> Saving current model and best model
balance: False
selecting samples for epoch 129, ratio 0.1
=====> Saving current model and best model
balance: False
selecting samples for epoch 130, ratio 0.1
=====> Saving current model and best model
balance: False
selecting samples for epoch 131, ratio 0.1
=====> Saving current model and best model
balance: False
selecting samples for epoch 132, ratio 0.1
=====> Saving current model and best model
balance: False
selecting samples for epoch 133, ratio 0.1
=====> Saving current model and best model
balance: False
selecting samples for epoch 134, ratio 0.1
=====> Saving current model and best model
balance: False
selecting samples for epoch 135, ratio 0.1
=====> Saving current model and best model
balance: False
selecting samples for epoch 136, ratio 0.1
=====> Epoch: 136/300, Total_step: 6392, lr: 0.001000, Total Time: 3525.8835 s, Time this epoch: 16.9427 s
=====> Epoch: 136/300, Train Loss (train loader labels): 1.0866, Train acc (train loader labels): 0.3644, Best val acc: 0.4457, Current val acc: 0.3717, Val Loss: 1.0859
=====> Saving current model and best model
balance: False
selecting samples for epoch 137, ratio 0.1
=====> Saving current model and best model
balance: False
selecting samples for epoch 138, ratio 0.1
=====> Saving current model and best model
balance: False
selecting samples for epoch 139, ratio 0.1
=====> Saving current model and best model
balance: False
selecting samples for epoch 140, ratio 0.1
=====> Saving current model and best model
balance: False
selecting samples for epoch 141, ratio 0.1
=====> Saving current model and best model
balance: False
selecting samples for epoch 142, ratio 0.1
=====> Saving current model and best model
balance: False
selecting samples for epoch 143, ratio 0.1
=====> Saving current model and best model
balance: False
selecting samples for epoch 144, ratio 0.1
=====> Saving current model and best model
balance: False
selecting samples for epoch 145, ratio 0.1
=====> Saving current model and best model
balance: False
selecting samples for epoch 146, ratio 0.1
=====> Saving current model and best model
balance: False
selecting samples for epoch 147, ratio 0.1
=====> Saving current model and best model
balance: False
selecting samples for epoch 148, ratio 0.1
=====> Saving current model and best model
balance: False
selecting samples for epoch 149, ratio 0.1
=====> Saving current model and best model
balance: False
selecting samples for epoch 150, ratio 0.1
=====> Saving current model and best model
balance: False
selecting samples for epoch 151, ratio 0.1
=====> Epoch: 151/300, Total_step: 7097, lr: 0.001000, Total Time: 3812.8052 s, Time this epoch: 17.4184 s
=====> Epoch: 151/300, Train Loss (train loader labels): 1.0773, Train acc (train loader labels): 0.4175, Best val acc: 0.4457, Current val acc: 0.4303, Val Loss: 1.0759
=====> Saving current model and best model
balance: False
selecting samples for epoch 152, ratio 0.1
=====> Saving current model and best model
balance: False
selecting samples for epoch 153, ratio 0.1
=====> Saving current model and best model
balance: False
selecting samples for epoch 154, ratio 0.1
=====> Saving current model and best model
balance: False
selecting samples for epoch 155, ratio 0.1
=====> Saving current model and best model
balance: False
selecting samples for epoch 156, ratio 0.1
=====> Saving current model and best model
balance: False
selecting samples for epoch 157, ratio 0.1
=====> Saving current model and best model
balance: False
selecting samples for epoch 158, ratio 0.1
=====> Saving current model and best model
balance: False
selecting samples for epoch 159, ratio 0.1
=====> Saving current model and best model
balance: False
selecting samples for epoch 160, ratio 0.1
=====> Saving current model and best model
balance: False
selecting samples for epoch 161, ratio 0.1
=====> Saving current model and best model
balance: False
selecting samples for epoch 162, ratio 0.1
=====> Saving current model and best model
balance: False
selecting samples for epoch 163, ratio 0.1
=====> Saving current model and best model
balance: False
selecting samples for epoch 164, ratio 0.1
=====> Saving current model and best model
balance: False
selecting samples for epoch 165, ratio 0.1
=====> Saving current model and best model
balance: False
selecting samples for epoch 166, ratio 0.1
[1;34mwandb[0m: 
[1;34mwandb[0m: You can sync this run to the cloud by running:
[1;34mwandb[0m: [1mwandb sync exp/CIFAR3/Bayesian_deeplinear_bs320_ep300_lr0.001_AdamW_constant_seed1_r0.1_8_hidden/wandb/offline-run-20260605_165846-n0l1sn6f[0m
