save_dir: ./exp/MNIST/RhoLoss_deeplinear_bs320_ep300_lr0.001_AdamW_constant_seed3_r0.1_36_hidden
=====> Loading config files: 
configs/mnist/method/rholoss-0.1.yaml
configs/mnist/data/mnist.yaml
configs/mnist/model/deep_linear_saxe/deep_linear_36.yaml
configs/mnist/optim/adamw-320-0.001-0.01.yaml
configs/diagnostics/snapshots_log_interval.yaml
=====> Config files loaded.
========================= Start Main =========================
=====> Saving config file
=====> Config file saved
=====> Using fixed random seed: 3
=====> Wandb initialized
=====> Number of GPUs: 1
Creating RhoLoss...
Cached irreducible losses for 60000 samples in dataset.
=====> Start teacher Validation
=====> teacher Test Accuracy: 0.3469
Begin training for RhoLoss...
=====> Epoch: 0/300, Total_step: 0, lr: 0.001000, Total Time: 0.0000 s, Time this epoch: 0.0000 s
=====> Epoch: 0/300, Train Loss (train loader labels): 2.3030, Train acc (train loader labels): 0.1022, Best val acc: 0.1010, Current val acc: 0.1010, Val Loss: 2.3030
balance: False
selecting samples for epoch 1, ratio 0.1
=====> Epoch: 1/300, Total_step: 1, lr: 0.001000, Total Time: 0.0000 s, Time this epoch: 0.0000 s
=====> Epoch: 1/300, Train Loss (train loader labels): 2.3358, Train acc (train loader labels): 0.0987, Best val acc: 0.1010, Current val acc: 0.0980, Val Loss: 2.3367
=====> Epoch: 1/300, Total_step: 48, lr: 0.001000, Total Time: 0.0000 s, Time this epoch: 0.0000 s
=====> Epoch: 1/300, Train Loss (train loader labels): 608039936.0000, Train acc (train loader labels): 0.1057, Best val acc: 0.1010, Current val acc: 0.1004, Val Loss: 529358656.0000
=====> Epoch: 1/300, Total_step: 95, lr: 0.001000, Total Time: 0.0000 s, Time this epoch: 0.0000 s
=====> Epoch: 1/300, Train Loss (train loader labels): 29022018863104.0000, Train acc (train loader labels): 0.0484, Best val acc: 0.1010, Current val acc: 0.0484, Val Loss: 25320189067264.0000
=====> Epoch: 1/300, Total_step: 142, lr: 0.001000, Total Time: 0.0000 s, Time this epoch: 0.0000 s
=====> Epoch: 1/300, Train Loss (train loader labels): 161598812740191780864.0000, Train acc (train loader labels): 0.0907, Best val acc: 0.1010, Current val acc: 0.0892, Val Loss: 170170429468473032704.0000
=====> Saving current model and best model
balance: False
selecting samples for epoch 2, ratio 0.1
=====> Epoch: 2/300, Total_step: 189, lr: 0.001000, Total Time: 323.5067 s, Time this epoch: 268.2342 s
=====> Epoch: 2/300, Train Loss (train loader labels): 788558675605192704.0000, Train acc (train loader labels): 0.0834, Best val acc: 0.1010, Current val acc: 0.0785, Val Loss: 645973114362003456.0000
=====> Epoch: 2/300, Total_step: 236, lr: 0.001000, Total Time: 323.5067 s, Time this epoch: 268.2342 s
=====> Epoch: 2/300, Train Loss (train loader labels): 8115273060057088.0000, Train acc (train loader labels): 0.1063, Best val acc: 0.1348, Current val acc: 0.1348, Val Loss: 7705038721908736.0000
=====> Epoch: 2/300, Total_step: 283, lr: 0.001000, Total Time: 323.5067 s, Time this epoch: 268.2342 s
=====> Epoch: 2/300, Train Loss (train loader labels): 1486907208892416.0000, Train acc (train loader labels): 0.1418, Best val acc: 0.1348, Current val acc: 0.1166, Val Loss: 2274224911679488.0000
=====> Epoch: 2/300, Total_step: 330, lr: 0.001000, Total Time: 323.5067 s, Time this epoch: 268.2342 s
=====> Epoch: 2/300, Train Loss (train loader labels): 2332855778672640.0000, Train acc (train loader labels): 0.0970, Best val acc: 0.1348, Current val acc: 0.1011, Val Loss: 3720191955435520.0000
=====> Saving current model and best model
balance: False
selecting samples for epoch 3, ratio 0.1
=====> Epoch: 3/300, Total_step: 377, lr: 0.001000, Total Time: 593.9120 s, Time this epoch: 268.8874 s
=====> Epoch: 3/300, Train Loss (train loader labels): 2115364808818688.0000, Train acc (train loader labels): 0.1188, Best val acc: 0.1348, Current val acc: 0.0564, Val Loss: 1715440808099840.0000
=====> Epoch: 3/300, Total_step: 424, lr: 0.001000, Total Time: 593.9120 s, Time this epoch: 268.8874 s
=====> Epoch: 3/300, Train Loss (train loader labels): 1074358621569024.0000, Train acc (train loader labels): 0.1204, Best val acc: 0.1348, Current val acc: 0.1078, Val Loss: 1238104719491072.0000
=====> Epoch: 3/300, Total_step: 471, lr: 0.001000, Total Time: 593.9120 s, Time this epoch: 268.8874 s
=====> Epoch: 3/300, Train Loss (train loader labels): 1344715739889664.0000, Train acc (train loader labels): 0.1495, Best val acc: 0.1752, Current val acc: 0.1752, Val Loss: 1145255445397504.0000
=====> Epoch: 3/300, Total_step: 518, lr: 0.001000, Total Time: 593.9120 s, Time this epoch: 268.8874 s
=====> Epoch: 3/300, Train Loss (train loader labels): 1724216634245120.0000, Train acc (train loader labels): 0.1386, Best val acc: 0.1752, Current val acc: 0.1054, Val Loss: 1505240276795392.0000
=====> Saving current model and best model
balance: False
selecting samples for epoch 4, ratio 0.1
=====> Epoch: 4/300, Total_step: 565, lr: 0.001000, Total Time: 866.9237 s, Time this epoch: 271.4114 s
=====> Epoch: 4/300, Train Loss (train loader labels): 1799753432039424.0000, Train acc (train loader labels): 0.1089, Best val acc: 0.1752, Current val acc: 0.1269, Val Loss: 1078826729734144.0000
=====> Epoch: 4/300, Total_step: 612, lr: 0.001000, Total Time: 866.9237 s, Time this epoch: 271.4114 s
=====> Epoch: 4/300, Train Loss (train loader labels): 1451856517660672.0000, Train acc (train loader labels): 0.0987, Best val acc: 0.1752, Current val acc: 0.0810, Val Loss: 1278584115167232.0000
=====> Epoch: 4/300, Total_step: 659, lr: 0.001000, Total Time: 866.9237 s, Time this epoch: 271.4114 s
=====> Epoch: 4/300, Train Loss (train loader labels): 674307919314944.0000, Train acc (train loader labels): 0.1420, Best val acc: 0.1752, Current val acc: 0.1123, Val Loss: 829516964429824.0000
=====> Epoch: 4/300, Total_step: 706, lr: 0.001000, Total Time: 866.9237 s, Time this epoch: 271.4114 s
=====> Epoch: 4/300, Train Loss (train loader labels): 641879037181952.0000, Train acc (train loader labels): 0.1185, Best val acc: 0.1752, Current val acc: 0.0988, Val Loss: 593458582519808.0000
=====> Saving current model and best model
balance: False
selecting samples for epoch 5, ratio 0.1
=====> Epoch: 5/300, Total_step: 753, lr: 0.001000, Total Time: 1138.1108 s, Time this epoch: 270.0640 s
=====> Epoch: 5/300, Train Loss (train loader labels): 753402426425344.0000, Train acc (train loader labels): 0.1596, Best val acc: 0.1752, Current val acc: 0.1506, Val Loss: 707928386437120.0000
=====> Epoch: 5/300, Total_step: 800, lr: 0.001000, Total Time: 1138.1108 s, Time this epoch: 270.0640 s
=====> Epoch: 5/300, Train Loss (train loader labels): 657916109520896.0000, Train acc (train loader labels): 0.1071, Best val acc: 0.1752, Current val acc: 0.0899, Val Loss: 693315028647936.0000
=====> Epoch: 5/300, Total_step: 847, lr: 0.001000, Total Time: 1138.1108 s, Time this epoch: 270.0640 s
=====> Epoch: 5/300, Train Loss (train loader labels): 812991004016640.0000, Train acc (train loader labels): 0.0956, Best val acc: 0.1752, Current val acc: 0.0963, Val Loss: 913609269968896.0000
=====> Epoch: 5/300, Total_step: 894, lr: 0.001000, Total Time: 1138.1108 s, Time this epoch: 270.0640 s
=====> Epoch: 5/300, Train Loss (train loader labels): 979518563024896.0000, Train acc (train loader labels): 0.1545, Best val acc: 0.1803, Current val acc: 0.1803, Val Loss: 678707308003328.0000
=====> Saving current model and best model
balance: False
selecting samples for epoch 6, ratio 0.1
=====> Epoch: 6/300, Total_step: 1128, lr: 0.001000, Total Time: 1408.0230 s, Time this epoch: 268.3801 s
=====> Epoch: 6/300, Train Loss (train loader labels): 407741747167232.0000, Train acc (train loader labels): 0.1378, Best val acc: 0.1803, Current val acc: 0.0647, Val Loss: 304273401315328.0000
=====> Saving current model and best model
balance: False
selecting samples for epoch 7, ratio 0.1
=====> Epoch: 7/300, Total_step: 1316, lr: 0.001000, Total Time: 1515.9165 s, Time this epoch: 106.4908 s
=====> Epoch: 7/300, Train Loss (train loader labels): 750313942286336.0000, Train acc (train loader labels): 0.1142, Best val acc: 0.1803, Current val acc: 0.1045, Val Loss: 712316299509760.0000
=====> Saving current model and best model
balance: False
selecting samples for epoch 8, ratio 0.1
=====> Epoch: 8/300, Total_step: 1504, lr: 0.001000, Total Time: 1624.0644 s, Time this epoch: 106.5136 s
=====> Epoch: 8/300, Train Loss (train loader labels): 522856869920768.0000, Train acc (train loader labels): 0.1209, Best val acc: 0.1803, Current val acc: 0.1046, Val Loss: 655892911489024.0000
=====> Saving current model and best model
balance: False
selecting samples for epoch 9, ratio 0.1
=====> Epoch: 9/300, Total_step: 1692, lr: 0.001000, Total Time: 1732.6862 s, Time this epoch: 107.0856 s
=====> Epoch: 9/300, Train Loss (train loader labels): 149983445647360.0000, Train acc (train loader labels): 0.1207, Best val acc: 0.1803, Current val acc: 0.1229, Val Loss: 142068341014528.0000
=====> Saving current model and best model
balance: False
selecting samples for epoch 10, ratio 0.1
=====> Epoch: 10/300, Total_step: 1880, lr: 0.001000, Total Time: 1839.7862 s, Time this epoch: 105.7192 s
=====> Epoch: 10/300, Train Loss (train loader labels): 277016163123200.0000, Train acc (train loader labels): 0.1439, Best val acc: 0.1803, Current val acc: 0.1710, Val Loss: 306545271242752.0000
=====> Saving current model and best model
balance: False
selecting samples for epoch 11, ratio 0.1
=====> Epoch: 11/300, Total_step: 2068, lr: 0.001000, Total Time: 1946.3789 s, Time this epoch: 105.2069 s
=====> Epoch: 11/300, Train Loss (train loader labels): 137998834335744.0000, Train acc (train loader labels): 0.0970, Best val acc: 0.1803, Current val acc: 0.1054, Val Loss: 144981637464064.0000
=====> Saving current model and best model
balance: False
selecting samples for epoch 12, ratio 0.1
=====> Epoch: 12/300, Total_step: 2256, lr: 0.001000, Total Time: 2053.3680 s, Time this epoch: 105.5445 s
=====> Epoch: 12/300, Train Loss (train loader labels): 158161264705536.0000, Train acc (train loader labels): 0.0952, Best val acc: 0.1803, Current val acc: 0.1067, Val Loss: 154009121849344.0000
=====> Saving current model and best model
balance: False
selecting samples for epoch 13, ratio 0.1
=====> Epoch: 13/300, Total_step: 2444, lr: 0.001000, Total Time: 2160.0324 s, Time this epoch: 105.2317 s
=====> Epoch: 13/300, Train Loss (train loader labels): 118940797763584.0000, Train acc (train loader labels): 0.1158, Best val acc: 0.1803, Current val acc: 0.1199, Val Loss: 101327875080192.0000
=====> Saving current model and best model
balance: False
selecting samples for epoch 14, ratio 0.1
=====> Epoch: 14/300, Total_step: 2632, lr: 0.001000, Total Time: 2267.9730 s, Time this epoch: 106.3978 s
=====> Epoch: 14/300, Train Loss (train loader labels): 144339942506496.0000, Train acc (train loader labels): 0.1085, Best val acc: 0.1803, Current val acc: 0.1279, Val Loss: 145109362409472.0000
=====> Saving current model and best model
balance: False
selecting samples for epoch 15, ratio 0.1
=====> Epoch: 15/300, Total_step: 2820, lr: 0.001000, Total Time: 2375.6967 s, Time this epoch: 106.3019 s
=====> Epoch: 15/300, Train Loss (train loader labels): 76836411277312.0000, Train acc (train loader labels): 0.1207, Best val acc: 0.1803, Current val acc: 0.1274, Val Loss: 51102863065088.0000
=====> Saving current model and best model
balance: False
selecting samples for epoch 16, ratio 0.1
=====> Epoch: 16/300, Total_step: 3008, lr: 0.001000, Total Time: 2483.8291 s, Time this epoch: 106.6271 s
=====> Epoch: 16/300, Train Loss (train loader labels): 61498391003136.0000, Train acc (train loader labels): 0.1106, Best val acc: 0.1803, Current val acc: 0.1474, Val Loss: 61102226407424.0000
=====> Saving current model and best model
balance: False
selecting samples for epoch 17, ratio 0.1
=====> Epoch: 17/300, Total_step: 3196, lr: 0.001000, Total Time: 2591.5736 s, Time this epoch: 106.3593 s
=====> Epoch: 17/300, Train Loss (train loader labels): 87391905775616.0000, Train acc (train loader labels): 0.1055, Best val acc: 0.1803, Current val acc: 0.1483, Val Loss: 101503532531712.0000
=====> Saving current model and best model
balance: False
selecting samples for epoch 18, ratio 0.1
=====> Epoch: 18/300, Total_step: 3384, lr: 0.001000, Total Time: 2698.3511 s, Time this epoch: 105.3317 s
=====> Epoch: 18/300, Train Loss (train loader labels): 58869392867328.0000, Train acc (train loader labels): 0.1342, Best val acc: 0.1803, Current val acc: 0.1183, Val Loss: 56325992087552.0000
=====> Saving current model and best model
balance: False
selecting samples for epoch 19, ratio 0.1
=====> Epoch: 19/300, Total_step: 3572, lr: 0.001000, Total Time: 2805.3127 s, Time this epoch: 105.3966 s
=====> Epoch: 19/300, Train Loss (train loader labels): 44970685759488.0000, Train acc (train loader labels): 0.1125, Best val acc: 0.1803, Current val acc: 0.1301, Val Loss: 30030916747264.0000
=====> Saving current model and best model
balance: False
selecting samples for epoch 20, ratio 0.1
=====> Epoch: 20/300, Total_step: 3760, lr: 0.001000, Total Time: 2912.7800 s, Time this epoch: 106.1029 s
=====> Epoch: 20/300, Train Loss (train loader labels): 36313445171200.0000, Train acc (train loader labels): 0.1144, Best val acc: 0.1803, Current val acc: 0.1285, Val Loss: 31957773713408.0000
=====> Saving current model and best model
balance: False
selecting samples for epoch 21, ratio 0.1
=====> Epoch: 21/300, Total_step: 3948, lr: 0.001000, Total Time: 3020.2498 s, Time this epoch: 106.1406 s
=====> Epoch: 21/300, Train Loss (train loader labels): 46892322914304.0000, Train acc (train loader labels): 0.0995, Best val acc: 0.1803, Current val acc: 0.1170, Val Loss: 51909687771136.0000
=====> Saving current model and best model
balance: False
selecting samples for epoch 22, ratio 0.1
=====> Epoch: 22/300, Total_step: 4136, lr: 0.001000, Total Time: 3127.1962 s, Time this epoch: 105.5463 s
=====> Epoch: 22/300, Train Loss (train loader labels): 50739950911488.0000, Train acc (train loader labels): 0.1015, Best val acc: 0.1803, Current val acc: 0.1199, Val Loss: 41450297360384.0000
=====> Saving current model and best model
balance: False
selecting samples for epoch 23, ratio 0.1
=====> Epoch: 23/300, Total_step: 4324, lr: 0.001000, Total Time: 3233.9363 s, Time this epoch: 105.3761 s
=====> Epoch: 23/300, Train Loss (train loader labels): 44155946401792.0000, Train acc (train loader labels): 0.1007, Best val acc: 0.1803, Current val acc: 0.1120, Val Loss: 51047884128256.0000
=====> Saving current model and best model
balance: False
selecting samples for epoch 24, ratio 0.1
=====> Epoch: 24/300, Total_step: 4512, lr: 0.001000, Total Time: 3341.5982 s, Time this epoch: 106.0157 s
=====> Epoch: 24/300, Train Loss (train loader labels): 28090405224448.0000, Train acc (train loader labels): 0.0981, Best val acc: 0.1803, Current val acc: 0.1040, Val Loss: 25494980395008.0000
=====> Saving current model and best model
balance: False
selecting samples for epoch 25, ratio 0.1
=====> Epoch: 25/300, Total_step: 4700, lr: 0.001000, Total Time: 3449.2882 s, Time this epoch: 106.3531 s
=====> Epoch: 25/300, Train Loss (train loader labels): 19457623719936.0000, Train acc (train loader labels): 0.0853, Best val acc: 0.1803, Current val acc: 0.0863, Val Loss: 15241477881856.0000
=====> Saving current model and best model
balance: False
selecting samples for epoch 26, ratio 0.1
=====> Epoch: 26/300, Total_step: 4888, lr: 0.001000, Total Time: 3557.1171 s, Time this epoch: 106.5021 s
=====> Epoch: 26/300, Train Loss (train loader labels): 19442366939136.0000, Train acc (train loader labels): 0.1084, Best val acc: 0.1803, Current val acc: 0.1462, Val Loss: 16046939439104.0000
=====> Saving current model and best model
balance: False
selecting samples for epoch 27, ratio 0.1
=====> Saving current model and best model
balance: False
selecting samples for epoch 28, ratio 0.1
=====> Saving current model and best model
balance: False
selecting samples for epoch 29, ratio 0.1
=====> Epoch: 29/300, Total_step: 5452, lr: 0.001000, Total Time: 3767.8342 s, Time this epoch: 50.2664 s
=====> Epoch: 29/300, Train Loss (train loader labels): 19377170677760.0000, Train acc (train loader labels): 0.0980, Best val acc: 0.1803, Current val acc: 0.1060, Val Loss: 21401129975808.0000
=====> Saving current model and best model
balance: False
selecting samples for epoch 30, ratio 0.1
=====> Saving current model and best model
balance: False
selecting samples for epoch 31, ratio 0.1
=====> Saving current model and best model
balance: False
selecting samples for epoch 32, ratio 0.1
=====> Saving current model and best model
balance: False
selecting samples for epoch 33, ratio 0.1
=====> Epoch: 33/300, Total_step: 6204, lr: 0.001000, Total Time: 4029.6811 s, Time this epoch: 49.8334 s
=====> Epoch: 33/300, Train Loss (train loader labels): 11691545853952.0000, Train acc (train loader labels): 0.1245, Best val acc: 0.1803, Current val acc: 0.1445, Val Loss: 8182346285056.0000
=====> Saving current model and best model
balance: False
selecting samples for epoch 34, ratio 0.1
=====> Saving current model and best model
balance: False
selecting samples for epoch 35, ratio 0.1
=====> Saving current model and best model
balance: False
selecting samples for epoch 36, ratio 0.1
=====> Saving current model and best model
balance: False
selecting samples for epoch 37, ratio 0.1
=====> Epoch: 37/300, Total_step: 6956, lr: 0.001000, Total Time: 4292.9655 s, Time this epoch: 50.4719 s
=====> Epoch: 37/300, Train Loss (train loader labels): 11473248059392.0000, Train acc (train loader labels): 0.0998, Best val acc: 0.1803, Current val acc: 0.1012, Val Loss: 10848210780160.0000
=====> Saving current model and best model
balance: False
selecting samples for epoch 38, ratio 0.1
=====> Saving current model and best model
balance: False
selecting samples for epoch 39, ratio 0.1
=====> Saving current model and best model
balance: False
selecting samples for epoch 40, ratio 0.1
=====> Saving current model and best model
balance: False
selecting samples for epoch 41, ratio 0.1
=====> Epoch: 41/300, Total_step: 7708, lr: 0.001000, Total Time: 4553.9450 s, Time this epoch: 50.2982 s
=====> Epoch: 41/300, Train Loss (train loader labels): 5829948342272.0000, Train acc (train loader labels): 0.0994, Best val acc: 0.1803, Current val acc: 0.1028, Val Loss: 4651083104256.0000
=====> Saving current model and best model
balance: False
selecting samples for epoch 42, ratio 0.1
=====> Saving current model and best model
balance: False
selecting samples for epoch 43, ratio 0.1
=====> Saving current model and best model
balance: False
selecting samples for epoch 44, ratio 0.1
=====> Saving current model and best model
balance: False
selecting samples for epoch 45, ratio 0.1
=====> Epoch: 45/300, Total_step: 8460, lr: 0.001000, Total Time: 4817.2004 s, Time this epoch: 50.3879 s
=====> Epoch: 45/300, Train Loss (train loader labels): 1887328665600.0000, Train acc (train loader labels): 0.1125, Best val acc: 0.1803, Current val acc: 0.1570, Val Loss: 1136477470720.0000
=====> Saving current model and best model
balance: False
selecting samples for epoch 46, ratio 0.1
=====> Saving current model and best model
balance: False
selecting samples for epoch 47, ratio 0.1
=====> Saving current model and best model
balance: False
selecting samples for epoch 48, ratio 0.1
=====> Saving current model and best model
balance: False
selecting samples for epoch 49, ratio 0.1
=====> Epoch: 49/300, Total_step: 9212, lr: 0.001000, Total Time: 5080.8981 s, Time this epoch: 50.1248 s
=====> Epoch: 49/300, Train Loss (train loader labels): 1630967037952.0000, Train acc (train loader labels): 0.1115, Best val acc: 0.1803, Current val acc: 0.1327, Val Loss: 1127045398528.0000
=====> Saving current model and best model
balance: False
selecting samples for epoch 50, ratio 0.1
=====> Saving current model and best model
balance: False
selecting samples for epoch 51, ratio 0.1
=====> Saving current model and best model
balance: False
selecting samples for epoch 52, ratio 0.1
=====> Saving current model and best model
balance: False
selecting samples for epoch 53, ratio 0.1
=====> Epoch: 53/300, Total_step: 9964, lr: 0.001000, Total Time: 5342.7915 s, Time this epoch: 49.9726 s
=====> Epoch: 53/300, Train Loss (train loader labels): 1198523809792.0000, Train acc (train loader labels): 0.0975, Best val acc: 0.1803, Current val acc: 0.0990, Val Loss: 913305042944.0000
=====> Saving current model and best model
balance: False
selecting samples for epoch 54, ratio 0.1
=====> Saving current model and best model
balance: False
selecting samples for epoch 55, ratio 0.1
=====> Saving current model and best model
balance: False
selecting samples for epoch 56, ratio 0.1
=====> Saving current model and best model
balance: False
selecting samples for epoch 57, ratio 0.1
=====> Epoch: 57/300, Total_step: 10716, lr: 0.001000, Total Time: 5606.1199 s, Time this epoch: 50.5296 s
=====> Epoch: 57/300, Train Loss (train loader labels): 920798167040.0000, Train acc (train loader labels): 0.0918, Best val acc: 0.1803, Current val acc: 0.0991, Val Loss: 738045657088.0000
=====> Saving current model and best model
balance: False
selecting samples for epoch 58, ratio 0.1
=====> Saving current model and best model
balance: False
selecting samples for epoch 59, ratio 0.1
=====> Saving current model and best model
balance: False
selecting samples for epoch 60, ratio 0.1
=====> Saving current model and best model
balance: False
selecting samples for epoch 61, ratio 0.1
=====> Epoch: 61/300, Total_step: 11468, lr: 0.001000, Total Time: 5869.2623 s, Time this epoch: 50.2614 s
=====> Epoch: 61/300, Train Loss (train loader labels): 450581102592.0000, Train acc (train loader labels): 0.0997, Best val acc: 0.1803, Current val acc: 0.0890, Val Loss: 363382243328.0000
=====> Saving current model and best model
balance: False
selecting samples for epoch 62, ratio 0.1
=====> Saving current model and best model
balance: False
selecting samples for epoch 63, ratio 0.1
=====> Saving current model and best model
balance: False
selecting samples for epoch 64, ratio 0.1
=====> Saving current model and best model
balance: False
selecting samples for epoch 65, ratio 0.1
=====> Epoch: 65/300, Total_step: 12220, lr: 0.001000, Total Time: 6130.7021 s, Time this epoch: 50.6326 s
=====> Epoch: 65/300, Train Loss (train loader labels): 339178291200.0000, Train acc (train loader labels): 0.1033, Best val acc: 0.1803, Current val acc: 0.0993, Val Loss: 283194654720.0000
=====> Saving current model and best model
balance: False
selecting samples for epoch 66, ratio 0.1
=====> Saving current model and best model
balance: False
selecting samples for epoch 67, ratio 0.1
=====> Saving current model and best model
balance: False
selecting samples for epoch 68, ratio 0.1
=====> Saving current model and best model
balance: False
selecting samples for epoch 69, ratio 0.1
=====> Saving current model and best model
balance: False
selecting samples for epoch 70, ratio 0.1
=====> Saving current model and best model
balance: False
selecting samples for epoch 71, ratio 0.1
=====> Saving current model and best model
balance: False
selecting samples for epoch 72, ratio 0.1
=====> Saving current model and best model
balance: False
selecting samples for epoch 73, ratio 0.1
=====> Saving current model and best model
balance: False
selecting samples for epoch 74, ratio 0.1
=====> Saving current model and best model
balance: False
selecting samples for epoch 75, ratio 0.1
=====> Saving current model and best model
balance: False
selecting samples for epoch 76, ratio 0.1
=====> Epoch: 76/300, Total_step: 14288, lr: 0.001000, Total Time: 6758.1261 s, Time this epoch: 51.3117 s
=====> Epoch: 76/300, Train Loss (train loader labels): 44583981056.0000, Train acc (train loader labels): 0.0979, Best val acc: 0.1803, Current val acc: 0.0842, Val Loss: 31559366656.0000
=====> Saving current model and best model
balance: False
selecting samples for epoch 77, ratio 0.1
=====> Saving current model and best model
balance: False
selecting samples for epoch 78, ratio 0.1
=====> Saving current model and best model
balance: False
selecting samples for epoch 79, ratio 0.1
=====> Saving current model and best model
balance: False
selecting samples for epoch 80, ratio 0.1
=====> Saving current model and best model
balance: False
selecting samples for epoch 81, ratio 0.1
=====> Saving current model and best model
balance: False
selecting samples for epoch 82, ratio 0.1
=====> Saving current model and best model
balance: False
selecting samples for epoch 83, ratio 0.1
=====> Saving current model and best model
balance: False
selecting samples for epoch 84, ratio 0.1
=====> Saving current model and best model
balance: False
selecting samples for epoch 85, ratio 0.1
=====> Saving current model and best model
balance: False
selecting samples for epoch 86, ratio 0.1
=====> Saving current model and best model
balance: False
selecting samples for epoch 87, ratio 0.1
=====> Saving current model and best model
balance: False
selecting samples for epoch 88, ratio 0.1
=====> Saving current model and best model
balance: False
selecting samples for epoch 89, ratio 0.1
=====> Saving current model and best model
balance: False
selecting samples for epoch 90, ratio 0.1
=====> Saving current model and best model
balance: False
selecting samples for epoch 91, ratio 0.1
=====> Epoch: 91/300, Total_step: 17108, lr: 0.001000, Total Time: 7593.3892 s, Time this epoch: 50.2998 s
=====> Epoch: 91/300, Train Loss (train loader labels): 13693415424.0000, Train acc (train loader labels): 0.1071, Best val acc: 0.1803, Current val acc: 0.1095, Val Loss: 12130958336.0000
=====> Saving current model and best model
balance: False
selecting samples for epoch 92, ratio 0.1
=====> Saving current model and best model
balance: False
selecting samples for epoch 93, ratio 0.1
=====> Saving current model and best model
balance: False
selecting samples for epoch 94, ratio 0.1
=====> Saving current model and best model
balance: False
selecting samples for epoch 95, ratio 0.1
=====> Saving current model and best model
balance: False
selecting samples for epoch 96, ratio 0.1
=====> Saving current model and best model
balance: False
selecting samples for epoch 97, ratio 0.1
=====> Saving current model and best model
balance: False
selecting samples for epoch 98, ratio 0.1
=====> Saving current model and best model
balance: False
selecting samples for epoch 99, ratio 0.1
=====> Saving current model and best model
balance: False
selecting samples for epoch 100, ratio 0.1
=====> Saving current model and best model
balance: False
selecting samples for epoch 101, ratio 0.1
=====> Saving current model and best model
balance: False
selecting samples for epoch 102, ratio 0.1
=====> Saving current model and best model
balance: False
selecting samples for epoch 103, ratio 0.1
=====> Saving current model and best model
balance: False
selecting samples for epoch 104, ratio 0.1
=====> Saving current model and best model
balance: False
selecting samples for epoch 105, ratio 0.1
=====> Saving current model and best model
balance: False
selecting samples for epoch 106, ratio 0.1
=====> Epoch: 106/300, Total_step: 19928, lr: 0.001000, Total Time: 8419.7436 s, Time this epoch: 50.8332 s
=====> Epoch: 106/300, Train Loss (train loader labels): 5053636608.0000, Train acc (train loader labels): 0.0945, Best val acc: 0.1803, Current val acc: 0.1044, Val Loss: 4093726208.0000
=====> Saving current model and best model
balance: False
selecting samples for epoch 107, ratio 0.1
=====> Saving current model and best model
balance: False
selecting samples for epoch 108, ratio 0.1
=====> Saving current model and best model
balance: False
selecting samples for epoch 109, ratio 0.1
=====> Saving current model and best model
balance: False
selecting samples for epoch 110, ratio 0.1
=====> Saving current model and best model
balance: False
selecting samples for epoch 111, ratio 0.1
=====> Saving current model and best model
balance: False
selecting samples for epoch 112, ratio 0.1
=====> Saving current model and best model
balance: False
selecting samples for epoch 113, ratio 0.1
=====> Saving current model and best model
balance: False
selecting samples for epoch 114, ratio 0.1
=====> Saving current model and best model
balance: False
selecting samples for epoch 115, ratio 0.1
=====> Saving current model and best model
balance: False
selecting samples for epoch 116, ratio 0.1
=====> Saving current model and best model
balance: False
selecting samples for epoch 117, ratio 0.1
=====> Saving current model and best model
balance: False
selecting samples for epoch 118, ratio 0.1
=====> Saving current model and best model
balance: False
selecting samples for epoch 119, ratio 0.1
=====> Saving current model and best model
balance: False
selecting samples for epoch 120, ratio 0.1
=====> Saving current model and best model
balance: False
selecting samples for epoch 121, ratio 0.1
=====> Epoch: 121/300, Total_step: 22748, lr: 0.001000, Total Time: 9249.9893 s, Time this epoch: 50.6193 s
=====> Epoch: 121/300, Train Loss (train loader labels): 1097759744.0000, Train acc (train loader labels): 0.1067, Best val acc: 0.1803, Current val acc: 0.1247, Val Loss: 858123904.0000
=====> Saving current model and best model
balance: False
selecting samples for epoch 122, ratio 0.1
=====> Saving current model and best model
balance: False
selecting samples for epoch 123, ratio 0.1
=====> Saving current model and best model
balance: False
selecting samples for epoch 124, ratio 0.1
=====> Saving current model and best model
balance: False
selecting samples for epoch 125, ratio 0.1
=====> Saving current model and best model
balance: False
selecting samples for epoch 126, ratio 0.1
=====> Saving current model and best model
balance: False
selecting samples for epoch 127, ratio 0.1
=====> Saving current model and best model
balance: False
selecting samples for epoch 128, ratio 0.1
=====> Saving current model and best model
balance: False
selecting samples for epoch 129, ratio 0.1
=====> Saving current model and best model
balance: False
selecting samples for epoch 130, ratio 0.1
=====> Saving current model and best model
balance: False
selecting samples for epoch 131, ratio 0.1
=====> Saving current model and best model
balance: False
selecting samples for epoch 132, ratio 0.1
=====> Saving current model and best model
balance: False
selecting samples for epoch 133, ratio 0.1
=====> Saving current model and best model
balance: False
selecting samples for epoch 134, ratio 0.1
=====> Saving current model and best model
balance: False
selecting samples for epoch 135, ratio 0.1
=====> Saving current model and best model
balance: False
selecting samples for epoch 136, ratio 0.1
=====> Epoch: 136/300, Total_step: 25568, lr: 0.001000, Total Time: 10079.6720 s, Time this epoch: 50.5644 s
=====> Epoch: 136/300, Train Loss (train loader labels): 366798816.0000, Train acc (train loader labels): 0.1000, Best val acc: 0.1803, Current val acc: 0.0969, Val Loss: 355547520.0000
=====> Saving current model and best model
balance: False
selecting samples for epoch 137, ratio 0.1
=====> Saving current model and best model
balance: False
selecting samples for epoch 138, ratio 0.1
=====> Saving current model and best model
balance: False
selecting samples for epoch 139, ratio 0.1
=====> Saving current model and best model
balance: False
selecting samples for epoch 140, ratio 0.1
=====> Saving current model and best model
balance: False
selecting samples for epoch 141, ratio 0.1
=====> Saving current model and best model
balance: False
selecting samples for epoch 142, ratio 0.1
=====> Saving current model and best model
balance: False
selecting samples for epoch 143, ratio 0.1
=====> Saving current model and best model
balance: False
selecting samples for epoch 144, ratio 0.1
=====> Saving current model and best model
balance: False
selecting samples for epoch 145, ratio 0.1
=====> Saving current model and best model
balance: False
selecting samples for epoch 146, ratio 0.1
=====> Saving current model and best model
balance: False
selecting samples for epoch 147, ratio 0.1
=====> Saving current model and best model
balance: False
selecting samples for epoch 148, ratio 0.1
=====> Saving current model and best model
balance: False
selecting samples for epoch 149, ratio 0.1
=====> Saving current model and best model
balance: False
selecting samples for epoch 150, ratio 0.1
=====> Saving current model and best model
balance: False
selecting samples for epoch 151, ratio 0.1
=====> Epoch: 151/300, Total_step: 28388, lr: 0.001000, Total Time: 10908.7452 s, Time this epoch: 49.9466 s
=====> Epoch: 151/300, Train Loss (train loader labels): 35556012.0000, Train acc (train loader labels): 0.1089, Best val acc: 0.1803, Current val acc: 0.1193, Val Loss: 28226404.0000
=====> Saving current model and best model
balance: False
selecting samples for epoch 152, ratio 0.1
=====> Saving current model and best model
balance: False
selecting samples for epoch 153, ratio 0.1
=====> Saving current model and best model
balance: False
selecting samples for epoch 154, ratio 0.1
=====> Saving current model and best model
balance: False
selecting samples for epoch 155, ratio 0.1
=====> Saving current model and best model
balance: False
selecting samples for epoch 156, ratio 0.1
=====> Saving current model and best model
balance: False
selecting samples for epoch 157, ratio 0.1
=====> Saving current model and best model
balance: False
selecting samples for epoch 158, ratio 0.1
=====> Saving current model and best model
balance: False
selecting samples for epoch 159, ratio 0.1
=====> Saving current model and best model
balance: False
selecting samples for epoch 160, ratio 0.1
=====> Saving current model and best model
balance: False
selecting samples for epoch 161, ratio 0.1
=====> Saving current model and best model
balance: False
selecting samples for epoch 162, ratio 0.1
=====> Saving current model and best model
balance: False
selecting samples for epoch 163, ratio 0.1
=====> Saving current model and best model
balance: False
selecting samples for epoch 164, ratio 0.1
=====> Saving current model and best model
balance: False
selecting samples for epoch 165, ratio 0.1
=====> Saving current model and best model
balance: False
selecting samples for epoch 166, ratio 0.1
=====> Epoch: 166/300, Total_step: 31208, lr: 0.001000, Total Time: 11740.8588 s, Time this epoch: 50.3210 s
=====> Epoch: 166/300, Train Loss (train loader labels): 3335223.7500, Train acc (train loader labels): 0.0947, Best val acc: 0.1803, Current val acc: 0.0778, Val Loss: 3029348.2500
=====> Saving current model and best model
balance: False
selecting samples for epoch 167, ratio 0.1
=====> Saving current model and best model
balance: False
selecting samples for epoch 168, ratio 0.1
=====> Saving current model and best model
balance: False
selecting samples for epoch 169, ratio 0.1
=====> Saving current model and best model
balance: False
selecting samples for epoch 170, ratio 0.1
=====> Saving current model and best model
balance: False
selecting samples for epoch 171, ratio 0.1
=====> Saving current model and best model
balance: False
selecting samples for epoch 172, ratio 0.1
=====> Saving current model and best model
balance: False
selecting samples for epoch 173, ratio 0.1
=====> Saving current model and best model
balance: False
selecting samples for epoch 174, ratio 0.1
=====> Saving current model and best model
balance: False
selecting samples for epoch 175, ratio 0.1
=====> Saving current model and best model
balance: False
selecting samples for epoch 176, ratio 0.1
=====> Saving current model and best model
balance: False
selecting samples for epoch 177, ratio 0.1
=====> Saving current model and best model
balance: False
selecting samples for epoch 178, ratio 0.1
=====> Saving current model and best model
balance: False
selecting samples for epoch 179, ratio 0.1
=====> Saving current model and best model
balance: False
selecting samples for epoch 180, ratio 0.1
=====> Saving current model and best model
balance: False
selecting samples for epoch 181, ratio 0.1
=====> Epoch: 181/300, Total_step: 34028, lr: 0.001000, Total Time: 12572.4290 s, Time this epoch: 50.4853 s
=====> Epoch: 181/300, Train Loss (train loader labels): 4650407.5000, Train acc (train loader labels): 0.1251, Best val acc: 0.1803, Current val acc: 0.1204, Val Loss: 3569927.0000
=====> Saving current model and best model
balance: False
selecting samples for epoch 182, ratio 0.1
=====> Saving current model and best model
balance: False
selecting samples for epoch 183, ratio 0.1
=====> Saving current model and best model
balance: False
selecting samples for epoch 184, ratio 0.1
=====> Saving current model and best model
balance: False
selecting samples for epoch 185, ratio 0.1
=====> Saving current model and best model
balance: False
selecting samples for epoch 186, ratio 0.1
=====> Saving current model and best model
balance: False
selecting samples for epoch 187, ratio 0.1
=====> Saving current model and best model
balance: False
selecting samples for epoch 188, ratio 0.1
=====> Saving current model and best model
balance: False
selecting samples for epoch 189, ratio 0.1
=====> Saving current model and best model
balance: False
selecting samples for epoch 190, ratio 0.1
=====> Saving current model and best model
balance: False
selecting samples for epoch 191, ratio 0.1
=====> Saving current model and best model
balance: False
selecting samples for epoch 192, ratio 0.1
=====> Saving current model and best model
balance: False
selecting samples for epoch 193, ratio 0.1
=====> Saving current model and best model
balance: False
selecting samples for epoch 194, ratio 0.1
=====> Saving current model and best model
balance: False
selecting samples for epoch 195, ratio 0.1
=====> Saving current model and best model
balance: False
selecting samples for epoch 196, ratio 0.1
=====> Epoch: 196/300, Total_step: 36848, lr: 0.001000, Total Time: 13404.6603 s, Time this epoch: 50.0678 s
=====> Epoch: 196/300, Train Loss (train loader labels): 12505585408802816.0000, Train acc (train loader labels): 0.1607, Best val acc: 0.1803, Current val acc: 0.1335, Val Loss: 11009156525850624.0000
=====> Saving current model and best model
balance: False
selecting samples for epoch 197, ratio 0.1
=====> Saving current model and best model
balance: False
selecting samples for epoch 198, ratio 0.1
=====> Saving current model and best model
balance: False
selecting samples for epoch 199, ratio 0.1
=====> Saving current model and best model
balance: False
selecting samples for epoch 200, ratio 0.1
=====> Saving current model and best model
balance: False
selecting samples for epoch 201, ratio 0.1
=====> Saving current model and best model
balance: False
selecting samples for epoch 202, ratio 0.1
=====> Saving current model and best model
balance: False
selecting samples for epoch 203, ratio 0.1
=====> Saving current model and best model
balance: False
selecting samples for epoch 204, ratio 0.1
=====> Saving current model and best model
balance: False
selecting samples for epoch 205, ratio 0.1
=====> Saving current model and best model
balance: False
selecting samples for epoch 206, ratio 0.1
=====> Saving current model and best model
balance: False
selecting samples for epoch 207, ratio 0.1
=====> Saving current model and best model
balance: False
selecting samples for epoch 208, ratio 0.1
=====> Saving current model and best model
balance: False
selecting samples for epoch 209, ratio 0.1
=====> Saving current model and best model
balance: False
selecting samples for epoch 210, ratio 0.1
=====> Saving current model and best model
balance: False
selecting samples for epoch 211, ratio 0.1
=====> Epoch: 211/300, Total_step: 39668, lr: 0.001000, Total Time: 14239.1000 s, Time this epoch: 49.8220 s
=====> Epoch: 211/300, Train Loss (train loader labels): 247783390969856.0000, Train acc (train loader labels): 0.1701, Best val acc: 0.1803, Current val acc: 0.1618, Val Loss: 251814955974656.0000
=====> Saving current model and best model
balance: False
selecting samples for epoch 212, ratio 0.1
=====> Saving current model and best model
balance: False
selecting samples for epoch 213, ratio 0.1
=====> Saving current model and best model
balance: False
selecting samples for epoch 214, ratio 0.1
=====> Saving current model and best model
balance: False
selecting samples for epoch 215, ratio 0.1
=====> Saving current model and best model
balance: False
selecting samples for epoch 216, ratio 0.1
=====> Saving current model and best model
balance: False
selecting samples for epoch 217, ratio 0.1
=====> Saving current model and best model
balance: False
selecting samples for epoch 218, ratio 0.1
=====> Saving current model and best model
balance: False
selecting samples for epoch 219, ratio 0.1
=====> Saving current model and best model
balance: False
selecting samples for epoch 220, ratio 0.1
=====> Saving current model and best model
balance: False
selecting samples for epoch 221, ratio 0.1
=====> Saving current model and best model
balance: False
selecting samples for epoch 222, ratio 0.1
=====> Saving current model and best model
balance: False
selecting samples for epoch 223, ratio 0.1
=====> Saving current model and best model
balance: False
selecting samples for epoch 224, ratio 0.1
=====> Saving current model and best model
balance: False
selecting samples for epoch 225, ratio 0.1
=====> Saving current model and best model
balance: False
selecting samples for epoch 226, ratio 0.1
=====> Epoch: 226/300, Total_step: 42488, lr: 0.001000, Total Time: 15068.2292 s, Time this epoch: 50.1610 s
=====> Epoch: 226/300, Train Loss (train loader labels): 69786033717248.0000, Train acc (train loader labels): 0.1270, Best val acc: 0.1829, Current val acc: 0.1829, Val Loss: 43665690984448.0000
=====> Saving current model and best model
balance: False
selecting samples for epoch 227, ratio 0.1
=====> Saving current model and best model
balance: False
selecting samples for epoch 228, ratio 0.1
=====> Saving current model and best model
balance: False
selecting samples for epoch 229, ratio 0.1
=====> Saving current model and best model
balance: False
selecting samples for epoch 230, ratio 0.1
=====> Saving current model and best model
balance: False
selecting samples for epoch 231, ratio 0.1
=====> Saving current model and best model
balance: False
selecting samples for epoch 232, ratio 0.1
=====> Saving current model and best model
balance: False
selecting samples for epoch 233, ratio 0.1
=====> Saving current model and best model
balance: False
selecting samples for epoch 234, ratio 0.1
=====> Saving current model and best model
balance: False
selecting samples for epoch 235, ratio 0.1
=====> Saving current model and best model
balance: False
selecting samples for epoch 236, ratio 0.1
=====> Saving current model and best model
balance: False
selecting samples for epoch 237, ratio 0.1
=====> Saving current model and best model
balance: False
selecting samples for epoch 238, ratio 0.1
=====> Saving current model and best model
balance: False
selecting samples for epoch 239, ratio 0.1
=====> Saving current model and best model
balance: False
selecting samples for epoch 240, ratio 0.1
=====> Saving current model and best model
balance: False
selecting samples for epoch 241, ratio 0.1
=====> Epoch: 241/300, Total_step: 45308, lr: 0.001000, Total Time: 15900.7103 s, Time this epoch: 50.6555 s
=====> Epoch: 241/300, Train Loss (train loader labels): 28975246082048.0000, Train acc (train loader labels): 0.0986, Best val acc: 0.1829, Current val acc: 0.1120, Val Loss: 22437209047040.0000
=====> Saving current model and best model
balance: False
selecting samples for epoch 242, ratio 0.1
=====> Saving current model and best model
balance: False
selecting samples for epoch 243, ratio 0.1
=====> Saving current model and best model
balance: False
selecting samples for epoch 244, ratio 0.1
=====> Saving current model and best model
balance: False
selecting samples for epoch 245, ratio 0.1
=====> Saving current model and best model
balance: False
selecting samples for epoch 246, ratio 0.1
=====> Saving current model and best model
balance: False
selecting samples for epoch 247, ratio 0.1
=====> Saving current model and best model
balance: False
selecting samples for epoch 248, ratio 0.1
=====> Saving current model and best model
balance: False
selecting samples for epoch 249, ratio 0.1
=====> Saving current model and best model
balance: False
selecting samples for epoch 250, ratio 0.1
=====> Saving current model and best model
balance: False
selecting samples for epoch 251, ratio 0.1
=====> Saving current model and best model
balance: False
selecting samples for epoch 252, ratio 0.1
=====> Saving current model and best model
balance: False
selecting samples for epoch 253, ratio 0.1
=====> Saving current model and best model
balance: False
selecting samples for epoch 254, ratio 0.1
=====> Saving current model and best model
balance: False
selecting samples for epoch 255, ratio 0.1
=====> Saving current model and best model
balance: False
selecting samples for epoch 256, ratio 0.1
=====> Epoch: 256/300, Total_step: 48128, lr: 0.001000, Total Time: 16734.1871 s, Time this epoch: 50.5464 s
=====> Epoch: 256/300, Train Loss (train loader labels): 5645357023232.0000, Train acc (train loader labels): 0.1407, Best val acc: 0.1829, Current val acc: 0.1284, Val Loss: 4874475405312.0000
=====> Saving current model and best model
balance: False
selecting samples for epoch 257, ratio 0.1
=====> Saving current model and best model
balance: False
selecting samples for epoch 258, ratio 0.1
=====> Saving current model and best model
balance: False
selecting samples for epoch 259, ratio 0.1
=====> Saving current model and best model
balance: False
selecting samples for epoch 260, ratio 0.1
=====> Saving current model and best model
balance: False
selecting samples for epoch 261, ratio 0.1
=====> Saving current model and best model
balance: False
selecting samples for epoch 262, ratio 0.1
=====> Saving current model and best model
balance: False
selecting samples for epoch 263, ratio 0.1
=====> Saving current model and best model
balance: False
selecting samples for epoch 264, ratio 0.1
=====> Saving current model and best model
balance: False
selecting samples for epoch 265, ratio 0.1
=====> Saving current model and best model
balance: False
selecting samples for epoch 266, ratio 0.1
=====> Saving current model and best model
balance: False
selecting samples for epoch 267, ratio 0.1
=====> Saving current model and best model
balance: False
selecting samples for epoch 268, ratio 0.1
=====> Saving current model and best model
balance: False
selecting samples for epoch 269, ratio 0.1
=====> Saving current model and best model
balance: False
selecting samples for epoch 270, ratio 0.1
=====> Saving current model and best model
balance: False
selecting samples for epoch 271, ratio 0.1
=====> Epoch: 271/300, Total_step: 50948, lr: 0.001000, Total Time: 17567.8065 s, Time this epoch: 50.1144 s
=====> Epoch: 271/300, Train Loss (train loader labels): 404296237056.0000, Train acc (train loader labels): 0.1267, Best val acc: 0.1829, Current val acc: 0.0904, Val Loss: 251576287232.0000
=====> Saving current model and best model
balance: False
selecting samples for epoch 272, ratio 0.1
=====> Saving current model and best model
balance: False
selecting samples for epoch 273, ratio 0.1
=====> Saving current model and best model
balance: False
selecting samples for epoch 274, ratio 0.1
=====> Saving current model and best model
balance: False
selecting samples for epoch 275, ratio 0.1
=====> Saving current model and best model
balance: False
selecting samples for epoch 276, ratio 0.1
=====> Saving current model and best model
balance: False
selecting samples for epoch 277, ratio 0.1
=====> Saving current model and best model
balance: False
selecting samples for epoch 278, ratio 0.1
=====> Saving current model and best model
balance: False
selecting samples for epoch 279, ratio 0.1
=====> Saving current model and best model
balance: False
selecting samples for epoch 280, ratio 0.1
=====> Saving current model and best model
balance: False
selecting samples for epoch 281, ratio 0.1
=====> Saving current model and best model
balance: False
selecting samples for epoch 282, ratio 0.1
=====> Saving current model and best model
balance: False
selecting samples for epoch 283, ratio 0.1
=====> Saving current model and best model
balance: False
selecting samples for epoch 284, ratio 0.1
=====> Saving current model and best model
balance: False
selecting samples for epoch 285, ratio 0.1
=====> Saving current model and best model
balance: False
selecting samples for epoch 286, ratio 0.1
=====> Epoch: 286/300, Total_step: 53768, lr: 0.001000, Total Time: 18396.5646 s, Time this epoch: 50.1486 s
=====> Epoch: 286/300, Train Loss (train loader labels): 272520036352.0000, Train acc (train loader labels): 0.1265, Best val acc: 0.1829, Current val acc: 0.0950, Val Loss: 167089897472.0000
=====> Saving current model and best model
balance: False
selecting samples for epoch 287, ratio 0.1
=====> Saving current model and best model
balance: False
selecting samples for epoch 288, ratio 0.1
=====> Saving current model and best model
balance: False
selecting samples for epoch 289, ratio 0.1
=====> Saving current model and best model
balance: False
selecting samples for epoch 290, ratio 0.1
=====> Saving current model and best model
balance: False
selecting samples for epoch 291, ratio 0.1
=====> Saving current model and best model
balance: False
selecting samples for epoch 292, ratio 0.1
=====> Saving current model and best model
balance: False
selecting samples for epoch 293, ratio 0.1
=====> Saving current model and best model
balance: False
selecting samples for epoch 294, ratio 0.1
=====> Saving current model and best model
balance: False
selecting samples for epoch 295, ratio 0.1
=====> Saving current model and best model
balance: False
selecting samples for epoch 296, ratio 0.1
=====> Saving current model and best model
balance: False
selecting samples for epoch 297, ratio 0.1
=====> Saving current model and best model
balance: False
selecting samples for epoch 298, ratio 0.1
=====> Saving current model and best model
balance: False
selecting samples for epoch 299, ratio 0.1
=====> Saving current model and best model
balance: False
selecting samples for epoch 300, ratio 0.1
=====> Epoch: 300/300, Total_step: 56400, lr: 0.001000, Total Time: 19172.2800 s, Time this epoch: 50.5868 s
=====> Epoch: 300/300, Train Loss (train loader labels): 71894450176.0000, Train acc (train loader labels): 0.1536, Best val acc: 0.1829, Current val acc: 0.1508, Val Loss: 43105083392.0000
=====> Saving current model and best model
Saved helper snapshots to /home/mward19/Documents/miller/Online-Batch-Selection/snapshots/MNIST/{"bsel":"RhoLoss","seed":3,"model":"DeepLinear","opt":"adamw","bs":320,"ratio":0.1,"lr":0.001,"wd":0.01,"layers":36,"hidden_dim":1000}.p
Saved selected points array to /home/mward19/Documents/miller/Online-Batch-Selection/selected_points/MNIST/{"bsel":"RhoLoss","seed":3,"model":"DeepLinear","opt":"adamw","bs":320,"ratio":0.1,"lr":0.001,"wd":0.01,"layers":36,"hidden_dim":1000}.npy
========================= End Main =========================
