save_dir: ./exp/MNIST/DivBS_deeplinear_bs320_ep300_lr0.001_AdamW_constant_seed2_r0.1_36_hidden
=====> Loading config files: 
configs/mnist/method/divbs-0.1.yaml
configs/mnist/data/mnist.yaml
configs/mnist/model/deep_linear_saxe/deep_linear_36.yaml
configs/mnist/optim/adamw-320-0.001-0.01.yaml
configs/diagnostics/snapshots_log_interval.yaml
=====> Config files loaded.
========================= Start Main =========================
=====> Saving config file
=====> Config file saved
=====> Using fixed random seed: 2
=====> Wandb initialized
=====> Number of GPUs: 1
Creating DivBS...
Begin training for DivBS...
=====> Epoch: 0/300, Total_step: 0, lr: 0.001000, Total Time: 0.0000 s, Time this epoch: 0.0000 s
=====> Epoch: 0/300, Train Loss (train loader labels): 2.3029, Train acc (train loader labels): 0.0974, Best val acc: 0.0982, Current val acc: 0.0982, Val Loss: 2.3030
balance: False
selecting samples for epoch 1, ratio 0.1
=====> Epoch: 1/300, Total_step: 1, lr: 0.001000, Total Time: 0.0000 s, Time this epoch: 0.0000 s
=====> Epoch: 1/300, Train Loss (train loader labels): 2.3206, Train acc (train loader labels): 0.1124, Best val acc: 0.1135, Current val acc: 0.1135, Val Loss: 2.3218
=====> Epoch: 1/300, Total_step: 48, lr: 0.001000, Total Time: 0.0000 s, Time this epoch: 0.0000 s
=====> Epoch: 1/300, Train Loss (train loader labels): 2229551360.0000, Train acc (train loader labels): 0.0970, Best val acc: 0.1135, Current val acc: 0.0982, Val Loss: 2705912320.0000
=====> Epoch: 1/300, Total_step: 95, lr: 0.001000, Total Time: 0.0000 s, Time this epoch: 0.0000 s
=====> Epoch: 1/300, Train Loss (train loader labels): 3984996958208.0000, Train acc (train loader labels): 0.1000, Best val acc: 0.1135, Current val acc: 0.1010, Val Loss: 4855998447616.0000
=====> Epoch: 1/300, Total_step: 142, lr: 0.001000, Total Time: 0.0000 s, Time this epoch: 0.0000 s
=====> Epoch: 1/300, Train Loss (train loader labels): 36394316465478565888.0000, Train acc (train loader labels): 0.0986, Best val acc: 0.1135, Current val acc: 0.1009, Val Loss: 41591507818859462656.0000
=====> Saving current model and best model
balance: False
selecting samples for epoch 2, ratio 0.1
=====> Epoch: 2/300, Total_step: 189, lr: 0.001000, Total Time: 328.1698 s, Time this epoch: 272.5373 s
=====> Epoch: 2/300, Train Loss (train loader labels): 107736205193379840.0000, Train acc (train loader labels): 0.0940, Best val acc: 0.1137, Current val acc: 0.1137, Val Loss: 68260018314543104.0000
=====> Epoch: 2/300, Total_step: 236, lr: 0.001000, Total Time: 328.1698 s, Time this epoch: 272.5373 s
=====> Epoch: 2/300, Train Loss (train loader labels): 1464152874811392.0000, Train acc (train loader labels): 0.1020, Best val acc: 0.1217, Current val acc: 0.1217, Val Loss: 984402007949312.0000
=====> Epoch: 2/300, Total_step: 283, lr: 0.001000, Total Time: 328.1698 s, Time this epoch: 272.5373 s
=====> Epoch: 2/300, Train Loss (train loader labels): 266255005122560.0000, Train acc (train loader labels): 0.1257, Best val acc: 0.1367, Current val acc: 0.1367, Val Loss: 245740513263616.0000
=====> Epoch: 2/300, Total_step: 330, lr: 0.001000, Total Time: 328.1698 s, Time this epoch: 272.5373 s
=====> Epoch: 2/300, Train Loss (train loader labels): 70763772116992.0000, Train acc (train loader labels): 0.1080, Best val acc: 0.1367, Current val acc: 0.1338, Val Loss: 47189757788160.0000
=====> Saving current model and best model
balance: False
selecting samples for epoch 3, ratio 0.1
=====> Epoch: 3/300, Total_step: 377, lr: 0.001000, Total Time: 603.3590 s, Time this epoch: 273.7512 s
=====> Epoch: 3/300, Train Loss (train loader labels): 59297190903808.0000, Train acc (train loader labels): 0.1017, Best val acc: 0.1367, Current val acc: 0.1268, Val Loss: 40082790678528.0000
=====> Epoch: 3/300, Total_step: 424, lr: 0.001000, Total Time: 603.3590 s, Time this epoch: 273.7512 s
=====> Epoch: 3/300, Train Loss (train loader labels): 51623292305408.0000, Train acc (train loader labels): 0.1021, Best val acc: 0.1367, Current val acc: 0.1275, Val Loss: 33758119985152.0000
=====> Epoch: 3/300, Total_step: 471, lr: 0.001000, Total Time: 603.3590 s, Time this epoch: 273.7512 s
=====> Epoch: 3/300, Train Loss (train loader labels): 63849105457152.0000, Train acc (train loader labels): 0.0973, Best val acc: 0.1367, Current val acc: 0.0906, Val Loss: 46098588631040.0000
=====> Epoch: 3/300, Total_step: 518, lr: 0.001000, Total Time: 603.3590 s, Time this epoch: 273.7512 s
=====> Epoch: 3/300, Train Loss (train loader labels): 100008867135488.0000, Train acc (train loader labels): 0.0917, Best val acc: 0.1367, Current val acc: 0.0929, Val Loss: 70417607819264.0000
=====> Saving current model and best model
balance: False
selecting samples for epoch 4, ratio 0.1
=====> Epoch: 4/300, Total_step: 565, lr: 0.001000, Total Time: 878.6333 s, Time this epoch: 274.0019 s
=====> Epoch: 4/300, Train Loss (train loader labels): 40583213088768.0000, Train acc (train loader labels): 0.1131, Best val acc: 0.1374, Current val acc: 0.1374, Val Loss: 24875131469824.0000
=====> Epoch: 4/300, Total_step: 612, lr: 0.001000, Total Time: 878.6333 s, Time this epoch: 274.0019 s
=====> Epoch: 4/300, Train Loss (train loader labels): 48072444870656.0000, Train acc (train loader labels): 0.0968, Best val acc: 0.1374, Current val acc: 0.0862, Val Loss: 34458044465152.0000
=====> Epoch: 4/300, Total_step: 659, lr: 0.001000, Total Time: 878.6333 s, Time this epoch: 274.0019 s
=====> Epoch: 4/300, Train Loss (train loader labels): 40990031216640.0000, Train acc (train loader labels): 0.1140, Best val acc: 0.1374, Current val acc: 0.1015, Val Loss: 22690406596608.0000
=====> Epoch: 4/300, Total_step: 706, lr: 0.001000, Total Time: 878.6333 s, Time this epoch: 274.0019 s
=====> Epoch: 4/300, Train Loss (train loader labels): 104173769064448.0000, Train acc (train loader labels): 0.1047, Best val acc: 0.1374, Current val acc: 0.1141, Val Loss: 63698861293568.0000
=====> Saving current model and best model
balance: False
selecting samples for epoch 5, ratio 0.1
=====> Epoch: 5/300, Total_step: 753, lr: 0.001000, Total Time: 1154.2016 s, Time this epoch: 274.2920 s
=====> Epoch: 5/300, Train Loss (train loader labels): 80919138402304.0000, Train acc (train loader labels): 0.0963, Best val acc: 0.1374, Current val acc: 0.0919, Val Loss: 57198025637888.0000
=====> Epoch: 5/300, Total_step: 800, lr: 0.001000, Total Time: 1154.2016 s, Time this epoch: 274.2920 s
=====> Epoch: 5/300, Train Loss (train loader labels): 37488412327936.0000, Train acc (train loader labels): 0.1102, Best val acc: 0.1374, Current val acc: 0.1318, Val Loss: 26395537309696.0000
=====> Epoch: 5/300, Total_step: 847, lr: 0.001000, Total Time: 1154.2016 s, Time this epoch: 274.2920 s
=====> Epoch: 5/300, Train Loss (train loader labels): 47745750532096.0000, Train acc (train loader labels): 0.1215, Best val acc: 0.1374, Current val acc: 0.1199, Val Loss: 26974684708864.0000
=====> Epoch: 5/300, Total_step: 894, lr: 0.001000, Total Time: 1154.2016 s, Time this epoch: 274.2920 s
=====> Epoch: 5/300, Train Loss (train loader labels): 28067395272704.0000, Train acc (train loader labels): 0.1013, Best val acc: 0.1374, Current val acc: 0.1337, Val Loss: 18011415117824.0000
=====> Saving current model and best model
balance: False
selecting samples for epoch 6, ratio 0.1
=====> Epoch: 6/300, Total_step: 1128, lr: 0.001000, Total Time: 1429.6914 s, Time this epoch: 274.2050 s
=====> Epoch: 6/300, Train Loss (train loader labels): 19900986818560.0000, Train acc (train loader labels): 0.1029, Best val acc: 0.1421, Current val acc: 0.1421, Val Loss: 12812437946368.0000
=====> Saving current model and best model
balance: False
selecting samples for epoch 7, ratio 0.1
=====> Epoch: 7/300, Total_step: 1316, lr: 0.001000, Total Time: 1538.7195 s, Time this epoch: 107.8047 s
=====> Epoch: 7/300, Train Loss (train loader labels): 51282815483904.0000, Train acc (train loader labels): 0.1030, Best val acc: 0.1421, Current val acc: 0.1225, Val Loss: 33019924578304.0000
=====> Saving current model and best model
balance: False
selecting samples for epoch 8, ratio 0.1
=====> Epoch: 8/300, Total_step: 1504, lr: 0.001000, Total Time: 1648.7013 s, Time this epoch: 107.4739 s
=====> Epoch: 8/300, Train Loss (train loader labels): 16046996062208.0000, Train acc (train loader labels): 0.1132, Best val acc: 0.1421, Current val acc: 0.1143, Val Loss: 11055389474816.0000
=====> Saving current model and best model
balance: False
selecting samples for epoch 9, ratio 0.1
=====> Epoch: 9/300, Total_step: 1692, lr: 0.001000, Total Time: 1757.4536 s, Time this epoch: 107.4191 s
=====> Epoch: 9/300, Train Loss (train loader labels): 16686155563008.0000, Train acc (train loader labels): 0.1180, Best val acc: 0.1439, Current val acc: 0.1439, Val Loss: 9070903820288.0000
=====> Saving current model and best model
balance: False
selecting samples for epoch 10, ratio 0.1
=====> Epoch: 10/300, Total_step: 1880, lr: 0.001000, Total Time: 1867.5955 s, Time this epoch: 108.6045 s
=====> Epoch: 10/300, Train Loss (train loader labels): 14306557034496.0000, Train acc (train loader labels): 0.1058, Best val acc: 0.1439, Current val acc: 0.1222, Val Loss: 8517254119424.0000
=====> Saving current model and best model
balance: False
selecting samples for epoch 11, ratio 0.1
=====> Epoch: 11/300, Total_step: 2068, lr: 0.001000, Total Time: 1979.2456 s, Time this epoch: 107.2197 s
=====> Epoch: 11/300, Train Loss (train loader labels): 17116831940608.0000, Train acc (train loader labels): 0.0910, Best val acc: 0.1439, Current val acc: 0.0933, Val Loss: 11725835337728.0000
=====> Saving current model and best model
balance: False
selecting samples for epoch 12, ratio 0.1
=====> Epoch: 12/300, Total_step: 2256, lr: 0.001000, Total Time: 2087.8835 s, Time this epoch: 107.3168 s
=====> Epoch: 12/300, Train Loss (train loader labels): 6884436213760.0000, Train acc (train loader labels): 0.1008, Best val acc: 0.1439, Current val acc: 0.1437, Val Loss: 3870543839232.0000
=====> Saving current model and best model
balance: False
selecting samples for epoch 13, ratio 0.1
=====> Epoch: 13/300, Total_step: 2444, lr: 0.001000, Total Time: 2196.5328 s, Time this epoch: 107.3120 s
=====> Epoch: 13/300, Train Loss (train loader labels): 8938402611200.0000, Train acc (train loader labels): 0.0732, Best val acc: 0.1439, Current val acc: 0.0658, Val Loss: 6321500848128.0000
=====> Saving current model and best model
balance: False
selecting samples for epoch 14, ratio 0.1
=====> Epoch: 14/300, Total_step: 2632, lr: 0.001000, Total Time: 2305.1570 s, Time this epoch: 107.3424 s
=====> Epoch: 14/300, Train Loss (train loader labels): 6566377422848.0000, Train acc (train loader labels): 0.1216, Best val acc: 0.1530, Current val acc: 0.1530, Val Loss: 3458679963648.0000
=====> Saving current model and best model
balance: False
selecting samples for epoch 15, ratio 0.1
=====> Epoch: 15/300, Total_step: 2820, lr: 0.001000, Total Time: 2413.7397 s, Time this epoch: 107.2924 s
=====> Epoch: 15/300, Train Loss (train loader labels): 5690998390784.0000, Train acc (train loader labels): 0.0988, Best val acc: 0.1530, Current val acc: 0.1216, Val Loss: 3029833613312.0000
=====> Saving current model and best model
balance: False
selecting samples for epoch 16, ratio 0.1
=====> Epoch: 16/300, Total_step: 3008, lr: 0.001000, Total Time: 2523.6313 s, Time this epoch: 107.3082 s
=====> Epoch: 16/300, Train Loss (train loader labels): 5178751188992.0000, Train acc (train loader labels): 0.1265, Best val acc: 0.1530, Current val acc: 0.1508, Val Loss: 3188051410944.0000
=====> Saving current model and best model
balance: False
selecting samples for epoch 17, ratio 0.1
=====> Epoch: 17/300, Total_step: 3196, lr: 0.001000, Total Time: 2632.0513 s, Time this epoch: 107.3819 s
=====> Epoch: 17/300, Train Loss (train loader labels): 4560406446080.0000, Train acc (train loader labels): 0.1218, Best val acc: 0.1530, Current val acc: 0.1209, Val Loss: 2818396651520.0000
=====> Saving current model and best model
balance: False
selecting samples for epoch 18, ratio 0.1
=====> Epoch: 18/300, Total_step: 3384, lr: 0.001000, Total Time: 2740.8954 s, Time this epoch: 107.4501 s
=====> Epoch: 18/300, Train Loss (train loader labels): 3364139565056.0000, Train acc (train loader labels): 0.1333, Best val acc: 0.1530, Current val acc: 0.1341, Val Loss: 2054295126016.0000
=====> Saving current model and best model
balance: False
selecting samples for epoch 19, ratio 0.1
=====> Epoch: 19/300, Total_step: 3572, lr: 0.001000, Total Time: 2849.2088 s, Time this epoch: 107.2611 s
=====> Epoch: 19/300, Train Loss (train loader labels): 3624380137472.0000, Train acc (train loader labels): 0.1011, Best val acc: 0.1530, Current val acc: 0.1427, Val Loss: 2442490019840.0000
=====> Saving current model and best model
balance: False
selecting samples for epoch 20, ratio 0.1
=====> Epoch: 20/300, Total_step: 3760, lr: 0.001000, Total Time: 2957.9440 s, Time this epoch: 107.4403 s
=====> Epoch: 20/300, Train Loss (train loader labels): 5457228857344.0000, Train acc (train loader labels): 0.1069, Best val acc: 0.1530, Current val acc: 0.1341, Val Loss: 3134112399360.0000
=====> Saving current model and best model
balance: False
selecting samples for epoch 21, ratio 0.1
=====> Epoch: 21/300, Total_step: 3948, lr: 0.001000, Total Time: 3066.1593 s, Time this epoch: 106.9790 s
=====> Epoch: 21/300, Train Loss (train loader labels): 5023652642816.0000, Train acc (train loader labels): 0.0970, Best val acc: 0.1530, Current val acc: 0.0991, Val Loss: 3515863793664.0000
=====> Saving current model and best model
balance: False
selecting samples for epoch 22, ratio 0.1
=====> Epoch: 22/300, Total_step: 4136, lr: 0.001000, Total Time: 3175.1468 s, Time this epoch: 107.4560 s
=====> Epoch: 22/300, Train Loss (train loader labels): 3446260367360.0000, Train acc (train loader labels): 0.1117, Best val acc: 0.1530, Current val acc: 0.1489, Val Loss: 2071234609152.0000
=====> Saving current model and best model
balance: False
selecting samples for epoch 23, ratio 0.1
=====> Epoch: 23/300, Total_step: 4324, lr: 0.001000, Total Time: 3283.6293 s, Time this epoch: 107.4094 s
=====> Epoch: 23/300, Train Loss (train loader labels): 2644091076608.0000, Train acc (train loader labels): 0.1065, Best val acc: 0.1530, Current val acc: 0.1293, Val Loss: 1609697329152.0000
=====> Saving current model and best model
balance: False
selecting samples for epoch 24, ratio 0.1
=====> Epoch: 24/300, Total_step: 4512, lr: 0.001000, Total Time: 3391.9950 s, Time this epoch: 107.2656 s
=====> Epoch: 24/300, Train Loss (train loader labels): 1914958643200.0000, Train acc (train loader labels): 0.0987, Best val acc: 0.1530, Current val acc: 0.1034, Val Loss: 1074508070912.0000
=====> Saving current model and best model
balance: False
selecting samples for epoch 25, ratio 0.1
=====> Epoch: 25/300, Total_step: 4700, lr: 0.001000, Total Time: 3500.6201 s, Time this epoch: 107.1416 s
=====> Epoch: 25/300, Train Loss (train loader labels): 2251480104960.0000, Train acc (train loader labels): 0.1248, Best val acc: 0.1649, Current val acc: 0.1649, Val Loss: 1250864398336.0000
=====> Saving current model and best model
balance: False
selecting samples for epoch 26, ratio 0.1
=====> Epoch: 26/300, Total_step: 4888, lr: 0.001000, Total Time: 3609.3968 s, Time this epoch: 107.4402 s
=====> Epoch: 26/300, Train Loss (train loader labels): 1614286422016.0000, Train acc (train loader labels): 0.0798, Best val acc: 0.1649, Current val acc: 0.0734, Val Loss: 1114652278784.0000
=====> Saving current model and best model
balance: False
selecting samples for epoch 27, ratio 0.1
=====> Saving current model and best model
balance: False
selecting samples for epoch 28, ratio 0.1
=====> Saving current model and best model
balance: False
selecting samples for epoch 29, ratio 0.1
=====> Epoch: 29/300, Total_step: 5452, lr: 0.001000, Total Time: 3823.5589 s, Time this epoch: 51.1265 s
=====> Epoch: 29/300, Train Loss (train loader labels): 948997193728.0000, Train acc (train loader labels): 0.1278, Best val acc: 0.1754, Current val acc: 0.1754, Val Loss: 535531487232.0000
=====> Saving current model and best model
balance: False
selecting samples for epoch 30, ratio 0.1
=====> Saving current model and best model
balance: False
selecting samples for epoch 31, ratio 0.1
=====> Saving current model and best model
balance: False
selecting samples for epoch 32, ratio 0.1
=====> Saving current model and best model
balance: False
selecting samples for epoch 33, ratio 0.1
=====> Epoch: 33/300, Total_step: 6204, lr: 0.001000, Total Time: 4090.7167 s, Time this epoch: 51.0424 s
=====> Epoch: 33/300, Train Loss (train loader labels): 465692033024.0000, Train acc (train loader labels): 0.1333, Best val acc: 0.1996, Current val acc: 0.1996, Val Loss: 257372241920.0000
=====> Saving current model and best model
balance: False
selecting samples for epoch 34, ratio 0.1
=====> Saving current model and best model
balance: False
selecting samples for epoch 35, ratio 0.1
=====> Saving current model and best model
balance: False
selecting samples for epoch 36, ratio 0.1
=====> Saving current model and best model
balance: False
selecting samples for epoch 37, ratio 0.1
=====> Epoch: 37/300, Total_step: 6956, lr: 0.001000, Total Time: 4358.2377 s, Time this epoch: 51.2372 s
=====> Epoch: 37/300, Train Loss (train loader labels): 273363042304.0000, Train acc (train loader labels): 0.0980, Best val acc: 0.1996, Current val acc: 0.1467, Val Loss: 178520670208.0000
=====> Saving current model and best model
balance: False
selecting samples for epoch 38, ratio 0.1
=====> Saving current model and best model
balance: False
selecting samples for epoch 39, ratio 0.1
=====> Saving current model and best model
balance: False
selecting samples for epoch 40, ratio 0.1
=====> Saving current model and best model
balance: False
selecting samples for epoch 41, ratio 0.1
=====> Epoch: 41/300, Total_step: 7708, lr: 0.001000, Total Time: 4624.2771 s, Time this epoch: 51.1730 s
=====> Epoch: 41/300, Train Loss (train loader labels): 206100578304.0000, Train acc (train loader labels): 0.1053, Best val acc: 0.1996, Current val acc: 0.1404, Val Loss: 103988543488.0000
=====> Saving current model and best model
balance: False
selecting samples for epoch 42, ratio 0.1
=====> Saving current model and best model
balance: False
selecting samples for epoch 43, ratio 0.1
=====> Saving current model and best model
balance: False
selecting samples for epoch 44, ratio 0.1
=====> Saving current model and best model
balance: False
selecting samples for epoch 45, ratio 0.1
=====> Epoch: 45/300, Total_step: 8460, lr: 0.001000, Total Time: 4890.4369 s, Time this epoch: 51.0674 s
=====> Epoch: 45/300, Train Loss (train loader labels): 116290994176.0000, Train acc (train loader labels): 0.1215, Best val acc: 0.1996, Current val acc: 0.1696, Val Loss: 67580715008.0000
=====> Saving current model and best model
balance: False
selecting samples for epoch 46, ratio 0.1
=====> Saving current model and best model
balance: False
selecting samples for epoch 47, ratio 0.1
=====> Saving current model and best model
balance: False
selecting samples for epoch 48, ratio 0.1
=====> Saving current model and best model
balance: False
selecting samples for epoch 49, ratio 0.1
=====> Epoch: 49/300, Total_step: 9212, lr: 0.001000, Total Time: 5156.1231 s, Time this epoch: 51.2613 s
=====> Epoch: 49/300, Train Loss (train loader labels): 124253315072.0000, Train acc (train loader labels): 0.0953, Best val acc: 0.1996, Current val acc: 0.1062, Val Loss: 96807632896.0000
=====> Saving current model and best model
balance: False
selecting samples for epoch 50, ratio 0.1
=====> Saving current model and best model
balance: False
selecting samples for epoch 51, ratio 0.1
=====> Saving current model and best model
balance: False
selecting samples for epoch 52, ratio 0.1
=====> Saving current model and best model
balance: False
selecting samples for epoch 53, ratio 0.1
=====> Epoch: 53/300, Total_step: 9964, lr: 0.001000, Total Time: 5422.3928 s, Time this epoch: 51.1105 s
=====> Epoch: 53/300, Train Loss (train loader labels): 76685639680.0000, Train acc (train loader labels): 0.1015, Best val acc: 0.1996, Current val acc: 0.1089, Val Loss: 45898547200.0000
=====> Saving current model and best model
balance: False
selecting samples for epoch 54, ratio 0.1
=====> Saving current model and best model
balance: False
selecting samples for epoch 55, ratio 0.1
=====> Saving current model and best model
balance: False
selecting samples for epoch 56, ratio 0.1
=====> Saving current model and best model
balance: False
selecting samples for epoch 57, ratio 0.1
=====> Epoch: 57/300, Total_step: 10716, lr: 0.001000, Total Time: 5688.5109 s, Time this epoch: 51.1219 s
=====> Epoch: 57/300, Train Loss (train loader labels): 48358170624.0000, Train acc (train loader labels): 0.1252, Best val acc: 0.1996, Current val acc: 0.1492, Val Loss: 34842193920.0000
=====> Saving current model and best model
balance: False
selecting samples for epoch 58, ratio 0.1
=====> Saving current model and best model
balance: False
selecting samples for epoch 59, ratio 0.1
=====> Saving current model and best model
balance: False
selecting samples for epoch 60, ratio 0.1
=====> Saving current model and best model
balance: False
selecting samples for epoch 61, ratio 0.1
=====> Epoch: 61/300, Total_step: 11468, lr: 0.001000, Total Time: 5954.1208 s, Time this epoch: 51.0407 s
=====> Epoch: 61/300, Train Loss (train loader labels): 17108495360.0000, Train acc (train loader labels): 0.1037, Best val acc: 0.1996, Current val acc: 0.1227, Val Loss: 10798761984.0000
=====> Saving current model and best model
balance: False
selecting samples for epoch 62, ratio 0.1
=====> Saving current model and best model
balance: False
selecting samples for epoch 63, ratio 0.1
=====> Saving current model and best model
balance: False
selecting samples for epoch 64, ratio 0.1
=====> Saving current model and best model
balance: False
selecting samples for epoch 65, ratio 0.1
=====> Epoch: 65/300, Total_step: 12220, lr: 0.001000, Total Time: 6219.4220 s, Time this epoch: 51.1465 s
=====> Epoch: 65/300, Train Loss (train loader labels): 23224199168.0000, Train acc (train loader labels): 0.1223, Best val acc: 0.1996, Current val acc: 0.1134, Val Loss: 16515269632.0000
=====> Saving current model and best model
balance: False
selecting samples for epoch 66, ratio 0.1
=====> Saving current model and best model
balance: False
selecting samples for epoch 67, ratio 0.1
=====> Saving current model and best model
balance: False
selecting samples for epoch 68, ratio 0.1
=====> Saving current model and best model
balance: False
selecting samples for epoch 69, ratio 0.1
=====> Saving current model and best model
balance: False
selecting samples for epoch 70, ratio 0.1
=====> Saving current model and best model
balance: False
selecting samples for epoch 71, ratio 0.1
=====> Saving current model and best model
balance: False
selecting samples for epoch 72, ratio 0.1
=====> Saving current model and best model
balance: False
selecting samples for epoch 73, ratio 0.1
=====> Saving current model and best model
balance: False
selecting samples for epoch 74, ratio 0.1
=====> Saving current model and best model
balance: False
selecting samples for epoch 75, ratio 0.1
=====> Saving current model and best model
balance: False
selecting samples for epoch 76, ratio 0.1
=====> Epoch: 76/300, Total_step: 14288, lr: 0.001000, Total Time: 6853.0246 s, Time this epoch: 51.0093 s
=====> Epoch: 76/300, Train Loss (train loader labels): 13244238848.0000, Train acc (train loader labels): 0.1194, Best val acc: 0.1996, Current val acc: 0.1468, Val Loss: 8949280768.0000
=====> Saving current model and best model
balance: False
selecting samples for epoch 77, ratio 0.1
=====> Saving current model and best model
balance: False
selecting samples for epoch 78, ratio 0.1
=====> Saving current model and best model
balance: False
selecting samples for epoch 79, ratio 0.1
=====> Saving current model and best model
balance: False
selecting samples for epoch 80, ratio 0.1
=====> Saving current model and best model
balance: False
selecting samples for epoch 81, ratio 0.1
=====> Saving current model and best model
balance: False
selecting samples for epoch 82, ratio 0.1
=====> Saving current model and best model
balance: False
selecting samples for epoch 83, ratio 0.1
=====> Saving current model and best model
balance: False
selecting samples for epoch 84, ratio 0.1
=====> Saving current model and best model
balance: False
selecting samples for epoch 85, ratio 0.1
=====> Saving current model and best model
balance: False
selecting samples for epoch 86, ratio 0.1
=====> Saving current model and best model
balance: False
selecting samples for epoch 87, ratio 0.1
=====> Saving current model and best model
balance: False
selecting samples for epoch 88, ratio 0.1
=====> Saving current model and best model
balance: False
selecting samples for epoch 89, ratio 0.1
=====> Saving current model and best model
balance: False
selecting samples for epoch 90, ratio 0.1
=====> Saving current model and best model
balance: False
selecting samples for epoch 91, ratio 0.1
=====> Epoch: 91/300, Total_step: 17108, lr: 0.001000, Total Time: 7696.8245 s, Time this epoch: 51.1427 s
=====> Epoch: 91/300, Train Loss (train loader labels): 646070336.0000, Train acc (train loader labels): 0.1543, Best val acc: 0.1996, Current val acc: 0.1701, Val Loss: 452651872.0000
=====> Saving current model and best model
balance: False
selecting samples for epoch 92, ratio 0.1
=====> Saving current model and best model
balance: False
selecting samples for epoch 93, ratio 0.1
=====> Saving current model and best model
balance: False
selecting samples for epoch 94, ratio 0.1
=====> Saving current model and best model
balance: False
selecting samples for epoch 95, ratio 0.1
=====> Saving current model and best model
balance: False
selecting samples for epoch 96, ratio 0.1
=====> Saving current model and best model
balance: False
selecting samples for epoch 97, ratio 0.1
=====> Saving current model and best model
balance: False
selecting samples for epoch 98, ratio 0.1
=====> Saving current model and best model
balance: False
selecting samples for epoch 99, ratio 0.1
=====> Saving current model and best model
balance: False
selecting samples for epoch 100, ratio 0.1
=====> Saving current model and best model
balance: False
selecting samples for epoch 101, ratio 0.1
=====> Saving current model and best model
balance: False
selecting samples for epoch 102, ratio 0.1
=====> Saving current model and best model
balance: False
selecting samples for epoch 103, ratio 0.1
=====> Saving current model and best model
balance: False
selecting samples for epoch 104, ratio 0.1
=====> Saving current model and best model
balance: False
selecting samples for epoch 105, ratio 0.1
=====> Saving current model and best model
balance: False
selecting samples for epoch 106, ratio 0.1
=====> Epoch: 106/300, Total_step: 19928, lr: 0.001000, Total Time: 8540.3100 s, Time this epoch: 51.2115 s
=====> Epoch: 106/300, Train Loss (train loader labels): 378788992.0000, Train acc (train loader labels): 0.1279, Best val acc: 0.1996, Current val acc: 0.1119, Val Loss: 305674624.0000
=====> Saving current model and best model
balance: False
selecting samples for epoch 107, ratio 0.1
=====> Saving current model and best model
balance: False
selecting samples for epoch 108, ratio 0.1
=====> Saving current model and best model
balance: False
selecting samples for epoch 109, ratio 0.1
=====> Saving current model and best model
balance: False
selecting samples for epoch 110, ratio 0.1
=====> Saving current model and best model
balance: False
selecting samples for epoch 111, ratio 0.1
=====> Saving current model and best model
balance: False
selecting samples for epoch 112, ratio 0.1
=====> Saving current model and best model
balance: False
selecting samples for epoch 113, ratio 0.1
=====> Saving current model and best model
balance: False
selecting samples for epoch 114, ratio 0.1
=====> Saving current model and best model
balance: False
selecting samples for epoch 115, ratio 0.1
=====> Saving current model and best model
balance: False
selecting samples for epoch 116, ratio 0.1
=====> Saving current model and best model
balance: False
selecting samples for epoch 117, ratio 0.1
=====> Saving current model and best model
balance: False
selecting samples for epoch 118, ratio 0.1
=====> Saving current model and best model
balance: False
selecting samples for epoch 119, ratio 0.1
=====> Saving current model and best model
balance: False
selecting samples for epoch 120, ratio 0.1
=====> Saving current model and best model
balance: False
selecting samples for epoch 121, ratio 0.1
=====> Epoch: 121/300, Total_step: 22748, lr: 0.001000, Total Time: 9386.1811 s, Time this epoch: 51.3592 s
=====> Epoch: 121/300, Train Loss (train loader labels): 80984632.0000, Train acc (train loader labels): 0.1604, Best val acc: 0.2217, Current val acc: 0.2217, Val Loss: 47487700.0000
=====> Saving current model and best model
balance: False
selecting samples for epoch 122, ratio 0.1
=====> Saving current model and best model
balance: False
selecting samples for epoch 123, ratio 0.1
=====> Saving current model and best model
balance: False
selecting samples for epoch 124, ratio 0.1
=====> Saving current model and best model
balance: False
selecting samples for epoch 125, ratio 0.1
=====> Saving current model and best model
balance: False
selecting samples for epoch 126, ratio 0.1
=====> Saving current model and best model
balance: False
selecting samples for epoch 127, ratio 0.1
=====> Saving current model and best model
balance: False
selecting samples for epoch 128, ratio 0.1
=====> Saving current model and best model
balance: False
selecting samples for epoch 129, ratio 0.1
=====> Saving current model and best model
balance: False
selecting samples for epoch 130, ratio 0.1
=====> Saving current model and best model
balance: False
selecting samples for epoch 131, ratio 0.1
=====> Saving current model and best model
balance: False
selecting samples for epoch 132, ratio 0.1
=====> Saving current model and best model
balance: False
selecting samples for epoch 133, ratio 0.1
=====> Saving current model and best model
balance: False
selecting samples for epoch 134, ratio 0.1
=====> Saving current model and best model
balance: False
selecting samples for epoch 135, ratio 0.1
=====> Saving current model and best model
balance: False
selecting samples for epoch 136, ratio 0.1
=====> Epoch: 136/300, Total_step: 25568, lr: 0.001000, Total Time: 10230.0238 s, Time this epoch: 51.0795 s
=====> Epoch: 136/300, Train Loss (train loader labels): 14815485.0000, Train acc (train loader labels): 0.1374, Best val acc: 0.2217, Current val acc: 0.1376, Val Loss: 10805482.0000
=====> Saving current model and best model
balance: False
selecting samples for epoch 137, ratio 0.1
=====> Saving current model and best model
balance: False
selecting samples for epoch 138, ratio 0.1
=====> Saving current model and best model
balance: False
selecting samples for epoch 139, ratio 0.1
=====> Saving current model and best model
balance: False
selecting samples for epoch 140, ratio 0.1
=====> Saving current model and best model
balance: False
selecting samples for epoch 141, ratio 0.1
=====> Saving current model and best model
balance: False
selecting samples for epoch 142, ratio 0.1
=====> Saving current model and best model
balance: False
selecting samples for epoch 143, ratio 0.1
=====> Saving current model and best model
balance: False
selecting samples for epoch 144, ratio 0.1
=====> Saving current model and best model
balance: False
selecting samples for epoch 145, ratio 0.1
=====> Saving current model and best model
balance: False
selecting samples for epoch 146, ratio 0.1
=====> Saving current model and best model
balance: False
selecting samples for epoch 147, ratio 0.1
=====> Saving current model and best model
balance: False
selecting samples for epoch 148, ratio 0.1
=====> Saving current model and best model
balance: False
selecting samples for epoch 149, ratio 0.1
=====> Saving current model and best model
balance: False
selecting samples for epoch 150, ratio 0.1
=====> Saving current model and best model
balance: False
selecting samples for epoch 151, ratio 0.1
=====> Epoch: 151/300, Total_step: 28388, lr: 0.001000, Total Time: 11075.8950 s, Time this epoch: 51.5886 s
=====> Epoch: 151/300, Train Loss (train loader labels): 2514629.5000, Train acc (train loader labels): 0.0962, Best val acc: 0.2217, Current val acc: 0.0786, Val Loss: 2041054.6250
=====> Saving current model and best model
balance: False
selecting samples for epoch 152, ratio 0.1
=====> Saving current model and best model
balance: False
selecting samples for epoch 153, ratio 0.1
=====> Saving current model and best model
balance: False
selecting samples for epoch 154, ratio 0.1
=====> Saving current model and best model
balance: False
selecting samples for epoch 155, ratio 0.1
=====> Saving current model and best model
balance: False
selecting samples for epoch 156, ratio 0.1
=====> Saving current model and best model
balance: False
selecting samples for epoch 157, ratio 0.1
=====> Saving current model and best model
balance: False
selecting samples for epoch 158, ratio 0.1
=====> Saving current model and best model
balance: False
selecting samples for epoch 159, ratio 0.1
=====> Saving current model and best model
balance: False
selecting samples for epoch 160, ratio 0.1
=====> Saving current model and best model
balance: False
selecting samples for epoch 161, ratio 0.1
=====> Saving current model and best model
balance: False
selecting samples for epoch 162, ratio 0.1
=====> Saving current model and best model
balance: False
selecting samples for epoch 163, ratio 0.1
=====> Saving current model and best model
balance: False
selecting samples for epoch 164, ratio 0.1
=====> Saving current model and best model
balance: False
selecting samples for epoch 165, ratio 0.1
=====> Saving current model and best model
balance: False
selecting samples for epoch 166, ratio 0.1
=====> Epoch: 166/300, Total_step: 31208, lr: 0.001000, Total Time: 11921.6513 s, Time this epoch: 51.0709 s
=====> Epoch: 166/300, Train Loss (train loader labels): 970744.0625, Train acc (train loader labels): 0.0684, Best val acc: 0.2217, Current val acc: 0.0601, Val Loss: 760217.3750
=====> Saving current model and best model
balance: False
selecting samples for epoch 167, ratio 0.1
=====> Saving current model and best model
balance: False
selecting samples for epoch 168, ratio 0.1
=====> Saving current model and best model
balance: False
selecting samples for epoch 169, ratio 0.1
=====> Saving current model and best model
balance: False
selecting samples for epoch 170, ratio 0.1
=====> Saving current model and best model
balance: False
selecting samples for epoch 171, ratio 0.1
=====> Saving current model and best model
balance: False
selecting samples for epoch 172, ratio 0.1
=====> Saving current model and best model
balance: False
selecting samples for epoch 173, ratio 0.1
=====> Saving current model and best model
balance: False
selecting samples for epoch 174, ratio 0.1
=====> Saving current model and best model
balance: False
selecting samples for epoch 175, ratio 0.1
=====> Saving current model and best model
balance: False
selecting samples for epoch 176, ratio 0.1
=====> Saving current model and best model
balance: False
selecting samples for epoch 177, ratio 0.1
=====> Saving current model and best model
balance: False
selecting samples for epoch 178, ratio 0.1
=====> Saving current model and best model
balance: False
selecting samples for epoch 179, ratio 0.1
=====> Saving current model and best model
balance: False
selecting samples for epoch 180, ratio 0.1
=====> Saving current model and best model
balance: False
selecting samples for epoch 181, ratio 0.1
=====> Epoch: 181/300, Total_step: 34028, lr: 0.001000, Total Time: 12763.1001 s, Time this epoch: 51.2000 s
=====> Epoch: 181/300, Train Loss (train loader labels): 178499.1094, Train acc (train loader labels): 0.1260, Best val acc: 0.2217, Current val acc: 0.1182, Val Loss: 122109.9609
=====> Saving current model and best model
balance: False
selecting samples for epoch 182, ratio 0.1
=====> Saving current model and best model
balance: False
selecting samples for epoch 183, ratio 0.1
=====> Saving current model and best model
balance: False
selecting samples for epoch 184, ratio 0.1
=====> Saving current model and best model
balance: False
selecting samples for epoch 185, ratio 0.1
=====> Saving current model and best model
balance: False
selecting samples for epoch 186, ratio 0.1
=====> Saving current model and best model
balance: False
selecting samples for epoch 187, ratio 0.1
=====> Saving current model and best model
balance: False
selecting samples for epoch 188, ratio 0.1
=====> Saving current model and best model
balance: False
selecting samples for epoch 189, ratio 0.1
=====> Saving current model and best model
balance: False
selecting samples for epoch 190, ratio 0.1
=====> Saving current model and best model
balance: False
selecting samples for epoch 191, ratio 0.1
=====> Saving current model and best model
balance: False
selecting samples for epoch 192, ratio 0.1
=====> Saving current model and best model
balance: False
selecting samples for epoch 193, ratio 0.1
=====> Saving current model and best model
balance: False
selecting samples for epoch 194, ratio 0.1
=====> Saving current model and best model
balance: False
selecting samples for epoch 195, ratio 0.1
=====> Saving current model and best model
balance: False
selecting samples for epoch 196, ratio 0.1
=====> Epoch: 196/300, Total_step: 36848, lr: 0.001000, Total Time: 13604.6130 s, Time this epoch: 51.1984 s
=====> Epoch: 196/300, Train Loss (train loader labels): 37720.2344, Train acc (train loader labels): 0.1356, Best val acc: 0.2217, Current val acc: 0.1581, Val Loss: 22833.5664
=====> Saving current model and best model
balance: False
selecting samples for epoch 197, ratio 0.1
=====> Saving current model and best model
balance: False
selecting samples for epoch 198, ratio 0.1
=====> Saving current model and best model
balance: False
selecting samples for epoch 199, ratio 0.1
=====> Saving current model and best model
balance: False
selecting samples for epoch 200, ratio 0.1
=====> Saving current model and best model
balance: False
selecting samples for epoch 201, ratio 0.1
=====> Saving current model and best model
balance: False
selecting samples for epoch 202, ratio 0.1
=====> Saving current model and best model
balance: False
selecting samples for epoch 203, ratio 0.1
=====> Saving current model and best model
balance: False
selecting samples for epoch 204, ratio 0.1
=====> Saving current model and best model
balance: False
selecting samples for epoch 205, ratio 0.1
=====> Saving current model and best model
balance: False
selecting samples for epoch 206, ratio 0.1
=====> Saving current model and best model
balance: False
selecting samples for epoch 207, ratio 0.1
=====> Saving current model and best model
balance: False
selecting samples for epoch 208, ratio 0.1
=====> Saving current model and best model
balance: False
selecting samples for epoch 209, ratio 0.1
=====> Saving current model and best model
balance: False
selecting samples for epoch 210, ratio 0.1
=====> Saving current model and best model
balance: False
selecting samples for epoch 211, ratio 0.1
=====> Epoch: 211/300, Total_step: 39668, lr: 0.001000, Total Time: 14447.2092 s, Time this epoch: 51.5127 s
=====> Epoch: 211/300, Train Loss (train loader labels): 4084.4858, Train acc (train loader labels): 0.1415, Best val acc: 0.2217, Current val acc: 0.2101, Val Loss: 2681.7251
=====> Saving current model and best model
balance: False
selecting samples for epoch 212, ratio 0.1
=====> Saving current model and best model
balance: False
selecting samples for epoch 213, ratio 0.1
=====> Saving current model and best model
balance: False
selecting samples for epoch 214, ratio 0.1
=====> Saving current model and best model
balance: False
selecting samples for epoch 215, ratio 0.1
=====> Saving current model and best model
balance: False
selecting samples for epoch 216, ratio 0.1
=====> Saving current model and best model
balance: False
selecting samples for epoch 217, ratio 0.1
=====> Saving current model and best model
balance: False
selecting samples for epoch 218, ratio 0.1
=====> Saving current model and best model
balance: False
selecting samples for epoch 219, ratio 0.1
=====> Saving current model and best model
balance: False
selecting samples for epoch 220, ratio 0.1
=====> Saving current model and best model
balance: False
selecting samples for epoch 221, ratio 0.1
=====> Saving current model and best model
balance: False
selecting samples for epoch 222, ratio 0.1
=====> Saving current model and best model
balance: False
selecting samples for epoch 223, ratio 0.1
=====> Saving current model and best model
balance: False
selecting samples for epoch 224, ratio 0.1
=====> Saving current model and best model
balance: False
selecting samples for epoch 225, ratio 0.1
=====> Saving current model and best model
balance: False
selecting samples for epoch 226, ratio 0.1
=====> Epoch: 226/300, Total_step: 42488, lr: 0.001000, Total Time: 15289.7007 s, Time this epoch: 51.1910 s
=====> Epoch: 226/300, Train Loss (train loader labels): 1599.6532, Train acc (train loader labels): 0.1857, Best val acc: 0.2299, Current val acc: 0.2299, Val Loss: 1117.6028
=====> Saving current model and best model
balance: False
selecting samples for epoch 227, ratio 0.1
=====> Saving current model and best model
balance: False
selecting samples for epoch 228, ratio 0.1
=====> Saving current model and best model
balance: False
selecting samples for epoch 229, ratio 0.1
=====> Saving current model and best model
balance: False
selecting samples for epoch 230, ratio 0.1
=====> Saving current model and best model
balance: False
selecting samples for epoch 231, ratio 0.1
=====> Saving current model and best model
balance: False
selecting samples for epoch 232, ratio 0.1
=====> Saving current model and best model
balance: False
selecting samples for epoch 233, ratio 0.1
=====> Saving current model and best model
balance: False
selecting samples for epoch 234, ratio 0.1
=====> Saving current model and best model
balance: False
selecting samples for epoch 235, ratio 0.1
=====> Saving current model and best model
balance: False
selecting samples for epoch 236, ratio 0.1
=====> Saving current model and best model
balance: False
selecting samples for epoch 237, ratio 0.1
=====> Saving current model and best model
balance: False
selecting samples for epoch 238, ratio 0.1
=====> Saving current model and best model
balance: False
selecting samples for epoch 239, ratio 0.1
=====> Saving current model and best model
balance: False
selecting samples for epoch 240, ratio 0.1
=====> Saving current model and best model
balance: False
selecting samples for epoch 241, ratio 0.1
=====> Epoch: 241/300, Total_step: 45308, lr: 0.001000, Total Time: 16133.3787 s, Time this epoch: 51.2458 s
=====> Epoch: 241/300, Train Loss (train loader labels): 291.7126, Train acc (train loader labels): 0.1328, Best val acc: 0.2299, Current val acc: 0.1408, Val Loss: 249.9027
=====> Saving current model and best model
balance: False
selecting samples for epoch 242, ratio 0.1
=====> Saving current model and best model
balance: False
selecting samples for epoch 243, ratio 0.1
=====> Saving current model and best model
balance: False
selecting samples for epoch 244, ratio 0.1
=====> Saving current model and best model
balance: False
selecting samples for epoch 245, ratio 0.1
=====> Saving current model and best model
balance: False
selecting samples for epoch 246, ratio 0.1
=====> Saving current model and best model
balance: False
selecting samples for epoch 247, ratio 0.1
=====> Saving current model and best model
balance: False
selecting samples for epoch 248, ratio 0.1
=====> Saving current model and best model
balance: False
selecting samples for epoch 249, ratio 0.1
=====> Saving current model and best model
balance: False
selecting samples for epoch 250, ratio 0.1
=====> Saving current model and best model
balance: False
selecting samples for epoch 251, ratio 0.1
=====> Saving current model and best model
balance: False
selecting samples for epoch 252, ratio 0.1
=====> Saving current model and best model
balance: False
selecting samples for epoch 253, ratio 0.1
=====> Saving current model and best model
balance: False
selecting samples for epoch 254, ratio 0.1
=====> Saving current model and best model
balance: False
selecting samples for epoch 255, ratio 0.1
=====> Saving current model and best model
balance: False
selecting samples for epoch 256, ratio 0.1
=====> Epoch: 256/300, Total_step: 48128, lr: 0.001000, Total Time: 16975.1920 s, Time this epoch: 51.2817 s
=====> Epoch: 256/300, Train Loss (train loader labels): 112.3671, Train acc (train loader labels): 0.1608, Best val acc: 0.2299, Current val acc: 0.1531, Val Loss: 90.1413
=====> Saving current model and best model
balance: False
selecting samples for epoch 257, ratio 0.1
=====> Saving current model and best model
balance: False
selecting samples for epoch 258, ratio 0.1
=====> Saving current model and best model
balance: False
selecting samples for epoch 259, ratio 0.1
=====> Saving current model and best model
balance: False
selecting samples for epoch 260, ratio 0.1
=====> Saving current model and best model
balance: False
selecting samples for epoch 261, ratio 0.1
=====> Saving current model and best model
balance: False
selecting samples for epoch 262, ratio 0.1
=====> Saving current model and best model
balance: False
selecting samples for epoch 263, ratio 0.1
=====> Saving current model and best model
balance: False
selecting samples for epoch 264, ratio 0.1
=====> Saving current model and best model
balance: False
selecting samples for epoch 265, ratio 0.1
=====> Saving current model and best model
balance: False
selecting samples for epoch 266, ratio 0.1
=====> Saving current model and best model
balance: False
selecting samples for epoch 267, ratio 0.1
=====> Saving current model and best model
balance: False
selecting samples for epoch 268, ratio 0.1
=====> Saving current model and best model
balance: False
selecting samples for epoch 269, ratio 0.1
=====> Saving current model and best model
balance: False
selecting samples for epoch 270, ratio 0.1
=====> Saving current model and best model
balance: False
selecting samples for epoch 271, ratio 0.1
=====> Epoch: 271/300, Total_step: 50948, lr: 0.001000, Total Time: 17821.9132 s, Time this epoch: 51.0908 s
=====> Epoch: 271/300, Train Loss (train loader labels): 41.4682, Train acc (train loader labels): 0.1266, Best val acc: 0.2299, Current val acc: 0.1128, Val Loss: 36.9633
=====> Saving current model and best model
balance: False
selecting samples for epoch 272, ratio 0.1
=====> Saving current model and best model
balance: False
selecting samples for epoch 273, ratio 0.1
=====> Saving current model and best model
balance: False
selecting samples for epoch 274, ratio 0.1
=====> Saving current model and best model
balance: False
selecting samples for epoch 275, ratio 0.1
=====> Saving current model and best model
balance: False
selecting samples for epoch 276, ratio 0.1
=====> Saving current model and best model
balance: False
selecting samples for epoch 277, ratio 0.1
=====> Saving current model and best model
balance: False
selecting samples for epoch 278, ratio 0.1
=====> Saving current model and best model
balance: False
selecting samples for epoch 279, ratio 0.1
=====> Saving current model and best model
balance: False
selecting samples for epoch 280, ratio 0.1
=====> Saving current model and best model
balance: False
selecting samples for epoch 281, ratio 0.1
=====> Saving current model and best model
balance: False
selecting samples for epoch 282, ratio 0.1
=====> Saving current model and best model
balance: False
selecting samples for epoch 283, ratio 0.1
=====> Saving current model and best model
balance: False
selecting samples for epoch 284, ratio 0.1
=====> Saving current model and best model
balance: False
selecting samples for epoch 285, ratio 0.1
=====> Saving current model and best model
balance: False
selecting samples for epoch 286, ratio 0.1
=====> Epoch: 286/300, Total_step: 53768, lr: 0.001000, Total Time: 18665.9194 s, Time this epoch: 51.2255 s
=====> Epoch: 286/300, Train Loss (train loader labels): 9.4122, Train acc (train loader labels): 0.0837, Best val acc: 0.2299, Current val acc: 0.0910, Val Loss: 7.3225
=====> Saving current model and best model
balance: False
selecting samples for epoch 287, ratio 0.1
=====> Saving current model and best model
balance: False
selecting samples for epoch 288, ratio 0.1
=====> Saving current model and best model
balance: False
selecting samples for epoch 289, ratio 0.1
=====> Saving current model and best model
balance: False
selecting samples for epoch 290, ratio 0.1
=====> Saving current model and best model
balance: False
selecting samples for epoch 291, ratio 0.1
=====> Saving current model and best model
balance: False
selecting samples for epoch 292, ratio 0.1
=====> Saving current model and best model
balance: False
selecting samples for epoch 293, ratio 0.1
=====> Saving current model and best model
balance: False
selecting samples for epoch 294, ratio 0.1
=====> Saving current model and best model
balance: False
selecting samples for epoch 295, ratio 0.1
=====> Saving current model and best model
balance: False
selecting samples for epoch 296, ratio 0.1
=====> Saving current model and best model
balance: False
selecting samples for epoch 297, ratio 0.1
=====> Saving current model and best model
balance: False
selecting samples for epoch 298, ratio 0.1
=====> Saving current model and best model
balance: False
selecting samples for epoch 299, ratio 0.1
=====> Saving current model and best model
balance: False
selecting samples for epoch 300, ratio 0.1
=====> Epoch: 300/300, Total_step: 56400, lr: 0.001000, Total Time: 19458.4760 s, Time this epoch: 51.1477 s
=====> Epoch: 300/300, Train Loss (train loader labels): 2.8424, Train acc (train loader labels): 0.1608, Best val acc: 0.2299, Current val acc: 0.1680, Val Loss: 2.6105
=====> Saving current model and best model
Saved helper snapshots to /home/mward19/Documents/miller/Online-Batch-Selection/snapshots/MNIST/{"bsel":"DivBS","seed":2,"model":"DeepLinear","opt":"adamw","bs":320,"ratio":0.1,"lr":0.001,"wd":0.01,"layers":36,"hidden_dim":1000}.p
Saved selected points array to /home/mward19/Documents/miller/Online-Batch-Selection/selected_points/MNIST/{"bsel":"DivBS","seed":2,"model":"DeepLinear","opt":"adamw","bs":320,"ratio":0.1,"lr":0.001,"wd":0.01,"layers":36,"hidden_dim":1000}.npy
========================= End Main =========================
