save_dir: ./exp/CIFAR3/Uniform_deeplinear_bs320_ep300_lr0.001_AdamW_constant_seed1_r0.1_5_hidden
=====> Loading config files: 
configs/cifar3/method/uniform-0.1.yaml
configs/cifar3/data/cifar3.yaml
configs/cifar3/model/deep_linear_saxe/deep_linear_5.yaml
configs/cifar3/optim/adamw-320-0.001-0.01.yaml
configs/diagnostics/snapshots_log_interval.yaml
=====> Config files loaded.
========================= Start Main =========================
=====> Saving config file
=====> Config file saved
=====> Using fixed random seed: 1
=====> Wandb initialized
=====> Number of GPUs: 1
Creating Uniform...
Begin training for Uniform...
=====> Epoch: 0/300, Total_step: 0, lr: 0.001000, Total Time: 0.0000 s, Time this epoch: 0.0000 s
=====> Epoch: 0/300, Train Loss (train loader labels): 1.0989, Train acc (train loader labels): 0.3357, Best val acc: 0.3450, Current val acc: 0.3450, Val Loss: 1.0982
selecting samples for epoch 1
balance: False
ratio: 0.1
=====> Epoch: 1/300, Total_step: 1, lr: 0.001000, Total Time: 0.0000 s, Time this epoch: 0.0000 s
=====> Epoch: 1/300, Train Loss (train loader labels): 1.7185, Train acc (train loader labels): 0.3888, Best val acc: 0.3907, Current val acc: 0.3907, Val Loss: 1.7444
=====> Epoch: 1/300, Total_step: 12, lr: 0.001000, Total Time: 0.0000 s, Time this epoch: 0.0000 s
=====> Epoch: 1/300, Train Loss (train loader labels): 1.4166, Train acc (train loader labels): 0.3474, Best val acc: 0.3907, Current val acc: 0.3660, Val Loss: 1.3754
=====> Epoch: 1/300, Total_step: 23, lr: 0.001000, Total Time: 0.0000 s, Time this epoch: 0.0000 s
=====> Epoch: 1/300, Train Loss (train loader labels): 1.1100, Train acc (train loader labels): 0.3970, Best val acc: 0.4250, Current val acc: 0.4250, Val Loss: 1.0816
=====> Epoch: 1/300, Total_step: 34, lr: 0.001000, Total Time: 0.0000 s, Time this epoch: 0.0000 s
=====> Epoch: 1/300, Train Loss (train loader labels): 1.1461, Train acc (train loader labels): 0.3981, Best val acc: 0.4250, Current val acc: 0.4057, Val Loss: 1.1472
=====> Epoch: 1/300, Total_step: 45, lr: 0.001000, Total Time: 0.0000 s, Time this epoch: 0.0000 s
=====> Epoch: 1/300, Train Loss (train loader labels): 1.0841, Train acc (train loader labels): 0.4049, Best val acc: 0.4250, Current val acc: 0.4017, Val Loss: 1.0802
=====> Saving current model and best model
selecting samples for epoch 2
balance: False
ratio: 0.1
=====> Epoch: 2/300, Total_step: 48, lr: 0.001000, Total Time: 124.5827 s, Time this epoch: 106.2123 s
=====> Epoch: 2/300, Train Loss (train loader labels): 1.0814, Train acc (train loader labels): 0.3970, Best val acc: 0.4250, Current val acc: 0.4033, Val Loss: 1.0748
=====> Epoch: 2/300, Total_step: 59, lr: 0.001000, Total Time: 124.5827 s, Time this epoch: 106.2123 s
=====> Epoch: 2/300, Train Loss (train loader labels): 1.1512, Train acc (train loader labels): 0.4223, Best val acc: 0.4453, Current val acc: 0.4453, Val Loss: 1.1423
=====> Epoch: 2/300, Total_step: 70, lr: 0.001000, Total Time: 124.5827 s, Time this epoch: 106.2123 s
=====> Epoch: 2/300, Train Loss (train loader labels): 1.1005, Train acc (train loader labels): 0.4269, Best val acc: 0.4453, Current val acc: 0.4190, Val Loss: 1.1044
=====> Epoch: 2/300, Total_step: 81, lr: 0.001000, Total Time: 124.5827 s, Time this epoch: 106.2123 s
=====> Epoch: 2/300, Train Loss (train loader labels): 1.0837, Train acc (train loader labels): 0.4394, Best val acc: 0.4463, Current val acc: 0.4463, Val Loss: 1.0838
=====> Epoch: 2/300, Total_step: 92, lr: 0.001000, Total Time: 124.5827 s, Time this epoch: 106.2123 s
=====> Epoch: 2/300, Train Loss (train loader labels): 1.0517, Train acc (train loader labels): 0.4465, Best val acc: 0.4603, Current val acc: 0.4603, Val Loss: 1.0406
=====> Saving current model and best model
selecting samples for epoch 3
balance: False
ratio: 0.1
=====> Epoch: 3/300, Total_step: 95, lr: 0.001000, Total Time: 230.7471 s, Time this epoch: 105.8686 s
=====> Epoch: 3/300, Train Loss (train loader labels): 1.1175, Train acc (train loader labels): 0.4372, Best val acc: 0.4603, Current val acc: 0.4443, Val Loss: 1.1112
=====> Epoch: 3/300, Total_step: 106, lr: 0.001000, Total Time: 230.7471 s, Time this epoch: 105.8686 s
=====> Epoch: 3/300, Train Loss (train loader labels): 1.0549, Train acc (train loader labels): 0.4670, Best val acc: 0.4760, Current val acc: 0.4760, Val Loss: 1.0491
=====> Epoch: 3/300, Total_step: 117, lr: 0.001000, Total Time: 230.7471 s, Time this epoch: 105.8686 s
=====> Epoch: 3/300, Train Loss (train loader labels): 1.1002, Train acc (train loader labels): 0.3948, Best val acc: 0.4760, Current val acc: 0.4103, Val Loss: 1.0899
=====> Epoch: 3/300, Total_step: 128, lr: 0.001000, Total Time: 230.7471 s, Time this epoch: 105.8686 s
=====> Epoch: 3/300, Train Loss (train loader labels): 1.0431, Train acc (train loader labels): 0.4624, Best val acc: 0.4760, Current val acc: 0.4613, Val Loss: 1.0501
=====> Epoch: 3/300, Total_step: 139, lr: 0.001000, Total Time: 230.7471 s, Time this epoch: 105.8686 s
=====> Epoch: 3/300, Train Loss (train loader labels): 1.0326, Train acc (train loader labels): 0.4769, Best val acc: 0.4833, Current val acc: 0.4833, Val Loss: 1.0341
=====> Saving current model and best model
selecting samples for epoch 4
balance: False
ratio: 0.1
=====> Epoch: 4/300, Total_step: 142, lr: 0.001000, Total Time: 337.0361 s, Time this epoch: 106.0289 s
=====> Epoch: 4/300, Train Loss (train loader labels): 1.0203, Train acc (train loader labels): 0.4725, Best val acc: 0.4833, Current val acc: 0.4647, Val Loss: 1.0293
=====> Epoch: 4/300, Total_step: 153, lr: 0.001000, Total Time: 337.0361 s, Time this epoch: 106.0289 s
=====> Epoch: 4/300, Train Loss (train loader labels): 1.0608, Train acc (train loader labels): 0.4313, Best val acc: 0.4833, Current val acc: 0.4360, Val Loss: 1.0604
=====> Epoch: 4/300, Total_step: 164, lr: 0.001000, Total Time: 337.0361 s, Time this epoch: 106.0289 s
=====> Epoch: 4/300, Train Loss (train loader labels): 1.0307, Train acc (train loader labels): 0.4627, Best val acc: 0.4897, Current val acc: 0.4897, Val Loss: 1.0206
=====> Epoch: 4/300, Total_step: 175, lr: 0.001000, Total Time: 337.0361 s, Time this epoch: 106.0289 s
=====> Epoch: 4/300, Train Loss (train loader labels): 1.0479, Train acc (train loader labels): 0.4665, Best val acc: 0.4897, Current val acc: 0.4723, Val Loss: 1.0400
=====> Epoch: 4/300, Total_step: 186, lr: 0.001000, Total Time: 337.0361 s, Time this epoch: 106.0289 s
=====> Epoch: 4/300, Train Loss (train loader labels): 1.0489, Train acc (train loader labels): 0.4409, Best val acc: 0.4897, Current val acc: 0.4537, Val Loss: 1.0438
=====> Saving current model and best model
selecting samples for epoch 5
balance: False
ratio: 0.1
=====> Epoch: 5/300, Total_step: 189, lr: 0.001000, Total Time: 443.0341 s, Time this epoch: 105.7550 s
=====> Epoch: 5/300, Train Loss (train loader labels): 1.0334, Train acc (train loader labels): 0.4804, Best val acc: 0.4897, Current val acc: 0.4850, Val Loss: 1.0282
=====> Epoch: 5/300, Total_step: 200, lr: 0.001000, Total Time: 443.0341 s, Time this epoch: 105.7550 s
=====> Epoch: 5/300, Train Loss (train loader labels): 1.0483, Train acc (train loader labels): 0.4589, Best val acc: 0.4897, Current val acc: 0.4797, Val Loss: 1.0433
=====> Epoch: 5/300, Total_step: 211, lr: 0.001000, Total Time: 443.0341 s, Time this epoch: 105.7550 s
=====> Epoch: 5/300, Train Loss (train loader labels): 1.0346, Train acc (train loader labels): 0.4594, Best val acc: 0.4897, Current val acc: 0.4693, Val Loss: 1.0308
=====> Epoch: 5/300, Total_step: 222, lr: 0.001000, Total Time: 443.0341 s, Time this epoch: 105.7550 s
=====> Epoch: 5/300, Train Loss (train loader labels): 1.0270, Train acc (train loader labels): 0.4760, Best val acc: 0.4897, Current val acc: 0.4837, Val Loss: 1.0248
=====> Epoch: 5/300, Total_step: 233, lr: 0.001000, Total Time: 443.0341 s, Time this epoch: 105.7550 s
=====> Epoch: 5/300, Train Loss (train loader labels): 1.0257, Train acc (train loader labels): 0.4898, Best val acc: 0.4897, Current val acc: 0.4860, Val Loss: 1.0331
=====> Saving current model and best model
selecting samples for epoch 6
balance: False
ratio: 0.1
=====> Epoch: 6/300, Total_step: 282, lr: 0.001000, Total Time: 549.5137 s, Time this epoch: 106.2206 s
=====> Epoch: 6/300, Train Loss (train loader labels): 1.0429, Train acc (train loader labels): 0.4670, Best val acc: 0.4897, Current val acc: 0.4763, Val Loss: 1.0392
=====> Saving current model and best model
selecting samples for epoch 7
balance: False
ratio: 0.1
=====> Epoch: 7/300, Total_step: 329, lr: 0.001000, Total Time: 585.3637 s, Time this epoch: 35.5878 s
=====> Epoch: 7/300, Train Loss (train loader labels): 1.1211, Train acc (train loader labels): 0.4611, Best val acc: 0.4897, Current val acc: 0.4617, Val Loss: 1.1296
=====> Saving current model and best model
selecting samples for epoch 8
balance: False
ratio: 0.1
=====> Epoch: 8/300, Total_step: 376, lr: 0.001000, Total Time: 621.1213 s, Time this epoch: 35.5236 s
=====> Epoch: 8/300, Train Loss (train loader labels): 1.0524, Train acc (train loader labels): 0.4440, Best val acc: 0.4897, Current val acc: 0.4570, Val Loss: 1.0463
=====> Saving current model and best model
selecting samples for epoch 9
balance: False
ratio: 0.1
=====> Epoch: 9/300, Total_step: 423, lr: 0.001000, Total Time: 656.9553 s, Time this epoch: 35.6047 s
=====> Epoch: 9/300, Train Loss (train loader labels): 1.0394, Train acc (train loader labels): 0.4523, Best val acc: 0.4897, Current val acc: 0.4617, Val Loss: 1.0338
=====> Saving current model and best model
selecting samples for epoch 10
balance: False
ratio: 0.1
=====> Epoch: 10/300, Total_step: 470, lr: 0.001000, Total Time: 692.7536 s, Time this epoch: 35.5581 s
=====> Epoch: 10/300, Train Loss (train loader labels): 1.0410, Train acc (train loader labels): 0.4615, Best val acc: 0.4897, Current val acc: 0.4720, Val Loss: 1.0255
=====> Saving current model and best model
selecting samples for epoch 11
balance: False
ratio: 0.1
=====> Epoch: 11/300, Total_step: 517, lr: 0.001000, Total Time: 728.4579 s, Time this epoch: 35.4738 s
=====> Epoch: 11/300, Train Loss (train loader labels): 1.0978, Train acc (train loader labels): 0.3427, Best val acc: 0.4897, Current val acc: 0.3453, Val Loss: 1.0958
=====> Saving current model and best model
selecting samples for epoch 12
balance: False
ratio: 0.1
=====> Epoch: 12/300, Total_step: 564, lr: 0.001000, Total Time: 763.8936 s, Time this epoch: 35.2070 s
=====> Epoch: 12/300, Train Loss (train loader labels): 1.0726, Train acc (train loader labels): 0.4547, Best val acc: 0.4897, Current val acc: 0.4650, Val Loss: 1.0613
=====> Saving current model and best model
selecting samples for epoch 13
balance: False
ratio: 0.1
=====> Epoch: 13/300, Total_step: 611, lr: 0.001000, Total Time: 799.7612 s, Time this epoch: 35.6311 s
=====> Epoch: 13/300, Train Loss (train loader labels): 1.0249, Train acc (train loader labels): 0.4621, Best val acc: 0.4897, Current val acc: 0.4757, Val Loss: 1.0206
=====> Saving current model and best model
selecting samples for epoch 14
balance: False
ratio: 0.1
=====> Epoch: 14/300, Total_step: 658, lr: 0.001000, Total Time: 835.3889 s, Time this epoch: 35.4088 s
=====> Epoch: 14/300, Train Loss (train loader labels): 1.0302, Train acc (train loader labels): 0.4665, Best val acc: 0.4897, Current val acc: 0.4760, Val Loss: 1.0158
=====> Saving current model and best model
selecting samples for epoch 15
balance: False
ratio: 0.1
=====> Epoch: 15/300, Total_step: 705, lr: 0.001000, Total Time: 871.3711 s, Time this epoch: 35.7403 s
=====> Epoch: 15/300, Train Loss (train loader labels): 1.1660, Train acc (train loader labels): 0.3493, Best val acc: 0.4897, Current val acc: 0.3693, Val Loss: 1.1611
=====> Saving current model and best model
selecting samples for epoch 16
balance: False
ratio: 0.1
=====> Epoch: 16/300, Total_step: 752, lr: 0.001000, Total Time: 907.1703 s, Time this epoch: 35.5741 s
=====> Epoch: 16/300, Train Loss (train loader labels): 1.0337, Train acc (train loader labels): 0.4383, Best val acc: 0.4897, Current val acc: 0.4240, Val Loss: 1.0381
=====> Saving current model and best model
selecting samples for epoch 17
balance: False
ratio: 0.1
=====> Epoch: 17/300, Total_step: 799, lr: 0.001000, Total Time: 943.0271 s, Time this epoch: 35.6239 s
=====> Epoch: 17/300, Train Loss (train loader labels): 1.0669, Train acc (train loader labels): 0.4223, Best val acc: 0.4897, Current val acc: 0.4427, Val Loss: 1.0570
=====> Saving current model and best model
selecting samples for epoch 18
balance: False
ratio: 0.1
=====> Epoch: 18/300, Total_step: 846, lr: 0.001000, Total Time: 979.3123 s, Time this epoch: 35.5462 s
=====> Epoch: 18/300, Train Loss (train loader labels): 1.0570, Train acc (train loader labels): 0.4231, Best val acc: 0.4897, Current val acc: 0.4247, Val Loss: 1.0597
=====> Saving current model and best model
selecting samples for epoch 19
balance: False
ratio: 0.1
=====> Epoch: 19/300, Total_step: 893, lr: 0.001000, Total Time: 1015.4359 s, Time this epoch: 35.8510 s
=====> Epoch: 19/300, Train Loss (train loader labels): 1.1522, Train acc (train loader labels): 0.3626, Best val acc: 0.4897, Current val acc: 0.3580, Val Loss: 1.1667
=====> Saving current model and best model
selecting samples for epoch 20
balance: False
ratio: 0.1
=====> Epoch: 20/300, Total_step: 940, lr: 0.001000, Total Time: 1051.4233 s, Time this epoch: 35.7006 s
=====> Epoch: 20/300, Train Loss (train loader labels): 3.4881, Train acc (train loader labels): 0.3002, Best val acc: 0.4897, Current val acc: 0.2703, Val Loss: 3.6579
=====> Saving current model and best model
selecting samples for epoch 21
balance: False
ratio: 0.1
=====> Epoch: 21/300, Total_step: 987, lr: 0.001000, Total Time: 1087.3006 s, Time this epoch: 35.5875 s
=====> Epoch: 21/300, Train Loss (train loader labels): 670.3013, Train acc (train loader labels): 0.3240, Best val acc: 0.4897, Current val acc: 0.3287, Val Loss: 659.8290
=====> Saving current model and best model
selecting samples for epoch 22
balance: False
ratio: 0.1
=====> Epoch: 22/300, Total_step: 1034, lr: 0.001000, Total Time: 1122.9704 s, Time this epoch: 35.4437 s
=====> Epoch: 22/300, Train Loss (train loader labels): 3.8679, Train acc (train loader labels): 0.3683, Best val acc: 0.4897, Current val acc: 0.3797, Val Loss: 4.0081
=====> Saving current model and best model
selecting samples for epoch 23
balance: False
ratio: 0.1
=====> Epoch: 23/300, Total_step: 1081, lr: 0.001000, Total Time: 1158.8867 s, Time this epoch: 35.6766 s
=====> Epoch: 23/300, Train Loss (train loader labels): 1.1945, Train acc (train loader labels): 0.3945, Best val acc: 0.4897, Current val acc: 0.3900, Val Loss: 1.2124
=====> Saving current model and best model
selecting samples for epoch 24
balance: False
ratio: 0.1
=====> Epoch: 24/300, Total_step: 1128, lr: 0.001000, Total Time: 1194.6898 s, Time this epoch: 35.5081 s
=====> Epoch: 24/300, Train Loss (train loader labels): 1.0802, Train acc (train loader labels): 0.4490, Best val acc: 0.4897, Current val acc: 0.4533, Val Loss: 1.0742
=====> Saving current model and best model
selecting samples for epoch 25
balance: False
ratio: 0.1
=====> Epoch: 25/300, Total_step: 1175, lr: 0.001000, Total Time: 1230.6880 s, Time this epoch: 35.7620 s
=====> Epoch: 25/300, Train Loss (train loader labels): 1.1454, Train acc (train loader labels): 0.3987, Best val acc: 0.4897, Current val acc: 0.3973, Val Loss: 1.1557
=====> Saving current model and best model
selecting samples for epoch 26
balance: False
ratio: 0.1
=====> Epoch: 26/300, Total_step: 1222, lr: 0.001000, Total Time: 1266.4364 s, Time this epoch: 35.4989 s
=====> Epoch: 26/300, Train Loss (train loader labels): 1.1678, Train acc (train loader labels): 0.4108, Best val acc: 0.4897, Current val acc: 0.4223, Val Loss: 1.1473
=====> Saving current model and best model
selecting samples for epoch 27
balance: False
ratio: 0.1
=====> Saving current model and best model
selecting samples for epoch 28
balance: False
ratio: 0.1
=====> Saving current model and best model
selecting samples for epoch 29
balance: False
ratio: 0.1
=====> Epoch: 29/300, Total_step: 1363, lr: 0.001000, Total Time: 1337.0205 s, Time this epoch: 17.0525 s
=====> Epoch: 29/300, Train Loss (train loader labels): 1.0343, Train acc (train loader labels): 0.4667, Best val acc: 0.4897, Current val acc: 0.4767, Val Loss: 1.0251
=====> Saving current model and best model
selecting samples for epoch 30
balance: False
ratio: 0.1
=====> Saving current model and best model
selecting samples for epoch 31
balance: False
ratio: 0.1
=====> Saving current model and best model
selecting samples for epoch 32
balance: False
ratio: 0.1
=====> Saving current model and best model
selecting samples for epoch 33
balance: False
ratio: 0.1
=====> Epoch: 33/300, Total_step: 1551, lr: 0.001000, Total Time: 1424.8713 s, Time this epoch: 17.1271 s
=====> Epoch: 33/300, Train Loss (train loader labels): 1.0434, Train acc (train loader labels): 0.4623, Best val acc: 0.4897, Current val acc: 0.4767, Val Loss: 1.0429
=====> Saving current model and best model
selecting samples for epoch 34
balance: False
ratio: 0.1
=====> Saving current model and best model
selecting samples for epoch 35
balance: False
ratio: 0.1
=====> Saving current model and best model
selecting samples for epoch 36
balance: False
ratio: 0.1
=====> Saving current model and best model
selecting samples for epoch 37
balance: False
ratio: 0.1
=====> Epoch: 37/300, Total_step: 1739, lr: 0.001000, Total Time: 1512.5476 s, Time this epoch: 16.9866 s
=====> Epoch: 37/300, Train Loss (train loader labels): 1.0328, Train acc (train loader labels): 0.4601, Best val acc: 0.4897, Current val acc: 0.4613, Val Loss: 1.0411
=====> Saving current model and best model
selecting samples for epoch 38
balance: False
ratio: 0.1
=====> Saving current model and best model
selecting samples for epoch 39
balance: False
ratio: 0.1
=====> Saving current model and best model
selecting samples for epoch 40
balance: False
ratio: 0.1
=====> Saving current model and best model
selecting samples for epoch 41
balance: False
ratio: 0.1
=====> Epoch: 41/300, Total_step: 1927, lr: 0.001000, Total Time: 1600.5498 s, Time this epoch: 17.1328 s
=====> Epoch: 41/300, Train Loss (train loader labels): 1.0267, Train acc (train loader labels): 0.4803, Best val acc: 0.4897, Current val acc: 0.4867, Val Loss: 1.0209
=====> Saving current model and best model
selecting samples for epoch 42
balance: False
ratio: 0.1
=====> Saving current model and best model
selecting samples for epoch 43
balance: False
ratio: 0.1
=====> Saving current model and best model
selecting samples for epoch 44
balance: False
ratio: 0.1
=====> Saving current model and best model
selecting samples for epoch 45
balance: False
ratio: 0.1
=====> Epoch: 45/300, Total_step: 2115, lr: 0.001000, Total Time: 1688.2577 s, Time this epoch: 16.9625 s
=====> Epoch: 45/300, Train Loss (train loader labels): 1.0384, Train acc (train loader labels): 0.4624, Best val acc: 0.4897, Current val acc: 0.4657, Val Loss: 1.0414
=====> Saving current model and best model
selecting samples for epoch 46
balance: False
ratio: 0.1
=====> Saving current model and best model
selecting samples for epoch 47
balance: False
ratio: 0.1
=====> Saving current model and best model
selecting samples for epoch 48
balance: False
ratio: 0.1
=====> Saving current model and best model
selecting samples for epoch 49
balance: False
ratio: 0.1
=====> Epoch: 49/300, Total_step: 2303, lr: 0.001000, Total Time: 1776.4076 s, Time this epoch: 17.1438 s
=====> Epoch: 49/300, Train Loss (train loader labels): 1.0281, Train acc (train loader labels): 0.4734, Best val acc: 0.4947, Current val acc: 0.4947, Val Loss: 1.0097
=====> Saving current model and best model
selecting samples for epoch 50
balance: False
ratio: 0.1
=====> Saving current model and best model
selecting samples for epoch 51
balance: False
ratio: 0.1
=====> Saving current model and best model
selecting samples for epoch 52
balance: False
ratio: 0.1
=====> Saving current model and best model
selecting samples for epoch 53
balance: False
ratio: 0.1
=====> Epoch: 53/300, Total_step: 2491, lr: 0.001000, Total Time: 1864.7435 s, Time this epoch: 17.1135 s
=====> Epoch: 53/300, Train Loss (train loader labels): 1.0207, Train acc (train loader labels): 0.4800, Best val acc: 0.4963, Current val acc: 0.4963, Val Loss: 1.0153
=====> Saving current model and best model
selecting samples for epoch 54
balance: False
ratio: 0.1
=====> Saving current model and best model
selecting samples for epoch 55
balance: False
ratio: 0.1
=====> Saving current model and best model
selecting samples for epoch 56
balance: False
ratio: 0.1
=====> Saving current model and best model
selecting samples for epoch 57
balance: False
ratio: 0.1
=====> Epoch: 57/300, Total_step: 2679, lr: 0.001000, Total Time: 1953.4853 s, Time this epoch: 16.9452 s
=====> Epoch: 57/300, Train Loss (train loader labels): 1.0072, Train acc (train loader labels): 0.4901, Best val acc: 0.5003, Current val acc: 0.5003, Val Loss: 1.0094
=====> Saving current model and best model
selecting samples for epoch 58
balance: False
ratio: 0.1
=====> Saving current model and best model
selecting samples for epoch 59
balance: False
ratio: 0.1
=====> Saving current model and best model
selecting samples for epoch 60
balance: False
ratio: 0.1
=====> Saving current model and best model
selecting samples for epoch 61
balance: False
ratio: 0.1
=====> Epoch: 61/300, Total_step: 2867, lr: 0.001000, Total Time: 2041.8951 s, Time this epoch: 16.9839 s
=====> Epoch: 61/300, Train Loss (train loader labels): 1.0192, Train acc (train loader labels): 0.4820, Best val acc: 0.5003, Current val acc: 0.4990, Val Loss: 1.0175
=====> Saving current model and best model
selecting samples for epoch 62
balance: False
ratio: 0.1
=====> Saving current model and best model
selecting samples for epoch 63
balance: False
ratio: 0.1
=====> Saving current model and best model
selecting samples for epoch 64
balance: False
ratio: 0.1
=====> Saving current model and best model
selecting samples for epoch 65
balance: False
ratio: 0.1
=====> Epoch: 65/300, Total_step: 3055, lr: 0.001000, Total Time: 2129.9301 s, Time this epoch: 17.0732 s
=====> Epoch: 65/300, Train Loss (train loader labels): 1.0121, Train acc (train loader labels): 0.4863, Best val acc: 0.5003, Current val acc: 0.4940, Val Loss: 1.0132
=====> Saving current model and best model
selecting samples for epoch 66
balance: False
ratio: 0.1
=====> Saving current model and best model
selecting samples for epoch 67
balance: False
ratio: 0.1
=====> Saving current model and best model
selecting samples for epoch 68
balance: False
ratio: 0.1
=====> Saving current model and best model
selecting samples for epoch 69
balance: False
ratio: 0.1
=====> Saving current model and best model
selecting samples for epoch 70
balance: False
ratio: 0.1
=====> Saving current model and best model
selecting samples for epoch 71
balance: False
ratio: 0.1
=====> Saving current model and best model
selecting samples for epoch 72
balance: False
ratio: 0.1
=====> Saving current model and best model
selecting samples for epoch 73
balance: False
ratio: 0.1
=====> Saving current model and best model
selecting samples for epoch 74
balance: False
ratio: 0.1
=====> Saving current model and best model
selecting samples for epoch 75
balance: False
ratio: 0.1
=====> Saving current model and best model
selecting samples for epoch 76
balance: False
ratio: 0.1
=====> Epoch: 76/300, Total_step: 3572, lr: 0.001000, Total Time: 2339.3042 s, Time this epoch: 17.1318 s
=====> Epoch: 76/300, Train Loss (train loader labels): 1.0351, Train acc (train loader labels): 0.4809, Best val acc: 0.5033, Current val acc: 0.5033, Val Loss: 1.0257
=====> Saving current model and best model
selecting samples for epoch 77
balance: False
ratio: 0.1
=====> Saving current model and best model
selecting samples for epoch 78
balance: False
ratio: 0.1
=====> Saving current model and best model
selecting samples for epoch 79
balance: False
ratio: 0.1
=====> Saving current model and best model
selecting samples for epoch 80
balance: False
ratio: 0.1
=====> Saving current model and best model
selecting samples for epoch 81
balance: False
ratio: 0.1
=====> Saving current model and best model
selecting samples for epoch 82
balance: False
ratio: 0.1
=====> Saving current model and best model
selecting samples for epoch 83
balance: False
ratio: 0.1
=====> Saving current model and best model
selecting samples for epoch 84
balance: False
ratio: 0.1
=====> Saving current model and best model
selecting samples for epoch 85
balance: False
ratio: 0.1
=====> Saving current model and best model
selecting samples for epoch 86
balance: False
ratio: 0.1
=====> Saving current model and best model
selecting samples for epoch 87
balance: False
ratio: 0.1
=====> Saving current model and best model
selecting samples for epoch 88
balance: False
ratio: 0.1
=====> Saving current model and best model
selecting samples for epoch 89
balance: False
ratio: 0.1
=====> Saving current model and best model
selecting samples for epoch 90
balance: False
ratio: 0.1
=====> Saving current model and best model
selecting samples for epoch 91
balance: False
ratio: 0.1
=====> Epoch: 91/300, Total_step: 4277, lr: 0.001000, Total Time: 2618.9333 s, Time this epoch: 17.0842 s
=====> Epoch: 91/300, Train Loss (train loader labels): 1.0246, Train acc (train loader labels): 0.4831, Best val acc: 0.5033, Current val acc: 0.4857, Val Loss: 1.0295
=====> Saving current model and best model
selecting samples for epoch 92
balance: False
ratio: 0.1
=====> Saving current model and best model
selecting samples for epoch 93
balance: False
ratio: 0.1
=====> Saving current model and best model
selecting samples for epoch 94
balance: False
ratio: 0.1
=====> Saving current model and best model
selecting samples for epoch 95
balance: False
ratio: 0.1
=====> Saving current model and best model
selecting samples for epoch 96
balance: False
ratio: 0.1
=====> Saving current model and best model
selecting samples for epoch 97
balance: False
ratio: 0.1
=====> Saving current model and best model
selecting samples for epoch 98
balance: False
ratio: 0.1
=====> Saving current model and best model
selecting samples for epoch 99
balance: False
ratio: 0.1
=====> Saving current model and best model
selecting samples for epoch 100
balance: False
ratio: 0.1
=====> Saving current model and best model
selecting samples for epoch 101
balance: False
ratio: 0.1
=====> Saving current model and best model
selecting samples for epoch 102
balance: False
ratio: 0.1
=====> Saving current model and best model
selecting samples for epoch 103
balance: False
ratio: 0.1
=====> Saving current model and best model
selecting samples for epoch 104
balance: False
ratio: 0.1
=====> Saving current model and best model
selecting samples for epoch 105
balance: False
ratio: 0.1
=====> Saving current model and best model
selecting samples for epoch 106
balance: False
ratio: 0.1
=====> Epoch: 106/300, Total_step: 4982, lr: 0.001000, Total Time: 2897.9921 s, Time this epoch: 16.9589 s
=====> Epoch: 106/300, Train Loss (train loader labels): 1.0028, Train acc (train loader labels): 0.4973, Best val acc: 0.5307, Current val acc: 0.5307, Val Loss: 0.9921
=====> Saving current model and best model
selecting samples for epoch 107
balance: False
ratio: 0.1
=====> Saving current model and best model
selecting samples for epoch 108
balance: False
ratio: 0.1
=====> Saving current model and best model
selecting samples for epoch 109
balance: False
ratio: 0.1
=====> Saving current model and best model
selecting samples for epoch 110
balance: False
ratio: 0.1
=====> Saving current model and best model
selecting samples for epoch 111
balance: False
ratio: 0.1
=====> Saving current model and best model
selecting samples for epoch 112
balance: False
ratio: 0.1
=====> Saving current model and best model
selecting samples for epoch 113
balance: False
ratio: 0.1
=====> Saving current model and best model
selecting samples for epoch 114
balance: False
ratio: 0.1
=====> Saving current model and best model
selecting samples for epoch 115
balance: False
ratio: 0.1
=====> Saving current model and best model
selecting samples for epoch 116
balance: False
ratio: 0.1
=====> Saving current model and best model
selecting samples for epoch 117
balance: False
ratio: 0.1
=====> Saving current model and best model
selecting samples for epoch 118
balance: False
ratio: 0.1
=====> Saving current model and best model
selecting samples for epoch 119
balance: False
ratio: 0.1
=====> Saving current model and best model
selecting samples for epoch 120
balance: False
ratio: 0.1
=====> Saving current model and best model
selecting samples for epoch 121
balance: False
ratio: 0.1
=====> Epoch: 121/300, Total_step: 5687, lr: 0.001000, Total Time: 3179.4334 s, Time this epoch: 17.2452 s
=====> Epoch: 121/300, Train Loss (train loader labels): 1.0151, Train acc (train loader labels): 0.4865, Best val acc: 0.5307, Current val acc: 0.5010, Val Loss: 1.0034
=====> Saving current model and best model
selecting samples for epoch 122
balance: False
ratio: 0.1
=====> Saving current model and best model
selecting samples for epoch 123
balance: False
ratio: 0.1
=====> Saving current model and best model
selecting samples for epoch 124
balance: False
ratio: 0.1
=====> Saving current model and best model
selecting samples for epoch 125
balance: False
ratio: 0.1
=====> Saving current model and best model
selecting samples for epoch 126
balance: False
ratio: 0.1
=====> Saving current model and best model
selecting samples for epoch 127
balance: False
ratio: 0.1
=====> Saving current model and best model
selecting samples for epoch 128
balance: False
ratio: 0.1
=====> Saving current model and best model
selecting samples for epoch 129
balance: False
ratio: 0.1
=====> Saving current model and best model
selecting samples for epoch 130
balance: False
ratio: 0.1
=====> Saving current model and best model
selecting samples for epoch 131
balance: False
ratio: 0.1
=====> Saving current model and best model
selecting samples for epoch 132
balance: False
ratio: 0.1
=====> Saving current model and best model
selecting samples for epoch 133
balance: False
ratio: 0.1
=====> Saving current model and best model
selecting samples for epoch 134
balance: False
ratio: 0.1
=====> Saving current model and best model
selecting samples for epoch 135
balance: False
ratio: 0.1
=====> Saving current model and best model
selecting samples for epoch 136
balance: False
ratio: 0.1
=====> Epoch: 136/300, Total_step: 6392, lr: 0.001000, Total Time: 3458.7196 s, Time this epoch: 17.1167 s
=====> Epoch: 136/300, Train Loss (train loader labels): 1.0227, Train acc (train loader labels): 0.4847, Best val acc: 0.5307, Current val acc: 0.4963, Val Loss: 1.0159
=====> Saving current model and best model
selecting samples for epoch 137
balance: False
ratio: 0.1
=====> Saving current model and best model
selecting samples for epoch 138
balance: False
ratio: 0.1
=====> Saving current model and best model
selecting samples for epoch 139
balance: False
ratio: 0.1
=====> Saving current model and best model
selecting samples for epoch 140
balance: False
ratio: 0.1
=====> Saving current model and best model
selecting samples for epoch 141
balance: False
ratio: 0.1
=====> Saving current model and best model
selecting samples for epoch 142
balance: False
ratio: 0.1
=====> Saving current model and best model
selecting samples for epoch 143
balance: False
ratio: 0.1
=====> Saving current model and best model
selecting samples for epoch 144
balance: False
ratio: 0.1
=====> Saving current model and best model
selecting samples for epoch 145
balance: False
ratio: 0.1
=====> Saving current model and best model
selecting samples for epoch 146
balance: False
ratio: 0.1
=====> Saving current model and best model
selecting samples for epoch 147
balance: False
ratio: 0.1
=====> Saving current model and best model
selecting samples for epoch 148
balance: False
ratio: 0.1
=====> Saving current model and best model
selecting samples for epoch 149
balance: False
ratio: 0.1
=====> Saving current model and best model
selecting samples for epoch 150
balance: False
ratio: 0.1
=====> Saving current model and best model
selecting samples for epoch 151
balance: False
ratio: 0.1
=====> Epoch: 151/300, Total_step: 7097, lr: 0.001000, Total Time: 3736.7028 s, Time this epoch: 17.0208 s
=====> Epoch: 151/300, Train Loss (train loader labels): 0.9986, Train acc (train loader labels): 0.5003, Best val acc: 0.5307, Current val acc: 0.5237, Val Loss: 0.9922
=====> Saving current model and best model
selecting samples for epoch 152
balance: False
ratio: 0.1
=====> Saving current model and best model
selecting samples for epoch 153
balance: False
ratio: 0.1
=====> Saving current model and best model
selecting samples for epoch 154
balance: False
ratio: 0.1
=====> Saving current model and best model
selecting samples for epoch 155
balance: False
ratio: 0.1
=====> Saving current model and best model
selecting samples for epoch 156
balance: False
ratio: 0.1
=====> Saving current model and best model
selecting samples for epoch 157
balance: False
ratio: 0.1
=====> Saving current model and best model
selecting samples for epoch 158
balance: False
ratio: 0.1
=====> Saving current model and best model
selecting samples for epoch 159
balance: False
ratio: 0.1
=====> Saving current model and best model
selecting samples for epoch 160
balance: False
ratio: 0.1
=====> Saving current model and best model
selecting samples for epoch 161
balance: False
ratio: 0.1
=====> Saving current model and best model
selecting samples for epoch 162
balance: False
ratio: 0.1
=====> Saving current model and best model
selecting samples for epoch 163
balance: False
ratio: 0.1
=====> Saving current model and best model
selecting samples for epoch 164
balance: False
ratio: 0.1
=====> Saving current model and best model
selecting samples for epoch 165
balance: False
ratio: 0.1
=====> Saving current model and best model
selecting samples for epoch 166
balance: False
ratio: 0.1
=====> Epoch: 166/300, Total_step: 7802, lr: 0.001000, Total Time: 4016.2818 s, Time this epoch: 16.9880 s
=====> Epoch: 166/300, Train Loss (train loader labels): 1.0132, Train acc (train loader labels): 0.5006, Best val acc: 0.5307, Current val acc: 0.5260, Val Loss: 1.0010
=====> Saving current model and best model
selecting samples for epoch 167
balance: False
ratio: 0.1
=====> Saving current model and best model
selecting samples for epoch 168
balance: False
ratio: 0.1
=====> Saving current model and best model
selecting samples for epoch 169
balance: False
ratio: 0.1
=====> Saving current model and best model
selecting samples for epoch 170
balance: False
ratio: 0.1
=====> Saving current model and best model
selecting samples for epoch 171
balance: False
ratio: 0.1
=====> Saving current model and best model
selecting samples for epoch 172
balance: False
ratio: 0.1
=====> Saving current model and best model
selecting samples for epoch 173
balance: False
ratio: 0.1
=====> Saving current model and best model
selecting samples for epoch 174
balance: False
ratio: 0.1
=====> Saving current model and best model
selecting samples for epoch 175
balance: False
ratio: 0.1
=====> Saving current model and best model
selecting samples for epoch 176
balance: False
ratio: 0.1
=====> Saving current model and best model
selecting samples for epoch 177
balance: False
ratio: 0.1
=====> Saving current model and best model
selecting samples for epoch 178
balance: False
ratio: 0.1
=====> Saving current model and best model
selecting samples for epoch 179
balance: False
ratio: 0.1
=====> Saving current model and best model
selecting samples for epoch 180
balance: False
ratio: 0.1
=====> Saving current model and best model
selecting samples for epoch 181
balance: False
ratio: 0.1
=====> Epoch: 181/300, Total_step: 8507, lr: 0.001000, Total Time: 4295.3065 s, Time this epoch: 17.0770 s
=====> Epoch: 181/300, Train Loss (train loader labels): 1.0127, Train acc (train loader labels): 0.4867, Best val acc: 0.5307, Current val acc: 0.5037, Val Loss: 1.0026
=====> Saving current model and best model
selecting samples for epoch 182
balance: False
ratio: 0.1
=====> Saving current model and best model
selecting samples for epoch 183
balance: False
ratio: 0.1
=====> Saving current model and best model
selecting samples for epoch 184
balance: False
ratio: 0.1
=====> Saving current model and best model
selecting samples for epoch 185
balance: False
ratio: 0.1
=====> Saving current model and best model
selecting samples for epoch 186
balance: False
ratio: 0.1
=====> Saving current model and best model
selecting samples for epoch 187
balance: False
ratio: 0.1
=====> Saving current model and best model
selecting samples for epoch 188
balance: False
ratio: 0.1
=====> Saving current model and best model
selecting samples for epoch 189
balance: False
ratio: 0.1
=====> Saving current model and best model
selecting samples for epoch 190
balance: False
ratio: 0.1
=====> Saving current model and best model
selecting samples for epoch 191
balance: False
ratio: 0.1
=====> Saving current model and best model
selecting samples for epoch 192
balance: False
ratio: 0.1
=====> Saving current model and best model
selecting samples for epoch 193
balance: False
ratio: 0.1
=====> Saving current model and best model
selecting samples for epoch 194
balance: False
ratio: 0.1
=====> Saving current model and best model
selecting samples for epoch 195
balance: False
ratio: 0.1
=====> Saving current model and best model
selecting samples for epoch 196
balance: False
ratio: 0.1
=====> Epoch: 196/300, Total_step: 9212, lr: 0.001000, Total Time: 4576.2526 s, Time this epoch: 17.0444 s
=====> Epoch: 196/300, Train Loss (train loader labels): 1.0085, Train acc (train loader labels): 0.4845, Best val acc: 0.5307, Current val acc: 0.4947, Val Loss: 1.0080
=====> Saving current model and best model
selecting samples for epoch 197
balance: False
ratio: 0.1
=====> Saving current model and best model
selecting samples for epoch 198
balance: False
ratio: 0.1
=====> Saving current model and best model
selecting samples for epoch 199
balance: False
ratio: 0.1
=====> Saving current model and best model
selecting samples for epoch 200
balance: False
ratio: 0.1
=====> Saving current model and best model
selecting samples for epoch 201
balance: False
ratio: 0.1
=====> Saving current model and best model
selecting samples for epoch 202
balance: False
ratio: 0.1
=====> Saving current model and best model
selecting samples for epoch 203
balance: False
ratio: 0.1
=====> Saving current model and best model
selecting samples for epoch 204
balance: False
ratio: 0.1
=====> Saving current model and best model
selecting samples for epoch 205
balance: False
ratio: 0.1
=====> Saving current model and best model
selecting samples for epoch 206
balance: False
ratio: 0.1
=====> Saving current model and best model
selecting samples for epoch 207
balance: False
ratio: 0.1
=====> Saving current model and best model
selecting samples for epoch 208
balance: False
ratio: 0.1
=====> Saving current model and best model
selecting samples for epoch 209
balance: False
ratio: 0.1
=====> Saving current model and best model
selecting samples for epoch 210
balance: False
ratio: 0.1
=====> Saving current model and best model
selecting samples for epoch 211
balance: False
ratio: 0.1
=====> Epoch: 211/300, Total_step: 9917, lr: 0.001000, Total Time: 4856.0170 s, Time this epoch: 17.0343 s
=====> Epoch: 211/300, Train Loss (train loader labels): 1.0095, Train acc (train loader labels): 0.4833, Best val acc: 0.5307, Current val acc: 0.5040, Val Loss: 1.0076
=====> Saving current model and best model
selecting samples for epoch 212
balance: False
ratio: 0.1
=====> Saving current model and best model
selecting samples for epoch 213
balance: False
ratio: 0.1
=====> Saving current model and best model
selecting samples for epoch 214
balance: False
ratio: 0.1
=====> Saving current model and best model
selecting samples for epoch 215
balance: False
ratio: 0.1
=====> Saving current model and best model
selecting samples for epoch 216
balance: False
ratio: 0.1
=====> Saving current model and best model
selecting samples for epoch 217
balance: False
ratio: 0.1
=====> Saving current model and best model
selecting samples for epoch 218
balance: False
ratio: 0.1
=====> Saving current model and best model
selecting samples for epoch 219
balance: False
ratio: 0.1
=====> Saving current model and best model
selecting samples for epoch 220
balance: False
ratio: 0.1
=====> Saving current model and best model
selecting samples for epoch 221
balance: False
ratio: 0.1
=====> Saving current model and best model
selecting samples for epoch 222
balance: False
ratio: 0.1
=====> Saving current model and best model
selecting samples for epoch 223
balance: False
ratio: 0.1
=====> Saving current model and best model
selecting samples for epoch 224
balance: False
ratio: 0.1
=====> Saving current model and best model
selecting samples for epoch 225
balance: False
ratio: 0.1
=====> Saving current model and best model
selecting samples for epoch 226
balance: False
ratio: 0.1
=====> Epoch: 226/300, Total_step: 10622, lr: 0.001000, Total Time: 5134.8781 s, Time this epoch: 16.9199 s
=====> Epoch: 226/300, Train Loss (train loader labels): 1.0256, Train acc (train loader labels): 0.4987, Best val acc: 0.5307, Current val acc: 0.5093, Val Loss: 1.0228
=====> Saving current model and best model
selecting samples for epoch 227
balance: False
ratio: 0.1
=====> Saving current model and best model
selecting samples for epoch 228
balance: False
ratio: 0.1
=====> Saving current model and best model
selecting samples for epoch 229
balance: False
ratio: 0.1
=====> Saving current model and best model
selecting samples for epoch 230
balance: False
ratio: 0.1
=====> Saving current model and best model
selecting samples for epoch 231
balance: False
ratio: 0.1
=====> Saving current model and best model
selecting samples for epoch 232
balance: False
ratio: 0.1
=====> Saving current model and best model
selecting samples for epoch 233
balance: False
ratio: 0.1
=====> Saving current model and best model
selecting samples for epoch 234
balance: False
ratio: 0.1
=====> Saving current model and best model
selecting samples for epoch 235
balance: False
ratio: 0.1
=====> Saving current model and best model
selecting samples for epoch 236
balance: False
ratio: 0.1
=====> Saving current model and best model
selecting samples for epoch 237
balance: False
ratio: 0.1
=====> Saving current model and best model
selecting samples for epoch 238
balance: False
ratio: 0.1
=====> Saving current model and best model
selecting samples for epoch 239
balance: False
ratio: 0.1
=====> Saving current model and best model
selecting samples for epoch 240
balance: False
ratio: 0.1
=====> Saving current model and best model
selecting samples for epoch 241
balance: False
ratio: 0.1
=====> Epoch: 241/300, Total_step: 11327, lr: 0.001000, Total Time: 5415.4292 s, Time this epoch: 17.1517 s
=====> Epoch: 241/300, Train Loss (train loader labels): 1.0053, Train acc (train loader labels): 0.4977, Best val acc: 0.5307, Current val acc: 0.5213, Val Loss: 0.9928
=====> Saving current model and best model
selecting samples for epoch 242
balance: False
ratio: 0.1
=====> Saving current model and best model
selecting samples for epoch 243
balance: False
ratio: 0.1
=====> Saving current model and best model
selecting samples for epoch 244
balance: False
ratio: 0.1
=====> Saving current model and best model
selecting samples for epoch 245
balance: False
ratio: 0.1
=====> Saving current model and best model
selecting samples for epoch 246
balance: False
ratio: 0.1
=====> Saving current model and best model
selecting samples for epoch 247
balance: False
ratio: 0.1
=====> Saving current model and best model
selecting samples for epoch 248
balance: False
ratio: 0.1
=====> Saving current model and best model
selecting samples for epoch 249
balance: False
ratio: 0.1
=====> Saving current model and best model
selecting samples for epoch 250
balance: False
ratio: 0.1
=====> Saving current model and best model
selecting samples for epoch 251
balance: False
ratio: 0.1
=====> Saving current model and best model
selecting samples for epoch 252
balance: False
ratio: 0.1
=====> Saving current model and best model
selecting samples for epoch 253
balance: False
ratio: 0.1
=====> Saving current model and best model
selecting samples for epoch 254
balance: False
ratio: 0.1
=====> Saving current model and best model
selecting samples for epoch 255
balance: False
ratio: 0.1
=====> Saving current model and best model
selecting samples for epoch 256
balance: False
ratio: 0.1
=====> Epoch: 256/300, Total_step: 12032, lr: 0.001000, Total Time: 5693.8166 s, Time this epoch: 16.9669 s
=====> Epoch: 256/300, Train Loss (train loader labels): 1.0810, Train acc (train loader labels): 0.4156, Best val acc: 0.5307, Current val acc: 0.4337, Val Loss: 1.0770
=====> Saving current model and best model
selecting samples for epoch 257
balance: False
ratio: 0.1
=====> Saving current model and best model
selecting samples for epoch 258
balance: False
ratio: 0.1
=====> Saving current model and best model
selecting samples for epoch 259
balance: False
ratio: 0.1
=====> Saving current model and best model
selecting samples for epoch 260
balance: False
ratio: 0.1
=====> Saving current model and best model
selecting samples for epoch 261
balance: False
ratio: 0.1
=====> Saving current model and best model
selecting samples for epoch 262
balance: False
ratio: 0.1
=====> Saving current model and best model
selecting samples for epoch 263
balance: False
ratio: 0.1
=====> Saving current model and best model
selecting samples for epoch 264
balance: False
ratio: 0.1
=====> Saving current model and best model
selecting samples for epoch 265
balance: False
ratio: 0.1
=====> Saving current model and best model
selecting samples for epoch 266
balance: False
ratio: 0.1
=====> Saving current model and best model
selecting samples for epoch 267
balance: False
ratio: 0.1
=====> Saving current model and best model
selecting samples for epoch 268
balance: False
ratio: 0.1
=====> Saving current model and best model
selecting samples for epoch 269
balance: False
ratio: 0.1
=====> Saving current model and best model
selecting samples for epoch 270
balance: False
ratio: 0.1
=====> Saving current model and best model
selecting samples for epoch 271
balance: False
ratio: 0.1
=====> Epoch: 271/300, Total_step: 12737, lr: 0.001000, Total Time: 5973.2209 s, Time this epoch: 17.0221 s
=====> Epoch: 271/300, Train Loss (train loader labels): 28.8097, Train acc (train loader labels): 0.3852, Best val acc: 0.5307, Current val acc: 0.3827, Val Loss: 28.0965
=====> Saving current model and best model
selecting samples for epoch 272
balance: False
ratio: 0.1
=====> Saving current model and best model
selecting samples for epoch 273
balance: False
ratio: 0.1
=====> Saving current model and best model
selecting samples for epoch 274
balance: False
ratio: 0.1
=====> Saving current model and best model
selecting samples for epoch 275
balance: False
ratio: 0.1
=====> Saving current model and best model
selecting samples for epoch 276
balance: False
ratio: 0.1
=====> Saving current model and best model
selecting samples for epoch 277
balance: False
ratio: 0.1
=====> Saving current model and best model
selecting samples for epoch 278
balance: False
ratio: 0.1
=====> Saving current model and best model
selecting samples for epoch 279
balance: False
ratio: 0.1
=====> Saving current model and best model
selecting samples for epoch 280
balance: False
ratio: 0.1
=====> Saving current model and best model
selecting samples for epoch 281
balance: False
ratio: 0.1
=====> Saving current model and best model
selecting samples for epoch 282
balance: False
ratio: 0.1
=====> Saving current model and best model
selecting samples for epoch 283
balance: False
ratio: 0.1
=====> Saving current model and best model
selecting samples for epoch 284
balance: False
ratio: 0.1
=====> Saving current model and best model
selecting samples for epoch 285
balance: False
ratio: 0.1
=====> Saving current model and best model
selecting samples for epoch 286
balance: False
ratio: 0.1
=====> Epoch: 286/300, Total_step: 13442, lr: 0.001000, Total Time: 6252.2978 s, Time this epoch: 17.0088 s
=====> Epoch: 286/300, Train Loss (train loader labels): 1.0358, Train acc (train loader labels): 0.4645, Best val acc: 0.5307, Current val acc: 0.4837, Val Loss: 1.0249
=====> Saving current model and best model
selecting samples for epoch 287
balance: False
ratio: 0.1
=====> Saving current model and best model
selecting samples for epoch 288
balance: False
ratio: 0.1
=====> Saving current model and best model
selecting samples for epoch 289
balance: False
ratio: 0.1
=====> Saving current model and best model
selecting samples for epoch 290
balance: False
ratio: 0.1
=====> Saving current model and best model
selecting samples for epoch 291
balance: False
ratio: 0.1
=====> Saving current model and best model
selecting samples for epoch 292
balance: False
ratio: 0.1
=====> Saving current model and best model
selecting samples for epoch 293
balance: False
ratio: 0.1
=====> Saving current model and best model
selecting samples for epoch 294
balance: False
ratio: 0.1
=====> Saving current model and best model
selecting samples for epoch 295
balance: False
ratio: 0.1
=====> Saving current model and best model
selecting samples for epoch 296
balance: False
ratio: 0.1
=====> Saving current model and best model
selecting samples for epoch 297
balance: False
ratio: 0.1
=====> Saving current model and best model
selecting samples for epoch 298
balance: False
ratio: 0.1
=====> Saving current model and best model
selecting samples for epoch 299
balance: False
ratio: 0.1
=====> Saving current model and best model
selecting samples for epoch 300
balance: False
ratio: 0.1
=====> Epoch: 300/300, Total_step: 14100, lr: 0.001000, Total Time: 6515.4246 s, Time this epoch: 16.9778 s
=====> Epoch: 300/300, Train Loss (train loader labels): 1.0115, Train acc (train loader labels): 0.4858, Best val acc: 0.5307, Current val acc: 0.4970, Val Loss: 1.0073
=====> Saving current model and best model
Saved helper snapshots to /home/mward19/Documents/miller/Online-Batch-Selection/snapshots/CIFAR3/{"bsel":"Uniform","seed":1,"model":"DeepLinear","opt":"adamw","bs":320,"ratio":0.1,"lr":0.001,"wd":0.01,"layers":5,"hidden_dim":1000}.p
Saved selected points array to /home/mward19/Documents/miller/Online-Batch-Selection/selected_points/CIFAR3/{"bsel":"Uniform","seed":1,"model":"DeepLinear","opt":"adamw","bs":320,"ratio":0.1,"lr":0.001,"wd":0.01,"layers":5,"hidden_dim":1000}.npy
========================= End Main =========================
