save_dir: ./exp/CIFAR3/Uniform_deeplinear_bs320_ep300_lr0.001_AdamW_constant_seed3_r0.1_100_hidden
=====> Loading config files: 
configs/cifar3/method/uniform-0.1.yaml
configs/cifar3/data/cifar3.yaml
configs/cifar3/model/deep_linear_saxe/deep_linear_100.yaml
configs/cifar3/optim/adamw-320-0.001-0.01.yaml
configs/diagnostics/snapshots_log_interval.yaml
=====> Config files loaded.
========================= Start Main =========================
=====> Saving config file
=====> Config file saved
=====> Using fixed random seed: 3
=====> Wandb initialized
=====> Number of GPUs: 1
Creating Uniform...
Begin training for Uniform...
=====> Epoch: 0/300, Total_step: 0, lr: 0.001000, Total Time: 0.0000 s, Time this epoch: 0.0000 s
=====> Epoch: 0/300, Train Loss (train loader labels): 1.0989, Train acc (train loader labels): 0.3333, Best val acc: 0.3333, Current val acc: 0.3333, Val Loss: 1.0989
selecting samples for epoch 1
balance: False
ratio: 0.1
=====> Epoch: 1/300, Total_step: 1, lr: 0.001000, Total Time: 0.0000 s, Time this epoch: 0.0000 s
=====> Epoch: 1/300, Train Loss (train loader labels): 1.1876, Train acc (train loader labels): 0.3333, Best val acc: 0.3333, Current val acc: 0.3333, Val Loss: 1.1876
=====> Epoch: 1/300, Total_step: 12, lr: 0.001000, Total Time: 0.0000 s, Time this epoch: 0.0000 s
=====> Epoch: 1/300, Train Loss (train loader labels): 1.1109, Train acc (train loader labels): 0.3333, Best val acc: 0.3333, Current val acc: 0.3333, Val Loss: 1.1109
=====> Epoch: 1/300, Total_step: 23, lr: 0.001000, Total Time: 0.0000 s, Time this epoch: 0.0000 s
=====> Epoch: 1/300, Train Loss (train loader labels): 36978116.0000, Train acc (train loader labels): 0.3333, Best val acc: 0.3333, Current val acc: 0.3333, Val Loss: 37000080.0000
=====> Epoch: 1/300, Total_step: 34, lr: 0.001000, Total Time: 0.0000 s, Time this epoch: 0.0000 s
=====> Epoch: 1/300, Train Loss (train loader labels): 14563053404160.0000, Train acc (train loader labels): 0.3549, Best val acc: 0.3503, Current val acc: 0.3503, Val Loss: 14893944143872.0000
=====> Epoch: 1/300, Total_step: 45, lr: 0.001000, Total Time: 0.0000 s, Time this epoch: 0.0000 s
=====> Epoch: 1/300, Train Loss (train loader labels): 130784709100699648000.0000, Train acc (train loader labels): 0.3386, Best val acc: 0.3503, Current val acc: 0.3340, Val Loss: 130472984360085618688.0000
=====> Saving current model and best model
selecting samples for epoch 2
balance: False
ratio: 0.1
=====> Epoch: 2/300, Total_step: 48, lr: 0.001000, Total Time: 43.4408 s, Time this epoch: 37.0505 s
=====> Epoch: 2/300, Train Loss (train loader labels): 18024897746015617024.0000, Train acc (train loader labels): 0.3459, Best val acc: 0.3503, Current val acc: 0.3360, Val Loss: 19924650429161406464.0000
=====> Epoch: 2/300, Total_step: 59, lr: 0.001000, Total Time: 43.4408 s, Time this epoch: 37.0505 s
=====> Epoch: 2/300, Train Loss (train loader labels): 7593070124668160862846976.0000, Train acc (train loader labels): 0.3313, Best val acc: 0.3503, Current val acc: 0.3147, Val Loss: 7652688272132133223399424.0000
=====> Epoch: 2/300, Total_step: 70, lr: 0.001000, Total Time: 43.4408 s, Time this epoch: 37.0505 s
=====> Epoch: 2/300, Train Loss (train loader labels): 7482258227174378372595712.0000, Train acc (train loader labels): 0.3316, Best val acc: 0.3503, Current val acc: 0.3147, Val Loss: 7551751147325308377497600.0000
=====> Epoch: 2/300, Total_step: 81, lr: 0.001000, Total Time: 43.4408 s, Time this epoch: 37.0505 s
=====> Epoch: 2/300, Train Loss (train loader labels): 7390580214971051114758144.0000, Train acc (train loader labels): 0.3324, Best val acc: 0.3503, Current val acc: 0.3147, Val Loss: 7453849088379361056260096.0000
=====> Epoch: 2/300, Total_step: 92, lr: 0.001000, Total Time: 43.4408 s, Time this epoch: 37.0505 s
=====> Epoch: 2/300, Train Loss (train loader labels): 7287867591047131724513280.0000, Train acc (train loader labels): 0.3341, Best val acc: 0.3503, Current val acc: 0.3147, Val Loss: 7360528163031969041481728.0000
=====> Saving current model and best model
selecting samples for epoch 3
balance: False
ratio: 0.1
=====> Epoch: 3/300, Total_step: 95, lr: 0.001000, Total Time: 81.7747 s, Time this epoch: 36.8685 s
=====> Epoch: 3/300, Train Loss (train loader labels): 7230830834831974094340096.0000, Train acc (train loader labels): 0.3368, Best val acc: 0.3503, Current val acc: 0.3147, Val Loss: 7335974393748357021433856.0000
=====> Epoch: 3/300, Total_step: 106, lr: 0.001000, Total Time: 81.7747 s, Time this epoch: 36.8685 s
=====> Epoch: 3/300, Train Loss (train loader labels): 7211871040688714495819776.0000, Train acc (train loader labels): 0.3317, Best val acc: 0.3503, Current val acc: 0.3147, Val Loss: 7246907172292211968573440.0000
=====> Epoch: 3/300, Total_step: 117, lr: 0.001000, Total Time: 81.7747 s, Time this epoch: 36.8685 s
=====> Epoch: 3/300, Train Loss (train loader labels): 7087726758915658427138048.0000, Train acc (train loader labels): 0.3327, Best val acc: 0.3503, Current val acc: 0.3147, Val Loss: 7160966673956560684711936.0000
=====> Epoch: 3/300, Total_step: 128, lr: 0.001000, Total Time: 81.7747 s, Time this epoch: 36.8685 s
=====> Epoch: 3/300, Train Loss (train loader labels): 7019736671945983447269376.0000, Train acc (train loader labels): 0.3325, Best val acc: 0.3503, Current val acc: 0.3147, Val Loss: 7075792291960720650665984.0000
=====> Epoch: 3/300, Total_step: 139, lr: 0.001000, Total Time: 81.7747 s, Time this epoch: 36.8685 s
=====> Epoch: 3/300, Train Loss (train loader labels): 6933416285974564207329280.0000, Train acc (train loader labels): 0.3308, Best val acc: 0.3503, Current val acc: 0.3147, Val Loss: 6991641704260971496734720.0000
=====> Saving current model and best model
selecting samples for epoch 4
balance: False
ratio: 0.1
=====> Epoch: 4/300, Total_step: 142, lr: 0.001000, Total Time: 120.4493 s, Time this epoch: 37.0965 s
=====> Epoch: 4/300, Train Loss (train loader labels): 6906828186696073405792256.0000, Train acc (train loader labels): 0.3335, Best val acc: 0.3503, Current val acc: 0.3147, Val Loss: 6968940103374510376353792.0000
=====> Epoch: 4/300, Total_step: 153, lr: 0.001000, Total Time: 120.4493 s, Time this epoch: 37.0965 s
=====> Epoch: 4/300, Train Loss (train loader labels): 6831038585747733106130944.0000, Train acc (train loader labels): 0.3313, Best val acc: 0.3503, Current val acc: 0.3147, Val Loss: 6886239890927556635918336.0000
=====> Epoch: 4/300, Total_step: 164, lr: 0.001000, Total Time: 120.4493 s, Time this epoch: 37.0965 s
=====> Epoch: 4/300, Train Loss (train loader labels): 6752017345821979814395904.0000, Train acc (train loader labels): 0.3324, Best val acc: 0.3503, Current val acc: 0.3147, Val Loss: 6804605554411611925512192.0000
=====> Epoch: 4/300, Total_step: 175, lr: 0.001000, Total Time: 120.4493 s, Time this epoch: 37.0965 s
=====> Epoch: 4/300, Train Loss (train loader labels): 6646948150342644028932096.0000, Train acc (train loader labels): 0.3337, Best val acc: 0.3503, Current val acc: 0.3147, Val Loss: 6724120680635760241541120.0000
=====> Epoch: 4/300, Total_step: 186, lr: 0.001000, Total Time: 120.4493 s, Time this epoch: 37.0965 s
=====> Epoch: 4/300, Train Loss (train loader labels): 6607603551076430769029120.0000, Train acc (train loader labels): 0.3329, Best val acc: 0.3503, Current val acc: 0.3147, Val Loss: 6644009929888153479413760.0000
=====> Saving current model and best model
selecting samples for epoch 5
balance: False
ratio: 0.1
=====> Epoch: 5/300, Total_step: 189, lr: 0.001000, Total Time: 158.8609 s, Time this epoch: 36.8368 s
=====> Epoch: 5/300, Train Loss (train loader labels): 6550976081995408569532416.0000, Train acc (train loader labels): 0.3326, Best val acc: 0.3503, Current val acc: 0.3147, Val Loss: 6622288888741360482385920.0000
=====> Epoch: 5/300, Total_step: 200, lr: 0.001000, Total Time: 158.8609 s, Time this epoch: 36.8368 s
=====> Epoch: 5/300, Train Loss (train loader labels): 6487492188726489451069440.0000, Train acc (train loader labels): 0.3323, Best val acc: 0.3503, Current val acc: 0.3147, Val Loss: 6543207696897367634608128.0000
=====> Epoch: 5/300, Total_step: 211, lr: 0.001000, Total Time: 158.8609 s, Time this epoch: 36.8368 s
=====> Epoch: 5/300, Train Loss (train loader labels): 6383583408741540457086976.0000, Train acc (train loader labels): 0.3359, Best val acc: 0.3503, Current val acc: 0.3147, Val Loss: 6465752700835622744489984.0000
=====> Epoch: 5/300, Total_step: 222, lr: 0.001000, Total Time: 158.8609 s, Time this epoch: 36.8368 s
=====> Epoch: 5/300, Train Loss (train loader labels): 6316504129760504886329344.0000, Train acc (train loader labels): 0.3345, Best val acc: 0.3503, Current val acc: 0.3147, Val Loss: 6389307087551161148899328.0000
=====> Epoch: 5/300, Total_step: 233, lr: 0.001000, Total Time: 158.8609 s, Time this epoch: 36.8368 s
=====> Epoch: 5/300, Train Loss (train loader labels): 6266987880519897718980608.0000, Train acc (train loader labels): 0.3344, Best val acc: 0.3503, Current val acc: 0.3147, Val Loss: 6313757294275779073409024.0000
=====> Saving current model and best model
selecting samples for epoch 6
balance: False
ratio: 0.1
=====> Epoch: 6/300, Total_step: 282, lr: 0.001000, Total Time: 197.7796 s, Time this epoch: 37.3751 s
=====> Epoch: 6/300, Train Loss (train loader labels): 5935800802028039463501824.0000, Train acc (train loader labels): 0.3323, Best val acc: 0.3503, Current val acc: 0.3147, Val Loss: 5987345616656002378104832.0000
=====> Saving current model and best model
selecting samples for epoch 7
balance: False
ratio: 0.1
=====> Epoch: 7/300, Total_step: 329, lr: 0.001000, Total Time: 211.5375 s, Time this epoch: 12.2707 s
=====> Epoch: 7/300, Train Loss (train loader labels): 5644881812927584552353792.0000, Train acc (train loader labels): 0.3334, Best val acc: 0.3503, Current val acc: 0.3143, Val Loss: 5692426566395314011373568.0000
=====> Saving current model and best model
selecting samples for epoch 8
balance: False
ratio: 0.1
=====> Epoch: 8/300, Total_step: 376, lr: 0.001000, Total Time: 225.3426 s, Time this epoch: 12.1819 s
=====> Epoch: 8/300, Train Loss (train loader labels): 5387078188203952106897408.0000, Train acc (train loader labels): 0.3285, Best val acc: 0.3503, Current val acc: 0.3143, Val Loss: 5411006497571314912460800.0000
=====> Saving current model and best model
selecting samples for epoch 9
balance: False
ratio: 0.1
=====> Epoch: 9/300, Total_step: 423, lr: 0.001000, Total Time: 238.9730 s, Time this epoch: 12.1869 s
=====> Epoch: 9/300, Train Loss (train loader labels): 5112809691473029279776768.0000, Train acc (train loader labels): 0.3331, Best val acc: 0.3503, Current val acc: 0.3143, Val Loss: 5145373382909897369190400.0000
=====> Saving current model and best model
selecting samples for epoch 10
balance: False
ratio: 0.1
=====> Epoch: 10/300, Total_step: 470, lr: 0.001000, Total Time: 252.8443 s, Time this epoch: 12.1829 s
=====> Epoch: 10/300, Train Loss (train loader labels): 4865570286496109373161472.0000, Train acc (train loader labels): 0.3329, Best val acc: 0.3503, Current val acc: 0.3143, Val Loss: 4892972348356852608663552.0000
=====> Saving current model and best model
selecting samples for epoch 11
balance: False
ratio: 0.1
=====> Epoch: 11/300, Total_step: 517, lr: 0.001000, Total Time: 266.3898 s, Time this epoch: 12.0982 s
=====> Epoch: 11/300, Train Loss (train loader labels): 4610062128488149160034304.0000, Train acc (train loader labels): 0.3333, Best val acc: 0.3503, Current val acc: 0.3143, Val Loss: 4652552474079682201911296.0000
=====> Saving current model and best model
selecting samples for epoch 12
balance: False
ratio: 0.1
=====> Epoch: 12/300, Total_step: 564, lr: 0.001000, Total Time: 280.0315 s, Time this epoch: 12.0820 s
=====> Epoch: 12/300, Train Loss (train loader labels): 4383487976790178530328576.0000, Train acc (train loader labels): 0.3317, Best val acc: 0.3503, Current val acc: 0.3143, Val Loss: 4423509917440348312829952.0000
=====> Saving current model and best model
selecting samples for epoch 13
balance: False
ratio: 0.1
=====> Epoch: 13/300, Total_step: 611, lr: 0.001000, Total Time: 293.8933 s, Time this epoch: 12.4522 s
=====> Epoch: 13/300, Train Loss (train loader labels): 4165446597147803175092224.0000, Train acc (train loader labels): 0.3325, Best val acc: 0.3503, Current val acc: 0.3143, Val Loss: 4205863989874053106106368.0000
=====> Saving current model and best model
selecting samples for epoch 14
balance: False
ratio: 0.1
=====> Epoch: 14/300, Total_step: 658, lr: 0.001000, Total Time: 308.9134 s, Time this epoch: 12.4088 s
=====> Epoch: 14/300, Train Loss (train loader labels): 3963070538449273353142272.0000, Train acc (train loader labels): 0.3321, Best val acc: 0.3503, Current val acc: 0.3143, Val Loss: 3998380488910114952052736.0000
=====> Saving current model and best model
selecting samples for epoch 15
balance: False
ratio: 0.1
=====> Epoch: 15/300, Total_step: 705, lr: 0.001000, Total Time: 323.0008 s, Time this epoch: 12.5298 s
=====> Epoch: 15/300, Train Loss (train loader labels): 3778109359077829954764800.0000, Train acc (train loader labels): 0.3344, Best val acc: 0.3503, Current val acc: 0.3147, Val Loss: 3800935187256412462907392.0000
=====> Saving current model and best model
selecting samples for epoch 16
balance: False
ratio: 0.1
=====> Epoch: 16/300, Total_step: 752, lr: 0.001000, Total Time: 337.3702 s, Time this epoch: 12.8173 s
=====> Epoch: 16/300, Train Loss (train loader labels): 3595909426709919954894848.0000, Train acc (train loader labels): 0.3334, Best val acc: 0.3503, Current val acc: 0.3147, Val Loss: 3614953384123015853244416.0000
=====> Saving current model and best model
selecting samples for epoch 17
balance: False
ratio: 0.1
=====> Epoch: 17/300, Total_step: 799, lr: 0.001000, Total Time: 351.3986 s, Time this epoch: 12.3307 s
=====> Epoch: 17/300, Train Loss (train loader labels): 3409595870413572725014528.0000, Train acc (train loader labels): 0.3321, Best val acc: 0.3503, Current val acc: 0.3147, Val Loss: 3437270598210155479826432.0000
=====> Saving current model and best model
selecting samples for epoch 18
balance: False
ratio: 0.1
=====> Epoch: 18/300, Total_step: 846, lr: 0.001000, Total Time: 365.4553 s, Time this epoch: 12.3245 s
=====> Epoch: 18/300, Train Loss (train loader labels): 3253221379748856097406976.0000, Train acc (train loader labels): 0.3350, Best val acc: 0.3503, Current val acc: 0.3147, Val Loss: 3268212818073258928635904.0000
=====> Saving current model and best model
selecting samples for epoch 19
balance: False
ratio: 0.1
=====> Epoch: 19/300, Total_step: 893, lr: 0.001000, Total Time: 379.6433 s, Time this epoch: 12.3424 s
=====> Epoch: 19/300, Train Loss (train loader labels): 3084227586755465226223616.0000, Train acc (train loader labels): 0.3307, Best val acc: 0.3503, Current val acc: 0.3147, Val Loss: 3106740973206299278835712.0000
=====> Saving current model and best model
selecting samples for epoch 20
balance: False
ratio: 0.1
=====> Epoch: 20/300, Total_step: 940, lr: 0.001000, Total Time: 393.5362 s, Time this epoch: 12.2828 s
=====> Epoch: 20/300, Train Loss (train loader labels): 2930084287432538999226368.0000, Train acc (train loader labels): 0.3317, Best val acc: 0.3503, Current val acc: 0.3147, Val Loss: 2953178169860942599290880.0000
=====> Saving current model and best model
selecting samples for epoch 21
balance: False
ratio: 0.1
=====> Epoch: 21/300, Total_step: 987, lr: 0.001000, Total Time: 407.2247 s, Time this epoch: 12.1510 s
=====> Epoch: 21/300, Train Loss (train loader labels): 2791074524009458397347840.0000, Train acc (train loader labels): 0.3327, Best val acc: 0.3503, Current val acc: 0.3143, Val Loss: 2807556689839317881716736.0000
=====> Saving current model and best model
selecting samples for epoch 22
balance: False
ratio: 0.1
=====> Epoch: 22/300, Total_step: 1034, lr: 0.001000, Total Time: 421.0150 s, Time this epoch: 12.2748 s
=====> Epoch: 22/300, Train Loss (train loader labels): 2641630244508933526913024.0000, Train acc (train loader labels): 0.3317, Best val acc: 0.3503, Current val acc: 0.3143, Val Loss: 2668684412305661646340096.0000
=====> Saving current model and best model
selecting samples for epoch 23
balance: False
ratio: 0.1
=====> Epoch: 23/300, Total_step: 1081, lr: 0.001000, Total Time: 434.9163 s, Time this epoch: 12.2791 s
=====> Epoch: 23/300, Train Loss (train loader labels): 2520764583264603179319296.0000, Train acc (train loader labels): 0.3346, Best val acc: 0.3503, Current val acc: 0.3143, Val Loss: 2536740040093187954442240.0000
=====> Saving current model and best model
selecting samples for epoch 24
balance: False
ratio: 0.1
=====> Epoch: 24/300, Total_step: 1128, lr: 0.001000, Total Time: 448.8161 s, Time this epoch: 12.2794 s
=====> Epoch: 24/300, Train Loss (train loader labels): 2398094743980751192064000.0000, Train acc (train loader labels): 0.3316, Best val acc: 0.3503, Current val acc: 0.3143, Val Loss: 2410848794010276360880128.0000
=====> Saving current model and best model
selecting samples for epoch 25
balance: False
ratio: 0.1
=====> Epoch: 25/300, Total_step: 1175, lr: 0.001000, Total Time: 462.7365 s, Time this epoch: 12.3344 s
=====> Epoch: 25/300, Train Loss (train loader labels): 2267628849482747705556992.0000, Train acc (train loader labels): 0.3337, Best val acc: 0.3503, Current val acc: 0.3143, Val Loss: 2290505982668285218390016.0000
=====> Saving current model and best model
selecting samples for epoch 26
balance: False
ratio: 0.1
=====> Epoch: 26/300, Total_step: 1222, lr: 0.001000, Total Time: 477.3749 s, Time this epoch: 12.9762 s
=====> Epoch: 26/300, Train Loss (train loader labels): 2158023916689100508233728.0000, Train acc (train loader labels): 0.3319, Best val acc: 0.3503, Current val acc: 0.3143, Val Loss: 2175937722797305544835072.0000
=====> Saving current model and best model
selecting samples for epoch 27
balance: False
ratio: 0.1
=====> Saving current model and best model
selecting samples for epoch 28
balance: False
ratio: 0.1
=====> Saving current model and best model
selecting samples for epoch 29
balance: False
ratio: 0.1
=====> Epoch: 29/300, Total_step: 1363, lr: 0.001000, Total Time: 509.6356 s, Time this epoch: 5.8877 s
=====> Epoch: 29/300, Train Loss (train loader labels): 1852407628363105587691520.0000, Train acc (train loader labels): 0.3334, Best val acc: 0.3503, Current val acc: 0.3143, Val Loss: 1867581660630800528310272.0000
=====> Saving current model and best model
selecting samples for epoch 30
balance: False
ratio: 0.1
=====> Saving current model and best model
selecting samples for epoch 31
balance: False
ratio: 0.1
=====> Saving current model and best model
selecting samples for epoch 32
balance: False
ratio: 0.1
=====> Saving current model and best model
selecting samples for epoch 33
balance: False
ratio: 0.1
=====> Epoch: 33/300, Total_step: 1551, lr: 0.001000, Total Time: 546.1604 s, Time this epoch: 5.7661 s
=====> Epoch: 33/300, Train Loss (train loader labels): 1508489270041438148624384.0000, Train acc (train loader labels): 0.3335, Best val acc: 0.3503, Current val acc: 0.3143, Val Loss: 1521493792267839154946048.0000
=====> Saving current model and best model
selecting samples for epoch 34
balance: False
ratio: 0.1
=====> Saving current model and best model
selecting samples for epoch 35
balance: False
ratio: 0.1
=====> Saving current model and best model
selecting samples for epoch 36
balance: False
ratio: 0.1
=====> Saving current model and best model
selecting samples for epoch 37
balance: False
ratio: 0.1
=====> Epoch: 37/300, Total_step: 1739, lr: 0.001000, Total Time: 584.3392 s, Time this epoch: 5.9616 s
=====> Epoch: 37/300, Train Loss (train loader labels): 1231287741002795502796800.0000, Train acc (train loader labels): 0.3319, Best val acc: 0.3503, Current val acc: 0.3143, Val Loss: 1236616832427464501231616.0000
=====> Saving current model and best model
selecting samples for epoch 38
balance: False
ratio: 0.1
=====> Saving current model and best model
selecting samples for epoch 39
balance: False
ratio: 0.1
=====> Saving current model and best model
selecting samples for epoch 40
balance: False
ratio: 0.1
=====> Saving current model and best model
selecting samples for epoch 41
balance: False
ratio: 0.1
=====> Epoch: 41/300, Total_step: 1927, lr: 0.001000, Total Time: 625.2226 s, Time this epoch: 6.0349 s
=====> Epoch: 41/300, Train Loss (train loader labels): 993112388722312513323008.0000, Train acc (train loader labels): 0.3323, Best val acc: 0.3503, Current val acc: 0.3143, Val Loss: 1002415528515767275356160.0000
=====> Saving current model and best model
selecting samples for epoch 42
balance: False
ratio: 0.1
=====> Saving current model and best model
selecting samples for epoch 43
balance: False
ratio: 0.1
=====> Saving current model and best model
selecting samples for epoch 44
balance: False
ratio: 0.1
=====> Saving current model and best model
selecting samples for epoch 45
balance: False
ratio: 0.1
=====> Epoch: 45/300, Total_step: 2115, lr: 0.001000, Total Time: 665.2838 s, Time this epoch: 6.0414 s
=====> Epoch: 45/300, Train Loss (train loader labels): 804450475436269212008448.0000, Train acc (train loader labels): 0.3317, Best val acc: 0.3503, Current val acc: 0.3143, Val Loss: 811303657032434424217600.0000
=====> Saving current model and best model
selecting samples for epoch 46
balance: False
ratio: 0.1
=====> Saving current model and best model
selecting samples for epoch 47
balance: False
ratio: 0.1
=====> Saving current model and best model
selecting samples for epoch 48
balance: False
ratio: 0.1
=====> Saving current model and best model
selecting samples for epoch 49
balance: False
ratio: 0.1
=====> Epoch: 49/300, Total_step: 2303, lr: 0.001000, Total Time: 702.2074 s, Time this epoch: 5.9063 s
=====> Epoch: 49/300, Train Loss (train loader labels): 648542125347383940218880.0000, Train acc (train loader labels): 0.3333, Best val acc: 0.3503, Current val acc: 0.3140, Val Loss: 652800368867055291596800.0000
=====> Saving current model and best model
selecting samples for epoch 50
balance: False
ratio: 0.1
=====> Saving current model and best model
selecting samples for epoch 51
balance: False
ratio: 0.1
=====> Saving current model and best model
selecting samples for epoch 52
balance: False
ratio: 0.1
=====> Saving current model and best model
selecting samples for epoch 53
balance: False
ratio: 0.1
=====> Epoch: 53/300, Total_step: 2491, lr: 0.001000, Total Time: 739.5038 s, Time this epoch: 5.8213 s
=====> Epoch: 53/300, Train Loss (train loader labels): 517540806896881630183424.0000, Train acc (train loader labels): 0.3351, Best val acc: 0.3503, Current val acc: 0.3143, Val Loss: 522801767866387767754752.0000
=====> Saving current model and best model
selecting samples for epoch 54
balance: False
ratio: 0.1
=====> Saving current model and best model
selecting samples for epoch 55
balance: False
ratio: 0.1
=====> Saving current model and best model
selecting samples for epoch 56
balance: False
ratio: 0.1
=====> Saving current model and best model
selecting samples for epoch 57
balance: False
ratio: 0.1
=====> Epoch: 57/300, Total_step: 2679, lr: 0.001000, Total Time: 775.8799 s, Time this epoch: 5.7908 s
=====> Epoch: 57/300, Train Loss (train loader labels): 411201163977063137280000.0000, Train acc (train loader labels): 0.3339, Best val acc: 0.3503, Current val acc: 0.3143, Val Loss: 414588195156018920947712.0000
=====> Saving current model and best model
selecting samples for epoch 58
balance: False
ratio: 0.1
=====> Saving current model and best model
selecting samples for epoch 59
balance: False
ratio: 0.1
=====> Saving current model and best model
selecting samples for epoch 60
balance: False
ratio: 0.1
=====> Saving current model and best model
selecting samples for epoch 61
balance: False
ratio: 0.1
=====> Epoch: 61/300, Total_step: 2867, lr: 0.001000, Total Time: 812.6082 s, Time this epoch: 5.7662 s
=====> Epoch: 61/300, Train Loss (train loader labels): 324521282668988674867200.0000, Train acc (train loader labels): 0.3329, Best val acc: 0.3503, Current val acc: 0.3137, Val Loss: 326850292194685562650624.0000
=====> Saving current model and best model
selecting samples for epoch 62
balance: False
ratio: 0.1
=====> Saving current model and best model
selecting samples for epoch 63
balance: False
ratio: 0.1
=====> Saving current model and best model
selecting samples for epoch 64
balance: False
ratio: 0.1
=====> Saving current model and best model
selecting samples for epoch 65
balance: False
ratio: 0.1
=====> Epoch: 65/300, Total_step: 3055, lr: 0.001000, Total Time: 848.7376 s, Time this epoch: 5.7913 s
=====> Epoch: 65/300, Train Loss (train loader labels): 251908160609825333444608.0000, Train acc (train loader labels): 0.3342, Best val acc: 0.3503, Current val acc: 0.3137, Val Loss: 253433691933202305777664.0000
=====> Saving current model and best model
selecting samples for epoch 66
balance: False
ratio: 0.1
=====> Saving current model and best model
selecting samples for epoch 67
balance: False
ratio: 0.1
=====> Saving current model and best model
selecting samples for epoch 68
balance: False
ratio: 0.1
=====> Saving current model and best model
selecting samples for epoch 69
balance: False
ratio: 0.1
=====> Saving current model and best model
selecting samples for epoch 70
balance: False
ratio: 0.1
=====> Saving current model and best model
selecting samples for epoch 71
balance: False
ratio: 0.1
=====> Saving current model and best model
selecting samples for epoch 72
balance: False
ratio: 0.1
=====> Saving current model and best model
selecting samples for epoch 73
balance: False
ratio: 0.1
=====> Saving current model and best model
selecting samples for epoch 74
balance: False
ratio: 0.1
=====> Saving current model and best model
selecting samples for epoch 75
balance: False
ratio: 0.1
=====> Saving current model and best model
selecting samples for epoch 76
balance: False
ratio: 0.1
=====> Epoch: 76/300, Total_step: 3572, lr: 0.001000, Total Time: 940.0373 s, Time this epoch: 5.9107 s
=====> Epoch: 76/300, Train Loss (train loader labels): 117789504540452694523904.0000, Train acc (train loader labels): 0.3341, Best val acc: 0.3503, Current val acc: 0.3140, Val Loss: 119186286957682399117312.0000
=====> Saving current model and best model
selecting samples for epoch 77
balance: False
ratio: 0.1
=====> Saving current model and best model
selecting samples for epoch 78
balance: False
ratio: 0.1
=====> Saving current model and best model
selecting samples for epoch 79
balance: False
ratio: 0.1
=====> Saving current model and best model
selecting samples for epoch 80
balance: False
ratio: 0.1
=====> Saving current model and best model
selecting samples for epoch 81
balance: False
ratio: 0.1
=====> Saving current model and best model
selecting samples for epoch 82
balance: False
ratio: 0.1
=====> Saving current model and best model
selecting samples for epoch 83
balance: False
ratio: 0.1
=====> Saving current model and best model
selecting samples for epoch 84
balance: False
ratio: 0.1
=====> Saving current model and best model
selecting samples for epoch 85
balance: False
ratio: 0.1
=====> Saving current model and best model
selecting samples for epoch 86
balance: False
ratio: 0.1
=====> Saving current model and best model
selecting samples for epoch 87
balance: False
ratio: 0.1
=====> Saving current model and best model
selecting samples for epoch 88
balance: False
ratio: 0.1
=====> Saving current model and best model
selecting samples for epoch 89
balance: False
ratio: 0.1
=====> Saving current model and best model
selecting samples for epoch 90
balance: False
ratio: 0.1
=====> Saving current model and best model
selecting samples for epoch 91
balance: False
ratio: 0.1
=====> Epoch: 91/300, Total_step: 4277, lr: 0.001000, Total Time: 1070.4694 s, Time this epoch: 6.0177 s
=====> Epoch: 91/300, Train Loss (train loader labels): 24583547084348193767424.0000, Train acc (train loader labels): 0.3175, Best val acc: 0.3503, Current val acc: 0.3057, Val Loss: 24727450603241563226112.0000
=====> Saving current model and best model
selecting samples for epoch 92
balance: False
ratio: 0.1
=====> Saving current model and best model
selecting samples for epoch 93
balance: False
ratio: 0.1
=====> Saving current model and best model
selecting samples for epoch 94
balance: False
ratio: 0.1
=====> Saving current model and best model
selecting samples for epoch 95
balance: False
ratio: 0.1
=====> Saving current model and best model
selecting samples for epoch 96
balance: False
ratio: 0.1
=====> Saving current model and best model
selecting samples for epoch 97
balance: False
ratio: 0.1
=====> Saving current model and best model
selecting samples for epoch 98
balance: False
ratio: 0.1
=====> Saving current model and best model
selecting samples for epoch 99
balance: False
ratio: 0.1
=====> Saving current model and best model
selecting samples for epoch 100
balance: False
ratio: 0.1
=====> Saving current model and best model
selecting samples for epoch 101
balance: False
ratio: 0.1
=====> Saving current model and best model
selecting samples for epoch 102
balance: False
ratio: 0.1
=====> Saving current model and best model
selecting samples for epoch 103
balance: False
ratio: 0.1
=====> Saving current model and best model
selecting samples for epoch 104
balance: False
ratio: 0.1
=====> Saving current model and best model
selecting samples for epoch 105
balance: False
ratio: 0.1
=====> Saving current model and best model
selecting samples for epoch 106
balance: False
ratio: 0.1
=====> Epoch: 106/300, Total_step: 4982, lr: 0.001000, Total Time: 1205.4733 s, Time this epoch: 6.0377 s
=====> Epoch: 106/300, Train Loss (train loader labels): 4788618374037939159040.0000, Train acc (train loader labels): 0.3468, Best val acc: 0.3533, Current val acc: 0.3533, Val Loss: 4788266530317050839040.0000
=====> Saving current model and best model
selecting samples for epoch 107
balance: False
ratio: 0.1
=====> Saving current model and best model
selecting samples for epoch 108
balance: False
ratio: 0.1
=====> Saving current model and best model
selecting samples for epoch 109
balance: False
ratio: 0.1
=====> Saving current model and best model
selecting samples for epoch 110
balance: False
ratio: 0.1
=====> Saving current model and best model
selecting samples for epoch 111
balance: False
ratio: 0.1
=====> Saving current model and best model
selecting samples for epoch 112
balance: False
ratio: 0.1
=====> Saving current model and best model
selecting samples for epoch 113
balance: False
ratio: 0.1
=====> Saving current model and best model
selecting samples for epoch 114
balance: False
ratio: 0.1
=====> Saving current model and best model
selecting samples for epoch 115
balance: False
ratio: 0.1
=====> Saving current model and best model
selecting samples for epoch 116
balance: False
ratio: 0.1
=====> Saving current model and best model
selecting samples for epoch 117
balance: False
ratio: 0.1
=====> Saving current model and best model
selecting samples for epoch 118
balance: False
ratio: 0.1
=====> Saving current model and best model
selecting samples for epoch 119
balance: False
ratio: 0.1
=====> Saving current model and best model
selecting samples for epoch 120
balance: False
ratio: 0.1
=====> Saving current model and best model
selecting samples for epoch 121
balance: False
ratio: 0.1
=====> Epoch: 121/300, Total_step: 5687, lr: 0.001000, Total Time: 1369.0702 s, Time this epoch: 5.8756 s
=====> Epoch: 121/300, Train Loss (train loader labels): 1587827224485086363648.0000, Train acc (train loader labels): 0.3481, Best val acc: 0.3553, Current val acc: 0.3553, Val Loss: 1607106290064929325056.0000
=====> Saving current model and best model
selecting samples for epoch 122
balance: False
ratio: 0.1
=====> Saving current model and best model
selecting samples for epoch 123
balance: False
ratio: 0.1
=====> Saving current model and best model
selecting samples for epoch 124
balance: False
ratio: 0.1
=====> Saving current model and best model
selecting samples for epoch 125
balance: False
ratio: 0.1
=====> Saving current model and best model
selecting samples for epoch 126
balance: False
ratio: 0.1
=====> Saving current model and best model
selecting samples for epoch 127
balance: False
ratio: 0.1
=====> Saving current model and best model
selecting samples for epoch 128
balance: False
ratio: 0.1
=====> Saving current model and best model
selecting samples for epoch 129
balance: False
ratio: 0.1
=====> Saving current model and best model
selecting samples for epoch 130
balance: False
ratio: 0.1
=====> Saving current model and best model
selecting samples for epoch 131
balance: False
ratio: 0.1
=====> Saving current model and best model
selecting samples for epoch 132
balance: False
ratio: 0.1
=====> Saving current model and best model
selecting samples for epoch 133
balance: False
ratio: 0.1
=====> Saving current model and best model
selecting samples for epoch 134
balance: False
ratio: 0.1
=====> Saving current model and best model
selecting samples for epoch 135
balance: False
ratio: 0.1
=====> Saving current model and best model
selecting samples for epoch 136
balance: False
ratio: 0.1
=====> Epoch: 136/300, Total_step: 6392, lr: 0.001000, Total Time: 1516.0313 s, Time this epoch: 5.9942 s
=====> Epoch: 136/300, Train Loss (train loader labels): 563714967223639474176.0000, Train acc (train loader labels): 0.3425, Best val acc: 0.3553, Current val acc: 0.3477, Val Loss: 567069585996077072384.0000
=====> Saving current model and best model
selecting samples for epoch 137
balance: False
ratio: 0.1
=====> Saving current model and best model
selecting samples for epoch 138
balance: False
ratio: 0.1
=====> Saving current model and best model
selecting samples for epoch 139
balance: False
ratio: 0.1
=====> Saving current model and best model
selecting samples for epoch 140
balance: False
ratio: 0.1
=====> Saving current model and best model
selecting samples for epoch 141
balance: False
ratio: 0.1
=====> Saving current model and best model
selecting samples for epoch 142
balance: False
ratio: 0.1
=====> Saving current model and best model
selecting samples for epoch 143
balance: False
ratio: 0.1
=====> Saving current model and best model
selecting samples for epoch 144
balance: False
ratio: 0.1
=====> Saving current model and best model
selecting samples for epoch 145
balance: False
ratio: 0.1
=====> Saving current model and best model
selecting samples for epoch 146
balance: False
ratio: 0.1
=====> Saving current model and best model
selecting samples for epoch 147
balance: False
ratio: 0.1
=====> Saving current model and best model
selecting samples for epoch 148
balance: False
ratio: 0.1
=====> Saving current model and best model
selecting samples for epoch 149
balance: False
ratio: 0.1
=====> Saving current model and best model
selecting samples for epoch 150
balance: False
ratio: 0.1
=====> Saving current model and best model
selecting samples for epoch 151
balance: False
ratio: 0.1
=====> Epoch: 151/300, Total_step: 7097, lr: 0.001000, Total Time: 1640.7350 s, Time this epoch: 5.9038 s
=====> Epoch: 151/300, Train Loss (train loader labels): 218181510692893360128.0000, Train acc (train loader labels): 0.3403, Best val acc: 0.3553, Current val acc: 0.3450, Val Loss: 223731247255581097984.0000
=====> Saving current model and best model
selecting samples for epoch 152
balance: False
ratio: 0.1
=====> Saving current model and best model
selecting samples for epoch 153
balance: False
ratio: 0.1
=====> Saving current model and best model
selecting samples for epoch 154
balance: False
ratio: 0.1
=====> Saving current model and best model
selecting samples for epoch 155
balance: False
ratio: 0.1
=====> Saving current model and best model
selecting samples for epoch 156
balance: False
ratio: 0.1
=====> Saving current model and best model
selecting samples for epoch 157
balance: False
ratio: 0.1
=====> Saving current model and best model
selecting samples for epoch 158
balance: False
ratio: 0.1
=====> Saving current model and best model
selecting samples for epoch 159
balance: False
ratio: 0.1
=====> Saving current model and best model
selecting samples for epoch 160
balance: False
ratio: 0.1
=====> Saving current model and best model
selecting samples for epoch 161
balance: False
ratio: 0.1
=====> Saving current model and best model
selecting samples for epoch 162
balance: False
ratio: 0.1
=====> Saving current model and best model
selecting samples for epoch 163
balance: False
ratio: 0.1
=====> Saving current model and best model
selecting samples for epoch 164
balance: False
ratio: 0.1
=====> Saving current model and best model
selecting samples for epoch 165
balance: False
ratio: 0.1
=====> Saving current model and best model
selecting samples for epoch 166
balance: False
ratio: 0.1
=====> Epoch: 166/300, Total_step: 7802, lr: 0.001000, Total Time: 1762.0106 s, Time this epoch: 5.8350 s
=====> Epoch: 166/300, Train Loss (train loader labels): 96874327940832165888.0000, Train acc (train loader labels): 0.3312, Best val acc: 0.3553, Current val acc: 0.3403, Val Loss: 98296489056755777536.0000
=====> Saving current model and best model
selecting samples for epoch 167
balance: False
ratio: 0.1
=====> Saving current model and best model
selecting samples for epoch 168
balance: False
ratio: 0.1
=====> Saving current model and best model
selecting samples for epoch 169
balance: False
ratio: 0.1
=====> Saving current model and best model
selecting samples for epoch 170
balance: False
ratio: 0.1
=====> Saving current model and best model
selecting samples for epoch 171
balance: False
ratio: 0.1
=====> Saving current model and best model
selecting samples for epoch 172
balance: False
ratio: 0.1
=====> Saving current model and best model
selecting samples for epoch 173
balance: False
ratio: 0.1
=====> Saving current model and best model
selecting samples for epoch 174
balance: False
ratio: 0.1
=====> Saving current model and best model
selecting samples for epoch 175
balance: False
ratio: 0.1
=====> Saving current model and best model
selecting samples for epoch 176
balance: False
ratio: 0.1
=====> Saving current model and best model
selecting samples for epoch 177
balance: False
ratio: 0.1
=====> Saving current model and best model
selecting samples for epoch 178
balance: False
ratio: 0.1
=====> Saving current model and best model
selecting samples for epoch 179
balance: False
ratio: 0.1
=====> Saving current model and best model
selecting samples for epoch 180
balance: False
ratio: 0.1
=====> Saving current model and best model
selecting samples for epoch 181
balance: False
ratio: 0.1
=====> Epoch: 181/300, Total_step: 8507, lr: 0.001000, Total Time: 1882.3469 s, Time this epoch: 5.8697 s
=====> Epoch: 181/300, Train Loss (train loader labels): 44783016240339746816.0000, Train acc (train loader labels): 0.3361, Best val acc: 0.3553, Current val acc: 0.3373, Val Loss: 45813438955472814080.0000
=====> Saving current model and best model
selecting samples for epoch 182
balance: False
ratio: 0.1
=====> Saving current model and best model
selecting samples for epoch 183
balance: False
ratio: 0.1
=====> Saving current model and best model
selecting samples for epoch 184
balance: False
ratio: 0.1
=====> Saving current model and best model
selecting samples for epoch 185
balance: False
ratio: 0.1
=====> Saving current model and best model
selecting samples for epoch 186
balance: False
ratio: 0.1
=====> Saving current model and best model
selecting samples for epoch 187
balance: False
ratio: 0.1
=====> Saving current model and best model
selecting samples for epoch 188
balance: False
ratio: 0.1
=====> Saving current model and best model
selecting samples for epoch 189
balance: False
ratio: 0.1
=====> Saving current model and best model
selecting samples for epoch 190
balance: False
ratio: 0.1
=====> Saving current model and best model
selecting samples for epoch 191
balance: False
ratio: 0.1
=====> Saving current model and best model
selecting samples for epoch 192
balance: False
ratio: 0.1
=====> Saving current model and best model
selecting samples for epoch 193
balance: False
ratio: 0.1
=====> Saving current model and best model
selecting samples for epoch 194
balance: False
ratio: 0.1
=====> Saving current model and best model
selecting samples for epoch 195
balance: False
ratio: 0.1
=====> Saving current model and best model
selecting samples for epoch 196
balance: False
ratio: 0.1
=====> Epoch: 196/300, Total_step: 9212, lr: 0.001000, Total Time: 2006.3463 s, Time this epoch: 5.9603 s
=====> Epoch: 196/300, Train Loss (train loader labels): 21569779309058457600.0000, Train acc (train loader labels): 0.3347, Best val acc: 0.3553, Current val acc: 0.3323, Val Loss: 21731381130062462976.0000
=====> Saving current model and best model
selecting samples for epoch 197
balance: False
ratio: 0.1
=====> Saving current model and best model
selecting samples for epoch 198
balance: False
ratio: 0.1
=====> Saving current model and best model
selecting samples for epoch 199
balance: False
ratio: 0.1
=====> Saving current model and best model
selecting samples for epoch 200
balance: False
ratio: 0.1
=====> Saving current model and best model
selecting samples for epoch 201
balance: False
ratio: 0.1
=====> Saving current model and best model
selecting samples for epoch 202
balance: False
ratio: 0.1
=====> Saving current model and best model
selecting samples for epoch 203
balance: False
ratio: 0.1
=====> Saving current model and best model
selecting samples for epoch 204
balance: False
ratio: 0.1
=====> Saving current model and best model
selecting samples for epoch 205
balance: False
ratio: 0.1
=====> Saving current model and best model
selecting samples for epoch 206
balance: False
ratio: 0.1
=====> Saving current model and best model
selecting samples for epoch 207
balance: False
ratio: 0.1
=====> Saving current model and best model
selecting samples for epoch 208
balance: False
ratio: 0.1
=====> Saving current model and best model
selecting samples for epoch 209
balance: False
ratio: 0.1
=====> Saving current model and best model
selecting samples for epoch 210
balance: False
ratio: 0.1
=====> Saving current model and best model
selecting samples for epoch 211
balance: False
ratio: 0.1
=====> Epoch: 211/300, Total_step: 9917, lr: 0.001000, Total Time: 2132.6383 s, Time this epoch: 5.8644 s
=====> Epoch: 211/300, Train Loss (train loader labels): 10215262366992433152.0000, Train acc (train loader labels): 0.3349, Best val acc: 0.3553, Current val acc: 0.3330, Val Loss: 10426387291223097344.0000
=====> Saving current model and best model
selecting samples for epoch 212
balance: False
ratio: 0.1
=====> Saving current model and best model
selecting samples for epoch 213
balance: False
ratio: 0.1
=====> Saving current model and best model
selecting samples for epoch 214
balance: False
ratio: 0.1
=====> Saving current model and best model
selecting samples for epoch 215
balance: False
ratio: 0.1
=====> Saving current model and best model
selecting samples for epoch 216
balance: False
ratio: 0.1
=====> Saving current model and best model
selecting samples for epoch 217
balance: False
ratio: 0.1
=====> Saving current model and best model
selecting samples for epoch 218
balance: False
ratio: 0.1
=====> Saving current model and best model
selecting samples for epoch 219
balance: False
ratio: 0.1
=====> Saving current model and best model
selecting samples for epoch 220
balance: False
ratio: 0.1
=====> Saving current model and best model
selecting samples for epoch 221
balance: False
ratio: 0.1
=====> Saving current model and best model
selecting samples for epoch 222
balance: False
ratio: 0.1
=====> Saving current model and best model
selecting samples for epoch 223
balance: False
ratio: 0.1
=====> Saving current model and best model
selecting samples for epoch 224
balance: False
ratio: 0.1
=====> Saving current model and best model
selecting samples for epoch 225
balance: False
ratio: 0.1
=====> Saving current model and best model
selecting samples for epoch 226
balance: False
ratio: 0.1
=====> Epoch: 226/300, Total_step: 10622, lr: 0.001000, Total Time: 2254.4770 s, Time this epoch: 5.8598 s
=====> Epoch: 226/300, Train Loss (train loader labels): 4954885928653946880.0000, Train acc (train loader labels): 0.3346, Best val acc: 0.3553, Current val acc: 0.3353, Val Loss: 5023485008866705408.0000
=====> Saving current model and best model
selecting samples for epoch 227
balance: False
ratio: 0.1
=====> Saving current model and best model
selecting samples for epoch 228
balance: False
ratio: 0.1
=====> Saving current model and best model
selecting samples for epoch 229
balance: False
ratio: 0.1
=====> Saving current model and best model
selecting samples for epoch 230
balance: False
ratio: 0.1
=====> Saving current model and best model
selecting samples for epoch 231
balance: False
ratio: 0.1
=====> Saving current model and best model
selecting samples for epoch 232
balance: False
ratio: 0.1
=====> Saving current model and best model
selecting samples for epoch 233
balance: False
ratio: 0.1
=====> Saving current model and best model
selecting samples for epoch 234
balance: False
ratio: 0.1
=====> Saving current model and best model
selecting samples for epoch 235
balance: False
ratio: 0.1
=====> Saving current model and best model
selecting samples for epoch 236
balance: False
ratio: 0.1
=====> Saving current model and best model
selecting samples for epoch 237
balance: False
ratio: 0.1
=====> Saving current model and best model
selecting samples for epoch 238
balance: False
ratio: 0.1
=====> Saving current model and best model
selecting samples for epoch 239
balance: False
ratio: 0.1
=====> Saving current model and best model
selecting samples for epoch 240
balance: False
ratio: 0.1
=====> Saving current model and best model
selecting samples for epoch 241
balance: False
ratio: 0.1
=====> Epoch: 241/300, Total_step: 11327, lr: 0.001000, Total Time: 2375.4109 s, Time this epoch: 5.7722 s
=====> Epoch: 241/300, Train Loss (train loader labels): 2384357485285736448.0000, Train acc (train loader labels): 0.3335, Best val acc: 0.3553, Current val acc: 0.3360, Val Loss: 2436831402843439104.0000
=====> Saving current model and best model
selecting samples for epoch 242
balance: False
ratio: 0.1
=====> Saving current model and best model
selecting samples for epoch 243
balance: False
ratio: 0.1
=====> Saving current model and best model
selecting samples for epoch 244
balance: False
ratio: 0.1
=====> Saving current model and best model
selecting samples for epoch 245
balance: False
ratio: 0.1
=====> Saving current model and best model
selecting samples for epoch 246
balance: False
ratio: 0.1
=====> Saving current model and best model
selecting samples for epoch 247
balance: False
ratio: 0.1
=====> Saving current model and best model
selecting samples for epoch 248
balance: False
ratio: 0.1
=====> Saving current model and best model
selecting samples for epoch 249
balance: False
ratio: 0.1
=====> Saving current model and best model
selecting samples for epoch 250
balance: False
ratio: 0.1
=====> Saving current model and best model
selecting samples for epoch 251
balance: False
ratio: 0.1
=====> Saving current model and best model
selecting samples for epoch 252
balance: False
ratio: 0.1
=====> Saving current model and best model
selecting samples for epoch 253
balance: False
ratio: 0.1
=====> Saving current model and best model
selecting samples for epoch 254
balance: False
ratio: 0.1
=====> Saving current model and best model
selecting samples for epoch 255
balance: False
ratio: 0.1
=====> Saving current model and best model
selecting samples for epoch 256
balance: False
ratio: 0.1
=====> Epoch: 256/300, Total_step: 12032, lr: 0.001000, Total Time: 2495.4102 s, Time this epoch: 5.8001 s
=====> Epoch: 256/300, Train Loss (train loader labels): 1159331794835734528.0000, Train acc (train loader labels): 0.3291, Best val acc: 0.3553, Current val acc: 0.3360, Val Loss: 1182854059405606912.0000
=====> Saving current model and best model
selecting samples for epoch 257
balance: False
ratio: 0.1
=====> Saving current model and best model
selecting samples for epoch 258
balance: False
ratio: 0.1
=====> Saving current model and best model
selecting samples for epoch 259
balance: False
ratio: 0.1
=====> Saving current model and best model
selecting samples for epoch 260
balance: False
ratio: 0.1
=====> Saving current model and best model
selecting samples for epoch 261
balance: False
ratio: 0.1
=====> Saving current model and best model
selecting samples for epoch 262
balance: False
ratio: 0.1
=====> Saving current model and best model
selecting samples for epoch 263
balance: False
ratio: 0.1
=====> Saving current model and best model
selecting samples for epoch 264
balance: False
ratio: 0.1
=====> Saving current model and best model
selecting samples for epoch 265
balance: False
ratio: 0.1
=====> Saving current model and best model
selecting samples for epoch 266
balance: False
ratio: 0.1
=====> Saving current model and best model
selecting samples for epoch 267
balance: False
ratio: 0.1
=====> Saving current model and best model
selecting samples for epoch 268
balance: False
ratio: 0.1
=====> Saving current model and best model
selecting samples for epoch 269
balance: False
ratio: 0.1
=====> Saving current model and best model
selecting samples for epoch 270
balance: False
ratio: 0.1
=====> Saving current model and best model
selecting samples for epoch 271
balance: False
ratio: 0.1
=====> Epoch: 271/300, Total_step: 12737, lr: 0.001000, Total Time: 2615.5239 s, Time this epoch: 5.8385 s
=====> Epoch: 271/300, Train Loss (train loader labels): 563558464387809280.0000, Train acc (train loader labels): 0.3336, Best val acc: 0.3553, Current val acc: 0.3350, Val Loss: 576106434681372672.0000
=====> Saving current model and best model
selecting samples for epoch 272
balance: False
ratio: 0.1
=====> Saving current model and best model
selecting samples for epoch 273
balance: False
ratio: 0.1
=====> Saving current model and best model
selecting samples for epoch 274
balance: False
ratio: 0.1
=====> Saving current model and best model
selecting samples for epoch 275
balance: False
ratio: 0.1
=====> Saving current model and best model
selecting samples for epoch 276
balance: False
ratio: 0.1
=====> Saving current model and best model
selecting samples for epoch 277
balance: False
ratio: 0.1
=====> Saving current model and best model
selecting samples for epoch 278
balance: False
ratio: 0.1
=====> Saving current model and best model
selecting samples for epoch 279
balance: False
ratio: 0.1
=====> Saving current model and best model
selecting samples for epoch 280
balance: False
ratio: 0.1
=====> Saving current model and best model
selecting samples for epoch 281
balance: False
ratio: 0.1
=====> Saving current model and best model
selecting samples for epoch 282
balance: False
ratio: 0.1
=====> Saving current model and best model
selecting samples for epoch 283
balance: False
ratio: 0.1
=====> Saving current model and best model
selecting samples for epoch 284
balance: False
ratio: 0.1
=====> Saving current model and best model
selecting samples for epoch 285
balance: False
ratio: 0.1
=====> Saving current model and best model
selecting samples for epoch 286
balance: False
ratio: 0.1
=====> Epoch: 286/300, Total_step: 13442, lr: 0.001000, Total Time: 2735.4640 s, Time this epoch: 5.8401 s
=====> Epoch: 286/300, Train Loss (train loader labels): 278622173533306880.0000, Train acc (train loader labels): 0.3335, Best val acc: 0.3553, Current val acc: 0.3340, Val Loss: 280911047504691200.0000
=====> Saving current model and best model
selecting samples for epoch 287
balance: False
ratio: 0.1
=====> Saving current model and best model
selecting samples for epoch 288
balance: False
ratio: 0.1
=====> Saving current model and best model
selecting samples for epoch 289
balance: False
ratio: 0.1
=====> Saving current model and best model
selecting samples for epoch 290
balance: False
ratio: 0.1
=====> Saving current model and best model
selecting samples for epoch 291
balance: False
ratio: 0.1
=====> Saving current model and best model
selecting samples for epoch 292
balance: False
ratio: 0.1
=====> Saving current model and best model
selecting samples for epoch 293
balance: False
ratio: 0.1
=====> Saving current model and best model
selecting samples for epoch 294
balance: False
ratio: 0.1
=====> Saving current model and best model
selecting samples for epoch 295
balance: False
ratio: 0.1
=====> Saving current model and best model
selecting samples for epoch 296
balance: False
ratio: 0.1
=====> Saving current model and best model
selecting samples for epoch 297
balance: False
ratio: 0.1
=====> Saving current model and best model
selecting samples for epoch 298
balance: False
ratio: 0.1
=====> Saving current model and best model
selecting samples for epoch 299
balance: False
ratio: 0.1
=====> Saving current model and best model
selecting samples for epoch 300
balance: False
ratio: 0.1
=====> Epoch: 300/300, Total_step: 14100, lr: 0.001000, Total Time: 2846.8678 s, Time this epoch: 5.8110 s
=====> Epoch: 300/300, Train Loss (train loader labels): 141002144240107520.0000, Train acc (train loader labels): 0.3232, Best val acc: 0.3553, Current val acc: 0.3347, Val Loss: 143796673301184512.0000
=====> Saving current model and best model
Saved helper snapshots to /home/mward19/Documents/miller/Online-Batch-Selection/snapshots/CIFAR3/{"bsel":"Uniform","seed":3,"model":"DeepLinear","opt":"adamw","bs":320,"ratio":0.1,"lr":0.001,"wd":0.01,"layers":100,"hidden_dim":1000}.p
Saved selected points array to /home/mward19/Documents/miller/Online-Batch-Selection/selected_points/CIFAR3/{"bsel":"Uniform","seed":3,"model":"DeepLinear","opt":"adamw","bs":320,"ratio":0.1,"lr":0.001,"wd":0.01,"layers":100,"hidden_dim":1000}.npy
========================= End Main =========================
