save_dir: ./exp/MNIST/Uniform_deeplinear_bs320_ep300_lr0.001_AdamW_constant_seed2_r0.1_5_hidden
=====> Loading config files: 
configs/mnist/method/uniform-0.1.yaml
configs/mnist/data/mnist.yaml
configs/mnist/model/deep_linear_saxe/deep_linear_5.yaml
configs/mnist/optim/adamw-320-0.001-0.01.yaml
configs/diagnostics/snapshots_log_interval.yaml
=====> Config files loaded.
========================= Start Main =========================
=====> Saving config file
=====> Config file saved
=====> Using fixed random seed: 2
=====> Wandb initialized
=====> Number of GPUs: 1
Creating Uniform...
Begin training for Uniform...
=====> Epoch: 0/300, Total_step: 0, lr: 0.001000, Total Time: 0.0000 s, Time this epoch: 0.0000 s
=====> Epoch: 0/300, Train Loss (train loader labels): 2.3080, Train acc (train loader labels): 0.0784, Best val acc: 0.0503, Current val acc: 0.0503, Val Loss: 2.3123
selecting samples for epoch 1
balance: False
ratio: 0.1
=====> Epoch: 1/300, Total_step: 1, lr: 0.001000, Total Time: 0.0000 s, Time this epoch: 0.0000 s
=====> Epoch: 1/300, Train Loss (train loader labels): 2.3836, Train acc (train loader labels): 0.1442, Best val acc: 0.1210, Current val acc: 0.1210, Val Loss: 2.3287
=====> Epoch: 1/300, Total_step: 48, lr: 0.001000, Total Time: 0.0000 s, Time this epoch: 0.0000 s
=====> Epoch: 1/300, Train Loss (train loader labels): 2.0836, Train acc (train loader labels): 0.2944, Best val acc: 0.5148, Current val acc: 0.5148, Val Loss: 1.6262
=====> Epoch: 1/300, Total_step: 95, lr: 0.001000, Total Time: 0.0000 s, Time this epoch: 0.0000 s
=====> Epoch: 1/300, Train Loss (train loader labels): 1.9319, Train acc (train loader labels): 0.3801, Best val acc: 0.5148, Current val acc: 0.4148, Val Loss: 1.6978
=====> Epoch: 1/300, Total_step: 142, lr: 0.001000, Total Time: 0.0000 s, Time this epoch: 0.0000 s
=====> Epoch: 1/300, Train Loss (train loader labels): 1.9255, Train acc (train loader labels): 0.3388, Best val acc: 0.5148, Current val acc: 0.4135, Val Loss: 1.5189
=====> Saving current model and best model
selecting samples for epoch 2
balance: False
ratio: 0.1
=====> Epoch: 2/300, Total_step: 189, lr: 0.001000, Total Time: 321.6141 s, Time this epoch: 266.5296 s
=====> Epoch: 2/300, Train Loss (train loader labels): 1.9909, Train acc (train loader labels): 0.3201, Best val acc: 0.5148, Current val acc: 0.4067, Val Loss: 1.6591
=====> Epoch: 2/300, Total_step: 236, lr: 0.001000, Total Time: 321.6141 s, Time this epoch: 266.5296 s
=====> Epoch: 2/300, Train Loss (train loader labels): 1.7918, Train acc (train loader labels): 0.3851, Best val acc: 0.5229, Current val acc: 0.5229, Val Loss: 1.3979
=====> Epoch: 2/300, Total_step: 283, lr: 0.001000, Total Time: 321.6141 s, Time this epoch: 266.5296 s
=====> Epoch: 2/300, Train Loss (train loader labels): 1.8412, Train acc (train loader labels): 0.3824, Best val acc: 0.5382, Current val acc: 0.5382, Val Loss: 1.5587
=====> Epoch: 2/300, Total_step: 330, lr: 0.001000, Total Time: 321.6141 s, Time this epoch: 266.5296 s
=====> Epoch: 2/300, Train Loss (train loader labels): 1.7824, Train acc (train loader labels): 0.3843, Best val acc: 0.5382, Current val acc: 0.4672, Val Loss: 1.4907
=====> Saving current model and best model
selecting samples for epoch 3
balance: False
ratio: 0.1
=====> Epoch: 3/300, Total_step: 377, lr: 0.001000, Total Time: 588.3692 s, Time this epoch: 266.4632 s
=====> Epoch: 3/300, Train Loss (train loader labels): 1.8519, Train acc (train loader labels): 0.3751, Best val acc: 0.5729, Current val acc: 0.5729, Val Loss: 1.5520
=====> Epoch: 3/300, Total_step: 424, lr: 0.001000, Total Time: 588.3692 s, Time this epoch: 266.4632 s
=====> Epoch: 3/300, Train Loss (train loader labels): 1.8424, Train acc (train loader labels): 0.3637, Best val acc: 0.5729, Current val acc: 0.4190, Val Loss: 1.5777
=====> Epoch: 3/300, Total_step: 471, lr: 0.001000, Total Time: 588.3692 s, Time this epoch: 266.4632 s
=====> Epoch: 3/300, Train Loss (train loader labels): 1.9578, Train acc (train loader labels): 0.3669, Best val acc: 0.5729, Current val acc: 0.4821, Val Loss: 1.4868
=====> Epoch: 3/300, Total_step: 518, lr: 0.001000, Total Time: 588.3692 s, Time this epoch: 266.4632 s
=====> Epoch: 3/300, Train Loss (train loader labels): 1.9127, Train acc (train loader labels): 0.3525, Best val acc: 0.5729, Current val acc: 0.4655, Val Loss: 1.5657
=====> Saving current model and best model
selecting samples for epoch 4
balance: False
ratio: 0.1
=====> Epoch: 4/300, Total_step: 565, lr: 0.001000, Total Time: 855.0686 s, Time this epoch: 266.4503 s
=====> Epoch: 4/300, Train Loss (train loader labels): 1.7744, Train acc (train loader labels): 0.3954, Best val acc: 0.5729, Current val acc: 0.4984, Val Loss: 1.5048
=====> Epoch: 4/300, Total_step: 612, lr: 0.001000, Total Time: 855.0686 s, Time this epoch: 266.4503 s
=====> Epoch: 4/300, Train Loss (train loader labels): 1.8977, Train acc (train loader labels): 0.3767, Best val acc: 0.5729, Current val acc: 0.4652, Val Loss: 1.4503
=====> Epoch: 4/300, Total_step: 659, lr: 0.001000, Total Time: 855.0686 s, Time this epoch: 266.4503 s
=====> Epoch: 4/300, Train Loss (train loader labels): 1.9633, Train acc (train loader labels): 0.3559, Best val acc: 0.5729, Current val acc: 0.4786, Val Loss: 1.5692
=====> Epoch: 4/300, Total_step: 706, lr: 0.001000, Total Time: 855.0686 s, Time this epoch: 266.4503 s
=====> Epoch: 4/300, Train Loss (train loader labels): 1.8138, Train acc (train loader labels): 0.3873, Best val acc: 0.5729, Current val acc: 0.5096, Val Loss: 1.4404
=====> Saving current model and best model
selecting samples for epoch 5
balance: False
ratio: 0.1
=====> Epoch: 5/300, Total_step: 753, lr: 0.001000, Total Time: 1121.7070 s, Time this epoch: 266.3455 s
=====> Epoch: 5/300, Train Loss (train loader labels): 1.8107, Train acc (train loader labels): 0.3752, Best val acc: 0.5729, Current val acc: 0.4289, Val Loss: 1.5041
=====> Epoch: 5/300, Total_step: 800, lr: 0.001000, Total Time: 1121.7070 s, Time this epoch: 266.3455 s
=====> Epoch: 5/300, Train Loss (train loader labels): 1.7878, Train acc (train loader labels): 0.3686, Best val acc: 0.5729, Current val acc: 0.4165, Val Loss: 1.5102
=====> Epoch: 5/300, Total_step: 847, lr: 0.001000, Total Time: 1121.7070 s, Time this epoch: 266.3455 s
=====> Epoch: 5/300, Train Loss (train loader labels): 1.7935, Train acc (train loader labels): 0.3927, Best val acc: 0.5729, Current val acc: 0.5501, Val Loss: 1.3404
=====> Epoch: 5/300, Total_step: 894, lr: 0.001000, Total Time: 1121.7070 s, Time this epoch: 266.3455 s
=====> Epoch: 5/300, Train Loss (train loader labels): 1.6999, Train acc (train loader labels): 0.4317, Best val acc: 0.5729, Current val acc: 0.5418, Val Loss: 1.3842
=====> Saving current model and best model
selecting samples for epoch 6
balance: False
ratio: 0.1
=====> Epoch: 6/300, Total_step: 1128, lr: 0.001000, Total Time: 1389.0238 s, Time this epoch: 267.0211 s
=====> Epoch: 6/300, Train Loss (train loader labels): 1.7418, Train acc (train loader labels): 0.4017, Best val acc: 0.5729, Current val acc: 0.4582, Val Loss: 1.4785
=====> Saving current model and best model
selecting samples for epoch 7
balance: False
ratio: 0.1
=====> Epoch: 7/300, Total_step: 1316, lr: 0.001000, Total Time: 1493.8238 s, Time this epoch: 104.5221 s
=====> Epoch: 7/300, Train Loss (train loader labels): 1.8702, Train acc (train loader labels): 0.3815, Best val acc: 0.5729, Current val acc: 0.4743, Val Loss: 1.6097
=====> Saving current model and best model
selecting samples for epoch 8
balance: False
ratio: 0.1
=====> Epoch: 8/300, Total_step: 1504, lr: 0.001000, Total Time: 1598.4211 s, Time this epoch: 104.3187 s
=====> Epoch: 8/300, Train Loss (train loader labels): 1.8536, Train acc (train loader labels): 0.3986, Best val acc: 0.5729, Current val acc: 0.5136, Val Loss: 1.4086
=====> Saving current model and best model
selecting samples for epoch 9
balance: False
ratio: 0.1
=====> Epoch: 9/300, Total_step: 1692, lr: 0.001000, Total Time: 1703.3542 s, Time this epoch: 104.6565 s
=====> Epoch: 9/300, Train Loss (train loader labels): 1.7865, Train acc (train loader labels): 0.4003, Best val acc: 0.5729, Current val acc: 0.5073, Val Loss: 1.4482
=====> Saving current model and best model
selecting samples for epoch 10
balance: False
ratio: 0.1
=====> Epoch: 10/300, Total_step: 1880, lr: 0.001000, Total Time: 1808.5341 s, Time this epoch: 104.9436 s
=====> Epoch: 10/300, Train Loss (train loader labels): 1.6731, Train acc (train loader labels): 0.4177, Best val acc: 0.5729, Current val acc: 0.4620, Val Loss: 1.4515
=====> Saving current model and best model
selecting samples for epoch 11
balance: False
ratio: 0.1
=====> Epoch: 11/300, Total_step: 2068, lr: 0.001000, Total Time: 1913.3860 s, Time this epoch: 104.6063 s
=====> Epoch: 11/300, Train Loss (train loader labels): 1.6940, Train acc (train loader labels): 0.4147, Best val acc: 0.5729, Current val acc: 0.5381, Val Loss: 1.3573
=====> Saving current model and best model
selecting samples for epoch 12
balance: False
ratio: 0.1
=====> Epoch: 12/300, Total_step: 2256, lr: 0.001000, Total Time: 2017.7070 s, Time this epoch: 104.0878 s
=====> Epoch: 12/300, Train Loss (train loader labels): 1.6554, Train acc (train loader labels): 0.4454, Best val acc: 0.5729, Current val acc: 0.5692, Val Loss: 1.2672
=====> Saving current model and best model
selecting samples for epoch 13
balance: False
ratio: 0.1
=====> Epoch: 13/300, Total_step: 2444, lr: 0.001000, Total Time: 2122.1305 s, Time this epoch: 104.1968 s
=====> Epoch: 13/300, Train Loss (train loader labels): 1.8772, Train acc (train loader labels): 0.3730, Best val acc: 0.5729, Current val acc: 0.4436, Val Loss: 1.4967
=====> Saving current model and best model
selecting samples for epoch 14
balance: False
ratio: 0.1
=====> Epoch: 14/300, Total_step: 2632, lr: 0.001000, Total Time: 2227.1748 s, Time this epoch: 104.7154 s
=====> Epoch: 14/300, Train Loss (train loader labels): 3.2974, Train acc (train loader labels): 0.3552, Best val acc: 0.5729, Current val acc: 0.4907, Val Loss: 1.7303
=====> Saving current model and best model
selecting samples for epoch 15
balance: False
ratio: 0.1
=====> Epoch: 15/300, Total_step: 2820, lr: 0.001000, Total Time: 2331.9541 s, Time this epoch: 104.5386 s
=====> Epoch: 15/300, Train Loss (train loader labels): 1.7300, Train acc (train loader labels): 0.4571, Best val acc: 0.6244, Current val acc: 0.6244, Val Loss: 1.1421
=====> Saving current model and best model
selecting samples for epoch 16
balance: False
ratio: 0.1
=====> Epoch: 16/300, Total_step: 3008, lr: 0.001000, Total Time: 2436.4674 s, Time this epoch: 104.2249 s
=====> Epoch: 16/300, Train Loss (train loader labels): 1.6543, Train acc (train loader labels): 0.4732, Best val acc: 0.6244, Current val acc: 0.6092, Val Loss: 1.1946
=====> Saving current model and best model
selecting samples for epoch 17
balance: False
ratio: 0.1
=====> Epoch: 17/300, Total_step: 3196, lr: 0.001000, Total Time: 2542.0115 s, Time this epoch: 104.5520 s
=====> Epoch: 17/300, Train Loss (train loader labels): 1.6211, Train acc (train loader labels): 0.4870, Best val acc: 0.6435, Current val acc: 0.6435, Val Loss: 1.0725
=====> Saving current model and best model
selecting samples for epoch 18
balance: False
ratio: 0.1
=====> Epoch: 18/300, Total_step: 3384, lr: 0.001000, Total Time: 2646.8563 s, Time this epoch: 104.6114 s
=====> Epoch: 18/300, Train Loss (train loader labels): 1.5920, Train acc (train loader labels): 0.4929, Best val acc: 0.6435, Current val acc: 0.6355, Val Loss: 1.1417
=====> Saving current model and best model
selecting samples for epoch 19
balance: False
ratio: 0.1
=====> Epoch: 19/300, Total_step: 3572, lr: 0.001000, Total Time: 2752.2602 s, Time this epoch: 104.4444 s
=====> Epoch: 19/300, Train Loss (train loader labels): 1.5836, Train acc (train loader labels): 0.4905, Best val acc: 0.6435, Current val acc: 0.6239, Val Loss: 1.1468
=====> Saving current model and best model
selecting samples for epoch 20
balance: False
ratio: 0.1
=====> Epoch: 20/300, Total_step: 3760, lr: 0.001000, Total Time: 2856.9058 s, Time this epoch: 104.3570 s
=====> Epoch: 20/300, Train Loss (train loader labels): 1.5749, Train acc (train loader labels): 0.4946, Best val acc: 0.6435, Current val acc: 0.6209, Val Loss: 1.1907
=====> Saving current model and best model
selecting samples for epoch 21
balance: False
ratio: 0.1
=====> Epoch: 21/300, Total_step: 3948, lr: 0.001000, Total Time: 2961.4296 s, Time this epoch: 104.3204 s
=====> Epoch: 21/300, Train Loss (train loader labels): 1.5749, Train acc (train loader labels): 0.4972, Best val acc: 0.6907, Current val acc: 0.6907, Val Loss: 1.0791
=====> Saving current model and best model
selecting samples for epoch 22
balance: False
ratio: 0.1
=====> Epoch: 22/300, Total_step: 4136, lr: 0.001000, Total Time: 3065.6850 s, Time this epoch: 104.0022 s
=====> Epoch: 22/300, Train Loss (train loader labels): 1.5622, Train acc (train loader labels): 0.5039, Best val acc: 0.6907, Current val acc: 0.6599, Val Loss: 1.0775
=====> Saving current model and best model
selecting samples for epoch 23
balance: False
ratio: 0.1
=====> Epoch: 23/300, Total_step: 4324, lr: 0.001000, Total Time: 3171.2850 s, Time this epoch: 104.4880 s
=====> Epoch: 23/300, Train Loss (train loader labels): 1.5842, Train acc (train loader labels): 0.4915, Best val acc: 0.6907, Current val acc: 0.6451, Val Loss: 1.1495
=====> Saving current model and best model
selecting samples for epoch 24
balance: False
ratio: 0.1
=====> Epoch: 24/300, Total_step: 4512, lr: 0.001000, Total Time: 3275.4469 s, Time this epoch: 103.9485 s
=====> Epoch: 24/300, Train Loss (train loader labels): 1.5843, Train acc (train loader labels): 0.4895, Best val acc: 0.6937, Current val acc: 0.6937, Val Loss: 1.0905
=====> Saving current model and best model
selecting samples for epoch 25
balance: False
ratio: 0.1
=====> Epoch: 25/300, Total_step: 4700, lr: 0.001000, Total Time: 3379.8784 s, Time this epoch: 104.2366 s
=====> Epoch: 25/300, Train Loss (train loader labels): 1.5818, Train acc (train loader labels): 0.4978, Best val acc: 0.6937, Current val acc: 0.6691, Val Loss: 1.0989
=====> Saving current model and best model
selecting samples for epoch 26
balance: False
ratio: 0.1
=====> Epoch: 26/300, Total_step: 4888, lr: 0.001000, Total Time: 3484.6870 s, Time this epoch: 104.3285 s
=====> Epoch: 26/300, Train Loss (train loader labels): 1.5721, Train acc (train loader labels): 0.4922, Best val acc: 0.6937, Current val acc: 0.6303, Val Loss: 1.1923
=====> Saving current model and best model
selecting samples for epoch 27
balance: False
ratio: 0.1
=====> Saving current model and best model
selecting samples for epoch 28
balance: False
ratio: 0.1
=====> Saving current model and best model
selecting samples for epoch 29
balance: False
ratio: 0.1
=====> Epoch: 29/300, Total_step: 5452, lr: 0.001000, Total Time: 3689.6508 s, Time this epoch: 49.5865 s
=====> Epoch: 29/300, Train Loss (train loader labels): 1.6101, Train acc (train loader labels): 0.4824, Best val acc: 0.6937, Current val acc: 0.5832, Val Loss: 1.2293
=====> Saving current model and best model
selecting samples for epoch 30
balance: False
ratio: 0.1
=====> Saving current model and best model
selecting samples for epoch 31
balance: False
ratio: 0.1
=====> Saving current model and best model
selecting samples for epoch 32
balance: False
ratio: 0.1
=====> Saving current model and best model
selecting samples for epoch 33
balance: False
ratio: 0.1
=====> Epoch: 33/300, Total_step: 6204, lr: 0.001000, Total Time: 3944.3201 s, Time this epoch: 49.6350 s
=====> Epoch: 33/300, Train Loss (train loader labels): 1.5746, Train acc (train loader labels): 0.5028, Best val acc: 0.6937, Current val acc: 0.6457, Val Loss: 1.1073
=====> Saving current model and best model
selecting samples for epoch 34
balance: False
ratio: 0.1
=====> Saving current model and best model
selecting samples for epoch 35
balance: False
ratio: 0.1
=====> Saving current model and best model
selecting samples for epoch 36
balance: False
ratio: 0.1
=====> Saving current model and best model
selecting samples for epoch 37
balance: False
ratio: 0.1
=====> Epoch: 37/300, Total_step: 6956, lr: 0.001000, Total Time: 4198.2029 s, Time this epoch: 49.4825 s
=====> Epoch: 37/300, Train Loss (train loader labels): 1.5649, Train acc (train loader labels): 0.4929, Best val acc: 0.6937, Current val acc: 0.6256, Val Loss: 1.1827
=====> Saving current model and best model
selecting samples for epoch 38
balance: False
ratio: 0.1
=====> Saving current model and best model
selecting samples for epoch 39
balance: False
ratio: 0.1
=====> Saving current model and best model
selecting samples for epoch 40
balance: False
ratio: 0.1
=====> Saving current model and best model
selecting samples for epoch 41
balance: False
ratio: 0.1
=====> Epoch: 41/300, Total_step: 7708, lr: 0.001000, Total Time: 4453.2613 s, Time this epoch: 49.9551 s
=====> Epoch: 41/300, Train Loss (train loader labels): 1.6041, Train acc (train loader labels): 0.4853, Best val acc: 0.6937, Current val acc: 0.6385, Val Loss: 1.1367
=====> Saving current model and best model
selecting samples for epoch 42
balance: False
ratio: 0.1
=====> Saving current model and best model
selecting samples for epoch 43
balance: False
ratio: 0.1
=====> Saving current model and best model
selecting samples for epoch 44
balance: False
ratio: 0.1
=====> Saving current model and best model
selecting samples for epoch 45
balance: False
ratio: 0.1
=====> Epoch: 45/300, Total_step: 8460, lr: 0.001000, Total Time: 4707.8155 s, Time this epoch: 49.6526 s
=====> Epoch: 45/300, Train Loss (train loader labels): 1.5580, Train acc (train loader labels): 0.5076, Best val acc: 0.6937, Current val acc: 0.6049, Val Loss: 1.2118
=====> Saving current model and best model
selecting samples for epoch 46
balance: False
ratio: 0.1
=====> Saving current model and best model
selecting samples for epoch 47
balance: False
ratio: 0.1
=====> Saving current model and best model
selecting samples for epoch 48
balance: False
ratio: 0.1
=====> Saving current model and best model
selecting samples for epoch 49
balance: False
ratio: 0.1
=====> Epoch: 49/300, Total_step: 9212, lr: 0.001000, Total Time: 4962.8328 s, Time this epoch: 49.6301 s
=====> Epoch: 49/300, Train Loss (train loader labels): 1.5814, Train acc (train loader labels): 0.4916, Best val acc: 0.6937, Current val acc: 0.5910, Val Loss: 1.2600
=====> Saving current model and best model
selecting samples for epoch 50
balance: False
ratio: 0.1
=====> Saving current model and best model
selecting samples for epoch 51
balance: False
ratio: 0.1
=====> Saving current model and best model
selecting samples for epoch 52
balance: False
ratio: 0.1
=====> Saving current model and best model
selecting samples for epoch 53
balance: False
ratio: 0.1
=====> Epoch: 53/300, Total_step: 9964, lr: 0.001000, Total Time: 5217.8851 s, Time this epoch: 49.6825 s
=====> Epoch: 53/300, Train Loss (train loader labels): 1.5974, Train acc (train loader labels): 0.4890, Best val acc: 0.6937, Current val acc: 0.6363, Val Loss: 1.1688
=====> Saving current model and best model
selecting samples for epoch 54
balance: False
ratio: 0.1
=====> Saving current model and best model
selecting samples for epoch 55
balance: False
ratio: 0.1
=====> Saving current model and best model
selecting samples for epoch 56
balance: False
ratio: 0.1
=====> Saving current model and best model
selecting samples for epoch 57
balance: False
ratio: 0.1
=====> Epoch: 57/300, Total_step: 10716, lr: 0.001000, Total Time: 5472.4696 s, Time this epoch: 49.6150 s
=====> Epoch: 57/300, Train Loss (train loader labels): 1.5795, Train acc (train loader labels): 0.4683, Best val acc: 0.6937, Current val acc: 0.5944, Val Loss: 1.2163
=====> Saving current model and best model
selecting samples for epoch 58
balance: False
ratio: 0.1
=====> Saving current model and best model
selecting samples for epoch 59
balance: False
ratio: 0.1
=====> Saving current model and best model
selecting samples for epoch 60
balance: False
ratio: 0.1
=====> Saving current model and best model
selecting samples for epoch 61
balance: False
ratio: 0.1
=====> Epoch: 61/300, Total_step: 11468, lr: 0.001000, Total Time: 5727.6197 s, Time this epoch: 49.7285 s
=====> Epoch: 61/300, Train Loss (train loader labels): 1.5718, Train acc (train loader labels): 0.4852, Best val acc: 0.6937, Current val acc: 0.6564, Val Loss: 1.1465
=====> Saving current model and best model
selecting samples for epoch 62
balance: False
ratio: 0.1
=====> Saving current model and best model
selecting samples for epoch 63
balance: False
ratio: 0.1
=====> Saving current model and best model
selecting samples for epoch 64
balance: False
ratio: 0.1
=====> Saving current model and best model
selecting samples for epoch 65
balance: False
ratio: 0.1
=====> Epoch: 65/300, Total_step: 12220, lr: 0.001000, Total Time: 5982.6279 s, Time this epoch: 49.6803 s
=====> Epoch: 65/300, Train Loss (train loader labels): 1.6003, Train acc (train loader labels): 0.4877, Best val acc: 0.6937, Current val acc: 0.6289, Val Loss: 1.1597
=====> Saving current model and best model
selecting samples for epoch 66
balance: False
ratio: 0.1
=====> Saving current model and best model
selecting samples for epoch 67
balance: False
ratio: 0.1
=====> Saving current model and best model
selecting samples for epoch 68
balance: False
ratio: 0.1
=====> Saving current model and best model
selecting samples for epoch 69
balance: False
ratio: 0.1
=====> Saving current model and best model
selecting samples for epoch 70
balance: False
ratio: 0.1
=====> Saving current model and best model
selecting samples for epoch 71
balance: False
ratio: 0.1
=====> Saving current model and best model
selecting samples for epoch 72
balance: False
ratio: 0.1
=====> Saving current model and best model
selecting samples for epoch 73
balance: False
ratio: 0.1
=====> Saving current model and best model
selecting samples for epoch 74
balance: False
ratio: 0.1
=====> Saving current model and best model
selecting samples for epoch 75
balance: False
ratio: 0.1
=====> Saving current model and best model
selecting samples for epoch 76
balance: False
ratio: 0.1
=====> Epoch: 76/300, Total_step: 14288, lr: 0.001000, Total Time: 6587.4054 s, Time this epoch: 49.8220 s
=====> Epoch: 76/300, Train Loss (train loader labels): 1.6196, Train acc (train loader labels): 0.4682, Best val acc: 0.6937, Current val acc: 0.6160, Val Loss: 1.1174
=====> Saving current model and best model
selecting samples for epoch 77
balance: False
ratio: 0.1
=====> Saving current model and best model
selecting samples for epoch 78
balance: False
ratio: 0.1
=====> Saving current model and best model
selecting samples for epoch 79
balance: False
ratio: 0.1
=====> Saving current model and best model
selecting samples for epoch 80
balance: False
ratio: 0.1
=====> Saving current model and best model
selecting samples for epoch 81
balance: False
ratio: 0.1
=====> Saving current model and best model
selecting samples for epoch 82
balance: False
ratio: 0.1
=====> Saving current model and best model
selecting samples for epoch 83
balance: False
ratio: 0.1
=====> Saving current model and best model
selecting samples for epoch 84
balance: False
ratio: 0.1
=====> Saving current model and best model
selecting samples for epoch 85
balance: False
ratio: 0.1
=====> Saving current model and best model
selecting samples for epoch 86
balance: False
ratio: 0.1
=====> Saving current model and best model
selecting samples for epoch 87
balance: False
ratio: 0.1
=====> Saving current model and best model
selecting samples for epoch 88
balance: False
ratio: 0.1
=====> Saving current model and best model
selecting samples for epoch 89
balance: False
ratio: 0.1
=====> Saving current model and best model
selecting samples for epoch 90
balance: False
ratio: 0.1
=====> Saving current model and best model
selecting samples for epoch 91
balance: False
ratio: 0.1
=====> Epoch: 91/300, Total_step: 17108, lr: 0.001000, Total Time: 7391.8542 s, Time this epoch: 49.5925 s
=====> Epoch: 91/300, Train Loss (train loader labels): 1.5675, Train acc (train loader labels): 0.4887, Best val acc: 0.6937, Current val acc: 0.6174, Val Loss: 1.1748
=====> Saving current model and best model
selecting samples for epoch 92
balance: False
ratio: 0.1
=====> Saving current model and best model
selecting samples for epoch 93
balance: False
ratio: 0.1
=====> Saving current model and best model
selecting samples for epoch 94
balance: False
ratio: 0.1
=====> Saving current model and best model
selecting samples for epoch 95
balance: False
ratio: 0.1
=====> Saving current model and best model
selecting samples for epoch 96
balance: False
ratio: 0.1
=====> Saving current model and best model
selecting samples for epoch 97
balance: False
ratio: 0.1
=====> Saving current model and best model
selecting samples for epoch 98
balance: False
ratio: 0.1
=====> Saving current model and best model
selecting samples for epoch 99
balance: False
ratio: 0.1
=====> Saving current model and best model
selecting samples for epoch 100
balance: False
ratio: 0.1
=====> Saving current model and best model
selecting samples for epoch 101
balance: False
ratio: 0.1
=====> Saving current model and best model
selecting samples for epoch 102
balance: False
ratio: 0.1
=====> Saving current model and best model
selecting samples for epoch 103
balance: False
ratio: 0.1
=====> Saving current model and best model
selecting samples for epoch 104
balance: False
ratio: 0.1
=====> Saving current model and best model
selecting samples for epoch 105
balance: False
ratio: 0.1
=====> Saving current model and best model
selecting samples for epoch 106
balance: False
ratio: 0.1
=====> Epoch: 106/300, Total_step: 19928, lr: 0.001000, Total Time: 8195.7940 s, Time this epoch: 49.6875 s
=====> Epoch: 106/300, Train Loss (train loader labels): 1.5870, Train acc (train loader labels): 0.4875, Best val acc: 0.6937, Current val acc: 0.6497, Val Loss: 1.1445
=====> Saving current model and best model
selecting samples for epoch 107
balance: False
ratio: 0.1
=====> Saving current model and best model
selecting samples for epoch 108
balance: False
ratio: 0.1
=====> Saving current model and best model
selecting samples for epoch 109
balance: False
ratio: 0.1
=====> Saving current model and best model
selecting samples for epoch 110
balance: False
ratio: 0.1
=====> Saving current model and best model
selecting samples for epoch 111
balance: False
ratio: 0.1
=====> Saving current model and best model
selecting samples for epoch 112
balance: False
ratio: 0.1
=====> Saving current model and best model
selecting samples for epoch 113
balance: False
ratio: 0.1
=====> Saving current model and best model
selecting samples for epoch 114
balance: False
ratio: 0.1
=====> Saving current model and best model
selecting samples for epoch 115
balance: False
ratio: 0.1
=====> Saving current model and best model
selecting samples for epoch 116
balance: False
ratio: 0.1
=====> Saving current model and best model
selecting samples for epoch 117
balance: False
ratio: 0.1
=====> Saving current model and best model
selecting samples for epoch 118
balance: False
ratio: 0.1
=====> Saving current model and best model
selecting samples for epoch 119
balance: False
ratio: 0.1
=====> Saving current model and best model
selecting samples for epoch 120
balance: False
ratio: 0.1
=====> Saving current model and best model
selecting samples for epoch 121
balance: False
ratio: 0.1
=====> Epoch: 121/300, Total_step: 22748, lr: 0.001000, Total Time: 9000.1932 s, Time this epoch: 49.7634 s
=====> Epoch: 121/300, Train Loss (train loader labels): 1.5497, Train acc (train loader labels): 0.5039, Best val acc: 0.6937, Current val acc: 0.6158, Val Loss: 1.1368
=====> Saving current model and best model
selecting samples for epoch 122
balance: False
ratio: 0.1
=====> Saving current model and best model
selecting samples for epoch 123
balance: False
ratio: 0.1
=====> Saving current model and best model
selecting samples for epoch 124
balance: False
ratio: 0.1
=====> Saving current model and best model
selecting samples for epoch 125
balance: False
ratio: 0.1
=====> Saving current model and best model
selecting samples for epoch 126
balance: False
ratio: 0.1
=====> Saving current model and best model
selecting samples for epoch 127
balance: False
ratio: 0.1
=====> Saving current model and best model
selecting samples for epoch 128
balance: False
ratio: 0.1
=====> Saving current model and best model
selecting samples for epoch 129
balance: False
ratio: 0.1
=====> Saving current model and best model
selecting samples for epoch 130
balance: False
ratio: 0.1
=====> Saving current model and best model
selecting samples for epoch 131
balance: False
ratio: 0.1
=====> Saving current model and best model
selecting samples for epoch 132
balance: False
ratio: 0.1
=====> Saving current model and best model
selecting samples for epoch 133
balance: False
ratio: 0.1
=====> Saving current model and best model
selecting samples for epoch 134
balance: False
ratio: 0.1
=====> Saving current model and best model
selecting samples for epoch 135
balance: False
ratio: 0.1
=====> Saving current model and best model
selecting samples for epoch 136
balance: False
ratio: 0.1
=====> Epoch: 136/300, Total_step: 25568, lr: 0.001000, Total Time: 9805.1877 s, Time this epoch: 49.8265 s
=====> Epoch: 136/300, Train Loss (train loader labels): 1.5552, Train acc (train loader labels): 0.4953, Best val acc: 0.6937, Current val acc: 0.5941, Val Loss: 1.1931
=====> Saving current model and best model
selecting samples for epoch 137
balance: False
ratio: 0.1
=====> Saving current model and best model
selecting samples for epoch 138
balance: False
ratio: 0.1
=====> Saving current model and best model
selecting samples for epoch 139
balance: False
ratio: 0.1
=====> Saving current model and best model
selecting samples for epoch 140
balance: False
ratio: 0.1
=====> Saving current model and best model
selecting samples for epoch 141
balance: False
ratio: 0.1
=====> Saving current model and best model
selecting samples for epoch 142
balance: False
ratio: 0.1
=====> Saving current model and best model
selecting samples for epoch 143
balance: False
ratio: 0.1
=====> Saving current model and best model
selecting samples for epoch 144
balance: False
ratio: 0.1
=====> Saving current model and best model
selecting samples for epoch 145
balance: False
ratio: 0.1
=====> Saving current model and best model
selecting samples for epoch 146
balance: False
ratio: 0.1
=====> Saving current model and best model
selecting samples for epoch 147
balance: False
ratio: 0.1
=====> Saving current model and best model
selecting samples for epoch 148
balance: False
ratio: 0.1
=====> Saving current model and best model
selecting samples for epoch 149
balance: False
ratio: 0.1
=====> Saving current model and best model
selecting samples for epoch 150
balance: False
ratio: 0.1
=====> Saving current model and best model
selecting samples for epoch 151
balance: False
ratio: 0.1
=====> Epoch: 151/300, Total_step: 28388, lr: 0.001000, Total Time: 10610.0095 s, Time this epoch: 49.8359 s
=====> Epoch: 151/300, Train Loss (train loader labels): 1.5755, Train acc (train loader labels): 0.4882, Best val acc: 0.6937, Current val acc: 0.6245, Val Loss: 1.1476
=====> Saving current model and best model
selecting samples for epoch 152
balance: False
ratio: 0.1
=====> Saving current model and best model
selecting samples for epoch 153
balance: False
ratio: 0.1
=====> Saving current model and best model
selecting samples for epoch 154
balance: False
ratio: 0.1
=====> Saving current model and best model
selecting samples for epoch 155
balance: False
ratio: 0.1
=====> Saving current model and best model
selecting samples for epoch 156
balance: False
ratio: 0.1
=====> Saving current model and best model
selecting samples for epoch 157
balance: False
ratio: 0.1
=====> Saving current model and best model
selecting samples for epoch 158
balance: False
ratio: 0.1
=====> Saving current model and best model
selecting samples for epoch 159
balance: False
ratio: 0.1
=====> Saving current model and best model
selecting samples for epoch 160
balance: False
ratio: 0.1
=====> Saving current model and best model
selecting samples for epoch 161
balance: False
ratio: 0.1
=====> Saving current model and best model
selecting samples for epoch 162
balance: False
ratio: 0.1
=====> Saving current model and best model
selecting samples for epoch 163
balance: False
ratio: 0.1
=====> Saving current model and best model
selecting samples for epoch 164
balance: False
ratio: 0.1
=====> Saving current model and best model
selecting samples for epoch 165
balance: False
ratio: 0.1
=====> Saving current model and best model
selecting samples for epoch 166
balance: False
ratio: 0.1
=====> Epoch: 166/300, Total_step: 31208, lr: 0.001000, Total Time: 11415.2322 s, Time this epoch: 49.6751 s
=====> Epoch: 166/300, Train Loss (train loader labels): 1.5805, Train acc (train loader labels): 0.4989, Best val acc: 0.6937, Current val acc: 0.6370, Val Loss: 1.1709
=====> Saving current model and best model
selecting samples for epoch 167
balance: False
ratio: 0.1
=====> Saving current model and best model
selecting samples for epoch 168
balance: False
ratio: 0.1
=====> Saving current model and best model
selecting samples for epoch 169
balance: False
ratio: 0.1
=====> Saving current model and best model
selecting samples for epoch 170
balance: False
ratio: 0.1
=====> Saving current model and best model
selecting samples for epoch 171
balance: False
ratio: 0.1
=====> Saving current model and best model
selecting samples for epoch 172
balance: False
ratio: 0.1
=====> Saving current model and best model
selecting samples for epoch 173
balance: False
ratio: 0.1
=====> Saving current model and best model
selecting samples for epoch 174
balance: False
ratio: 0.1
=====> Saving current model and best model
selecting samples for epoch 175
balance: False
ratio: 0.1
=====> Saving current model and best model
selecting samples for epoch 176
balance: False
ratio: 0.1
=====> Saving current model and best model
selecting samples for epoch 177
balance: False
ratio: 0.1
=====> Saving current model and best model
selecting samples for epoch 178
balance: False
ratio: 0.1
=====> Saving current model and best model
selecting samples for epoch 179
balance: False
ratio: 0.1
=====> Saving current model and best model
selecting samples for epoch 180
balance: False
ratio: 0.1
=====> Saving current model and best model
selecting samples for epoch 181
balance: False
ratio: 0.1
=====> Epoch: 181/300, Total_step: 34028, lr: 0.001000, Total Time: 12219.6196 s, Time this epoch: 49.7604 s
=====> Epoch: 181/300, Train Loss (train loader labels): 1.5647, Train acc (train loader labels): 0.4984, Best val acc: 0.6937, Current val acc: 0.5990, Val Loss: 1.2236
=====> Saving current model and best model
selecting samples for epoch 182
balance: False
ratio: 0.1
=====> Saving current model and best model
selecting samples for epoch 183
balance: False
ratio: 0.1
=====> Saving current model and best model
selecting samples for epoch 184
balance: False
ratio: 0.1
=====> Saving current model and best model
selecting samples for epoch 185
balance: False
ratio: 0.1
=====> Saving current model and best model
selecting samples for epoch 186
balance: False
ratio: 0.1
=====> Saving current model and best model
selecting samples for epoch 187
balance: False
ratio: 0.1
=====> Saving current model and best model
selecting samples for epoch 188
balance: False
ratio: 0.1
=====> Saving current model and best model
selecting samples for epoch 189
balance: False
ratio: 0.1
=====> Saving current model and best model
selecting samples for epoch 190
balance: False
ratio: 0.1
=====> Saving current model and best model
selecting samples for epoch 191
balance: False
ratio: 0.1
=====> Saving current model and best model
selecting samples for epoch 192
balance: False
ratio: 0.1
=====> Saving current model and best model
selecting samples for epoch 193
balance: False
ratio: 0.1
=====> Saving current model and best model
selecting samples for epoch 194
balance: False
ratio: 0.1
=====> Saving current model and best model
selecting samples for epoch 195
balance: False
ratio: 0.1
=====> Saving current model and best model
selecting samples for epoch 196
balance: False
ratio: 0.1
=====> Epoch: 196/300, Total_step: 36848, lr: 0.001000, Total Time: 13023.3816 s, Time this epoch: 49.7560 s
=====> Epoch: 196/300, Train Loss (train loader labels): 1.5552, Train acc (train loader labels): 0.4976, Best val acc: 0.6937, Current val acc: 0.6250, Val Loss: 1.1834
=====> Saving current model and best model
selecting samples for epoch 197
balance: False
ratio: 0.1
=====> Saving current model and best model
selecting samples for epoch 198
balance: False
ratio: 0.1
=====> Saving current model and best model
selecting samples for epoch 199
balance: False
ratio: 0.1
=====> Saving current model and best model
selecting samples for epoch 200
balance: False
ratio: 0.1
=====> Saving current model and best model
selecting samples for epoch 201
balance: False
ratio: 0.1
=====> Saving current model and best model
selecting samples for epoch 202
balance: False
ratio: 0.1
=====> Saving current model and best model
selecting samples for epoch 203
balance: False
ratio: 0.1
=====> Saving current model and best model
selecting samples for epoch 204
balance: False
ratio: 0.1
=====> Saving current model and best model
selecting samples for epoch 205
balance: False
ratio: 0.1
=====> Saving current model and best model
selecting samples for epoch 206
balance: False
ratio: 0.1
=====> Saving current model and best model
selecting samples for epoch 207
balance: False
ratio: 0.1
=====> Saving current model and best model
selecting samples for epoch 208
balance: False
ratio: 0.1
=====> Saving current model and best model
selecting samples for epoch 209
balance: False
ratio: 0.1
=====> Saving current model and best model
selecting samples for epoch 210
balance: False
ratio: 0.1
=====> Saving current model and best model
selecting samples for epoch 211
balance: False
ratio: 0.1
=====> Epoch: 211/300, Total_step: 39668, lr: 0.001000, Total Time: 13827.6156 s, Time this epoch: 49.7350 s
=====> Epoch: 211/300, Train Loss (train loader labels): 1.7778, Train acc (train loader labels): 0.4574, Best val acc: 0.6937, Current val acc: 0.6140, Val Loss: 1.2272
=====> Saving current model and best model
selecting samples for epoch 212
balance: False
ratio: 0.1
=====> Saving current model and best model
selecting samples for epoch 213
balance: False
ratio: 0.1
=====> Saving current model and best model
selecting samples for epoch 214
balance: False
ratio: 0.1
=====> Saving current model and best model
selecting samples for epoch 215
balance: False
ratio: 0.1
=====> Saving current model and best model
selecting samples for epoch 216
balance: False
ratio: 0.1
=====> Saving current model and best model
selecting samples for epoch 217
balance: False
ratio: 0.1
=====> Saving current model and best model
selecting samples for epoch 218
balance: False
ratio: 0.1
=====> Saving current model and best model
selecting samples for epoch 219
balance: False
ratio: 0.1
=====> Saving current model and best model
selecting samples for epoch 220
balance: False
ratio: 0.1
=====> Saving current model and best model
selecting samples for epoch 221
balance: False
ratio: 0.1
=====> Saving current model and best model
selecting samples for epoch 222
balance: False
ratio: 0.1
=====> Saving current model and best model
selecting samples for epoch 223
balance: False
ratio: 0.1
=====> Saving current model and best model
selecting samples for epoch 224
balance: False
ratio: 0.1
=====> Saving current model and best model
selecting samples for epoch 225
balance: False
ratio: 0.1
=====> Saving current model and best model
selecting samples for epoch 226
balance: False
ratio: 0.1
=====> Epoch: 226/300, Total_step: 42488, lr: 0.001000, Total Time: 14632.4882 s, Time this epoch: 49.7785 s
=====> Epoch: 226/300, Train Loss (train loader labels): 1.5866, Train acc (train loader labels): 0.4952, Best val acc: 0.6937, Current val acc: 0.5993, Val Loss: 1.1823
=====> Saving current model and best model
selecting samples for epoch 227
balance: False
ratio: 0.1
=====> Saving current model and best model
selecting samples for epoch 228
balance: False
ratio: 0.1
=====> Saving current model and best model
selecting samples for epoch 229
balance: False
ratio: 0.1
=====> Saving current model and best model
selecting samples for epoch 230
balance: False
ratio: 0.1
=====> Saving current model and best model
selecting samples for epoch 231
balance: False
ratio: 0.1
=====> Saving current model and best model
selecting samples for epoch 232
balance: False
ratio: 0.1
=====> Saving current model and best model
selecting samples for epoch 233
balance: False
ratio: 0.1
=====> Saving current model and best model
selecting samples for epoch 234
balance: False
ratio: 0.1
=====> Saving current model and best model
selecting samples for epoch 235
balance: False
ratio: 0.1
=====> Saving current model and best model
selecting samples for epoch 236
balance: False
ratio: 0.1
=====> Saving current model and best model
selecting samples for epoch 237
balance: False
ratio: 0.1
=====> Saving current model and best model
selecting samples for epoch 238
balance: False
ratio: 0.1
=====> Saving current model and best model
selecting samples for epoch 239
balance: False
ratio: 0.1
=====> Saving current model and best model
selecting samples for epoch 240
balance: False
ratio: 0.1
=====> Saving current model and best model
selecting samples for epoch 241
balance: False
ratio: 0.1
=====> Epoch: 241/300, Total_step: 45308, lr: 0.001000, Total Time: 15438.1459 s, Time this epoch: 50.1335 s
=====> Epoch: 241/300, Train Loss (train loader labels): 1.5631, Train acc (train loader labels): 0.4988, Best val acc: 0.6937, Current val acc: 0.6759, Val Loss: 1.1109
=====> Saving current model and best model
selecting samples for epoch 242
balance: False
ratio: 0.1
=====> Saving current model and best model
selecting samples for epoch 243
balance: False
ratio: 0.1
=====> Saving current model and best model
selecting samples for epoch 244
balance: False
ratio: 0.1
=====> Saving current model and best model
selecting samples for epoch 245
balance: False
ratio: 0.1
=====> Saving current model and best model
selecting samples for epoch 246
balance: False
ratio: 0.1
=====> Saving current model and best model
selecting samples for epoch 247
balance: False
ratio: 0.1
=====> Saving current model and best model
selecting samples for epoch 248
balance: False
ratio: 0.1
=====> Saving current model and best model
selecting samples for epoch 249
balance: False
ratio: 0.1
=====> Saving current model and best model
selecting samples for epoch 250
balance: False
ratio: 0.1
=====> Saving current model and best model
selecting samples for epoch 251
balance: False
ratio: 0.1
=====> Saving current model and best model
selecting samples for epoch 252
balance: False
ratio: 0.1
=====> Saving current model and best model
selecting samples for epoch 253
balance: False
ratio: 0.1
=====> Saving current model and best model
selecting samples for epoch 254
balance: False
ratio: 0.1
=====> Saving current model and best model
selecting samples for epoch 255
balance: False
ratio: 0.1
=====> Saving current model and best model
selecting samples for epoch 256
balance: False
ratio: 0.1
=====> Epoch: 256/300, Total_step: 48128, lr: 0.001000, Total Time: 16243.3628 s, Time this epoch: 49.6809 s
=====> Epoch: 256/300, Train Loss (train loader labels): 1.5943, Train acc (train loader labels): 0.4876, Best val acc: 0.6937, Current val acc: 0.6001, Val Loss: 1.1589
=====> Saving current model and best model
selecting samples for epoch 257
balance: False
ratio: 0.1
=====> Saving current model and best model
selecting samples for epoch 258
balance: False
ratio: 0.1
=====> Saving current model and best model
selecting samples for epoch 259
balance: False
ratio: 0.1
=====> Saving current model and best model
selecting samples for epoch 260
balance: False
ratio: 0.1
=====> Saving current model and best model
selecting samples for epoch 261
balance: False
ratio: 0.1
=====> Saving current model and best model
selecting samples for epoch 262
balance: False
ratio: 0.1
=====> Saving current model and best model
selecting samples for epoch 263
balance: False
ratio: 0.1
=====> Saving current model and best model
selecting samples for epoch 264
balance: False
ratio: 0.1
=====> Saving current model and best model
selecting samples for epoch 265
balance: False
ratio: 0.1
=====> Saving current model and best model
selecting samples for epoch 266
balance: False
ratio: 0.1
=====> Saving current model and best model
selecting samples for epoch 267
balance: False
ratio: 0.1
=====> Saving current model and best model
selecting samples for epoch 268
balance: False
ratio: 0.1
=====> Saving current model and best model
selecting samples for epoch 269
balance: False
ratio: 0.1
=====> Saving current model and best model
selecting samples for epoch 270
balance: False
ratio: 0.1
=====> Saving current model and best model
selecting samples for epoch 271
balance: False
ratio: 0.1
=====> Epoch: 271/300, Total_step: 50948, lr: 0.001000, Total Time: 17049.4079 s, Time this epoch: 49.8369 s
=====> Epoch: 271/300, Train Loss (train loader labels): 1.5269, Train acc (train loader labels): 0.5078, Best val acc: 0.6937, Current val acc: 0.6209, Val Loss: 1.1667
=====> Saving current model and best model
selecting samples for epoch 272
balance: False
ratio: 0.1
=====> Saving current model and best model
selecting samples for epoch 273
balance: False
ratio: 0.1
=====> Saving current model and best model
selecting samples for epoch 274
balance: False
ratio: 0.1
=====> Saving current model and best model
selecting samples for epoch 275
balance: False
ratio: 0.1
=====> Saving current model and best model
selecting samples for epoch 276
balance: False
ratio: 0.1
=====> Saving current model and best model
selecting samples for epoch 277
balance: False
ratio: 0.1
=====> Saving current model and best model
selecting samples for epoch 278
balance: False
ratio: 0.1
=====> Saving current model and best model
selecting samples for epoch 279
balance: False
ratio: 0.1
=====> Saving current model and best model
selecting samples for epoch 280
balance: False
ratio: 0.1
=====> Saving current model and best model
selecting samples for epoch 281
balance: False
ratio: 0.1
=====> Saving current model and best model
selecting samples for epoch 282
balance: False
ratio: 0.1
=====> Saving current model and best model
selecting samples for epoch 283
balance: False
ratio: 0.1
=====> Saving current model and best model
selecting samples for epoch 284
balance: False
ratio: 0.1
=====> Saving current model and best model
selecting samples for epoch 285
balance: False
ratio: 0.1
=====> Saving current model and best model
selecting samples for epoch 286
balance: False
ratio: 0.1
=====> Epoch: 286/300, Total_step: 53768, lr: 0.001000, Total Time: 17855.3869 s, Time this epoch: 49.9383 s
=====> Epoch: 286/300, Train Loss (train loader labels): 2.2915, Train acc (train loader labels): 0.3865, Best val acc: 0.6937, Current val acc: 0.5183, Val Loss: 1.3508
=====> Saving current model and best model
selecting samples for epoch 287
balance: False
ratio: 0.1
=====> Saving current model and best model
selecting samples for epoch 288
balance: False
ratio: 0.1
=====> Saving current model and best model
selecting samples for epoch 289
balance: False
ratio: 0.1
=====> Saving current model and best model
selecting samples for epoch 290
balance: False
ratio: 0.1
=====> Saving current model and best model
selecting samples for epoch 291
balance: False
ratio: 0.1
=====> Saving current model and best model
selecting samples for epoch 292
balance: False
ratio: 0.1
=====> Saving current model and best model
selecting samples for epoch 293
balance: False
ratio: 0.1
=====> Saving current model and best model
selecting samples for epoch 294
balance: False
ratio: 0.1
=====> Saving current model and best model
selecting samples for epoch 295
balance: False
ratio: 0.1
=====> Saving current model and best model
selecting samples for epoch 296
balance: False
ratio: 0.1
=====> Saving current model and best model
selecting samples for epoch 297
balance: False
ratio: 0.1
=====> Saving current model and best model
selecting samples for epoch 298
balance: False
ratio: 0.1
=====> Saving current model and best model
selecting samples for epoch 299
balance: False
ratio: 0.1
=====> Saving current model and best model
selecting samples for epoch 300
balance: False
ratio: 0.1
=====> Epoch: 300/300, Total_step: 56400, lr: 0.001000, Total Time: 18611.4758 s, Time this epoch: 49.4900 s
=====> Epoch: 300/300, Train Loss (train loader labels): 1.5562, Train acc (train loader labels): 0.5028, Best val acc: 0.6937, Current val acc: 0.6703, Val Loss: 1.0741
=====> Saving current model and best model
Saved helper snapshots to /home/mward19/Documents/miller/Online-Batch-Selection/snapshots/MNIST/{"bsel":"Uniform","seed":2,"model":"DeepLinear","opt":"adamw","bs":320,"ratio":0.1,"lr":0.001,"wd":0.01,"layers":5,"hidden_dim":1000}.p
Saved selected points array to /home/mward19/Documents/miller/Online-Batch-Selection/selected_points/MNIST/{"bsel":"Uniform","seed":2,"model":"DeepLinear","opt":"adamw","bs":320,"ratio":0.1,"lr":0.001,"wd":0.01,"layers":5,"hidden_dim":1000}.npy
========================= End Main =========================
