save_dir: ./exp/MNIST/RhoLoss_deeplinear_bs320_ep300_lr0.001_AdamW_constant_seed2_r0.1_5_hidden
=====> Loading config files: 
configs/mnist/method/rholoss-0.1.yaml
configs/mnist/data/mnist.yaml
configs/mnist/model/deep_linear_saxe/deep_linear_5.yaml
configs/mnist/optim/adamw-320-0.001-0.01.yaml
configs/diagnostics/snapshots_log_interval.yaml
=====> Config files loaded.
========================= Start Main =========================
=====> Saving config file
=====> Config file saved
=====> Using fixed random seed: 2
=====> Wandb initialized
=====> Number of GPUs: 1
Creating RhoLoss...
Cached irreducible losses for 60000 samples in dataset.
=====> Start teacher Validation
=====> teacher Test Accuracy: 0.3469
Begin training for RhoLoss...
=====> Epoch: 0/300, Total_step: 0, lr: 0.001000, Total Time: 0.0000 s, Time this epoch: 0.0000 s
=====> Epoch: 0/300, Train Loss (train loader labels): 2.3078, Train acc (train loader labels): 0.0772, Best val acc: 0.0503, Current val acc: 0.0503, Val Loss: 2.3123
balance: False
selecting samples for epoch 1, ratio 0.1
=====> Epoch: 1/300, Total_step: 1, lr: 0.001000, Total Time: 0.0000 s, Time this epoch: 0.0000 s
=====> Epoch: 1/300, Train Loss (train loader labels): 2.3785, Train acc (train loader labels): 0.1609, Best val acc: 0.1534, Current val acc: 0.1534, Val Loss: 2.3420
=====> Epoch: 1/300, Total_step: 48, lr: 0.001000, Total Time: 0.0000 s, Time this epoch: 0.0000 s
=====> Epoch: 1/300, Train Loss (train loader labels): 2.2147, Train acc (train loader labels): 0.2821, Best val acc: 0.3680, Current val acc: 0.3680, Val Loss: 2.2148
=====> Epoch: 1/300, Total_step: 95, lr: 0.001000, Total Time: 0.0000 s, Time this epoch: 0.0000 s
=====> Epoch: 1/300, Train Loss (train loader labels): 2.2086, Train acc (train loader labels): 0.3287, Best val acc: 0.4572, Current val acc: 0.4572, Val Loss: 2.2010
=====> Epoch: 1/300, Total_step: 142, lr: 0.001000, Total Time: 0.0000 s, Time this epoch: 0.0000 s
=====> Epoch: 1/300, Train Loss (train loader labels): 2.2241, Train acc (train loader labels): 0.2528, Best val acc: 0.4572, Current val acc: 0.3302, Val Loss: 2.2167
=====> Saving current model and best model
balance: False
selecting samples for epoch 2, ratio 0.1
=====> Epoch: 2/300, Total_step: 189, lr: 0.001000, Total Time: 317.8692 s, Time this epoch: 263.7568 s
=====> Epoch: 2/300, Train Loss (train loader labels): 2.2298, Train acc (train loader labels): 0.2811, Best val acc: 0.4572, Current val acc: 0.3787, Val Loss: 2.2180
=====> Epoch: 2/300, Total_step: 236, lr: 0.001000, Total Time: 317.8692 s, Time this epoch: 263.7568 s
=====> Epoch: 2/300, Train Loss (train loader labels): 2.2161, Train acc (train loader labels): 0.3169, Best val acc: 0.4867, Current val acc: 0.4867, Val Loss: 2.2101
=====> Epoch: 2/300, Total_step: 283, lr: 0.001000, Total Time: 317.8692 s, Time this epoch: 263.7568 s
=====> Epoch: 2/300, Train Loss (train loader labels): 2.2245, Train acc (train loader labels): 0.2426, Best val acc: 0.4867, Current val acc: 0.2738, Val Loss: 2.2154
=====> Epoch: 2/300, Total_step: 330, lr: 0.001000, Total Time: 317.8692 s, Time this epoch: 263.7568 s
=====> Epoch: 2/300, Train Loss (train loader labels): 2.2300, Train acc (train loader labels): 0.2771, Best val acc: 0.4867, Current val acc: 0.3436, Val Loss: 2.2231
=====> Saving current model and best model
balance: False
selecting samples for epoch 3, ratio 0.1
=====> Epoch: 3/300, Total_step: 377, lr: 0.001000, Total Time: 580.0574 s, Time this epoch: 261.7433 s
=====> Epoch: 3/300, Train Loss (train loader labels): 2.2234, Train acc (train loader labels): 0.2595, Best val acc: 0.4867, Current val acc: 0.3321, Val Loss: 2.2086
=====> Epoch: 3/300, Total_step: 424, lr: 0.001000, Total Time: 580.0574 s, Time this epoch: 261.7433 s
=====> Epoch: 3/300, Train Loss (train loader labels): 2.2438, Train acc (train loader labels): 0.2657, Best val acc: 0.4867, Current val acc: 0.3187, Val Loss: 2.2383
=====> Epoch: 3/300, Total_step: 471, lr: 0.001000, Total Time: 580.0574 s, Time this epoch: 261.7433 s
=====> Epoch: 3/300, Train Loss (train loader labels): 2.2262, Train acc (train loader labels): 0.2695, Best val acc: 0.4867, Current val acc: 0.3574, Val Loss: 2.2207
=====> Epoch: 3/300, Total_step: 518, lr: 0.001000, Total Time: 580.0574 s, Time this epoch: 261.7433 s
=====> Epoch: 3/300, Train Loss (train loader labels): 2.2221, Train acc (train loader labels): 0.2772, Best val acc: 0.4867, Current val acc: 0.3691, Val Loss: 2.2165
=====> Saving current model and best model
balance: False
selecting samples for epoch 4, ratio 0.1
=====> Epoch: 4/300, Total_step: 565, lr: 0.001000, Total Time: 842.8196 s, Time this epoch: 262.4853 s
=====> Epoch: 4/300, Train Loss (train loader labels): 2.2166, Train acc (train loader labels): 0.3321, Best val acc: 0.4867, Current val acc: 0.4241, Val Loss: 2.2064
=====> Epoch: 4/300, Total_step: 612, lr: 0.001000, Total Time: 842.8196 s, Time this epoch: 262.4853 s
=====> Epoch: 4/300, Train Loss (train loader labels): 2.2187, Train acc (train loader labels): 0.2564, Best val acc: 0.4867, Current val acc: 0.3751, Val Loss: 2.2037
=====> Epoch: 4/300, Total_step: 659, lr: 0.001000, Total Time: 842.8196 s, Time this epoch: 262.4853 s
=====> Epoch: 4/300, Train Loss (train loader labels): 2.2178, Train acc (train loader labels): 0.3161, Best val acc: 0.4867, Current val acc: 0.3905, Val Loss: 2.2088
=====> Epoch: 4/300, Total_step: 706, lr: 0.001000, Total Time: 842.8196 s, Time this epoch: 262.4853 s
=====> Epoch: 4/300, Train Loss (train loader labels): 2.2219, Train acc (train loader labels): 0.2908, Best val acc: 0.4867, Current val acc: 0.3421, Val Loss: 2.2164
=====> Saving current model and best model
balance: False
selecting samples for epoch 5, ratio 0.1
=====> Epoch: 5/300, Total_step: 753, lr: 0.001000, Total Time: 1105.3597 s, Time this epoch: 262.2954 s
=====> Epoch: 5/300, Train Loss (train loader labels): 2.2276, Train acc (train loader labels): 0.2695, Best val acc: 0.4867, Current val acc: 0.2683, Val Loss: 2.2269
=====> Epoch: 5/300, Total_step: 800, lr: 0.001000, Total Time: 1105.3597 s, Time this epoch: 262.2954 s
=====> Epoch: 5/300, Train Loss (train loader labels): 2.2379, Train acc (train loader labels): 0.2769, Best val acc: 0.4867, Current val acc: 0.3419, Val Loss: 2.2303
=====> Epoch: 5/300, Total_step: 847, lr: 0.001000, Total Time: 1105.3597 s, Time this epoch: 262.2954 s
=====> Epoch: 5/300, Train Loss (train loader labels): 2.2466, Train acc (train loader labels): 0.2819, Best val acc: 0.4867, Current val acc: 0.3726, Val Loss: 2.2430
=====> Epoch: 5/300, Total_step: 894, lr: 0.001000, Total Time: 1105.3597 s, Time this epoch: 262.2954 s
=====> Epoch: 5/300, Train Loss (train loader labels): 2.2271, Train acc (train loader labels): 0.3127, Best val acc: 0.4867, Current val acc: 0.4281, Val Loss: 2.2206
=====> Saving current model and best model
balance: False
selecting samples for epoch 6, ratio 0.1
=====> Epoch: 6/300, Total_step: 1128, lr: 0.001000, Total Time: 1369.2396 s, Time this epoch: 263.6233 s
=====> Epoch: 6/300, Train Loss (train loader labels): 2.2358, Train acc (train loader labels): 0.2562, Best val acc: 0.4867, Current val acc: 0.3392, Val Loss: 2.2297
=====> Saving current model and best model
balance: False
selecting samples for epoch 7, ratio 0.1
=====> Epoch: 7/300, Total_step: 1316, lr: 0.001000, Total Time: 1472.8885 s, Time this epoch: 103.3130 s
=====> Epoch: 7/300, Train Loss (train loader labels): 2.2421, Train acc (train loader labels): 0.2640, Best val acc: 0.4867, Current val acc: 0.3184, Val Loss: 2.2366
=====> Saving current model and best model
balance: False
selecting samples for epoch 8, ratio 0.1
=====> Epoch: 8/300, Total_step: 1504, lr: 0.001000, Total Time: 1576.1929 s, Time this epoch: 103.0887 s
=====> Epoch: 8/300, Train Loss (train loader labels): 2.2464, Train acc (train loader labels): 0.2634, Best val acc: 0.4867, Current val acc: 0.3546, Val Loss: 2.2402
=====> Saving current model and best model
balance: False
selecting samples for epoch 9, ratio 0.1
=====> Epoch: 9/300, Total_step: 1692, lr: 0.001000, Total Time: 1679.5462 s, Time this epoch: 103.1077 s
=====> Epoch: 9/300, Train Loss (train loader labels): 2.2469, Train acc (train loader labels): 0.3121, Best val acc: 0.4867, Current val acc: 0.4475, Val Loss: 2.2432
=====> Saving current model and best model
balance: False
selecting samples for epoch 10, ratio 0.1
=====> Epoch: 10/300, Total_step: 1880, lr: 0.001000, Total Time: 1783.6400 s, Time this epoch: 103.8732 s
=====> Epoch: 10/300, Train Loss (train loader labels): 2.2331, Train acc (train loader labels): 0.2926, Best val acc: 0.4867, Current val acc: 0.3787, Val Loss: 2.2243
=====> Saving current model and best model
balance: False
selecting samples for epoch 11, ratio 0.1
=====> Epoch: 11/300, Total_step: 2068, lr: 0.001000, Total Time: 1886.6604 s, Time this epoch: 102.8270 s
=====> Epoch: 11/300, Train Loss (train loader labels): 2.2473, Train acc (train loader labels): 0.2729, Best val acc: 0.4867, Current val acc: 0.3368, Val Loss: 2.2440
=====> Saving current model and best model
balance: False
selecting samples for epoch 12, ratio 0.1
=====> Epoch: 12/300, Total_step: 2256, lr: 0.001000, Total Time: 1989.5412 s, Time this epoch: 102.6667 s
=====> Epoch: 12/300, Train Loss (train loader labels): 2.2223, Train acc (train loader labels): 0.3234, Best val acc: 0.4867, Current val acc: 0.4178, Val Loss: 2.2188
=====> Saving current model and best model
balance: False
selecting samples for epoch 13, ratio 0.1
=====> Epoch: 13/300, Total_step: 2444, lr: 0.001000, Total Time: 2092.5546 s, Time this epoch: 102.7286 s
=====> Epoch: 13/300, Train Loss (train loader labels): 2.2492, Train acc (train loader labels): 0.2369, Best val acc: 0.4867, Current val acc: 0.3122, Val Loss: 2.2495
=====> Saving current model and best model
balance: False
selecting samples for epoch 14, ratio 0.1
=====> Epoch: 14/300, Total_step: 2632, lr: 0.001000, Total Time: 2195.9017 s, Time this epoch: 103.0238 s
=====> Epoch: 14/300, Train Loss (train loader labels): 2.2358, Train acc (train loader labels): 0.2898, Best val acc: 0.4867, Current val acc: 0.3878, Val Loss: 2.2307
=====> Saving current model and best model
balance: False
selecting samples for epoch 15, ratio 0.1
=====> Epoch: 15/300, Total_step: 2820, lr: 0.001000, Total Time: 2299.6106 s, Time this epoch: 103.4843 s
=====> Epoch: 15/300, Train Loss (train loader labels): 2.2305, Train acc (train loader labels): 0.2965, Best val acc: 0.4867, Current val acc: 0.3186, Val Loss: 2.2277
=====> Saving current model and best model
balance: False
selecting samples for epoch 16, ratio 0.1
=====> Epoch: 16/300, Total_step: 3008, lr: 0.001000, Total Time: 2402.8908 s, Time this epoch: 103.0827 s
=====> Epoch: 16/300, Train Loss (train loader labels): 2.2433, Train acc (train loader labels): 0.2585, Best val acc: 0.4867, Current val acc: 0.3106, Val Loss: 2.2390
=====> Saving current model and best model
balance: False
selecting samples for epoch 17, ratio 0.1
=====> Epoch: 17/300, Total_step: 3196, lr: 0.001000, Total Time: 2505.9954 s, Time this epoch: 102.8860 s
=====> Epoch: 17/300, Train Loss (train loader labels): 2.2263, Train acc (train loader labels): 0.2926, Best val acc: 0.4867, Current val acc: 0.3751, Val Loss: 2.2209
=====> Saving current model and best model
balance: False
selecting samples for epoch 18, ratio 0.1
=====> Epoch: 18/300, Total_step: 3384, lr: 0.001000, Total Time: 2609.4490 s, Time this epoch: 103.1692 s
=====> Epoch: 18/300, Train Loss (train loader labels): 2.2346, Train acc (train loader labels): 0.3005, Best val acc: 0.4867, Current val acc: 0.4272, Val Loss: 2.2238
=====> Saving current model and best model
balance: False
selecting samples for epoch 19, ratio 0.1
=====> Epoch: 19/300, Total_step: 3572, lr: 0.001000, Total Time: 2712.0899 s, Time this epoch: 102.4206 s
=====> Epoch: 19/300, Train Loss (train loader labels): 2.2215, Train acc (train loader labels): 0.2866, Best val acc: 0.4867, Current val acc: 0.3618, Val Loss: 2.2140
=====> Saving current model and best model
balance: False
selecting samples for epoch 20, ratio 0.1
=====> Epoch: 20/300, Total_step: 3760, lr: 0.001000, Total Time: 2815.3409 s, Time this epoch: 103.0289 s
=====> Epoch: 20/300, Train Loss (train loader labels): 2.2313, Train acc (train loader labels): 0.2766, Best val acc: 0.4867, Current val acc: 0.3489, Val Loss: 2.2266
=====> Saving current model and best model
balance: False
selecting samples for epoch 21, ratio 0.1
=====> Epoch: 21/300, Total_step: 3948, lr: 0.001000, Total Time: 2918.3372 s, Time this epoch: 102.7253 s
=====> Epoch: 21/300, Train Loss (train loader labels): 2.2312, Train acc (train loader labels): 0.3124, Best val acc: 0.4867, Current val acc: 0.4524, Val Loss: 2.2241
=====> Saving current model and best model
balance: False
selecting samples for epoch 22, ratio 0.1
=====> Epoch: 22/300, Total_step: 4136, lr: 0.001000, Total Time: 3021.4026 s, Time this epoch: 102.8663 s
=====> Epoch: 22/300, Train Loss (train loader labels): 2.2385, Train acc (train loader labels): 0.2350, Best val acc: 0.4867, Current val acc: 0.2569, Val Loss: 2.2348
=====> Saving current model and best model
balance: False
selecting samples for epoch 23, ratio 0.1
=====> Epoch: 23/300, Total_step: 4324, lr: 0.001000, Total Time: 3124.2238 s, Time this epoch: 102.6204 s
=====> Epoch: 23/300, Train Loss (train loader labels): 2.2250, Train acc (train loader labels): 0.2977, Best val acc: 0.4867, Current val acc: 0.3858, Val Loss: 2.2195
=====> Saving current model and best model
balance: False
selecting samples for epoch 24, ratio 0.1
=====> Epoch: 24/300, Total_step: 4512, lr: 0.001000, Total Time: 3227.2201 s, Time this epoch: 102.7840 s
=====> Epoch: 24/300, Train Loss (train loader labels): 2.2173, Train acc (train loader labels): 0.3004, Best val acc: 0.4867, Current val acc: 0.4107, Val Loss: 2.2075
=====> Saving current model and best model
balance: False
selecting samples for epoch 25, ratio 0.1
=====> Epoch: 25/300, Total_step: 4700, lr: 0.001000, Total Time: 3330.2270 s, Time this epoch: 102.8263 s
=====> Epoch: 25/300, Train Loss (train loader labels): 2.2156, Train acc (train loader labels): 0.2799, Best val acc: 0.4867, Current val acc: 0.3052, Val Loss: 2.2208
=====> Saving current model and best model
balance: False
selecting samples for epoch 26, ratio 0.1
=====> Epoch: 26/300, Total_step: 4888, lr: 0.001000, Total Time: 3433.4249 s, Time this epoch: 103.0092 s
=====> Epoch: 26/300, Train Loss (train loader labels): 206.0182, Train acc (train loader labels): 0.1304, Best val acc: 0.4867, Current val acc: 0.1485, Val Loss: 193.6903
=====> Saving current model and best model
balance: False
selecting samples for epoch 27, ratio 0.1
=====> Saving current model and best model
balance: False
selecting samples for epoch 28, ratio 0.1
=====> Saving current model and best model
balance: False
selecting samples for epoch 29, ratio 0.1
=====> Epoch: 29/300, Total_step: 5452, lr: 0.001000, Total Time: 3634.7783 s, Time this epoch: 49.0302 s
=====> Epoch: 29/300, Train Loss (train loader labels): 2.1366, Train acc (train loader labels): 0.3391, Best val acc: 0.4867, Current val acc: 0.3746, Val Loss: 2.1366
=====> Saving current model and best model
balance: False
selecting samples for epoch 30, ratio 0.1
=====> Saving current model and best model
balance: False
selecting samples for epoch 31, ratio 0.1
=====> Saving current model and best model
balance: False
selecting samples for epoch 32, ratio 0.1
=====> Saving current model and best model
balance: False
selecting samples for epoch 33, ratio 0.1
=====> Epoch: 33/300, Total_step: 6204, lr: 0.001000, Total Time: 3884.9142 s, Time this epoch: 48.7795 s
=====> Epoch: 33/300, Train Loss (train loader labels): 2.1556, Train acc (train loader labels): 0.3281, Best val acc: 0.4867, Current val acc: 0.3720, Val Loss: 2.1636
=====> Saving current model and best model
balance: False
selecting samples for epoch 34, ratio 0.1
=====> Saving current model and best model
balance: False
selecting samples for epoch 35, ratio 0.1
=====> Saving current model and best model
balance: False
selecting samples for epoch 36, ratio 0.1
=====> Saving current model and best model
balance: False
selecting samples for epoch 37, ratio 0.1
=====> Epoch: 37/300, Total_step: 6956, lr: 0.001000, Total Time: 4133.9901 s, Time this epoch: 48.6345 s
=====> Epoch: 37/300, Train Loss (train loader labels): 2.1709, Train acc (train loader labels): 0.3432, Best val acc: 0.4867, Current val acc: 0.4539, Val Loss: 2.1599
=====> Saving current model and best model
balance: False
selecting samples for epoch 38, ratio 0.1
=====> Saving current model and best model
balance: False
selecting samples for epoch 39, ratio 0.1
=====> Saving current model and best model
balance: False
selecting samples for epoch 40, ratio 0.1
=====> Saving current model and best model
balance: False
selecting samples for epoch 41, ratio 0.1
=====> Epoch: 41/300, Total_step: 7708, lr: 0.001000, Total Time: 4383.6870 s, Time this epoch: 48.8013 s
=====> Epoch: 41/300, Train Loss (train loader labels): 2.1807, Train acc (train loader labels): 0.3458, Best val acc: 0.4867, Current val acc: 0.4343, Val Loss: 2.1737
=====> Saving current model and best model
balance: False
selecting samples for epoch 42, ratio 0.1
=====> Saving current model and best model
balance: False
selecting samples for epoch 43, ratio 0.1
=====> Saving current model and best model
balance: False
selecting samples for epoch 44, ratio 0.1
=====> Saving current model and best model
balance: False
selecting samples for epoch 45, ratio 0.1
=====> Epoch: 45/300, Total_step: 8460, lr: 0.001000, Total Time: 4633.3571 s, Time this epoch: 48.7149 s
=====> Epoch: 45/300, Train Loss (train loader labels): 2.1766, Train acc (train loader labels): 0.3218, Best val acc: 0.4867, Current val acc: 0.4685, Val Loss: 2.1706
=====> Saving current model and best model
balance: False
selecting samples for epoch 46, ratio 0.1
=====> Saving current model and best model
balance: False
selecting samples for epoch 47, ratio 0.1
=====> Saving current model and best model
balance: False
selecting samples for epoch 48, ratio 0.1
=====> Saving current model and best model
balance: False
selecting samples for epoch 49, ratio 0.1
=====> Epoch: 49/300, Total_step: 9212, lr: 0.001000, Total Time: 4883.4325 s, Time this epoch: 48.7905 s
=====> Epoch: 49/300, Train Loss (train loader labels): 2.1984, Train acc (train loader labels): 0.3392, Best val acc: 0.4867, Current val acc: 0.4123, Val Loss: 2.1993
=====> Saving current model and best model
balance: False
selecting samples for epoch 50, ratio 0.1
=====> Saving current model and best model
balance: False
selecting samples for epoch 51, ratio 0.1
=====> Saving current model and best model
balance: False
selecting samples for epoch 52, ratio 0.1
=====> Saving current model and best model
balance: False
selecting samples for epoch 53, ratio 0.1
=====> Epoch: 53/300, Total_step: 9964, lr: 0.001000, Total Time: 5134.8702 s, Time this epoch: 48.8792 s
=====> Epoch: 53/300, Train Loss (train loader labels): 2.1974, Train acc (train loader labels): 0.3296, Best val acc: 0.4867, Current val acc: 0.4492, Val Loss: 2.1866
=====> Saving current model and best model
balance: False
selecting samples for epoch 54, ratio 0.1
=====> Saving current model and best model
balance: False
selecting samples for epoch 55, ratio 0.1
=====> Saving current model and best model
balance: False
selecting samples for epoch 56, ratio 0.1
=====> Saving current model and best model
balance: False
selecting samples for epoch 57, ratio 0.1
=====> Epoch: 57/300, Total_step: 10716, lr: 0.001000, Total Time: 5384.1275 s, Time this epoch: 48.7668 s
=====> Epoch: 57/300, Train Loss (train loader labels): 2.1956, Train acc (train loader labels): 0.3213, Best val acc: 0.4867, Current val acc: 0.3745, Val Loss: 2.1960
=====> Saving current model and best model
balance: False
selecting samples for epoch 58, ratio 0.1
=====> Saving current model and best model
balance: False
selecting samples for epoch 59, ratio 0.1
=====> Saving current model and best model
balance: False
selecting samples for epoch 60, ratio 0.1
=====> Saving current model and best model
balance: False
selecting samples for epoch 61, ratio 0.1
=====> Epoch: 61/300, Total_step: 11468, lr: 0.001000, Total Time: 5634.7472 s, Time this epoch: 48.9256 s
=====> Epoch: 61/300, Train Loss (train loader labels): 2.2000, Train acc (train loader labels): 0.3269, Best val acc: 0.4867, Current val acc: 0.4173, Val Loss: 2.1951
=====> Saving current model and best model
balance: False
selecting samples for epoch 62, ratio 0.1
=====> Saving current model and best model
balance: False
selecting samples for epoch 63, ratio 0.1
=====> Saving current model and best model
balance: False
selecting samples for epoch 64, ratio 0.1
=====> Saving current model and best model
balance: False
selecting samples for epoch 65, ratio 0.1
=====> Epoch: 65/300, Total_step: 12220, lr: 0.001000, Total Time: 5884.7625 s, Time this epoch: 48.7655 s
=====> Epoch: 65/300, Train Loss (train loader labels): 2.2043, Train acc (train loader labels): 0.3160, Best val acc: 0.4867, Current val acc: 0.4006, Val Loss: 2.2045
=====> Saving current model and best model
balance: False
selecting samples for epoch 66, ratio 0.1
=====> Saving current model and best model
balance: False
selecting samples for epoch 67, ratio 0.1
=====> Saving current model and best model
balance: False
selecting samples for epoch 68, ratio 0.1
=====> Saving current model and best model
balance: False
selecting samples for epoch 69, ratio 0.1
=====> Saving current model and best model
balance: False
selecting samples for epoch 70, ratio 0.1
=====> Saving current model and best model
balance: False
selecting samples for epoch 71, ratio 0.1
=====> Saving current model and best model
balance: False
selecting samples for epoch 72, ratio 0.1
=====> Saving current model and best model
balance: False
selecting samples for epoch 73, ratio 0.1
=====> Saving current model and best model
balance: False
selecting samples for epoch 74, ratio 0.1
=====> Saving current model and best model
balance: False
selecting samples for epoch 75, ratio 0.1
=====> Saving current model and best model
balance: False
selecting samples for epoch 76, ratio 0.1
=====> Epoch: 76/300, Total_step: 14288, lr: 0.001000, Total Time: 6479.9702 s, Time this epoch: 48.7584 s
=====> Epoch: 76/300, Train Loss (train loader labels): 2.2108, Train acc (train loader labels): 0.3193, Best val acc: 0.4867, Current val acc: 0.4326, Val Loss: 2.2049
=====> Saving current model and best model
balance: False
selecting samples for epoch 77, ratio 0.1
=====> Saving current model and best model
balance: False
selecting samples for epoch 78, ratio 0.1
=====> Saving current model and best model
balance: False
selecting samples for epoch 79, ratio 0.1
=====> Saving current model and best model
balance: False
selecting samples for epoch 80, ratio 0.1
=====> Saving current model and best model
balance: False
selecting samples for epoch 81, ratio 0.1
=====> Saving current model and best model
balance: False
selecting samples for epoch 82, ratio 0.1
=====> Saving current model and best model
balance: False
selecting samples for epoch 83, ratio 0.1
=====> Saving current model and best model
balance: False
selecting samples for epoch 84, ratio 0.1
=====> Saving current model and best model
balance: False
selecting samples for epoch 85, ratio 0.1
=====> Saving current model and best model
balance: False
selecting samples for epoch 86, ratio 0.1
=====> Saving current model and best model
balance: False
selecting samples for epoch 87, ratio 0.1
=====> Saving current model and best model
balance: False
selecting samples for epoch 88, ratio 0.1
=====> Saving current model and best model
balance: False
selecting samples for epoch 89, ratio 0.1
=====> Saving current model and best model
balance: False
selecting samples for epoch 90, ratio 0.1
=====> Saving current model and best model
balance: False
selecting samples for epoch 91, ratio 0.1
=====> Epoch: 91/300, Total_step: 17108, lr: 0.001000, Total Time: 7269.4606 s, Time this epoch: 48.7374 s
=====> Epoch: 91/300, Train Loss (train loader labels): 2.2177, Train acc (train loader labels): 0.2913, Best val acc: 0.4867, Current val acc: 0.3505, Val Loss: 2.2180
=====> Saving current model and best model
balance: False
selecting samples for epoch 92, ratio 0.1
=====> Saving current model and best model
balance: False
selecting samples for epoch 93, ratio 0.1
=====> Saving current model and best model
balance: False
selecting samples for epoch 94, ratio 0.1
=====> Saving current model and best model
balance: False
selecting samples for epoch 95, ratio 0.1
=====> Saving current model and best model
balance: False
selecting samples for epoch 96, ratio 0.1
=====> Saving current model and best model
balance: False
selecting samples for epoch 97, ratio 0.1
=====> Saving current model and best model
balance: False
selecting samples for epoch 98, ratio 0.1
=====> Saving current model and best model
balance: False
selecting samples for epoch 99, ratio 0.1
=====> Saving current model and best model
balance: False
selecting samples for epoch 100, ratio 0.1
=====> Saving current model and best model
balance: False
selecting samples for epoch 101, ratio 0.1
=====> Saving current model and best model
balance: False
selecting samples for epoch 102, ratio 0.1
=====> Saving current model and best model
balance: False
selecting samples for epoch 103, ratio 0.1
=====> Saving current model and best model
balance: False
selecting samples for epoch 104, ratio 0.1
=====> Saving current model and best model
balance: False
selecting samples for epoch 105, ratio 0.1
=====> Saving current model and best model
balance: False
selecting samples for epoch 106, ratio 0.1
=====> Epoch: 106/300, Total_step: 19928, lr: 0.001000, Total Time: 8060.0178 s, Time this epoch: 48.9590 s
=====> Epoch: 106/300, Train Loss (train loader labels): 2.2160, Train acc (train loader labels): 0.3090, Best val acc: 0.4867, Current val acc: 0.3958, Val Loss: 2.2147
=====> Saving current model and best model
balance: False
selecting samples for epoch 107, ratio 0.1
=====> Saving current model and best model
balance: False
selecting samples for epoch 108, ratio 0.1
=====> Saving current model and best model
balance: False
selecting samples for epoch 109, ratio 0.1
=====> Saving current model and best model
balance: False
selecting samples for epoch 110, ratio 0.1
=====> Saving current model and best model
balance: False
selecting samples for epoch 111, ratio 0.1
=====> Saving current model and best model
balance: False
selecting samples for epoch 112, ratio 0.1
=====> Saving current model and best model
balance: False
selecting samples for epoch 113, ratio 0.1
=====> Saving current model and best model
balance: False
selecting samples for epoch 114, ratio 0.1
=====> Saving current model and best model
balance: False
selecting samples for epoch 115, ratio 0.1
=====> Saving current model and best model
balance: False
selecting samples for epoch 116, ratio 0.1
=====> Saving current model and best model
balance: False
selecting samples for epoch 117, ratio 0.1
=====> Saving current model and best model
balance: False
selecting samples for epoch 118, ratio 0.1
=====> Saving current model and best model
balance: False
selecting samples for epoch 119, ratio 0.1
=====> Saving current model and best model
balance: False
selecting samples for epoch 120, ratio 0.1
=====> Saving current model and best model
balance: False
selecting samples for epoch 121, ratio 0.1
=====> Epoch: 121/300, Total_step: 22748, lr: 0.001000, Total Time: 8850.8573 s, Time this epoch: 49.0200 s
=====> Epoch: 121/300, Train Loss (train loader labels): 2.1461, Train acc (train loader labels): 0.3141, Best val acc: 0.4867, Current val acc: 0.3309, Val Loss: 2.1394
=====> Saving current model and best model
balance: False
selecting samples for epoch 122, ratio 0.1
=====> Saving current model and best model
balance: False
selecting samples for epoch 123, ratio 0.1
=====> Saving current model and best model
balance: False
selecting samples for epoch 124, ratio 0.1
=====> Saving current model and best model
balance: False
selecting samples for epoch 125, ratio 0.1
=====> Saving current model and best model
balance: False
selecting samples for epoch 126, ratio 0.1
=====> Saving current model and best model
balance: False
selecting samples for epoch 127, ratio 0.1
=====> Saving current model and best model
balance: False
selecting samples for epoch 128, ratio 0.1
=====> Saving current model and best model
balance: False
selecting samples for epoch 129, ratio 0.1
=====> Saving current model and best model
balance: False
selecting samples for epoch 130, ratio 0.1
=====> Saving current model and best model
balance: False
selecting samples for epoch 131, ratio 0.1
=====> Saving current model and best model
balance: False
selecting samples for epoch 132, ratio 0.1
=====> Saving current model and best model
balance: False
selecting samples for epoch 133, ratio 0.1
=====> Saving current model and best model
balance: False
selecting samples for epoch 134, ratio 0.1
=====> Saving current model and best model
balance: False
selecting samples for epoch 135, ratio 0.1
=====> Saving current model and best model
balance: False
selecting samples for epoch 136, ratio 0.1
=====> Epoch: 136/300, Total_step: 25568, lr: 0.001000, Total Time: 9641.5539 s, Time this epoch: 48.7862 s
=====> Epoch: 136/300, Train Loss (train loader labels): 2.1869, Train acc (train loader labels): 0.3243, Best val acc: 0.4867, Current val acc: 0.4242, Val Loss: 2.1869
=====> Saving current model and best model
balance: False
selecting samples for epoch 137, ratio 0.1
=====> Saving current model and best model
balance: False
selecting samples for epoch 138, ratio 0.1
=====> Saving current model and best model
balance: False
selecting samples for epoch 139, ratio 0.1
=====> Saving current model and best model
balance: False
selecting samples for epoch 140, ratio 0.1
=====> Saving current model and best model
balance: False
selecting samples for epoch 141, ratio 0.1
=====> Saving current model and best model
balance: False
selecting samples for epoch 142, ratio 0.1
=====> Saving current model and best model
balance: False
selecting samples for epoch 143, ratio 0.1
=====> Saving current model and best model
balance: False
selecting samples for epoch 144, ratio 0.1
=====> Saving current model and best model
balance: False
selecting samples for epoch 145, ratio 0.1
=====> Saving current model and best model
balance: False
selecting samples for epoch 146, ratio 0.1
=====> Saving current model and best model
balance: False
selecting samples for epoch 147, ratio 0.1
=====> Saving current model and best model
balance: False
selecting samples for epoch 148, ratio 0.1
=====> Saving current model and best model
balance: False
selecting samples for epoch 149, ratio 0.1
=====> Saving current model and best model
balance: False
selecting samples for epoch 150, ratio 0.1
=====> Saving current model and best model
balance: False
selecting samples for epoch 151, ratio 0.1
=====> Epoch: 151/300, Total_step: 28388, lr: 0.001000, Total Time: 10431.2304 s, Time this epoch: 48.8660 s
=====> Epoch: 151/300, Train Loss (train loader labels): 2.2046, Train acc (train loader labels): 0.2954, Best val acc: 0.4867, Current val acc: 0.3999, Val Loss: 2.1984
=====> Saving current model and best model
balance: False
selecting samples for epoch 152, ratio 0.1
=====> Saving current model and best model
balance: False
selecting samples for epoch 153, ratio 0.1
=====> Saving current model and best model
balance: False
selecting samples for epoch 154, ratio 0.1
=====> Saving current model and best model
balance: False
selecting samples for epoch 155, ratio 0.1
=====> Saving current model and best model
balance: False
selecting samples for epoch 156, ratio 0.1
=====> Saving current model and best model
balance: False
selecting samples for epoch 157, ratio 0.1
=====> Saving current model and best model
balance: False
selecting samples for epoch 158, ratio 0.1
=====> Saving current model and best model
balance: False
selecting samples for epoch 159, ratio 0.1
=====> Saving current model and best model
balance: False
selecting samples for epoch 160, ratio 0.1
=====> Saving current model and best model
balance: False
selecting samples for epoch 161, ratio 0.1
=====> Saving current model and best model
balance: False
selecting samples for epoch 162, ratio 0.1
=====> Saving current model and best model
balance: False
selecting samples for epoch 163, ratio 0.1
=====> Saving current model and best model
balance: False
selecting samples for epoch 164, ratio 0.1
=====> Saving current model and best model
balance: False
selecting samples for epoch 165, ratio 0.1
=====> Saving current model and best model
balance: False
selecting samples for epoch 166, ratio 0.1
=====> Epoch: 166/300, Total_step: 31208, lr: 0.001000, Total Time: 11221.6080 s, Time this epoch: 48.6463 s
=====> Epoch: 166/300, Train Loss (train loader labels): 2.2087, Train acc (train loader labels): 0.3454, Best val acc: 0.4867, Current val acc: 0.4858, Val Loss: 2.2009
=====> Saving current model and best model
balance: False
selecting samples for epoch 167, ratio 0.1
=====> Saving current model and best model
balance: False
selecting samples for epoch 168, ratio 0.1
=====> Saving current model and best model
balance: False
selecting samples for epoch 169, ratio 0.1
=====> Saving current model and best model
balance: False
selecting samples for epoch 170, ratio 0.1
=====> Saving current model and best model
balance: False
selecting samples for epoch 171, ratio 0.1
=====> Saving current model and best model
balance: False
selecting samples for epoch 172, ratio 0.1
=====> Saving current model and best model
balance: False
selecting samples for epoch 173, ratio 0.1
=====> Saving current model and best model
balance: False
selecting samples for epoch 174, ratio 0.1
=====> Saving current model and best model
balance: False
selecting samples for epoch 175, ratio 0.1
=====> Saving current model and best model
balance: False
selecting samples for epoch 176, ratio 0.1
=====> Saving current model and best model
balance: False
selecting samples for epoch 177, ratio 0.1
=====> Saving current model and best model
balance: False
selecting samples for epoch 178, ratio 0.1
=====> Saving current model and best model
balance: False
selecting samples for epoch 179, ratio 0.1
=====> Saving current model and best model
balance: False
selecting samples for epoch 180, ratio 0.1
=====> Saving current model and best model
balance: False
selecting samples for epoch 181, ratio 0.1
=====> Epoch: 181/300, Total_step: 34028, lr: 0.001000, Total Time: 12012.4757 s, Time this epoch: 49.0166 s
=====> Epoch: 181/300, Train Loss (train loader labels): 2.2070, Train acc (train loader labels): 0.3388, Best val acc: 0.4867, Current val acc: 0.4448, Val Loss: 2.1990
=====> Saving current model and best model
balance: False
selecting samples for epoch 182, ratio 0.1
=====> Saving current model and best model
balance: False
selecting samples for epoch 183, ratio 0.1
=====> Saving current model and best model
balance: False
selecting samples for epoch 184, ratio 0.1
=====> Saving current model and best model
balance: False
selecting samples for epoch 185, ratio 0.1
=====> Saving current model and best model
balance: False
selecting samples for epoch 186, ratio 0.1
=====> Saving current model and best model
balance: False
selecting samples for epoch 187, ratio 0.1
=====> Saving current model and best model
balance: False
selecting samples for epoch 188, ratio 0.1
=====> Saving current model and best model
balance: False
selecting samples for epoch 189, ratio 0.1
=====> Saving current model and best model
balance: False
selecting samples for epoch 190, ratio 0.1
=====> Saving current model and best model
balance: False
selecting samples for epoch 191, ratio 0.1
=====> Saving current model and best model
balance: False
selecting samples for epoch 192, ratio 0.1
=====> Saving current model and best model
balance: False
selecting samples for epoch 193, ratio 0.1
=====> Saving current model and best model
balance: False
selecting samples for epoch 194, ratio 0.1
=====> Saving current model and best model
balance: False
selecting samples for epoch 195, ratio 0.1
=====> Saving current model and best model
balance: False
selecting samples for epoch 196, ratio 0.1
=====> Epoch: 196/300, Total_step: 36848, lr: 0.001000, Total Time: 12802.1048 s, Time this epoch: 48.6811 s
=====> Epoch: 196/300, Train Loss (train loader labels): 2.2100, Train acc (train loader labels): 0.2939, Best val acc: 0.4867, Current val acc: 0.4089, Val Loss: 2.2035
=====> Saving current model and best model
balance: False
selecting samples for epoch 197, ratio 0.1
=====> Saving current model and best model
balance: False
selecting samples for epoch 198, ratio 0.1
=====> Saving current model and best model
balance: False
selecting samples for epoch 199, ratio 0.1
=====> Saving current model and best model
balance: False
selecting samples for epoch 200, ratio 0.1
=====> Saving current model and best model
balance: False
selecting samples for epoch 201, ratio 0.1
=====> Saving current model and best model
balance: False
selecting samples for epoch 202, ratio 0.1
=====> Saving current model and best model
balance: False
selecting samples for epoch 203, ratio 0.1
=====> Saving current model and best model
balance: False
selecting samples for epoch 204, ratio 0.1
=====> Saving current model and best model
balance: False
selecting samples for epoch 205, ratio 0.1
=====> Saving current model and best model
balance: False
selecting samples for epoch 206, ratio 0.1
=====> Saving current model and best model
balance: False
selecting samples for epoch 207, ratio 0.1
=====> Saving current model and best model
balance: False
selecting samples for epoch 208, ratio 0.1
=====> Saving current model and best model
balance: False
selecting samples for epoch 209, ratio 0.1
=====> Saving current model and best model
balance: False
selecting samples for epoch 210, ratio 0.1
=====> Saving current model and best model
balance: False
selecting samples for epoch 211, ratio 0.1
=====> Epoch: 211/300, Total_step: 39668, lr: 0.001000, Total Time: 13590.9842 s, Time this epoch: 49.1370 s
=====> Epoch: 211/300, Train Loss (train loader labels): 2.1710, Train acc (train loader labels): 0.3119, Best val acc: 0.4867, Current val acc: 0.4195, Val Loss: 2.1630
=====> Saving current model and best model
balance: False
selecting samples for epoch 212, ratio 0.1
=====> Saving current model and best model
balance: False
selecting samples for epoch 213, ratio 0.1
=====> Saving current model and best model
balance: False
selecting samples for epoch 214, ratio 0.1
=====> Saving current model and best model
balance: False
selecting samples for epoch 215, ratio 0.1
=====> Saving current model and best model
balance: False
selecting samples for epoch 216, ratio 0.1
=====> Saving current model and best model
balance: False
selecting samples for epoch 217, ratio 0.1
=====> Saving current model and best model
balance: False
selecting samples for epoch 218, ratio 0.1
=====> Saving current model and best model
balance: False
selecting samples for epoch 219, ratio 0.1
=====> Saving current model and best model
balance: False
selecting samples for epoch 220, ratio 0.1
=====> Saving current model and best model
balance: False
selecting samples for epoch 221, ratio 0.1
=====> Saving current model and best model
balance: False
selecting samples for epoch 222, ratio 0.1
=====> Saving current model and best model
balance: False
selecting samples for epoch 223, ratio 0.1
=====> Saving current model and best model
balance: False
selecting samples for epoch 224, ratio 0.1
=====> Saving current model and best model
balance: False
selecting samples for epoch 225, ratio 0.1
=====> Saving current model and best model
balance: False
selecting samples for epoch 226, ratio 0.1
=====> Epoch: 226/300, Total_step: 42488, lr: 0.001000, Total Time: 14382.5593 s, Time this epoch: 48.8163 s
=====> Epoch: 226/300, Train Loss (train loader labels): 2.1887, Train acc (train loader labels): 0.3200, Best val acc: 0.4867, Current val acc: 0.4230, Val Loss: 2.1889
=====> Saving current model and best model
balance: False
selecting samples for epoch 227, ratio 0.1
=====> Saving current model and best model
balance: False
selecting samples for epoch 228, ratio 0.1
=====> Saving current model and best model
balance: False
selecting samples for epoch 229, ratio 0.1
=====> Saving current model and best model
balance: False
selecting samples for epoch 230, ratio 0.1
=====> Saving current model and best model
balance: False
selecting samples for epoch 231, ratio 0.1
=====> Saving current model and best model
balance: False
selecting samples for epoch 232, ratio 0.1
=====> Saving current model and best model
balance: False
selecting samples for epoch 233, ratio 0.1
=====> Saving current model and best model
balance: False
selecting samples for epoch 234, ratio 0.1
=====> Saving current model and best model
balance: False
selecting samples for epoch 235, ratio 0.1
=====> Saving current model and best model
balance: False
selecting samples for epoch 236, ratio 0.1
=====> Saving current model and best model
balance: False
selecting samples for epoch 237, ratio 0.1
=====> Saving current model and best model
balance: False
selecting samples for epoch 238, ratio 0.1
=====> Saving current model and best model
balance: False
selecting samples for epoch 239, ratio 0.1
=====> Saving current model and best model
balance: False
selecting samples for epoch 240, ratio 0.1
=====> Saving current model and best model
balance: False
selecting samples for epoch 241, ratio 0.1
=====> Epoch: 241/300, Total_step: 45308, lr: 0.001000, Total Time: 15172.8176 s, Time this epoch: 48.7903 s
=====> Epoch: 241/300, Train Loss (train loader labels): 2.1984, Train acc (train loader labels): 0.3230, Best val acc: 0.4867, Current val acc: 0.4796, Val Loss: 2.1944
=====> Saving current model and best model
balance: False
selecting samples for epoch 242, ratio 0.1
=====> Saving current model and best model
balance: False
selecting samples for epoch 243, ratio 0.1
=====> Saving current model and best model
balance: False
selecting samples for epoch 244, ratio 0.1
=====> Saving current model and best model
balance: False
selecting samples for epoch 245, ratio 0.1
=====> Saving current model and best model
balance: False
selecting samples for epoch 246, ratio 0.1
=====> Saving current model and best model
balance: False
selecting samples for epoch 247, ratio 0.1
=====> Saving current model and best model
balance: False
selecting samples for epoch 248, ratio 0.1
=====> Saving current model and best model
balance: False
selecting samples for epoch 249, ratio 0.1
=====> Saving current model and best model
balance: False
selecting samples for epoch 250, ratio 0.1
=====> Saving current model and best model
balance: False
selecting samples for epoch 251, ratio 0.1
=====> Saving current model and best model
balance: False
selecting samples for epoch 252, ratio 0.1
=====> Saving current model and best model
balance: False
selecting samples for epoch 253, ratio 0.1
=====> Saving current model and best model
balance: False
selecting samples for epoch 254, ratio 0.1
=====> Saving current model and best model
balance: False
selecting samples for epoch 255, ratio 0.1
=====> Saving current model and best model
balance: False
selecting samples for epoch 256, ratio 0.1
=====> Epoch: 256/300, Total_step: 48128, lr: 0.001000, Total Time: 15961.2901 s, Time this epoch: 48.9093 s
=====> Epoch: 256/300, Train Loss (train loader labels): 2.2103, Train acc (train loader labels): 0.3084, Best val acc: 0.4867, Current val acc: 0.4275, Val Loss: 2.2080
=====> Saving current model and best model
balance: False
selecting samples for epoch 257, ratio 0.1
=====> Saving current model and best model
balance: False
selecting samples for epoch 258, ratio 0.1
=====> Saving current model and best model
balance: False
selecting samples for epoch 259, ratio 0.1
=====> Saving current model and best model
balance: False
selecting samples for epoch 260, ratio 0.1
=====> Saving current model and best model
balance: False
selecting samples for epoch 261, ratio 0.1
=====> Saving current model and best model
balance: False
selecting samples for epoch 262, ratio 0.1
=====> Saving current model and best model
balance: False
selecting samples for epoch 263, ratio 0.1
=====> Saving current model and best model
balance: False
selecting samples for epoch 264, ratio 0.1
=====> Saving current model and best model
balance: False
selecting samples for epoch 265, ratio 0.1
=====> Saving current model and best model
balance: False
selecting samples for epoch 266, ratio 0.1
=====> Saving current model and best model
balance: False
selecting samples for epoch 267, ratio 0.1
=====> Saving current model and best model
balance: False
selecting samples for epoch 268, ratio 0.1
=====> Saving current model and best model
balance: False
selecting samples for epoch 269, ratio 0.1
=====> Saving current model and best model
balance: False
selecting samples for epoch 270, ratio 0.1
=====> Saving current model and best model
balance: False
selecting samples for epoch 271, ratio 0.1
=====> Epoch: 271/300, Total_step: 50948, lr: 0.001000, Total Time: 16749.9158 s, Time this epoch: 48.5703 s
=====> Epoch: 271/300, Train Loss (train loader labels): 2.2039, Train acc (train loader labels): 0.3257, Best val acc: 0.4867, Current val acc: 0.4345, Val Loss: 2.1984
=====> Saving current model and best model
balance: False
selecting samples for epoch 272, ratio 0.1
=====> Saving current model and best model
balance: False
selecting samples for epoch 273, ratio 0.1
=====> Saving current model and best model
balance: False
selecting samples for epoch 274, ratio 0.1
=====> Saving current model and best model
balance: False
selecting samples for epoch 275, ratio 0.1
=====> Saving current model and best model
balance: False
selecting samples for epoch 276, ratio 0.1
=====> Saving current model and best model
balance: False
selecting samples for epoch 277, ratio 0.1
=====> Saving current model and best model
balance: False
selecting samples for epoch 278, ratio 0.1
=====> Saving current model and best model
balance: False
selecting samples for epoch 279, ratio 0.1
=====> Saving current model and best model
balance: False
selecting samples for epoch 280, ratio 0.1
=====> Saving current model and best model
balance: False
selecting samples for epoch 281, ratio 0.1
=====> Saving current model and best model
balance: False
selecting samples for epoch 282, ratio 0.1
=====> Saving current model and best model
balance: False
selecting samples for epoch 283, ratio 0.1
=====> Saving current model and best model
balance: False
selecting samples for epoch 284, ratio 0.1
=====> Saving current model and best model
balance: False
selecting samples for epoch 285, ratio 0.1
=====> Saving current model and best model
balance: False
selecting samples for epoch 286, ratio 0.1
=====> Epoch: 286/300, Total_step: 53768, lr: 0.001000, Total Time: 17538.4145 s, Time this epoch: 48.7721 s
=====> Epoch: 286/300, Train Loss (train loader labels): 2.2114, Train acc (train loader labels): 0.3163, Best val acc: 0.4867, Current val acc: 0.3794, Val Loss: 2.2071
=====> Saving current model and best model
balance: False
selecting samples for epoch 287, ratio 0.1
=====> Saving current model and best model
balance: False
selecting samples for epoch 288, ratio 0.1
=====> Saving current model and best model
balance: False
selecting samples for epoch 289, ratio 0.1
=====> Saving current model and best model
balance: False
selecting samples for epoch 290, ratio 0.1
=====> Saving current model and best model
balance: False
selecting samples for epoch 291, ratio 0.1
=====> Saving current model and best model
balance: False
selecting samples for epoch 292, ratio 0.1
=====> Saving current model and best model
balance: False
selecting samples for epoch 293, ratio 0.1
=====> Saving current model and best model
balance: False
selecting samples for epoch 294, ratio 0.1
=====> Saving current model and best model
balance: False
selecting samples for epoch 295, ratio 0.1
=====> Saving current model and best model
balance: False
selecting samples for epoch 296, ratio 0.1
=====> Saving current model and best model
balance: False
selecting samples for epoch 297, ratio 0.1
=====> Saving current model and best model
balance: False
selecting samples for epoch 298, ratio 0.1
=====> Saving current model and best model
balance: False
selecting samples for epoch 299, ratio 0.1
=====> Saving current model and best model
balance: False
selecting samples for epoch 300, ratio 0.1
=====> Epoch: 300/300, Total_step: 56400, lr: 0.001000, Total Time: 18279.5903 s, Time this epoch: 48.7530 s
=====> Epoch: 300/300, Train Loss (train loader labels): 2.1552, Train acc (train loader labels): 0.3362, Best val acc: 0.4867, Current val acc: 0.4451, Val Loss: 2.1452
=====> Saving current model and best model
Saved helper snapshots to /home/mward19/Documents/miller/Online-Batch-Selection/snapshots/MNIST/{"bsel":"RhoLoss","seed":2,"model":"DeepLinear","opt":"adamw","bs":320,"ratio":0.1,"lr":0.001,"wd":0.01,"layers":5,"hidden_dim":1000}.p
Saved selected points array to /home/mward19/Documents/miller/Online-Batch-Selection/selected_points/MNIST/{"bsel":"RhoLoss","seed":2,"model":"DeepLinear","opt":"adamw","bs":320,"ratio":0.1,"lr":0.001,"wd":0.01,"layers":5,"hidden_dim":1000}.npy
========================= End Main =========================
