save_dir: ./exp/CIFAR3/DivBS_deeplinear_bs320_ep300_lr0.001_AdamW_constant_seed3_r0.1_36_hidden
=====> Loading config files: 
configs/cifar3/method/divbs-0.1.yaml
configs/cifar3/data/cifar3.yaml
configs/cifar3/model/deep_linear_saxe/deep_linear_36.yaml
configs/cifar3/optim/adamw-320-0.001-0.01.yaml
configs/diagnostics/snapshots_log_interval.yaml
=====> Config files loaded.
========================= Start Main =========================
=====> Saving config file
=====> Config file saved
=====> Using fixed random seed: 3
=====> Wandb initialized
=====> Number of GPUs: 1
Creating DivBS...
Begin training for DivBS...
=====> Epoch: 0/300, Total_step: 0, lr: 0.001000, Total Time: 0.0000 s, Time this epoch: 0.0000 s
=====> Epoch: 0/300, Train Loss (train loader labels): 1.0987, Train acc (train loader labels): 0.3333, Best val acc: 0.3333, Current val acc: 0.3333, Val Loss: 1.0987
balance: False
selecting samples for epoch 1, ratio 0.1
=====> Epoch: 1/300, Total_step: 1, lr: 0.001000, Total Time: 0.0000 s, Time this epoch: 0.0000 s
=====> Epoch: 1/300, Train Loss (train loader labels): 1.1978, Train acc (train loader labels): 0.3333, Best val acc: 0.3333, Current val acc: 0.3333, Val Loss: 1.1978
=====> Epoch: 1/300, Total_step: 12, lr: 0.001000, Total Time: 0.0000 s, Time this epoch: 0.0000 s
=====> Epoch: 1/300, Train Loss (train loader labels): 1.2820, Train acc (train loader labels): 0.3251, Best val acc: 0.3430, Current val acc: 0.3430, Val Loss: 1.2649
=====> Epoch: 1/300, Total_step: 23, lr: 0.001000, Total Time: 0.0000 s, Time this epoch: 0.0000 s
=====> Epoch: 1/300, Train Loss (train loader labels): 550413.0625, Train acc (train loader labels): 0.3302, Best val acc: 0.3510, Current val acc: 0.3510, Val Loss: 535436.0625
=====> Epoch: 1/300, Total_step: 34, lr: 0.001000, Total Time: 0.0000 s, Time this epoch: 0.0000 s
=====> Epoch: 1/300, Train Loss (train loader labels): 35210856.0000, Train acc (train loader labels): 0.3377, Best val acc: 0.3510, Current val acc: 0.3240, Val Loss: 36401736.0000
=====> Epoch: 1/300, Total_step: 45, lr: 0.001000, Total Time: 0.0000 s, Time this epoch: 0.0000 s
=====> Epoch: 1/300, Train Loss (train loader labels): 13133795328.0000, Train acc (train loader labels): 0.3327, Best val acc: 0.3533, Current val acc: 0.3533, Val Loss: 12184643584.0000
=====> Saving current model and best model
balance: False
selecting samples for epoch 2, ratio 0.1
=====> Epoch: 2/300, Total_step: 48, lr: 0.001000, Total Time: 123.5759 s, Time this epoch: 105.2119 s
=====> Epoch: 2/300, Train Loss (train loader labels): 8328369.0000, Train acc (train loader labels): 0.3240, Best val acc: 0.3533, Current val acc: 0.3253, Val Loss: 8460655.0000
=====> Epoch: 2/300, Total_step: 59, lr: 0.001000, Total Time: 123.5759 s, Time this epoch: 105.2119 s
=====> Epoch: 2/300, Train Loss (train loader labels): 13033769984.0000, Train acc (train loader labels): 0.3224, Best val acc: 0.3533, Current val acc: 0.3137, Val Loss: 13113124864.0000
=====> Epoch: 2/300, Total_step: 70, lr: 0.001000, Total Time: 123.5759 s, Time this epoch: 105.2119 s
=====> Epoch: 2/300, Train Loss (train loader labels): 2943879680.0000, Train acc (train loader labels): 0.3333, Best val acc: 0.3533, Current val acc: 0.3490, Val Loss: 2775057664.0000
=====> Epoch: 2/300, Total_step: 81, lr: 0.001000, Total Time: 123.5759 s, Time this epoch: 105.2119 s
=====> Epoch: 2/300, Train Loss (train loader labels): 3036881879040.0000, Train acc (train loader labels): 0.3343, Best val acc: 0.3533, Current val acc: 0.3187, Val Loss: 3045241651200.0000
=====> Epoch: 2/300, Total_step: 92, lr: 0.001000, Total Time: 123.5759 s, Time this epoch: 105.2119 s
=====> Epoch: 2/300, Train Loss (train loader labels): 611838492409856.0000, Train acc (train loader labels): 0.3323, Best val acc: 0.3533, Current val acc: 0.3493, Val Loss: 581533136060416.0000
=====> Saving current model and best model
balance: False
selecting samples for epoch 3, ratio 0.1
=====> Epoch: 3/300, Total_step: 95, lr: 0.001000, Total Time: 229.9528 s, Time this epoch: 105.1678 s
=====> Epoch: 3/300, Train Loss (train loader labels): 67881236558774272.0000, Train acc (train loader labels): 0.3129, Best val acc: 0.3533, Current val acc: 0.3233, Val Loss: 65847870191828992.0000
=====> Epoch: 3/300, Total_step: 106, lr: 0.001000, Total Time: 229.9528 s, Time this epoch: 105.1678 s
=====> Epoch: 3/300, Train Loss (train loader labels): 3072069579309056.0000, Train acc (train loader labels): 0.3304, Best val acc: 0.3533, Current val acc: 0.3137, Val Loss: 3055809101561856.0000
=====> Epoch: 3/300, Total_step: 117, lr: 0.001000, Total Time: 229.9528 s, Time this epoch: 105.1678 s
=====> Epoch: 3/300, Train Loss (train loader labels): 18320444994093056.0000, Train acc (train loader labels): 0.3305, Best val acc: 0.3533, Current val acc: 0.3057, Val Loss: 18380533734047744.0000
=====> Epoch: 3/300, Total_step: 128, lr: 0.001000, Total Time: 229.9528 s, Time this epoch: 105.1678 s
=====> Epoch: 3/300, Train Loss (train loader labels): 813341015135112658944.0000, Train acc (train loader labels): 0.3411, Best val acc: 0.3537, Current val acc: 0.3537, Val Loss: 767943534622567038976.0000
[1;34mwandb[0m: 
[1;34mwandb[0m: You can sync this run to the cloud by running:
[1;34mwandb[0m: [1mwandb sync exp/CIFAR3/DivBS_deeplinear_bs320_ep300_lr0.001_AdamW_constant_seed3_r0.1_36_hidden/wandb/offline-run-20260605_172811-nwqgvgwe[0m
