wandb: Tracking run with wandb version 0.27.0
wandb: W&B syncing is set to `offline` in this directory. Run `wandb online` or set WANDB_MODE=online to enable cloud syncing.
wandb: Run data is saved locally in exp/MNIST/Uniform_deeplinear_bs320_ep300_lr0.001_AdamW_constant_seed1_r0.1_8_hidden/wandb/offline-run-20260605_184805-kuf0yrfi
wandb: 
wandb: Run history:
wandb:                                best_val_acc 鈻佲杺鈻勨枀鈻呪枀鈻呪枀鈻嗏枂鈻嗏枂鈻嗏枃鈻団枃鈻団枃鈻団枃鈻団枃鈻団枃鈻団枃鈻団枅鈻堚枅鈻堚枅鈻堚枅鈻堚枅鈻堚枅鈻堚枅
wandb:                           diagnostics/epoch 鈻佲杹鈻佲杹鈻佲杹鈻佲杹鈻佲杹鈻佲杹鈻佲杹鈻佲杹鈻佲杹鈻佲杹鈻佲杹鈻佲杺鈻傗杺鈻傗杺鈻傗杺鈻冣杻鈻冣杽鈻勨枀鈻呪枂鈻嗏枅
wandb: diagnostics/fixed_train_logits_norm_l2_mean 鈻佲杹鈻佲杹鈻佲杹鈻佲杹鈻佲杹鈻佲杹鈻佲杹鈻佲枅鈻勨杻鈻冣杺鈻傗杺鈻傗杹鈻佲杹鈻佲杹鈻佲杹鈻佲杹鈻嗏杹鈻佲杽鈻佲杹鈻佲杹
wandb:        diagnostics/test_logits_norm_l2_mean 鈻佲杹鈻佲杹鈻佲杹鈻佲杹鈻佲杹鈻佲杹鈻佲杹鈻堚杹鈻佲杹鈻佲杹鈻佲杹鈻佲杹鈻佲杹鈻佲杹鈻佲杹鈻佲杹鈻佲杹鈻佲杹鈻佲杹鈻佲杹
wandb:                      diagnostics/total_step 鈻佲杹鈻佲杹鈻佲杹鈻佲杹鈻佲杹鈻佲杹鈻佲杹鈻佲杹鈻佲杹鈻佲杹鈻傗杺鈻傗杺鈻傗杺鈻傗杺鈻傗杺鈻冣杻鈻勨杽鈻呪枂鈻嗏枂鈻団枅
wandb:                                       epoch 鈻佲杹鈻佲杹鈻佲杹鈻佲杹鈻佲杹鈻佲杹鈻佲杹鈻佲杹鈻佲杹鈻佲杹鈻佲杹鈻傗杺鈻傗杺鈻傗杺鈻傗杺鈻冣杽鈻勨杽鈻呪枂鈻団枃鈻団枅
wandb:                                          lr 鈻佲杹鈻佲杹鈻佲杹鈻佲杹鈻佲杹鈻佲杹鈻佲杹鈻佲杹鈻佲杹鈻佲杹鈻佲杹鈻佲杹鈻佲杹鈻佲杹鈻佲杹鈻佲杹鈻佲杹鈻佲杹鈻佲杹鈻佲杹
wandb:                                  time_epoch 鈻佲杹鈻佲杹鈻堚枅鈻堚枅鈻堚枅鈻堚枅鈻堚杽鈻勨杽鈻勨杽鈻勨杽鈻勨杽鈻勨杽鈻傗杺鈻傗杺鈻傗杺鈻傗杺鈻傗杺鈻傗杺鈻傗杺鈻傗杺
wandb:                                  total_time 鈻佲杹鈻佲杹鈻佲杹鈻佲杹鈻佲杹鈻佲杹鈻佲杹鈻傗杺鈻傗杺鈻傗杺鈻傗杺鈻傗杺鈻傗杺鈻傗杺鈻冣杻鈻冣杻鈻冣杽鈻勨枂鈻団枃鈻団枅
wandb:                                   train_acc 鈻佲杹鈻呪枀鈻勨杽鈻勨枀鈻勨杽鈻嗏枀鈻嗏枃鈻佲杽鈻勨杽鈻呪枂鈻呪枀鈻嗏枀鈻嗏枂鈻団枃鈻嗏枃鈻堚枅鈻呪枂鈻堚枅鈻堚枂鈻団枅
wandb:                                          +5 ...
wandb: 
wandb: Run summary:
wandb:                                best_val_acc 0.644
wandb:                           diagnostics/epoch 300
wandb: diagnostics/fixed_train_logits_norm_l2_mean 11.91149
wandb:        diagnostics/test_logits_norm_l2_mean 11.19271
wandb:                      diagnostics/total_step 56400
wandb:                         diagnostics/trigger batch_update
wandb:                                       epoch 300
wandb:                                          lr 0.001
wandb:                                  time_epoch 48.18777
wandb:                                  total_time 18094.39641
wandb:                                          +6 ...
wandb: 
wandb: You can sync this run to the cloud by running:
wandb: wandb sync exp/MNIST/Uniform_deeplinear_bs320_ep300_lr0.001_AdamW_constant_seed1_r0.1_8_hidden/wandb/offline-run-20260605_184805-kuf0yrfi
wandb: Find logs at: exp/MNIST/Uniform_deeplinear_bs320_ep300_lr0.001_AdamW_constant_seed1_r0.1_8_hidden/wandb/offline-run-20260605_184805-kuf0yrfi/logs
