save_dir: ./exp/CIFAR3/Uniform_deeplinear_bs320_ep300_lr0.001_AdamW_constant_seed2_r0.1_5_hidden
=====> Loading config files: 
configs/cifar3/method/uniform-0.1.yaml
configs/cifar3/data/cifar3.yaml
configs/cifar3/model/deep_linear_saxe/deep_linear_5.yaml
configs/cifar3/optim/adamw-320-0.001-0.01.yaml
configs/diagnostics/snapshots_log_interval.yaml
=====> Config files loaded.
========================= Start Main =========================
=====> Saving config file
=====> Config file saved
=====> Using fixed random seed: 2
=====> Wandb initialized
=====> Number of GPUs: 1
Creating Uniform...
Begin training for Uniform...
=====> Epoch: 0/300, Total_step: 0, lr: 0.001000, Total Time: 0.0000 s, Time this epoch: 0.0000 s
=====> Epoch: 0/300, Train Loss (train loader labels): 1.1013, Train acc (train loader labels): 0.3086, Best val acc: 0.3107, Current val acc: 0.3107, Val Loss: 1.1014
selecting samples for epoch 1
balance: False
ratio: 0.1
=====> Epoch: 1/300, Total_step: 1, lr: 0.001000, Total Time: 0.0000 s, Time this epoch: 0.0000 s
=====> Epoch: 1/300, Train Loss (train loader labels): 1.5505, Train acc (train loader labels): 0.3274, Best val acc: 0.3387, Current val acc: 0.3387, Val Loss: 1.5340
=====> Epoch: 1/300, Total_step: 12, lr: 0.001000, Total Time: 0.0000 s, Time this epoch: 0.0000 s
=====> Epoch: 1/300, Train Loss (train loader labels): 1.2045, Train acc (train loader labels): 0.3861, Best val acc: 0.3787, Current val acc: 0.3787, Val Loss: 1.2357
=====> Epoch: 1/300, Total_step: 23, lr: 0.001000, Total Time: 0.0000 s, Time this epoch: 0.0000 s
=====> Epoch: 1/300, Train Loss (train loader labels): 1.3748, Train acc (train loader labels): 0.3838, Best val acc: 0.3980, Current val acc: 0.3980, Val Loss: 1.3244
=====> Epoch: 1/300, Total_step: 34, lr: 0.001000, Total Time: 0.0000 s, Time this epoch: 0.0000 s
=====> Epoch: 1/300, Train Loss (train loader labels): 1.1400, Train acc (train loader labels): 0.3879, Best val acc: 0.3980, Current val acc: 0.3940, Val Loss: 1.1459
=====> Epoch: 1/300, Total_step: 45, lr: 0.001000, Total Time: 0.0000 s, Time this epoch: 0.0000 s
=====> Epoch: 1/300, Train Loss (train loader labels): 1.0801, Train acc (train loader labels): 0.4347, Best val acc: 0.4400, Current val acc: 0.4400, Val Loss: 1.0738
=====> Saving current model and best model
selecting samples for epoch 2
balance: False
ratio: 0.1
=====> Epoch: 2/300, Total_step: 48, lr: 0.001000, Total Time: 125.3743 s, Time this epoch: 106.7660 s
=====> Epoch: 2/300, Train Loss (train loader labels): 1.1005, Train acc (train loader labels): 0.4527, Best val acc: 0.4813, Current val acc: 0.4813, Val Loss: 1.0841
=====> Epoch: 2/300, Total_step: 59, lr: 0.001000, Total Time: 125.3743 s, Time this epoch: 106.7660 s
=====> Epoch: 2/300, Train Loss (train loader labels): 1.0611, Train acc (train loader labels): 0.4407, Best val acc: 0.4813, Current val acc: 0.4490, Val Loss: 1.0578
=====> Epoch: 2/300, Total_step: 70, lr: 0.001000, Total Time: 125.3743 s, Time this epoch: 106.7660 s
=====> Epoch: 2/300, Train Loss (train loader labels): 1.0314, Train acc (train loader labels): 0.4754, Best val acc: 0.4833, Current val acc: 0.4833, Val Loss: 1.0303
=====> Epoch: 2/300, Total_step: 81, lr: 0.001000, Total Time: 125.3743 s, Time this epoch: 106.7660 s
=====> Epoch: 2/300, Train Loss (train loader labels): 1.0857, Train acc (train loader labels): 0.4153, Best val acc: 0.4833, Current val acc: 0.4203, Val Loss: 1.0804
=====> Epoch: 2/300, Total_step: 92, lr: 0.001000, Total Time: 125.3743 s, Time this epoch: 106.7660 s
=====> Epoch: 2/300, Train Loss (train loader labels): 1.0556, Train acc (train loader labels): 0.4448, Best val acc: 0.4833, Current val acc: 0.4393, Val Loss: 1.0558
=====> Saving current model and best model
selecting samples for epoch 3
balance: False
ratio: 0.1
=====> Epoch: 3/300, Total_step: 95, lr: 0.001000, Total Time: 231.8495 s, Time this epoch: 106.2135 s
=====> Epoch: 3/300, Train Loss (train loader labels): 1.0600, Train acc (train loader labels): 0.4393, Best val acc: 0.4833, Current val acc: 0.4467, Val Loss: 1.0564
=====> Epoch: 3/300, Total_step: 106, lr: 0.001000, Total Time: 231.8495 s, Time this epoch: 106.2135 s
=====> Epoch: 3/300, Train Loss (train loader labels): 1.0425, Train acc (train loader labels): 0.4523, Best val acc: 0.4833, Current val acc: 0.4550, Val Loss: 1.0471
=====> Epoch: 3/300, Total_step: 117, lr: 0.001000, Total Time: 231.8495 s, Time this epoch: 106.2135 s
=====> Epoch: 3/300, Train Loss (train loader labels): 1.0752, Train acc (train loader labels): 0.4481, Best val acc: 0.4833, Current val acc: 0.4627, Val Loss: 1.0725
=====> Epoch: 3/300, Total_step: 128, lr: 0.001000, Total Time: 231.8495 s, Time this epoch: 106.2135 s
=====> Epoch: 3/300, Train Loss (train loader labels): 1.0544, Train acc (train loader labels): 0.4609, Best val acc: 0.4833, Current val acc: 0.4600, Val Loss: 1.0589
=====> Epoch: 3/300, Total_step: 139, lr: 0.001000, Total Time: 231.8495 s, Time this epoch: 106.2135 s
=====> Epoch: 3/300, Train Loss (train loader labels): 1.0908, Train acc (train loader labels): 0.4175, Best val acc: 0.4833, Current val acc: 0.4303, Val Loss: 1.0747
=====> Saving current model and best model
selecting samples for epoch 4
balance: False
ratio: 0.1
=====> Epoch: 4/300, Total_step: 142, lr: 0.001000, Total Time: 338.7791 s, Time this epoch: 106.6737 s
=====> Epoch: 4/300, Train Loss (train loader labels): 1.0636, Train acc (train loader labels): 0.4229, Best val acc: 0.4833, Current val acc: 0.4217, Val Loss: 1.0647
=====> Epoch: 4/300, Total_step: 153, lr: 0.001000, Total Time: 338.7791 s, Time this epoch: 106.6737 s
=====> Epoch: 4/300, Train Loss (train loader labels): 1.0706, Train acc (train loader labels): 0.4262, Best val acc: 0.4833, Current val acc: 0.4237, Val Loss: 1.0673
=====> Epoch: 4/300, Total_step: 164, lr: 0.001000, Total Time: 338.7791 s, Time this epoch: 106.6737 s
=====> Epoch: 4/300, Train Loss (train loader labels): 1.0841, Train acc (train loader labels): 0.4381, Best val acc: 0.4833, Current val acc: 0.4383, Val Loss: 1.0806
=====> Epoch: 4/300, Total_step: 175, lr: 0.001000, Total Time: 338.7791 s, Time this epoch: 106.6737 s
=====> Epoch: 4/300, Train Loss (train loader labels): 1.0489, Train acc (train loader labels): 0.4589, Best val acc: 0.4833, Current val acc: 0.4587, Val Loss: 1.0456
=====> Epoch: 4/300, Total_step: 186, lr: 0.001000, Total Time: 338.7791 s, Time this epoch: 106.6737 s
=====> Epoch: 4/300, Train Loss (train loader labels): 1.0502, Train acc (train loader labels): 0.4599, Best val acc: 0.4833, Current val acc: 0.4590, Val Loss: 1.0520
=====> Saving current model and best model
selecting samples for epoch 5
balance: False
ratio: 0.1
=====> Epoch: 5/300, Total_step: 189, lr: 0.001000, Total Time: 445.6131 s, Time this epoch: 106.5992 s
=====> Epoch: 5/300, Train Loss (train loader labels): 1.0199, Train acc (train loader labels): 0.4889, Best val acc: 0.4913, Current val acc: 0.4913, Val Loss: 1.0190
=====> Epoch: 5/300, Total_step: 200, lr: 0.001000, Total Time: 445.6131 s, Time this epoch: 106.5992 s
=====> Epoch: 5/300, Train Loss (train loader labels): 1.0451, Train acc (train loader labels): 0.4561, Best val acc: 0.4913, Current val acc: 0.4583, Val Loss: 1.0438
=====> Epoch: 5/300, Total_step: 211, lr: 0.001000, Total Time: 445.6131 s, Time this epoch: 106.5992 s
=====> Epoch: 5/300, Train Loss (train loader labels): 1.0301, Train acc (train loader labels): 0.4620, Best val acc: 0.4913, Current val acc: 0.4637, Val Loss: 1.0282
=====> Epoch: 5/300, Total_step: 222, lr: 0.001000, Total Time: 445.6131 s, Time this epoch: 106.5992 s
=====> Epoch: 5/300, Train Loss (train loader labels): 1.0590, Train acc (train loader labels): 0.4251, Best val acc: 0.4913, Current val acc: 0.4313, Val Loss: 1.0572
=====> Epoch: 5/300, Total_step: 233, lr: 0.001000, Total Time: 445.6131 s, Time this epoch: 106.5992 s
=====> Epoch: 5/300, Train Loss (train loader labels): 1.0244, Train acc (train loader labels): 0.4695, Best val acc: 0.4913, Current val acc: 0.4827, Val Loss: 1.0214
=====> Saving current model and best model
selecting samples for epoch 6
balance: False
ratio: 0.1
=====> Epoch: 6/300, Total_step: 282, lr: 0.001000, Total Time: 552.7411 s, Time this epoch: 106.8439 s
=====> Epoch: 6/300, Train Loss (train loader labels): 1.0814, Train acc (train loader labels): 0.4511, Best val acc: 0.4913, Current val acc: 0.4637, Val Loss: 1.0732
=====> Saving current model and best model
selecting samples for epoch 7
balance: False
ratio: 0.1
=====> Epoch: 7/300, Total_step: 329, lr: 0.001000, Total Time: 588.6932 s, Time this epoch: 35.7054 s
=====> Epoch: 7/300, Train Loss (train loader labels): 1.1060, Train acc (train loader labels): 0.4355, Best val acc: 0.4913, Current val acc: 0.4580, Val Loss: 1.0909
=====> Saving current model and best model
selecting samples for epoch 8
balance: False
ratio: 0.1
=====> Epoch: 8/300, Total_step: 376, lr: 0.001000, Total Time: 624.6920 s, Time this epoch: 35.7630 s
=====> Epoch: 8/300, Train Loss (train loader labels): 1.0704, Train acc (train loader labels): 0.4395, Best val acc: 0.4913, Current val acc: 0.4413, Val Loss: 1.0783
=====> Saving current model and best model
selecting samples for epoch 9
balance: False
ratio: 0.1
=====> Epoch: 9/300, Total_step: 423, lr: 0.001000, Total Time: 660.7116 s, Time this epoch: 35.8009 s
=====> Epoch: 9/300, Train Loss (train loader labels): 1.0261, Train acc (train loader labels): 0.4656, Best val acc: 0.4913, Current val acc: 0.4833, Val Loss: 1.0205
=====> Saving current model and best model
selecting samples for epoch 10
balance: False
ratio: 0.1
=====> Epoch: 10/300, Total_step: 470, lr: 0.001000, Total Time: 696.7617 s, Time this epoch: 35.7856 s
=====> Epoch: 10/300, Train Loss (train loader labels): 1.0710, Train acc (train loader labels): 0.4325, Best val acc: 0.4913, Current val acc: 0.4393, Val Loss: 1.0636
=====> Saving current model and best model
selecting samples for epoch 11
balance: False
ratio: 0.1
=====> Epoch: 11/300, Total_step: 517, lr: 0.001000, Total Time: 732.6248 s, Time this epoch: 35.6416 s
=====> Epoch: 11/300, Train Loss (train loader labels): 1.0168, Train acc (train loader labels): 0.4747, Best val acc: 0.4923, Current val acc: 0.4923, Val Loss: 1.0127
=====> Saving current model and best model
selecting samples for epoch 12
balance: False
ratio: 0.1
=====> Epoch: 12/300, Total_step: 564, lr: 0.001000, Total Time: 768.5662 s, Time this epoch: 35.7095 s
=====> Epoch: 12/300, Train Loss (train loader labels): 1.0577, Train acc (train loader labels): 0.4595, Best val acc: 0.4923, Current val acc: 0.4703, Val Loss: 1.0563
=====> Saving current model and best model
selecting samples for epoch 13
balance: False
ratio: 0.1
=====> Epoch: 13/300, Total_step: 611, lr: 0.001000, Total Time: 805.0894 s, Time this epoch: 35.8019 s
=====> Epoch: 13/300, Train Loss (train loader labels): 1.1159, Train acc (train loader labels): 0.4527, Best val acc: 0.4923, Current val acc: 0.4567, Val Loss: 1.1146
=====> Saving current model and best model
selecting samples for epoch 14
balance: False
ratio: 0.1
=====> Epoch: 14/300, Total_step: 658, lr: 0.001000, Total Time: 841.1581 s, Time this epoch: 35.7641 s
=====> Epoch: 14/300, Train Loss (train loader labels): 1.0416, Train acc (train loader labels): 0.4667, Best val acc: 0.4923, Current val acc: 0.4760, Val Loss: 1.0342
=====> Saving current model and best model
selecting samples for epoch 15
balance: False
ratio: 0.1
=====> Epoch: 15/300, Total_step: 705, lr: 0.001000, Total Time: 877.1498 s, Time this epoch: 35.7644 s
=====> Epoch: 15/300, Train Loss (train loader labels): 1.0800, Train acc (train loader labels): 0.4300, Best val acc: 0.4923, Current val acc: 0.4287, Val Loss: 1.0798
=====> Saving current model and best model
selecting samples for epoch 16
balance: False
ratio: 0.1
=====> Epoch: 16/300, Total_step: 752, lr: 0.001000, Total Time: 913.0425 s, Time this epoch: 35.5841 s
=====> Epoch: 16/300, Train Loss (train loader labels): 1.1485, Train acc (train loader labels): 0.3766, Best val acc: 0.4923, Current val acc: 0.3877, Val Loss: 1.1290
=====> Saving current model and best model
selecting samples for epoch 17
balance: False
ratio: 0.1
=====> Epoch: 17/300, Total_step: 799, lr: 0.001000, Total Time: 948.9803 s, Time this epoch: 35.6480 s
=====> Epoch: 17/300, Train Loss (train loader labels): 1.0613, Train acc (train loader labels): 0.4323, Best val acc: 0.4923, Current val acc: 0.4363, Val Loss: 1.0582
=====> Saving current model and best model
selecting samples for epoch 18
balance: False
ratio: 0.1
=====> Epoch: 18/300, Total_step: 846, lr: 0.001000, Total Time: 984.9286 s, Time this epoch: 35.7044 s
=====> Epoch: 18/300, Train Loss (train loader labels): 1.0470, Train acc (train loader labels): 0.4459, Best val acc: 0.4923, Current val acc: 0.4423, Val Loss: 1.0588
=====> Saving current model and best model
selecting samples for epoch 19
balance: False
ratio: 0.1
=====> Epoch: 19/300, Total_step: 893, lr: 0.001000, Total Time: 1021.0533 s, Time this epoch: 35.7853 s
=====> Epoch: 19/300, Train Loss (train loader labels): 804.9998, Train acc (train loader labels): 0.2978, Best val acc: 0.4923, Current val acc: 0.2980, Val Loss: 793.3079
=====> Saving current model and best model
selecting samples for epoch 20
balance: False
ratio: 0.1
=====> Epoch: 20/300, Total_step: 940, lr: 0.001000, Total Time: 1057.0171 s, Time this epoch: 35.6819 s
=====> Epoch: 20/300, Train Loss (train loader labels): 4.3715, Train acc (train loader labels): 0.4025, Best val acc: 0.4923, Current val acc: 0.3993, Val Loss: 4.6664
=====> Saving current model and best model
selecting samples for epoch 21
balance: False
ratio: 0.1
=====> Epoch: 21/300, Total_step: 987, lr: 0.001000, Total Time: 1093.1396 s, Time this epoch: 35.8898 s
=====> Epoch: 21/300, Train Loss (train loader labels): 1.4963, Train acc (train loader labels): 0.3975, Best val acc: 0.4923, Current val acc: 0.4097, Val Loss: 1.4773
=====> Saving current model and best model
selecting samples for epoch 22
balance: False
ratio: 0.1
=====> Epoch: 22/300, Total_step: 1034, lr: 0.001000, Total Time: 1129.0451 s, Time this epoch: 35.6801 s
=====> Epoch: 22/300, Train Loss (train loader labels): 1.1560, Train acc (train loader labels): 0.4443, Best val acc: 0.4923, Current val acc: 0.4473, Val Loss: 1.1605
=====> Saving current model and best model
selecting samples for epoch 23
balance: False
ratio: 0.1
=====> Epoch: 23/300, Total_step: 1081, lr: 0.001000, Total Time: 1165.1330 s, Time this epoch: 35.8124 s
=====> Epoch: 23/300, Train Loss (train loader labels): 1.4357, Train acc (train loader labels): 0.3739, Best val acc: 0.4923, Current val acc: 0.3910, Val Loss: 1.4144
=====> Saving current model and best model
selecting samples for epoch 24
balance: False
ratio: 0.1
=====> Epoch: 24/300, Total_step: 1128, lr: 0.001000, Total Time: 1201.1600 s, Time this epoch: 35.7688 s
=====> Epoch: 24/300, Train Loss (train loader labels): 1.1102, Train acc (train loader labels): 0.4410, Best val acc: 0.4923, Current val acc: 0.4463, Val Loss: 1.1280
=====> Saving current model and best model
selecting samples for epoch 25
balance: False
ratio: 0.1
=====> Epoch: 25/300, Total_step: 1175, lr: 0.001000, Total Time: 1237.0882 s, Time this epoch: 35.6854 s
=====> Epoch: 25/300, Train Loss (train loader labels): 1.0901, Train acc (train loader labels): 0.4459, Best val acc: 0.4923, Current val acc: 0.4533, Val Loss: 1.0893
=====> Saving current model and best model
selecting samples for epoch 26
balance: False
ratio: 0.1
=====> Epoch: 26/300, Total_step: 1222, lr: 0.001000, Total Time: 1273.1547 s, Time this epoch: 35.8187 s
=====> Epoch: 26/300, Train Loss (train loader labels): 1.1005, Train acc (train loader labels): 0.4543, Best val acc: 0.4923, Current val acc: 0.4557, Val Loss: 1.0968
=====> Saving current model and best model
selecting samples for epoch 27
balance: False
ratio: 0.1
=====> Saving current model and best model
selecting samples for epoch 28
balance: False
ratio: 0.1
=====> Saving current model and best model
selecting samples for epoch 29
balance: False
ratio: 0.1
=====> Epoch: 29/300, Total_step: 1363, lr: 0.001000, Total Time: 1343.7640 s, Time this epoch: 17.0959 s
=====> Epoch: 29/300, Train Loss (train loader labels): 1.0304, Train acc (train loader labels): 0.4769, Best val acc: 0.4930, Current val acc: 0.4930, Val Loss: 1.0279
=====> Saving current model and best model
selecting samples for epoch 30
balance: False
ratio: 0.1
=====> Saving current model and best model
selecting samples for epoch 31
balance: False
ratio: 0.1
=====> Saving current model and best model
selecting samples for epoch 32
balance: False
ratio: 0.1
=====> Saving current model and best model
selecting samples for epoch 33
balance: False
ratio: 0.1
=====> Epoch: 33/300, Total_step: 1551, lr: 0.001000, Total Time: 1432.3195 s, Time this epoch: 17.0849 s
=====> Epoch: 33/300, Train Loss (train loader labels): 1.0554, Train acc (train loader labels): 0.4645, Best val acc: 0.4930, Current val acc: 0.4863, Val Loss: 1.0376
=====> Saving current model and best model
selecting samples for epoch 34
balance: False
ratio: 0.1
=====> Saving current model and best model
selecting samples for epoch 35
balance: False
ratio: 0.1
=====> Saving current model and best model
selecting samples for epoch 36
balance: False
ratio: 0.1
=====> Saving current model and best model
selecting samples for epoch 37
balance: False
ratio: 0.1
=====> Epoch: 37/300, Total_step: 1739, lr: 0.001000, Total Time: 1520.5274 s, Time this epoch: 17.0146 s
=====> Epoch: 37/300, Train Loss (train loader labels): 1.0338, Train acc (train loader labels): 0.4699, Best val acc: 0.4930, Current val acc: 0.4673, Val Loss: 1.0360
=====> Saving current model and best model
selecting samples for epoch 38
balance: False
ratio: 0.1
=====> Saving current model and best model
selecting samples for epoch 39
balance: False
ratio: 0.1
=====> Saving current model and best model
selecting samples for epoch 40
balance: False
ratio: 0.1
=====> Saving current model and best model
selecting samples for epoch 41
balance: False
ratio: 0.1
=====> Epoch: 41/300, Total_step: 1927, lr: 0.001000, Total Time: 1608.3474 s, Time this epoch: 17.0191 s
=====> Epoch: 41/300, Train Loss (train loader labels): 1.0248, Train acc (train loader labels): 0.4841, Best val acc: 0.4930, Current val acc: 0.4867, Val Loss: 1.0334
=====> Saving current model and best model
selecting samples for epoch 42
balance: False
ratio: 0.1
=====> Saving current model and best model
selecting samples for epoch 43
balance: False
ratio: 0.1
=====> Saving current model and best model
selecting samples for epoch 44
balance: False
ratio: 0.1
=====> Saving current model and best model
selecting samples for epoch 45
balance: False
ratio: 0.1
=====> Epoch: 45/300, Total_step: 2115, lr: 0.001000, Total Time: 1696.5122 s, Time this epoch: 17.0860 s
=====> Epoch: 45/300, Train Loss (train loader labels): 1.0484, Train acc (train loader labels): 0.4467, Best val acc: 0.4930, Current val acc: 0.4613, Val Loss: 1.0369
=====> Saving current model and best model
selecting samples for epoch 46
balance: False
ratio: 0.1
=====> Saving current model and best model
selecting samples for epoch 47
balance: False
ratio: 0.1
=====> Saving current model and best model
selecting samples for epoch 48
balance: False
ratio: 0.1
=====> Saving current model and best model
selecting samples for epoch 49
balance: False
ratio: 0.1
=====> Epoch: 49/300, Total_step: 2303, lr: 0.001000, Total Time: 1784.5654 s, Time this epoch: 17.0936 s
=====> Epoch: 49/300, Train Loss (train loader labels): 1.0054, Train acc (train loader labels): 0.4854, Best val acc: 0.5130, Current val acc: 0.5130, Val Loss: 0.9993
=====> Saving current model and best model
selecting samples for epoch 50
balance: False
ratio: 0.1
=====> Saving current model and best model
selecting samples for epoch 51
balance: False
ratio: 0.1
=====> Saving current model and best model
selecting samples for epoch 52
balance: False
ratio: 0.1
=====> Saving current model and best model
selecting samples for epoch 53
balance: False
ratio: 0.1
=====> Epoch: 53/300, Total_step: 2491, lr: 0.001000, Total Time: 1873.6400 s, Time this epoch: 17.0105 s
=====> Epoch: 53/300, Train Loss (train loader labels): 1.0371, Train acc (train loader labels): 0.4731, Best val acc: 0.5130, Current val acc: 0.4977, Val Loss: 1.0183
=====> Saving current model and best model
selecting samples for epoch 54
balance: False
ratio: 0.1
=====> Saving current model and best model
selecting samples for epoch 55
balance: False
ratio: 0.1
=====> Saving current model and best model
selecting samples for epoch 56
balance: False
ratio: 0.1
=====> Saving current model and best model
selecting samples for epoch 57
balance: False
ratio: 0.1
=====> Epoch: 57/300, Total_step: 2679, lr: 0.001000, Total Time: 1961.5853 s, Time this epoch: 16.9828 s
=====> Epoch: 57/300, Train Loss (train loader labels): 1.0180, Train acc (train loader labels): 0.4753, Best val acc: 0.5130, Current val acc: 0.4940, Val Loss: 1.0123
=====> Saving current model and best model
selecting samples for epoch 58
balance: False
ratio: 0.1
=====> Saving current model and best model
selecting samples for epoch 59
balance: False
ratio: 0.1
=====> Saving current model and best model
selecting samples for epoch 60
balance: False
ratio: 0.1
=====> Saving current model and best model
selecting samples for epoch 61
balance: False
ratio: 0.1
=====> Epoch: 61/300, Total_step: 2867, lr: 0.001000, Total Time: 2049.6995 s, Time this epoch: 17.1540 s
=====> Epoch: 61/300, Train Loss (train loader labels): 1.0179, Train acc (train loader labels): 0.4819, Best val acc: 0.5130, Current val acc: 0.4937, Val Loss: 1.0050
=====> Saving current model and best model
selecting samples for epoch 62
balance: False
ratio: 0.1
=====> Saving current model and best model
selecting samples for epoch 63
balance: False
ratio: 0.1
=====> Saving current model and best model
selecting samples for epoch 64
balance: False
ratio: 0.1
=====> Saving current model and best model
selecting samples for epoch 65
balance: False
ratio: 0.1
=====> Epoch: 65/300, Total_step: 3055, lr: 0.001000, Total Time: 2137.9137 s, Time this epoch: 17.0712 s
=====> Epoch: 65/300, Train Loss (train loader labels): 1.0154, Train acc (train loader labels): 0.4801, Best val acc: 0.5130, Current val acc: 0.4923, Val Loss: 1.0066
=====> Saving current model and best model
selecting samples for epoch 66
balance: False
ratio: 0.1
=====> Saving current model and best model
selecting samples for epoch 67
balance: False
ratio: 0.1
=====> Saving current model and best model
selecting samples for epoch 68
balance: False
ratio: 0.1
=====> Saving current model and best model
selecting samples for epoch 69
balance: False
ratio: 0.1
=====> Saving current model and best model
selecting samples for epoch 70
balance: False
ratio: 0.1
=====> Saving current model and best model
selecting samples for epoch 71
balance: False
ratio: 0.1
=====> Saving current model and best model
selecting samples for epoch 72
balance: False
ratio: 0.1
=====> Saving current model and best model
selecting samples for epoch 73
balance: False
ratio: 0.1
=====> Saving current model and best model
selecting samples for epoch 74
balance: False
ratio: 0.1
=====> Saving current model and best model
selecting samples for epoch 75
balance: False
ratio: 0.1
=====> Saving current model and best model
selecting samples for epoch 76
balance: False
ratio: 0.1
=====> Epoch: 76/300, Total_step: 3572, lr: 0.001000, Total Time: 2347.9631 s, Time this epoch: 17.0850 s
=====> Epoch: 76/300, Train Loss (train loader labels): 1.0134, Train acc (train loader labels): 0.4779, Best val acc: 0.5130, Current val acc: 0.5060, Val Loss: 1.0020
=====> Saving current model and best model
selecting samples for epoch 77
balance: False
ratio: 0.1
=====> Saving current model and best model
selecting samples for epoch 78
balance: False
ratio: 0.1
=====> Saving current model and best model
selecting samples for epoch 79
balance: False
ratio: 0.1
=====> Saving current model and best model
selecting samples for epoch 80
balance: False
ratio: 0.1
=====> Saving current model and best model
selecting samples for epoch 81
balance: False
ratio: 0.1
=====> Saving current model and best model
selecting samples for epoch 82
balance: False
ratio: 0.1
=====> Saving current model and best model
selecting samples for epoch 83
balance: False
ratio: 0.1
=====> Saving current model and best model
selecting samples for epoch 84
balance: False
ratio: 0.1
=====> Saving current model and best model
selecting samples for epoch 85
balance: False
ratio: 0.1
=====> Saving current model and best model
selecting samples for epoch 86
balance: False
ratio: 0.1
=====> Saving current model and best model
selecting samples for epoch 87
balance: False
ratio: 0.1
=====> Saving current model and best model
selecting samples for epoch 88
balance: False
ratio: 0.1
=====> Saving current model and best model
selecting samples for epoch 89
balance: False
ratio: 0.1
=====> Saving current model and best model
selecting samples for epoch 90
balance: False
ratio: 0.1
=====> Saving current model and best model
selecting samples for epoch 91
balance: False
ratio: 0.1
=====> Epoch: 91/300, Total_step: 4277, lr: 0.001000, Total Time: 2627.2352 s, Time this epoch: 17.0347 s
=====> Epoch: 91/300, Train Loss (train loader labels): 1.0284, Train acc (train loader labels): 0.4737, Best val acc: 0.5130, Current val acc: 0.4890, Val Loss: 1.0258
=====> Saving current model and best model
selecting samples for epoch 92
balance: False
ratio: 0.1
=====> Saving current model and best model
selecting samples for epoch 93
balance: False
ratio: 0.1
=====> Saving current model and best model
selecting samples for epoch 94
balance: False
ratio: 0.1
=====> Saving current model and best model
selecting samples for epoch 95
balance: False
ratio: 0.1
=====> Saving current model and best model
selecting samples for epoch 96
balance: False
ratio: 0.1
=====> Saving current model and best model
selecting samples for epoch 97
balance: False
ratio: 0.1
=====> Saving current model and best model
selecting samples for epoch 98
balance: False
ratio: 0.1
=====> Saving current model and best model
selecting samples for epoch 99
balance: False
ratio: 0.1
=====> Saving current model and best model
selecting samples for epoch 100
balance: False
ratio: 0.1
=====> Saving current model and best model
selecting samples for epoch 101
balance: False
ratio: 0.1
=====> Saving current model and best model
selecting samples for epoch 102
balance: False
ratio: 0.1
=====> Saving current model and best model
selecting samples for epoch 103
balance: False
ratio: 0.1
=====> Saving current model and best model
selecting samples for epoch 104
balance: False
ratio: 0.1
=====> Saving current model and best model
selecting samples for epoch 105
balance: False
ratio: 0.1
=====> Saving current model and best model
selecting samples for epoch 106
balance: False
ratio: 0.1
=====> Epoch: 106/300, Total_step: 4982, lr: 0.001000, Total Time: 2907.4050 s, Time this epoch: 17.1091 s
=====> Epoch: 106/300, Train Loss (train loader labels): 1.0052, Train acc (train loader labels): 0.4985, Best val acc: 0.5237, Current val acc: 0.5237, Val Loss: 0.9963
=====> Saving current model and best model
selecting samples for epoch 107
balance: False
ratio: 0.1
=====> Saving current model and best model
selecting samples for epoch 108
balance: False
ratio: 0.1
=====> Saving current model and best model
selecting samples for epoch 109
balance: False
ratio: 0.1
=====> Saving current model and best model
selecting samples for epoch 110
balance: False
ratio: 0.1
=====> Saving current model and best model
selecting samples for epoch 111
balance: False
ratio: 0.1
=====> Saving current model and best model
selecting samples for epoch 112
balance: False
ratio: 0.1
=====> Saving current model and best model
selecting samples for epoch 113
balance: False
ratio: 0.1
=====> Saving current model and best model
selecting samples for epoch 114
balance: False
ratio: 0.1
=====> Saving current model and best model
selecting samples for epoch 115
balance: False
ratio: 0.1
=====> Saving current model and best model
selecting samples for epoch 116
balance: False
ratio: 0.1
=====> Saving current model and best model
selecting samples for epoch 117
balance: False
ratio: 0.1
=====> Saving current model and best model
selecting samples for epoch 118
balance: False
ratio: 0.1
=====> Saving current model and best model
selecting samples for epoch 119
balance: False
ratio: 0.1
=====> Saving current model and best model
selecting samples for epoch 120
balance: False
ratio: 0.1
=====> Saving current model and best model
selecting samples for epoch 121
balance: False
ratio: 0.1
=====> Epoch: 121/300, Total_step: 5687, lr: 0.001000, Total Time: 3187.3704 s, Time this epoch: 17.1576 s
=====> Epoch: 121/300, Train Loss (train loader labels): 1.0157, Train acc (train loader labels): 0.4741, Best val acc: 0.5237, Current val acc: 0.5003, Val Loss: 1.0067
=====> Saving current model and best model
selecting samples for epoch 122
balance: False
ratio: 0.1
=====> Saving current model and best model
selecting samples for epoch 123
balance: False
ratio: 0.1
=====> Saving current model and best model
selecting samples for epoch 124
balance: False
ratio: 0.1
=====> Saving current model and best model
selecting samples for epoch 125
balance: False
ratio: 0.1
=====> Saving current model and best model
selecting samples for epoch 126
balance: False
ratio: 0.1
=====> Saving current model and best model
selecting samples for epoch 127
balance: False
ratio: 0.1
=====> Saving current model and best model
selecting samples for epoch 128
balance: False
ratio: 0.1
=====> Saving current model and best model
selecting samples for epoch 129
balance: False
ratio: 0.1
=====> Saving current model and best model
selecting samples for epoch 130
balance: False
ratio: 0.1
=====> Saving current model and best model
selecting samples for epoch 131
balance: False
ratio: 0.1
=====> Saving current model and best model
selecting samples for epoch 132
balance: False
ratio: 0.1
=====> Saving current model and best model
selecting samples for epoch 133
balance: False
ratio: 0.1
=====> Saving current model and best model
selecting samples for epoch 134
balance: False
ratio: 0.1
=====> Saving current model and best model
selecting samples for epoch 135
balance: False
ratio: 0.1
=====> Saving current model and best model
selecting samples for epoch 136
balance: False
ratio: 0.1
=====> Epoch: 136/300, Total_step: 6392, lr: 0.001000, Total Time: 3467.7681 s, Time this epoch: 17.0018 s
=====> Epoch: 136/300, Train Loss (train loader labels): 1.0091, Train acc (train loader labels): 0.4900, Best val acc: 0.5237, Current val acc: 0.5123, Val Loss: 1.0044
=====> Saving current model and best model
selecting samples for epoch 137
balance: False
ratio: 0.1
=====> Saving current model and best model
selecting samples for epoch 138
balance: False
ratio: 0.1
=====> Saving current model and best model
selecting samples for epoch 139
balance: False
ratio: 0.1
=====> Saving current model and best model
selecting samples for epoch 140
balance: False
ratio: 0.1
=====> Saving current model and best model
selecting samples for epoch 141
balance: False
ratio: 0.1
=====> Saving current model and best model
selecting samples for epoch 142
balance: False
ratio: 0.1
=====> Saving current model and best model
selecting samples for epoch 143
balance: False
ratio: 0.1
=====> Saving current model and best model
selecting samples for epoch 144
balance: False
ratio: 0.1
=====> Saving current model and best model
selecting samples for epoch 145
balance: False
ratio: 0.1
=====> Saving current model and best model
selecting samples for epoch 146
balance: False
ratio: 0.1
=====> Saving current model and best model
selecting samples for epoch 147
balance: False
ratio: 0.1
=====> Saving current model and best model
selecting samples for epoch 148
balance: False
ratio: 0.1
=====> Saving current model and best model
selecting samples for epoch 149
balance: False
ratio: 0.1
=====> Saving current model and best model
selecting samples for epoch 150
balance: False
ratio: 0.1
=====> Saving current model and best model
selecting samples for epoch 151
balance: False
ratio: 0.1
=====> Epoch: 151/300, Total_step: 7097, lr: 0.001000, Total Time: 3748.0915 s, Time this epoch: 17.0727 s
=====> Epoch: 151/300, Train Loss (train loader labels): 1.0131, Train acc (train loader labels): 0.4917, Best val acc: 0.5237, Current val acc: 0.5017, Val Loss: 1.0066
=====> Saving current model and best model
selecting samples for epoch 152
balance: False
ratio: 0.1
=====> Saving current model and best model
selecting samples for epoch 153
balance: False
ratio: 0.1
=====> Saving current model and best model
selecting samples for epoch 154
balance: False
ratio: 0.1
=====> Saving current model and best model
selecting samples for epoch 155
balance: False
ratio: 0.1
=====> Saving current model and best model
selecting samples for epoch 156
balance: False
ratio: 0.1
=====> Saving current model and best model
selecting samples for epoch 157
balance: False
ratio: 0.1
=====> Saving current model and best model
selecting samples for epoch 158
balance: False
ratio: 0.1
=====> Saving current model and best model
selecting samples for epoch 159
balance: False
ratio: 0.1
=====> Saving current model and best model
selecting samples for epoch 160
balance: False
ratio: 0.1
=====> Saving current model and best model
selecting samples for epoch 161
balance: False
ratio: 0.1
=====> Saving current model and best model
selecting samples for epoch 162
balance: False
ratio: 0.1
=====> Saving current model and best model
selecting samples for epoch 163
balance: False
ratio: 0.1
=====> Saving current model and best model
selecting samples for epoch 164
balance: False
ratio: 0.1
=====> Saving current model and best model
selecting samples for epoch 165
balance: False
ratio: 0.1
=====> Saving current model and best model
selecting samples for epoch 166
balance: False
ratio: 0.1
=====> Epoch: 166/300, Total_step: 7802, lr: 0.001000, Total Time: 4028.4210 s, Time this epoch: 17.0981 s
=====> Epoch: 166/300, Train Loss (train loader labels): 1.0316, Train acc (train loader labels): 0.4767, Best val acc: 0.5237, Current val acc: 0.4877, Val Loss: 1.0302
=====> Saving current model and best model
selecting samples for epoch 167
balance: False
ratio: 0.1
=====> Saving current model and best model
selecting samples for epoch 168
balance: False
ratio: 0.1
=====> Saving current model and best model
selecting samples for epoch 169
balance: False
ratio: 0.1
=====> Saving current model and best model
selecting samples for epoch 170
balance: False
ratio: 0.1
=====> Saving current model and best model
selecting samples for epoch 171
balance: False
ratio: 0.1
=====> Saving current model and best model
selecting samples for epoch 172
balance: False
ratio: 0.1
=====> Saving current model and best model
selecting samples for epoch 173
balance: False
ratio: 0.1
=====> Saving current model and best model
selecting samples for epoch 174
balance: False
ratio: 0.1
=====> Saving current model and best model
selecting samples for epoch 175
balance: False
ratio: 0.1
=====> Saving current model and best model
selecting samples for epoch 176
balance: False
ratio: 0.1
=====> Saving current model and best model
selecting samples for epoch 177
balance: False
ratio: 0.1
=====> Saving current model and best model
selecting samples for epoch 178
balance: False
ratio: 0.1
=====> Saving current model and best model
selecting samples for epoch 179
balance: False
ratio: 0.1
=====> Saving current model and best model
selecting samples for epoch 180
balance: False
ratio: 0.1
=====> Saving current model and best model
selecting samples for epoch 181
balance: False
ratio: 0.1
=====> Epoch: 181/300, Total_step: 8507, lr: 0.001000, Total Time: 4310.3786 s, Time this epoch: 17.1880 s
=====> Epoch: 181/300, Train Loss (train loader labels): 1.0354, Train acc (train loader labels): 0.4605, Best val acc: 0.5237, Current val acc: 0.4830, Val Loss: 1.0300
=====> Saving current model and best model
selecting samples for epoch 182
balance: False
ratio: 0.1
=====> Saving current model and best model
selecting samples for epoch 183
balance: False
ratio: 0.1
=====> Saving current model and best model
selecting samples for epoch 184
balance: False
ratio: 0.1
=====> Saving current model and best model
selecting samples for epoch 185
balance: False
ratio: 0.1
=====> Saving current model and best model
selecting samples for epoch 186
balance: False
ratio: 0.1
=====> Saving current model and best model
selecting samples for epoch 187
balance: False
ratio: 0.1
=====> Saving current model and best model
selecting samples for epoch 188
balance: False
ratio: 0.1
=====> Saving current model and best model
selecting samples for epoch 189
balance: False
ratio: 0.1
=====> Saving current model and best model
selecting samples for epoch 190
balance: False
ratio: 0.1
=====> Saving current model and best model
selecting samples for epoch 191
balance: False
ratio: 0.1
=====> Saving current model and best model
selecting samples for epoch 192
balance: False
ratio: 0.1
=====> Saving current model and best model
selecting samples for epoch 193
balance: False
ratio: 0.1
=====> Saving current model and best model
selecting samples for epoch 194
balance: False
ratio: 0.1
=====> Saving current model and best model
selecting samples for epoch 195
balance: False
ratio: 0.1
=====> Saving current model and best model
selecting samples for epoch 196
balance: False
ratio: 0.1
=====> Epoch: 196/300, Total_step: 9212, lr: 0.001000, Total Time: 4592.3074 s, Time this epoch: 17.2284 s
=====> Epoch: 196/300, Train Loss (train loader labels): 1.0166, Train acc (train loader labels): 0.4949, Best val acc: 0.5237, Current val acc: 0.5037, Val Loss: 1.0164
=====> Saving current model and best model
selecting samples for epoch 197
balance: False
ratio: 0.1
=====> Saving current model and best model
selecting samples for epoch 198
balance: False
ratio: 0.1
=====> Saving current model and best model
selecting samples for epoch 199
balance: False
ratio: 0.1
=====> Saving current model and best model
selecting samples for epoch 200
balance: False
ratio: 0.1
=====> Saving current model and best model
selecting samples for epoch 201
balance: False
ratio: 0.1
=====> Saving current model and best model
selecting samples for epoch 202
balance: False
ratio: 0.1
=====> Saving current model and best model
selecting samples for epoch 203
balance: False
ratio: 0.1
=====> Saving current model and best model
selecting samples for epoch 204
balance: False
ratio: 0.1
=====> Saving current model and best model
selecting samples for epoch 205
balance: False
ratio: 0.1
=====> Saving current model and best model
selecting samples for epoch 206
balance: False
ratio: 0.1
=====> Saving current model and best model
selecting samples for epoch 207
balance: False
ratio: 0.1
=====> Saving current model and best model
selecting samples for epoch 208
balance: False
ratio: 0.1
=====> Saving current model and best model
selecting samples for epoch 209
balance: False
ratio: 0.1
=====> Saving current model and best model
selecting samples for epoch 210
balance: False
ratio: 0.1
=====> Saving current model and best model
selecting samples for epoch 211
balance: False
ratio: 0.1
=====> Epoch: 211/300, Total_step: 9917, lr: 0.001000, Total Time: 4873.9793 s, Time this epoch: 17.4106 s
=====> Epoch: 211/300, Train Loss (train loader labels): 1.0085, Train acc (train loader labels): 0.4803, Best val acc: 0.5237, Current val acc: 0.4993, Val Loss: 1.0071
=====> Saving current model and best model
selecting samples for epoch 212
balance: False
ratio: 0.1
=====> Saving current model and best model
selecting samples for epoch 213
balance: False
ratio: 0.1
=====> Saving current model and best model
selecting samples for epoch 214
balance: False
ratio: 0.1
=====> Saving current model and best model
selecting samples for epoch 215
balance: False
ratio: 0.1
=====> Saving current model and best model
selecting samples for epoch 216
balance: False
ratio: 0.1
=====> Saving current model and best model
selecting samples for epoch 217
balance: False
ratio: 0.1
=====> Saving current model and best model
selecting samples for epoch 218
balance: False
ratio: 0.1
=====> Saving current model and best model
selecting samples for epoch 219
balance: False
ratio: 0.1
=====> Saving current model and best model
selecting samples for epoch 220
balance: False
ratio: 0.1
=====> Saving current model and best model
selecting samples for epoch 221
balance: False
ratio: 0.1
=====> Saving current model and best model
selecting samples for epoch 222
balance: False
ratio: 0.1
=====> Saving current model and best model
selecting samples for epoch 223
balance: False
ratio: 0.1
=====> Saving current model and best model
selecting samples for epoch 224
balance: False
ratio: 0.1
=====> Saving current model and best model
selecting samples for epoch 225
balance: False
ratio: 0.1
=====> Saving current model and best model
selecting samples for epoch 226
balance: False
ratio: 0.1
=====> Epoch: 226/300, Total_step: 10622, lr: 0.001000, Total Time: 5155.3443 s, Time this epoch: 17.1754 s
=====> Epoch: 226/300, Train Loss (train loader labels): 1.0270, Train acc (train loader labels): 0.4659, Best val acc: 0.5237, Current val acc: 0.4853, Val Loss: 1.0214
=====> Saving current model and best model
selecting samples for epoch 227
balance: False
ratio: 0.1
=====> Saving current model and best model
selecting samples for epoch 228
balance: False
ratio: 0.1
=====> Saving current model and best model
selecting samples for epoch 229
balance: False
ratio: 0.1
=====> Saving current model and best model
selecting samples for epoch 230
balance: False
ratio: 0.1
=====> Saving current model and best model
selecting samples for epoch 231
balance: False
ratio: 0.1
=====> Saving current model and best model
selecting samples for epoch 232
balance: False
ratio: 0.1
=====> Saving current model and best model
selecting samples for epoch 233
balance: False
ratio: 0.1
=====> Saving current model and best model
selecting samples for epoch 234
balance: False
ratio: 0.1
=====> Saving current model and best model
selecting samples for epoch 235
balance: False
ratio: 0.1
=====> Saving current model and best model
selecting samples for epoch 236
balance: False
ratio: 0.1
=====> Saving current model and best model
selecting samples for epoch 237
balance: False
ratio: 0.1
=====> Saving current model and best model
selecting samples for epoch 238
balance: False
ratio: 0.1
=====> Saving current model and best model
selecting samples for epoch 239
balance: False
ratio: 0.1
=====> Saving current model and best model
selecting samples for epoch 240
balance: False
ratio: 0.1
=====> Saving current model and best model
selecting samples for epoch 241
balance: False
ratio: 0.1
=====> Epoch: 241/300, Total_step: 11327, lr: 0.001000, Total Time: 5437.0633 s, Time this epoch: 17.1784 s
=====> Epoch: 241/300, Train Loss (train loader labels): 1.0400, Train acc (train loader labels): 0.4805, Best val acc: 0.5237, Current val acc: 0.4967, Val Loss: 1.0438
=====> Saving current model and best model
selecting samples for epoch 242
balance: False
ratio: 0.1
=====> Saving current model and best model
selecting samples for epoch 243
balance: False
ratio: 0.1
=====> Saving current model and best model
selecting samples for epoch 244
balance: False
ratio: 0.1
=====> Saving current model and best model
selecting samples for epoch 245
balance: False
ratio: 0.1
=====> Saving current model and best model
selecting samples for epoch 246
balance: False
ratio: 0.1
=====> Saving current model and best model
selecting samples for epoch 247
balance: False
ratio: 0.1
=====> Saving current model and best model
selecting samples for epoch 248
balance: False
ratio: 0.1
=====> Saving current model and best model
selecting samples for epoch 249
balance: False
ratio: 0.1
=====> Saving current model and best model
selecting samples for epoch 250
balance: False
ratio: 0.1
=====> Saving current model and best model
selecting samples for epoch 251
balance: False
ratio: 0.1
=====> Saving current model and best model
selecting samples for epoch 252
balance: False
ratio: 0.1
=====> Saving current model and best model
selecting samples for epoch 253
balance: False
ratio: 0.1
=====> Saving current model and best model
selecting samples for epoch 254
balance: False
ratio: 0.1
=====> Saving current model and best model
selecting samples for epoch 255
balance: False
ratio: 0.1
=====> Saving current model and best model
selecting samples for epoch 256
balance: False
ratio: 0.1
=====> Epoch: 256/300, Total_step: 12032, lr: 0.001000, Total Time: 5717.4700 s, Time this epoch: 17.2125 s
=====> Epoch: 256/300, Train Loss (train loader labels): 1.0092, Train acc (train loader labels): 0.4980, Best val acc: 0.5237, Current val acc: 0.5213, Val Loss: 1.0011
=====> Saving current model and best model
selecting samples for epoch 257
balance: False
ratio: 0.1
=====> Saving current model and best model
selecting samples for epoch 258
balance: False
ratio: 0.1
=====> Saving current model and best model
selecting samples for epoch 259
balance: False
ratio: 0.1
=====> Saving current model and best model
selecting samples for epoch 260
balance: False
ratio: 0.1
=====> Saving current model and best model
selecting samples for epoch 261
balance: False
ratio: 0.1
=====> Saving current model and best model
selecting samples for epoch 262
balance: False
ratio: 0.1
=====> Saving current model and best model
selecting samples for epoch 263
balance: False
ratio: 0.1
=====> Saving current model and best model
selecting samples for epoch 264
balance: False
ratio: 0.1
=====> Saving current model and best model
selecting samples for epoch 265
balance: False
ratio: 0.1
=====> Saving current model and best model
selecting samples for epoch 266
balance: False
ratio: 0.1
=====> Saving current model and best model
selecting samples for epoch 267
balance: False
ratio: 0.1
=====> Saving current model and best model
selecting samples for epoch 268
balance: False
ratio: 0.1
=====> Saving current model and best model
selecting samples for epoch 269
balance: False
ratio: 0.1
=====> Saving current model and best model
selecting samples for epoch 270
balance: False
ratio: 0.1
=====> Saving current model and best model
selecting samples for epoch 271
balance: False
ratio: 0.1
=====> Epoch: 271/300, Total_step: 12737, lr: 0.001000, Total Time: 5997.9605 s, Time this epoch: 17.1903 s
=====> Epoch: 271/300, Train Loss (train loader labels): 1.0668, Train acc (train loader labels): 0.4613, Best val acc: 0.5237, Current val acc: 0.4663, Val Loss: 1.0665
=====> Saving current model and best model
selecting samples for epoch 272
balance: False
ratio: 0.1
=====> Saving current model and best model
selecting samples for epoch 273
balance: False
ratio: 0.1
=====> Saving current model and best model
selecting samples for epoch 274
balance: False
ratio: 0.1
=====> Saving current model and best model
selecting samples for epoch 275
balance: False
ratio: 0.1
=====> Saving current model and best model
selecting samples for epoch 276
balance: False
ratio: 0.1
=====> Saving current model and best model
selecting samples for epoch 277
balance: False
ratio: 0.1
=====> Saving current model and best model
selecting samples for epoch 278
balance: False
ratio: 0.1
=====> Saving current model and best model
selecting samples for epoch 279
balance: False
ratio: 0.1
=====> Saving current model and best model
selecting samples for epoch 280
balance: False
ratio: 0.1
=====> Saving current model and best model
selecting samples for epoch 281
balance: False
ratio: 0.1
=====> Saving current model and best model
selecting samples for epoch 282
balance: False
ratio: 0.1
=====> Saving current model and best model
selecting samples for epoch 283
balance: False
ratio: 0.1
=====> Saving current model and best model
selecting samples for epoch 284
balance: False
ratio: 0.1
=====> Saving current model and best model
selecting samples for epoch 285
balance: False
ratio: 0.1
=====> Saving current model and best model
selecting samples for epoch 286
balance: False
ratio: 0.1
=====> Epoch: 286/300, Total_step: 13442, lr: 0.001000, Total Time: 6278.9926 s, Time this epoch: 17.2972 s
=====> Epoch: 286/300, Train Loss (train loader labels): 1.0772, Train acc (train loader labels): 0.4489, Best val acc: 0.5237, Current val acc: 0.4540, Val Loss: 1.0809
=====> Saving current model and best model
selecting samples for epoch 287
balance: False
ratio: 0.1
=====> Saving current model and best model
selecting samples for epoch 288
balance: False
ratio: 0.1
=====> Saving current model and best model
selecting samples for epoch 289
balance: False
ratio: 0.1
=====> Saving current model and best model
selecting samples for epoch 290
balance: False
ratio: 0.1
=====> Saving current model and best model
selecting samples for epoch 291
balance: False
ratio: 0.1
=====> Saving current model and best model
selecting samples for epoch 292
balance: False
ratio: 0.1
=====> Saving current model and best model
selecting samples for epoch 293
balance: False
ratio: 0.1
=====> Saving current model and best model
selecting samples for epoch 294
balance: False
ratio: 0.1
=====> Saving current model and best model
selecting samples for epoch 295
balance: False
ratio: 0.1
=====> Saving current model and best model
selecting samples for epoch 296
balance: False
ratio: 0.1
=====> Saving current model and best model
selecting samples for epoch 297
balance: False
ratio: 0.1
=====> Saving current model and best model
selecting samples for epoch 298
balance: False
ratio: 0.1
=====> Saving current model and best model
selecting samples for epoch 299
balance: False
ratio: 0.1
=====> Saving current model and best model
selecting samples for epoch 300
balance: False
ratio: 0.1
=====> Epoch: 300/300, Total_step: 14100, lr: 0.001000, Total Time: 6543.4898 s, Time this epoch: 17.1467 s
=====> Epoch: 300/300, Train Loss (train loader labels): 1.0549, Train acc (train loader labels): 0.4631, Best val acc: 0.5237, Current val acc: 0.4770, Val Loss: 1.0451
=====> Saving current model and best model
Saved helper snapshots to /home/mward19/Documents/miller/Online-Batch-Selection/snapshots/CIFAR3/{"bsel":"Uniform","seed":2,"model":"DeepLinear","opt":"adamw","bs":320,"ratio":0.1,"lr":0.001,"wd":0.01,"layers":5,"hidden_dim":1000}.p
Saved selected points array to /home/mward19/Documents/miller/Online-Batch-Selection/selected_points/CIFAR3/{"bsel":"Uniform","seed":2,"model":"DeepLinear","opt":"adamw","bs":320,"ratio":0.1,"lr":0.001,"wd":0.01,"layers":5,"hidden_dim":1000}.npy
========================= End Main =========================
