save_dir: ./exp/MNIST/Bayesian_deeplinear_bs320_ep300_lr0.001_AdamW_constant_seed3_r0.1_8_hidden
=====> Loading config files: 
configs/mnist/method/bayesian-0.1.yaml
configs/mnist/data/mnist.yaml
configs/mnist/model/deep_linear_saxe/deep_linear_8.yaml
configs/mnist/optim/adamw-320-0.001-0.01.yaml
configs/diagnostics/snapshots_log_interval.yaml
=====> Config files loaded.
========================= Start Main =========================
=====> Saving config file
=====> Config file saved
=====> Using fixed random seed: 3
=====> Wandb initialized
=====> Number of GPUs: 1
Creating Bayesian...
=====> Start teacher Validation
=====> teacher Test Accuracy: 0.3469
Cached teacher losses for 60000 samples in dataset.
Begin training for Bayesian...
=====> Epoch: 0/300, Total_step: 0, lr: 0.001000, Total Time: 0.0000 s, Time this epoch: 0.0000 s
=====> Epoch: 0/300, Train Loss (train loader labels): 2.3029, Train acc (train loader labels): 0.1141, Best val acc: 0.1343, Current val acc: 0.1343, Val Loss: 2.3036
balance: False
selecting samples for epoch 1, ratio 0.1
=====> Epoch: 1/300, Total_step: 1, lr: 0.001000, Total Time: 0.0000 s, Time this epoch: 0.0000 s
=====> Epoch: 1/300, Train Loss (train loader labels): 2.3098, Train acc (train loader labels): 0.1525, Best val acc: 0.1464, Current val acc: 0.1464, Val Loss: 2.3233
=====> Epoch: 1/300, Total_step: 48, lr: 0.001000, Total Time: 0.0000 s, Time this epoch: 0.0000 s
=====> Epoch: 1/300, Train Loss (train loader labels): 2.2360, Train acc (train loader labels): 0.2685, Best val acc: 0.3311, Current val acc: 0.3311, Val Loss: 2.2315
=====> Epoch: 1/300, Total_step: 95, lr: 0.001000, Total Time: 0.0000 s, Time this epoch: 0.0000 s
=====> Epoch: 1/300, Train Loss (train loader labels): 2.2478, Train acc (train loader labels): 0.1794, Best val acc: 0.3311, Current val acc: 0.1426, Val Loss: 2.2477
=====> Epoch: 1/300, Total_step: 142, lr: 0.001000, Total Time: 0.0000 s, Time this epoch: 0.0000 s
=====> Epoch: 1/300, Train Loss (train loader labels): 2.2464, Train acc (train loader labels): 0.2482, Best val acc: 0.3311, Current val acc: 0.2921, Val Loss: 2.2388
=====> Saving current model and best model
balance: False
selecting samples for epoch 2, ratio 0.1
=====> Epoch: 2/300, Total_step: 189, lr: 0.001000, Total Time: 320.5145 s, Time this epoch: 265.3560 s
=====> Epoch: 2/300, Train Loss (train loader labels): 2.2585, Train acc (train loader labels): 0.2819, Best val acc: 0.3311, Current val acc: 0.3286, Val Loss: 2.2516
=====> Epoch: 2/300, Total_step: 236, lr: 0.001000, Total Time: 320.5145 s, Time this epoch: 265.3560 s
=====> Epoch: 2/300, Train Loss (train loader labels): 2.2297, Train acc (train loader labels): 0.2559, Best val acc: 0.3311, Current val acc: 0.2224, Val Loss: 2.2289
=====> Epoch: 2/300, Total_step: 283, lr: 0.001000, Total Time: 320.5145 s, Time this epoch: 265.3560 s
=====> Epoch: 2/300, Train Loss (train loader labels): 2.2417, Train acc (train loader labels): 0.3025, Best val acc: 0.3960, Current val acc: 0.3960, Val Loss: 2.2392
=====> Epoch: 2/300, Total_step: 330, lr: 0.001000, Total Time: 320.5145 s, Time this epoch: 265.3560 s
=====> Epoch: 2/300, Train Loss (train loader labels): 2.2526, Train acc (train loader labels): 0.2762, Best val acc: 0.3960, Current val acc: 0.3540, Val Loss: 2.2494
=====> Saving current model and best model
balance: False
selecting samples for epoch 3, ratio 0.1
=====> Epoch: 3/300, Total_step: 377, lr: 0.001000, Total Time: 585.9432 s, Time this epoch: 264.9142 s
=====> Epoch: 3/300, Train Loss (train loader labels): 2.2406, Train acc (train loader labels): 0.2689, Best val acc: 0.3960, Current val acc: 0.2881, Val Loss: 2.2337
=====> Epoch: 3/300, Total_step: 424, lr: 0.001000, Total Time: 585.9432 s, Time this epoch: 264.9142 s
=====> Epoch: 3/300, Train Loss (train loader labels): 2.2501, Train acc (train loader labels): 0.2712, Best val acc: 0.3960, Current val acc: 0.3780, Val Loss: 2.2451
=====> Epoch: 3/300, Total_step: 471, lr: 0.001000, Total Time: 585.9432 s, Time this epoch: 264.9142 s
=====> Epoch: 3/300, Train Loss (train loader labels): 2.2504, Train acc (train loader labels): 0.2524, Best val acc: 0.3960, Current val acc: 0.2936, Val Loss: 2.2491
=====> Epoch: 3/300, Total_step: 518, lr: 0.001000, Total Time: 585.9432 s, Time this epoch: 264.9142 s
=====> Epoch: 3/300, Train Loss (train loader labels): 2.2452, Train acc (train loader labels): 0.2506, Best val acc: 0.3960, Current val acc: 0.2983, Val Loss: 2.2415
=====> Saving current model and best model
balance: False
selecting samples for epoch 4, ratio 0.1
=====> Epoch: 4/300, Total_step: 565, lr: 0.001000, Total Time: 853.6662 s, Time this epoch: 267.2314 s
=====> Epoch: 4/300, Train Loss (train loader labels): 2.2481, Train acc (train loader labels): 0.2355, Best val acc: 0.3960, Current val acc: 0.2668, Val Loss: 2.2424
=====> Epoch: 4/300, Total_step: 612, lr: 0.001000, Total Time: 853.6662 s, Time this epoch: 267.2314 s
=====> Epoch: 4/300, Train Loss (train loader labels): 2.2481, Train acc (train loader labels): 0.2383, Best val acc: 0.3960, Current val acc: 0.2893, Val Loss: 2.2445
=====> Epoch: 4/300, Total_step: 659, lr: 0.001000, Total Time: 853.6662 s, Time this epoch: 267.2314 s
=====> Epoch: 4/300, Train Loss (train loader labels): 2.2380, Train acc (train loader labels): 0.3168, Best val acc: 0.3960, Current val acc: 0.3861, Val Loss: 2.2358
=====> Epoch: 4/300, Total_step: 706, lr: 0.001000, Total Time: 853.6662 s, Time this epoch: 267.2314 s
=====> Epoch: 4/300, Train Loss (train loader labels): 2.2483, Train acc (train loader labels): 0.2671, Best val acc: 0.3960, Current val acc: 0.3505, Val Loss: 2.2415
=====> Saving current model and best model
balance: False
selecting samples for epoch 5, ratio 0.1
=====> Epoch: 5/300, Total_step: 753, lr: 0.001000, Total Time: 1120.0971 s, Time this epoch: 265.9573 s
=====> Epoch: 5/300, Train Loss (train loader labels): 2.2453, Train acc (train loader labels): 0.2733, Best val acc: 0.3960, Current val acc: 0.2931, Val Loss: 2.2405
=====> Epoch: 5/300, Total_step: 800, lr: 0.001000, Total Time: 1120.0971 s, Time this epoch: 265.9573 s
=====> Epoch: 5/300, Train Loss (train loader labels): 2.2703, Train acc (train loader labels): 0.2165, Best val acc: 0.3960, Current val acc: 0.2884, Val Loss: 2.2677
=====> Epoch: 5/300, Total_step: 847, lr: 0.001000, Total Time: 1120.0971 s, Time this epoch: 265.9573 s
=====> Epoch: 5/300, Train Loss (train loader labels): 2.2530, Train acc (train loader labels): 0.2001, Best val acc: 0.3960, Current val acc: 0.2433, Val Loss: 2.2483
=====> Epoch: 5/300, Total_step: 894, lr: 0.001000, Total Time: 1120.0971 s, Time this epoch: 265.9573 s
=====> Epoch: 5/300, Train Loss (train loader labels): 2.2463, Train acc (train loader labels): 0.2552, Best val acc: 0.3960, Current val acc: 0.3017, Val Loss: 2.2440
=====> Saving current model and best model
balance: False
selecting samples for epoch 6, ratio 0.1
=====> Epoch: 6/300, Total_step: 1128, lr: 0.001000, Total Time: 1385.4251 s, Time this epoch: 264.9369 s
=====> Epoch: 6/300, Train Loss (train loader labels): 2.2592, Train acc (train loader labels): 0.1967, Best val acc: 0.3960, Current val acc: 0.2495, Val Loss: 2.2554
=====> Saving current model and best model
balance: False
selecting samples for epoch 7, ratio 0.1
=====> Epoch: 7/300, Total_step: 1316, lr: 0.001000, Total Time: 1490.2620 s, Time this epoch: 104.4476 s
=====> Epoch: 7/300, Train Loss (train loader labels): 2.2391, Train acc (train loader labels): 0.2455, Best val acc: 0.3960, Current val acc: 0.3365, Val Loss: 2.2303
=====> Saving current model and best model
balance: False
selecting samples for epoch 8, ratio 0.1
=====> Epoch: 8/300, Total_step: 1504, lr: 0.001000, Total Time: 1595.1648 s, Time this epoch: 104.4422 s
=====> Epoch: 8/300, Train Loss (train loader labels): 2.2550, Train acc (train loader labels): 0.2317, Best val acc: 0.3960, Current val acc: 0.2948, Val Loss: 2.2537
=====> Saving current model and best model
balance: False
selecting samples for epoch 9, ratio 0.1
=====> Epoch: 9/300, Total_step: 1692, lr: 0.001000, Total Time: 1699.6182 s, Time this epoch: 104.0564 s
=====> Epoch: 9/300, Train Loss (train loader labels): 2.2668, Train acc (train loader labels): 0.1952, Best val acc: 0.3960, Current val acc: 0.2315, Val Loss: 2.2657
=====> Saving current model and best model
balance: False
selecting samples for epoch 10, ratio 0.1
=====> Epoch: 10/300, Total_step: 1880, lr: 0.001000, Total Time: 1803.6155 s, Time this epoch: 103.5848 s
=====> Epoch: 10/300, Train Loss (train loader labels): 2.2635, Train acc (train loader labels): 0.2035, Best val acc: 0.3960, Current val acc: 0.2419, Val Loss: 2.2603
=====> Saving current model and best model
balance: False
selecting samples for epoch 11, ratio 0.1
=====> Epoch: 11/300, Total_step: 2068, lr: 0.001000, Total Time: 1908.4767 s, Time this epoch: 104.5234 s
=====> Epoch: 11/300, Train Loss (train loader labels): 2.2496, Train acc (train loader labels): 0.2457, Best val acc: 0.3960, Current val acc: 0.2372, Val Loss: 2.2446
=====> Saving current model and best model
balance: False
selecting samples for epoch 12, ratio 0.1
=====> Epoch: 12/300, Total_step: 2256, lr: 0.001000, Total Time: 2013.7732 s, Time this epoch: 104.9791 s
=====> Epoch: 12/300, Train Loss (train loader labels): 2.2403, Train acc (train loader labels): 0.2767, Best val acc: 0.3960, Current val acc: 0.3295, Val Loss: 2.2330
=====> Saving current model and best model
balance: False
selecting samples for epoch 13, ratio 0.1
=====> Epoch: 13/300, Total_step: 2444, lr: 0.001000, Total Time: 2118.7103 s, Time this epoch: 104.5479 s
=====> Epoch: 13/300, Train Loss (train loader labels): 2.2430, Train acc (train loader labels): 0.2473, Best val acc: 0.3960, Current val acc: 0.3472, Val Loss: 2.2315
=====> Saving current model and best model
balance: False
selecting samples for epoch 14, ratio 0.1
=====> Epoch: 14/300, Total_step: 2632, lr: 0.001000, Total Time: 2223.5672 s, Time this epoch: 104.4765 s
=====> Epoch: 14/300, Train Loss (train loader labels): 2.2649, Train acc (train loader labels): 0.1940, Best val acc: 0.3960, Current val acc: 0.2532, Val Loss: 2.2611
=====> Saving current model and best model
balance: False
selecting samples for epoch 15, ratio 0.1
=====> Epoch: 15/300, Total_step: 2820, lr: 0.001000, Total Time: 2328.2210 s, Time this epoch: 104.2760 s
=====> Epoch: 15/300, Train Loss (train loader labels): 2.2396, Train acc (train loader labels): 0.2571, Best val acc: 0.3960, Current val acc: 0.2325, Val Loss: 2.2361
=====> Saving current model and best model
balance: False
selecting samples for epoch 16, ratio 0.1
=====> Epoch: 16/300, Total_step: 3008, lr: 0.001000, Total Time: 2433.1492 s, Time this epoch: 104.5025 s
=====> Epoch: 16/300, Train Loss (train loader labels): 2.2441, Train acc (train loader labels): 0.2520, Best val acc: 0.3960, Current val acc: 0.2713, Val Loss: 2.2376
=====> Saving current model and best model
balance: False
selecting samples for epoch 17, ratio 0.1
=====> Epoch: 17/300, Total_step: 3196, lr: 0.001000, Total Time: 2538.5604 s, Time this epoch: 105.0206 s
=====> Epoch: 17/300, Train Loss (train loader labels): 2.2323, Train acc (train loader labels): 0.2541, Best val acc: 0.3960, Current val acc: 0.3194, Val Loss: 2.2304
=====> Saving current model and best model
balance: False
selecting samples for epoch 18, ratio 0.1
[1;34mwandb[0m: 
[1;34mwandb[0m: You can sync this run to the cloud by running:
[1;34mwandb[0m: [1mwandb sync exp/MNIST/Bayesian_deeplinear_bs320_ep300_lr0.001_AdamW_constant_seed3_r0.1_8_hidden/wandb/offline-run-20260605_190126-z7vu3m8d[0m
