save_dir: ./exp/MNIST/DivBS_deeplinear_bs320_ep300_lr0.001_AdamW_constant_seed3_r0.1_3_hidden
=====> Loading config files: 
configs/mnist/method/divbs-0.1.yaml
configs/mnist/data/mnist.yaml
configs/mnist/model/deep_linear_saxe/deep_linear_3.yaml
configs/mnist/optim/adamw-320-0.001-0.01.yaml
configs/diagnostics/snapshots_log_interval.yaml
=====> Config files loaded.
========================= Start Main =========================
=====> Saving config file
=====> Config file saved
=====> Using fixed random seed: 3
=====> Wandb initialized
=====> Number of GPUs: 1
Creating DivBS...
Begin training for DivBS...
=====> Epoch: 0/300, Total_step: 0, lr: 0.001000, Total Time: 0.0000 s, Time this epoch: 0.0000 s
=====> Epoch: 0/300, Train Loss (train loader labels): 2.3035, Train acc (train loader labels): 0.1236, Best val acc: 0.1051, Current val acc: 0.1051, Val Loss: 2.2968
balance: False
selecting samples for epoch 1, ratio 0.1
=====> Epoch: 1/300, Total_step: 1, lr: 0.001000, Total Time: 0.0000 s, Time this epoch: 0.0000 s
=====> Epoch: 1/300, Train Loss (train loader labels): 2.9399, Train acc (train loader labels): 0.1425, Best val acc: 0.1236, Current val acc: 0.1236, Val Loss: 2.9258
=====> Epoch: 1/300, Total_step: 48, lr: 0.001000, Total Time: 0.0000 s, Time this epoch: 0.0000 s
=====> Epoch: 1/300, Train Loss (train loader labels): 1.7356, Train acc (train loader labels): 0.4111, Best val acc: 0.5156, Current val acc: 0.5156, Val Loss: 1.4729
=====> Epoch: 1/300, Total_step: 95, lr: 0.001000, Total Time: 0.0000 s, Time this epoch: 0.0000 s
=====> Epoch: 1/300, Train Loss (train loader labels): 1.7357, Train acc (train loader labels): 0.4334, Best val acc: 0.6089, Current val acc: 0.6089, Val Loss: 1.4264
=====> Epoch: 1/300, Total_step: 142, lr: 0.001000, Total Time: 0.0000 s, Time this epoch: 0.0000 s
=====> Epoch: 1/300, Train Loss (train loader labels): 1.7089, Train acc (train loader labels): 0.4161, Best val acc: 0.6089, Current val acc: 0.5012, Val Loss: 1.4597
=====> Saving current model and best model
balance: False
selecting samples for epoch 2, ratio 0.1
=====> Epoch: 2/300, Total_step: 189, lr: 0.001000, Total Time: 324.6892 s, Time this epoch: 269.4727 s
=====> Epoch: 2/300, Train Loss (train loader labels): 1.7359, Train acc (train loader labels): 0.4136, Best val acc: 0.6089, Current val acc: 0.5043, Val Loss: 1.5071
=====> Epoch: 2/300, Total_step: 236, lr: 0.001000, Total Time: 324.6892 s, Time this epoch: 269.4727 s
=====> Epoch: 2/300, Train Loss (train loader labels): 1.8067, Train acc (train loader labels): 0.3629, Best val acc: 0.6089, Current val acc: 0.4503, Val Loss: 1.5841
=====> Epoch: 2/300, Total_step: 283, lr: 0.001000, Total Time: 324.6892 s, Time this epoch: 269.4727 s
=====> Epoch: 2/300, Train Loss (train loader labels): 1.7059, Train acc (train loader labels): 0.4187, Best val acc: 0.6089, Current val acc: 0.4882, Val Loss: 1.4685
=====> Epoch: 2/300, Total_step: 330, lr: 0.001000, Total Time: 324.6892 s, Time this epoch: 269.4727 s
=====> Epoch: 2/300, Train Loss (train loader labels): 1.6920, Train acc (train loader labels): 0.4298, Best val acc: 0.6089, Current val acc: 0.5386, Val Loss: 1.4356
=====> Saving current model and best model
balance: False
selecting samples for epoch 3, ratio 0.1
=====> Epoch: 3/300, Total_step: 377, lr: 0.001000, Total Time: 594.6400 s, Time this epoch: 269.6607 s
=====> Epoch: 3/300, Train Loss (train loader labels): 1.6986, Train acc (train loader labels): 0.4370, Best val acc: 0.6089, Current val acc: 0.5564, Val Loss: 1.3905
=====> Epoch: 3/300, Total_step: 424, lr: 0.001000, Total Time: 594.6400 s, Time this epoch: 269.6607 s
=====> Epoch: 3/300, Train Loss (train loader labels): 1.7304, Train acc (train loader labels): 0.4351, Best val acc: 0.6089, Current val acc: 0.6003, Val Loss: 1.3938
=====> Epoch: 3/300, Total_step: 471, lr: 0.001000, Total Time: 594.6400 s, Time this epoch: 269.6607 s
=====> Epoch: 3/300, Train Loss (train loader labels): 1.6787, Train acc (train loader labels): 0.4601, Best val acc: 0.6593, Current val acc: 0.6593, Val Loss: 1.3200
=====> Epoch: 3/300, Total_step: 518, lr: 0.001000, Total Time: 594.6400 s, Time this epoch: 269.6607 s
=====> Epoch: 3/300, Train Loss (train loader labels): 1.7021, Train acc (train loader labels): 0.4290, Best val acc: 0.6593, Current val acc: 0.5512, Val Loss: 1.4457
=====> Saving current model and best model
balance: False
selecting samples for epoch 4, ratio 0.1
=====> Epoch: 4/300, Total_step: 565, lr: 0.001000, Total Time: 864.5291 s, Time this epoch: 269.6519 s
=====> Epoch: 4/300, Train Loss (train loader labels): 1.6643, Train acc (train loader labels): 0.4564, Best val acc: 0.6593, Current val acc: 0.5867, Val Loss: 1.3426
=====> Epoch: 4/300, Total_step: 612, lr: 0.001000, Total Time: 864.5291 s, Time this epoch: 269.6519 s
=====> Epoch: 4/300, Train Loss (train loader labels): 1.6634, Train acc (train loader labels): 0.4535, Best val acc: 0.6593, Current val acc: 0.5588, Val Loss: 1.4317
=====> Epoch: 4/300, Total_step: 659, lr: 0.001000, Total Time: 864.5291 s, Time this epoch: 269.6519 s
=====> Epoch: 4/300, Train Loss (train loader labels): 1.6614, Train acc (train loader labels): 0.4421, Best val acc: 0.6593, Current val acc: 0.5183, Val Loss: 1.4415
=====> Epoch: 4/300, Total_step: 706, lr: 0.001000, Total Time: 864.5291 s, Time this epoch: 269.6519 s
=====> Epoch: 4/300, Train Loss (train loader labels): 1.6665, Train acc (train loader labels): 0.4523, Best val acc: 0.6593, Current val acc: 0.5859, Val Loss: 1.3812
=====> Saving current model and best model
balance: False
selecting samples for epoch 5, ratio 0.1
=====> Epoch: 5/300, Total_step: 753, lr: 0.001000, Total Time: 1133.7627 s, Time this epoch: 269.0450 s
=====> Epoch: 5/300, Train Loss (train loader labels): 1.6602, Train acc (train loader labels): 0.4399, Best val acc: 0.6593, Current val acc: 0.5620, Val Loss: 1.3530
=====> Epoch: 5/300, Total_step: 800, lr: 0.001000, Total Time: 1133.7627 s, Time this epoch: 269.0450 s
=====> Epoch: 5/300, Train Loss (train loader labels): 1.7003, Train acc (train loader labels): 0.4100, Best val acc: 0.6593, Current val acc: 0.4969, Val Loss: 1.4193
=====> Epoch: 5/300, Total_step: 847, lr: 0.001000, Total Time: 1133.7627 s, Time this epoch: 269.0450 s
=====> Epoch: 5/300, Train Loss (train loader labels): 1.6656, Train acc (train loader labels): 0.4456, Best val acc: 0.6593, Current val acc: 0.6039, Val Loss: 1.2557
=====> Epoch: 5/300, Total_step: 894, lr: 0.001000, Total Time: 1133.7627 s, Time this epoch: 269.0450 s
=====> Epoch: 5/300, Train Loss (train loader labels): 1.6568, Train acc (train loader labels): 0.4609, Best val acc: 0.6593, Current val acc: 0.6351, Val Loss: 1.3489
=====> Saving current model and best model
balance: False
selecting samples for epoch 6, ratio 0.1
=====> Epoch: 6/300, Total_step: 1128, lr: 0.001000, Total Time: 1404.6465 s, Time this epoch: 270.6841 s
=====> Epoch: 6/300, Train Loss (train loader labels): 1.6548, Train acc (train loader labels): 0.4628, Best val acc: 0.6692, Current val acc: 0.6692, Val Loss: 1.3120
=====> Saving current model and best model
balance: False
selecting samples for epoch 7, ratio 0.1
=====> Epoch: 7/300, Total_step: 1316, lr: 0.001000, Total Time: 1509.9829 s, Time this epoch: 105.1883 s
=====> Epoch: 7/300, Train Loss (train loader labels): 1.6758, Train acc (train loader labels): 0.4338, Best val acc: 0.6692, Current val acc: 0.5696, Val Loss: 1.3717
=====> Saving current model and best model
balance: False
selecting samples for epoch 8, ratio 0.1
=====> Epoch: 8/300, Total_step: 1504, lr: 0.001000, Total Time: 1616.0925 s, Time this epoch: 105.8228 s
=====> Epoch: 8/300, Train Loss (train loader labels): 1.6291, Train acc (train loader labels): 0.4768, Best val acc: 0.6692, Current val acc: 0.6076, Val Loss: 1.3677
=====> Saving current model and best model
balance: False
selecting samples for epoch 9, ratio 0.1
=====> Epoch: 9/300, Total_step: 1692, lr: 0.001000, Total Time: 1721.3831 s, Time this epoch: 105.1225 s
=====> Epoch: 9/300, Train Loss (train loader labels): 1.6570, Train acc (train loader labels): 0.4370, Best val acc: 0.6692, Current val acc: 0.5875, Val Loss: 1.3036
=====> Saving current model and best model
balance: False
selecting samples for epoch 10, ratio 0.1
=====> Epoch: 10/300, Total_step: 1880, lr: 0.001000, Total Time: 1828.1556 s, Time this epoch: 106.6140 s
=====> Epoch: 10/300, Train Loss (train loader labels): 1.6198, Train acc (train loader labels): 0.4562, Best val acc: 0.6692, Current val acc: 0.5836, Val Loss: 1.3230
=====> Saving current model and best model
balance: False
selecting samples for epoch 11, ratio 0.1
=====> Epoch: 11/300, Total_step: 2068, lr: 0.001000, Total Time: 1934.0910 s, Time this epoch: 105.7800 s
=====> Epoch: 11/300, Train Loss (train loader labels): 1.6043, Train acc (train loader labels): 0.4722, Best val acc: 0.6692, Current val acc: 0.6042, Val Loss: 1.2845
=====> Saving current model and best model
balance: False
selecting samples for epoch 12, ratio 0.1
=====> Epoch: 12/300, Total_step: 2256, lr: 0.001000, Total Time: 2039.4550 s, Time this epoch: 105.1796 s
=====> Epoch: 12/300, Train Loss (train loader labels): 1.6218, Train acc (train loader labels): 0.4696, Best val acc: 0.6692, Current val acc: 0.6293, Val Loss: 1.2668
=====> Saving current model and best model
balance: False
selecting samples for epoch 13, ratio 0.1
=====> Epoch: 13/300, Total_step: 2444, lr: 0.001000, Total Time: 2145.5152 s, Time this epoch: 105.8990 s
=====> Epoch: 13/300, Train Loss (train loader labels): 1.5986, Train acc (train loader labels): 0.4753, Best val acc: 0.6692, Current val acc: 0.6051, Val Loss: 1.2789
=====> Saving current model and best model
balance: False
selecting samples for epoch 14, ratio 0.1
=====> Epoch: 14/300, Total_step: 2632, lr: 0.001000, Total Time: 2251.1924 s, Time this epoch: 105.4983 s
=====> Epoch: 14/300, Train Loss (train loader labels): 1.6028, Train acc (train loader labels): 0.4707, Best val acc: 0.6692, Current val acc: 0.5915, Val Loss: 1.3078
=====> Saving current model and best model
balance: False
selecting samples for epoch 15, ratio 0.1
=====> Epoch: 15/300, Total_step: 2820, lr: 0.001000, Total Time: 2357.0596 s, Time this epoch: 105.7170 s
=====> Epoch: 15/300, Train Loss (train loader labels): 1.6100, Train acc (train loader labels): 0.4743, Best val acc: 0.6692, Current val acc: 0.6543, Val Loss: 1.2538
=====> Saving current model and best model
balance: False
selecting samples for epoch 16, ratio 0.1
=====> Epoch: 16/300, Total_step: 3008, lr: 0.001000, Total Time: 2463.3230 s, Time this epoch: 106.1039 s
=====> Epoch: 16/300, Train Loss (train loader labels): 1.6173, Train acc (train loader labels): 0.4822, Best val acc: 0.6888, Current val acc: 0.6888, Val Loss: 1.2469
=====> Saving current model and best model
balance: False
selecting samples for epoch 17, ratio 0.1
=====> Epoch: 17/300, Total_step: 3196, lr: 0.001000, Total Time: 2569.2743 s, Time this epoch: 105.8188 s
=====> Epoch: 17/300, Train Loss (train loader labels): 1.6383, Train acc (train loader labels): 0.4573, Best val acc: 0.6888, Current val acc: 0.5546, Val Loss: 1.2959
=====> Saving current model and best model
balance: False
selecting samples for epoch 18, ratio 0.1
=====> Epoch: 18/300, Total_step: 3384, lr: 0.001000, Total Time: 2674.7891 s, Time this epoch: 105.2824 s
=====> Epoch: 18/300, Train Loss (train loader labels): 1.6199, Train acc (train loader labels): 0.4651, Best val acc: 0.6888, Current val acc: 0.5951, Val Loss: 1.3099
=====> Saving current model and best model
balance: False
selecting samples for epoch 19, ratio 0.1
=====> Epoch: 19/300, Total_step: 3572, lr: 0.001000, Total Time: 2780.5457 s, Time this epoch: 105.6174 s
=====> Epoch: 19/300, Train Loss (train loader labels): 1.6206, Train acc (train loader labels): 0.4930, Best val acc: 0.6888, Current val acc: 0.6489, Val Loss: 1.3015
=====> Saving current model and best model
balance: False
selecting samples for epoch 20, ratio 0.1
=====> Epoch: 20/300, Total_step: 3760, lr: 0.001000, Total Time: 2885.1980 s, Time this epoch: 104.4976 s
=====> Epoch: 20/300, Train Loss (train loader labels): 1.5930, Train acc (train loader labels): 0.4766, Best val acc: 0.6888, Current val acc: 0.6319, Val Loss: 1.2547
=====> Saving current model and best model
balance: False
selecting samples for epoch 21, ratio 0.1
=====> Epoch: 21/300, Total_step: 3948, lr: 0.001000, Total Time: 2991.0608 s, Time this epoch: 105.7232 s
=====> Epoch: 21/300, Train Loss (train loader labels): 1.5801, Train acc (train loader labels): 0.4966, Best val acc: 0.6888, Current val acc: 0.6641, Val Loss: 1.2073
=====> Saving current model and best model
balance: False
selecting samples for epoch 22, ratio 0.1
=====> Epoch: 22/300, Total_step: 4136, lr: 0.001000, Total Time: 3097.2552 s, Time this epoch: 106.0375 s
=====> Epoch: 22/300, Train Loss (train loader labels): 1.5737, Train acc (train loader labels): 0.4791, Best val acc: 0.6888, Current val acc: 0.5928, Val Loss: 1.2928
=====> Saving current model and best model
balance: False
selecting samples for epoch 23, ratio 0.1
=====> Epoch: 23/300, Total_step: 4324, lr: 0.001000, Total Time: 3203.0988 s, Time this epoch: 105.7069 s
=====> Epoch: 23/300, Train Loss (train loader labels): 1.5738, Train acc (train loader labels): 0.4937, Best val acc: 0.6888, Current val acc: 0.6201, Val Loss: 1.2764
=====> Saving current model and best model
balance: False
selecting samples for epoch 24, ratio 0.1
=====> Epoch: 24/300, Total_step: 4512, lr: 0.001000, Total Time: 3308.4530 s, Time this epoch: 105.2046 s
=====> Epoch: 24/300, Train Loss (train loader labels): 1.6156, Train acc (train loader labels): 0.4815, Best val acc: 0.6888, Current val acc: 0.6460, Val Loss: 1.2665
=====> Saving current model and best model
balance: False
selecting samples for epoch 25, ratio 0.1
=====> Epoch: 25/300, Total_step: 4700, lr: 0.001000, Total Time: 3413.0372 s, Time this epoch: 104.4216 s
=====> Epoch: 25/300, Train Loss (train loader labels): 1.5907, Train acc (train loader labels): 0.4859, Best val acc: 0.6888, Current val acc: 0.6584, Val Loss: 1.1796
=====> Saving current model and best model
balance: False
selecting samples for epoch 26, ratio 0.1
=====> Epoch: 26/300, Total_step: 4888, lr: 0.001000, Total Time: 3518.1644 s, Time this epoch: 104.9641 s
=====> Epoch: 26/300, Train Loss (train loader labels): 1.6480, Train acc (train loader labels): 0.4570, Best val acc: 0.6888, Current val acc: 0.5987, Val Loss: 1.3095
=====> Saving current model and best model
balance: False
selecting samples for epoch 27, ratio 0.1
=====> Saving current model and best model
balance: False
selecting samples for epoch 28, ratio 0.1
=====> Saving current model and best model
balance: False
selecting samples for epoch 29, ratio 0.1
=====> Epoch: 29/300, Total_step: 5452, lr: 0.001000, Total Time: 3724.5623 s, Time this epoch: 50.3522 s
=====> Epoch: 29/300, Train Loss (train loader labels): 1.5770, Train acc (train loader labels): 0.4821, Best val acc: 0.6888, Current val acc: 0.6242, Val Loss: 1.2656
=====> Saving current model and best model
balance: False
selecting samples for epoch 30, ratio 0.1
=====> Saving current model and best model
balance: False
selecting samples for epoch 31, ratio 0.1
=====> Saving current model and best model
balance: False
selecting samples for epoch 32, ratio 0.1
=====> Saving current model and best model
balance: False
selecting samples for epoch 33, ratio 0.1
=====> Epoch: 33/300, Total_step: 6204, lr: 0.001000, Total Time: 3981.3544 s, Time this epoch: 50.4334 s
=====> Epoch: 33/300, Train Loss (train loader labels): 1.5834, Train acc (train loader labels): 0.4900, Best val acc: 0.6888, Current val acc: 0.6367, Val Loss: 1.2585
=====> Saving current model and best model
balance: False
selecting samples for epoch 34, ratio 0.1
=====> Saving current model and best model
balance: False
selecting samples for epoch 35, ratio 0.1
=====> Saving current model and best model
balance: False
selecting samples for epoch 36, ratio 0.1
=====> Saving current model and best model
balance: False
selecting samples for epoch 37, ratio 0.1
=====> Epoch: 37/300, Total_step: 6956, lr: 0.001000, Total Time: 4237.5249 s, Time this epoch: 50.2889 s
=====> Epoch: 37/300, Train Loss (train loader labels): 1.5872, Train acc (train loader labels): 0.4927, Best val acc: 0.6888, Current val acc: 0.6462, Val Loss: 1.2432
=====> Saving current model and best model
balance: False
selecting samples for epoch 38, ratio 0.1
=====> Saving current model and best model
balance: False
selecting samples for epoch 39, ratio 0.1
=====> Saving current model and best model
balance: False
selecting samples for epoch 40, ratio 0.1
=====> Saving current model and best model
balance: False
selecting samples for epoch 41, ratio 0.1
=====> Epoch: 41/300, Total_step: 7708, lr: 0.001000, Total Time: 4494.9048 s, Time this epoch: 50.4415 s
=====> Epoch: 41/300, Train Loss (train loader labels): 1.5551, Train acc (train loader labels): 0.5022, Best val acc: 0.6888, Current val acc: 0.6425, Val Loss: 1.2470
=====> Saving current model and best model
balance: False
selecting samples for epoch 42, ratio 0.1
=====> Saving current model and best model
balance: False
selecting samples for epoch 43, ratio 0.1
=====> Saving current model and best model
balance: False
selecting samples for epoch 44, ratio 0.1
=====> Saving current model and best model
balance: False
selecting samples for epoch 45, ratio 0.1
=====> Epoch: 45/300, Total_step: 8460, lr: 0.001000, Total Time: 4752.9293 s, Time this epoch: 50.4675 s
=====> Epoch: 45/300, Train Loss (train loader labels): 1.5922, Train acc (train loader labels): 0.4943, Best val acc: 0.6888, Current val acc: 0.6129, Val Loss: 1.2899
=====> Saving current model and best model
balance: False
selecting samples for epoch 46, ratio 0.1
=====> Saving current model and best model
balance: False
selecting samples for epoch 47, ratio 0.1
=====> Saving current model and best model
balance: False
selecting samples for epoch 48, ratio 0.1
=====> Saving current model and best model
balance: False
selecting samples for epoch 49, ratio 0.1
=====> Epoch: 49/300, Total_step: 9212, lr: 0.001000, Total Time: 5008.7558 s, Time this epoch: 50.3777 s
=====> Epoch: 49/300, Train Loss (train loader labels): 1.5684, Train acc (train loader labels): 0.4959, Best val acc: 0.6888, Current val acc: 0.6783, Val Loss: 1.1686
=====> Saving current model and best model
balance: False
selecting samples for epoch 50, ratio 0.1
=====> Saving current model and best model
balance: False
selecting samples for epoch 51, ratio 0.1
=====> Saving current model and best model
balance: False
selecting samples for epoch 52, ratio 0.1
=====> Saving current model and best model
balance: False
selecting samples for epoch 53, ratio 0.1
=====> Epoch: 53/300, Total_step: 9964, lr: 0.001000, Total Time: 5266.0973 s, Time this epoch: 50.6454 s
=====> Epoch: 53/300, Train Loss (train loader labels): 1.5594, Train acc (train loader labels): 0.5044, Best val acc: 0.6888, Current val acc: 0.6684, Val Loss: 1.2147
=====> Saving current model and best model
balance: False
selecting samples for epoch 54, ratio 0.1
=====> Saving current model and best model
balance: False
selecting samples for epoch 55, ratio 0.1
=====> Saving current model and best model
balance: False
selecting samples for epoch 56, ratio 0.1
=====> Saving current model and best model
balance: False
selecting samples for epoch 57, ratio 0.1
=====> Epoch: 57/300, Total_step: 10716, lr: 0.001000, Total Time: 5524.0061 s, Time this epoch: 50.3034 s
=====> Epoch: 57/300, Train Loss (train loader labels): 1.6060, Train acc (train loader labels): 0.4762, Best val acc: 0.6888, Current val acc: 0.5547, Val Loss: 1.3248
=====> Saving current model and best model
balance: False
selecting samples for epoch 58, ratio 0.1
=====> Saving current model and best model
balance: False
selecting samples for epoch 59, ratio 0.1
=====> Saving current model and best model
balance: False
selecting samples for epoch 60, ratio 0.1
=====> Saving current model and best model
balance: False
selecting samples for epoch 61, ratio 0.1
=====> Epoch: 61/300, Total_step: 11468, lr: 0.001000, Total Time: 5780.8421 s, Time this epoch: 50.3238 s
=====> Epoch: 61/300, Train Loss (train loader labels): 1.5700, Train acc (train loader labels): 0.4794, Best val acc: 0.6888, Current val acc: 0.6193, Val Loss: 1.2347
=====> Saving current model and best model
balance: False
selecting samples for epoch 62, ratio 0.1
=====> Saving current model and best model
balance: False
selecting samples for epoch 63, ratio 0.1
=====> Saving current model and best model
balance: False
selecting samples for epoch 64, ratio 0.1
=====> Saving current model and best model
balance: False
selecting samples for epoch 65, ratio 0.1
=====> Epoch: 65/300, Total_step: 12220, lr: 0.001000, Total Time: 6037.8252 s, Time this epoch: 50.4562 s
=====> Epoch: 65/300, Train Loss (train loader labels): 1.5925, Train acc (train loader labels): 0.4886, Best val acc: 0.6888, Current val acc: 0.6441, Val Loss: 1.2667
=====> Saving current model and best model
balance: False
selecting samples for epoch 66, ratio 0.1
=====> Saving current model and best model
balance: False
selecting samples for epoch 67, ratio 0.1
=====> Saving current model and best model
balance: False
selecting samples for epoch 68, ratio 0.1
=====> Saving current model and best model
balance: False
selecting samples for epoch 69, ratio 0.1
=====> Saving current model and best model
balance: False
selecting samples for epoch 70, ratio 0.1
=====> Saving current model and best model
balance: False
selecting samples for epoch 71, ratio 0.1
=====> Saving current model and best model
balance: False
selecting samples for epoch 72, ratio 0.1
=====> Saving current model and best model
balance: False
selecting samples for epoch 73, ratio 0.1
=====> Saving current model and best model
balance: False
selecting samples for epoch 74, ratio 0.1
=====> Saving current model and best model
balance: False
selecting samples for epoch 75, ratio 0.1
=====> Saving current model and best model
balance: False
selecting samples for epoch 76, ratio 0.1
=====> Epoch: 76/300, Total_step: 14288, lr: 0.001000, Total Time: 6648.3936 s, Time this epoch: 50.3232 s
=====> Epoch: 76/300, Train Loss (train loader labels): 1.5611, Train acc (train loader labels): 0.4981, Best val acc: 0.6888, Current val acc: 0.6806, Val Loss: 1.2037
=====> Saving current model and best model
balance: False
selecting samples for epoch 77, ratio 0.1
=====> Saving current model and best model
balance: False
selecting samples for epoch 78, ratio 0.1
=====> Saving current model and best model
balance: False
selecting samples for epoch 79, ratio 0.1
=====> Saving current model and best model
balance: False
selecting samples for epoch 80, ratio 0.1
=====> Saving current model and best model
balance: False
selecting samples for epoch 81, ratio 0.1
=====> Saving current model and best model
balance: False
selecting samples for epoch 82, ratio 0.1
=====> Saving current model and best model
balance: False
selecting samples for epoch 83, ratio 0.1
=====> Saving current model and best model
balance: False
selecting samples for epoch 84, ratio 0.1
=====> Saving current model and best model
balance: False
selecting samples for epoch 85, ratio 0.1
=====> Saving current model and best model
balance: False
selecting samples for epoch 86, ratio 0.1
=====> Saving current model and best model
balance: False
selecting samples for epoch 87, ratio 0.1
=====> Saving current model and best model
balance: False
selecting samples for epoch 88, ratio 0.1
=====> Saving current model and best model
balance: False
selecting samples for epoch 89, ratio 0.1
=====> Saving current model and best model
balance: False
selecting samples for epoch 90, ratio 0.1
=====> Saving current model and best model
balance: False
selecting samples for epoch 91, ratio 0.1
=====> Epoch: 91/300, Total_step: 17108, lr: 0.001000, Total Time: 7459.5155 s, Time this epoch: 50.3877 s
=====> Epoch: 91/300, Train Loss (train loader labels): 1.6101, Train acc (train loader labels): 0.4659, Best val acc: 0.6888, Current val acc: 0.6094, Val Loss: 1.2580
=====> Saving current model and best model
balance: False
selecting samples for epoch 92, ratio 0.1
=====> Saving current model and best model
balance: False
selecting samples for epoch 93, ratio 0.1
=====> Saving current model and best model
balance: False
selecting samples for epoch 94, ratio 0.1
=====> Saving current model and best model
balance: False
selecting samples for epoch 95, ratio 0.1
=====> Saving current model and best model
balance: False
selecting samples for epoch 96, ratio 0.1
=====> Saving current model and best model
balance: False
selecting samples for epoch 97, ratio 0.1
=====> Saving current model and best model
balance: False
selecting samples for epoch 98, ratio 0.1
=====> Saving current model and best model
balance: False
selecting samples for epoch 99, ratio 0.1
=====> Saving current model and best model
balance: False
selecting samples for epoch 100, ratio 0.1
=====> Saving current model and best model
balance: False
selecting samples for epoch 101, ratio 0.1
=====> Saving current model and best model
balance: False
selecting samples for epoch 102, ratio 0.1
=====> Saving current model and best model
balance: False
selecting samples for epoch 103, ratio 0.1
=====> Saving current model and best model
balance: False
selecting samples for epoch 104, ratio 0.1
=====> Saving current model and best model
balance: False
selecting samples for epoch 105, ratio 0.1
=====> Saving current model and best model
balance: False
selecting samples for epoch 106, ratio 0.1
=====> Epoch: 106/300, Total_step: 19928, lr: 0.001000, Total Time: 8271.1178 s, Time this epoch: 50.5344 s
=====> Epoch: 106/300, Train Loss (train loader labels): 1.5658, Train acc (train loader labels): 0.5005, Best val acc: 0.6888, Current val acc: 0.6430, Val Loss: 1.2336
=====> Saving current model and best model
balance: False
selecting samples for epoch 107, ratio 0.1
=====> Saving current model and best model
balance: False
selecting samples for epoch 108, ratio 0.1
=====> Saving current model and best model
balance: False
selecting samples for epoch 109, ratio 0.1
=====> Saving current model and best model
balance: False
selecting samples for epoch 110, ratio 0.1
=====> Saving current model and best model
balance: False
selecting samples for epoch 111, ratio 0.1
=====> Saving current model and best model
balance: False
selecting samples for epoch 112, ratio 0.1
=====> Saving current model and best model
balance: False
selecting samples for epoch 113, ratio 0.1
=====> Saving current model and best model
balance: False
selecting samples for epoch 114, ratio 0.1
=====> Saving current model and best model
balance: False
selecting samples for epoch 115, ratio 0.1
=====> Saving current model and best model
balance: False
selecting samples for epoch 116, ratio 0.1
=====> Saving current model and best model
balance: False
selecting samples for epoch 117, ratio 0.1
=====> Saving current model and best model
balance: False
selecting samples for epoch 118, ratio 0.1
=====> Saving current model and best model
balance: False
selecting samples for epoch 119, ratio 0.1
=====> Saving current model and best model
balance: False
selecting samples for epoch 120, ratio 0.1
=====> Saving current model and best model
balance: False
selecting samples for epoch 121, ratio 0.1
=====> Epoch: 121/300, Total_step: 22748, lr: 0.001000, Total Time: 9080.5931 s, Time this epoch: 49.6011 s
=====> Epoch: 121/300, Train Loss (train loader labels): 1.5640, Train acc (train loader labels): 0.4965, Best val acc: 0.6888, Current val acc: 0.6363, Val Loss: 1.2625
=====> Saving current model and best model
balance: False
selecting samples for epoch 122, ratio 0.1
=====> Saving current model and best model
balance: False
selecting samples for epoch 123, ratio 0.1
=====> Saving current model and best model
balance: False
selecting samples for epoch 124, ratio 0.1
=====> Saving current model and best model
balance: False
selecting samples for epoch 125, ratio 0.1
=====> Saving current model and best model
balance: False
selecting samples for epoch 126, ratio 0.1
=====> Saving current model and best model
balance: False
selecting samples for epoch 127, ratio 0.1
=====> Saving current model and best model
balance: False
selecting samples for epoch 128, ratio 0.1
=====> Saving current model and best model
balance: False
selecting samples for epoch 129, ratio 0.1
=====> Saving current model and best model
balance: False
selecting samples for epoch 130, ratio 0.1
=====> Saving current model and best model
balance: False
selecting samples for epoch 131, ratio 0.1
=====> Saving current model and best model
balance: False
selecting samples for epoch 132, ratio 0.1
=====> Saving current model and best model
balance: False
selecting samples for epoch 133, ratio 0.1
=====> Saving current model and best model
balance: False
selecting samples for epoch 134, ratio 0.1
=====> Saving current model and best model
balance: False
selecting samples for epoch 135, ratio 0.1
=====> Saving current model and best model
balance: False
selecting samples for epoch 136, ratio 0.1
=====> Epoch: 136/300, Total_step: 25568, lr: 0.001000, Total Time: 9893.0155 s, Time this epoch: 50.3628 s
=====> Epoch: 136/300, Train Loss (train loader labels): 1.5425, Train acc (train loader labels): 0.4972, Best val acc: 0.6888, Current val acc: 0.6219, Val Loss: 1.2356
=====> Saving current model and best model
balance: False
selecting samples for epoch 137, ratio 0.1
=====> Saving current model and best model
balance: False
selecting samples for epoch 138, ratio 0.1
=====> Saving current model and best model
balance: False
selecting samples for epoch 139, ratio 0.1
=====> Saving current model and best model
balance: False
selecting samples for epoch 140, ratio 0.1
=====> Saving current model and best model
balance: False
selecting samples for epoch 141, ratio 0.1
=====> Saving current model and best model
balance: False
selecting samples for epoch 142, ratio 0.1
=====> Saving current model and best model
balance: False
selecting samples for epoch 143, ratio 0.1
=====> Saving current model and best model
balance: False
selecting samples for epoch 144, ratio 0.1
=====> Saving current model and best model
balance: False
selecting samples for epoch 145, ratio 0.1
=====> Saving current model and best model
balance: False
selecting samples for epoch 146, ratio 0.1
=====> Saving current model and best model
balance: False
selecting samples for epoch 147, ratio 0.1
=====> Saving current model and best model
balance: False
selecting samples for epoch 148, ratio 0.1
=====> Saving current model and best model
balance: False
selecting samples for epoch 149, ratio 0.1
=====> Saving current model and best model
balance: False
selecting samples for epoch 150, ratio 0.1
=====> Saving current model and best model
balance: False
selecting samples for epoch 151, ratio 0.1
=====> Epoch: 151/300, Total_step: 28388, lr: 0.001000, Total Time: 10705.6472 s, Time this epoch: 50.3911 s
=====> Epoch: 151/300, Train Loss (train loader labels): 1.5398, Train acc (train loader labels): 0.5082, Best val acc: 0.6888, Current val acc: 0.6771, Val Loss: 1.1897
=====> Saving current model and best model
balance: False
selecting samples for epoch 152, ratio 0.1
=====> Saving current model and best model
balance: False
selecting samples for epoch 153, ratio 0.1
=====> Saving current model and best model
balance: False
selecting samples for epoch 154, ratio 0.1
=====> Saving current model and best model
balance: False
selecting samples for epoch 155, ratio 0.1
=====> Saving current model and best model
balance: False
selecting samples for epoch 156, ratio 0.1
=====> Saving current model and best model
balance: False
selecting samples for epoch 157, ratio 0.1
=====> Saving current model and best model
balance: False
selecting samples for epoch 158, ratio 0.1
=====> Saving current model and best model
balance: False
selecting samples for epoch 159, ratio 0.1
=====> Saving current model and best model
balance: False
selecting samples for epoch 160, ratio 0.1
=====> Saving current model and best model
balance: False
selecting samples for epoch 161, ratio 0.1
=====> Saving current model and best model
balance: False
selecting samples for epoch 162, ratio 0.1
=====> Saving current model and best model
balance: False
selecting samples for epoch 163, ratio 0.1
=====> Saving current model and best model
balance: False
selecting samples for epoch 164, ratio 0.1
=====> Saving current model and best model
balance: False
selecting samples for epoch 165, ratio 0.1
=====> Saving current model and best model
balance: False
selecting samples for epoch 166, ratio 0.1
=====> Epoch: 166/300, Total_step: 31208, lr: 0.001000, Total Time: 11520.1864 s, Time this epoch: 50.3575 s
=====> Epoch: 166/300, Train Loss (train loader labels): 1.5414, Train acc (train loader labels): 0.5037, Best val acc: 0.6888, Current val acc: 0.6410, Val Loss: 1.2499
=====> Saving current model and best model
balance: False
selecting samples for epoch 167, ratio 0.1
=====> Saving current model and best model
balance: False
selecting samples for epoch 168, ratio 0.1
=====> Saving current model and best model
balance: False
selecting samples for epoch 169, ratio 0.1
=====> Saving current model and best model
balance: False
selecting samples for epoch 170, ratio 0.1
=====> Saving current model and best model
balance: False
selecting samples for epoch 171, ratio 0.1
=====> Saving current model and best model
balance: False
selecting samples for epoch 172, ratio 0.1
=====> Saving current model and best model
balance: False
selecting samples for epoch 173, ratio 0.1
=====> Saving current model and best model
balance: False
selecting samples for epoch 174, ratio 0.1
=====> Saving current model and best model
balance: False
selecting samples for epoch 175, ratio 0.1
=====> Saving current model and best model
balance: False
selecting samples for epoch 176, ratio 0.1
=====> Saving current model and best model
balance: False
selecting samples for epoch 177, ratio 0.1
=====> Saving current model and best model
balance: False
selecting samples for epoch 178, ratio 0.1
=====> Saving current model and best model
balance: False
selecting samples for epoch 179, ratio 0.1
=====> Saving current model and best model
balance: False
selecting samples for epoch 180, ratio 0.1
=====> Saving current model and best model
balance: False
selecting samples for epoch 181, ratio 0.1
=====> Epoch: 181/300, Total_step: 34028, lr: 0.001000, Total Time: 12333.4942 s, Time this epoch: 50.3120 s
=====> Epoch: 181/300, Train Loss (train loader labels): 1.5490, Train acc (train loader labels): 0.5047, Best val acc: 0.6888, Current val acc: 0.6332, Val Loss: 1.2281
=====> Saving current model and best model
balance: False
selecting samples for epoch 182, ratio 0.1
=====> Saving current model and best model
balance: False
selecting samples for epoch 183, ratio 0.1
=====> Saving current model and best model
balance: False
selecting samples for epoch 184, ratio 0.1
=====> Saving current model and best model
balance: False
selecting samples for epoch 185, ratio 0.1
=====> Saving current model and best model
balance: False
selecting samples for epoch 186, ratio 0.1
=====> Saving current model and best model
balance: False
selecting samples for epoch 187, ratio 0.1
=====> Saving current model and best model
balance: False
selecting samples for epoch 188, ratio 0.1
=====> Saving current model and best model
balance: False
selecting samples for epoch 189, ratio 0.1
=====> Saving current model and best model
balance: False
selecting samples for epoch 190, ratio 0.1
=====> Saving current model and best model
balance: False
selecting samples for epoch 191, ratio 0.1
=====> Saving current model and best model
balance: False
selecting samples for epoch 192, ratio 0.1
=====> Saving current model and best model
balance: False
selecting samples for epoch 193, ratio 0.1
=====> Saving current model and best model
balance: False
selecting samples for epoch 194, ratio 0.1
=====> Saving current model and best model
balance: False
selecting samples for epoch 195, ratio 0.1
=====> Saving current model and best model
balance: False
selecting samples for epoch 196, ratio 0.1
=====> Epoch: 196/300, Total_step: 36848, lr: 0.001000, Total Time: 13143.2932 s, Time this epoch: 50.5598 s
=====> Epoch: 196/300, Train Loss (train loader labels): 1.5769, Train acc (train loader labels): 0.4897, Best val acc: 0.6888, Current val acc: 0.6049, Val Loss: 1.3063
=====> Saving current model and best model
balance: False
selecting samples for epoch 197, ratio 0.1
=====> Saving current model and best model
balance: False
selecting samples for epoch 198, ratio 0.1
=====> Saving current model and best model
balance: False
selecting samples for epoch 199, ratio 0.1
=====> Saving current model and best model
balance: False
selecting samples for epoch 200, ratio 0.1
=====> Saving current model and best model
balance: False
selecting samples for epoch 201, ratio 0.1
=====> Saving current model and best model
balance: False
selecting samples for epoch 202, ratio 0.1
=====> Saving current model and best model
balance: False
selecting samples for epoch 203, ratio 0.1
=====> Saving current model and best model
balance: False
selecting samples for epoch 204, ratio 0.1
=====> Saving current model and best model
balance: False
selecting samples for epoch 205, ratio 0.1
=====> Saving current model and best model
balance: False
selecting samples for epoch 206, ratio 0.1
=====> Saving current model and best model
balance: False
selecting samples for epoch 207, ratio 0.1
=====> Saving current model and best model
balance: False
selecting samples for epoch 208, ratio 0.1
=====> Saving current model and best model
balance: False
selecting samples for epoch 209, ratio 0.1
=====> Saving current model and best model
balance: False
selecting samples for epoch 210, ratio 0.1
=====> Saving current model and best model
balance: False
selecting samples for epoch 211, ratio 0.1
=====> Epoch: 211/300, Total_step: 39668, lr: 0.001000, Total Time: 13957.0830 s, Time this epoch: 50.6657 s
=====> Epoch: 211/300, Train Loss (train loader labels): 1.5652, Train acc (train loader labels): 0.4873, Best val acc: 0.6888, Current val acc: 0.6002, Val Loss: 1.2951
=====> Saving current model and best model
balance: False
selecting samples for epoch 212, ratio 0.1
=====> Saving current model and best model
balance: False
selecting samples for epoch 213, ratio 0.1
=====> Saving current model and best model
balance: False
selecting samples for epoch 214, ratio 0.1
=====> Saving current model and best model
balance: False
selecting samples for epoch 215, ratio 0.1
=====> Saving current model and best model
balance: False
selecting samples for epoch 216, ratio 0.1
=====> Saving current model and best model
balance: False
selecting samples for epoch 217, ratio 0.1
=====> Saving current model and best model
balance: False
selecting samples for epoch 218, ratio 0.1
=====> Saving current model and best model
balance: False
selecting samples for epoch 219, ratio 0.1
=====> Saving current model and best model
balance: False
selecting samples for epoch 220, ratio 0.1
=====> Saving current model and best model
balance: False
selecting samples for epoch 221, ratio 0.1
=====> Saving current model and best model
balance: False
selecting samples for epoch 222, ratio 0.1
=====> Saving current model and best model
balance: False
selecting samples for epoch 223, ratio 0.1
=====> Saving current model and best model
balance: False
selecting samples for epoch 224, ratio 0.1
=====> Saving current model and best model
balance: False
selecting samples for epoch 225, ratio 0.1
=====> Saving current model and best model
balance: False
selecting samples for epoch 226, ratio 0.1
=====> Epoch: 226/300, Total_step: 42488, lr: 0.001000, Total Time: 14771.3873 s, Time this epoch: 50.5104 s
=====> Epoch: 226/300, Train Loss (train loader labels): 1.5558, Train acc (train loader labels): 0.5040, Best val acc: 0.6888, Current val acc: 0.6395, Val Loss: 1.2387
=====> Saving current model and best model
balance: False
selecting samples for epoch 227, ratio 0.1
=====> Saving current model and best model
balance: False
selecting samples for epoch 228, ratio 0.1
=====> Saving current model and best model
balance: False
selecting samples for epoch 229, ratio 0.1
=====> Saving current model and best model
balance: False
selecting samples for epoch 230, ratio 0.1
=====> Saving current model and best model
balance: False
selecting samples for epoch 231, ratio 0.1
=====> Saving current model and best model
balance: False
selecting samples for epoch 232, ratio 0.1
=====> Saving current model and best model
balance: False
selecting samples for epoch 233, ratio 0.1
=====> Saving current model and best model
balance: False
selecting samples for epoch 234, ratio 0.1
=====> Saving current model and best model
balance: False
selecting samples for epoch 235, ratio 0.1
=====> Saving current model and best model
balance: False
selecting samples for epoch 236, ratio 0.1
=====> Saving current model and best model
balance: False
selecting samples for epoch 237, ratio 0.1
=====> Saving current model and best model
balance: False
selecting samples for epoch 238, ratio 0.1
=====> Saving current model and best model
balance: False
selecting samples for epoch 239, ratio 0.1
=====> Saving current model and best model
balance: False
selecting samples for epoch 240, ratio 0.1
=====> Saving current model and best model
balance: False
selecting samples for epoch 241, ratio 0.1
=====> Epoch: 241/300, Total_step: 45308, lr: 0.001000, Total Time: 15583.8616 s, Time this epoch: 50.4709 s
=====> Epoch: 241/300, Train Loss (train loader labels): 1.5610, Train acc (train loader labels): 0.5055, Best val acc: 0.6888, Current val acc: 0.6632, Val Loss: 1.2309
=====> Saving current model and best model
balance: False
selecting samples for epoch 242, ratio 0.1
=====> Saving current model and best model
balance: False
selecting samples for epoch 243, ratio 0.1
=====> Saving current model and best model
balance: False
selecting samples for epoch 244, ratio 0.1
=====> Saving current model and best model
balance: False
selecting samples for epoch 245, ratio 0.1
=====> Saving current model and best model
balance: False
selecting samples for epoch 246, ratio 0.1
=====> Saving current model and best model
balance: False
selecting samples for epoch 247, ratio 0.1
=====> Saving current model and best model
balance: False
selecting samples for epoch 248, ratio 0.1
=====> Saving current model and best model
balance: False
selecting samples for epoch 249, ratio 0.1
=====> Saving current model and best model
balance: False
selecting samples for epoch 250, ratio 0.1
=====> Saving current model and best model
balance: False
selecting samples for epoch 251, ratio 0.1
=====> Saving current model and best model
balance: False
selecting samples for epoch 252, ratio 0.1
=====> Saving current model and best model
balance: False
selecting samples for epoch 253, ratio 0.1
=====> Saving current model and best model
balance: False
selecting samples for epoch 254, ratio 0.1
=====> Saving current model and best model
balance: False
selecting samples for epoch 255, ratio 0.1
=====> Saving current model and best model
balance: False
selecting samples for epoch 256, ratio 0.1
=====> Epoch: 256/300, Total_step: 48128, lr: 0.001000, Total Time: 16395.4089 s, Time this epoch: 50.5661 s
=====> Epoch: 256/300, Train Loss (train loader labels): 1.5450, Train acc (train loader labels): 0.5027, Best val acc: 0.6888, Current val acc: 0.6424, Val Loss: 1.1945
=====> Saving current model and best model
balance: False
selecting samples for epoch 257, ratio 0.1
=====> Saving current model and best model
balance: False
selecting samples for epoch 258, ratio 0.1
=====> Saving current model and best model
balance: False
selecting samples for epoch 259, ratio 0.1
=====> Saving current model and best model
balance: False
selecting samples for epoch 260, ratio 0.1
=====> Saving current model and best model
balance: False
selecting samples for epoch 261, ratio 0.1
=====> Saving current model and best model
balance: False
selecting samples for epoch 262, ratio 0.1
=====> Saving current model and best model
balance: False
selecting samples for epoch 263, ratio 0.1
=====> Saving current model and best model
balance: False
selecting samples for epoch 264, ratio 0.1
=====> Saving current model and best model
balance: False
selecting samples for epoch 265, ratio 0.1
=====> Saving current model and best model
balance: False
selecting samples for epoch 266, ratio 0.1
=====> Saving current model and best model
balance: False
selecting samples for epoch 267, ratio 0.1
=====> Saving current model and best model
balance: False
selecting samples for epoch 268, ratio 0.1
=====> Saving current model and best model
balance: False
selecting samples for epoch 269, ratio 0.1
=====> Saving current model and best model
balance: False
selecting samples for epoch 270, ratio 0.1
=====> Saving current model and best model
balance: False
selecting samples for epoch 271, ratio 0.1
=====> Epoch: 271/300, Total_step: 50948, lr: 0.001000, Total Time: 17207.0415 s, Time this epoch: 50.1783 s
=====> Epoch: 271/300, Train Loss (train loader labels): 1.6261, Train acc (train loader labels): 0.4648, Best val acc: 0.6888, Current val acc: 0.6277, Val Loss: 1.2596
=====> Saving current model and best model
balance: False
selecting samples for epoch 272, ratio 0.1
=====> Saving current model and best model
balance: False
selecting samples for epoch 273, ratio 0.1
=====> Saving current model and best model
balance: False
selecting samples for epoch 274, ratio 0.1
=====> Saving current model and best model
balance: False
selecting samples for epoch 275, ratio 0.1
=====> Saving current model and best model
balance: False
selecting samples for epoch 276, ratio 0.1
=====> Saving current model and best model
balance: False
selecting samples for epoch 277, ratio 0.1
=====> Saving current model and best model
balance: False
selecting samples for epoch 278, ratio 0.1
=====> Saving current model and best model
balance: False
selecting samples for epoch 279, ratio 0.1
=====> Saving current model and best model
balance: False
selecting samples for epoch 280, ratio 0.1
=====> Saving current model and best model
balance: False
selecting samples for epoch 281, ratio 0.1
=====> Saving current model and best model
balance: False
selecting samples for epoch 282, ratio 0.1
=====> Saving current model and best model
balance: False
selecting samples for epoch 283, ratio 0.1
=====> Saving current model and best model
balance: False
selecting samples for epoch 284, ratio 0.1
=====> Saving current model and best model
balance: False
selecting samples for epoch 285, ratio 0.1
=====> Saving current model and best model
balance: False
selecting samples for epoch 286, ratio 0.1
=====> Epoch: 286/300, Total_step: 53768, lr: 0.001000, Total Time: 18017.9886 s, Time this epoch: 50.4277 s
=====> Epoch: 286/300, Train Loss (train loader labels): 1.5428, Train acc (train loader labels): 0.4994, Best val acc: 0.6888, Current val acc: 0.6399, Val Loss: 1.1974
=====> Saving current model and best model
balance: False
selecting samples for epoch 287, ratio 0.1
=====> Saving current model and best model
balance: False
selecting samples for epoch 288, ratio 0.1
=====> Saving current model and best model
balance: False
selecting samples for epoch 289, ratio 0.1
=====> Saving current model and best model
balance: False
selecting samples for epoch 290, ratio 0.1
=====> Saving current model and best model
balance: False
selecting samples for epoch 291, ratio 0.1
=====> Saving current model and best model
balance: False
selecting samples for epoch 292, ratio 0.1
=====> Saving current model and best model
balance: False
selecting samples for epoch 293, ratio 0.1
=====> Saving current model and best model
balance: False
selecting samples for epoch 294, ratio 0.1
=====> Saving current model and best model
balance: False
selecting samples for epoch 295, ratio 0.1
=====> Saving current model and best model
balance: False
selecting samples for epoch 296, ratio 0.1
=====> Saving current model and best model
balance: False
selecting samples for epoch 297, ratio 0.1
=====> Saving current model and best model
balance: False
selecting samples for epoch 298, ratio 0.1
=====> Saving current model and best model
balance: False
selecting samples for epoch 299, ratio 0.1
=====> Saving current model and best model
balance: False
selecting samples for epoch 300, ratio 0.1
=====> Epoch: 300/300, Total_step: 56400, lr: 0.001000, Total Time: 18780.5159 s, Time this epoch: 50.2569 s
=====> Epoch: 300/300, Train Loss (train loader labels): 1.5590, Train acc (train loader labels): 0.4986, Best val acc: 0.6888, Current val acc: 0.6361, Val Loss: 1.2354
=====> Saving current model and best model
Saved helper snapshots to /home/mward19/Documents/miller/Online-Batch-Selection/snapshots/MNIST/{"bsel":"DivBS","seed":3,"model":"DeepLinear","opt":"adamw","bs":320,"ratio":0.1,"lr":0.001,"wd":0.01,"layers":3,"hidden_dim":1000}.p
Saved selected points array to /home/mward19/Documents/miller/Online-Batch-Selection/selected_points/MNIST/{"bsel":"DivBS","seed":3,"model":"DeepLinear","opt":"adamw","bs":320,"ratio":0.1,"lr":0.001,"wd":0.01,"layers":3,"hidden_dim":1000}.npy
========================= End Main =========================
