save_dir: ./exp/CIFAR3/Bayesian_deeplinear_bs320_ep300_lr0.001_AdamW_constant_seed3_r0.1_3_hidden
=====> Loading config files: 
configs/cifar3/method/bayesian-0.1.yaml
configs/cifar3/data/cifar3.yaml
configs/cifar3/model/deep_linear_saxe/deep_linear_3.yaml
configs/cifar3/optim/adamw-320-0.001-0.01.yaml
configs/diagnostics/snapshots_log_interval.yaml
=====> Config files loaded.
========================= Start Main =========================
=====> Saving config file
=====> Config file saved
=====> Using fixed random seed: 3
=====> Wandb initialized
=====> Number of GPUs: 1
Creating Bayesian...
=====> Start teacher Validation
=====> teacher Test Accuracy: 0.7280
Cached teacher losses for 15000 samples in dataset.
Begin training for Bayesian...
=====> Epoch: 0/300, Total_step: 0, lr: 0.001000, Total Time: 0.0000 s, Time this epoch: 0.0000 s
=====> Epoch: 0/300, Train Loss (train loader labels): 1.1006, Train acc (train loader labels): 0.3331, Best val acc: 0.3177, Current val acc: 0.3177, Val Loss: 1.1010
balance: False
selecting samples for epoch 1, ratio 0.1
=====> Epoch: 1/300, Total_step: 1, lr: 0.001000, Total Time: 0.0000 s, Time this epoch: 0.0000 s
=====> Epoch: 1/300, Train Loss (train loader labels): 3.3192, Train acc (train loader labels): 0.3441, Best val acc: 0.3510, Current val acc: 0.3510, Val Loss: 3.2235
=====> Epoch: 1/300, Total_step: 12, lr: 0.001000, Total Time: 0.0000 s, Time this epoch: 0.0000 s
=====> Epoch: 1/300, Train Loss (train loader labels): 1.4798, Train acc (train loader labels): 0.3702, Best val acc: 0.3567, Current val acc: 0.3567, Val Loss: 1.5160
=====> Epoch: 1/300, Total_step: 23, lr: 0.001000, Total Time: 0.0000 s, Time this epoch: 0.0000 s
=====> Epoch: 1/300, Train Loss (train loader labels): 1.2193, Train acc (train loader labels): 0.3745, Best val acc: 0.3587, Current val acc: 0.3587, Val Loss: 1.2279
=====> Epoch: 1/300, Total_step: 34, lr: 0.001000, Total Time: 0.0000 s, Time this epoch: 0.0000 s
=====> Epoch: 1/300, Train Loss (train loader labels): 1.1307, Train acc (train loader labels): 0.3558, Best val acc: 0.3587, Current val acc: 0.3463, Val Loss: 1.1309
=====> Epoch: 1/300, Total_step: 45, lr: 0.001000, Total Time: 0.0000 s, Time this epoch: 0.0000 s
=====> Epoch: 1/300, Train Loss (train loader labels): 1.1046, Train acc (train loader labels): 0.3776, Best val acc: 0.3783, Current val acc: 0.3783, Val Loss: 1.1030
=====> Saving current model and best model
balance: False
selecting samples for epoch 2, ratio 0.1
=====> Epoch: 2/300, Total_step: 48, lr: 0.001000, Total Time: 123.4555 s, Time this epoch: 105.2727 s
=====> Epoch: 2/300, Train Loss (train loader labels): 1.0743, Train acc (train loader labels): 0.4390, Best val acc: 0.4577, Current val acc: 0.4577, Val Loss: 1.0715
=====> Epoch: 2/300, Total_step: 59, lr: 0.001000, Total Time: 123.4555 s, Time this epoch: 105.2727 s
=====> Epoch: 2/300, Train Loss (train loader labels): 1.0797, Train acc (train loader labels): 0.4131, Best val acc: 0.4577, Current val acc: 0.4083, Val Loss: 1.0780
=====> Epoch: 2/300, Total_step: 70, lr: 0.001000, Total Time: 123.4555 s, Time this epoch: 105.2727 s
=====> Epoch: 2/300, Train Loss (train loader labels): 1.0813, Train acc (train loader labels): 0.3883, Best val acc: 0.4577, Current val acc: 0.3843, Val Loss: 1.0804
=====> Epoch: 2/300, Total_step: 81, lr: 0.001000, Total Time: 123.4555 s, Time this epoch: 105.2727 s
=====> Epoch: 2/300, Train Loss (train loader labels): 1.0782, Train acc (train loader labels): 0.4220, Best val acc: 0.4577, Current val acc: 0.4263, Val Loss: 1.0758
=====> Epoch: 2/300, Total_step: 92, lr: 0.001000, Total Time: 123.4555 s, Time this epoch: 105.2727 s
=====> Epoch: 2/300, Train Loss (train loader labels): 1.0844, Train acc (train loader labels): 0.3760, Best val acc: 0.4577, Current val acc: 0.3793, Val Loss: 1.0834
=====> Saving current model and best model
balance: False
selecting samples for epoch 3, ratio 0.1
=====> Epoch: 3/300, Total_step: 95, lr: 0.001000, Total Time: 227.8913 s, Time this epoch: 104.1054 s
=====> Epoch: 3/300, Train Loss (train loader labels): 1.0868, Train acc (train loader labels): 0.3613, Best val acc: 0.4577, Current val acc: 0.3590, Val Loss: 1.0864
=====> Epoch: 3/300, Total_step: 106, lr: 0.001000, Total Time: 227.8913 s, Time this epoch: 104.1054 s
=====> Epoch: 3/300, Train Loss (train loader labels): 1.0796, Train acc (train loader labels): 0.3937, Best val acc: 0.4577, Current val acc: 0.4013, Val Loss: 1.0772
=====> Epoch: 3/300, Total_step: 117, lr: 0.001000, Total Time: 227.8913 s, Time this epoch: 104.1054 s
=====> Epoch: 3/300, Train Loss (train loader labels): 1.0788, Train acc (train loader labels): 0.3925, Best val acc: 0.4577, Current val acc: 0.4060, Val Loss: 1.0761
=====> Epoch: 3/300, Total_step: 128, lr: 0.001000, Total Time: 227.8913 s, Time this epoch: 104.1054 s
=====> Epoch: 3/300, Train Loss (train loader labels): 1.0786, Train acc (train loader labels): 0.4110, Best val acc: 0.4577, Current val acc: 0.4177, Val Loss: 1.0769
=====> Epoch: 3/300, Total_step: 139, lr: 0.001000, Total Time: 227.8913 s, Time this epoch: 104.1054 s
=====> Epoch: 3/300, Train Loss (train loader labels): 1.0832, Train acc (train loader labels): 0.3759, Best val acc: 0.4577, Current val acc: 0.3777, Val Loss: 1.0826
=====> Saving current model and best model
balance: False
selecting samples for epoch 4, ratio 0.1
=====> Epoch: 4/300, Total_step: 142, lr: 0.001000, Total Time: 335.0433 s, Time this epoch: 106.9437 s
=====> Epoch: 4/300, Train Loss (train loader labels): 1.0854, Train acc (train loader labels): 0.3754, Best val acc: 0.4577, Current val acc: 0.3770, Val Loss: 1.0851
=====> Epoch: 4/300, Total_step: 153, lr: 0.001000, Total Time: 335.0433 s, Time this epoch: 106.9437 s
=====> Epoch: 4/300, Train Loss (train loader labels): 1.0809, Train acc (train loader labels): 0.4031, Best val acc: 0.4577, Current val acc: 0.4003, Val Loss: 1.0801
=====> Epoch: 4/300, Total_step: 164, lr: 0.001000, Total Time: 335.0433 s, Time this epoch: 106.9437 s
=====> Epoch: 4/300, Train Loss (train loader labels): 1.0808, Train acc (train loader labels): 0.4045, Best val acc: 0.4577, Current val acc: 0.4020, Val Loss: 1.0797
=====> Epoch: 4/300, Total_step: 175, lr: 0.001000, Total Time: 335.0433 s, Time this epoch: 106.9437 s
=====> Epoch: 4/300, Train Loss (train loader labels): 1.0787, Train acc (train loader labels): 0.4079, Best val acc: 0.4577, Current val acc: 0.4140, Val Loss: 1.0759
=====> Epoch: 4/300, Total_step: 186, lr: 0.001000, Total Time: 335.0433 s, Time this epoch: 106.9437 s
=====> Epoch: 4/300, Train Loss (train loader labels): 1.0765, Train acc (train loader labels): 0.4210, Best val acc: 0.4577, Current val acc: 0.4243, Val Loss: 1.0754
=====> Saving current model and best model
balance: False
selecting samples for epoch 5, ratio 0.1
=====> Epoch: 5/300, Total_step: 189, lr: 0.001000, Total Time: 441.3863 s, Time this epoch: 106.1516 s
=====> Epoch: 5/300, Train Loss (train loader labels): 1.0777, Train acc (train loader labels): 0.4149, Best val acc: 0.4577, Current val acc: 0.4250, Val Loss: 1.0760
=====> Epoch: 5/300, Total_step: 200, lr: 0.001000, Total Time: 441.3863 s, Time this epoch: 106.1516 s
=====> Epoch: 5/300, Train Loss (train loader labels): 1.0826, Train acc (train loader labels): 0.3765, Best val acc: 0.4577, Current val acc: 0.3820, Val Loss: 1.0814
=====> Epoch: 5/300, Total_step: 211, lr: 0.001000, Total Time: 441.3863 s, Time this epoch: 106.1516 s
=====> Epoch: 5/300, Train Loss (train loader labels): 1.0778, Train acc (train loader labels): 0.4204, Best val acc: 0.4577, Current val acc: 0.4193, Val Loss: 1.0782
=====> Epoch: 5/300, Total_step: 222, lr: 0.001000, Total Time: 441.3863 s, Time this epoch: 106.1516 s
=====> Epoch: 5/300, Train Loss (train loader labels): 1.0759, Train acc (train loader labels): 0.4355, Best val acc: 0.4577, Current val acc: 0.4330, Val Loss: 1.0753
=====> Epoch: 5/300, Total_step: 233, lr: 0.001000, Total Time: 441.3863 s, Time this epoch: 106.1516 s
=====> Epoch: 5/300, Train Loss (train loader labels): 1.0816, Train acc (train loader labels): 0.3978, Best val acc: 0.4577, Current val acc: 0.3943, Val Loss: 1.0814
=====> Saving current model and best model
balance: False
selecting samples for epoch 6, ratio 0.1
=====> Epoch: 6/300, Total_step: 282, lr: 0.001000, Total Time: 547.8460 s, Time this epoch: 106.2711 s
=====> Epoch: 6/300, Train Loss (train loader labels): 1.0802, Train acc (train loader labels): 0.4016, Best val acc: 0.4577, Current val acc: 0.3993, Val Loss: 1.0791
=====> Saving current model and best model
balance: False
selecting samples for epoch 7, ratio 0.1
=====> Epoch: 7/300, Total_step: 329, lr: 0.001000, Total Time: 582.7586 s, Time this epoch: 34.7177 s
=====> Epoch: 7/300, Train Loss (train loader labels): 1.0749, Train acc (train loader labels): 0.4143, Best val acc: 0.4577, Current val acc: 0.4090, Val Loss: 1.0739
=====> Saving current model and best model
balance: False
selecting samples for epoch 8, ratio 0.1
=====> Epoch: 8/300, Total_step: 376, lr: 0.001000, Total Time: 618.0907 s, Time this epoch: 35.1049 s
=====> Epoch: 8/300, Train Loss (train loader labels): 1.0755, Train acc (train loader labels): 0.4269, Best val acc: 0.4577, Current val acc: 0.4310, Val Loss: 1.0736
=====> Saving current model and best model
balance: False
selecting samples for epoch 9, ratio 0.1
=====> Epoch: 9/300, Total_step: 423, lr: 0.001000, Total Time: 653.1529 s, Time this epoch: 34.8636 s
=====> Epoch: 9/300, Train Loss (train loader labels): 1.0760, Train acc (train loader labels): 0.4190, Best val acc: 0.4577, Current val acc: 0.4267, Val Loss: 1.0737
=====> Saving current model and best model
balance: False
selecting samples for epoch 10, ratio 0.1
=====> Epoch: 10/300, Total_step: 470, lr: 0.001000, Total Time: 688.2912 s, Time this epoch: 34.9162 s
=====> Epoch: 10/300, Train Loss (train loader labels): 1.0804, Train acc (train loader labels): 0.3943, Best val acc: 0.4577, Current val acc: 0.3973, Val Loss: 1.0796
=====> Saving current model and best model
balance: False
selecting samples for epoch 11, ratio 0.1
=====> Epoch: 11/300, Total_step: 517, lr: 0.001000, Total Time: 723.4073 s, Time this epoch: 34.9162 s
=====> Epoch: 11/300, Train Loss (train loader labels): 1.0778, Train acc (train loader labels): 0.4151, Best val acc: 0.4577, Current val acc: 0.4300, Val Loss: 1.0755
=====> Saving current model and best model
balance: False
selecting samples for epoch 12, ratio 0.1
=====> Epoch: 12/300, Total_step: 564, lr: 0.001000, Total Time: 758.5441 s, Time this epoch: 34.9061 s
=====> Epoch: 12/300, Train Loss (train loader labels): 1.0755, Train acc (train loader labels): 0.4259, Best val acc: 0.4577, Current val acc: 0.4343, Val Loss: 1.0734
=====> Saving current model and best model
balance: False
selecting samples for epoch 13, ratio 0.1
=====> Epoch: 13/300, Total_step: 611, lr: 0.001000, Total Time: 794.3479 s, Time this epoch: 35.5781 s
=====> Epoch: 13/300, Train Loss (train loader labels): 1.0710, Train acc (train loader labels): 0.4448, Best val acc: 0.4577, Current val acc: 0.4550, Val Loss: 1.0685
=====> Saving current model and best model
balance: False
selecting samples for epoch 14, ratio 0.1
=====> Epoch: 14/300, Total_step: 658, lr: 0.001000, Total Time: 829.2622 s, Time this epoch: 34.7104 s
=====> Epoch: 14/300, Train Loss (train loader labels): 1.0834, Train acc (train loader labels): 0.3857, Best val acc: 0.4577, Current val acc: 0.3930, Val Loss: 1.0819
=====> Saving current model and best model
balance: False
selecting samples for epoch 15, ratio 0.1
=====> Epoch: 15/300, Total_step: 705, lr: 0.001000, Total Time: 864.3389 s, Time this epoch: 34.8069 s
=====> Epoch: 15/300, Train Loss (train loader labels): 1.0741, Train acc (train loader labels): 0.4227, Best val acc: 0.4577, Current val acc: 0.4297, Val Loss: 1.0715
=====> Saving current model and best model
balance: False
selecting samples for epoch 16, ratio 0.1
=====> Epoch: 16/300, Total_step: 752, lr: 0.001000, Total Time: 899.2902 s, Time this epoch: 34.7275 s
=====> Epoch: 16/300, Train Loss (train loader labels): 1.0795, Train acc (train loader labels): 0.4107, Best val acc: 0.4577, Current val acc: 0.4100, Val Loss: 1.0781
=====> Saving current model and best model
balance: False
selecting samples for epoch 17, ratio 0.1
=====> Epoch: 17/300, Total_step: 799, lr: 0.001000, Total Time: 934.6511 s, Time this epoch: 35.1703 s
=====> Epoch: 17/300, Train Loss (train loader labels): 1.0751, Train acc (train loader labels): 0.4156, Best val acc: 0.4577, Current val acc: 0.4173, Val Loss: 1.0739
=====> Saving current model and best model
balance: False
selecting samples for epoch 18, ratio 0.1
=====> Epoch: 18/300, Total_step: 846, lr: 0.001000, Total Time: 970.0518 s, Time this epoch: 35.1773 s
=====> Epoch: 18/300, Train Loss (train loader labels): 1.0776, Train acc (train loader labels): 0.4048, Best val acc: 0.4577, Current val acc: 0.4193, Val Loss: 1.0750
=====> Saving current model and best model
balance: False
selecting samples for epoch 19, ratio 0.1
=====> Epoch: 19/300, Total_step: 893, lr: 0.001000, Total Time: 1005.5767 s, Time this epoch: 35.3278 s
=====> Epoch: 19/300, Train Loss (train loader labels): 1.0704, Train acc (train loader labels): 0.4435, Best val acc: 0.4577, Current val acc: 0.4480, Val Loss: 1.0682
=====> Saving current model and best model
balance: False
selecting samples for epoch 20, ratio 0.1
=====> Epoch: 20/300, Total_step: 940, lr: 0.001000, Total Time: 1040.7745 s, Time this epoch: 34.9689 s
=====> Epoch: 20/300, Train Loss (train loader labels): 1.0735, Train acc (train loader labels): 0.4281, Best val acc: 0.4577, Current val acc: 0.4257, Val Loss: 1.0722
=====> Saving current model and best model
balance: False
selecting samples for epoch 21, ratio 0.1
=====> Epoch: 21/300, Total_step: 987, lr: 0.001000, Total Time: 1076.0103 s, Time this epoch: 35.0542 s
=====> Epoch: 21/300, Train Loss (train loader labels): 1.0823, Train acc (train loader labels): 0.3831, Best val acc: 0.4577, Current val acc: 0.3833, Val Loss: 1.0814
=====> Saving current model and best model
balance: False
selecting samples for epoch 22, ratio 0.1
=====> Epoch: 22/300, Total_step: 1034, lr: 0.001000, Total Time: 1111.2421 s, Time this epoch: 35.0045 s
=====> Epoch: 22/300, Train Loss (train loader labels): 1.0756, Train acc (train loader labels): 0.4159, Best val acc: 0.4577, Current val acc: 0.4190, Val Loss: 1.0732
=====> Saving current model and best model
balance: False
selecting samples for epoch 23, ratio 0.1
=====> Epoch: 23/300, Total_step: 1081, lr: 0.001000, Total Time: 1146.3858 s, Time this epoch: 34.9488 s
=====> Epoch: 23/300, Train Loss (train loader labels): 1.0745, Train acc (train loader labels): 0.4328, Best val acc: 0.4577, Current val acc: 0.4423, Val Loss: 1.0727
=====> Saving current model and best model
balance: False
selecting samples for epoch 24, ratio 0.1
=====> Epoch: 24/300, Total_step: 1128, lr: 0.001000, Total Time: 1181.4256 s, Time this epoch: 34.8273 s
=====> Epoch: 24/300, Train Loss (train loader labels): 1.0755, Train acc (train loader labels): 0.4309, Best val acc: 0.4577, Current val acc: 0.4390, Val Loss: 1.0735
=====> Saving current model and best model
balance: False
selecting samples for epoch 25, ratio 0.1
=====> Epoch: 25/300, Total_step: 1175, lr: 0.001000, Total Time: 1217.8343 s, Time this epoch: 36.1404 s
=====> Epoch: 25/300, Train Loss (train loader labels): 1.0714, Train acc (train loader labels): 0.4395, Best val acc: 0.4577, Current val acc: 0.4517, Val Loss: 1.0683
=====> Saving current model and best model
balance: False
selecting samples for epoch 26, ratio 0.1
=====> Epoch: 26/300, Total_step: 1222, lr: 0.001000, Total Time: 1253.2310 s, Time this epoch: 35.1554 s
=====> Epoch: 26/300, Train Loss (train loader labels): 1.0687, Train acc (train loader labels): 0.4453, Best val acc: 0.4577, Current val acc: 0.4450, Val Loss: 1.0660
=====> Saving current model and best model
balance: False
selecting samples for epoch 27, ratio 0.1
=====> Saving current model and best model
balance: False
selecting samples for epoch 28, ratio 0.1
=====> Saving current model and best model
balance: False
selecting samples for epoch 29, ratio 0.1
=====> Epoch: 29/300, Total_step: 1363, lr: 0.001000, Total Time: 1323.2422 s, Time this epoch: 17.4380 s
=====> Epoch: 29/300, Train Loss (train loader labels): 1.0758, Train acc (train loader labels): 0.4095, Best val acc: 0.4577, Current val acc: 0.4200, Val Loss: 1.0725
=====> Saving current model and best model
balance: False
selecting samples for epoch 30, ratio 0.1
=====> Saving current model and best model
balance: False
selecting samples for epoch 31, ratio 0.1
=====> Saving current model and best model
balance: False
selecting samples for epoch 32, ratio 0.1
=====> Saving current model and best model
balance: False
selecting samples for epoch 33, ratio 0.1
=====> Epoch: 33/300, Total_step: 1551, lr: 0.001000, Total Time: 1409.1996 s, Time this epoch: 16.7680 s
=====> Epoch: 33/300, Train Loss (train loader labels): 1.0795, Train acc (train loader labels): 0.3926, Best val acc: 0.4577, Current val acc: 0.4070, Val Loss: 1.0773
=====> Saving current model and best model
balance: False
selecting samples for epoch 34, ratio 0.1
=====> Saving current model and best model
balance: False
selecting samples for epoch 35, ratio 0.1
=====> Saving current model and best model
balance: False
selecting samples for epoch 36, ratio 0.1
=====> Saving current model and best model
balance: False
selecting samples for epoch 37, ratio 0.1
=====> Epoch: 37/300, Total_step: 1739, lr: 0.001000, Total Time: 1494.9637 s, Time this epoch: 16.7095 s
=====> Epoch: 37/300, Train Loss (train loader labels): 1.0791, Train acc (train loader labels): 0.4091, Best val acc: 0.4577, Current val acc: 0.4250, Val Loss: 1.0759
=====> Saving current model and best model
balance: False
selecting samples for epoch 38, ratio 0.1
=====> Saving current model and best model
balance: False
selecting samples for epoch 39, ratio 0.1
=====> Saving current model and best model
balance: False
selecting samples for epoch 40, ratio 0.1
=====> Saving current model and best model
balance: False
selecting samples for epoch 41, ratio 0.1
=====> Epoch: 41/300, Total_step: 1927, lr: 0.001000, Total Time: 1581.3189 s, Time this epoch: 16.6741 s
=====> Epoch: 41/300, Train Loss (train loader labels): 1.0708, Train acc (train loader labels): 0.4380, Best val acc: 0.4577, Current val acc: 0.4493, Val Loss: 1.0662
=====> Saving current model and best model
balance: False
selecting samples for epoch 42, ratio 0.1
=====> Saving current model and best model
balance: False
selecting samples for epoch 43, ratio 0.1
=====> Saving current model and best model
balance: False
selecting samples for epoch 44, ratio 0.1
=====> Saving current model and best model
balance: False
selecting samples for epoch 45, ratio 0.1
=====> Epoch: 45/300, Total_step: 2115, lr: 0.001000, Total Time: 1668.4822 s, Time this epoch: 16.6650 s
=====> Epoch: 45/300, Train Loss (train loader labels): 1.0736, Train acc (train loader labels): 0.4269, Best val acc: 0.4577, Current val acc: 0.4423, Val Loss: 1.0706
=====> Saving current model and best model
balance: False
selecting samples for epoch 46, ratio 0.1
=====> Saving current model and best model
balance: False
selecting samples for epoch 47, ratio 0.1
=====> Saving current model and best model
balance: False
selecting samples for epoch 48, ratio 0.1
=====> Saving current model and best model
balance: False
selecting samples for epoch 49, ratio 0.1
=====> Epoch: 49/300, Total_step: 2303, lr: 0.001000, Total Time: 1754.3117 s, Time this epoch: 16.7314 s
=====> Epoch: 49/300, Train Loss (train loader labels): 1.0796, Train acc (train loader labels): 0.3957, Best val acc: 0.4577, Current val acc: 0.4033, Val Loss: 1.0777
=====> Saving current model and best model
balance: False
selecting samples for epoch 50, ratio 0.1
=====> Saving current model and best model
balance: False
selecting samples for epoch 51, ratio 0.1
=====> Saving current model and best model
balance: False
selecting samples for epoch 52, ratio 0.1
=====> Saving current model and best model
balance: False
selecting samples for epoch 53, ratio 0.1
=====> Epoch: 53/300, Total_step: 2491, lr: 0.001000, Total Time: 1840.1399 s, Time this epoch: 16.6626 s
=====> Epoch: 53/300, Train Loss (train loader labels): 1.0743, Train acc (train loader labels): 0.4134, Best val acc: 0.4577, Current val acc: 0.4247, Val Loss: 1.0717
=====> Saving current model and best model
balance: False
selecting samples for epoch 54, ratio 0.1
=====> Saving current model and best model
balance: False
selecting samples for epoch 55, ratio 0.1
=====> Saving current model and best model
balance: False
selecting samples for epoch 56, ratio 0.1
=====> Saving current model and best model
balance: False
selecting samples for epoch 57, ratio 0.1
=====> Epoch: 57/300, Total_step: 2679, lr: 0.001000, Total Time: 1925.9349 s, Time this epoch: 16.7049 s
=====> Epoch: 57/300, Train Loss (train loader labels): 1.0731, Train acc (train loader labels): 0.4165, Best val acc: 0.4577, Current val acc: 0.4253, Val Loss: 1.0720
=====> Saving current model and best model
balance: False
selecting samples for epoch 58, ratio 0.1
=====> Saving current model and best model
balance: False
selecting samples for epoch 59, ratio 0.1
=====> Saving current model and best model
balance: False
selecting samples for epoch 60, ratio 0.1
=====> Saving current model and best model
balance: False
selecting samples for epoch 61, ratio 0.1
=====> Epoch: 61/300, Total_step: 2867, lr: 0.001000, Total Time: 2011.8205 s, Time this epoch: 16.6803 s
=====> Epoch: 61/300, Train Loss (train loader labels): 1.0776, Train acc (train loader labels): 0.4042, Best val acc: 0.4577, Current val acc: 0.4137, Val Loss: 1.0762
=====> Saving current model and best model
balance: False
selecting samples for epoch 62, ratio 0.1
=====> Saving current model and best model
balance: False
selecting samples for epoch 63, ratio 0.1
=====> Saving current model and best model
balance: False
selecting samples for epoch 64, ratio 0.1
=====> Saving current model and best model
balance: False
selecting samples for epoch 65, ratio 0.1
=====> Epoch: 65/300, Total_step: 3055, lr: 0.001000, Total Time: 2097.7453 s, Time this epoch: 16.7423 s
=====> Epoch: 65/300, Train Loss (train loader labels): 1.0707, Train acc (train loader labels): 0.4346, Best val acc: 0.4577, Current val acc: 0.4367, Val Loss: 1.0692
=====> Saving current model and best model
balance: False
selecting samples for epoch 66, ratio 0.1
=====> Saving current model and best model
balance: False
selecting samples for epoch 67, ratio 0.1
=====> Saving current model and best model
balance: False
selecting samples for epoch 68, ratio 0.1
=====> Saving current model and best model
balance: False
selecting samples for epoch 69, ratio 0.1
=====> Saving current model and best model
balance: False
selecting samples for epoch 70, ratio 0.1
=====> Saving current model and best model
balance: False
selecting samples for epoch 71, ratio 0.1
=====> Saving current model and best model
balance: False
selecting samples for epoch 72, ratio 0.1
=====> Saving current model and best model
balance: False
selecting samples for epoch 73, ratio 0.1
=====> Saving current model and best model
balance: False
selecting samples for epoch 74, ratio 0.1
=====> Saving current model and best model
balance: False
selecting samples for epoch 75, ratio 0.1
=====> Saving current model and best model
balance: False
selecting samples for epoch 76, ratio 0.1
=====> Epoch: 76/300, Total_step: 3572, lr: 0.001000, Total Time: 2302.1383 s, Time this epoch: 16.6991 s
=====> Epoch: 76/300, Train Loss (train loader labels): 1.0705, Train acc (train loader labels): 0.4265, Best val acc: 0.4577, Current val acc: 0.4287, Val Loss: 1.0686
=====> Saving current model and best model
balance: False
selecting samples for epoch 77, ratio 0.1
=====> Saving current model and best model
balance: False
selecting samples for epoch 78, ratio 0.1
=====> Saving current model and best model
balance: False
selecting samples for epoch 79, ratio 0.1
=====> Saving current model and best model
balance: False
selecting samples for epoch 80, ratio 0.1
=====> Saving current model and best model
balance: False
selecting samples for epoch 81, ratio 0.1
=====> Saving current model and best model
balance: False
selecting samples for epoch 82, ratio 0.1
=====> Saving current model and best model
balance: False
selecting samples for epoch 83, ratio 0.1
=====> Saving current model and best model
balance: False
selecting samples for epoch 84, ratio 0.1
=====> Saving current model and best model
balance: False
selecting samples for epoch 85, ratio 0.1
=====> Saving current model and best model
balance: False
selecting samples for epoch 86, ratio 0.1
=====> Saving current model and best model
balance: False
selecting samples for epoch 87, ratio 0.1
=====> Saving current model and best model
balance: False
selecting samples for epoch 88, ratio 0.1
=====> Saving current model and best model
balance: False
selecting samples for epoch 89, ratio 0.1
=====> Saving current model and best model
balance: False
selecting samples for epoch 90, ratio 0.1
=====> Saving current model and best model
balance: False
selecting samples for epoch 91, ratio 0.1
=====> Epoch: 91/300, Total_step: 4277, lr: 0.001000, Total Time: 2574.7862 s, Time this epoch: 16.6552 s
=====> Epoch: 91/300, Train Loss (train loader labels): 1.0651, Train acc (train loader labels): 0.4455, Best val acc: 0.4597, Current val acc: 0.4597, Val Loss: 1.0590
=====> Saving current model and best model
balance: False
selecting samples for epoch 92, ratio 0.1
=====> Saving current model and best model
balance: False
selecting samples for epoch 93, ratio 0.1
=====> Saving current model and best model
balance: False
selecting samples for epoch 94, ratio 0.1
=====> Saving current model and best model
balance: False
selecting samples for epoch 95, ratio 0.1
=====> Saving current model and best model
balance: False
selecting samples for epoch 96, ratio 0.1
=====> Saving current model and best model
balance: False
selecting samples for epoch 97, ratio 0.1
=====> Saving current model and best model
balance: False
selecting samples for epoch 98, ratio 0.1
=====> Saving current model and best model
balance: False
selecting samples for epoch 99, ratio 0.1
=====> Saving current model and best model
balance: False
selecting samples for epoch 100, ratio 0.1
=====> Saving current model and best model
balance: False
selecting samples for epoch 101, ratio 0.1
=====> Saving current model and best model
balance: False
selecting samples for epoch 102, ratio 0.1
=====> Saving current model and best model
balance: False
selecting samples for epoch 103, ratio 0.1
=====> Saving current model and best model
balance: False
selecting samples for epoch 104, ratio 0.1
=====> Saving current model and best model
balance: False
selecting samples for epoch 105, ratio 0.1
=====> Saving current model and best model
balance: False
selecting samples for epoch 106, ratio 0.1
=====> Epoch: 106/300, Total_step: 4982, lr: 0.001000, Total Time: 2847.3571 s, Time this epoch: 16.7611 s
=====> Epoch: 106/300, Train Loss (train loader labels): 1.0728, Train acc (train loader labels): 0.4265, Best val acc: 0.4597, Current val acc: 0.4300, Val Loss: 1.0707
=====> Saving current model and best model
balance: False
selecting samples for epoch 107, ratio 0.1
=====> Saving current model and best model
balance: False
selecting samples for epoch 108, ratio 0.1
=====> Saving current model and best model
balance: False
selecting samples for epoch 109, ratio 0.1
=====> Saving current model and best model
balance: False
selecting samples for epoch 110, ratio 0.1
=====> Saving current model and best model
balance: False
selecting samples for epoch 111, ratio 0.1
=====> Saving current model and best model
balance: False
selecting samples for epoch 112, ratio 0.1
=====> Saving current model and best model
balance: False
selecting samples for epoch 113, ratio 0.1
=====> Saving current model and best model
balance: False
selecting samples for epoch 114, ratio 0.1
=====> Saving current model and best model
balance: False
selecting samples for epoch 115, ratio 0.1
=====> Saving current model and best model
balance: False
selecting samples for epoch 116, ratio 0.1
=====> Saving current model and best model
balance: False
selecting samples for epoch 117, ratio 0.1
=====> Saving current model and best model
balance: False
selecting samples for epoch 118, ratio 0.1
=====> Saving current model and best model
balance: False
selecting samples for epoch 119, ratio 0.1
=====> Saving current model and best model
balance: False
selecting samples for epoch 120, ratio 0.1
=====> Saving current model and best model
balance: False
selecting samples for epoch 121, ratio 0.1
=====> Epoch: 121/300, Total_step: 5687, lr: 0.001000, Total Time: 3120.1370 s, Time this epoch: 16.7113 s
=====> Epoch: 121/300, Train Loss (train loader labels): 1.0682, Train acc (train loader labels): 0.4379, Best val acc: 0.4597, Current val acc: 0.4437, Val Loss: 1.0653
=====> Saving current model and best model
balance: False
selecting samples for epoch 122, ratio 0.1
=====> Saving current model and best model
balance: False
selecting samples for epoch 123, ratio 0.1
=====> Saving current model and best model
balance: False
selecting samples for epoch 124, ratio 0.1
=====> Saving current model and best model
balance: False
selecting samples for epoch 125, ratio 0.1
=====> Saving current model and best model
balance: False
selecting samples for epoch 126, ratio 0.1
=====> Saving current model and best model
balance: False
selecting samples for epoch 127, ratio 0.1
=====> Saving current model and best model
balance: False
selecting samples for epoch 128, ratio 0.1
=====> Saving current model and best model
balance: False
selecting samples for epoch 129, ratio 0.1
=====> Saving current model and best model
balance: False
selecting samples for epoch 130, ratio 0.1
=====> Saving current model and best model
balance: False
selecting samples for epoch 131, ratio 0.1
=====> Saving current model and best model
balance: False
selecting samples for epoch 132, ratio 0.1
=====> Saving current model and best model
balance: False
selecting samples for epoch 133, ratio 0.1
=====> Saving current model and best model
balance: False
selecting samples for epoch 134, ratio 0.1
=====> Saving current model and best model
balance: False
selecting samples for epoch 135, ratio 0.1
=====> Saving current model and best model
balance: False
selecting samples for epoch 136, ratio 0.1
=====> Epoch: 136/300, Total_step: 6392, lr: 0.001000, Total Time: 3394.2005 s, Time this epoch: 16.7369 s
=====> Epoch: 136/300, Train Loss (train loader labels): 1.0835, Train acc (train loader labels): 0.3896, Best val acc: 0.4597, Current val acc: 0.3920, Val Loss: 1.0824
=====> Saving current model and best model
balance: False
selecting samples for epoch 137, ratio 0.1
=====> Saving current model and best model
balance: False
selecting samples for epoch 138, ratio 0.1
=====> Saving current model and best model
balance: False
selecting samples for epoch 139, ratio 0.1
=====> Saving current model and best model
balance: False
selecting samples for epoch 140, ratio 0.1
=====> Saving current model and best model
balance: False
selecting samples for epoch 141, ratio 0.1
=====> Saving current model and best model
balance: False
selecting samples for epoch 142, ratio 0.1
=====> Saving current model and best model
balance: False
selecting samples for epoch 143, ratio 0.1
=====> Saving current model and best model
balance: False
selecting samples for epoch 144, ratio 0.1
=====> Saving current model and best model
balance: False
selecting samples for epoch 145, ratio 0.1
=====> Saving current model and best model
balance: False
selecting samples for epoch 146, ratio 0.1
=====> Saving current model and best model
balance: False
selecting samples for epoch 147, ratio 0.1
=====> Saving current model and best model
balance: False
selecting samples for epoch 148, ratio 0.1
=====> Saving current model and best model
balance: False
selecting samples for epoch 149, ratio 0.1
=====> Saving current model and best model
balance: False
selecting samples for epoch 150, ratio 0.1
=====> Saving current model and best model
balance: False
selecting samples for epoch 151, ratio 0.1
=====> Epoch: 151/300, Total_step: 7097, lr: 0.001000, Total Time: 3669.4624 s, Time this epoch: 16.6952 s
=====> Epoch: 151/300, Train Loss (train loader labels): 1.0753, Train acc (train loader labels): 0.4211, Best val acc: 0.4597, Current val acc: 0.4230, Val Loss: 1.0727
=====> Saving current model and best model
balance: False
selecting samples for epoch 152, ratio 0.1
=====> Saving current model and best model
balance: False
selecting samples for epoch 153, ratio 0.1
=====> Saving current model and best model
balance: False
selecting samples for epoch 154, ratio 0.1
=====> Saving current model and best model
balance: False
selecting samples for epoch 155, ratio 0.1
=====> Saving current model and best model
balance: False
selecting samples for epoch 156, ratio 0.1
=====> Saving current model and best model
balance: False
selecting samples for epoch 157, ratio 0.1
=====> Saving current model and best model
balance: False
selecting samples for epoch 158, ratio 0.1
=====> Saving current model and best model
balance: False
selecting samples for epoch 159, ratio 0.1
=====> Saving current model and best model
balance: False
selecting samples for epoch 160, ratio 0.1
=====> Saving current model and best model
balance: False
selecting samples for epoch 161, ratio 0.1
=====> Saving current model and best model
balance: False
selecting samples for epoch 162, ratio 0.1
=====> Saving current model and best model
balance: False
selecting samples for epoch 163, ratio 0.1
=====> Saving current model and best model
balance: False
selecting samples for epoch 164, ratio 0.1
=====> Saving current model and best model
balance: False
selecting samples for epoch 165, ratio 0.1
=====> Saving current model and best model
balance: False
selecting samples for epoch 166, ratio 0.1
=====> Epoch: 166/300, Total_step: 7802, lr: 0.001000, Total Time: 3943.5542 s, Time this epoch: 16.7234 s
=====> Epoch: 166/300, Train Loss (train loader labels): 1.0599, Train acc (train loader labels): 0.4678, Best val acc: 0.4720, Current val acc: 0.4720, Val Loss: 1.0562
=====> Saving current model and best model
balance: False
selecting samples for epoch 167, ratio 0.1
=====> Saving current model and best model
balance: False
selecting samples for epoch 168, ratio 0.1
=====> Saving current model and best model
balance: False
selecting samples for epoch 169, ratio 0.1
=====> Saving current model and best model
balance: False
selecting samples for epoch 170, ratio 0.1
=====> Saving current model and best model
balance: False
selecting samples for epoch 171, ratio 0.1
=====> Saving current model and best model
balance: False
selecting samples for epoch 172, ratio 0.1
=====> Saving current model and best model
balance: False
selecting samples for epoch 173, ratio 0.1
=====> Saving current model and best model
balance: False
selecting samples for epoch 174, ratio 0.1
=====> Saving current model and best model
balance: False
selecting samples for epoch 175, ratio 0.1
=====> Saving current model and best model
balance: False
selecting samples for epoch 176, ratio 0.1
=====> Saving current model and best model
balance: False
selecting samples for epoch 177, ratio 0.1
=====> Saving current model and best model
balance: False
selecting samples for epoch 178, ratio 0.1
=====> Saving current model and best model
balance: False
selecting samples for epoch 179, ratio 0.1
=====> Saving current model and best model
balance: False
selecting samples for epoch 180, ratio 0.1
=====> Saving current model and best model
balance: False
selecting samples for epoch 181, ratio 0.1
=====> Epoch: 181/300, Total_step: 8507, lr: 0.001000, Total Time: 4219.8556 s, Time this epoch: 16.8388 s
=====> Epoch: 181/300, Train Loss (train loader labels): 1.2730, Train acc (train loader labels): 0.3533, Best val acc: 0.4720, Current val acc: 0.3360, Val Loss: 1.2738
=====> Saving current model and best model
balance: False
selecting samples for epoch 182, ratio 0.1
=====> Saving current model and best model
balance: False
selecting samples for epoch 183, ratio 0.1
=====> Saving current model and best model
balance: False
selecting samples for epoch 184, ratio 0.1
=====> Saving current model and best model
balance: False
selecting samples for epoch 185, ratio 0.1
=====> Saving current model and best model
balance: False
selecting samples for epoch 186, ratio 0.1
=====> Saving current model and best model
balance: False
selecting samples for epoch 187, ratio 0.1
=====> Saving current model and best model
balance: False
selecting samples for epoch 188, ratio 0.1
=====> Saving current model and best model
balance: False
selecting samples for epoch 189, ratio 0.1
=====> Saving current model and best model
balance: False
selecting samples for epoch 190, ratio 0.1
=====> Saving current model and best model
balance: False
selecting samples for epoch 191, ratio 0.1
=====> Saving current model and best model
balance: False
selecting samples for epoch 192, ratio 0.1
=====> Saving current model and best model
balance: False
selecting samples for epoch 193, ratio 0.1
=====> Saving current model and best model
balance: False
selecting samples for epoch 194, ratio 0.1
=====> Saving current model and best model
balance: False
selecting samples for epoch 195, ratio 0.1
=====> Saving current model and best model
balance: False
selecting samples for epoch 196, ratio 0.1
=====> Epoch: 196/300, Total_step: 9212, lr: 0.001000, Total Time: 4494.0877 s, Time this epoch: 16.8900 s
=====> Epoch: 196/300, Train Loss (train loader labels): 1.0768, Train acc (train loader labels): 0.4181, Best val acc: 0.4720, Current val acc: 0.4343, Val Loss: 1.0752
=====> Saving current model and best model
balance: False
selecting samples for epoch 197, ratio 0.1
=====> Saving current model and best model
balance: False
selecting samples for epoch 198, ratio 0.1
=====> Saving current model and best model
balance: False
selecting samples for epoch 199, ratio 0.1
=====> Saving current model and best model
balance: False
selecting samples for epoch 200, ratio 0.1
=====> Saving current model and best model
balance: False
selecting samples for epoch 201, ratio 0.1
=====> Saving current model and best model
balance: False
selecting samples for epoch 202, ratio 0.1
=====> Saving current model and best model
balance: False
selecting samples for epoch 203, ratio 0.1
=====> Saving current model and best model
balance: False
selecting samples for epoch 204, ratio 0.1
=====> Saving current model and best model
balance: False
selecting samples for epoch 205, ratio 0.1
=====> Saving current model and best model
balance: False
selecting samples for epoch 206, ratio 0.1
=====> Saving current model and best model
balance: False
selecting samples for epoch 207, ratio 0.1
=====> Saving current model and best model
balance: False
selecting samples for epoch 208, ratio 0.1
=====> Saving current model and best model
balance: False
selecting samples for epoch 209, ratio 0.1
=====> Saving current model and best model
balance: False
selecting samples for epoch 210, ratio 0.1
=====> Saving current model and best model
balance: False
selecting samples for epoch 211, ratio 0.1
=====> Epoch: 211/300, Total_step: 9917, lr: 0.001000, Total Time: 4768.0096 s, Time this epoch: 18.0790 s
=====> Epoch: 211/300, Train Loss (train loader labels): 1.0801, Train acc (train loader labels): 0.3902, Best val acc: 0.4720, Current val acc: 0.3983, Val Loss: 1.0784
=====> Saving current model and best model
balance: False
selecting samples for epoch 212, ratio 0.1
=====> Saving current model and best model
balance: False
selecting samples for epoch 213, ratio 0.1
=====> Saving current model and best model
balance: False
selecting samples for epoch 214, ratio 0.1
=====> Saving current model and best model
balance: False
selecting samples for epoch 215, ratio 0.1
=====> Saving current model and best model
balance: False
selecting samples for epoch 216, ratio 0.1
=====> Saving current model and best model
balance: False
selecting samples for epoch 217, ratio 0.1
=====> Saving current model and best model
balance: False
selecting samples for epoch 218, ratio 0.1
=====> Saving current model and best model
balance: False
selecting samples for epoch 219, ratio 0.1
=====> Saving current model and best model
balance: False
selecting samples for epoch 220, ratio 0.1
=====> Saving current model and best model
balance: False
selecting samples for epoch 221, ratio 0.1
=====> Saving current model and best model
balance: False
selecting samples for epoch 222, ratio 0.1
=====> Saving current model and best model
balance: False
selecting samples for epoch 223, ratio 0.1
=====> Saving current model and best model
balance: False
selecting samples for epoch 224, ratio 0.1
=====> Saving current model and best model
balance: False
selecting samples for epoch 225, ratio 0.1
=====> Saving current model and best model
balance: False
selecting samples for epoch 226, ratio 0.1
=====> Epoch: 226/300, Total_step: 10622, lr: 0.001000, Total Time: 5042.2810 s, Time this epoch: 16.7314 s
=====> Epoch: 226/300, Train Loss (train loader labels): 1.0692, Train acc (train loader labels): 0.4371, Best val acc: 0.4720, Current val acc: 0.4430, Val Loss: 1.0672
=====> Saving current model and best model
balance: False
selecting samples for epoch 227, ratio 0.1
=====> Saving current model and best model
balance: False
selecting samples for epoch 228, ratio 0.1
=====> Saving current model and best model
balance: False
selecting samples for epoch 229, ratio 0.1
=====> Saving current model and best model
balance: False
selecting samples for epoch 230, ratio 0.1
=====> Saving current model and best model
balance: False
selecting samples for epoch 231, ratio 0.1
=====> Saving current model and best model
balance: False
selecting samples for epoch 232, ratio 0.1
=====> Saving current model and best model
balance: False
selecting samples for epoch 233, ratio 0.1
=====> Saving current model and best model
balance: False
selecting samples for epoch 234, ratio 0.1
=====> Saving current model and best model
balance: False
selecting samples for epoch 235, ratio 0.1
=====> Saving current model and best model
balance: False
selecting samples for epoch 236, ratio 0.1
=====> Saving current model and best model
balance: False
selecting samples for epoch 237, ratio 0.1
=====> Saving current model and best model
balance: False
selecting samples for epoch 238, ratio 0.1
=====> Saving current model and best model
balance: False
selecting samples for epoch 239, ratio 0.1
=====> Saving current model and best model
balance: False
selecting samples for epoch 240, ratio 0.1
=====> Saving current model and best model
balance: False
selecting samples for epoch 241, ratio 0.1
=====> Epoch: 241/300, Total_step: 11327, lr: 0.001000, Total Time: 5315.5187 s, Time this epoch: 16.6239 s
=====> Epoch: 241/300, Train Loss (train loader labels): 1.0761, Train acc (train loader labels): 0.4063, Best val acc: 0.4720, Current val acc: 0.4140, Val Loss: 1.0740
=====> Saving current model and best model
balance: False
selecting samples for epoch 242, ratio 0.1
=====> Saving current model and best model
balance: False
selecting samples for epoch 243, ratio 0.1
=====> Saving current model and best model
balance: False
selecting samples for epoch 244, ratio 0.1
=====> Saving current model and best model
balance: False
selecting samples for epoch 245, ratio 0.1
=====> Saving current model and best model
balance: False
selecting samples for epoch 246, ratio 0.1
=====> Saving current model and best model
balance: False
selecting samples for epoch 247, ratio 0.1
=====> Saving current model and best model
balance: False
selecting samples for epoch 248, ratio 0.1
=====> Saving current model and best model
balance: False
selecting samples for epoch 249, ratio 0.1
=====> Saving current model and best model
balance: False
selecting samples for epoch 250, ratio 0.1
=====> Saving current model and best model
balance: False
selecting samples for epoch 251, ratio 0.1
=====> Saving current model and best model
balance: False
selecting samples for epoch 252, ratio 0.1
=====> Saving current model and best model
balance: False
selecting samples for epoch 253, ratio 0.1
=====> Saving current model and best model
balance: False
selecting samples for epoch 254, ratio 0.1
=====> Saving current model and best model
balance: False
selecting samples for epoch 255, ratio 0.1
=====> Saving current model and best model
balance: False
selecting samples for epoch 256, ratio 0.1
=====> Epoch: 256/300, Total_step: 12032, lr: 0.001000, Total Time: 5590.3630 s, Time this epoch: 17.9701 s
=====> Epoch: 256/300, Train Loss (train loader labels): 1.0769, Train acc (train loader labels): 0.4073, Best val acc: 0.4720, Current val acc: 0.4200, Val Loss: 1.0750
=====> Saving current model and best model
balance: False
selecting samples for epoch 257, ratio 0.1
=====> Saving current model and best model
balance: False
selecting samples for epoch 258, ratio 0.1
=====> Saving current model and best model
balance: False
selecting samples for epoch 259, ratio 0.1
=====> Saving current model and best model
balance: False
selecting samples for epoch 260, ratio 0.1
=====> Saving current model and best model
balance: False
selecting samples for epoch 261, ratio 0.1
=====> Saving current model and best model
balance: False
selecting samples for epoch 262, ratio 0.1
=====> Saving current model and best model
balance: False
selecting samples for epoch 263, ratio 0.1
=====> Saving current model and best model
balance: False
selecting samples for epoch 264, ratio 0.1
=====> Saving current model and best model
balance: False
selecting samples for epoch 265, ratio 0.1
=====> Saving current model and best model
balance: False
selecting samples for epoch 266, ratio 0.1
=====> Saving current model and best model
balance: False
selecting samples for epoch 267, ratio 0.1
=====> Saving current model and best model
balance: False
selecting samples for epoch 268, ratio 0.1
=====> Saving current model and best model
balance: False
selecting samples for epoch 269, ratio 0.1
=====> Saving current model and best model
balance: False
selecting samples for epoch 270, ratio 0.1
=====> Saving current model and best model
balance: False
selecting samples for epoch 271, ratio 0.1
=====> Epoch: 271/300, Total_step: 12737, lr: 0.001000, Total Time: 5863.9448 s, Time this epoch: 16.5855 s
=====> Epoch: 271/300, Train Loss (train loader labels): 1.0704, Train acc (train loader labels): 0.4341, Best val acc: 0.4720, Current val acc: 0.4470, Val Loss: 1.0685
=====> Saving current model and best model
balance: False
selecting samples for epoch 272, ratio 0.1
=====> Saving current model and best model
balance: False
selecting samples for epoch 273, ratio 0.1
=====> Saving current model and best model
balance: False
selecting samples for epoch 274, ratio 0.1
=====> Saving current model and best model
balance: False
selecting samples for epoch 275, ratio 0.1
=====> Saving current model and best model
balance: False
selecting samples for epoch 276, ratio 0.1
=====> Saving current model and best model
balance: False
selecting samples for epoch 277, ratio 0.1
=====> Saving current model and best model
balance: False
selecting samples for epoch 278, ratio 0.1
=====> Saving current model and best model
balance: False
selecting samples for epoch 279, ratio 0.1
=====> Saving current model and best model
balance: False
selecting samples for epoch 280, ratio 0.1
=====> Saving current model and best model
balance: False
selecting samples for epoch 281, ratio 0.1
=====> Saving current model and best model
balance: False
selecting samples for epoch 282, ratio 0.1
=====> Saving current model and best model
balance: False
selecting samples for epoch 283, ratio 0.1
=====> Saving current model and best model
balance: False
selecting samples for epoch 284, ratio 0.1
=====> Saving current model and best model
balance: False
selecting samples for epoch 285, ratio 0.1
=====> Saving current model and best model
balance: False
selecting samples for epoch 286, ratio 0.1
=====> Epoch: 286/300, Total_step: 13442, lr: 0.001000, Total Time: 6135.8505 s, Time this epoch: 16.6280 s
=====> Epoch: 286/300, Train Loss (train loader labels): 1.0744, Train acc (train loader labels): 0.4233, Best val acc: 0.4720, Current val acc: 0.4343, Val Loss: 1.0721
=====> Saving current model and best model
balance: False
selecting samples for epoch 287, ratio 0.1
=====> Saving current model and best model
balance: False
selecting samples for epoch 288, ratio 0.1
=====> Saving current model and best model
balance: False
selecting samples for epoch 289, ratio 0.1
=====> Saving current model and best model
balance: False
selecting samples for epoch 290, ratio 0.1
=====> Saving current model and best model
balance: False
selecting samples for epoch 291, ratio 0.1
=====> Saving current model and best model
balance: False
selecting samples for epoch 292, ratio 0.1
=====> Saving current model and best model
balance: False
selecting samples for epoch 293, ratio 0.1
=====> Saving current model and best model
balance: False
selecting samples for epoch 294, ratio 0.1
=====> Saving current model and best model
balance: False
selecting samples for epoch 295, ratio 0.1
=====> Saving current model and best model
balance: False
selecting samples for epoch 296, ratio 0.1
=====> Saving current model and best model
balance: False
selecting samples for epoch 297, ratio 0.1
=====> Saving current model and best model
balance: False
selecting samples for epoch 298, ratio 0.1
=====> Saving current model and best model
balance: False
selecting samples for epoch 299, ratio 0.1
=====> Saving current model and best model
balance: False
selecting samples for epoch 300, ratio 0.1
=====> Epoch: 300/300, Total_step: 14100, lr: 0.001000, Total Time: 6393.6058 s, Time this epoch: 16.6526 s
=====> Epoch: 300/300, Train Loss (train loader labels): 1.0695, Train acc (train loader labels): 0.4400, Best val acc: 0.4720, Current val acc: 0.4480, Val Loss: 1.0668
=====> Saving current model and best model
Saved helper snapshots to /home/mward19/Documents/miller/Online-Batch-Selection/snapshots/CIFAR3/{"bsel":"Bayesian","seed":3,"model":"DeepLinear","opt":"adamw","bs":320,"ratio":0.1,"lr":0.001,"wd":0.01,"layers":3,"hidden_dim":1000}.p
Saved selected points array to /home/mward19/Documents/miller/Online-Batch-Selection/selected_points/CIFAR3/{"bsel":"Bayesian","seed":3,"model":"DeepLinear","opt":"adamw","bs":320,"ratio":0.1,"lr":0.001,"wd":0.01,"layers":3,"hidden_dim":1000}.npy
========================= End Main =========================
