save_dir: ./exp/MNIST/Uniform_deeplinear_bs320_ep300_lr0.001_AdamW_constant_seed2_r0.1_8_hidden
=====> Loading config files: 
configs/mnist/method/uniform-0.1.yaml
configs/mnist/data/mnist.yaml
configs/mnist/model/deep_linear_saxe/deep_linear_8.yaml
configs/mnist/optim/adamw-320-0.001-0.01.yaml
configs/diagnostics/snapshots_log_interval.yaml
=====> Config files loaded.
========================= Start Main =========================
=====> Saving config file
=====> Config file saved
=====> Using fixed random seed: 2
=====> Wandb initialized
=====> Number of GPUs: 1
Creating Uniform...
Begin training for Uniform...
=====> Epoch: 0/300, Total_step: 0, lr: 0.001000, Total Time: 0.0000 s, Time this epoch: 0.0000 s
=====> Epoch: 0/300, Train Loss (train loader labels): 2.3031, Train acc (train loader labels): 0.0676, Best val acc: 0.0644, Current val acc: 0.0644, Val Loss: 2.3036
selecting samples for epoch 1
balance: False
ratio: 0.1
=====> Epoch: 1/300, Total_step: 1, lr: 0.001000, Total Time: 0.0000 s, Time this epoch: 0.0000 s
=====> Epoch: 1/300, Train Loss (train loader labels): 2.2835, Train acc (train loader labels): 0.1628, Best val acc: 0.2315, Current val acc: 0.2315, Val Loss: 2.2726
=====> Epoch: 1/300, Total_step: 48, lr: 0.001000, Total Time: 0.0000 s, Time this epoch: 0.0000 s
=====> Epoch: 1/300, Train Loss (train loader labels): 2.2795, Train acc (train loader labels): 0.2519, Best val acc: 0.2315, Current val acc: 0.2255, Val Loss: 2.2263
=====> Epoch: 1/300, Total_step: 95, lr: 0.001000, Total Time: 0.0000 s, Time this epoch: 0.0000 s
=====> Epoch: 1/300, Train Loss (train loader labels): 2.0136, Train acc (train loader labels): 0.2433, Best val acc: 0.2692, Current val acc: 0.2692, Val Loss: 1.9441
=====> Epoch: 1/300, Total_step: 142, lr: 0.001000, Total Time: 0.0000 s, Time this epoch: 0.0000 s
=====> Epoch: 1/300, Train Loss (train loader labels): 2.1133, Train acc (train loader labels): 0.2344, Best val acc: 0.2692, Current val acc: 0.2429, Val Loss: 1.9757
=====> Saving current model and best model
selecting samples for epoch 2
balance: False
ratio: 0.1
=====> Epoch: 2/300, Total_step: 189, lr: 0.001000, Total Time: 312.4183 s, Time this epoch: 259.0912 s
=====> Epoch: 2/300, Train Loss (train loader labels): 2.1094, Train acc (train loader labels): 0.2742, Best val acc: 0.3111, Current val acc: 0.3111, Val Loss: 1.8368
=====> Epoch: 2/300, Total_step: 236, lr: 0.001000, Total Time: 312.4183 s, Time this epoch: 259.0912 s
=====> Epoch: 2/300, Train Loss (train loader labels): 1.9959, Train acc (train loader labels): 0.3062, Best val acc: 0.3616, Current val acc: 0.3616, Val Loss: 1.7560
=====> Epoch: 2/300, Total_step: 283, lr: 0.001000, Total Time: 312.4183 s, Time this epoch: 259.0912 s
=====> Epoch: 2/300, Train Loss (train loader labels): 2.1296, Train acc (train loader labels): 0.2439, Best val acc: 0.3616, Current val acc: 0.2391, Val Loss: 2.0806
=====> Epoch: 2/300, Total_step: 330, lr: 0.001000, Total Time: 312.4183 s, Time this epoch: 259.0912 s
=====> Epoch: 2/300, Train Loss (train loader labels): 1.9754, Train acc (train loader labels): 0.2932, Best val acc: 0.3643, Current val acc: 0.3643, Val Loss: 1.8002
=====> Saving current model and best model
selecting samples for epoch 3
balance: False
ratio: 0.1
=====> Epoch: 3/300, Total_step: 377, lr: 0.001000, Total Time: 571.6695 s, Time this epoch: 258.6393 s
=====> Epoch: 3/300, Train Loss (train loader labels): 2.0499, Train acc (train loader labels): 0.2752, Best val acc: 0.3643, Current val acc: 0.2480, Val Loss: 1.9207
=====> Epoch: 3/300, Total_step: 424, lr: 0.001000, Total Time: 571.6695 s, Time this epoch: 258.6393 s
=====> Epoch: 3/300, Train Loss (train loader labels): 2.0241, Train acc (train loader labels): 0.2808, Best val acc: 0.3643, Current val acc: 0.3465, Val Loss: 1.8110
=====> Epoch: 3/300, Total_step: 471, lr: 0.001000, Total Time: 571.6695 s, Time this epoch: 258.6393 s
=====> Epoch: 3/300, Train Loss (train loader labels): 2.0330, Train acc (train loader labels): 0.2447, Best val acc: 0.3643, Current val acc: 0.2859, Val Loss: 1.8633
=====> Epoch: 3/300, Total_step: 518, lr: 0.001000, Total Time: 571.6695 s, Time this epoch: 258.6393 s
=====> Epoch: 3/300, Train Loss (train loader labels): 2.0225, Train acc (train loader labels): 0.2706, Best val acc: 0.3707, Current val acc: 0.3707, Val Loss: 1.7749
=====> Saving current model and best model
selecting samples for epoch 4
balance: False
ratio: 0.1
=====> Epoch: 4/300, Total_step: 565, lr: 0.001000, Total Time: 831.2160 s, Time this epoch: 259.0894 s
=====> Epoch: 4/300, Train Loss (train loader labels): 2.1148, Train acc (train loader labels): 0.2029, Best val acc: 0.3707, Current val acc: 0.2373, Val Loss: 2.0403
=====> Epoch: 4/300, Total_step: 612, lr: 0.001000, Total Time: 831.2160 s, Time this epoch: 259.0894 s
=====> Epoch: 4/300, Train Loss (train loader labels): 1.8991, Train acc (train loader labels): 0.3197, Best val acc: 0.3816, Current val acc: 0.3816, Val Loss: 1.6312
=====> Epoch: 4/300, Total_step: 659, lr: 0.001000, Total Time: 831.2160 s, Time this epoch: 259.0894 s
=====> Epoch: 4/300, Train Loss (train loader labels): 1.8549, Train acc (train loader labels): 0.3495, Best val acc: 0.4045, Current val acc: 0.4045, Val Loss: 1.7083
=====> Epoch: 4/300, Total_step: 706, lr: 0.001000, Total Time: 831.2160 s, Time this epoch: 259.0894 s
=====> Epoch: 4/300, Train Loss (train loader labels): 1.9213, Train acc (train loader labels): 0.3209, Best val acc: 0.4045, Current val acc: 0.3363, Val Loss: 1.6923
=====> Saving current model and best model
selecting samples for epoch 5
balance: False
ratio: 0.1
=====> Epoch: 5/300, Total_step: 753, lr: 0.001000, Total Time: 1090.7411 s, Time this epoch: 259.1082 s
=====> Epoch: 5/300, Train Loss (train loader labels): 1.9413, Train acc (train loader labels): 0.3334, Best val acc: 0.4045, Current val acc: 0.4010, Val Loss: 1.7510
=====> Epoch: 5/300, Total_step: 800, lr: 0.001000, Total Time: 1090.7411 s, Time this epoch: 259.1082 s
=====> Epoch: 5/300, Train Loss (train loader labels): 1.9551, Train acc (train loader labels): 0.3401, Best val acc: 0.4045, Current val acc: 0.3073, Val Loss: 1.8714
=====> Epoch: 5/300, Total_step: 847, lr: 0.001000, Total Time: 1090.7411 s, Time this epoch: 259.1082 s
=====> Epoch: 5/300, Train Loss (train loader labels): 1.8751, Train acc (train loader labels): 0.3742, Best val acc: 0.4601, Current val acc: 0.4601, Val Loss: 1.7451
=====> Epoch: 5/300, Total_step: 894, lr: 0.001000, Total Time: 1090.7411 s, Time this epoch: 259.1082 s
=====> Epoch: 5/300, Train Loss (train loader labels): 1.8611, Train acc (train loader labels): 0.3514, Best val acc: 0.4601, Current val acc: 0.4226, Val Loss: 1.7063
=====> Saving current model and best model
selecting samples for epoch 6
balance: False
ratio: 0.1
=====> Epoch: 6/300, Total_step: 1128, lr: 0.001000, Total Time: 1351.6258 s, Time this epoch: 260.4090 s
=====> Epoch: 6/300, Train Loss (train loader labels): 2.1089, Train acc (train loader labels): 0.3586, Best val acc: 0.4601, Current val acc: 0.4033, Val Loss: 1.7249
=====> Saving current model and best model
selecting samples for epoch 7
balance: False
ratio: 0.1
=====> Epoch: 7/300, Total_step: 1316, lr: 0.001000, Total Time: 1453.1957 s, Time this epoch: 101.2363 s
=====> Epoch: 7/300, Train Loss (train loader labels): 1.9699, Train acc (train loader labels): 0.3078, Best val acc: 0.4601, Current val acc: 0.3435, Val Loss: 1.8125
=====> Saving current model and best model
selecting samples for epoch 8
balance: False
ratio: 0.1
=====> Epoch: 8/300, Total_step: 1504, lr: 0.001000, Total Time: 1554.7797 s, Time this epoch: 101.2031 s
=====> Epoch: 8/300, Train Loss (train loader labels): 1.7606, Train acc (train loader labels): 0.3990, Best val acc: 0.4721, Current val acc: 0.4721, Val Loss: 1.5317
=====> Saving current model and best model
selecting samples for epoch 9
balance: False
ratio: 0.1
=====> Epoch: 9/300, Total_step: 1692, lr: 0.001000, Total Time: 1656.2480 s, Time this epoch: 101.0362 s
=====> Epoch: 9/300, Train Loss (train loader labels): 1.8032, Train acc (train loader labels): 0.3725, Best val acc: 0.5023, Current val acc: 0.5023, Val Loss: 1.4661
=====> Saving current model and best model
selecting samples for epoch 10
balance: False
ratio: 0.1
=====> Epoch: 10/300, Total_step: 1880, lr: 0.001000, Total Time: 1760.1563 s, Time this epoch: 101.7226 s
=====> Epoch: 10/300, Train Loss (train loader labels): 1.6782, Train acc (train loader labels): 0.4250, Best val acc: 0.5039, Current val acc: 0.5039, Val Loss: 1.3364
=====> Saving current model and best model
selecting samples for epoch 11
balance: False
ratio: 0.1
=====> Epoch: 11/300, Total_step: 2068, lr: 0.001000, Total Time: 1862.3883 s, Time this epoch: 100.9968 s
=====> Epoch: 11/300, Train Loss (train loader labels): 1.8132, Train acc (train loader labels): 0.3910, Best val acc: 0.5039, Current val acc: 0.4656, Val Loss: 1.4869
=====> Saving current model and best model
selecting samples for epoch 12
balance: False
ratio: 0.1
=====> Epoch: 12/300, Total_step: 2256, lr: 0.001000, Total Time: 1963.8428 s, Time this epoch: 100.8307 s
=====> Epoch: 12/300, Train Loss (train loader labels): 38723.1055, Train acc (train loader labels): 0.0946, Best val acc: 0.5039, Current val acc: 0.0960, Val Loss: 54850.9102
=====> Saving current model and best model
selecting samples for epoch 13
balance: False
ratio: 0.1
=====> Epoch: 13/300, Total_step: 2444, lr: 0.001000, Total Time: 2065.0258 s, Time this epoch: 100.7931 s
=====> Epoch: 13/300, Train Loss (train loader labels): 64.5097, Train acc (train loader labels): 0.2178, Best val acc: 0.5039, Current val acc: 0.2743, Val Loss: 33.8930
=====> Saving current model and best model
selecting samples for epoch 14
balance: False
ratio: 0.1
=====> Epoch: 14/300, Total_step: 2632, lr: 0.001000, Total Time: 2166.5115 s, Time this epoch: 101.0893 s
=====> Epoch: 14/300, Train Loss (train loader labels): 26.6168, Train acc (train loader labels): 0.2270, Best val acc: 0.5039, Current val acc: 0.3155, Val Loss: 13.7023
=====> Saving current model and best model
selecting samples for epoch 15
balance: False
ratio: 0.1
=====> Epoch: 15/300, Total_step: 2820, lr: 0.001000, Total Time: 2267.9837 s, Time this epoch: 101.1257 s
=====> Epoch: 15/300, Train Loss (train loader labels): 27.7595, Train acc (train loader labels): 0.2110, Best val acc: 0.5039, Current val acc: 0.2977, Val Loss: 12.6036
=====> Saving current model and best model
selecting samples for epoch 16
balance: False
ratio: 0.1
=====> Epoch: 16/300, Total_step: 3008, lr: 0.001000, Total Time: 2369.3790 s, Time this epoch: 101.0209 s
=====> Epoch: 16/300, Train Loss (train loader labels): 16.4107, Train acc (train loader labels): 0.2332, Best val acc: 0.5039, Current val acc: 0.3167, Val Loss: 8.7054
=====> Saving current model and best model
selecting samples for epoch 17
balance: False
ratio: 0.1
=====> Epoch: 17/300, Total_step: 3196, lr: 0.001000, Total Time: 2470.8949 s, Time this epoch: 101.1433 s
=====> Epoch: 17/300, Train Loss (train loader labels): 12.9416, Train acc (train loader labels): 0.2352, Best val acc: 0.5039, Current val acc: 0.3462, Val Loss: 6.5817
=====> Saving current model and best model
selecting samples for epoch 18
balance: False
ratio: 0.1
=====> Epoch: 18/300, Total_step: 3384, lr: 0.001000, Total Time: 2572.5298 s, Time this epoch: 101.2942 s
=====> Epoch: 18/300, Train Loss (train loader labels): 11.5439, Train acc (train loader labels): 0.2520, Best val acc: 0.5039, Current val acc: 0.3322, Val Loss: 6.3851
=====> Saving current model and best model
selecting samples for epoch 19
balance: False
ratio: 0.1
=====> Epoch: 19/300, Total_step: 3572, lr: 0.001000, Total Time: 2674.5832 s, Time this epoch: 101.6213 s
=====> Epoch: 19/300, Train Loss (train loader labels): 16.8960, Train acc (train loader labels): 0.2488, Best val acc: 0.5039, Current val acc: 0.3825, Val Loss: 10.3292
=====> Saving current model and best model
selecting samples for epoch 20
balance: False
ratio: 0.1
=====> Epoch: 20/300, Total_step: 3760, lr: 0.001000, Total Time: 2776.0874 s, Time this epoch: 101.1274 s
=====> Epoch: 20/300, Train Loss (train loader labels): 9.6108, Train acc (train loader labels): 0.2542, Best val acc: 0.5039, Current val acc: 0.3087, Val Loss: 7.4825
=====> Saving current model and best model
selecting samples for epoch 21
balance: False
ratio: 0.1
=====> Epoch: 21/300, Total_step: 3948, lr: 0.001000, Total Time: 2877.4452 s, Time this epoch: 100.9421 s
=====> Epoch: 21/300, Train Loss (train loader labels): 6.3391, Train acc (train loader labels): 0.2704, Best val acc: 0.5039, Current val acc: 0.3755, Val Loss: 3.6997
=====> Saving current model and best model
selecting samples for epoch 22
balance: False
ratio: 0.1
=====> Epoch: 22/300, Total_step: 4136, lr: 0.001000, Total Time: 2978.7442 s, Time this epoch: 100.8364 s
=====> Epoch: 22/300, Train Loss (train loader labels): 5.8734, Train acc (train loader labels): 0.3314, Best val acc: 0.5039, Current val acc: 0.4435, Val Loss: 2.7129
=====> Saving current model and best model
selecting samples for epoch 23
balance: False
ratio: 0.1
=====> Epoch: 23/300, Total_step: 4324, lr: 0.001000, Total Time: 3080.5194 s, Time this epoch: 101.3435 s
=====> Epoch: 23/300, Train Loss (train loader labels): 7.1797, Train acc (train loader labels): 0.2896, Best val acc: 0.5039, Current val acc: 0.3983, Val Loss: 3.6537
=====> Saving current model and best model
selecting samples for epoch 24
balance: False
ratio: 0.1
=====> Epoch: 24/300, Total_step: 4512, lr: 0.001000, Total Time: 3181.6413 s, Time this epoch: 100.7926 s
=====> Epoch: 24/300, Train Loss (train loader labels): 5.0537, Train acc (train loader labels): 0.3167, Best val acc: 0.5039, Current val acc: 0.3834, Val Loss: 3.0308
=====> Saving current model and best model
selecting samples for epoch 25
balance: False
ratio: 0.1
=====> Epoch: 25/300, Total_step: 4700, lr: 0.001000, Total Time: 3282.9816 s, Time this epoch: 100.9825 s
=====> Epoch: 25/300, Train Loss (train loader labels): 7.1266, Train acc (train loader labels): 0.3109, Best val acc: 0.5039, Current val acc: 0.4119, Val Loss: 3.8909
=====> Saving current model and best model
selecting samples for epoch 26
balance: False
ratio: 0.1
=====> Epoch: 26/300, Total_step: 4888, lr: 0.001000, Total Time: 3384.5737 s, Time this epoch: 101.2650 s
=====> Epoch: 26/300, Train Loss (train loader labels): 6.1138, Train acc (train loader labels): 0.3229, Best val acc: 0.5039, Current val acc: 0.4307, Val Loss: 2.9754
=====> Saving current model and best model
selecting samples for epoch 27
balance: False
ratio: 0.1
=====> Saving current model and best model
selecting samples for epoch 28
balance: False
ratio: 0.1
=====> Saving current model and best model
selecting samples for epoch 29
balance: False
ratio: 0.1
=====> Epoch: 29/300, Total_step: 5452, lr: 0.001000, Total Time: 3582.8986 s, Time this epoch: 47.9190 s
=====> Epoch: 29/300, Train Loss (train loader labels): 5.9940, Train acc (train loader labels): 0.2776, Best val acc: 0.5039, Current val acc: 0.3277, Val Loss: 4.0707
=====> Saving current model and best model
selecting samples for epoch 30
balance: False
ratio: 0.1
=====> Saving current model and best model
selecting samples for epoch 31
balance: False
ratio: 0.1
=====> Saving current model and best model
selecting samples for epoch 32
balance: False
ratio: 0.1
=====> Saving current model and best model
selecting samples for epoch 33
balance: False
ratio: 0.1
=====> Epoch: 33/300, Total_step: 6204, lr: 0.001000, Total Time: 3829.1776 s, Time this epoch: 47.9619 s
=====> Epoch: 33/300, Train Loss (train loader labels): 2.9262, Train acc (train loader labels): 0.3868, Best val acc: 0.5039, Current val acc: 0.4767, Val Loss: 1.6608
=====> Saving current model and best model
selecting samples for epoch 34
balance: False
ratio: 0.1
=====> Saving current model and best model
selecting samples for epoch 35
balance: False
ratio: 0.1
=====> Saving current model and best model
selecting samples for epoch 36
balance: False
ratio: 0.1
=====> Saving current model and best model
selecting samples for epoch 37
balance: False
ratio: 0.1
=====> Epoch: 37/300, Total_step: 6956, lr: 0.001000, Total Time: 4076.4935 s, Time this epoch: 48.1047 s
=====> Epoch: 37/300, Train Loss (train loader labels): 2.4921, Train acc (train loader labels): 0.3718, Best val acc: 0.5039, Current val acc: 0.4560, Val Loss: 1.6383
=====> Saving current model and best model
selecting samples for epoch 38
balance: False
ratio: 0.1
=====> Saving current model and best model
selecting samples for epoch 39
balance: False
ratio: 0.1
=====> Saving current model and best model
selecting samples for epoch 40
balance: False
ratio: 0.1
=====> Saving current model and best model
selecting samples for epoch 41
balance: False
ratio: 0.1
=====> Epoch: 41/300, Total_step: 7708, lr: 0.001000, Total Time: 4324.1461 s, Time this epoch: 48.1697 s
=====> Epoch: 41/300, Train Loss (train loader labels): 2.1129, Train acc (train loader labels): 0.3968, Best val acc: 0.5071, Current val acc: 0.5071, Val Loss: 1.4469
=====> Saving current model and best model
selecting samples for epoch 42
balance: False
ratio: 0.1
=====> Saving current model and best model
selecting samples for epoch 43
balance: False
ratio: 0.1
=====> Saving current model and best model
selecting samples for epoch 44
balance: False
ratio: 0.1
=====> Saving current model and best model
selecting samples for epoch 45
balance: False
ratio: 0.1
=====> Epoch: 45/300, Total_step: 8460, lr: 0.001000, Total Time: 4572.5020 s, Time this epoch: 47.9874 s
=====> Epoch: 45/300, Train Loss (train loader labels): 2.1386, Train acc (train loader labels): 0.3596, Best val acc: 0.5071, Current val acc: 0.4618, Val Loss: 1.5023
=====> Saving current model and best model
selecting samples for epoch 46
balance: False
ratio: 0.1
=====> Saving current model and best model
selecting samples for epoch 47
balance: False
ratio: 0.1
=====> Saving current model and best model
selecting samples for epoch 48
balance: False
ratio: 0.1
=====> Saving current model and best model
selecting samples for epoch 49
balance: False
ratio: 0.1
=====> Epoch: 49/300, Total_step: 9212, lr: 0.001000, Total Time: 4819.4704 s, Time this epoch: 48.3242 s
=====> Epoch: 49/300, Train Loss (train loader labels): 1.8749, Train acc (train loader labels): 0.3920, Best val acc: 0.5124, Current val acc: 0.5124, Val Loss: 1.4237
=====> Saving current model and best model
selecting samples for epoch 50
balance: False
ratio: 0.1
=====> Saving current model and best model
selecting samples for epoch 51
balance: False
ratio: 0.1
=====> Saving current model and best model
selecting samples for epoch 52
balance: False
ratio: 0.1
=====> Saving current model and best model
selecting samples for epoch 53
balance: False
ratio: 0.1
=====> Epoch: 53/300, Total_step: 9964, lr: 0.001000, Total Time: 5067.3496 s, Time this epoch: 48.1484 s
=====> Epoch: 53/300, Train Loss (train loader labels): 1.8099, Train acc (train loader labels): 0.3960, Best val acc: 0.5124, Current val acc: 0.4608, Val Loss: 1.4144
=====> Saving current model and best model
selecting samples for epoch 54
balance: False
ratio: 0.1
=====> Saving current model and best model
selecting samples for epoch 55
balance: False
ratio: 0.1
=====> Saving current model and best model
selecting samples for epoch 56
balance: False
ratio: 0.1
=====> Saving current model and best model
selecting samples for epoch 57
balance: False
ratio: 0.1
=====> Epoch: 57/300, Total_step: 10716, lr: 0.001000, Total Time: 5313.6228 s, Time this epoch: 47.8503 s
=====> Epoch: 57/300, Train Loss (train loader labels): 1.7411, Train acc (train loader labels): 0.4518, Best val acc: 0.5930, Current val acc: 0.5930, Val Loss: 1.2602
=====> Saving current model and best model
selecting samples for epoch 58
balance: False
ratio: 0.1
=====> Saving current model and best model
selecting samples for epoch 59
balance: False
ratio: 0.1
=====> Saving current model and best model
selecting samples for epoch 60
balance: False
ratio: 0.1
=====> Saving current model and best model
selecting samples for epoch 61
balance: False
ratio: 0.1
=====> Epoch: 61/300, Total_step: 11468, lr: 0.001000, Total Time: 5561.6941 s, Time this epoch: 48.0620 s
=====> Epoch: 61/300, Train Loss (train loader labels): 1.8494, Train acc (train loader labels): 0.3910, Best val acc: 0.5930, Current val acc: 0.4451, Val Loss: 1.4798
=====> Saving current model and best model
selecting samples for epoch 62
balance: False
ratio: 0.1
=====> Saving current model and best model
selecting samples for epoch 63
balance: False
ratio: 0.1
=====> Saving current model and best model
selecting samples for epoch 64
balance: False
ratio: 0.1
=====> Saving current model and best model
selecting samples for epoch 65
balance: False
ratio: 0.1
=====> Epoch: 65/300, Total_step: 12220, lr: 0.001000, Total Time: 5809.2550 s, Time this epoch: 48.1360 s
=====> Epoch: 65/300, Train Loss (train loader labels): 1.9271, Train acc (train loader labels): 0.4063, Best val acc: 0.5930, Current val acc: 0.4952, Val Loss: 1.5840
=====> Saving current model and best model
selecting samples for epoch 66
balance: False
ratio: 0.1
=====> Saving current model and best model
selecting samples for epoch 67
balance: False
ratio: 0.1
=====> Saving current model and best model
selecting samples for epoch 68
balance: False
ratio: 0.1
=====> Saving current model and best model
selecting samples for epoch 69
balance: False
ratio: 0.1
=====> Saving current model and best model
selecting samples for epoch 70
balance: False
ratio: 0.1
=====> Saving current model and best model
selecting samples for epoch 71
balance: False
ratio: 0.1
=====> Saving current model and best model
selecting samples for epoch 72
balance: False
ratio: 0.1
=====> Saving current model and best model
selecting samples for epoch 73
balance: False
ratio: 0.1
=====> Saving current model and best model
selecting samples for epoch 74
balance: False
ratio: 0.1
=====> Saving current model and best model
selecting samples for epoch 75
balance: False
ratio: 0.1
=====> Saving current model and best model
selecting samples for epoch 76
balance: False
ratio: 0.1
=====> Epoch: 76/300, Total_step: 14288, lr: 0.001000, Total Time: 6395.6038 s, Time this epoch: 47.9837 s
=====> Epoch: 76/300, Train Loss (train loader labels): 1.7669, Train acc (train loader labels): 0.4364, Best val acc: 0.5930, Current val acc: 0.5264, Val Loss: 1.3517
=====> Saving current model and best model
selecting samples for epoch 77
balance: False
ratio: 0.1
=====> Saving current model and best model
selecting samples for epoch 78
balance: False
ratio: 0.1
=====> Saving current model and best model
selecting samples for epoch 79
balance: False
ratio: 0.1
=====> Saving current model and best model
selecting samples for epoch 80
balance: False
ratio: 0.1
=====> Saving current model and best model
selecting samples for epoch 81
balance: False
ratio: 0.1
=====> Saving current model and best model
selecting samples for epoch 82
balance: False
ratio: 0.1
=====> Saving current model and best model
selecting samples for epoch 83
balance: False
ratio: 0.1
=====> Saving current model and best model
selecting samples for epoch 84
balance: False
ratio: 0.1
=====> Saving current model and best model
selecting samples for epoch 85
balance: False
ratio: 0.1
=====> Saving current model and best model
selecting samples for epoch 86
balance: False
ratio: 0.1
=====> Saving current model and best model
selecting samples for epoch 87
balance: False
ratio: 0.1
=====> Saving current model and best model
selecting samples for epoch 88
balance: False
ratio: 0.1
=====> Saving current model and best model
selecting samples for epoch 89
balance: False
ratio: 0.1
=====> Saving current model and best model
selecting samples for epoch 90
balance: False
ratio: 0.1
=====> Saving current model and best model
selecting samples for epoch 91
balance: False
ratio: 0.1
=====> Epoch: 91/300, Total_step: 17108, lr: 0.001000, Total Time: 7176.1843 s, Time this epoch: 48.2485 s
=====> Epoch: 91/300, Train Loss (train loader labels): 1.5954, Train acc (train loader labels): 0.4923, Best val acc: 0.6737, Current val acc: 0.6737, Val Loss: 1.1858
=====> Saving current model and best model
selecting samples for epoch 92
balance: False
ratio: 0.1
=====> Saving current model and best model
selecting samples for epoch 93
balance: False
ratio: 0.1
=====> Saving current model and best model
selecting samples for epoch 94
balance: False
ratio: 0.1
=====> Saving current model and best model
selecting samples for epoch 95
balance: False
ratio: 0.1
=====> Saving current model and best model
selecting samples for epoch 96
balance: False
ratio: 0.1
=====> Saving current model and best model
selecting samples for epoch 97
balance: False
ratio: 0.1
=====> Saving current model and best model
selecting samples for epoch 98
balance: False
ratio: 0.1
=====> Saving current model and best model
selecting samples for epoch 99
balance: False
ratio: 0.1
=====> Saving current model and best model
selecting samples for epoch 100
balance: False
ratio: 0.1
=====> Saving current model and best model
selecting samples for epoch 101
balance: False
ratio: 0.1
=====> Saving current model and best model
selecting samples for epoch 102
balance: False
ratio: 0.1
=====> Saving current model and best model
selecting samples for epoch 103
balance: False
ratio: 0.1
=====> Saving current model and best model
selecting samples for epoch 104
balance: False
ratio: 0.1
=====> Saving current model and best model
selecting samples for epoch 105
balance: False
ratio: 0.1
=====> Saving current model and best model
selecting samples for epoch 106
balance: False
ratio: 0.1
=====> Epoch: 106/300, Total_step: 19928, lr: 0.001000, Total Time: 7957.6876 s, Time this epoch: 47.9533 s
=====> Epoch: 106/300, Train Loss (train loader labels): 1.6034, Train acc (train loader labels): 0.4751, Best val acc: 0.6737, Current val acc: 0.5658, Val Loss: 1.2704
=====> Saving current model and best model
selecting samples for epoch 107
balance: False
ratio: 0.1
=====> Saving current model and best model
selecting samples for epoch 108
balance: False
ratio: 0.1
=====> Saving current model and best model
selecting samples for epoch 109
balance: False
ratio: 0.1
=====> Saving current model and best model
selecting samples for epoch 110
balance: False
ratio: 0.1
=====> Saving current model and best model
selecting samples for epoch 111
balance: False
ratio: 0.1
=====> Saving current model and best model
selecting samples for epoch 112
balance: False
ratio: 0.1
=====> Saving current model and best model
selecting samples for epoch 113
balance: False
ratio: 0.1
=====> Saving current model and best model
selecting samples for epoch 114
balance: False
ratio: 0.1
=====> Saving current model and best model
selecting samples for epoch 115
balance: False
ratio: 0.1
=====> Saving current model and best model
selecting samples for epoch 116
balance: False
ratio: 0.1
=====> Saving current model and best model
selecting samples for epoch 117
balance: False
ratio: 0.1
=====> Saving current model and best model
selecting samples for epoch 118
balance: False
ratio: 0.1
=====> Saving current model and best model
selecting samples for epoch 119
balance: False
ratio: 0.1
=====> Saving current model and best model
selecting samples for epoch 120
balance: False
ratio: 0.1
=====> Saving current model and best model
selecting samples for epoch 121
balance: False
ratio: 0.1
=====> Epoch: 121/300, Total_step: 22748, lr: 0.001000, Total Time: 8737.9667 s, Time this epoch: 48.4143 s
=====> Epoch: 121/300, Train Loss (train loader labels): 1.6229, Train acc (train loader labels): 0.4582, Best val acc: 0.6737, Current val acc: 0.5687, Val Loss: 1.2854
=====> Saving current model and best model
selecting samples for epoch 122
balance: False
ratio: 0.1
=====> Saving current model and best model
selecting samples for epoch 123
balance: False
ratio: 0.1
=====> Saving current model and best model
selecting samples for epoch 124
balance: False
ratio: 0.1
=====> Saving current model and best model
selecting samples for epoch 125
balance: False
ratio: 0.1
=====> Saving current model and best model
selecting samples for epoch 126
balance: False
ratio: 0.1
=====> Saving current model and best model
selecting samples for epoch 127
balance: False
ratio: 0.1
=====> Saving current model and best model
selecting samples for epoch 128
balance: False
ratio: 0.1
=====> Saving current model and best model
selecting samples for epoch 129
balance: False
ratio: 0.1
=====> Saving current model and best model
selecting samples for epoch 130
balance: False
ratio: 0.1
=====> Saving current model and best model
selecting samples for epoch 131
balance: False
ratio: 0.1
=====> Saving current model and best model
selecting samples for epoch 132
balance: False
ratio: 0.1
=====> Saving current model and best model
selecting samples for epoch 133
balance: False
ratio: 0.1
=====> Saving current model and best model
selecting samples for epoch 134
balance: False
ratio: 0.1
=====> Saving current model and best model
selecting samples for epoch 135
balance: False
ratio: 0.1
=====> Saving current model and best model
selecting samples for epoch 136
balance: False
ratio: 0.1
=====> Epoch: 136/300, Total_step: 25568, lr: 0.001000, Total Time: 9517.7734 s, Time this epoch: 48.0320 s
=====> Epoch: 136/300, Train Loss (train loader labels): 1.6510, Train acc (train loader labels): 0.4430, Best val acc: 0.6737, Current val acc: 0.5604, Val Loss: 1.3419
=====> Saving current model and best model
selecting samples for epoch 137
balance: False
ratio: 0.1
=====> Saving current model and best model
selecting samples for epoch 138
balance: False
ratio: 0.1
=====> Saving current model and best model
selecting samples for epoch 139
balance: False
ratio: 0.1
=====> Saving current model and best model
selecting samples for epoch 140
balance: False
ratio: 0.1
=====> Saving current model and best model
selecting samples for epoch 141
balance: False
ratio: 0.1
=====> Saving current model and best model
selecting samples for epoch 142
balance: False
ratio: 0.1
=====> Saving current model and best model
selecting samples for epoch 143
balance: False
ratio: 0.1
=====> Saving current model and best model
selecting samples for epoch 144
balance: False
ratio: 0.1
=====> Saving current model and best model
selecting samples for epoch 145
balance: False
ratio: 0.1
=====> Saving current model and best model
selecting samples for epoch 146
balance: False
ratio: 0.1
=====> Saving current model and best model
selecting samples for epoch 147
balance: False
ratio: 0.1
=====> Saving current model and best model
selecting samples for epoch 148
balance: False
ratio: 0.1
=====> Saving current model and best model
selecting samples for epoch 149
balance: False
ratio: 0.1
=====> Saving current model and best model
selecting samples for epoch 150
balance: False
ratio: 0.1
=====> Saving current model and best model
selecting samples for epoch 151
balance: False
ratio: 0.1
=====> Epoch: 151/300, Total_step: 28388, lr: 0.001000, Total Time: 10296.5691 s, Time this epoch: 47.9348 s
=====> Epoch: 151/300, Train Loss (train loader labels): 3.2933, Train acc (train loader labels): 0.3517, Best val acc: 0.6737, Current val acc: 0.5234, Val Loss: 1.6250
=====> Saving current model and best model
selecting samples for epoch 152
balance: False
ratio: 0.1
=====> Saving current model and best model
selecting samples for epoch 153
balance: False
ratio: 0.1
=====> Saving current model and best model
selecting samples for epoch 154
balance: False
ratio: 0.1
=====> Saving current model and best model
selecting samples for epoch 155
balance: False
ratio: 0.1
=====> Saving current model and best model
selecting samples for epoch 156
balance: False
ratio: 0.1
=====> Saving current model and best model
selecting samples for epoch 157
balance: False
ratio: 0.1
=====> Saving current model and best model
selecting samples for epoch 158
balance: False
ratio: 0.1
=====> Saving current model and best model
selecting samples for epoch 159
balance: False
ratio: 0.1
=====> Saving current model and best model
selecting samples for epoch 160
balance: False
ratio: 0.1
=====> Saving current model and best model
selecting samples for epoch 161
balance: False
ratio: 0.1
=====> Saving current model and best model
selecting samples for epoch 162
balance: False
ratio: 0.1
=====> Saving current model and best model
selecting samples for epoch 163
balance: False
ratio: 0.1
=====> Saving current model and best model
selecting samples for epoch 164
balance: False
ratio: 0.1
=====> Saving current model and best model
selecting samples for epoch 165
balance: False
ratio: 0.1
=====> Saving current model and best model
selecting samples for epoch 166
balance: False
ratio: 0.1
=====> Epoch: 166/300, Total_step: 31208, lr: 0.001000, Total Time: 11078.3693 s, Time this epoch: 48.0355 s
=====> Epoch: 166/300, Train Loss (train loader labels): 1.9859, Train acc (train loader labels): 0.4079, Best val acc: 0.6737, Current val acc: 0.5318, Val Loss: 1.3409
=====> Saving current model and best model
selecting samples for epoch 167
balance: False
ratio: 0.1
=====> Saving current model and best model
selecting samples for epoch 168
balance: False
ratio: 0.1
=====> Saving current model and best model
selecting samples for epoch 169
balance: False
ratio: 0.1
=====> Saving current model and best model
selecting samples for epoch 170
balance: False
ratio: 0.1
=====> Saving current model and best model
selecting samples for epoch 171
balance: False
ratio: 0.1
=====> Saving current model and best model
selecting samples for epoch 172
balance: False
ratio: 0.1
=====> Saving current model and best model
selecting samples for epoch 173
balance: False
ratio: 0.1
=====> Saving current model and best model
selecting samples for epoch 174
balance: False
ratio: 0.1
=====> Saving current model and best model
selecting samples for epoch 175
balance: False
ratio: 0.1
=====> Saving current model and best model
selecting samples for epoch 176
balance: False
ratio: 0.1
=====> Saving current model and best model
selecting samples for epoch 177
balance: False
ratio: 0.1
=====> Saving current model and best model
selecting samples for epoch 178
balance: False
ratio: 0.1
=====> Saving current model and best model
selecting samples for epoch 179
balance: False
ratio: 0.1
=====> Saving current model and best model
selecting samples for epoch 180
balance: False
ratio: 0.1
=====> Saving current model and best model
selecting samples for epoch 181
balance: False
ratio: 0.1
=====> Epoch: 181/300, Total_step: 34028, lr: 0.001000, Total Time: 11856.7870 s, Time this epoch: 47.8559 s
=====> Epoch: 181/300, Train Loss (train loader labels): 1.6898, Train acc (train loader labels): 0.4431, Best val acc: 0.6737, Current val acc: 0.5693, Val Loss: 1.2482
=====> Saving current model and best model
selecting samples for epoch 182
balance: False
ratio: 0.1
=====> Saving current model and best model
selecting samples for epoch 183
balance: False
ratio: 0.1
=====> Saving current model and best model
selecting samples for epoch 184
balance: False
ratio: 0.1
=====> Saving current model and best model
selecting samples for epoch 185
balance: False
ratio: 0.1
=====> Saving current model and best model
selecting samples for epoch 186
balance: False
ratio: 0.1
=====> Saving current model and best model
selecting samples for epoch 187
balance: False
ratio: 0.1
=====> Saving current model and best model
selecting samples for epoch 188
balance: False
ratio: 0.1
=====> Saving current model and best model
selecting samples for epoch 189
balance: False
ratio: 0.1
=====> Saving current model and best model
selecting samples for epoch 190
balance: False
ratio: 0.1
=====> Saving current model and best model
selecting samples for epoch 191
balance: False
ratio: 0.1
=====> Saving current model and best model
selecting samples for epoch 192
balance: False
ratio: 0.1
=====> Saving current model and best model
selecting samples for epoch 193
balance: False
ratio: 0.1
=====> Saving current model and best model
selecting samples for epoch 194
balance: False
ratio: 0.1
=====> Saving current model and best model
selecting samples for epoch 195
balance: False
ratio: 0.1
=====> Saving current model and best model
selecting samples for epoch 196
balance: False
ratio: 0.1
=====> Epoch: 196/300, Total_step: 36848, lr: 0.001000, Total Time: 12635.0700 s, Time this epoch: 47.9420 s
=====> Epoch: 196/300, Train Loss (train loader labels): 1.5913, Train acc (train loader labels): 0.4843, Best val acc: 0.6737, Current val acc: 0.6427, Val Loss: 1.1619
=====> Saving current model and best model
selecting samples for epoch 197
balance: False
ratio: 0.1
=====> Saving current model and best model
selecting samples for epoch 198
balance: False
ratio: 0.1
=====> Saving current model and best model
selecting samples for epoch 199
balance: False
ratio: 0.1
=====> Saving current model and best model
selecting samples for epoch 200
balance: False
ratio: 0.1
=====> Saving current model and best model
selecting samples for epoch 201
balance: False
ratio: 0.1
=====> Saving current model and best model
selecting samples for epoch 202
balance: False
ratio: 0.1
=====> Saving current model and best model
selecting samples for epoch 203
balance: False
ratio: 0.1
=====> Saving current model and best model
selecting samples for epoch 204
balance: False
ratio: 0.1
=====> Saving current model and best model
selecting samples for epoch 205
balance: False
ratio: 0.1
=====> Saving current model and best model
selecting samples for epoch 206
balance: False
ratio: 0.1
=====> Saving current model and best model
selecting samples for epoch 207
balance: False
ratio: 0.1
=====> Saving current model and best model
selecting samples for epoch 208
balance: False
ratio: 0.1
=====> Saving current model and best model
selecting samples for epoch 209
balance: False
ratio: 0.1
=====> Saving current model and best model
selecting samples for epoch 210
balance: False
ratio: 0.1
=====> Saving current model and best model
selecting samples for epoch 211
balance: False
ratio: 0.1
=====> Epoch: 211/300, Total_step: 39668, lr: 0.001000, Total Time: 13412.4947 s, Time this epoch: 48.0634 s
=====> Epoch: 211/300, Train Loss (train loader labels): 1.5921, Train acc (train loader labels): 0.4945, Best val acc: 0.6737, Current val acc: 0.6538, Val Loss: 1.1493
=====> Saving current model and best model
selecting samples for epoch 212
balance: False
ratio: 0.1
=====> Saving current model and best model
selecting samples for epoch 213
balance: False
ratio: 0.1
=====> Saving current model and best model
selecting samples for epoch 214
balance: False
ratio: 0.1
=====> Saving current model and best model
selecting samples for epoch 215
balance: False
ratio: 0.1
=====> Saving current model and best model
selecting samples for epoch 216
balance: False
ratio: 0.1
=====> Saving current model and best model
selecting samples for epoch 217
balance: False
ratio: 0.1
=====> Saving current model and best model
selecting samples for epoch 218
balance: False
ratio: 0.1
=====> Saving current model and best model
selecting samples for epoch 219
balance: False
ratio: 0.1
=====> Saving current model and best model
selecting samples for epoch 220
balance: False
ratio: 0.1
=====> Saving current model and best model
selecting samples for epoch 221
balance: False
ratio: 0.1
=====> Saving current model and best model
selecting samples for epoch 222
balance: False
ratio: 0.1
=====> Saving current model and best model
selecting samples for epoch 223
balance: False
ratio: 0.1
=====> Saving current model and best model
selecting samples for epoch 224
balance: False
ratio: 0.1
=====> Saving current model and best model
selecting samples for epoch 225
balance: False
ratio: 0.1
=====> Saving current model and best model
selecting samples for epoch 226
balance: False
ratio: 0.1
=====> Epoch: 226/300, Total_step: 42488, lr: 0.001000, Total Time: 14191.7344 s, Time this epoch: 48.0661 s
=====> Epoch: 226/300, Train Loss (train loader labels): 1.6467, Train acc (train loader labels): 0.4765, Best val acc: 0.6737, Current val acc: 0.6167, Val Loss: 1.1887
=====> Saving current model and best model
selecting samples for epoch 227
balance: False
ratio: 0.1
=====> Saving current model and best model
selecting samples for epoch 228
balance: False
ratio: 0.1
=====> Saving current model and best model
selecting samples for epoch 229
balance: False
ratio: 0.1
=====> Saving current model and best model
selecting samples for epoch 230
balance: False
ratio: 0.1
=====> Saving current model and best model
selecting samples for epoch 231
balance: False
ratio: 0.1
=====> Saving current model and best model
selecting samples for epoch 232
balance: False
ratio: 0.1
=====> Saving current model and best model
selecting samples for epoch 233
balance: False
ratio: 0.1
=====> Saving current model and best model
selecting samples for epoch 234
balance: False
ratio: 0.1
=====> Saving current model and best model
selecting samples for epoch 235
balance: False
ratio: 0.1
=====> Saving current model and best model
selecting samples for epoch 236
balance: False
ratio: 0.1
=====> Saving current model and best model
selecting samples for epoch 237
balance: False
ratio: 0.1
=====> Saving current model and best model
selecting samples for epoch 238
balance: False
ratio: 0.1
=====> Saving current model and best model
selecting samples for epoch 239
balance: False
ratio: 0.1
=====> Saving current model and best model
selecting samples for epoch 240
balance: False
ratio: 0.1
=====> Saving current model and best model
selecting samples for epoch 241
balance: False
ratio: 0.1
=====> Epoch: 241/300, Total_step: 45308, lr: 0.001000, Total Time: 14972.5810 s, Time this epoch: 48.0785 s
=====> Epoch: 241/300, Train Loss (train loader labels): 1.6118, Train acc (train loader labels): 0.4872, Best val acc: 0.6758, Current val acc: 0.6758, Val Loss: 1.1700
=====> Saving current model and best model
selecting samples for epoch 242
balance: False
ratio: 0.1
=====> Saving current model and best model
selecting samples for epoch 243
balance: False
ratio: 0.1
=====> Saving current model and best model
selecting samples for epoch 244
balance: False
ratio: 0.1
=====> Saving current model and best model
selecting samples for epoch 245
balance: False
ratio: 0.1
=====> Saving current model and best model
selecting samples for epoch 246
balance: False
ratio: 0.1
=====> Saving current model and best model
selecting samples for epoch 247
balance: False
ratio: 0.1
=====> Saving current model and best model
selecting samples for epoch 248
balance: False
ratio: 0.1
=====> Saving current model and best model
selecting samples for epoch 249
balance: False
ratio: 0.1
=====> Saving current model and best model
selecting samples for epoch 250
balance: False
ratio: 0.1
=====> Saving current model and best model
selecting samples for epoch 251
balance: False
ratio: 0.1
=====> Saving current model and best model
selecting samples for epoch 252
balance: False
ratio: 0.1
=====> Saving current model and best model
selecting samples for epoch 253
balance: False
ratio: 0.1
=====> Saving current model and best model
selecting samples for epoch 254
balance: False
ratio: 0.1
=====> Saving current model and best model
selecting samples for epoch 255
balance: False
ratio: 0.1
=====> Saving current model and best model
selecting samples for epoch 256
balance: False
ratio: 0.1
=====> Epoch: 256/300, Total_step: 48128, lr: 0.001000, Total Time: 15750.9844 s, Time this epoch: 47.9361 s
=====> Epoch: 256/300, Train Loss (train loader labels): 537.5378, Train acc (train loader labels): 0.2644, Best val acc: 0.6758, Current val acc: 0.3181, Val Loss: 340.9954
=====> Saving current model and best model
selecting samples for epoch 257
balance: False
ratio: 0.1
=====> Saving current model and best model
selecting samples for epoch 258
balance: False
ratio: 0.1
=====> Saving current model and best model
selecting samples for epoch 259
balance: False
ratio: 0.1
=====> Saving current model and best model
selecting samples for epoch 260
balance: False
ratio: 0.1
=====> Saving current model and best model
selecting samples for epoch 261
balance: False
ratio: 0.1
=====> Saving current model and best model
selecting samples for epoch 262
balance: False
ratio: 0.1
=====> Saving current model and best model
selecting samples for epoch 263
balance: False
ratio: 0.1
=====> Saving current model and best model
selecting samples for epoch 264
balance: False
ratio: 0.1
=====> Saving current model and best model
selecting samples for epoch 265
balance: False
ratio: 0.1
=====> Saving current model and best model
selecting samples for epoch 266
balance: False
ratio: 0.1
=====> Saving current model and best model
selecting samples for epoch 267
balance: False
ratio: 0.1
=====> Saving current model and best model
selecting samples for epoch 268
balance: False
ratio: 0.1
=====> Saving current model and best model
selecting samples for epoch 269
balance: False
ratio: 0.1
=====> Saving current model and best model
selecting samples for epoch 270
balance: False
ratio: 0.1
=====> Saving current model and best model
selecting samples for epoch 271
balance: False
ratio: 0.1
=====> Epoch: 271/300, Total_step: 50948, lr: 0.001000, Total Time: 16531.3980 s, Time this epoch: 48.1338 s
=====> Epoch: 271/300, Train Loss (train loader labels): 4.3691, Train acc (train loader labels): 0.3620, Best val acc: 0.6758, Current val acc: 0.4997, Val Loss: 2.2377
=====> Saving current model and best model
selecting samples for epoch 272
balance: False
ratio: 0.1
=====> Saving current model and best model
selecting samples for epoch 273
balance: False
ratio: 0.1
=====> Saving current model and best model
selecting samples for epoch 274
balance: False
ratio: 0.1
=====> Saving current model and best model
selecting samples for epoch 275
balance: False
ratio: 0.1
=====> Saving current model and best model
selecting samples for epoch 276
balance: False
ratio: 0.1
=====> Saving current model and best model
selecting samples for epoch 277
balance: False
ratio: 0.1
=====> Saving current model and best model
selecting samples for epoch 278
balance: False
ratio: 0.1
=====> Saving current model and best model
selecting samples for epoch 279
balance: False
ratio: 0.1
=====> Saving current model and best model
selecting samples for epoch 280
balance: False
ratio: 0.1
=====> Saving current model and best model
selecting samples for epoch 281
balance: False
ratio: 0.1
=====> Saving current model and best model
selecting samples for epoch 282
balance: False
ratio: 0.1
=====> Saving current model and best model
selecting samples for epoch 283
balance: False
ratio: 0.1
=====> Saving current model and best model
selecting samples for epoch 284
balance: False
ratio: 0.1
=====> Saving current model and best model
selecting samples for epoch 285
balance: False
ratio: 0.1
=====> Saving current model and best model
selecting samples for epoch 286
balance: False
ratio: 0.1
=====> Epoch: 286/300, Total_step: 53768, lr: 0.001000, Total Time: 17310.4957 s, Time this epoch: 48.1419 s
=====> Epoch: 286/300, Train Loss (train loader labels): 2.1698, Train acc (train loader labels): 0.4034, Best val acc: 0.6758, Current val acc: 0.5173, Val Loss: 1.4804
=====> Saving current model and best model
selecting samples for epoch 287
balance: False
ratio: 0.1
=====> Saving current model and best model
selecting samples for epoch 288
balance: False
ratio: 0.1
=====> Saving current model and best model
selecting samples for epoch 289
balance: False
ratio: 0.1
=====> Saving current model and best model
selecting samples for epoch 290
balance: False
ratio: 0.1
=====> Saving current model and best model
selecting samples for epoch 291
balance: False
ratio: 0.1
=====> Saving current model and best model
selecting samples for epoch 292
balance: False
ratio: 0.1
=====> Saving current model and best model
selecting samples for epoch 293
balance: False
ratio: 0.1
=====> Saving current model and best model
selecting samples for epoch 294
balance: False
ratio: 0.1
=====> Saving current model and best model
selecting samples for epoch 295
balance: False
ratio: 0.1
=====> Saving current model and best model
selecting samples for epoch 296
balance: False
ratio: 0.1
=====> Saving current model and best model
selecting samples for epoch 297
balance: False
ratio: 0.1
=====> Saving current model and best model
selecting samples for epoch 298
balance: False
ratio: 0.1
=====> Saving current model and best model
selecting samples for epoch 299
balance: False
ratio: 0.1
=====> Saving current model and best model
selecting samples for epoch 300
balance: False
ratio: 0.1
=====> Epoch: 300/300, Total_step: 56400, lr: 0.001000, Total Time: 18041.6591 s, Time this epoch: 47.8254 s
=====> Epoch: 300/300, Train Loss (train loader labels): 1.7411, Train acc (train loader labels): 0.4468, Best val acc: 0.6758, Current val acc: 0.5930, Val Loss: 1.2130
=====> Saving current model and best model
Saved helper snapshots to /home/mward19/Documents/miller/Online-Batch-Selection/snapshots/MNIST/{"bsel":"Uniform","seed":2,"model":"DeepLinear","opt":"adamw","bs":320,"ratio":0.1,"lr":0.001,"wd":0.01,"layers":8,"hidden_dim":1000}.p
Saved selected points array to /home/mward19/Documents/miller/Online-Batch-Selection/selected_points/MNIST/{"bsel":"Uniform","seed":2,"model":"DeepLinear","opt":"adamw","bs":320,"ratio":0.1,"lr":0.001,"wd":0.01,"layers":8,"hidden_dim":1000}.npy
========================= End Main =========================
