wandb: Tracking run with wandb version 0.27.0
wandb: W&B syncing is set to `offline` in this directory. Run `wandb online` or set WANDB_MODE=online to enable cloud syncing.
wandb: Run data is saved locally in exp/MNIST/Uniform_deeplinear_bs320_ep300_lr0.001_AdamW_constant_seed1_r0.1_5_hidden/wandb/offline-run-20260605_184120-iw3z7pto
wandb: 
wandb: Run history:
wandb:                                best_val_acc 鈻佲杺鈻呪枀鈻嗏枂鈻嗏枂鈻嗏枂鈻嗏枂鈻団枃鈻団枃鈻団枃鈻団枃鈻団枃鈻団枃鈻団枅鈻堚枅鈻堚枅鈻堚枅鈻堚枅鈻堚枅鈻堚枅鈻堚枅
wandb:                           diagnostics/epoch 鈻佲杹鈻佲杹鈻佲杹鈻佲杹鈻佲杹鈻佲杹鈻佲杹鈻佲杹鈻佲杹鈻佲杹鈻佲杹鈻佲杺鈻傗杺鈻傗杺鈻傗杺鈻冣杽鈻勨枀鈻呪枂鈻団枃鈻団枅
wandb: diagnostics/fixed_train_logits_norm_l2_mean 鈻佲杹鈻傗杺鈻傗杺鈻傗杺鈻傗杺鈻傗杺鈻冣杺鈻傗杻鈻傗杻鈻冣杺鈻冣杻鈻堚杻鈻冣杺鈻冣杺鈻傗杻鈻冣杺鈻冣杻鈻冣杽鈻冣杻鈻冣杻
wandb:        diagnostics/test_logits_norm_l2_mean 鈻佲杹鈻傗杹鈻傗杺鈻冣杺鈻傗杺鈻冣杺鈻傗杺鈻傗杻鈻傗杻鈻傗杺鈻冣枅鈻冣杻鈻冣杻鈻冣杻鈻冣杺鈻冣杻鈻冣杻鈻冣枀鈻冣杻鈻冣杻
wandb:                      diagnostics/total_step 鈻佲杹鈻佲杹鈻佲杹鈻佲杹鈻佲杹鈻佲杹鈻佲杹鈻佲杹鈻佲杹鈻佲杹鈻佲杺鈻傗杺鈻傗杺鈻傗杺鈻傗杺鈻冣杻鈻冣杽鈻勨枂鈻嗏枃鈻団枅
wandb:                                       epoch 鈻佲杹鈻佲杹鈻佲杹鈻佲杹鈻佲杹鈻佲杹鈻佲杹鈻佲杹鈻佲杹鈻佲杹鈻佲杺鈻傗杺鈻傗杺鈻傗杺鈻傗杻鈻冣杽鈻勨枀鈻呪枂鈻嗏枃鈻団枅
wandb:                                          lr 鈻佲杹鈻佲杹鈻佲杹鈻佲杹鈻佲杹鈻佲杹鈻佲杹鈻佲杹鈻佲杹鈻佲杹鈻佲杹鈻佲杹鈻佲杹鈻佲杹鈻佲杹鈻佲杹鈻佲杹鈻佲杹鈻佲杹鈻佲杹
wandb:                                  time_epoch 鈻佲杹鈻佲枅鈻堚枅鈻堚枅鈻堚枅鈻堚枅鈻堚枅鈻堚杽鈻勨杽鈻勨杽鈻勨杽鈻勨杽鈻勨杺鈻傗杺鈻傗杺鈻傗杺鈻傗杺鈻傗杺鈻傗杺鈻傗杺
wandb:                                  total_time 鈻佲杹鈻佲杹鈻佲杹鈻佲杹鈻佲杹鈻佲杹鈻佲杹鈻佲杺鈻傗杺鈻傗杺鈻傗杺鈻傗杺鈻傗杺鈻冣杻鈻冣杻鈻冣杻鈻冣杽鈻勨枀鈻嗏枂鈻嗏枅
wandb:                                   train_acc 鈻佲杻鈻勨枀鈻呪枂鈻嗏枂鈻嗏枂鈻嗏枂鈻嗏枂鈻嗏枃鈻嗏枃鈻嗏枂鈻団枃鈻団枂鈻団枃鈻団枅鈻堚枅鈻団枅鈻堚枅鈻団枃鈻堚枃鈻堚枃
wandb:                                          +5 ...
wandb: 
wandb: Run summary:
wandb:                                best_val_acc 0.6775
wandb:                           diagnostics/epoch 300
wandb: diagnostics/fixed_train_logits_norm_l2_mean 12.84698
wandb:        diagnostics/test_logits_norm_l2_mean 11.9807
wandb:                      diagnostics/total_step 56400
wandb:                         diagnostics/trigger batch_update
wandb:                                       epoch 300
wandb:                                          lr 0.001
wandb:                                  time_epoch 14.99477
wandb:                                  total_time 5664.26643
wandb:                                          +6 ...
wandb: 
wandb: You can sync this run to the cloud by running:
wandb: wandb sync exp/MNIST/Uniform_deeplinear_bs320_ep300_lr0.001_AdamW_constant_seed1_r0.1_5_hidden/wandb/offline-run-20260605_184120-iw3z7pto
wandb: Find logs at: exp/MNIST/Uniform_deeplinear_bs320_ep300_lr0.001_AdamW_constant_seed1_r0.1_5_hidden/wandb/offline-run-20260605_184120-iw3z7pto/logs
