save_dir: ./exp/MNIST/DivBS_deeplinear_bs320_ep300_lr0.001_AdamW_constant_seed2_r0.1_8_hidden
=====> Loading config files: 
configs/mnist/method/divbs-0.1.yaml
configs/mnist/data/mnist.yaml
configs/mnist/model/deep_linear_saxe/deep_linear_8.yaml
configs/mnist/optim/adamw-320-0.001-0.01.yaml
configs/diagnostics/snapshots_log_interval.yaml
=====> Config files loaded.
========================= Start Main =========================
=====> Saving config file
=====> Config file saved
=====> Using fixed random seed: 2
=====> Wandb initialized
=====> Number of GPUs: 1
Creating DivBS...
Begin training for DivBS...
=====> Epoch: 0/300, Total_step: 0, lr: 0.001000, Total Time: 0.0000 s, Time this epoch: 0.0000 s
=====> Epoch: 0/300, Train Loss (train loader labels): 2.3031, Train acc (train loader labels): 0.0676, Best val acc: 0.0644, Current val acc: 0.0644, Val Loss: 2.3036
balance: False
selecting samples for epoch 1, ratio 0.1
=====> Epoch: 1/300, Total_step: 1, lr: 0.001000, Total Time: 0.0000 s, Time this epoch: 0.0000 s
=====> Epoch: 1/300, Train Loss (train loader labels): 2.2966, Train acc (train loader labels): 0.1445, Best val acc: 0.1632, Current val acc: 0.1632, Val Loss: 2.2907
=====> Epoch: 1/300, Total_step: 48, lr: 0.001000, Total Time: 0.0000 s, Time this epoch: 0.0000 s
=====> Epoch: 1/300, Train Loss (train loader labels): 1.9809, Train acc (train loader labels): 0.2941, Best val acc: 0.3169, Current val acc: 0.3169, Val Loss: 1.8307
=====> Epoch: 1/300, Total_step: 95, lr: 0.001000, Total Time: 0.0000 s, Time this epoch: 0.0000 s
=====> Epoch: 1/300, Train Loss (train loader labels): 1.9592, Train acc (train loader labels): 0.2990, Best val acc: 0.4075, Current val acc: 0.4075, Val Loss: 1.7627
=====> Epoch: 1/300, Total_step: 142, lr: 0.001000, Total Time: 0.0000 s, Time this epoch: 0.0000 s
=====> Epoch: 1/300, Train Loss (train loader labels): 1.9122, Train acc (train loader labels): 0.3409, Best val acc: 0.4697, Current val acc: 0.4697, Val Loss: 1.7095
=====> Saving current model and best model
balance: False
selecting samples for epoch 2, ratio 0.1
=====> Epoch: 2/300, Total_step: 189, lr: 0.001000, Total Time: 323.8364 s, Time this epoch: 269.0333 s
=====> Epoch: 2/300, Train Loss (train loader labels): 2.0737, Train acc (train loader labels): 0.2869, Best val acc: 0.4697, Current val acc: 0.2931, Val Loss: 2.0214
=====> Epoch: 2/300, Total_step: 236, lr: 0.001000, Total Time: 323.8364 s, Time this epoch: 269.0333 s
=====> Epoch: 2/300, Train Loss (train loader labels): 1.8730, Train acc (train loader labels): 0.3611, Best val acc: 0.4697, Current val acc: 0.4542, Val Loss: 1.6992
=====> Epoch: 2/300, Total_step: 283, lr: 0.001000, Total Time: 323.8364 s, Time this epoch: 269.0333 s
=====> Epoch: 2/300, Train Loss (train loader labels): 2.1181, Train acc (train loader labels): 0.2137, Best val acc: 0.4697, Current val acc: 0.2505, Val Loss: 2.0185
=====> Epoch: 2/300, Total_step: 330, lr: 0.001000, Total Time: 323.8364 s, Time this epoch: 269.0333 s
=====> Epoch: 2/300, Train Loss (train loader labels): 1.8313, Train acc (train loader labels): 0.3596, Best val acc: 0.4697, Current val acc: 0.4018, Val Loss: 1.6623
=====> Saving current model and best model
balance: False
selecting samples for epoch 3, ratio 0.1
=====> Epoch: 3/300, Total_step: 377, lr: 0.001000, Total Time: 593.9498 s, Time this epoch: 269.6339 s
=====> Epoch: 3/300, Train Loss (train loader labels): 1.9683, Train acc (train loader labels): 0.3076, Best val acc: 0.4697, Current val acc: 0.2778, Val Loss: 1.9107
=====> Epoch: 3/300, Total_step: 424, lr: 0.001000, Total Time: 593.9498 s, Time this epoch: 269.6339 s
=====> Epoch: 3/300, Train Loss (train loader labels): 1.9270, Train acc (train loader labels): 0.3195, Best val acc: 0.4697, Current val acc: 0.3822, Val Loss: 1.8326
=====> Epoch: 3/300, Total_step: 471, lr: 0.001000, Total Time: 593.9498 s, Time this epoch: 269.6339 s
=====> Epoch: 3/300, Train Loss (train loader labels): 1.8584, Train acc (train loader labels): 0.3465, Best val acc: 0.4697, Current val acc: 0.4074, Val Loss: 1.6106
=====> Epoch: 3/300, Total_step: 518, lr: 0.001000, Total Time: 593.9498 s, Time this epoch: 269.6339 s
=====> Epoch: 3/300, Train Loss (train loader labels): 1.8338, Train acc (train loader labels): 0.3611, Best val acc: 0.4697, Current val acc: 0.4141, Val Loss: 1.6733
=====> Saving current model and best model
balance: False
selecting samples for epoch 4, ratio 0.1
=====> Epoch: 4/300, Total_step: 565, lr: 0.001000, Total Time: 864.6312 s, Time this epoch: 270.2484 s
=====> Epoch: 4/300, Train Loss (train loader labels): 1.8566, Train acc (train loader labels): 0.3404, Best val acc: 0.5005, Current val acc: 0.5005, Val Loss: 1.5849
=====> Epoch: 4/300, Total_step: 612, lr: 0.001000, Total Time: 864.6312 s, Time this epoch: 270.2484 s
=====> Epoch: 4/300, Train Loss (train loader labels): 1.7802, Train acc (train loader labels): 0.3660, Best val acc: 0.5005, Current val acc: 0.4160, Val Loss: 1.6172
=====> Epoch: 4/300, Total_step: 659, lr: 0.001000, Total Time: 864.6312 s, Time this epoch: 270.2484 s
=====> Epoch: 4/300, Train Loss (train loader labels): 1.8538, Train acc (train loader labels): 0.3386, Best val acc: 0.5005, Current val acc: 0.3499, Val Loss: 1.7179
=====> Epoch: 4/300, Total_step: 706, lr: 0.001000, Total Time: 864.6312 s, Time this epoch: 270.2484 s
=====> Epoch: 4/300, Train Loss (train loader labels): 1.7738, Train acc (train loader labels): 0.3864, Best val acc: 0.5005, Current val acc: 0.4764, Val Loss: 1.5564
=====> Saving current model and best model
balance: False
selecting samples for epoch 5, ratio 0.1
=====> Epoch: 5/300, Total_step: 753, lr: 0.001000, Total Time: 1135.1123 s, Time this epoch: 270.0725 s
=====> Epoch: 5/300, Train Loss (train loader labels): 1.8729, Train acc (train loader labels): 0.3606, Best val acc: 0.5005, Current val acc: 0.4330, Val Loss: 1.7629
=====> Epoch: 5/300, Total_step: 800, lr: 0.001000, Total Time: 1135.1123 s, Time this epoch: 270.0725 s
=====> Epoch: 5/300, Train Loss (train loader labels): 1.7624, Train acc (train loader labels): 0.3878, Best val acc: 0.5005, Current val acc: 0.4048, Val Loss: 1.5971
=====> Epoch: 5/300, Total_step: 847, lr: 0.001000, Total Time: 1135.1123 s, Time this epoch: 270.0725 s
=====> Epoch: 5/300, Train Loss (train loader labels): 1.7860, Train acc (train loader labels): 0.3632, Best val acc: 0.5005, Current val acc: 0.3974, Val Loss: 1.6672
=====> Epoch: 5/300, Total_step: 894, lr: 0.001000, Total Time: 1135.1123 s, Time this epoch: 270.0725 s
=====> Epoch: 5/300, Train Loss (train loader labels): 1.7770, Train acc (train loader labels): 0.3966, Best val acc: 0.5005, Current val acc: 0.4584, Val Loss: 1.6006
=====> Saving current model and best model
balance: False
selecting samples for epoch 6, ratio 0.1
=====> Epoch: 6/300, Total_step: 1128, lr: 0.001000, Total Time: 1408.3785 s, Time this epoch: 272.7612 s
=====> Epoch: 6/300, Train Loss (train loader labels): 1.8029, Train acc (train loader labels): 0.3676, Best val acc: 0.5005, Current val acc: 0.4290, Val Loss: 1.5961
=====> Saving current model and best model
balance: False
selecting samples for epoch 7, ratio 0.1
=====> Epoch: 7/300, Total_step: 1316, lr: 0.001000, Total Time: 1514.3339 s, Time this epoch: 105.5714 s
=====> Epoch: 7/300, Train Loss (train loader labels): 2.0500, Train acc (train loader labels): 0.3171, Best val acc: 0.5005, Current val acc: 0.4218, Val Loss: 1.6007
=====> Saving current model and best model
balance: False
selecting samples for epoch 8, ratio 0.1
=====> Epoch: 8/300, Total_step: 1504, lr: 0.001000, Total Time: 1620.6895 s, Time this epoch: 105.8741 s
=====> Epoch: 8/300, Train Loss (train loader labels): 66.5532, Train acc (train loader labels): 0.2199, Best val acc: 0.5005, Current val acc: 0.1991, Val Loss: 56.5261
=====> Saving current model and best model
balance: False
selecting samples for epoch 9, ratio 0.1
=====> Epoch: 9/300, Total_step: 1692, lr: 0.001000, Total Time: 1727.3594 s, Time this epoch: 106.2271 s
=====> Epoch: 9/300, Train Loss (train loader labels): 13.2406, Train acc (train loader labels): 0.2380, Best val acc: 0.5005, Current val acc: 0.2950, Val Loss: 7.4603
=====> Saving current model and best model
balance: False
selecting samples for epoch 10, ratio 0.1
=====> Epoch: 10/300, Total_step: 1880, lr: 0.001000, Total Time: 1833.6914 s, Time this epoch: 105.9317 s
=====> Epoch: 10/300, Train Loss (train loader labels): 6.9432, Train acc (train loader labels): 0.3227, Best val acc: 0.5005, Current val acc: 0.4216, Val Loss: 3.6134
=====> Saving current model and best model
balance: False
selecting samples for epoch 11, ratio 0.1
=====> Epoch: 11/300, Total_step: 2068, lr: 0.001000, Total Time: 1939.8521 s, Time this epoch: 105.7964 s
=====> Epoch: 11/300, Train Loss (train loader labels): 9.6879, Train acc (train loader labels): 0.3045, Best val acc: 0.5005, Current val acc: 0.3456, Val Loss: 6.8580
=====> Saving current model and best model
balance: False
selecting samples for epoch 12, ratio 0.1
=====> Epoch: 12/300, Total_step: 2256, lr: 0.001000, Total Time: 2045.9664 s, Time this epoch: 105.6703 s
=====> Epoch: 12/300, Train Loss (train loader labels): 5.1467, Train acc (train loader labels): 0.2847, Best val acc: 0.5005, Current val acc: 0.3187, Val Loss: 4.4005
=====> Saving current model and best model
balance: False
selecting samples for epoch 13, ratio 0.1
=====> Epoch: 13/300, Total_step: 2444, lr: 0.001000, Total Time: 2151.9459 s, Time this epoch: 105.3892 s
=====> Epoch: 13/300, Train Loss (train loader labels): 4.3486, Train acc (train loader labels): 0.3129, Best val acc: 0.5005, Current val acc: 0.3827, Val Loss: 2.7909
=====> Saving current model and best model
balance: False
selecting samples for epoch 14, ratio 0.1
=====> Epoch: 14/300, Total_step: 2632, lr: 0.001000, Total Time: 2257.8192 s, Time this epoch: 105.4848 s
=====> Epoch: 14/300, Train Loss (train loader labels): 3.4534, Train acc (train loader labels): 0.2882, Best val acc: 0.5005, Current val acc: 0.3704, Val Loss: 2.3716
=====> Saving current model and best model
balance: False
selecting samples for epoch 15, ratio 0.1
=====> Epoch: 15/300, Total_step: 2820, lr: 0.001000, Total Time: 2363.8688 s, Time this epoch: 105.7173 s
=====> Epoch: 15/300, Train Loss (train loader labels): 2.6138, Train acc (train loader labels): 0.3569, Best val acc: 0.5005, Current val acc: 0.3834, Val Loss: 1.7812
=====> Saving current model and best model
balance: False
selecting samples for epoch 16, ratio 0.1
=====> Epoch: 16/300, Total_step: 3008, lr: 0.001000, Total Time: 2470.0098 s, Time this epoch: 105.7120 s
=====> Epoch: 16/300, Train Loss (train loader labels): 2.5887, Train acc (train loader labels): 0.3219, Best val acc: 0.5005, Current val acc: 0.4359, Val Loss: 1.6887
=====> Saving current model and best model
balance: False
selecting samples for epoch 17, ratio 0.1
=====> Epoch: 17/300, Total_step: 3196, lr: 0.001000, Total Time: 2575.9283 s, Time this epoch: 105.5102 s
=====> Epoch: 17/300, Train Loss (train loader labels): 2.2659, Train acc (train loader labels): 0.3489, Best val acc: 0.5005, Current val acc: 0.4349, Val Loss: 1.8031
=====> Saving current model and best model
balance: False
selecting samples for epoch 18, ratio 0.1
=====> Epoch: 18/300, Total_step: 3384, lr: 0.001000, Total Time: 2681.8713 s, Time this epoch: 105.6218 s
=====> Epoch: 18/300, Train Loss (train loader labels): 2.4146, Train acc (train loader labels): 0.3426, Best val acc: 0.5005, Current val acc: 0.4154, Val Loss: 1.8435
=====> Saving current model and best model
balance: False
selecting samples for epoch 19, ratio 0.1
=====> Epoch: 19/300, Total_step: 3572, lr: 0.001000, Total Time: 2787.8196 s, Time this epoch: 105.5260 s
=====> Epoch: 19/300, Train Loss (train loader labels): 2.0536, Train acc (train loader labels): 0.3559, Best val acc: 0.5005, Current val acc: 0.4556, Val Loss: 1.5678
=====> Saving current model and best model
balance: False
selecting samples for epoch 20, ratio 0.1
=====> Epoch: 20/300, Total_step: 3760, lr: 0.001000, Total Time: 2893.5684 s, Time this epoch: 105.3119 s
=====> Epoch: 20/300, Train Loss (train loader labels): 1.9728, Train acc (train loader labels): 0.3927, Best val acc: 0.5005, Current val acc: 0.4422, Val Loss: 1.6075
=====> Saving current model and best model
balance: False
selecting samples for epoch 21, ratio 0.1
=====> Epoch: 21/300, Total_step: 3948, lr: 0.001000, Total Time: 2999.5047 s, Time this epoch: 105.6492 s
=====> Epoch: 21/300, Train Loss (train loader labels): 2.4728, Train acc (train loader labels): 0.2791, Best val acc: 0.5005, Current val acc: 0.3063, Val Loss: 2.1334
=====> Saving current model and best model
balance: False
selecting samples for epoch 22, ratio 0.1
=====> Epoch: 22/300, Total_step: 4136, lr: 0.001000, Total Time: 3105.2398 s, Time this epoch: 105.4222 s
=====> Epoch: 22/300, Train Loss (train loader labels): 2.0365, Train acc (train loader labels): 0.3953, Best val acc: 0.5118, Current val acc: 0.5118, Val Loss: 1.4572
=====> Saving current model and best model
balance: False
selecting samples for epoch 23, ratio 0.1
=====> Epoch: 23/300, Total_step: 4324, lr: 0.001000, Total Time: 3210.6615 s, Time this epoch: 105.0876 s
=====> Epoch: 23/300, Train Loss (train loader labels): 1.9625, Train acc (train loader labels): 0.3783, Best val acc: 0.5137, Current val acc: 0.5137, Val Loss: 1.4452
=====> Saving current model and best model
balance: False
selecting samples for epoch 24, ratio 0.1
=====> Epoch: 24/300, Total_step: 4512, lr: 0.001000, Total Time: 3317.1391 s, Time this epoch: 105.2522 s
=====> Epoch: 24/300, Train Loss (train loader labels): 2.1532, Train acc (train loader labels): 0.3414, Best val acc: 0.5137, Current val acc: 0.4453, Val Loss: 1.6778
=====> Saving current model and best model
balance: False
selecting samples for epoch 25, ratio 0.1
=====> Epoch: 25/300, Total_step: 4700, lr: 0.001000, Total Time: 3424.0379 s, Time this epoch: 105.2185 s
=====> Epoch: 25/300, Train Loss (train loader labels): 1.7725, Train acc (train loader labels): 0.4247, Best val acc: 0.5357, Current val acc: 0.5357, Val Loss: 1.3592
=====> Saving current model and best model
balance: False
selecting samples for epoch 26, ratio 0.1
=====> Epoch: 26/300, Total_step: 4888, lr: 0.001000, Total Time: 3530.0071 s, Time this epoch: 105.5834 s
=====> Epoch: 26/300, Train Loss (train loader labels): 2.0542, Train acc (train loader labels): 0.3861, Best val acc: 0.5357, Current val acc: 0.4613, Val Loss: 1.6003
=====> Saving current model and best model
balance: False
selecting samples for epoch 27, ratio 0.1
=====> Saving current model and best model
balance: False
selecting samples for epoch 28, ratio 0.1
=====> Saving current model and best model
balance: False
selecting samples for epoch 29, ratio 0.1
=====> Epoch: 29/300, Total_step: 5452, lr: 0.001000, Total Time: 3737.8987 s, Time this epoch: 50.3090 s
=====> Epoch: 29/300, Train Loss (train loader labels): 1.6834, Train acc (train loader labels): 0.4497, Best val acc: 0.5800, Current val acc: 0.5800, Val Loss: 1.3611
=====> Saving current model and best model
balance: False
selecting samples for epoch 30, ratio 0.1
=====> Saving current model and best model
balance: False
selecting samples for epoch 31, ratio 0.1
=====> Saving current model and best model
balance: False
selecting samples for epoch 32, ratio 0.1
=====> Saving current model and best model
balance: False
selecting samples for epoch 33, ratio 0.1
=====> Epoch: 33/300, Total_step: 6204, lr: 0.001000, Total Time: 3998.3304 s, Time this epoch: 50.3881 s
=====> Epoch: 33/300, Train Loss (train loader labels): 1.6831, Train acc (train loader labels): 0.4525, Best val acc: 0.5800, Current val acc: 0.5623, Val Loss: 1.2903
=====> Saving current model and best model
balance: False
selecting samples for epoch 34, ratio 0.1
=====> Saving current model and best model
balance: False
selecting samples for epoch 35, ratio 0.1
=====> Saving current model and best model
balance: False
selecting samples for epoch 36, ratio 0.1
=====> Saving current model and best model
balance: False
selecting samples for epoch 37, ratio 0.1
=====> Epoch: 37/300, Total_step: 6956, lr: 0.001000, Total Time: 4256.9337 s, Time this epoch: 50.2495 s
=====> Epoch: 37/300, Train Loss (train loader labels): 1.6807, Train acc (train loader labels): 0.4390, Best val acc: 0.5800, Current val acc: 0.5453, Val Loss: 1.3265
=====> Saving current model and best model
balance: False
selecting samples for epoch 38, ratio 0.1
=====> Saving current model and best model
balance: False
selecting samples for epoch 39, ratio 0.1
=====> Saving current model and best model
balance: False
selecting samples for epoch 40, ratio 0.1
=====> Saving current model and best model
balance: False
selecting samples for epoch 41, ratio 0.1
=====> Epoch: 41/300, Total_step: 7708, lr: 0.001000, Total Time: 4515.7142 s, Time this epoch: 50.2538 s
=====> Epoch: 41/300, Train Loss (train loader labels): 1.6945, Train acc (train loader labels): 0.4275, Best val acc: 0.5800, Current val acc: 0.5454, Val Loss: 1.3655
=====> Saving current model and best model
balance: False
selecting samples for epoch 42, ratio 0.1
=====> Saving current model and best model
balance: False
selecting samples for epoch 43, ratio 0.1
=====> Saving current model and best model
balance: False
selecting samples for epoch 44, ratio 0.1
=====> Saving current model and best model
balance: False
selecting samples for epoch 45, ratio 0.1
=====> Epoch: 45/300, Total_step: 8460, lr: 0.001000, Total Time: 4774.0322 s, Time this epoch: 50.3501 s
=====> Epoch: 45/300, Train Loss (train loader labels): 1.7321, Train acc (train loader labels): 0.4187, Best val acc: 0.5800, Current val acc: 0.5393, Val Loss: 1.3801
=====> Saving current model and best model
balance: False
selecting samples for epoch 46, ratio 0.1
=====> Saving current model and best model
balance: False
selecting samples for epoch 47, ratio 0.1
=====> Saving current model and best model
balance: False
selecting samples for epoch 48, ratio 0.1
=====> Saving current model and best model
balance: False
selecting samples for epoch 49, ratio 0.1
=====> Epoch: 49/300, Total_step: 9212, lr: 0.001000, Total Time: 5031.5034 s, Time this epoch: 50.2879 s
=====> Epoch: 49/300, Train Loss (train loader labels): 1.6947, Train acc (train loader labels): 0.4377, Best val acc: 0.5800, Current val acc: 0.5666, Val Loss: 1.3410
=====> Saving current model and best model
balance: False
selecting samples for epoch 50, ratio 0.1
=====> Saving current model and best model
balance: False
selecting samples for epoch 51, ratio 0.1
=====> Saving current model and best model
balance: False
selecting samples for epoch 52, ratio 0.1
=====> Saving current model and best model
balance: False
selecting samples for epoch 53, ratio 0.1
=====> Epoch: 53/300, Total_step: 9964, lr: 0.001000, Total Time: 5288.8842 s, Time this epoch: 50.2649 s
=====> Epoch: 53/300, Train Loss (train loader labels): 1.6303, Train acc (train loader labels): 0.4599, Best val acc: 0.5800, Current val acc: 0.5650, Val Loss: 1.3498
=====> Saving current model and best model
balance: False
selecting samples for epoch 54, ratio 0.1
=====> Saving current model and best model
balance: False
selecting samples for epoch 55, ratio 0.1
=====> Saving current model and best model
balance: False
selecting samples for epoch 56, ratio 0.1
=====> Saving current model and best model
balance: False
selecting samples for epoch 57, ratio 0.1
=====> Epoch: 57/300, Total_step: 10716, lr: 0.001000, Total Time: 5546.8768 s, Time this epoch: 50.0070 s
=====> Epoch: 57/300, Train Loss (train loader labels): 1.6128, Train acc (train loader labels): 0.4703, Best val acc: 0.5800, Current val acc: 0.5165, Val Loss: 1.4562
=====> Saving current model and best model
balance: False
selecting samples for epoch 58, ratio 0.1
=====> Saving current model and best model
balance: False
selecting samples for epoch 59, ratio 0.1
=====> Saving current model and best model
balance: False
selecting samples for epoch 60, ratio 0.1
=====> Saving current model and best model
balance: False
selecting samples for epoch 61, ratio 0.1
=====> Epoch: 61/300, Total_step: 11468, lr: 0.001000, Total Time: 5806.3280 s, Time this epoch: 50.2926 s
=====> Epoch: 61/300, Train Loss (train loader labels): 1.5982, Train acc (train loader labels): 0.4806, Best val acc: 0.6448, Current val acc: 0.6448, Val Loss: 1.2745
=====> Saving current model and best model
balance: False
selecting samples for epoch 62, ratio 0.1
=====> Saving current model and best model
balance: False
selecting samples for epoch 63, ratio 0.1
=====> Saving current model and best model
balance: False
selecting samples for epoch 64, ratio 0.1
=====> Saving current model and best model
balance: False
selecting samples for epoch 65, ratio 0.1
=====> Epoch: 65/300, Total_step: 12220, lr: 0.001000, Total Time: 6066.1864 s, Time this epoch: 50.1350 s
=====> Epoch: 65/300, Train Loss (train loader labels): 1.5921, Train acc (train loader labels): 0.4692, Best val acc: 0.6448, Current val acc: 0.6081, Val Loss: 1.2565
=====> Saving current model and best model
balance: False
selecting samples for epoch 66, ratio 0.1
=====> Saving current model and best model
balance: False
selecting samples for epoch 67, ratio 0.1
=====> Saving current model and best model
balance: False
selecting samples for epoch 68, ratio 0.1
=====> Saving current model and best model
balance: False
selecting samples for epoch 69, ratio 0.1
=====> Saving current model and best model
balance: False
selecting samples for epoch 70, ratio 0.1
=====> Saving current model and best model
balance: False
selecting samples for epoch 71, ratio 0.1
=====> Saving current model and best model
balance: False
selecting samples for epoch 72, ratio 0.1
=====> Saving current model and best model
balance: False
selecting samples for epoch 73, ratio 0.1
=====> Saving current model and best model
balance: False
selecting samples for epoch 74, ratio 0.1
=====> Saving current model and best model
balance: False
selecting samples for epoch 75, ratio 0.1
=====> Saving current model and best model
balance: False
selecting samples for epoch 76, ratio 0.1
=====> Epoch: 76/300, Total_step: 14288, lr: 0.001000, Total Time: 6678.8955 s, Time this epoch: 50.1545 s
=====> Epoch: 76/300, Train Loss (train loader labels): 1.6215, Train acc (train loader labels): 0.4829, Best val acc: 0.6569, Current val acc: 0.6569, Val Loss: 1.2744
=====> Saving current model and best model
balance: False
selecting samples for epoch 77, ratio 0.1
=====> Saving current model and best model
balance: False
selecting samples for epoch 78, ratio 0.1
=====> Saving current model and best model
balance: False
selecting samples for epoch 79, ratio 0.1
=====> Saving current model and best model
balance: False
selecting samples for epoch 80, ratio 0.1
=====> Saving current model and best model
balance: False
selecting samples for epoch 81, ratio 0.1
=====> Saving current model and best model
balance: False
selecting samples for epoch 82, ratio 0.1
=====> Saving current model and best model
balance: False
selecting samples for epoch 83, ratio 0.1
=====> Saving current model and best model
balance: False
selecting samples for epoch 84, ratio 0.1
=====> Saving current model and best model
balance: False
selecting samples for epoch 85, ratio 0.1
=====> Saving current model and best model
balance: False
selecting samples for epoch 86, ratio 0.1
=====> Saving current model and best model
balance: False
selecting samples for epoch 87, ratio 0.1
=====> Saving current model and best model
balance: False
selecting samples for epoch 88, ratio 0.1
=====> Saving current model and best model
balance: False
selecting samples for epoch 89, ratio 0.1
=====> Saving current model and best model
balance: False
selecting samples for epoch 90, ratio 0.1
=====> Saving current model and best model
balance: False
selecting samples for epoch 91, ratio 0.1
=====> Epoch: 91/300, Total_step: 17108, lr: 0.001000, Total Time: 7496.2295 s, Time this epoch: 50.0997 s
=====> Epoch: 91/300, Train Loss (train loader labels): 1.6626, Train acc (train loader labels): 0.4667, Best val acc: 0.6569, Current val acc: 0.5987, Val Loss: 1.4173
=====> Saving current model and best model
balance: False
selecting samples for epoch 92, ratio 0.1
=====> Saving current model and best model
balance: False
selecting samples for epoch 93, ratio 0.1
=====> Saving current model and best model
balance: False
selecting samples for epoch 94, ratio 0.1
=====> Saving current model and best model
balance: False
selecting samples for epoch 95, ratio 0.1
=====> Saving current model and best model
balance: False
selecting samples for epoch 96, ratio 0.1
=====> Saving current model and best model
balance: False
selecting samples for epoch 97, ratio 0.1
=====> Saving current model and best model
balance: False
selecting samples for epoch 98, ratio 0.1
=====> Saving current model and best model
balance: False
selecting samples for epoch 99, ratio 0.1
=====> Saving current model and best model
balance: False
selecting samples for epoch 100, ratio 0.1
=====> Saving current model and best model
balance: False
selecting samples for epoch 101, ratio 0.1
=====> Saving current model and best model
balance: False
selecting samples for epoch 102, ratio 0.1
=====> Saving current model and best model
balance: False
selecting samples for epoch 103, ratio 0.1
=====> Saving current model and best model
balance: False
selecting samples for epoch 104, ratio 0.1
=====> Saving current model and best model
balance: False
selecting samples for epoch 105, ratio 0.1
=====> Saving current model and best model
balance: False
selecting samples for epoch 106, ratio 0.1
=====> Epoch: 106/300, Total_step: 19928, lr: 0.001000, Total Time: 8312.1916 s, Time this epoch: 50.1426 s
=====> Epoch: 106/300, Train Loss (train loader labels): 1.6730, Train acc (train loader labels): 0.4510, Best val acc: 0.6569, Current val acc: 0.5547, Val Loss: 1.4506
=====> Saving current model and best model
balance: False
selecting samples for epoch 107, ratio 0.1
=====> Saving current model and best model
balance: False
selecting samples for epoch 108, ratio 0.1
=====> Saving current model and best model
balance: False
selecting samples for epoch 109, ratio 0.1
=====> Saving current model and best model
balance: False
selecting samples for epoch 110, ratio 0.1
=====> Saving current model and best model
balance: False
selecting samples for epoch 111, ratio 0.1
=====> Saving current model and best model
balance: False
selecting samples for epoch 112, ratio 0.1
=====> Saving current model and best model
balance: False
selecting samples for epoch 113, ratio 0.1
=====> Saving current model and best model
balance: False
selecting samples for epoch 114, ratio 0.1
=====> Saving current model and best model
balance: False
selecting samples for epoch 115, ratio 0.1
=====> Saving current model and best model
balance: False
selecting samples for epoch 116, ratio 0.1
=====> Saving current model and best model
balance: False
selecting samples for epoch 117, ratio 0.1
=====> Saving current model and best model
balance: False
selecting samples for epoch 118, ratio 0.1
=====> Saving current model and best model
balance: False
selecting samples for epoch 119, ratio 0.1
=====> Saving current model and best model
balance: False
selecting samples for epoch 120, ratio 0.1
=====> Saving current model and best model
balance: False
selecting samples for epoch 121, ratio 0.1
=====> Epoch: 121/300, Total_step: 22748, lr: 0.001000, Total Time: 9126.4872 s, Time this epoch: 50.1709 s
=====> Epoch: 121/300, Train Loss (train loader labels): 1.6675, Train acc (train loader labels): 0.4379, Best val acc: 0.6569, Current val acc: 0.5552, Val Loss: 1.4556
=====> Saving current model and best model
balance: False
selecting samples for epoch 122, ratio 0.1
=====> Saving current model and best model
balance: False
selecting samples for epoch 123, ratio 0.1
=====> Saving current model and best model
balance: False
selecting samples for epoch 124, ratio 0.1
=====> Saving current model and best model
balance: False
selecting samples for epoch 125, ratio 0.1
=====> Saving current model and best model
balance: False
selecting samples for epoch 126, ratio 0.1
=====> Saving current model and best model
balance: False
selecting samples for epoch 127, ratio 0.1
=====> Saving current model and best model
balance: False
selecting samples for epoch 128, ratio 0.1
=====> Saving current model and best model
balance: False
selecting samples for epoch 129, ratio 0.1
=====> Saving current model and best model
balance: False
selecting samples for epoch 130, ratio 0.1
=====> Saving current model and best model
balance: False
selecting samples for epoch 131, ratio 0.1
=====> Saving current model and best model
balance: False
selecting samples for epoch 132, ratio 0.1
=====> Saving current model and best model
balance: False
selecting samples for epoch 133, ratio 0.1
=====> Saving current model and best model
balance: False
selecting samples for epoch 134, ratio 0.1
=====> Saving current model and best model
balance: False
selecting samples for epoch 135, ratio 0.1
=====> Saving current model and best model
balance: False
selecting samples for epoch 136, ratio 0.1
=====> Epoch: 136/300, Total_step: 25568, lr: 0.001000, Total Time: 9940.5727 s, Time this epoch: 50.4301 s
=====> Epoch: 136/300, Train Loss (train loader labels): 11.0542, Train acc (train loader labels): 0.3128, Best val acc: 0.6569, Current val acc: 0.4013, Val Loss: 6.2889
=====> Saving current model and best model
balance: False
selecting samples for epoch 137, ratio 0.1
=====> Saving current model and best model
balance: False
selecting samples for epoch 138, ratio 0.1
=====> Saving current model and best model
balance: False
selecting samples for epoch 139, ratio 0.1
=====> Saving current model and best model
balance: False
selecting samples for epoch 140, ratio 0.1
=====> Saving current model and best model
balance: False
selecting samples for epoch 141, ratio 0.1
=====> Saving current model and best model
balance: False
selecting samples for epoch 142, ratio 0.1
=====> Saving current model and best model
balance: False
selecting samples for epoch 143, ratio 0.1
=====> Saving current model and best model
balance: False
selecting samples for epoch 144, ratio 0.1
=====> Saving current model and best model
balance: False
selecting samples for epoch 145, ratio 0.1
=====> Saving current model and best model
balance: False
selecting samples for epoch 146, ratio 0.1
=====> Saving current model and best model
balance: False
selecting samples for epoch 147, ratio 0.1
=====> Saving current model and best model
balance: False
selecting samples for epoch 148, ratio 0.1
=====> Saving current model and best model
balance: False
selecting samples for epoch 149, ratio 0.1
=====> Saving current model and best model
balance: False
selecting samples for epoch 150, ratio 0.1
=====> Saving current model and best model
balance: False
selecting samples for epoch 151, ratio 0.1
=====> Epoch: 151/300, Total_step: 28388, lr: 0.001000, Total Time: 10757.0528 s, Time this epoch: 50.5346 s
=====> Epoch: 151/300, Train Loss (train loader labels): 2.2695, Train acc (train loader labels): 0.3651, Best val acc: 0.6569, Current val acc: 0.5379, Val Loss: 1.4368
=====> Saving current model and best model
balance: False
selecting samples for epoch 152, ratio 0.1
=====> Saving current model and best model
balance: False
selecting samples for epoch 153, ratio 0.1
=====> Saving current model and best model
balance: False
selecting samples for epoch 154, ratio 0.1
=====> Saving current model and best model
balance: False
selecting samples for epoch 155, ratio 0.1
=====> Saving current model and best model
balance: False
selecting samples for epoch 156, ratio 0.1
=====> Saving current model and best model
balance: False
selecting samples for epoch 157, ratio 0.1
=====> Saving current model and best model
balance: False
selecting samples for epoch 158, ratio 0.1
=====> Saving current model and best model
balance: False
selecting samples for epoch 159, ratio 0.1
=====> Saving current model and best model
balance: False
selecting samples for epoch 160, ratio 0.1
=====> Saving current model and best model
balance: False
selecting samples for epoch 161, ratio 0.1
=====> Saving current model and best model
balance: False
selecting samples for epoch 162, ratio 0.1
=====> Saving current model and best model
balance: False
selecting samples for epoch 163, ratio 0.1
=====> Saving current model and best model
balance: False
selecting samples for epoch 164, ratio 0.1
=====> Saving current model and best model
balance: False
selecting samples for epoch 165, ratio 0.1
=====> Saving current model and best model
balance: False
selecting samples for epoch 166, ratio 0.1
=====> Epoch: 166/300, Total_step: 31208, lr: 0.001000, Total Time: 11574.4511 s, Time this epoch: 50.2896 s
=====> Epoch: 166/300, Train Loss (train loader labels): 1.8298, Train acc (train loader labels): 0.4240, Best val acc: 0.6569, Current val acc: 0.5303, Val Loss: 1.4520
=====> Saving current model and best model
balance: False
selecting samples for epoch 167, ratio 0.1
=====> Saving current model and best model
balance: False
selecting samples for epoch 168, ratio 0.1
=====> Saving current model and best model
balance: False
selecting samples for epoch 169, ratio 0.1
=====> Saving current model and best model
balance: False
selecting samples for epoch 170, ratio 0.1
=====> Saving current model and best model
balance: False
selecting samples for epoch 171, ratio 0.1
=====> Saving current model and best model
balance: False
selecting samples for epoch 172, ratio 0.1
=====> Saving current model and best model
balance: False
selecting samples for epoch 173, ratio 0.1
=====> Saving current model and best model
balance: False
selecting samples for epoch 174, ratio 0.1
=====> Saving current model and best model
balance: False
selecting samples for epoch 175, ratio 0.1
=====> Saving current model and best model
balance: False
selecting samples for epoch 176, ratio 0.1
=====> Saving current model and best model
balance: False
selecting samples for epoch 177, ratio 0.1
=====> Saving current model and best model
balance: False
selecting samples for epoch 178, ratio 0.1
=====> Saving current model and best model
balance: False
selecting samples for epoch 179, ratio 0.1
=====> Saving current model and best model
balance: False
selecting samples for epoch 180, ratio 0.1
=====> Saving current model and best model
balance: False
selecting samples for epoch 181, ratio 0.1
=====> Epoch: 181/300, Total_step: 34028, lr: 0.001000, Total Time: 12389.4115 s, Time this epoch: 50.2487 s
=====> Epoch: 181/300, Train Loss (train loader labels): 1.6508, Train acc (train loader labels): 0.4464, Best val acc: 0.6569, Current val acc: 0.5995, Val Loss: 1.3416
=====> Saving current model and best model
balance: False
selecting samples for epoch 182, ratio 0.1
=====> Saving current model and best model
balance: False
selecting samples for epoch 183, ratio 0.1
=====> Saving current model and best model
balance: False
selecting samples for epoch 184, ratio 0.1
=====> Saving current model and best model
balance: False
selecting samples for epoch 185, ratio 0.1
=====> Saving current model and best model
balance: False
selecting samples for epoch 186, ratio 0.1
=====> Saving current model and best model
balance: False
selecting samples for epoch 187, ratio 0.1
=====> Saving current model and best model
balance: False
selecting samples for epoch 188, ratio 0.1
=====> Saving current model and best model
balance: False
selecting samples for epoch 189, ratio 0.1
=====> Saving current model and best model
balance: False
selecting samples for epoch 190, ratio 0.1
=====> Saving current model and best model
balance: False
selecting samples for epoch 191, ratio 0.1
=====> Saving current model and best model
balance: False
selecting samples for epoch 192, ratio 0.1
=====> Saving current model and best model
balance: False
selecting samples for epoch 193, ratio 0.1
=====> Saving current model and best model
balance: False
selecting samples for epoch 194, ratio 0.1
=====> Saving current model and best model
balance: False
selecting samples for epoch 195, ratio 0.1
=====> Saving current model and best model
balance: False
selecting samples for epoch 196, ratio 0.1
=====> Epoch: 196/300, Total_step: 36848, lr: 0.001000, Total Time: 13205.3243 s, Time this epoch: 50.2923 s
=====> Epoch: 196/300, Train Loss (train loader labels): 1.6044, Train acc (train loader labels): 0.4673, Best val acc: 0.6569, Current val acc: 0.5987, Val Loss: 1.3281
=====> Saving current model and best model
balance: False
selecting samples for epoch 197, ratio 0.1
=====> Saving current model and best model
balance: False
selecting samples for epoch 198, ratio 0.1
=====> Saving current model and best model
balance: False
selecting samples for epoch 199, ratio 0.1
=====> Saving current model and best model
balance: False
selecting samples for epoch 200, ratio 0.1
=====> Saving current model and best model
balance: False
selecting samples for epoch 201, ratio 0.1
=====> Saving current model and best model
balance: False
selecting samples for epoch 202, ratio 0.1
=====> Saving current model and best model
balance: False
selecting samples for epoch 203, ratio 0.1
=====> Saving current model and best model
balance: False
selecting samples for epoch 204, ratio 0.1
=====> Saving current model and best model
balance: False
selecting samples for epoch 205, ratio 0.1
=====> Saving current model and best model
balance: False
selecting samples for epoch 206, ratio 0.1
=====> Saving current model and best model
balance: False
selecting samples for epoch 207, ratio 0.1
=====> Saving current model and best model
balance: False
selecting samples for epoch 208, ratio 0.1
=====> Saving current model and best model
balance: False
selecting samples for epoch 209, ratio 0.1
=====> Saving current model and best model
balance: False
selecting samples for epoch 210, ratio 0.1
=====> Saving current model and best model
balance: False
selecting samples for epoch 211, ratio 0.1
=====> Epoch: 211/300, Total_step: 39668, lr: 0.001000, Total Time: 14019.9477 s, Time this epoch: 50.1390 s
=====> Epoch: 211/300, Train Loss (train loader labels): 1.5779, Train acc (train loader labels): 0.4728, Best val acc: 0.6569, Current val acc: 0.5794, Val Loss: 1.3143
=====> Saving current model and best model
balance: False
selecting samples for epoch 212, ratio 0.1
=====> Saving current model and best model
balance: False
selecting samples for epoch 213, ratio 0.1
=====> Saving current model and best model
balance: False
selecting samples for epoch 214, ratio 0.1
=====> Saving current model and best model
balance: False
selecting samples for epoch 215, ratio 0.1
=====> Saving current model and best model
balance: False
selecting samples for epoch 216, ratio 0.1
=====> Saving current model and best model
balance: False
selecting samples for epoch 217, ratio 0.1
=====> Saving current model and best model
balance: False
selecting samples for epoch 218, ratio 0.1
=====> Saving current model and best model
balance: False
selecting samples for epoch 219, ratio 0.1
=====> Saving current model and best model
balance: False
selecting samples for epoch 220, ratio 0.1
=====> Saving current model and best model
balance: False
selecting samples for epoch 221, ratio 0.1
=====> Saving current model and best model
balance: False
selecting samples for epoch 222, ratio 0.1
=====> Saving current model and best model
balance: False
selecting samples for epoch 223, ratio 0.1
=====> Saving current model and best model
balance: False
selecting samples for epoch 224, ratio 0.1
=====> Saving current model and best model
balance: False
selecting samples for epoch 225, ratio 0.1
=====> Saving current model and best model
balance: False
selecting samples for epoch 226, ratio 0.1
=====> Epoch: 226/300, Total_step: 42488, lr: 0.001000, Total Time: 14834.1819 s, Time this epoch: 50.3471 s
=====> Epoch: 226/300, Train Loss (train loader labels): 1.7299, Train acc (train loader labels): 0.4307, Best val acc: 0.6569, Current val acc: 0.5538, Val Loss: 1.5375
=====> Saving current model and best model
balance: False
selecting samples for epoch 227, ratio 0.1
=====> Saving current model and best model
balance: False
selecting samples for epoch 228, ratio 0.1
=====> Saving current model and best model
balance: False
selecting samples for epoch 229, ratio 0.1
=====> Saving current model and best model
balance: False
selecting samples for epoch 230, ratio 0.1
=====> Saving current model and best model
balance: False
selecting samples for epoch 231, ratio 0.1
=====> Saving current model and best model
balance: False
selecting samples for epoch 232, ratio 0.1
=====> Saving current model and best model
balance: False
selecting samples for epoch 233, ratio 0.1
=====> Saving current model and best model
balance: False
selecting samples for epoch 234, ratio 0.1
=====> Saving current model and best model
balance: False
selecting samples for epoch 235, ratio 0.1
=====> Saving current model and best model
balance: False
selecting samples for epoch 236, ratio 0.1
=====> Saving current model and best model
balance: False
selecting samples for epoch 237, ratio 0.1
=====> Saving current model and best model
balance: False
selecting samples for epoch 238, ratio 0.1
=====> Saving current model and best model
balance: False
selecting samples for epoch 239, ratio 0.1
=====> Saving current model and best model
balance: False
selecting samples for epoch 240, ratio 0.1
=====> Saving current model and best model
balance: False
selecting samples for epoch 241, ratio 0.1
=====> Epoch: 241/300, Total_step: 45308, lr: 0.001000, Total Time: 15649.4321 s, Time this epoch: 50.2945 s
=====> Epoch: 241/300, Train Loss (train loader labels): 1.6320, Train acc (train loader labels): 0.4673, Best val acc: 0.6569, Current val acc: 0.5935, Val Loss: 1.3700
=====> Saving current model and best model
balance: False
selecting samples for epoch 242, ratio 0.1
=====> Saving current model and best model
balance: False
selecting samples for epoch 243, ratio 0.1
=====> Saving current model and best model
balance: False
selecting samples for epoch 244, ratio 0.1
=====> Saving current model and best model
balance: False
selecting samples for epoch 245, ratio 0.1
=====> Saving current model and best model
balance: False
selecting samples for epoch 246, ratio 0.1
=====> Saving current model and best model
balance: False
selecting samples for epoch 247, ratio 0.1
=====> Saving current model and best model
balance: False
selecting samples for epoch 248, ratio 0.1
=====> Saving current model and best model
balance: False
selecting samples for epoch 249, ratio 0.1
=====> Saving current model and best model
balance: False
selecting samples for epoch 250, ratio 0.1
=====> Saving current model and best model
balance: False
selecting samples for epoch 251, ratio 0.1
=====> Saving current model and best model
balance: False
selecting samples for epoch 252, ratio 0.1
=====> Saving current model and best model
balance: False
selecting samples for epoch 253, ratio 0.1
=====> Saving current model and best model
balance: False
selecting samples for epoch 254, ratio 0.1
=====> Saving current model and best model
balance: False
selecting samples for epoch 255, ratio 0.1
=====> Saving current model and best model
balance: False
selecting samples for epoch 256, ratio 0.1
=====> Epoch: 256/300, Total_step: 48128, lr: 0.001000, Total Time: 16461.5188 s, Time this epoch: 50.2508 s
=====> Epoch: 256/300, Train Loss (train loader labels): 1.5832, Train acc (train loader labels): 0.4820, Best val acc: 0.6569, Current val acc: 0.6146, Val Loss: 1.3033
=====> Saving current model and best model
balance: False
selecting samples for epoch 257, ratio 0.1
=====> Saving current model and best model
balance: False
selecting samples for epoch 258, ratio 0.1
=====> Saving current model and best model
balance: False
selecting samples for epoch 259, ratio 0.1
=====> Saving current model and best model
balance: False
selecting samples for epoch 260, ratio 0.1
=====> Saving current model and best model
balance: False
selecting samples for epoch 261, ratio 0.1
=====> Saving current model and best model
balance: False
selecting samples for epoch 262, ratio 0.1
=====> Saving current model and best model
balance: False
selecting samples for epoch 263, ratio 0.1
=====> Saving current model and best model
balance: False
selecting samples for epoch 264, ratio 0.1
=====> Saving current model and best model
balance: False
selecting samples for epoch 265, ratio 0.1
=====> Saving current model and best model
balance: False
selecting samples for epoch 266, ratio 0.1
=====> Saving current model and best model
balance: False
selecting samples for epoch 267, ratio 0.1
=====> Saving current model and best model
balance: False
selecting samples for epoch 268, ratio 0.1
=====> Saving current model and best model
balance: False
selecting samples for epoch 269, ratio 0.1
=====> Saving current model and best model
balance: False
selecting samples for epoch 270, ratio 0.1
=====> Saving current model and best model
balance: False
selecting samples for epoch 271, ratio 0.1
=====> Epoch: 271/300, Total_step: 50948, lr: 0.001000, Total Time: 17276.3811 s, Time this epoch: 50.0789 s
=====> Epoch: 271/300, Train Loss (train loader labels): 110.3754, Train acc (train loader labels): 0.2890, Best val acc: 0.6569, Current val acc: 0.3074, Val Loss: 98.9252
=====> Saving current model and best model
balance: False
selecting samples for epoch 272, ratio 0.1
=====> Saving current model and best model
balance: False
selecting samples for epoch 273, ratio 0.1
=====> Saving current model and best model
balance: False
selecting samples for epoch 274, ratio 0.1
=====> Saving current model and best model
balance: False
selecting samples for epoch 275, ratio 0.1
=====> Saving current model and best model
balance: False
selecting samples for epoch 276, ratio 0.1
=====> Saving current model and best model
balance: False
selecting samples for epoch 277, ratio 0.1
=====> Saving current model and best model
balance: False
selecting samples for epoch 278, ratio 0.1
=====> Saving current model and best model
balance: False
selecting samples for epoch 279, ratio 0.1
=====> Saving current model and best model
balance: False
selecting samples for epoch 280, ratio 0.1
=====> Saving current model and best model
balance: False
selecting samples for epoch 281, ratio 0.1
=====> Saving current model and best model
balance: False
selecting samples for epoch 282, ratio 0.1
=====> Saving current model and best model
balance: False
selecting samples for epoch 283, ratio 0.1
=====> Saving current model and best model
balance: False
selecting samples for epoch 284, ratio 0.1
=====> Saving current model and best model
balance: False
selecting samples for epoch 285, ratio 0.1
=====> Saving current model and best model
balance: False
selecting samples for epoch 286, ratio 0.1
=====> Epoch: 286/300, Total_step: 53768, lr: 0.001000, Total Time: 18089.6784 s, Time this epoch: 50.5619 s
=====> Epoch: 286/300, Train Loss (train loader labels): 13.9277, Train acc (train loader labels): 0.3595, Best val acc: 0.6569, Current val acc: 0.5817, Val Loss: 4.4040
=====> Saving current model and best model
balance: False
selecting samples for epoch 287, ratio 0.1
=====> Saving current model and best model
balance: False
selecting samples for epoch 288, ratio 0.1
=====> Saving current model and best model
balance: False
selecting samples for epoch 289, ratio 0.1
=====> Saving current model and best model
balance: False
selecting samples for epoch 290, ratio 0.1
=====> Saving current model and best model
balance: False
selecting samples for epoch 291, ratio 0.1
=====> Saving current model and best model
balance: False
selecting samples for epoch 292, ratio 0.1
=====> Saving current model and best model
balance: False
selecting samples for epoch 293, ratio 0.1
=====> Saving current model and best model
balance: False
selecting samples for epoch 294, ratio 0.1
=====> Saving current model and best model
balance: False
selecting samples for epoch 295, ratio 0.1
=====> Saving current model and best model
balance: False
selecting samples for epoch 296, ratio 0.1
=====> Saving current model and best model
balance: False
selecting samples for epoch 297, ratio 0.1
=====> Saving current model and best model
balance: False
selecting samples for epoch 298, ratio 0.1
=====> Saving current model and best model
balance: False
selecting samples for epoch 299, ratio 0.1
=====> Saving current model and best model
balance: False
selecting samples for epoch 300, ratio 0.1
=====> Epoch: 300/300, Total_step: 56400, lr: 0.001000, Total Time: 18854.3170 s, Time this epoch: 50.2152 s
=====> Epoch: 300/300, Train Loss (train loader labels): 3.3265, Train acc (train loader labels): 0.3462, Best val acc: 0.6569, Current val acc: 0.4839, Val Loss: 1.8509
=====> Saving current model and best model
Saved helper snapshots to /home/mward19/Documents/miller/Online-Batch-Selection/snapshots/MNIST/{"bsel":"DivBS","seed":2,"model":"DeepLinear","opt":"adamw","bs":320,"ratio":0.1,"lr":0.001,"wd":0.01,"layers":8,"hidden_dim":1000}.p
Saved selected points array to /home/mward19/Documents/miller/Online-Batch-Selection/selected_points/MNIST/{"bsel":"DivBS","seed":2,"model":"DeepLinear","opt":"adamw","bs":320,"ratio":0.1,"lr":0.001,"wd":0.01,"layers":8,"hidden_dim":1000}.npy
========================= End Main =========================
