save_dir: ./exp/CIFAR3/RhoLoss_deeplinear_bs320_ep300_lr0.001_AdamW_constant_seed3_r0.1_100_hidden
=====> Loading config files: 
configs/cifar3/method/rholoss-0.1.yaml
configs/cifar3/data/cifar3.yaml
configs/cifar3/model/deep_linear_saxe/deep_linear_100.yaml
configs/cifar3/optim/adamw-320-0.001-0.01.yaml
configs/diagnostics/snapshots_log_interval.yaml
=====> Config files loaded.
========================= Start Main =========================
=====> Saving config file
=====> Config file saved
=====> Using fixed random seed: 3
=====> Wandb initialized
=====> Number of GPUs: 1
Creating RhoLoss...
Cached irreducible losses for 15000 samples in dataset.
=====> Start teacher Validation
=====> teacher Test Accuracy: 0.7280
Begin training for RhoLoss...
=====> Epoch: 0/300, Total_step: 0, lr: 0.001000, Total Time: 0.0000 s, Time this epoch: 0.0000 s
=====> Epoch: 0/300, Train Loss (train loader labels): 1.0989, Train acc (train loader labels): 0.3333, Best val acc: 0.3333, Current val acc: 0.3333, Val Loss: 1.0989
balance: False
selecting samples for epoch 1, ratio 0.1
=====> Epoch: 1/300, Total_step: 1, lr: 0.001000, Total Time: 0.0000 s, Time this epoch: 0.0000 s
=====> Epoch: 1/300, Train Loss (train loader labels): 1.2058, Train acc (train loader labels): 0.3333, Best val acc: 0.3333, Current val acc: 0.3333, Val Loss: 1.2058
=====> Epoch: 1/300, Total_step: 12, lr: 0.001000, Total Time: 0.0000 s, Time this epoch: 0.0000 s
=====> Epoch: 1/300, Train Loss (train loader labels): 2.9346, Train acc (train loader labels): 0.3333, Best val acc: 0.3333, Current val acc: 0.3333, Val Loss: 2.9346
=====> Epoch: 1/300, Total_step: 23, lr: 0.001000, Total Time: 0.0000 s, Time this epoch: 0.0000 s
=====> Epoch: 1/300, Train Loss (train loader labels): 444072.9062, Train acc (train loader labels): 0.3333, Best val acc: 0.3333, Current val acc: 0.3333, Val Loss: 444080.9062
=====> Epoch: 1/300, Total_step: 34, lr: 0.001000, Total Time: 0.0000 s, Time this epoch: 0.0000 s
=====> Epoch: 1/300, Train Loss (train loader labels): 3526830848.0000, Train acc (train loader labels): 0.3043, Best val acc: 0.3333, Current val acc: 0.2970, Val Loss: 3523574784.0000
=====> Epoch: 1/300, Total_step: 45, lr: 0.001000, Total Time: 0.0000 s, Time this epoch: 0.0000 s
=====> Epoch: 1/300, Train Loss (train loader labels): 832903814578176.0000, Train acc (train loader labels): 0.2935, Best val acc: 0.3333, Current val acc: 0.2827, Val Loss: 831124020396032.0000
=====> Saving current model and best model
balance: False
selecting samples for epoch 2, ratio 0.1
=====> Epoch: 2/300, Total_step: 48, lr: 0.001000, Total Time: 130.5810 s, Time this epoch: 111.1741 s
=====> Epoch: 2/300, Train Loss (train loader labels): 4103965633580892160.0000, Train acc (train loader labels): 0.3243, Best val acc: 0.3333, Current val acc: 0.3120, Val Loss: 3951429285947899904.0000
=====> Epoch: 2/300, Total_step: 59, lr: 0.001000, Total Time: 130.5810 s, Time this epoch: 111.1741 s
=====> Epoch: 2/300, Train Loss (train loader labels): 33193811513442304.0000, Train acc (train loader labels): 0.3145, Best val acc: 0.3333, Current val acc: 0.3197, Val Loss: 32286205466902528.0000
=====> Epoch: 2/300, Total_step: 70, lr: 0.001000, Total Time: 130.5810 s, Time this epoch: 111.1741 s
=====> Epoch: 2/300, Train Loss (train loader labels): 226054788003955474432.0000, Train acc (train loader labels): 0.3542, Best val acc: 0.3640, Current val acc: 0.3640, Val Loss: 226797406953448407040.0000
=====> Epoch: 2/300, Total_step: 81, lr: 0.001000, Total Time: 130.5810 s, Time this epoch: 111.1741 s
=====> Epoch: 2/300, Train Loss (train loader labels): 22414129472399736832.0000, Train acc (train loader labels): 0.3253, Best val acc: 0.3640, Current val acc: 0.3240, Val Loss: 21223848761704316928.0000
=====> Epoch: 2/300, Total_step: 92, lr: 0.001000, Total Time: 130.5810 s, Time this epoch: 111.1741 s
=====> Epoch: 2/300, Train Loss (train loader labels): 2225138443418075136.0000, Train acc (train loader labels): 0.3019, Best val acc: 0.3640, Current val acc: 0.3060, Val Loss: 2178811070737547264.0000
=====> Saving current model and best model
balance: False
selecting samples for epoch 3, ratio 0.1
=====> Epoch: 3/300, Total_step: 95, lr: 0.001000, Total Time: 245.4986 s, Time this epoch: 111.0114 s
=====> Epoch: 3/300, Train Loss (train loader labels): 2325698814821793792.0000, Train acc (train loader labels): 0.3767, Best val acc: 0.3723, Current val acc: 0.3723, Val Loss: 2446853176452710400.0000
=====> Epoch: 3/300, Total_step: 106, lr: 0.001000, Total Time: 245.4986 s, Time this epoch: 111.0114 s
=====> Epoch: 3/300, Train Loss (train loader labels): 28591105515716608.0000, Train acc (train loader labels): 0.3374, Best val acc: 0.3723, Current val acc: 0.3570, Val Loss: 26665506320678912.0000
=====> Epoch: 3/300, Total_step: 117, lr: 0.001000, Total Time: 245.4986 s, Time this epoch: 111.0114 s
=====> Epoch: 3/300, Train Loss (train loader labels): 99903301536972800.0000, Train acc (train loader labels): 0.3346, Best val acc: 0.3723, Current val acc: 0.3540, Val Loss: 92465096785133568.0000
=====> Epoch: 3/300, Total_step: 128, lr: 0.001000, Total Time: 245.4986 s, Time this epoch: 111.0114 s
=====> Epoch: 3/300, Train Loss (train loader labels): 79120135180255232.0000, Train acc (train loader labels): 0.3264, Best val acc: 0.3723, Current val acc: 0.3103, Val Loss: 78488036253368320.0000
=====> Epoch: 3/300, Total_step: 139, lr: 0.001000, Total Time: 245.4986 s, Time this epoch: 111.0114 s
=====> Epoch: 3/300, Train Loss (train loader labels): 36275478465609728.0000, Train acc (train loader labels): 0.3393, Best val acc: 0.3723, Current val acc: 0.3553, Val Loss: 33774669333004288.0000
=====> Saving current model and best model
balance: False
selecting samples for epoch 4, ratio 0.1
=====> Epoch: 4/300, Total_step: 142, lr: 0.001000, Total Time: 360.0164 s, Time this epoch: 110.8094 s
=====> Epoch: 4/300, Train Loss (train loader labels): 18281614194769920.0000, Train acc (train loader labels): 0.3279, Best val acc: 0.3723, Current val acc: 0.3113, Val Loss: 18049503424675840.0000
=====> Epoch: 4/300, Total_step: 153, lr: 0.001000, Total Time: 360.0164 s, Time this epoch: 110.8094 s
=====> Epoch: 4/300, Train Loss (train loader labels): 19422355361103872.0000, Train acc (train loader labels): 0.3408, Best val acc: 0.3723, Current val acc: 0.3560, Val Loss: 17955233187495936.0000
=====> Epoch: 4/300, Total_step: 164, lr: 0.001000, Total Time: 360.0164 s, Time this epoch: 110.8094 s
=====> Epoch: 4/300, Train Loss (train loader labels): 13936649184477184.0000, Train acc (train loader labels): 0.3379, Best val acc: 0.3723, Current val acc: 0.3577, Val Loss: 12924350088871936.0000
=====> Epoch: 4/300, Total_step: 175, lr: 0.001000, Total Time: 360.0164 s, Time this epoch: 110.8094 s
=====> Epoch: 4/300, Train Loss (train loader labels): 6193347135799296.0000, Train acc (train loader labels): 0.3372, Best val acc: 0.3723, Current val acc: 0.3573, Val Loss: 5705910223634432.0000
=====> Epoch: 4/300, Total_step: 186, lr: 0.001000, Total Time: 360.0164 s, Time this epoch: 110.8094 s
=====> Epoch: 4/300, Train Loss (train loader labels): 1315940264312832.0000, Train acc (train loader labels): 0.3317, Best val acc: 0.3723, Current val acc: 0.3380, Val Loss: 1242676041089024.0000
=====> Saving current model and best model
balance: False
selecting samples for epoch 5, ratio 0.1
=====> Epoch: 5/300, Total_step: 189, lr: 0.001000, Total Time: 475.0210 s, Time this epoch: 111.5324 s
=====> Epoch: 5/300, Train Loss (train loader labels): 1723013506531328.0000, Train acc (train loader labels): 0.3283, Best val acc: 0.3723, Current val acc: 0.3100, Val Loss: 1656414133026816.0000
=====> Epoch: 5/300, Total_step: 200, lr: 0.001000, Total Time: 475.0210 s, Time this epoch: 111.5324 s
=====> Epoch: 5/300, Train Loss (train loader labels): 1466448266395648.0000, Train acc (train loader labels): 0.3277, Best val acc: 0.3723, Current val acc: 0.3113, Val Loss: 1423383434625024.0000
=====> Epoch: 5/300, Total_step: 211, lr: 0.001000, Total Time: 475.0210 s, Time this epoch: 111.5324 s
=====> Epoch: 5/300, Train Loss (train loader labels): 640499010502656.0000, Train acc (train loader labels): 0.3382, Best val acc: 0.3723, Current val acc: 0.3597, Val Loss: 595664786423808.0000
=====> Epoch: 5/300, Total_step: 222, lr: 0.001000, Total Time: 475.0210 s, Time this epoch: 111.5324 s
=====> Epoch: 5/300, Train Loss (train loader labels): 1441002732650496.0000, Train acc (train loader labels): 0.3390, Best val acc: 0.3723, Current val acc: 0.3567, Val Loss: 1345176777785344.0000
=====> Epoch: 5/300, Total_step: 233, lr: 0.001000, Total Time: 475.0210 s, Time this epoch: 111.5324 s
=====> Epoch: 5/300, Train Loss (train loader labels): 2144286179065856.0000, Train acc (train loader labels): 0.3363, Best val acc: 0.3723, Current val acc: 0.3567, Val Loss: 2003373536575488.0000
=====> Saving current model and best model
balance: False
selecting samples for epoch 6, ratio 0.1
=====> Epoch: 6/300, Total_step: 282, lr: 0.001000, Total Time: 590.0941 s, Time this epoch: 111.5805 s
=====> Epoch: 6/300, Train Loss (train loader labels): 1361028830986240.0000, Train acc (train loader labels): 0.3388, Best val acc: 0.3723, Current val acc: 0.3557, Val Loss: 1281751921983488.0000
=====> Saving current model and best model
balance: False
selecting samples for epoch 7, ratio 0.1
=====> Epoch: 7/300, Total_step: 329, lr: 0.001000, Total Time: 630.4616 s, Time this epoch: 37.1945 s
=====> Epoch: 7/300, Train Loss (train loader labels): 1384346476871680.0000, Train acc (train loader labels): 0.3307, Best val acc: 0.3723, Current val acc: 0.3133, Val Loss: 1366203998142464.0000
=====> Saving current model and best model
balance: False
selecting samples for epoch 8, ratio 0.1
=====> Epoch: 8/300, Total_step: 376, lr: 0.001000, Total Time: 671.6443 s, Time this epoch: 37.1360 s
=====> Epoch: 8/300, Train Loss (train loader labels): 698485095530496.0000, Train acc (train loader labels): 0.3336, Best val acc: 0.3723, Current val acc: 0.3530, Val Loss: 650474944462848.0000
=====> Saving current model and best model
balance: False
selecting samples for epoch 9, ratio 0.1
=====> Epoch: 9/300, Total_step: 423, lr: 0.001000, Total Time: 712.4842 s, Time this epoch: 37.2615 s
=====> Epoch: 9/300, Train Loss (train loader labels): 1304648124203008.0000, Train acc (train loader labels): 0.3355, Best val acc: 0.3723, Current val acc: 0.3520, Val Loss: 1210675984596992.0000
=====> Saving current model and best model
balance: False
selecting samples for epoch 10, ratio 0.1
=====> Epoch: 10/300, Total_step: 470, lr: 0.001000, Total Time: 753.4697 s, Time this epoch: 37.7711 s
=====> Epoch: 10/300, Train Loss (train loader labels): 1331738898857984.0000, Train acc (train loader labels): 0.3321, Best val acc: 0.3723, Current val acc: 0.3170, Val Loss: 1315045568937984.0000
=====> Saving current model and best model
balance: False
selecting samples for epoch 11, ratio 0.1
=====> Epoch: 11/300, Total_step: 517, lr: 0.001000, Total Time: 794.6302 s, Time this epoch: 37.5949 s
=====> Epoch: 11/300, Train Loss (train loader labels): 1024855029841920.0000, Train acc (train loader labels): 0.3328, Best val acc: 0.3723, Current val acc: 0.3500, Val Loss: 957571481468928.0000
=====> Saving current model and best model
balance: False
selecting samples for epoch 12, ratio 0.1
=====> Epoch: 12/300, Total_step: 564, lr: 0.001000, Total Time: 836.7374 s, Time this epoch: 38.0952 s
=====> Epoch: 12/300, Train Loss (train loader labels): 1062418478268416.0000, Train acc (train loader labels): 0.3311, Best val acc: 0.3723, Current val acc: 0.3203, Val Loss: 1049435530330112.0000
=====> Saving current model and best model
balance: False
selecting samples for epoch 13, ratio 0.1
=====> Epoch: 13/300, Total_step: 611, lr: 0.001000, Total Time: 879.8645 s, Time this epoch: 38.4067 s
=====> Epoch: 13/300, Train Loss (train loader labels): 1360237349044224.0000, Train acc (train loader labels): 0.3350, Best val acc: 0.3723, Current val acc: 0.3450, Val Loss: 1265800010792960.0000
=====> Saving current model and best model
balance: False
selecting samples for epoch 14, ratio 0.1
=====> Epoch: 14/300, Total_step: 658, lr: 0.001000, Total Time: 921.2796 s, Time this epoch: 37.4282 s
=====> Epoch: 14/300, Train Loss (train loader labels): 489671469563904.0000, Train acc (train loader labels): 0.3349, Best val acc: 0.3723, Current val acc: 0.3227, Val Loss: 486657946025984.0000
=====> Saving current model and best model
balance: False
selecting samples for epoch 15, ratio 0.1
=====> Epoch: 15/300, Total_step: 705, lr: 0.001000, Total Time: 962.2611 s, Time this epoch: 37.2306 s
=====> Epoch: 15/300, Train Loss (train loader labels): 418662003507200.0000, Train acc (train loader labels): 0.3296, Best val acc: 0.3723, Current val acc: 0.3443, Val Loss: 389051291009024.0000
=====> Saving current model and best model
balance: False
selecting samples for epoch 16, ratio 0.1
=====> Epoch: 16/300, Total_step: 752, lr: 0.001000, Total Time: 1003.1498 s, Time this epoch: 37.3185 s
=====> Epoch: 16/300, Train Loss (train loader labels): 602369364590592.0000, Train acc (train loader labels): 0.3356, Best val acc: 0.3723, Current val acc: 0.3457, Val Loss: 569067329028096.0000
=====> Saving current model and best model
balance: False
selecting samples for epoch 17, ratio 0.1
=====> Epoch: 17/300, Total_step: 799, lr: 0.001000, Total Time: 1043.2058 s, Time this epoch: 37.0795 s
=====> Epoch: 17/300, Train Loss (train loader labels): 73895071711232.0000, Train acc (train loader labels): 0.3347, Best val acc: 0.3723, Current val acc: 0.3473, Val Loss: 68516564697088.0000
=====> Saving current model and best model
balance: False
selecting samples for epoch 18, ratio 0.1
=====> Epoch: 18/300, Total_step: 846, lr: 0.001000, Total Time: 1084.3453 s, Time this epoch: 37.3050 s
=====> Epoch: 18/300, Train Loss (train loader labels): 16819022725120.0000, Train acc (train loader labels): 0.3427, Best val acc: 0.3723, Current val acc: 0.3270, Val Loss: 16414535581696.0000
=====> Saving current model and best model
balance: False
selecting samples for epoch 19, ratio 0.1
=====> Epoch: 19/300, Total_step: 893, lr: 0.001000, Total Time: 1126.0422 s, Time this epoch: 37.2490 s
=====> Epoch: 19/300, Train Loss (train loader labels): 639239175798784.0000, Train acc (train loader labels): 0.3365, Best val acc: 0.3723, Current val acc: 0.3230, Val Loss: 632337297571840.0000
=====> Saving current model and best model
balance: False
selecting samples for epoch 20, ratio 0.1
=====> Epoch: 20/300, Total_step: 940, lr: 0.001000, Total Time: 1168.0596 s, Time this epoch: 37.4783 s
=====> Epoch: 20/300, Train Loss (train loader labels): 154539650973696.0000, Train acc (train loader labels): 0.3285, Best val acc: 0.3723, Current val acc: 0.3453, Val Loss: 143982571028480.0000
=====> Saving current model and best model
balance: False
selecting samples for epoch 21, ratio 0.1
=====> Epoch: 21/300, Total_step: 987, lr: 0.001000, Total Time: 1209.8343 s, Time this epoch: 37.4177 s
=====> Epoch: 21/300, Train Loss (train loader labels): 282308670128128.0000, Train acc (train loader labels): 0.3279, Best val acc: 0.3723, Current val acc: 0.3463, Val Loss: 265009330388992.0000
=====> Saving current model and best model
balance: False
selecting samples for epoch 22, ratio 0.1
=====> Epoch: 22/300, Total_step: 1034, lr: 0.001000, Total Time: 1252.0987 s, Time this epoch: 37.5408 s
=====> Epoch: 22/300, Train Loss (train loader labels): 4885855600640.0000, Train acc (train loader labels): 0.3440, Best val acc: 0.3723, Current val acc: 0.3557, Val Loss: 4626974244864.0000
=====> Saving current model and best model
balance: False
selecting samples for epoch 23, ratio 0.1
=====> Epoch: 23/300, Total_step: 1081, lr: 0.001000, Total Time: 1293.1129 s, Time this epoch: 37.5002 s
=====> Epoch: 23/300, Train Loss (train loader labels): 319482148945920.0000, Train acc (train loader labels): 0.3396, Best val acc: 0.3723, Current val acc: 0.3223, Val Loss: 313334138142720.0000
=====> Saving current model and best model
balance: False
selecting samples for epoch 24, ratio 0.1
=====> Epoch: 24/300, Total_step: 1128, lr: 0.001000, Total Time: 1334.7886 s, Time this epoch: 37.4988 s
=====> Epoch: 24/300, Train Loss (train loader labels): 257346672525312.0000, Train acc (train loader labels): 0.3243, Best val acc: 0.3723, Current val acc: 0.3447, Val Loss: 237675218993152.0000
=====> Saving current model and best model
balance: False
selecting samples for epoch 25, ratio 0.1
=====> Epoch: 25/300, Total_step: 1175, lr: 0.001000, Total Time: 1376.5410 s, Time this epoch: 37.6107 s
=====> Epoch: 25/300, Train Loss (train loader labels): 224239437217792.0000, Train acc (train loader labels): 0.3233, Best val acc: 0.3723, Current val acc: 0.3443, Val Loss: 207383670292480.0000
=====> Saving current model and best model
balance: False
selecting samples for epoch 26, ratio 0.1
=====> Epoch: 26/300, Total_step: 1222, lr: 0.001000, Total Time: 1418.7518 s, Time this epoch: 37.5159 s
=====> Epoch: 26/300, Train Loss (train loader labels): 62806799941632.0000, Train acc (train loader labels): 0.3224, Best val acc: 0.3723, Current val acc: 0.3460, Val Loss: 58203341586432.0000
=====> Saving current model and best model
balance: False
selecting samples for epoch 27, ratio 0.1
=====> Saving current model and best model
balance: False
selecting samples for epoch 28, ratio 0.1
=====> Saving current model and best model
balance: False
selecting samples for epoch 29, ratio 0.1
=====> Epoch: 29/300, Total_step: 1363, lr: 0.001000, Total Time: 1505.4491 s, Time this epoch: 17.6363 s
=====> Epoch: 29/300, Train Loss (train loader labels): 34544853975040.0000, Train acc (train loader labels): 0.3491, Best val acc: 0.3723, Current val acc: 0.3257, Val Loss: 34544977707008.0000
=====> Saving current model and best model
balance: False
selecting samples for epoch 30, ratio 0.1
=====> Saving current model and best model
balance: False
selecting samples for epoch 31, ratio 0.1
=====> Saving current model and best model
balance: False
selecting samples for epoch 32, ratio 0.1
=====> Saving current model and best model
balance: False
selecting samples for epoch 33, ratio 0.1
=====> Epoch: 33/300, Total_step: 1551, lr: 0.001000, Total Time: 1614.2282 s, Time this epoch: 17.8451 s
=====> Epoch: 33/300, Train Loss (train loader labels): 59169541455872.0000, Train acc (train loader labels): 0.3438, Best val acc: 0.3723, Current val acc: 0.3267, Val Loss: 58359143202816.0000
=====> Saving current model and best model
balance: False
selecting samples for epoch 34, ratio 0.1
=====> Saving current model and best model
balance: False
selecting samples for epoch 35, ratio 0.1
=====> Saving current model and best model
balance: False
selecting samples for epoch 36, ratio 0.1
=====> Saving current model and best model
balance: False
selecting samples for epoch 37, ratio 0.1
=====> Epoch: 37/300, Total_step: 1739, lr: 0.001000, Total Time: 1724.3604 s, Time this epoch: 17.8350 s
=====> Epoch: 37/300, Train Loss (train loader labels): 29954869821440.0000, Train acc (train loader labels): 0.3213, Best val acc: 0.3723, Current val acc: 0.3383, Val Loss: 27857260642304.0000
=====> Saving current model and best model
balance: False
selecting samples for epoch 38, ratio 0.1
=====> Saving current model and best model
balance: False
selecting samples for epoch 39, ratio 0.1
=====> Saving current model and best model
balance: False
selecting samples for epoch 40, ratio 0.1
=====> Saving current model and best model
balance: False
selecting samples for epoch 41, ratio 0.1
=====> Epoch: 41/300, Total_step: 1927, lr: 0.001000, Total Time: 1834.1211 s, Time this epoch: 17.7676 s
=====> Epoch: 41/300, Train Loss (train loader labels): 12592854597632.0000, Train acc (train loader labels): 0.3515, Best val acc: 0.3723, Current val acc: 0.3303, Val Loss: 12450620506112.0000
=====> Saving current model and best model
balance: False
selecting samples for epoch 42, ratio 0.1
=====> Saving current model and best model
balance: False
selecting samples for epoch 43, ratio 0.1
=====> Saving current model and best model
balance: False
selecting samples for epoch 44, ratio 0.1
=====> Saving current model and best model
balance: False
selecting samples for epoch 45, ratio 0.1
=====> Epoch: 45/300, Total_step: 2115, lr: 0.001000, Total Time: 1942.5987 s, Time this epoch: 17.5041 s
=====> Epoch: 45/300, Train Loss (train loader labels): 14082250899456.0000, Train acc (train loader labels): 0.3474, Best val acc: 0.3723, Current val acc: 0.3297, Val Loss: 13884243050496.0000
=====> Saving current model and best model
balance: False
selecting samples for epoch 46, ratio 0.1
=====> Saving current model and best model
balance: False
selecting samples for epoch 47, ratio 0.1
=====> Saving current model and best model
balance: False
selecting samples for epoch 48, ratio 0.1
=====> Saving current model and best model
balance: False
selecting samples for epoch 49, ratio 0.1
=====> Epoch: 49/300, Total_step: 2303, lr: 0.001000, Total Time: 2050.5038 s, Time this epoch: 17.8056 s
=====> Epoch: 49/300, Train Loss (train loader labels): 6821716164608.0000, Train acc (train loader labels): 0.3509, Best val acc: 0.3723, Current val acc: 0.3317, Val Loss: 6873468633088.0000
=====> Saving current model and best model
balance: False
selecting samples for epoch 50, ratio 0.1
=====> Saving current model and best model
balance: False
selecting samples for epoch 51, ratio 0.1
=====> Saving current model and best model
balance: False
selecting samples for epoch 52, ratio 0.1
=====> Saving current model and best model
balance: False
selecting samples for epoch 53, ratio 0.1
=====> Epoch: 53/300, Total_step: 2491, lr: 0.001000, Total Time: 2158.9770 s, Time this epoch: 17.8551 s
=====> Epoch: 53/300, Train Loss (train loader labels): 761093226496.0000, Train acc (train loader labels): 0.3402, Best val acc: 0.3723, Current val acc: 0.3510, Val Loss: 706787672064.0000
=====> Saving current model and best model
balance: False
selecting samples for epoch 54, ratio 0.1
=====> Saving current model and best model
balance: False
selecting samples for epoch 55, ratio 0.1
=====> Saving current model and best model
balance: False
selecting samples for epoch 56, ratio 0.1
=====> Saving current model and best model
balance: False
selecting samples for epoch 57, ratio 0.1
=====> Epoch: 57/300, Total_step: 2679, lr: 0.001000, Total Time: 2268.5833 s, Time this epoch: 17.7758 s
=====> Epoch: 57/300, Train Loss (train loader labels): 14401122861056.0000, Train acc (train loader labels): 0.3157, Best val acc: 0.3723, Current val acc: 0.3353, Val Loss: 13494648832000.0000
=====> Saving current model and best model
balance: False
selecting samples for epoch 58, ratio 0.1
=====> Saving current model and best model
balance: False
selecting samples for epoch 59, ratio 0.1
=====> Saving current model and best model
balance: False
selecting samples for epoch 60, ratio 0.1
=====> Saving current model and best model
balance: False
selecting samples for epoch 61, ratio 0.1
=====> Epoch: 61/300, Total_step: 2867, lr: 0.001000, Total Time: 2377.9993 s, Time this epoch: 17.9018 s
=====> Epoch: 61/300, Train Loss (train loader labels): 9759666208768.0000, Train acc (train loader labels): 0.3127, Best val acc: 0.3723, Current val acc: 0.3350, Val Loss: 9119007244288.0000
=====> Saving current model and best model
balance: False
selecting samples for epoch 62, ratio 0.1
=====> Saving current model and best model
balance: False
selecting samples for epoch 63, ratio 0.1
=====> Saving current model and best model
balance: False
selecting samples for epoch 64, ratio 0.1
=====> Saving current model and best model
balance: False
selecting samples for epoch 65, ratio 0.1
=====> Epoch: 65/300, Total_step: 3055, lr: 0.001000, Total Time: 2487.0283 s, Time this epoch: 17.8099 s
=====> Epoch: 65/300, Train Loss (train loader labels): 10488327962624.0000, Train acc (train loader labels): 0.3171, Best val acc: 0.3723, Current val acc: 0.3347, Val Loss: 9849304776704.0000
=====> Saving current model and best model
balance: False
selecting samples for epoch 66, ratio 0.1
=====> Saving current model and best model
balance: False
selecting samples for epoch 67, ratio 0.1
=====> Saving current model and best model
balance: False
selecting samples for epoch 68, ratio 0.1
=====> Saving current model and best model
balance: False
selecting samples for epoch 69, ratio 0.1
=====> Saving current model and best model
balance: False
selecting samples for epoch 70, ratio 0.1
=====> Saving current model and best model
balance: False
selecting samples for epoch 71, ratio 0.1
=====> Saving current model and best model
balance: False
selecting samples for epoch 72, ratio 0.1
=====> Saving current model and best model
balance: False
selecting samples for epoch 73, ratio 0.1
=====> Saving current model and best model
balance: False
selecting samples for epoch 74, ratio 0.1
=====> Saving current model and best model
balance: False
selecting samples for epoch 75, ratio 0.1
=====> Saving current model and best model
balance: False
selecting samples for epoch 76, ratio 0.1
=====> Epoch: 76/300, Total_step: 3572, lr: 0.001000, Total Time: 2750.6779 s, Time this epoch: 17.8254 s
=====> Epoch: 76/300, Train Loss (train loader labels): 646865944576.0000, Train acc (train loader labels): 0.3537, Best val acc: 0.3723, Current val acc: 0.3317, Val Loss: 646805848064.0000
=====> Saving current model and best model
balance: False
selecting samples for epoch 77, ratio 0.1
=====> Saving current model and best model
balance: False
selecting samples for epoch 78, ratio 0.1
=====> Saving current model and best model
balance: False
selecting samples for epoch 79, ratio 0.1
=====> Saving current model and best model
balance: False
selecting samples for epoch 80, ratio 0.1
=====> Saving current model and best model
balance: False
selecting samples for epoch 81, ratio 0.1
=====> Saving current model and best model
balance: False
selecting samples for epoch 82, ratio 0.1
=====> Saving current model and best model
balance: False
selecting samples for epoch 83, ratio 0.1
=====> Saving current model and best model
balance: False
selecting samples for epoch 84, ratio 0.1
=====> Saving current model and best model
balance: False
selecting samples for epoch 85, ratio 0.1
=====> Saving current model and best model
balance: False
selecting samples for epoch 86, ratio 0.1
=====> Saving current model and best model
balance: False
selecting samples for epoch 87, ratio 0.1
=====> Saving current model and best model
balance: False
selecting samples for epoch 88, ratio 0.1
=====> Saving current model and best model
balance: False
selecting samples for epoch 89, ratio 0.1
=====> Saving current model and best model
balance: False
selecting samples for epoch 90, ratio 0.1
=====> Saving current model and best model
balance: False
selecting samples for epoch 91, ratio 0.1
=====> Epoch: 91/300, Total_step: 4277, lr: 0.001000, Total Time: 3101.2765 s, Time this epoch: 17.7456 s
=====> Epoch: 91/300, Train Loss (train loader labels): 1527042408448.0000, Train acc (train loader labels): 0.3172, Best val acc: 0.3723, Current val acc: 0.3353, Val Loss: 1441981792256.0000
=====> Saving current model and best model
balance: False
selecting samples for epoch 92, ratio 0.1
=====> Saving current model and best model
balance: False
selecting samples for epoch 93, ratio 0.1
=====> Saving current model and best model
balance: False
selecting samples for epoch 94, ratio 0.1
=====> Saving current model and best model
balance: False
selecting samples for epoch 95, ratio 0.1
=====> Saving current model and best model
balance: False
selecting samples for epoch 96, ratio 0.1
=====> Saving current model and best model
balance: False
selecting samples for epoch 97, ratio 0.1
=====> Saving current model and best model
balance: False
selecting samples for epoch 98, ratio 0.1
=====> Saving current model and best model
balance: False
selecting samples for epoch 99, ratio 0.1
=====> Saving current model and best model
balance: False
selecting samples for epoch 100, ratio 0.1
=====> Saving current model and best model
balance: False
selecting samples for epoch 101, ratio 0.1
=====> Saving current model and best model
balance: False
selecting samples for epoch 102, ratio 0.1
=====> Saving current model and best model
balance: False
selecting samples for epoch 103, ratio 0.1
=====> Saving current model and best model
balance: False
selecting samples for epoch 104, ratio 0.1
=====> Saving current model and best model
balance: False
selecting samples for epoch 105, ratio 0.1
=====> Saving current model and best model
balance: False
selecting samples for epoch 106, ratio 0.1
=====> Epoch: 106/300, Total_step: 4982, lr: 0.001000, Total Time: 3448.8102 s, Time this epoch: 17.7734 s
=====> Epoch: 106/300, Train Loss (train loader labels): 580804608000.0000, Train acc (train loader labels): 0.3459, Best val acc: 0.3723, Current val acc: 0.3297, Val Loss: 573334159360.0000
=====> Saving current model and best model
balance: False
selecting samples for epoch 107, ratio 0.1
=====> Saving current model and best model
balance: False
selecting samples for epoch 108, ratio 0.1
=====> Saving current model and best model
balance: False
selecting samples for epoch 109, ratio 0.1
=====> Saving current model and best model
balance: False
selecting samples for epoch 110, ratio 0.1
=====> Saving current model and best model
balance: False
selecting samples for epoch 111, ratio 0.1
=====> Saving current model and best model
balance: False
selecting samples for epoch 112, ratio 0.1
=====> Saving current model and best model
balance: False
selecting samples for epoch 113, ratio 0.1
=====> Saving current model and best model
balance: False
selecting samples for epoch 114, ratio 0.1
=====> Saving current model and best model
balance: False
selecting samples for epoch 115, ratio 0.1
=====> Saving current model and best model
balance: False
selecting samples for epoch 116, ratio 0.1
=====> Saving current model and best model
balance: False
selecting samples for epoch 117, ratio 0.1
=====> Saving current model and best model
balance: False
selecting samples for epoch 118, ratio 0.1
=====> Saving current model and best model
balance: False
selecting samples for epoch 119, ratio 0.1
=====> Saving current model and best model
balance: False
selecting samples for epoch 120, ratio 0.1
=====> Saving current model and best model
balance: False
selecting samples for epoch 121, ratio 0.1
=====> Epoch: 121/300, Total_step: 5687, lr: 0.001000, Total Time: 3798.3988 s, Time this epoch: 17.6669 s
=====> Epoch: 121/300, Train Loss (train loader labels): 68462772224.0000, Train acc (train loader labels): 0.3460, Best val acc: 0.3723, Current val acc: 0.3293, Val Loss: 68996218880.0000
=====> Saving current model and best model
balance: False
selecting samples for epoch 122, ratio 0.1
=====> Saving current model and best model
balance: False
selecting samples for epoch 123, ratio 0.1
=====> Saving current model and best model
balance: False
selecting samples for epoch 124, ratio 0.1
=====> Saving current model and best model
balance: False
selecting samples for epoch 125, ratio 0.1
=====> Saving current model and best model
balance: False
selecting samples for epoch 126, ratio 0.1
=====> Saving current model and best model
balance: False
selecting samples for epoch 127, ratio 0.1
=====> Saving current model and best model
balance: False
selecting samples for epoch 128, ratio 0.1
=====> Saving current model and best model
balance: False
selecting samples for epoch 129, ratio 0.1
=====> Saving current model and best model
balance: False
selecting samples for epoch 130, ratio 0.1
=====> Saving current model and best model
balance: False
selecting samples for epoch 131, ratio 0.1
=====> Saving current model and best model
balance: False
selecting samples for epoch 132, ratio 0.1
=====> Saving current model and best model
balance: False
selecting samples for epoch 133, ratio 0.1
=====> Saving current model and best model
balance: False
selecting samples for epoch 134, ratio 0.1
=====> Saving current model and best model
balance: False
selecting samples for epoch 135, ratio 0.1
=====> Saving current model and best model
balance: False
selecting samples for epoch 136, ratio 0.1
=====> Epoch: 136/300, Total_step: 6392, lr: 0.001000, Total Time: 4154.4087 s, Time this epoch: 17.7127 s
=====> Epoch: 136/300, Train Loss (train loader labels): 5705885696.0000, Train acc (train loader labels): 0.3108, Best val acc: 0.3723, Current val acc: 0.3090, Val Loss: 5658185216.0000
=====> Saving current model and best model
balance: False
selecting samples for epoch 137, ratio 0.1
=====> Saving current model and best model
balance: False
selecting samples for epoch 138, ratio 0.1
=====> Saving current model and best model
balance: False
selecting samples for epoch 139, ratio 0.1
=====> Saving current model and best model
balance: False
selecting samples for epoch 140, ratio 0.1
=====> Saving current model and best model
balance: False
selecting samples for epoch 141, ratio 0.1
=====> Saving current model and best model
balance: False
selecting samples for epoch 142, ratio 0.1
=====> Saving current model and best model
balance: False
selecting samples for epoch 143, ratio 0.1
=====> Saving current model and best model
balance: False
selecting samples for epoch 144, ratio 0.1
=====> Saving current model and best model
balance: False
selecting samples for epoch 145, ratio 0.1
=====> Saving current model and best model
balance: False
selecting samples for epoch 146, ratio 0.1
=====> Saving current model and best model
balance: False
selecting samples for epoch 147, ratio 0.1
=====> Saving current model and best model
balance: False
selecting samples for epoch 148, ratio 0.1
=====> Saving current model and best model
balance: False
selecting samples for epoch 149, ratio 0.1
=====> Saving current model and best model
balance: False
selecting samples for epoch 150, ratio 0.1
=====> Saving current model and best model
balance: False
selecting samples for epoch 151, ratio 0.1
=====> Epoch: 151/300, Total_step: 7097, lr: 0.001000, Total Time: 4498.6712 s, Time this epoch: 17.8145 s
=====> Epoch: 151/300, Train Loss (train loader labels): 3726226176.0000, Train acc (train loader labels): 0.2827, Best val acc: 0.3723, Current val acc: 0.2943, Val Loss: 3474374912.0000
=====> Saving current model and best model
balance: False
selecting samples for epoch 152, ratio 0.1
=====> Saving current model and best model
balance: False
selecting samples for epoch 153, ratio 0.1
=====> Saving current model and best model
balance: False
selecting samples for epoch 154, ratio 0.1
=====> Saving current model and best model
balance: False
selecting samples for epoch 155, ratio 0.1
=====> Saving current model and best model
balance: False
selecting samples for epoch 156, ratio 0.1
=====> Saving current model and best model
balance: False
selecting samples for epoch 157, ratio 0.1
=====> Saving current model and best model
balance: False
selecting samples for epoch 158, ratio 0.1
=====> Saving current model and best model
balance: False
selecting samples for epoch 159, ratio 0.1
=====> Saving current model and best model
balance: False
selecting samples for epoch 160, ratio 0.1
=====> Saving current model and best model
balance: False
selecting samples for epoch 161, ratio 0.1
=====> Saving current model and best model
balance: False
selecting samples for epoch 162, ratio 0.1
=====> Saving current model and best model
balance: False
selecting samples for epoch 163, ratio 0.1
=====> Saving current model and best model
balance: False
selecting samples for epoch 164, ratio 0.1
=====> Saving current model and best model
balance: False
selecting samples for epoch 165, ratio 0.1
=====> Saving current model and best model
balance: False
selecting samples for epoch 166, ratio 0.1
=====> Epoch: 166/300, Total_step: 7802, lr: 0.001000, Total Time: 4844.8278 s, Time this epoch: 17.8384 s
=====> Epoch: 166/300, Train Loss (train loader labels): 1851032704.0000, Train acc (train loader labels): 0.3316, Best val acc: 0.3723, Current val acc: 0.3153, Val Loss: 1892514560.0000
=====> Saving current model and best model
balance: False
selecting samples for epoch 167, ratio 0.1
=====> Saving current model and best model
balance: False
selecting samples for epoch 168, ratio 0.1
=====> Saving current model and best model
balance: False
selecting samples for epoch 169, ratio 0.1
=====> Saving current model and best model
balance: False
selecting samples for epoch 170, ratio 0.1
=====> Saving current model and best model
balance: False
selecting samples for epoch 171, ratio 0.1
=====> Saving current model and best model
balance: False
selecting samples for epoch 172, ratio 0.1
=====> Saving current model and best model
balance: False
selecting samples for epoch 173, ratio 0.1
=====> Saving current model and best model
balance: False
selecting samples for epoch 174, ratio 0.1
=====> Saving current model and best model
balance: False
selecting samples for epoch 175, ratio 0.1
=====> Saving current model and best model
balance: False
selecting samples for epoch 176, ratio 0.1
=====> Saving current model and best model
balance: False
selecting samples for epoch 177, ratio 0.1
=====> Saving current model and best model
balance: False
selecting samples for epoch 178, ratio 0.1
=====> Saving current model and best model
balance: False
selecting samples for epoch 179, ratio 0.1
=====> Saving current model and best model
balance: False
selecting samples for epoch 180, ratio 0.1
=====> Saving current model and best model
balance: False
selecting samples for epoch 181, ratio 0.1
=====> Epoch: 181/300, Total_step: 8507, lr: 0.001000, Total Time: 5190.3685 s, Time this epoch: 17.5873 s
=====> Epoch: 181/300, Train Loss (train loader labels): 675401984.0000, Train acc (train loader labels): 0.3031, Best val acc: 0.3723, Current val acc: 0.3060, Val Loss: 679719360.0000
=====> Saving current model and best model
balance: False
selecting samples for epoch 182, ratio 0.1
=====> Saving current model and best model
balance: False
selecting samples for epoch 183, ratio 0.1
=====> Saving current model and best model
balance: False
selecting samples for epoch 184, ratio 0.1
=====> Saving current model and best model
balance: False
selecting samples for epoch 185, ratio 0.1
=====> Saving current model and best model
balance: False
selecting samples for epoch 186, ratio 0.1
=====> Saving current model and best model
balance: False
selecting samples for epoch 187, ratio 0.1
=====> Saving current model and best model
balance: False
selecting samples for epoch 188, ratio 0.1
=====> Saving current model and best model
balance: False
selecting samples for epoch 189, ratio 0.1
=====> Saving current model and best model
balance: False
selecting samples for epoch 190, ratio 0.1
=====> Saving current model and best model
balance: False
selecting samples for epoch 191, ratio 0.1
=====> Saving current model and best model
balance: False
selecting samples for epoch 192, ratio 0.1
=====> Saving current model and best model
balance: False
selecting samples for epoch 193, ratio 0.1
=====> Saving current model and best model
balance: False
selecting samples for epoch 194, ratio 0.1
=====> Saving current model and best model
balance: False
selecting samples for epoch 195, ratio 0.1
=====> Saving current model and best model
balance: False
selecting samples for epoch 196, ratio 0.1
=====> Epoch: 196/300, Total_step: 9212, lr: 0.001000, Total Time: 5534.9816 s, Time this epoch: 17.8157 s
=====> Epoch: 196/300, Train Loss (train loader labels): 307741760.0000, Train acc (train loader labels): 0.2980, Best val acc: 0.3723, Current val acc: 0.3057, Val Loss: 308751136.0000
=====> Saving current model and best model
balance: False
selecting samples for epoch 197, ratio 0.1
=====> Saving current model and best model
balance: False
selecting samples for epoch 198, ratio 0.1
=====> Saving current model and best model
balance: False
selecting samples for epoch 199, ratio 0.1
=====> Saving current model and best model
balance: False
selecting samples for epoch 200, ratio 0.1
=====> Saving current model and best model
balance: False
selecting samples for epoch 201, ratio 0.1
=====> Saving current model and best model
balance: False
selecting samples for epoch 202, ratio 0.1
=====> Saving current model and best model
balance: False
selecting samples for epoch 203, ratio 0.1
=====> Saving current model and best model
balance: False
selecting samples for epoch 204, ratio 0.1
=====> Saving current model and best model
balance: False
selecting samples for epoch 205, ratio 0.1
=====> Saving current model and best model
balance: False
selecting samples for epoch 206, ratio 0.1
=====> Saving current model and best model
balance: False
selecting samples for epoch 207, ratio 0.1
=====> Saving current model and best model
balance: False
selecting samples for epoch 208, ratio 0.1
=====> Saving current model and best model
balance: False
selecting samples for epoch 209, ratio 0.1
=====> Saving current model and best model
balance: False
selecting samples for epoch 210, ratio 0.1
=====> Saving current model and best model
balance: False
selecting samples for epoch 211, ratio 0.1
=====> Epoch: 211/300, Total_step: 9917, lr: 0.001000, Total Time: 5878.1340 s, Time this epoch: 17.7606 s
=====> Epoch: 211/300, Train Loss (train loader labels): 147698944.0000, Train acc (train loader labels): 0.2918, Best val acc: 0.3723, Current val acc: 0.3010, Val Loss: 145591392.0000
=====> Saving current model and best model
balance: False
selecting samples for epoch 212, ratio 0.1
=====> Saving current model and best model
balance: False
selecting samples for epoch 213, ratio 0.1
=====> Saving current model and best model
balance: False
selecting samples for epoch 214, ratio 0.1
=====> Saving current model and best model
balance: False
selecting samples for epoch 215, ratio 0.1
=====> Saving current model and best model
balance: False
selecting samples for epoch 216, ratio 0.1
=====> Saving current model and best model
balance: False
selecting samples for epoch 217, ratio 0.1
=====> Saving current model and best model
balance: False
selecting samples for epoch 218, ratio 0.1
=====> Saving current model and best model
balance: False
selecting samples for epoch 219, ratio 0.1
=====> Saving current model and best model
balance: False
selecting samples for epoch 220, ratio 0.1
=====> Saving current model and best model
balance: False
selecting samples for epoch 221, ratio 0.1
=====> Saving current model and best model
balance: False
selecting samples for epoch 222, ratio 0.1
=====> Saving current model and best model
balance: False
selecting samples for epoch 223, ratio 0.1
=====> Saving current model and best model
balance: False
selecting samples for epoch 224, ratio 0.1
=====> Saving current model and best model
balance: False
selecting samples for epoch 225, ratio 0.1
=====> Saving current model and best model
balance: False
selecting samples for epoch 226, ratio 0.1
=====> Epoch: 226/300, Total_step: 10622, lr: 0.001000, Total Time: 6219.2790 s, Time this epoch: 18.2055 s
=====> Epoch: 226/300, Train Loss (train loader labels): 70974928.0000, Train acc (train loader labels): 0.2906, Best val acc: 0.3723, Current val acc: 0.2973, Val Loss: 70899152.0000
=====> Saving current model and best model
balance: False
selecting samples for epoch 227, ratio 0.1
=====> Saving current model and best model
balance: False
selecting samples for epoch 228, ratio 0.1
=====> Saving current model and best model
balance: False
selecting samples for epoch 229, ratio 0.1
=====> Saving current model and best model
balance: False
selecting samples for epoch 230, ratio 0.1
=====> Saving current model and best model
balance: False
selecting samples for epoch 231, ratio 0.1
=====> Saving current model and best model
balance: False
selecting samples for epoch 232, ratio 0.1
=====> Saving current model and best model
balance: False
selecting samples for epoch 233, ratio 0.1
=====> Saving current model and best model
balance: False
selecting samples for epoch 234, ratio 0.1
=====> Saving current model and best model
balance: False
selecting samples for epoch 235, ratio 0.1
=====> Saving current model and best model
balance: False
selecting samples for epoch 236, ratio 0.1
=====> Saving current model and best model
balance: False
selecting samples for epoch 237, ratio 0.1
=====> Saving current model and best model
balance: False
selecting samples for epoch 238, ratio 0.1
=====> Saving current model and best model
balance: False
selecting samples for epoch 239, ratio 0.1
=====> Saving current model and best model
balance: False
selecting samples for epoch 240, ratio 0.1
=====> Saving current model and best model
balance: False
selecting samples for epoch 241, ratio 0.1
=====> Epoch: 241/300, Total_step: 11327, lr: 0.001000, Total Time: 6561.9154 s, Time this epoch: 17.8406 s
=====> Epoch: 241/300, Train Loss (train loader labels): 35524216.0000, Train acc (train loader labels): 0.2867, Best val acc: 0.3723, Current val acc: 0.3003, Val Loss: 35001336.0000
=====> Saving current model and best model
balance: False
selecting samples for epoch 242, ratio 0.1
=====> Saving current model and best model
balance: False
selecting samples for epoch 243, ratio 0.1
=====> Saving current model and best model
balance: False
selecting samples for epoch 244, ratio 0.1
=====> Saving current model and best model
balance: False
selecting samples for epoch 245, ratio 0.1
=====> Saving current model and best model
balance: False
selecting samples for epoch 246, ratio 0.1
=====> Saving current model and best model
balance: False
selecting samples for epoch 247, ratio 0.1
=====> Saving current model and best model
balance: False
selecting samples for epoch 248, ratio 0.1
=====> Saving current model and best model
balance: False
selecting samples for epoch 249, ratio 0.1
=====> Saving current model and best model
balance: False
selecting samples for epoch 250, ratio 0.1
=====> Saving current model and best model
balance: False
selecting samples for epoch 251, ratio 0.1
=====> Saving current model and best model
balance: False
selecting samples for epoch 252, ratio 0.1
=====> Saving current model and best model
balance: False
selecting samples for epoch 253, ratio 0.1
=====> Saving current model and best model
balance: False
selecting samples for epoch 254, ratio 0.1
=====> Saving current model and best model
balance: False
selecting samples for epoch 255, ratio 0.1
=====> Saving current model and best model
balance: False
selecting samples for epoch 256, ratio 0.1
=====> Epoch: 256/300, Total_step: 12032, lr: 0.001000, Total Time: 6901.4651 s, Time this epoch: 17.8192 s
=====> Epoch: 256/300, Train Loss (train loader labels): 17720668.0000, Train acc (train loader labels): 0.2825, Best val acc: 0.3723, Current val acc: 0.2927, Val Loss: 17323914.0000
=====> Saving current model and best model
balance: False
selecting samples for epoch 257, ratio 0.1
=====> Saving current model and best model
balance: False
selecting samples for epoch 258, ratio 0.1
=====> Saving current model and best model
balance: False
selecting samples for epoch 259, ratio 0.1
=====> Saving current model and best model
balance: False
selecting samples for epoch 260, ratio 0.1
=====> Saving current model and best model
balance: False
selecting samples for epoch 261, ratio 0.1
=====> Saving current model and best model
balance: False
selecting samples for epoch 262, ratio 0.1
=====> Saving current model and best model
balance: False
selecting samples for epoch 263, ratio 0.1
=====> Saving current model and best model
balance: False
selecting samples for epoch 264, ratio 0.1
=====> Saving current model and best model
balance: False
selecting samples for epoch 265, ratio 0.1
=====> Saving current model and best model
balance: False
selecting samples for epoch 266, ratio 0.1
=====> Saving current model and best model
balance: False
selecting samples for epoch 267, ratio 0.1
=====> Saving current model and best model
balance: False
selecting samples for epoch 268, ratio 0.1
=====> Saving current model and best model
balance: False
selecting samples for epoch 269, ratio 0.1
=====> Saving current model and best model
balance: False
selecting samples for epoch 270, ratio 0.1
=====> Saving current model and best model
balance: False
selecting samples for epoch 271, ratio 0.1
=====> Epoch: 271/300, Total_step: 12737, lr: 0.001000, Total Time: 7242.7103 s, Time this epoch: 17.8403 s
=====> Epoch: 271/300, Train Loss (train loader labels): 8594010.0000, Train acc (train loader labels): 0.2842, Best val acc: 0.3723, Current val acc: 0.2943, Val Loss: 8449352.0000
=====> Saving current model and best model
balance: False
selecting samples for epoch 272, ratio 0.1
=====> Saving current model and best model
balance: False
selecting samples for epoch 273, ratio 0.1
=====> Saving current model and best model
balance: False
selecting samples for epoch 274, ratio 0.1
=====> Saving current model and best model
balance: False
selecting samples for epoch 275, ratio 0.1
=====> Saving current model and best model
balance: False
selecting samples for epoch 276, ratio 0.1
=====> Saving current model and best model
balance: False
selecting samples for epoch 277, ratio 0.1
=====> Saving current model and best model
balance: False
selecting samples for epoch 278, ratio 0.1
=====> Saving current model and best model
balance: False
selecting samples for epoch 279, ratio 0.1
=====> Saving current model and best model
balance: False
selecting samples for epoch 280, ratio 0.1
=====> Saving current model and best model
balance: False
selecting samples for epoch 281, ratio 0.1
=====> Saving current model and best model
balance: False
selecting samples for epoch 282, ratio 0.1
=====> Saving current model and best model
balance: False
selecting samples for epoch 283, ratio 0.1
=====> Saving current model and best model
balance: False
selecting samples for epoch 284, ratio 0.1
=====> Saving current model and best model
balance: False
selecting samples for epoch 285, ratio 0.1
=====> Saving current model and best model
balance: False
selecting samples for epoch 286, ratio 0.1
=====> Epoch: 286/300, Total_step: 13442, lr: 0.001000, Total Time: 7582.6226 s, Time this epoch: 17.8107 s
=====> Epoch: 286/300, Train Loss (train loader labels): 4314299.0000, Train acc (train loader labels): 0.2858, Best val acc: 0.3723, Current val acc: 0.2920, Val Loss: 4188729.7500
=====> Saving current model and best model
balance: False
selecting samples for epoch 287, ratio 0.1
=====> Saving current model and best model
balance: False
selecting samples for epoch 288, ratio 0.1
=====> Saving current model and best model
balance: False
selecting samples for epoch 289, ratio 0.1
=====> Saving current model and best model
balance: False
selecting samples for epoch 290, ratio 0.1
=====> Saving current model and best model
balance: False
selecting samples for epoch 291, ratio 0.1
=====> Saving current model and best model
balance: False
selecting samples for epoch 292, ratio 0.1
=====> Saving current model and best model
balance: False
selecting samples for epoch 293, ratio 0.1
=====> Saving current model and best model
balance: False
selecting samples for epoch 294, ratio 0.1
=====> Saving current model and best model
balance: False
selecting samples for epoch 295, ratio 0.1
=====> Saving current model and best model
balance: False
selecting samples for epoch 296, ratio 0.1
=====> Saving current model and best model
balance: False
selecting samples for epoch 297, ratio 0.1
=====> Saving current model and best model
balance: False
selecting samples for epoch 298, ratio 0.1
=====> Saving current model and best model
balance: False
selecting samples for epoch 299, ratio 0.1
=====> Saving current model and best model
balance: False
selecting samples for epoch 300, ratio 0.1
=====> Epoch: 300/300, Total_step: 14100, lr: 0.001000, Total Time: 7903.4790 s, Time this epoch: 17.8485 s
=====> Epoch: 300/300, Train Loss (train loader labels): 2177659.5000, Train acc (train loader labels): 0.2885, Best val acc: 0.3723, Current val acc: 0.2907, Val Loss: 2142388.0000
=====> Saving current model and best model
Saved helper snapshots to /home/mward19/Documents/miller/Online-Batch-Selection/snapshots/CIFAR3/{"bsel":"RhoLoss","seed":3,"model":"DeepLinear","opt":"adamw","bs":320,"ratio":0.1,"lr":0.001,"wd":0.01,"layers":100,"hidden_dim":1000}.p
Saved selected points array to /home/mward19/Documents/miller/Online-Batch-Selection/selected_points/CIFAR3/{"bsel":"RhoLoss","seed":3,"model":"DeepLinear","opt":"adamw","bs":320,"ratio":0.1,"lr":0.001,"wd":0.01,"layers":100,"hidden_dim":1000}.npy
========================= End Main =========================
