wandb: Tracking run with wandb version 0.27.0
wandb: W&B syncing is set to `offline` in this directory. Run `wandb online` or set WANDB_MODE=online to enable cloud syncing.
wandb: Run data is saved locally in exp/MNIST/Uniform_deeplinear_bs320_ep300_lr0.001_AdamW_constant_seed2_r0.1_3_hidden/wandb/offline-run-20260605_185211-diuw2e6v
wandb: 
wandb: Run history:
wandb:                                best_val_acc 鈻佲枂鈻嗏枂鈻嗏枂鈻嗏枂鈻団枃鈻団枃鈻団枃鈻団枃鈻団枅鈻堚枅鈻堚枅鈻堚枅鈻堚枅鈻堚枅鈻堚枅鈻堚枅鈻堚枅鈻堚枅鈻堚枅鈻堚枅
wandb:                           diagnostics/epoch 鈻佲杹鈻佲杹鈻佲杹鈻佲杹鈻佲杹鈻佲杹鈻佲杹鈻佲杹鈻佲杹鈻佲杹鈻佲杺鈻傗杺鈻傗杺鈻傗杺鈻傗杻鈻冣杽鈻勨枀鈻呪枂鈻団枃鈻団枅
wandb: diagnostics/fixed_train_logits_norm_l2_mean 鈻佲杽鈻嗏枂鈻呪枂鈻呪枂鈻呪枂鈻嗏枂鈻嗏枃鈻嗏枅鈻嗏枃鈻嗏枂鈻団枃鈻団枃鈻嗏枂鈻団枃鈻団枃鈻団枃鈻嗏枃鈻嗏枃鈻堚枃鈻団枃
wandb:        diagnostics/test_logits_norm_l2_mean 鈻佲枀鈻呪枀鈻呪枅鈻団枂鈻勨枀鈻呪枀鈻嗏枂鈻呪枂鈻団枀鈻団枂鈻嗏枂鈻団枂鈻団枂鈻嗏枃鈻団枂鈻嗏枂鈻嗏枂鈻団枂鈻団枂鈻団枂
wandb:                      diagnostics/total_step 鈻佲杹鈻佲杹鈻佲杹鈻佲杹鈻佲杹鈻佲杹鈻佲杹鈻佲杹鈻佲杹鈻佲杹鈻佲杹鈻佲杺鈻傗杺鈻傗杺鈻傗杺鈻傗杻鈻勨枀鈻呪枂鈻嗏枃鈻団枅
wandb:                                       epoch 鈻佲杹鈻佲杹鈻佲杹鈻佲杹鈻佲杹鈻佲杹鈻佲杹鈻佲杹鈻佲杹鈻佲杹鈻佲杹鈻佲杺鈻傗杺鈻傗杺鈻傗杻鈻冣杻鈻勨杽鈻呪枂鈻団枃鈻団枅
wandb:                                          lr 鈻佲杹鈻佲杹鈻佲杹鈻佲杹鈻佲杹鈻佲杹鈻佲杹鈻佲杹鈻佲杹鈻佲杹鈻佲杹鈻佲杹鈻佲杹鈻佲杹鈻佲杹鈻佲杹鈻佲杹鈻佲杹鈻佲杹鈻佲杹
wandb:                                  time_epoch 鈻佲杹鈻佲杹鈻堚枅鈻堚枅鈻堚枅鈻堚枅鈻堚枅鈻堚杽鈻勨杽鈻勨杽鈻勨杽鈻勨杽鈻勨杺鈻傗杺鈻傗杺鈻傗杺鈻傗杺鈻傗杺鈻傗杺鈻傗杺
wandb:                                  total_time 鈻佲杹鈻佲杹鈻佲杹鈻佲杹鈻佲杹鈻佲杹鈻佲杹鈻佲杺鈻傗杺鈻傗杺鈻傗杺鈻傗杺鈻傗杺鈻冣杻鈻冣杻鈻冣杻鈻冣枀鈻呪枂鈻団枃鈻団枅
wandb:                                   train_acc 鈻冣杺鈻佲杹鈻傗杺鈻勨杺鈻傗杽鈻傗杻鈻冣杽鈻呪枂鈻団枂鈻呪枀鈻嗏杽鈻呪杽鈻呪枂鈻嗏枂鈻嗏枃鈻呪枃鈻呪枅鈻堚枂鈻団枂鈻嗏枀
wandb:                                          +5 ...
wandb: 
wandb: Run summary:
wandb:                                best_val_acc 0.6829
wandb:                           diagnostics/epoch 300
wandb: diagnostics/fixed_train_logits_norm_l2_mean 13.10767
wandb:        diagnostics/test_logits_norm_l2_mean 12.14541
wandb:                      diagnostics/total_step 56400
wandb:                         diagnostics/trigger batch_update
wandb:                                       epoch 300
wandb:                                          lr 0.001
wandb:                                  time_epoch 49.78579
wandb:                                  total_time 18760.16977
wandb:                                          +6 ...
wandb: 
wandb: You can sync this run to the cloud by running:
wandb: wandb sync exp/MNIST/Uniform_deeplinear_bs320_ep300_lr0.001_AdamW_constant_seed2_r0.1_3_hidden/wandb/offline-run-20260605_185211-diuw2e6v
wandb: Find logs at: exp/MNIST/Uniform_deeplinear_bs320_ep300_lr0.001_AdamW_constant_seed2_r0.1_3_hidden/wandb/offline-run-20260605_185211-diuw2e6v/logs
