save_dir: ./exp/MNIST/RhoLoss_deeplinear_bs320_ep300_lr0.001_AdamW_constant_seed1_r0.1_5_hidden
=====> Loading config files: 
configs/mnist/method/rholoss-0.1.yaml
configs/mnist/data/mnist.yaml
configs/mnist/model/deep_linear_saxe/deep_linear_5.yaml
configs/mnist/optim/adamw-320-0.001-0.01.yaml
configs/diagnostics/snapshots_log_interval.yaml
=====> Config files loaded.
========================= Start Main =========================
=====> Saving config file
=====> Config file saved
=====> Using fixed random seed: 1
=====> Wandb initialized
=====> Number of GPUs: 1
Creating RhoLoss...
Cached irreducible losses for 60000 samples in dataset.
=====> Start teacher Validation
=====> teacher Test Accuracy: 0.3469
Begin training for RhoLoss...
=====> Epoch: 0/300, Total_step: 0, lr: 0.001000, Total Time: 0.0000 s, Time this epoch: 0.0000 s
=====> Epoch: 0/300, Train Loss (train loader labels): 2.3049, Train acc (train loader labels): 0.0951, Best val acc: 0.1051, Current val acc: 0.1051, Val Loss: 2.3072
balance: False
selecting samples for epoch 1, ratio 0.1
=====> Epoch: 1/300, Total_step: 1, lr: 0.001000, Total Time: 0.0000 s, Time this epoch: 0.0000 s
=====> Epoch: 1/300, Train Loss (train loader labels): 2.5643, Train acc (train loader labels): 0.1109, Best val acc: 0.1057, Current val acc: 0.1057, Val Loss: 2.4501
=====> Epoch: 1/300, Total_step: 48, lr: 0.001000, Total Time: 0.0000 s, Time this epoch: 0.0000 s
=====> Epoch: 1/300, Train Loss (train loader labels): 2.1919, Train acc (train loader labels): 0.3201, Best val acc: 0.3748, Current val acc: 0.3748, Val Loss: 2.1919
=====> Epoch: 1/300, Total_step: 95, lr: 0.001000, Total Time: 0.0000 s, Time this epoch: 0.0000 s
=====> Epoch: 1/300, Train Loss (train loader labels): 2.1981, Train acc (train loader labels): 0.3181, Best val acc: 0.4377, Current val acc: 0.4377, Val Loss: 2.1925
=====> Epoch: 1/300, Total_step: 142, lr: 0.001000, Total Time: 0.0000 s, Time this epoch: 0.0000 s
=====> Epoch: 1/300, Train Loss (train loader labels): 2.2161, Train acc (train loader labels): 0.3085, Best val acc: 0.4377, Current val acc: 0.4256, Val Loss: 2.2105
=====> Saving current model and best model
balance: False
selecting samples for epoch 2, ratio 0.1
=====> Epoch: 2/300, Total_step: 189, lr: 0.001000, Total Time: 331.8990 s, Time this epoch: 275.4832 s
=====> Epoch: 2/300, Train Loss (train loader labels): 2.2284, Train acc (train loader labels): 0.2696, Best val acc: 0.4377, Current val acc: 0.2943, Val Loss: 2.2245
=====> Epoch: 2/300, Total_step: 236, lr: 0.001000, Total Time: 331.8990 s, Time this epoch: 275.4832 s
=====> Epoch: 2/300, Train Loss (train loader labels): 2.2247, Train acc (train loader labels): 0.2767, Best val acc: 0.4377, Current val acc: 0.3528, Val Loss: 2.2218
=====> Epoch: 2/300, Total_step: 283, lr: 0.001000, Total Time: 331.8990 s, Time this epoch: 275.4832 s
=====> Epoch: 2/300, Train Loss (train loader labels): 2.2228, Train acc (train loader labels): 0.2845, Best val acc: 0.4377, Current val acc: 0.4149, Val Loss: 2.2115
=====> Epoch: 2/300, Total_step: 330, lr: 0.001000, Total Time: 331.8990 s, Time this epoch: 275.4832 s
=====> Epoch: 2/300, Train Loss (train loader labels): 2.2203, Train acc (train loader labels): 0.2975, Best val acc: 0.4377, Current val acc: 0.3419, Val Loss: 2.2167
=====> Saving current model and best model
balance: False
selecting samples for epoch 3, ratio 0.1
=====> Epoch: 3/300, Total_step: 377, lr: 0.001000, Total Time: 608.3552 s, Time this epoch: 276.1997 s
=====> Epoch: 3/300, Train Loss (train loader labels): 2.2308, Train acc (train loader labels): 0.2904, Best val acc: 0.4377, Current val acc: 0.3779, Val Loss: 2.2245
=====> Epoch: 3/300, Total_step: 424, lr: 0.001000, Total Time: 608.3552 s, Time this epoch: 276.1997 s
=====> Epoch: 3/300, Train Loss (train loader labels): 2.2233, Train acc (train loader labels): 0.3349, Best val acc: 0.4377, Current val acc: 0.4054, Val Loss: 2.2167
=====> Epoch: 3/300, Total_step: 471, lr: 0.001000, Total Time: 608.3552 s, Time this epoch: 276.1997 s
=====> Epoch: 3/300, Train Loss (train loader labels): 2.2349, Train acc (train loader labels): 0.2730, Best val acc: 0.4377, Current val acc: 0.2746, Val Loss: 2.2309
=====> Epoch: 3/300, Total_step: 518, lr: 0.001000, Total Time: 608.3552 s, Time this epoch: 276.1997 s
=====> Epoch: 3/300, Train Loss (train loader labels): 2.2443, Train acc (train loader labels): 0.2503, Best val acc: 0.4377, Current val acc: 0.2615, Val Loss: 2.2405
=====> Saving current model and best model
balance: False
selecting samples for epoch 4, ratio 0.1
=====> Epoch: 4/300, Total_step: 565, lr: 0.001000, Total Time: 884.8251 s, Time this epoch: 276.2347 s
=====> Epoch: 4/300, Train Loss (train loader labels): 2.2284, Train acc (train loader labels): 0.2726, Best val acc: 0.4377, Current val acc: 0.3205, Val Loss: 2.2215
=====> Epoch: 4/300, Total_step: 612, lr: 0.001000, Total Time: 884.8251 s, Time this epoch: 276.2347 s
=====> Epoch: 4/300, Train Loss (train loader labels): 2.2156, Train acc (train loader labels): 0.3069, Best val acc: 0.4377, Current val acc: 0.3748, Val Loss: 2.2103
=====> Epoch: 4/300, Total_step: 659, lr: 0.001000, Total Time: 884.8251 s, Time this epoch: 276.2347 s
=====> Epoch: 4/300, Train Loss (train loader labels): 2.2228, Train acc (train loader labels): 0.3086, Best val acc: 0.4377, Current val acc: 0.4050, Val Loss: 2.2160
=====> Epoch: 4/300, Total_step: 706, lr: 0.001000, Total Time: 884.8251 s, Time this epoch: 276.2347 s
=====> Epoch: 4/300, Train Loss (train loader labels): 2.2234, Train acc (train loader labels): 0.2770, Best val acc: 0.4377, Current val acc: 0.3026, Val Loss: 2.2195
=====> Saving current model and best model
balance: False
selecting samples for epoch 5, ratio 0.1
=====> Epoch: 5/300, Total_step: 753, lr: 0.001000, Total Time: 1159.9920 s, Time this epoch: 274.9551 s
=====> Epoch: 5/300, Train Loss (train loader labels): 2.2506, Train acc (train loader labels): 0.2869, Best val acc: 0.4377, Current val acc: 0.3941, Val Loss: 2.2411
=====> Epoch: 5/300, Total_step: 800, lr: 0.001000, Total Time: 1159.9920 s, Time this epoch: 274.9551 s
=====> Epoch: 5/300, Train Loss (train loader labels): 2.2328, Train acc (train loader labels): 0.2918, Best val acc: 0.4377, Current val acc: 0.3382, Val Loss: 2.2335
=====> Epoch: 5/300, Total_step: 847, lr: 0.001000, Total Time: 1159.9920 s, Time this epoch: 274.9551 s
=====> Epoch: 5/300, Train Loss (train loader labels): 2.2342, Train acc (train loader labels): 0.2965, Best val acc: 0.4377, Current val acc: 0.3593, Val Loss: 2.2312
=====> Epoch: 5/300, Total_step: 894, lr: 0.001000, Total Time: 1159.9920 s, Time this epoch: 274.9551 s
=====> Epoch: 5/300, Train Loss (train loader labels): 2.2296, Train acc (train loader labels): 0.2940, Best val acc: 0.4377, Current val acc: 0.3412, Val Loss: 2.2229
=====> Saving current model and best model
balance: False
selecting samples for epoch 6, ratio 0.1
=====> Epoch: 6/300, Total_step: 1128, lr: 0.001000, Total Time: 1436.0160 s, Time this epoch: 275.7119 s
=====> Epoch: 6/300, Train Loss (train loader labels): 2.2206, Train acc (train loader labels): 0.2985, Best val acc: 0.4377, Current val acc: 0.3510, Val Loss: 2.2159
=====> Saving current model and best model
balance: False
selecting samples for epoch 7, ratio 0.1
=====> Epoch: 7/300, Total_step: 1316, lr: 0.001000, Total Time: 1544.0494 s, Time this epoch: 107.7548 s
=====> Epoch: 7/300, Train Loss (train loader labels): 2.2379, Train acc (train loader labels): 0.2434, Best val acc: 0.4377, Current val acc: 0.2585, Val Loss: 2.2370
=====> Saving current model and best model
balance: False
selecting samples for epoch 8, ratio 0.1
=====> Epoch: 8/300, Total_step: 1504, lr: 0.001000, Total Time: 1652.3016 s, Time this epoch: 108.0233 s
=====> Epoch: 8/300, Train Loss (train loader labels): 2.2352, Train acc (train loader labels): 0.2765, Best val acc: 0.4377, Current val acc: 0.3211, Val Loss: 2.2298
=====> Saving current model and best model
balance: False
selecting samples for epoch 9, ratio 0.1
=====> Epoch: 9/300, Total_step: 1692, lr: 0.001000, Total Time: 1760.8744 s, Time this epoch: 108.3040 s
=====> Epoch: 9/300, Train Loss (train loader labels): 2.2288, Train acc (train loader labels): 0.2659, Best val acc: 0.4377, Current val acc: 0.2736, Val Loss: 2.2194
=====> Saving current model and best model
balance: False
selecting samples for epoch 10, ratio 0.1
=====> Epoch: 10/300, Total_step: 1880, lr: 0.001000, Total Time: 1869.5696 s, Time this epoch: 108.4826 s
=====> Epoch: 10/300, Train Loss (train loader labels): 2.2415, Train acc (train loader labels): 0.2794, Best val acc: 0.4377, Current val acc: 0.2492, Val Loss: 2.2432
=====> Saving current model and best model
balance: False
selecting samples for epoch 11, ratio 0.1
=====> Epoch: 11/300, Total_step: 2068, lr: 0.001000, Total Time: 1978.1931 s, Time this epoch: 108.3881 s
=====> Epoch: 11/300, Train Loss (train loader labels): 2.2357, Train acc (train loader labels): 0.2635, Best val acc: 0.4377, Current val acc: 0.2483, Val Loss: 2.2321
=====> Saving current model and best model
balance: False
selecting samples for epoch 12, ratio 0.1
=====> Epoch: 12/300, Total_step: 2256, lr: 0.001000, Total Time: 2086.4301 s, Time this epoch: 108.0034 s
=====> Epoch: 12/300, Train Loss (train loader labels): 2.2250, Train acc (train loader labels): 0.2843, Best val acc: 0.4377, Current val acc: 0.3173, Val Loss: 2.2228
=====> Saving current model and best model
balance: False
selecting samples for epoch 13, ratio 0.1
=====> Epoch: 13/300, Total_step: 2444, lr: 0.001000, Total Time: 2194.4060 s, Time this epoch: 107.7009 s
=====> Epoch: 13/300, Train Loss (train loader labels): 2.2189, Train acc (train loader labels): 0.2426, Best val acc: 0.4377, Current val acc: 0.2531, Val Loss: 2.2136
=====> Saving current model and best model
balance: False
selecting samples for epoch 14, ratio 0.1
=====> Epoch: 14/300, Total_step: 2632, lr: 0.001000, Total Time: 2302.8347 s, Time this epoch: 108.2029 s
=====> Epoch: 14/300, Train Loss (train loader labels): 2.2440, Train acc (train loader labels): 0.2893, Best val acc: 0.4377, Current val acc: 0.3926, Val Loss: 2.2386
=====> Saving current model and best model
balance: False
selecting samples for epoch 15, ratio 0.1
=====> Epoch: 15/300, Total_step: 2820, lr: 0.001000, Total Time: 2411.3030 s, Time this epoch: 108.2169 s
=====> Epoch: 15/300, Train Loss (train loader labels): 2.2354, Train acc (train loader labels): 0.2741, Best val acc: 0.4377, Current val acc: 0.3509, Val Loss: 2.2392
=====> Saving current model and best model
balance: False
selecting samples for epoch 16, ratio 0.1
=====> Epoch: 16/300, Total_step: 3008, lr: 0.001000, Total Time: 2519.3994 s, Time this epoch: 107.8188 s
=====> Epoch: 16/300, Train Loss (train loader labels): 2.2275, Train acc (train loader labels): 0.2802, Best val acc: 0.4377, Current val acc: 0.3128, Val Loss: 2.2267
=====> Saving current model and best model
balance: False
selecting samples for epoch 17, ratio 0.1
=====> Epoch: 17/300, Total_step: 3196, lr: 0.001000, Total Time: 2627.3252 s, Time this epoch: 107.7018 s
=====> Epoch: 17/300, Train Loss (train loader labels): 2.2297, Train acc (train loader labels): 0.2415, Best val acc: 0.4377, Current val acc: 0.3111, Val Loss: 2.2238
=====> Saving current model and best model
balance: False
selecting samples for epoch 18, ratio 0.1
=====> Epoch: 18/300, Total_step: 3384, lr: 0.001000, Total Time: 2735.8079 s, Time this epoch: 108.2729 s
=====> Epoch: 18/300, Train Loss (train loader labels): 2.2328, Train acc (train loader labels): 0.2625, Best val acc: 0.4377, Current val acc: 0.3119, Val Loss: 2.2220
=====> Saving current model and best model
balance: False
selecting samples for epoch 19, ratio 0.1
=====> Epoch: 19/300, Total_step: 3572, lr: 0.001000, Total Time: 2843.7519 s, Time this epoch: 107.7458 s
=====> Epoch: 19/300, Train Loss (train loader labels): 2.2462, Train acc (train loader labels): 0.2947, Best val acc: 0.4377, Current val acc: 0.3946, Val Loss: 2.2431
=====> Saving current model and best model
balance: False
selecting samples for epoch 20, ratio 0.1
=====> Epoch: 20/300, Total_step: 3760, lr: 0.001000, Total Time: 2951.7542 s, Time this epoch: 107.7738 s
=====> Epoch: 20/300, Train Loss (train loader labels): 2.2355, Train acc (train loader labels): 0.2496, Best val acc: 0.4377, Current val acc: 0.3178, Val Loss: 2.2303
=====> Saving current model and best model
balance: False
selecting samples for epoch 21, ratio 0.1
=====> Epoch: 21/300, Total_step: 3948, lr: 0.001000, Total Time: 3059.5794 s, Time this epoch: 107.5794 s
=====> Epoch: 21/300, Train Loss (train loader labels): 2.2277, Train acc (train loader labels): 0.2833, Best val acc: 0.4377, Current val acc: 0.3673, Val Loss: 2.2199
=====> Saving current model and best model
balance: False
selecting samples for epoch 22, ratio 0.1
=====> Epoch: 22/300, Total_step: 4136, lr: 0.001000, Total Time: 3167.1342 s, Time this epoch: 107.3184 s
=====> Epoch: 22/300, Train Loss (train loader labels): 2.2376, Train acc (train loader labels): 0.2592, Best val acc: 0.4377, Current val acc: 0.3428, Val Loss: 2.2285
=====> Saving current model and best model
balance: False
selecting samples for epoch 23, ratio 0.1
=====> Epoch: 23/300, Total_step: 4324, lr: 0.001000, Total Time: 3274.9440 s, Time this epoch: 107.5795 s
=====> Epoch: 23/300, Train Loss (train loader labels): 2.2439, Train acc (train loader labels): 0.2428, Best val acc: 0.4377, Current val acc: 0.2066, Val Loss: 2.2428
=====> Saving current model and best model
balance: False
selecting samples for epoch 24, ratio 0.1
=====> Epoch: 24/300, Total_step: 4512, lr: 0.001000, Total Time: 3383.0564 s, Time this epoch: 107.8844 s
=====> Epoch: 24/300, Train Loss (train loader labels): 2.2278, Train acc (train loader labels): 0.2425, Best val acc: 0.4377, Current val acc: 0.2587, Val Loss: 2.2213
=====> Saving current model and best model
balance: False
selecting samples for epoch 25, ratio 0.1
=====> Epoch: 25/300, Total_step: 4700, lr: 0.001000, Total Time: 3490.9886 s, Time this epoch: 107.7164 s
=====> Epoch: 25/300, Train Loss (train loader labels): 2.2233, Train acc (train loader labels): 0.2963, Best val acc: 0.4377, Current val acc: 0.3537, Val Loss: 2.2226
=====> Saving current model and best model
balance: False
selecting samples for epoch 26, ratio 0.1
=====> Epoch: 26/300, Total_step: 4888, lr: 0.001000, Total Time: 3598.7769 s, Time this epoch: 107.5908 s
=====> Epoch: 26/300, Train Loss (train loader labels): 2.0450, Train acc (train loader labels): 0.2754, Best val acc: 0.4377, Current val acc: 0.3263, Val Loss: 1.9157
=====> Saving current model and best model
balance: False
selecting samples for epoch 27, ratio 0.1
=====> Saving current model and best model
balance: False
selecting samples for epoch 28, ratio 0.1
=====> Saving current model and best model
balance: False
selecting samples for epoch 29, ratio 0.1
=====> Epoch: 29/300, Total_step: 5452, lr: 0.001000, Total Time: 3809.7616 s, Time this epoch: 51.1532 s
=====> Epoch: 29/300, Train Loss (train loader labels): 2.1480, Train acc (train loader labels): 0.2774, Best val acc: 0.4377, Current val acc: 0.3712, Val Loss: 2.1353
=====> Saving current model and best model
balance: False
selecting samples for epoch 30, ratio 0.1
=====> Saving current model and best model
balance: False
selecting samples for epoch 31, ratio 0.1
=====> Saving current model and best model
balance: False
selecting samples for epoch 32, ratio 0.1
=====> Saving current model and best model
balance: False
selecting samples for epoch 33, ratio 0.1
=====> Epoch: 33/300, Total_step: 6204, lr: 0.001000, Total Time: 4072.1848 s, Time this epoch: 51.3918 s
=====> Epoch: 33/300, Train Loss (train loader labels): 2.1589, Train acc (train loader labels): 0.3298, Best val acc: 0.4377, Current val acc: 0.4097, Val Loss: 2.1540
=====> Saving current model and best model
balance: False
selecting samples for epoch 34, ratio 0.1
=====> Saving current model and best model
balance: False
selecting samples for epoch 35, ratio 0.1
=====> Saving current model and best model
balance: False
selecting samples for epoch 36, ratio 0.1
=====> Saving current model and best model
balance: False
selecting samples for epoch 37, ratio 0.1
=====> Epoch: 37/300, Total_step: 6956, lr: 0.001000, Total Time: 4334.7998 s, Time this epoch: 51.4050 s
=====> Epoch: 37/300, Train Loss (train loader labels): 2.1684, Train acc (train loader labels): 0.3322, Best val acc: 0.4401, Current val acc: 0.4401, Val Loss: 2.1606
=====> Saving current model and best model
balance: False
selecting samples for epoch 38, ratio 0.1
=====> Saving current model and best model
balance: False
selecting samples for epoch 39, ratio 0.1
=====> Saving current model and best model
balance: False
selecting samples for epoch 40, ratio 0.1
=====> Saving current model and best model
balance: False
selecting samples for epoch 41, ratio 0.1
=====> Epoch: 41/300, Total_step: 7708, lr: 0.001000, Total Time: 4597.1404 s, Time this epoch: 51.2847 s
=====> Epoch: 41/300, Train Loss (train loader labels): 2.1796, Train acc (train loader labels): 0.3442, Best val acc: 0.4502, Current val acc: 0.4502, Val Loss: 2.1761
=====> Saving current model and best model
balance: False
selecting samples for epoch 42, ratio 0.1
=====> Saving current model and best model
balance: False
selecting samples for epoch 43, ratio 0.1
=====> Saving current model and best model
balance: False
selecting samples for epoch 44, ratio 0.1
=====> Saving current model and best model
balance: False
selecting samples for epoch 45, ratio 0.1
=====> Epoch: 45/300, Total_step: 8460, lr: 0.001000, Total Time: 4859.8992 s, Time this epoch: 51.2706 s
=====> Epoch: 45/300, Train Loss (train loader labels): 2.1790, Train acc (train loader labels): 0.3526, Best val acc: 0.5043, Current val acc: 0.5043, Val Loss: 2.1752
=====> Saving current model and best model
balance: False
selecting samples for epoch 46, ratio 0.1
=====> Saving current model and best model
balance: False
selecting samples for epoch 47, ratio 0.1
=====> Saving current model and best model
balance: False
selecting samples for epoch 48, ratio 0.1
=====> Saving current model and best model
balance: False
selecting samples for epoch 49, ratio 0.1
=====> Epoch: 49/300, Total_step: 9212, lr: 0.001000, Total Time: 5122.0105 s, Time this epoch: 51.1379 s
=====> Epoch: 49/300, Train Loss (train loader labels): 2.1806, Train acc (train loader labels): 0.3392, Best val acc: 0.5043, Current val acc: 0.4195, Val Loss: 2.1788
=====> Saving current model and best model
balance: False
selecting samples for epoch 50, ratio 0.1
=====> Saving current model and best model
balance: False
selecting samples for epoch 51, ratio 0.1
=====> Saving current model and best model
balance: False
selecting samples for epoch 52, ratio 0.1
=====> Saving current model and best model
balance: False
selecting samples for epoch 53, ratio 0.1
=====> Epoch: 53/300, Total_step: 9964, lr: 0.001000, Total Time: 5384.3981 s, Time this epoch: 51.1058 s
=====> Epoch: 53/300, Train Loss (train loader labels): 2.1855, Train acc (train loader labels): 0.3513, Best val acc: 0.5043, Current val acc: 0.4291, Val Loss: 2.1792
=====> Saving current model and best model
balance: False
selecting samples for epoch 54, ratio 0.1
=====> Saving current model and best model
balance: False
selecting samples for epoch 55, ratio 0.1
=====> Saving current model and best model
balance: False
selecting samples for epoch 56, ratio 0.1
=====> Saving current model and best model
balance: False
selecting samples for epoch 57, ratio 0.1
=====> Epoch: 57/300, Total_step: 10716, lr: 0.001000, Total Time: 5646.1287 s, Time this epoch: 51.3356 s
=====> Epoch: 57/300, Train Loss (train loader labels): 2.1821, Train acc (train loader labels): 0.3490, Best val acc: 0.5043, Current val acc: 0.4617, Val Loss: 2.1774
=====> Saving current model and best model
balance: False
selecting samples for epoch 58, ratio 0.1
=====> Saving current model and best model
balance: False
selecting samples for epoch 59, ratio 0.1
=====> Saving current model and best model
balance: False
selecting samples for epoch 60, ratio 0.1
=====> Saving current model and best model
balance: False
selecting samples for epoch 61, ratio 0.1
=====> Epoch: 61/300, Total_step: 11468, lr: 0.001000, Total Time: 5908.6325 s, Time this epoch: 50.9971 s
=====> Epoch: 61/300, Train Loss (train loader labels): 2.1950, Train acc (train loader labels): 0.3387, Best val acc: 0.5043, Current val acc: 0.4387, Val Loss: 2.1929
=====> Saving current model and best model
balance: False
selecting samples for epoch 62, ratio 0.1
=====> Saving current model and best model
balance: False
selecting samples for epoch 63, ratio 0.1
=====> Saving current model and best model
balance: False
selecting samples for epoch 64, ratio 0.1
=====> Saving current model and best model
balance: False
selecting samples for epoch 65, ratio 0.1
=====> Epoch: 65/300, Total_step: 12220, lr: 0.001000, Total Time: 6171.2789 s, Time this epoch: 51.3770 s
=====> Epoch: 65/300, Train Loss (train loader labels): 2.1958, Train acc (train loader labels): 0.3277, Best val acc: 0.5043, Current val acc: 0.4680, Val Loss: 2.1945
=====> Saving current model and best model
balance: False
selecting samples for epoch 66, ratio 0.1
=====> Saving current model and best model
balance: False
selecting samples for epoch 67, ratio 0.1
=====> Saving current model and best model
balance: False
selecting samples for epoch 68, ratio 0.1
=====> Saving current model and best model
balance: False
selecting samples for epoch 69, ratio 0.1
=====> Saving current model and best model
balance: False
selecting samples for epoch 70, ratio 0.1
=====> Saving current model and best model
balance: False
selecting samples for epoch 71, ratio 0.1
=====> Saving current model and best model
balance: False
selecting samples for epoch 72, ratio 0.1
=====> Saving current model and best model
balance: False
selecting samples for epoch 73, ratio 0.1
=====> Saving current model and best model
balance: False
selecting samples for epoch 74, ratio 0.1
=====> Saving current model and best model
balance: False
selecting samples for epoch 75, ratio 0.1
=====> Saving current model and best model
balance: False
selecting samples for epoch 76, ratio 0.1
=====> Epoch: 76/300, Total_step: 14288, lr: 0.001000, Total Time: 6793.8546 s, Time this epoch: 51.3580 s
=====> Epoch: 76/300, Train Loss (train loader labels): 2.2070, Train acc (train loader labels): 0.2972, Best val acc: 0.5043, Current val acc: 0.3523, Val Loss: 2.2032
=====> Saving current model and best model
balance: False
selecting samples for epoch 77, ratio 0.1
=====> Saving current model and best model
balance: False
selecting samples for epoch 78, ratio 0.1
=====> Saving current model and best model
balance: False
selecting samples for epoch 79, ratio 0.1
=====> Saving current model and best model
balance: False
selecting samples for epoch 80, ratio 0.1
=====> Saving current model and best model
balance: False
selecting samples for epoch 81, ratio 0.1
=====> Saving current model and best model
balance: False
selecting samples for epoch 82, ratio 0.1
=====> Saving current model and best model
balance: False
selecting samples for epoch 83, ratio 0.1
=====> Saving current model and best model
balance: False
selecting samples for epoch 84, ratio 0.1
=====> Saving current model and best model
balance: False
selecting samples for epoch 85, ratio 0.1
=====> Saving current model and best model
balance: False
selecting samples for epoch 86, ratio 0.1
=====> Saving current model and best model
balance: False
selecting samples for epoch 87, ratio 0.1
=====> Saving current model and best model
balance: False
selecting samples for epoch 88, ratio 0.1
=====> Saving current model and best model
balance: False
selecting samples for epoch 89, ratio 0.1
=====> Saving current model and best model
balance: False
selecting samples for epoch 90, ratio 0.1
=====> Saving current model and best model
balance: False
selecting samples for epoch 91, ratio 0.1
=====> Epoch: 91/300, Total_step: 17108, lr: 0.001000, Total Time: 7622.1590 s, Time this epoch: 51.0209 s
=====> Epoch: 91/300, Train Loss (train loader labels): 2.2199, Train acc (train loader labels): 0.2787, Best val acc: 0.5043, Current val acc: 0.3965, Val Loss: 2.2113
=====> Saving current model and best model
balance: False
selecting samples for epoch 92, ratio 0.1
=====> Saving current model and best model
balance: False
selecting samples for epoch 93, ratio 0.1
=====> Saving current model and best model
balance: False
selecting samples for epoch 94, ratio 0.1
=====> Saving current model and best model
balance: False
selecting samples for epoch 95, ratio 0.1
=====> Saving current model and best model
balance: False
selecting samples for epoch 96, ratio 0.1
=====> Saving current model and best model
balance: False
selecting samples for epoch 97, ratio 0.1
=====> Saving current model and best model
balance: False
selecting samples for epoch 98, ratio 0.1
=====> Saving current model and best model
balance: False
selecting samples for epoch 99, ratio 0.1
=====> Saving current model and best model
balance: False
selecting samples for epoch 100, ratio 0.1
=====> Saving current model and best model
balance: False
selecting samples for epoch 101, ratio 0.1
=====> Saving current model and best model
balance: False
selecting samples for epoch 102, ratio 0.1
=====> Saving current model and best model
balance: False
selecting samples for epoch 103, ratio 0.1
=====> Saving current model and best model
balance: False
selecting samples for epoch 104, ratio 0.1
=====> Saving current model and best model
balance: False
selecting samples for epoch 105, ratio 0.1
=====> Saving current model and best model
balance: False
selecting samples for epoch 106, ratio 0.1
=====> Epoch: 106/300, Total_step: 19928, lr: 0.001000, Total Time: 8450.9984 s, Time this epoch: 51.5655 s
=====> Epoch: 106/300, Train Loss (train loader labels): 2.2121, Train acc (train loader labels): 0.3268, Best val acc: 0.5043, Current val acc: 0.4266, Val Loss: 2.2057
=====> Saving current model and best model
balance: False
selecting samples for epoch 107, ratio 0.1
=====> Saving current model and best model
balance: False
selecting samples for epoch 108, ratio 0.1
=====> Saving current model and best model
balance: False
selecting samples for epoch 109, ratio 0.1
=====> Saving current model and best model
balance: False
selecting samples for epoch 110, ratio 0.1
=====> Saving current model and best model
balance: False
selecting samples for epoch 111, ratio 0.1
=====> Saving current model and best model
balance: False
selecting samples for epoch 112, ratio 0.1
=====> Saving current model and best model
balance: False
selecting samples for epoch 113, ratio 0.1
=====> Saving current model and best model
balance: False
selecting samples for epoch 114, ratio 0.1
=====> Saving current model and best model
balance: False
selecting samples for epoch 115, ratio 0.1
=====> Saving current model and best model
balance: False
selecting samples for epoch 116, ratio 0.1
=====> Saving current model and best model
balance: False
selecting samples for epoch 117, ratio 0.1
=====> Saving current model and best model
balance: False
selecting samples for epoch 118, ratio 0.1
=====> Saving current model and best model
balance: False
selecting samples for epoch 119, ratio 0.1
=====> Saving current model and best model
balance: False
selecting samples for epoch 120, ratio 0.1
=====> Saving current model and best model
balance: False
selecting samples for epoch 121, ratio 0.1
=====> Epoch: 121/300, Total_step: 22748, lr: 0.001000, Total Time: 9279.2134 s, Time this epoch: 51.2559 s
=====> Epoch: 121/300, Train Loss (train loader labels): 2.0957, Train acc (train loader labels): 0.3070, Best val acc: 0.5043, Current val acc: 0.3864, Val Loss: 2.0799
=====> Saving current model and best model
balance: False
selecting samples for epoch 122, ratio 0.1
=====> Saving current model and best model
balance: False
selecting samples for epoch 123, ratio 0.1
=====> Saving current model and best model
balance: False
selecting samples for epoch 124, ratio 0.1
=====> Saving current model and best model
balance: False
selecting samples for epoch 125, ratio 0.1
=====> Saving current model and best model
balance: False
selecting samples for epoch 126, ratio 0.1
=====> Saving current model and best model
balance: False
selecting samples for epoch 127, ratio 0.1
=====> Saving current model and best model
balance: False
selecting samples for epoch 128, ratio 0.1
=====> Saving current model and best model
balance: False
selecting samples for epoch 129, ratio 0.1
=====> Saving current model and best model
balance: False
selecting samples for epoch 130, ratio 0.1
=====> Saving current model and best model
balance: False
selecting samples for epoch 131, ratio 0.1
=====> Saving current model and best model
balance: False
selecting samples for epoch 132, ratio 0.1
=====> Saving current model and best model
balance: False
selecting samples for epoch 133, ratio 0.1
=====> Saving current model and best model
balance: False
selecting samples for epoch 134, ratio 0.1
=====> Saving current model and best model
balance: False
selecting samples for epoch 135, ratio 0.1
=====> Saving current model and best model
balance: False
selecting samples for epoch 136, ratio 0.1
=====> Epoch: 136/300, Total_step: 25568, lr: 0.001000, Total Time: 10108.0615 s, Time this epoch: 51.1588 s
=====> Epoch: 136/300, Train Loss (train loader labels): 2.1788, Train acc (train loader labels): 0.3436, Best val acc: 0.5043, Current val acc: 0.4818, Val Loss: 2.1784
=====> Saving current model and best model
balance: False
selecting samples for epoch 137, ratio 0.1
=====> Saving current model and best model
balance: False
selecting samples for epoch 138, ratio 0.1
=====> Saving current model and best model
balance: False
selecting samples for epoch 139, ratio 0.1
=====> Saving current model and best model
balance: False
selecting samples for epoch 140, ratio 0.1
=====> Saving current model and best model
balance: False
selecting samples for epoch 141, ratio 0.1
=====> Saving current model and best model
balance: False
selecting samples for epoch 142, ratio 0.1
=====> Saving current model and best model
balance: False
selecting samples for epoch 143, ratio 0.1
=====> Saving current model and best model
balance: False
selecting samples for epoch 144, ratio 0.1
=====> Saving current model and best model
balance: False
selecting samples for epoch 145, ratio 0.1
=====> Saving current model and best model
balance: False
selecting samples for epoch 146, ratio 0.1
=====> Saving current model and best model
balance: False
selecting samples for epoch 147, ratio 0.1
=====> Saving current model and best model
balance: False
selecting samples for epoch 148, ratio 0.1
=====> Saving current model and best model
balance: False
selecting samples for epoch 149, ratio 0.1
=====> Saving current model and best model
balance: False
selecting samples for epoch 150, ratio 0.1
=====> Saving current model and best model
balance: False
selecting samples for epoch 151, ratio 0.1
=====> Epoch: 151/300, Total_step: 28388, lr: 0.001000, Total Time: 10938.0688 s, Time this epoch: 51.4562 s
=====> Epoch: 151/300, Train Loss (train loader labels): 2.1918, Train acc (train loader labels): 0.3565, Best val acc: 0.5043, Current val acc: 0.4975, Val Loss: 2.1860
=====> Saving current model and best model
balance: False
selecting samples for epoch 152, ratio 0.1
=====> Saving current model and best model
balance: False
selecting samples for epoch 153, ratio 0.1
=====> Saving current model and best model
balance: False
selecting samples for epoch 154, ratio 0.1
=====> Saving current model and best model
balance: False
selecting samples for epoch 155, ratio 0.1
=====> Saving current model and best model
balance: False
selecting samples for epoch 156, ratio 0.1
=====> Saving current model and best model
balance: False
selecting samples for epoch 157, ratio 0.1
=====> Saving current model and best model
balance: False
selecting samples for epoch 158, ratio 0.1
=====> Saving current model and best model
balance: False
selecting samples for epoch 159, ratio 0.1
=====> Saving current model and best model
balance: False
selecting samples for epoch 160, ratio 0.1
=====> Saving current model and best model
balance: False
selecting samples for epoch 161, ratio 0.1
=====> Saving current model and best model
balance: False
selecting samples for epoch 162, ratio 0.1
=====> Saving current model and best model
balance: False
selecting samples for epoch 163, ratio 0.1
=====> Saving current model and best model
balance: False
selecting samples for epoch 164, ratio 0.1
=====> Saving current model and best model
balance: False
selecting samples for epoch 165, ratio 0.1
=====> Saving current model and best model
balance: False
selecting samples for epoch 166, ratio 0.1
=====> Epoch: 166/300, Total_step: 31208, lr: 0.001000, Total Time: 11767.6501 s, Time this epoch: 51.0684 s
=====> Epoch: 166/300, Train Loss (train loader labels): 2.2051, Train acc (train loader labels): 0.3076, Best val acc: 0.5043, Current val acc: 0.4069, Val Loss: 2.2016
=====> Saving current model and best model
balance: False
selecting samples for epoch 167, ratio 0.1
=====> Saving current model and best model
balance: False
selecting samples for epoch 168, ratio 0.1
=====> Saving current model and best model
balance: False
selecting samples for epoch 169, ratio 0.1
=====> Saving current model and best model
balance: False
selecting samples for epoch 170, ratio 0.1
=====> Saving current model and best model
balance: False
selecting samples for epoch 171, ratio 0.1
=====> Saving current model and best model
balance: False
selecting samples for epoch 172, ratio 0.1
=====> Saving current model and best model
balance: False
selecting samples for epoch 173, ratio 0.1
=====> Saving current model and best model
balance: False
selecting samples for epoch 174, ratio 0.1
=====> Saving current model and best model
balance: False
selecting samples for epoch 175, ratio 0.1
=====> Saving current model and best model
balance: False
selecting samples for epoch 176, ratio 0.1
=====> Saving current model and best model
balance: False
selecting samples for epoch 177, ratio 0.1
=====> Saving current model and best model
balance: False
selecting samples for epoch 178, ratio 0.1
=====> Saving current model and best model
balance: False
selecting samples for epoch 179, ratio 0.1
=====> Saving current model and best model
balance: False
selecting samples for epoch 180, ratio 0.1
=====> Saving current model and best model
balance: False
selecting samples for epoch 181, ratio 0.1
=====> Epoch: 181/300, Total_step: 34028, lr: 0.001000, Total Time: 12595.8245 s, Time this epoch: 51.1189 s
=====> Epoch: 181/300, Train Loss (train loader labels): 2.2156, Train acc (train loader labels): 0.3164, Best val acc: 0.5043, Current val acc: 0.4165, Val Loss: 2.2085
=====> Saving current model and best model
balance: False
selecting samples for epoch 182, ratio 0.1
=====> Saving current model and best model
balance: False
selecting samples for epoch 183, ratio 0.1
=====> Saving current model and best model
balance: False
selecting samples for epoch 184, ratio 0.1
=====> Saving current model and best model
balance: False
selecting samples for epoch 185, ratio 0.1
=====> Saving current model and best model
balance: False
selecting samples for epoch 186, ratio 0.1
=====> Saving current model and best model
balance: False
selecting samples for epoch 187, ratio 0.1
=====> Saving current model and best model
balance: False
selecting samples for epoch 188, ratio 0.1
=====> Saving current model and best model
balance: False
selecting samples for epoch 189, ratio 0.1
=====> Saving current model and best model
balance: False
selecting samples for epoch 190, ratio 0.1
=====> Saving current model and best model
balance: False
selecting samples for epoch 191, ratio 0.1
=====> Saving current model and best model
balance: False
selecting samples for epoch 192, ratio 0.1
=====> Saving current model and best model
balance: False
selecting samples for epoch 193, ratio 0.1
=====> Saving current model and best model
balance: False
selecting samples for epoch 194, ratio 0.1
=====> Saving current model and best model
balance: False
selecting samples for epoch 195, ratio 0.1
=====> Saving current model and best model
balance: False
selecting samples for epoch 196, ratio 0.1
=====> Epoch: 196/300, Total_step: 36848, lr: 0.001000, Total Time: 13425.7582 s, Time this epoch: 51.4673 s
=====> Epoch: 196/300, Train Loss (train loader labels): 2.1799, Train acc (train loader labels): 0.2994, Best val acc: 0.5043, Current val acc: 0.4269, Val Loss: 2.1690
=====> Saving current model and best model
balance: False
selecting samples for epoch 197, ratio 0.1
=====> Saving current model and best model
balance: False
selecting samples for epoch 198, ratio 0.1
=====> Saving current model and best model
balance: False
selecting samples for epoch 199, ratio 0.1
=====> Saving current model and best model
balance: False
selecting samples for epoch 200, ratio 0.1
=====> Saving current model and best model
balance: False
selecting samples for epoch 201, ratio 0.1
=====> Saving current model and best model
balance: False
selecting samples for epoch 202, ratio 0.1
=====> Saving current model and best model
balance: False
selecting samples for epoch 203, ratio 0.1
=====> Saving current model and best model
balance: False
selecting samples for epoch 204, ratio 0.1
=====> Saving current model and best model
balance: False
selecting samples for epoch 205, ratio 0.1
=====> Saving current model and best model
balance: False
selecting samples for epoch 206, ratio 0.1
=====> Saving current model and best model
balance: False
selecting samples for epoch 207, ratio 0.1
=====> Saving current model and best model
balance: False
selecting samples for epoch 208, ratio 0.1
=====> Saving current model and best model
balance: False
selecting samples for epoch 209, ratio 0.1
=====> Saving current model and best model
balance: False
selecting samples for epoch 210, ratio 0.1
=====> Saving current model and best model
balance: False
selecting samples for epoch 211, ratio 0.1
=====> Epoch: 211/300, Total_step: 39668, lr: 0.001000, Total Time: 14255.8849 s, Time this epoch: 51.3603 s
=====> Epoch: 211/300, Train Loss (train loader labels): 2.1945, Train acc (train loader labels): 0.3045, Best val acc: 0.5043, Current val acc: 0.4370, Val Loss: 2.1877
=====> Saving current model and best model
balance: False
selecting samples for epoch 212, ratio 0.1
=====> Saving current model and best model
balance: False
selecting samples for epoch 213, ratio 0.1
=====> Saving current model and best model
balance: False
selecting samples for epoch 214, ratio 0.1
=====> Saving current model and best model
balance: False
selecting samples for epoch 215, ratio 0.1
=====> Saving current model and best model
balance: False
selecting samples for epoch 216, ratio 0.1
=====> Saving current model and best model
balance: False
selecting samples for epoch 217, ratio 0.1
=====> Saving current model and best model
balance: False
selecting samples for epoch 218, ratio 0.1
=====> Saving current model and best model
balance: False
selecting samples for epoch 219, ratio 0.1
=====> Saving current model and best model
balance: False
selecting samples for epoch 220, ratio 0.1
=====> Saving current model and best model
balance: False
selecting samples for epoch 221, ratio 0.1
=====> Saving current model and best model
balance: False
selecting samples for epoch 222, ratio 0.1
=====> Saving current model and best model
balance: False
selecting samples for epoch 223, ratio 0.1
=====> Saving current model and best model
balance: False
selecting samples for epoch 224, ratio 0.1
=====> Saving current model and best model
balance: False
selecting samples for epoch 225, ratio 0.1
=====> Saving current model and best model
balance: False
selecting samples for epoch 226, ratio 0.1
=====> Epoch: 226/300, Total_step: 42488, lr: 0.001000, Total Time: 15084.5098 s, Time this epoch: 51.2920 s
=====> Epoch: 226/300, Train Loss (train loader labels): 2.1893, Train acc (train loader labels): 0.3450, Best val acc: 0.5043, Current val acc: 0.5039, Val Loss: 2.1786
=====> Saving current model and best model
balance: False
selecting samples for epoch 227, ratio 0.1
=====> Saving current model and best model
balance: False
selecting samples for epoch 228, ratio 0.1
=====> Saving current model and best model
balance: False
selecting samples for epoch 229, ratio 0.1
=====> Saving current model and best model
balance: False
selecting samples for epoch 230, ratio 0.1
=====> Saving current model and best model
balance: False
selecting samples for epoch 231, ratio 0.1
=====> Saving current model and best model
balance: False
selecting samples for epoch 232, ratio 0.1
=====> Saving current model and best model
balance: False
selecting samples for epoch 233, ratio 0.1
=====> Saving current model and best model
balance: False
selecting samples for epoch 234, ratio 0.1
=====> Saving current model and best model
balance: False
selecting samples for epoch 235, ratio 0.1
=====> Saving current model and best model
balance: False
selecting samples for epoch 236, ratio 0.1
=====> Saving current model and best model
balance: False
selecting samples for epoch 237, ratio 0.1
=====> Saving current model and best model
balance: False
selecting samples for epoch 238, ratio 0.1
=====> Saving current model and best model
balance: False
selecting samples for epoch 239, ratio 0.1
=====> Saving current model and best model
balance: False
selecting samples for epoch 240, ratio 0.1
=====> Saving current model and best model
balance: False
selecting samples for epoch 241, ratio 0.1
=====> Epoch: 241/300, Total_step: 45308, lr: 0.001000, Total Time: 15912.7634 s, Time this epoch: 51.1398 s
=====> Epoch: 241/300, Train Loss (train loader labels): 2.2059, Train acc (train loader labels): 0.3272, Best val acc: 0.5043, Current val acc: 0.4312, Val Loss: 2.1998
=====> Saving current model and best model
balance: False
selecting samples for epoch 242, ratio 0.1
=====> Saving current model and best model
balance: False
selecting samples for epoch 243, ratio 0.1
=====> Saving current model and best model
balance: False
selecting samples for epoch 244, ratio 0.1
=====> Saving current model and best model
balance: False
selecting samples for epoch 245, ratio 0.1
=====> Saving current model and best model
balance: False
selecting samples for epoch 246, ratio 0.1
=====> Saving current model and best model
balance: False
selecting samples for epoch 247, ratio 0.1
=====> Saving current model and best model
balance: False
selecting samples for epoch 248, ratio 0.1
=====> Saving current model and best model
balance: False
selecting samples for epoch 249, ratio 0.1
=====> Saving current model and best model
balance: False
selecting samples for epoch 250, ratio 0.1
=====> Saving current model and best model
balance: False
selecting samples for epoch 251, ratio 0.1
=====> Saving current model and best model
balance: False
selecting samples for epoch 252, ratio 0.1
=====> Saving current model and best model
balance: False
selecting samples for epoch 253, ratio 0.1
=====> Saving current model and best model
balance: False
selecting samples for epoch 254, ratio 0.1
=====> Saving current model and best model
balance: False
selecting samples for epoch 255, ratio 0.1
=====> Saving current model and best model
balance: False
selecting samples for epoch 256, ratio 0.1
=====> Epoch: 256/300, Total_step: 48128, lr: 0.001000, Total Time: 16743.5911 s, Time this epoch: 51.3010 s
=====> Epoch: 256/300, Train Loss (train loader labels): 2.2054, Train acc (train loader labels): 0.3587, Best val acc: 0.5043, Current val acc: 0.4754, Val Loss: 2.2022
=====> Saving current model and best model
balance: False
selecting samples for epoch 257, ratio 0.1
=====> Saving current model and best model
balance: False
selecting samples for epoch 258, ratio 0.1
=====> Saving current model and best model
balance: False
selecting samples for epoch 259, ratio 0.1
=====> Saving current model and best model
balance: False
selecting samples for epoch 260, ratio 0.1
=====> Saving current model and best model
balance: False
selecting samples for epoch 261, ratio 0.1
=====> Saving current model and best model
balance: False
selecting samples for epoch 262, ratio 0.1
=====> Saving current model and best model
balance: False
selecting samples for epoch 263, ratio 0.1
=====> Saving current model and best model
balance: False
selecting samples for epoch 264, ratio 0.1
=====> Saving current model and best model
balance: False
selecting samples for epoch 265, ratio 0.1
=====> Saving current model and best model
balance: False
selecting samples for epoch 266, ratio 0.1
=====> Saving current model and best model
balance: False
selecting samples for epoch 267, ratio 0.1
=====> Saving current model and best model
balance: False
selecting samples for epoch 268, ratio 0.1
=====> Saving current model and best model
balance: False
selecting samples for epoch 269, ratio 0.1
=====> Saving current model and best model
balance: False
selecting samples for epoch 270, ratio 0.1
=====> Saving current model and best model
balance: False
selecting samples for epoch 271, ratio 0.1
=====> Epoch: 271/300, Total_step: 50948, lr: 0.001000, Total Time: 17575.7862 s, Time this epoch: 51.1949 s
=====> Epoch: 271/300, Train Loss (train loader labels): 2.2121, Train acc (train loader labels): 0.3437, Best val acc: 0.5043, Current val acc: 0.4869, Val Loss: 2.2051
=====> Saving current model and best model
balance: False
selecting samples for epoch 272, ratio 0.1
=====> Saving current model and best model
balance: False
selecting samples for epoch 273, ratio 0.1
=====> Saving current model and best model
balance: False
selecting samples for epoch 274, ratio 0.1
=====> Saving current model and best model
balance: False
selecting samples for epoch 275, ratio 0.1
=====> Saving current model and best model
balance: False
selecting samples for epoch 276, ratio 0.1
=====> Saving current model and best model
balance: False
selecting samples for epoch 277, ratio 0.1
=====> Saving current model and best model
balance: False
selecting samples for epoch 278, ratio 0.1
=====> Saving current model and best model
balance: False
selecting samples for epoch 279, ratio 0.1
=====> Saving current model and best model
balance: False
selecting samples for epoch 280, ratio 0.1
=====> Saving current model and best model
balance: False
selecting samples for epoch 281, ratio 0.1
=====> Saving current model and best model
balance: False
selecting samples for epoch 282, ratio 0.1
=====> Saving current model and best model
balance: False
selecting samples for epoch 283, ratio 0.1
=====> Saving current model and best model
balance: False
selecting samples for epoch 284, ratio 0.1
=====> Saving current model and best model
balance: False
selecting samples for epoch 285, ratio 0.1
=====> Saving current model and best model
balance: False
selecting samples for epoch 286, ratio 0.1
=====> Epoch: 286/300, Total_step: 53768, lr: 0.001000, Total Time: 18406.7038 s, Time this epoch: 51.4452 s
=====> Epoch: 286/300, Train Loss (train loader labels): 2.1612, Train acc (train loader labels): 0.3126, Best val acc: 0.5043, Current val acc: 0.4230, Val Loss: 2.1537
=====> Saving current model and best model
balance: False
selecting samples for epoch 287, ratio 0.1
=====> Saving current model and best model
balance: False
selecting samples for epoch 288, ratio 0.1
=====> Saving current model and best model
balance: False
selecting samples for epoch 289, ratio 0.1
=====> Saving current model and best model
balance: False
selecting samples for epoch 290, ratio 0.1
=====> Saving current model and best model
balance: False
selecting samples for epoch 291, ratio 0.1
=====> Saving current model and best model
balance: False
selecting samples for epoch 292, ratio 0.1
=====> Saving current model and best model
balance: False
selecting samples for epoch 293, ratio 0.1
=====> Saving current model and best model
balance: False
selecting samples for epoch 294, ratio 0.1
=====> Saving current model and best model
balance: False
selecting samples for epoch 295, ratio 0.1
=====> Saving current model and best model
balance: False
selecting samples for epoch 296, ratio 0.1
=====> Saving current model and best model
balance: False
selecting samples for epoch 297, ratio 0.1
=====> Saving current model and best model
balance: False
selecting samples for epoch 298, ratio 0.1
=====> Saving current model and best model
balance: False
selecting samples for epoch 299, ratio 0.1
=====> Saving current model and best model
balance: False
selecting samples for epoch 300, ratio 0.1
=====> Epoch: 300/300, Total_step: 56400, lr: 0.001000, Total Time: 19185.8334 s, Time this epoch: 51.4897 s
=====> Epoch: 300/300, Train Loss (train loader labels): 2.1887, Train acc (train loader labels): 0.3302, Best val acc: 0.5043, Current val acc: 0.4416, Val Loss: 2.1848
=====> Saving current model and best model
Saved helper snapshots to /home/mward19/Documents/miller/Online-Batch-Selection/snapshots/MNIST/{"bsel":"RhoLoss","seed":1,"model":"DeepLinear","opt":"adamw","bs":320,"ratio":0.1,"lr":0.001,"wd":0.01,"layers":5,"hidden_dim":1000}.p
Saved selected points array to /home/mward19/Documents/miller/Online-Batch-Selection/selected_points/MNIST/{"bsel":"RhoLoss","seed":1,"model":"DeepLinear","opt":"adamw","bs":320,"ratio":0.1,"lr":0.001,"wd":0.01,"layers":5,"hidden_dim":1000}.npy
========================= End Main =========================
