save_dir: ./exp/MNIST/Bayesian_deeplinear_bs320_ep300_lr0.001_AdamW_constant_seed1_r0.1_5_hidden
=====> Loading config files: 
configs/mnist/method/bayesian-0.1.yaml
configs/mnist/data/mnist.yaml
configs/mnist/model/deep_linear_saxe/deep_linear_5.yaml
configs/mnist/optim/adamw-320-0.001-0.01.yaml
configs/diagnostics/snapshots_log_interval.yaml
=====> Config files loaded.
========================= Start Main =========================
=====> Saving config file
=====> Config file saved
=====> Using fixed random seed: 1
=====> Wandb initialized
=====> Number of GPUs: 1
Creating Bayesian...
=====> Start teacher Validation
=====> teacher Test Accuracy: 0.3469
Cached teacher losses for 60000 samples in dataset.
Begin training for Bayesian...
=====> Epoch: 0/300, Total_step: 0, lr: 0.001000, Total Time: 0.0000 s, Time this epoch: 0.0000 s
=====> Epoch: 0/300, Train Loss (train loader labels): 2.3049, Train acc (train loader labels): 0.0951, Best val acc: 0.1051, Current val acc: 0.1051, Val Loss: 2.3072
balance: False
selecting samples for epoch 1, ratio 0.1
=====> Epoch: 1/300, Total_step: 1, lr: 0.001000, Total Time: 0.0000 s, Time this epoch: 0.0000 s
=====> Epoch: 1/300, Train Loss (train loader labels): 2.5801, Train acc (train loader labels): 0.1088, Best val acc: 0.1051, Current val acc: 0.1041, Val Loss: 2.4634
=====> Epoch: 1/300, Total_step: 48, lr: 0.001000, Total Time: 0.0000 s, Time this epoch: 0.0000 s
=====> Epoch: 1/300, Train Loss (train loader labels): 2.1816, Train acc (train loader labels): 0.2947, Best val acc: 0.3629, Current val acc: 0.3629, Val Loss: 2.1816
=====> Epoch: 1/300, Total_step: 95, lr: 0.001000, Total Time: 0.0000 s, Time this epoch: 0.0000 s
=====> Epoch: 1/300, Train Loss (train loader labels): 2.2072, Train acc (train loader labels): 0.2942, Best val acc: 0.4160, Current val acc: 0.4160, Val Loss: 2.1980
=====> Epoch: 1/300, Total_step: 142, lr: 0.001000, Total Time: 0.0000 s, Time this epoch: 0.0000 s
=====> Epoch: 1/300, Train Loss (train loader labels): 2.2243, Train acc (train loader labels): 0.2494, Best val acc: 0.4160, Current val acc: 0.2518, Val Loss: 2.2190
=====> Saving current model and best model
balance: False
selecting samples for epoch 2, ratio 0.1
=====> Epoch: 2/300, Total_step: 189, lr: 0.001000, Total Time: 321.1018 s, Time this epoch: 266.1141 s
=====> Epoch: 2/300, Train Loss (train loader labels): 2.2225, Train acc (train loader labels): 0.2580, Best val acc: 0.4160, Current val acc: 0.3614, Val Loss: 2.2133
=====> Epoch: 2/300, Total_step: 236, lr: 0.001000, Total Time: 321.1018 s, Time this epoch: 266.1141 s
=====> Epoch: 2/300, Train Loss (train loader labels): 2.2092, Train acc (train loader labels): 0.2893, Best val acc: 0.4160, Current val acc: 0.4036, Val Loss: 2.2003
=====> Epoch: 2/300, Total_step: 283, lr: 0.001000, Total Time: 321.1018 s, Time this epoch: 266.1141 s
=====> Epoch: 2/300, Train Loss (train loader labels): 2.2243, Train acc (train loader labels): 0.2727, Best val acc: 0.4160, Current val acc: 0.3448, Val Loss: 2.2118
=====> Epoch: 2/300, Total_step: 330, lr: 0.001000, Total Time: 321.1018 s, Time this epoch: 266.1141 s
=====> Epoch: 2/300, Train Loss (train loader labels): 2.2133, Train acc (train loader labels): 0.3227, Best val acc: 0.4160, Current val acc: 0.4010, Val Loss: 2.2117
=====> Saving current model and best model
balance: False
selecting samples for epoch 3, ratio 0.1
=====> Epoch: 3/300, Total_step: 377, lr: 0.001000, Total Time: 587.9074 s, Time this epoch: 266.4397 s
=====> Epoch: 3/300, Train Loss (train loader labels): 2.2178, Train acc (train loader labels): 0.2932, Best val acc: 0.4434, Current val acc: 0.4434, Val Loss: 2.2087
=====> Epoch: 3/300, Total_step: 424, lr: 0.001000, Total Time: 587.9074 s, Time this epoch: 266.4397 s
=====> Epoch: 3/300, Train Loss (train loader labels): 2.2313, Train acc (train loader labels): 0.2996, Best val acc: 0.4512, Current val acc: 0.4512, Val Loss: 2.2197
=====> Epoch: 3/300, Total_step: 471, lr: 0.001000, Total Time: 587.9074 s, Time this epoch: 266.4397 s
=====> Epoch: 3/300, Train Loss (train loader labels): 2.2391, Train acc (train loader labels): 0.2775, Best val acc: 0.4512, Current val acc: 0.3538, Val Loss: 2.2339
=====> Epoch: 3/300, Total_step: 518, lr: 0.001000, Total Time: 587.9074 s, Time this epoch: 266.4397 s
=====> Epoch: 3/300, Train Loss (train loader labels): 2.2457, Train acc (train loader labels): 0.2826, Best val acc: 0.4512, Current val acc: 0.3364, Val Loss: 2.2403
=====> Saving current model and best model
balance: False
selecting samples for epoch 4, ratio 0.1
=====> Epoch: 4/300, Total_step: 565, lr: 0.001000, Total Time: 856.2877 s, Time this epoch: 268.1170 s
=====> Epoch: 4/300, Train Loss (train loader labels): 2.1950, Train acc (train loader labels): 0.3087, Best val acc: 0.4512, Current val acc: 0.4091, Val Loss: 2.1838
=====> Epoch: 4/300, Total_step: 612, lr: 0.001000, Total Time: 856.2877 s, Time this epoch: 268.1170 s
=====> Epoch: 4/300, Train Loss (train loader labels): 2.2198, Train acc (train loader labels): 0.3103, Best val acc: 0.4512, Current val acc: 0.3313, Val Loss: 2.2157
=====> Epoch: 4/300, Total_step: 659, lr: 0.001000, Total Time: 856.2877 s, Time this epoch: 268.1170 s
=====> Epoch: 4/300, Train Loss (train loader labels): 2.2169, Train acc (train loader labels): 0.3065, Best val acc: 0.4512, Current val acc: 0.3809, Val Loss: 2.2097
=====> Epoch: 4/300, Total_step: 706, lr: 0.001000, Total Time: 856.2877 s, Time this epoch: 268.1170 s
=====> Epoch: 4/300, Train Loss (train loader labels): 2.2147, Train acc (train loader labels): 0.2956, Best val acc: 0.4512, Current val acc: 0.3621, Val Loss: 2.2149
=====> Saving current model and best model
balance: False
selecting samples for epoch 5, ratio 0.1
=====> Epoch: 5/300, Total_step: 753, lr: 0.001000, Total Time: 1125.0567 s, Time this epoch: 268.4915 s
=====> Epoch: 5/300, Train Loss (train loader labels): 2.2448, Train acc (train loader labels): 0.2303, Best val acc: 0.4512, Current val acc: 0.3117, Val Loss: 2.2373
=====> Epoch: 5/300, Total_step: 800, lr: 0.001000, Total Time: 1125.0567 s, Time this epoch: 268.4915 s
=====> Epoch: 5/300, Train Loss (train loader labels): 2.2317, Train acc (train loader labels): 0.2935, Best val acc: 0.4512, Current val acc: 0.3207, Val Loss: 2.2289
=====> Epoch: 5/300, Total_step: 847, lr: 0.001000, Total Time: 1125.0567 s, Time this epoch: 268.4915 s
=====> Epoch: 5/300, Train Loss (train loader labels): 2.2195, Train acc (train loader labels): 0.2977, Best val acc: 0.4512, Current val acc: 0.3635, Val Loss: 2.2126
=====> Epoch: 5/300, Total_step: 894, lr: 0.001000, Total Time: 1125.0567 s, Time this epoch: 268.4915 s
=====> Epoch: 5/300, Train Loss (train loader labels): 2.2146, Train acc (train loader labels): 0.2964, Best val acc: 0.4512, Current val acc: 0.3780, Val Loss: 2.2041
=====> Saving current model and best model
balance: False
selecting samples for epoch 6, ratio 0.1
=====> Epoch: 6/300, Total_step: 1128, lr: 0.001000, Total Time: 1394.1450 s, Time this epoch: 268.7437 s
=====> Epoch: 6/300, Train Loss (train loader labels): 2.2203, Train acc (train loader labels): 0.2853, Best val acc: 0.4512, Current val acc: 0.3571, Val Loss: 2.2159
=====> Saving current model and best model
balance: False
selecting samples for epoch 7, ratio 0.1
=====> Epoch: 7/300, Total_step: 1316, lr: 0.001000, Total Time: 1497.9280 s, Time this epoch: 103.5102 s
=====> Epoch: 7/300, Train Loss (train loader labels): 2.2377, Train acc (train loader labels): 0.2675, Best val acc: 0.4512, Current val acc: 0.2990, Val Loss: 2.2311
=====> Saving current model and best model
balance: False
selecting samples for epoch 8, ratio 0.1
=====> Epoch: 8/300, Total_step: 1504, lr: 0.001000, Total Time: 1603.5682 s, Time this epoch: 105.3307 s
=====> Epoch: 8/300, Train Loss (train loader labels): 2.2347, Train acc (train loader labels): 0.2738, Best val acc: 0.4512, Current val acc: 0.3364, Val Loss: 2.2268
=====> Saving current model and best model
balance: False
selecting samples for epoch 9, ratio 0.1
=====> Epoch: 9/300, Total_step: 1692, lr: 0.001000, Total Time: 1708.2791 s, Time this epoch: 104.4284 s
=====> Epoch: 9/300, Train Loss (train loader labels): 2.2341, Train acc (train loader labels): 0.2597, Best val acc: 0.4512, Current val acc: 0.2731, Val Loss: 2.2311
=====> Saving current model and best model
balance: False
selecting samples for epoch 10, ratio 0.1
=====> Epoch: 10/300, Total_step: 1880, lr: 0.001000, Total Time: 1813.4323 s, Time this epoch: 104.9050 s
=====> Epoch: 10/300, Train Loss (train loader labels): 2.2245, Train acc (train loader labels): 0.3073, Best val acc: 0.4512, Current val acc: 0.3735, Val Loss: 2.2195
=====> Saving current model and best model
balance: False
selecting samples for epoch 11, ratio 0.1
=====> Epoch: 11/300, Total_step: 2068, lr: 0.001000, Total Time: 1918.7761 s, Time this epoch: 105.0762 s
=====> Epoch: 11/300, Train Loss (train loader labels): 2.2283, Train acc (train loader labels): 0.2932, Best val acc: 0.4512, Current val acc: 0.3274, Val Loss: 2.2246
=====> Saving current model and best model
balance: False
selecting samples for epoch 12, ratio 0.1
=====> Epoch: 12/300, Total_step: 2256, lr: 0.001000, Total Time: 2024.5897 s, Time this epoch: 105.5751 s
=====> Epoch: 12/300, Train Loss (train loader labels): 2.2127, Train acc (train loader labels): 0.3115, Best val acc: 0.4512, Current val acc: 0.3698, Val Loss: 2.2107
=====> Saving current model and best model
balance: False
selecting samples for epoch 13, ratio 0.1
=====> Epoch: 13/300, Total_step: 2444, lr: 0.001000, Total Time: 2129.5035 s, Time this epoch: 104.6435 s
=====> Epoch: 13/300, Train Loss (train loader labels): 2.2118, Train acc (train loader labels): 0.2815, Best val acc: 0.4512, Current val acc: 0.3934, Val Loss: 2.2055
=====> Saving current model and best model
balance: False
selecting samples for epoch 14, ratio 0.1
=====> Epoch: 14/300, Total_step: 2632, lr: 0.001000, Total Time: 2234.7932 s, Time this epoch: 104.9797 s
=====> Epoch: 14/300, Train Loss (train loader labels): 2.2205, Train acc (train loader labels): 0.2798, Best val acc: 0.4512, Current val acc: 0.3387, Val Loss: 2.2149
=====> Saving current model and best model
balance: False
selecting samples for epoch 15, ratio 0.1
=====> Epoch: 15/300, Total_step: 2820, lr: 0.001000, Total Time: 2340.2268 s, Time this epoch: 105.1463 s
=====> Epoch: 15/300, Train Loss (train loader labels): 2.2054, Train acc (train loader labels): 0.3087, Best val acc: 0.4512, Current val acc: 0.4361, Val Loss: 2.2021
=====> Saving current model and best model
balance: False
selecting samples for epoch 16, ratio 0.1
=====> Epoch: 16/300, Total_step: 3008, lr: 0.001000, Total Time: 2445.6645 s, Time this epoch: 105.1545 s
=====> Epoch: 16/300, Train Loss (train loader labels): 2.2080, Train acc (train loader labels): 0.2894, Best val acc: 0.4512, Current val acc: 0.3694, Val Loss: 2.2049
=====> Saving current model and best model
balance: False
selecting samples for epoch 17, ratio 0.1
=====> Epoch: 17/300, Total_step: 3196, lr: 0.001000, Total Time: 2550.6546 s, Time this epoch: 104.7440 s
=====> Epoch: 17/300, Train Loss (train loader labels): 2.2156, Train acc (train loader labels): 0.2694, Best val acc: 0.4512, Current val acc: 0.3406, Val Loss: 2.2134
=====> Saving current model and best model
balance: False
selecting samples for epoch 18, ratio 0.1
=====> Epoch: 18/300, Total_step: 3384, lr: 0.001000, Total Time: 2655.8422 s, Time this epoch: 104.9442 s
=====> Epoch: 18/300, Train Loss (train loader labels): 2.2218, Train acc (train loader labels): 0.2973, Best val acc: 0.4512, Current val acc: 0.3789, Val Loss: 2.2174
=====> Saving current model and best model
balance: False
selecting samples for epoch 19, ratio 0.1
=====> Epoch: 19/300, Total_step: 3572, lr: 0.001000, Total Time: 2760.3686 s, Time this epoch: 104.2850 s
=====> Epoch: 19/300, Train Loss (train loader labels): 2.2042, Train acc (train loader labels): 0.2523, Best val acc: 0.4512, Current val acc: 0.2698, Val Loss: 2.1938
=====> Saving current model and best model
balance: False
selecting samples for epoch 20, ratio 0.1
=====> Epoch: 20/300, Total_step: 3760, lr: 0.001000, Total Time: 2865.5092 s, Time this epoch: 104.8184 s
=====> Epoch: 20/300, Train Loss (train loader labels): 2.2080, Train acc (train loader labels): 0.2984, Best val acc: 0.4512, Current val acc: 0.3822, Val Loss: 2.1998
=====> Saving current model and best model
balance: False
selecting samples for epoch 21, ratio 0.1
=====> Epoch: 21/300, Total_step: 3948, lr: 0.001000, Total Time: 2971.1385 s, Time this epoch: 105.2896 s
=====> Epoch: 21/300, Train Loss (train loader labels): 43.3997, Train acc (train loader labels): 0.1054, Best val acc: 0.4512, Current val acc: 0.1187, Val Loss: 28.5459
=====> Saving current model and best model
balance: False
selecting samples for epoch 22, ratio 0.1
=====> Epoch: 22/300, Total_step: 4136, lr: 0.001000, Total Time: 3076.2119 s, Time this epoch: 104.8688 s
=====> Epoch: 22/300, Train Loss (train loader labels): 2.1136, Train acc (train loader labels): 0.3128, Best val acc: 0.4512, Current val acc: 0.3778, Val Loss: 2.1078
=====> Saving current model and best model
balance: False
selecting samples for epoch 23, ratio 0.1
=====> Epoch: 23/300, Total_step: 4324, lr: 0.001000, Total Time: 3181.6110 s, Time this epoch: 105.1328 s
=====> Epoch: 23/300, Train Loss (train loader labels): 2.1352, Train acc (train loader labels): 0.3000, Best val acc: 0.4512, Current val acc: 0.4234, Val Loss: 2.1250
=====> Saving current model and best model
balance: False
selecting samples for epoch 24, ratio 0.1
=====> Epoch: 24/300, Total_step: 4512, lr: 0.001000, Total Time: 3286.3697 s, Time this epoch: 104.5091 s
=====> Epoch: 24/300, Train Loss (train loader labels): 2.1540, Train acc (train loader labels): 0.2958, Best val acc: 0.4512, Current val acc: 0.4283, Val Loss: 2.1355
=====> Saving current model and best model
balance: False
selecting samples for epoch 25, ratio 0.1
=====> Epoch: 25/300, Total_step: 4700, lr: 0.001000, Total Time: 3391.2132 s, Time this epoch: 104.6378 s
=====> Epoch: 25/300, Train Loss (train loader labels): 2.1511, Train acc (train loader labels): 0.3313, Best val acc: 0.4512, Current val acc: 0.4374, Val Loss: 2.1439
=====> Saving current model and best model
balance: False
selecting samples for epoch 26, ratio 0.1
=====> Epoch: 26/300, Total_step: 4888, lr: 0.001000, Total Time: 3496.4596 s, Time this epoch: 104.9931 s
=====> Epoch: 26/300, Train Loss (train loader labels): 2.1587, Train acc (train loader labels): 0.3333, Best val acc: 0.4512, Current val acc: 0.3873, Val Loss: 2.1559
=====> Saving current model and best model
balance: False
selecting samples for epoch 27, ratio 0.1
=====> Saving current model and best model
balance: False
selecting samples for epoch 28, ratio 0.1
=====> Saving current model and best model
balance: False
selecting samples for epoch 29, ratio 0.1
=====> Epoch: 29/300, Total_step: 5452, lr: 0.001000, Total Time: 3701.1999 s, Time this epoch: 49.3219 s
=====> Epoch: 29/300, Train Loss (train loader labels): 2.1642, Train acc (train loader labels): 0.3357, Best val acc: 0.5235, Current val acc: 0.5235, Val Loss: 2.1498
=====> Saving current model and best model
balance: False
selecting samples for epoch 30, ratio 0.1
=====> Saving current model and best model
balance: False
selecting samples for epoch 31, ratio 0.1
=====> Saving current model and best model
balance: False
selecting samples for epoch 32, ratio 0.1
=====> Saving current model and best model
balance: False
selecting samples for epoch 33, ratio 0.1
=====> Epoch: 33/300, Total_step: 6204, lr: 0.001000, Total Time: 3958.0619 s, Time this epoch: 50.0245 s
=====> Epoch: 33/300, Train Loss (train loader labels): 2.1655, Train acc (train loader labels): 0.3244, Best val acc: 0.5235, Current val acc: 0.4487, Val Loss: 2.1601
=====> Saving current model and best model
balance: False
selecting samples for epoch 34, ratio 0.1
=====> Saving current model and best model
balance: False
selecting samples for epoch 35, ratio 0.1
=====> Saving current model and best model
balance: False
selecting samples for epoch 36, ratio 0.1
=====> Saving current model and best model
balance: False
selecting samples for epoch 37, ratio 0.1
=====> Epoch: 37/300, Total_step: 6956, lr: 0.001000, Total Time: 4213.7695 s, Time this epoch: 49.6489 s
=====> Epoch: 37/300, Train Loss (train loader labels): 2.1736, Train acc (train loader labels): 0.3442, Best val acc: 0.5235, Current val acc: 0.4942, Val Loss: 2.1594
=====> Saving current model and best model
balance: False
selecting samples for epoch 38, ratio 0.1
=====> Saving current model and best model
balance: False
selecting samples for epoch 39, ratio 0.1
=====> Saving current model and best model
balance: False
selecting samples for epoch 40, ratio 0.1
=====> Saving current model and best model
balance: False
selecting samples for epoch 41, ratio 0.1
=====> Epoch: 41/300, Total_step: 7708, lr: 0.001000, Total Time: 4468.7049 s, Time this epoch: 48.9286 s
=====> Epoch: 41/300, Train Loss (train loader labels): 2.1826, Train acc (train loader labels): 0.3141, Best val acc: 0.5235, Current val acc: 0.3909, Val Loss: 2.1800
=====> Saving current model and best model
balance: False
selecting samples for epoch 42, ratio 0.1
=====> Saving current model and best model
balance: False
selecting samples for epoch 43, ratio 0.1
=====> Saving current model and best model
balance: False
selecting samples for epoch 44, ratio 0.1
=====> Saving current model and best model
balance: False
selecting samples for epoch 45, ratio 0.1
=====> Epoch: 45/300, Total_step: 8460, lr: 0.001000, Total Time: 4725.2386 s, Time this epoch: 49.8247 s
=====> Epoch: 45/300, Train Loss (train loader labels): 2.1849, Train acc (train loader labels): 0.3116, Best val acc: 0.5235, Current val acc: 0.4480, Val Loss: 2.1788
=====> Saving current model and best model
balance: False
selecting samples for epoch 46, ratio 0.1
=====> Saving current model and best model
balance: False
selecting samples for epoch 47, ratio 0.1
=====> Saving current model and best model
balance: False
selecting samples for epoch 48, ratio 0.1
=====> Saving current model and best model
balance: False
selecting samples for epoch 49, ratio 0.1
=====> Epoch: 49/300, Total_step: 9212, lr: 0.001000, Total Time: 4979.9568 s, Time this epoch: 49.4243 s
=====> Epoch: 49/300, Train Loss (train loader labels): 2.1737, Train acc (train loader labels): 0.3467, Best val acc: 0.5354, Current val acc: 0.5354, Val Loss: 2.1661
=====> Saving current model and best model
balance: False
selecting samples for epoch 50, ratio 0.1
=====> Saving current model and best model
balance: False
selecting samples for epoch 51, ratio 0.1
=====> Saving current model and best model
balance: False
selecting samples for epoch 52, ratio 0.1
=====> Saving current model and best model
balance: False
selecting samples for epoch 53, ratio 0.1
=====> Epoch: 53/300, Total_step: 9964, lr: 0.001000, Total Time: 5235.7736 s, Time this epoch: 50.0711 s
=====> Epoch: 53/300, Train Loss (train loader labels): 2.1867, Train acc (train loader labels): 0.3227, Best val acc: 0.5354, Current val acc: 0.4117, Val Loss: 2.1814
=====> Saving current model and best model
balance: False
selecting samples for epoch 54, ratio 0.1
=====> Saving current model and best model
balance: False
selecting samples for epoch 55, ratio 0.1
=====> Saving current model and best model
balance: False
selecting samples for epoch 56, ratio 0.1
=====> Saving current model and best model
balance: False
selecting samples for epoch 57, ratio 0.1
=====> Epoch: 57/300, Total_step: 10716, lr: 0.001000, Total Time: 5490.5586 s, Time this epoch: 50.1831 s
=====> Epoch: 57/300, Train Loss (train loader labels): 2.1786, Train acc (train loader labels): 0.3126, Best val acc: 0.5354, Current val acc: 0.4543, Val Loss: 2.1757
=====> Saving current model and best model
balance: False
selecting samples for epoch 58, ratio 0.1
=====> Saving current model and best model
balance: False
selecting samples for epoch 59, ratio 0.1
=====> Saving current model and best model
balance: False
selecting samples for epoch 60, ratio 0.1
=====> Saving current model and best model
balance: False
selecting samples for epoch 61, ratio 0.1
=====> Epoch: 61/300, Total_step: 11468, lr: 0.001000, Total Time: 5746.5359 s, Time this epoch: 49.9396 s
=====> Epoch: 61/300, Train Loss (train loader labels): 2.1864, Train acc (train loader labels): 0.3575, Best val acc: 0.5354, Current val acc: 0.4383, Val Loss: 2.1758
=====> Saving current model and best model
balance: False
selecting samples for epoch 62, ratio 0.1
=====> Saving current model and best model
balance: False
selecting samples for epoch 63, ratio 0.1
=====> Saving current model and best model
balance: False
selecting samples for epoch 64, ratio 0.1
=====> Saving current model and best model
balance: False
selecting samples for epoch 65, ratio 0.1
=====> Epoch: 65/300, Total_step: 12220, lr: 0.001000, Total Time: 6001.6119 s, Time this epoch: 49.9488 s
=====> Epoch: 65/300, Train Loss (train loader labels): 2.1961, Train acc (train loader labels): 0.2866, Best val acc: 0.5354, Current val acc: 0.3554, Val Loss: 2.1939
=====> Saving current model and best model
balance: False
selecting samples for epoch 66, ratio 0.1
=====> Saving current model and best model
balance: False
selecting samples for epoch 67, ratio 0.1
=====> Saving current model and best model
balance: False
selecting samples for epoch 68, ratio 0.1
=====> Saving current model and best model
balance: False
selecting samples for epoch 69, ratio 0.1
=====> Saving current model and best model
balance: False
selecting samples for epoch 70, ratio 0.1
=====> Saving current model and best model
balance: False
selecting samples for epoch 71, ratio 0.1
=====> Saving current model and best model
balance: False
selecting samples for epoch 72, ratio 0.1
=====> Saving current model and best model
balance: False
selecting samples for epoch 73, ratio 0.1
=====> Saving current model and best model
balance: False
selecting samples for epoch 74, ratio 0.1
=====> Saving current model and best model
balance: False
selecting samples for epoch 75, ratio 0.1
=====> Saving current model and best model
balance: False
selecting samples for epoch 76, ratio 0.1
=====> Epoch: 76/300, Total_step: 14288, lr: 0.001000, Total Time: 6608.7043 s, Time this epoch: 49.7514 s
=====> Epoch: 76/300, Train Loss (train loader labels): 2.2078, Train acc (train loader labels): 0.3031, Best val acc: 0.5354, Current val acc: 0.4062, Val Loss: 2.1976
=====> Saving current model and best model
balance: False
selecting samples for epoch 77, ratio 0.1
=====> Saving current model and best model
balance: False
selecting samples for epoch 78, ratio 0.1
=====> Saving current model and best model
balance: False
selecting samples for epoch 79, ratio 0.1
=====> Saving current model and best model
balance: False
selecting samples for epoch 80, ratio 0.1
=====> Saving current model and best model
balance: False
selecting samples for epoch 81, ratio 0.1
=====> Saving current model and best model
balance: False
selecting samples for epoch 82, ratio 0.1
=====> Saving current model and best model
balance: False
selecting samples for epoch 83, ratio 0.1
=====> Saving current model and best model
balance: False
selecting samples for epoch 84, ratio 0.1
=====> Saving current model and best model
balance: False
selecting samples for epoch 85, ratio 0.1
=====> Saving current model and best model
balance: False
selecting samples for epoch 86, ratio 0.1
=====> Saving current model and best model
balance: False
selecting samples for epoch 87, ratio 0.1
=====> Saving current model and best model
balance: False
selecting samples for epoch 88, ratio 0.1
=====> Saving current model and best model
balance: False
selecting samples for epoch 89, ratio 0.1
=====> Saving current model and best model
balance: False
selecting samples for epoch 90, ratio 0.1
=====> Saving current model and best model
balance: False
selecting samples for epoch 91, ratio 0.1
=====> Epoch: 91/300, Total_step: 17108, lr: 0.001000, Total Time: 7413.7604 s, Time this epoch: 49.8859 s
=====> Epoch: 91/300, Train Loss (train loader labels): 2.2090, Train acc (train loader labels): 0.3177, Best val acc: 0.5354, Current val acc: 0.3849, Val Loss: 2.2067
=====> Saving current model and best model
balance: False
selecting samples for epoch 92, ratio 0.1
=====> Saving current model and best model
balance: False
selecting samples for epoch 93, ratio 0.1
=====> Saving current model and best model
balance: False
selecting samples for epoch 94, ratio 0.1
=====> Saving current model and best model
balance: False
selecting samples for epoch 95, ratio 0.1
=====> Saving current model and best model
balance: False
selecting samples for epoch 96, ratio 0.1
=====> Saving current model and best model
balance: False
selecting samples for epoch 97, ratio 0.1
=====> Saving current model and best model
balance: False
selecting samples for epoch 98, ratio 0.1
=====> Saving current model and best model
balance: False
selecting samples for epoch 99, ratio 0.1
=====> Saving current model and best model
balance: False
selecting samples for epoch 100, ratio 0.1
=====> Saving current model and best model
balance: False
selecting samples for epoch 101, ratio 0.1
=====> Saving current model and best model
balance: False
selecting samples for epoch 102, ratio 0.1
=====> Saving current model and best model
balance: False
selecting samples for epoch 103, ratio 0.1
=====> Saving current model and best model
balance: False
selecting samples for epoch 104, ratio 0.1
=====> Saving current model and best model
balance: False
selecting samples for epoch 105, ratio 0.1
=====> Saving current model and best model
balance: False
selecting samples for epoch 106, ratio 0.1
=====> Epoch: 106/300, Total_step: 19928, lr: 0.001000, Total Time: 8220.6076 s, Time this epoch: 49.6102 s
=====> Epoch: 106/300, Train Loss (train loader labels): 2.1423, Train acc (train loader labels): 0.3196, Best val acc: 0.5354, Current val acc: 0.4494, Val Loss: 2.1121
=====> Saving current model and best model
balance: False
selecting samples for epoch 107, ratio 0.1
=====> Saving current model and best model
balance: False
selecting samples for epoch 108, ratio 0.1
=====> Saving current model and best model
balance: False
selecting samples for epoch 109, ratio 0.1
=====> Saving current model and best model
balance: False
selecting samples for epoch 110, ratio 0.1
=====> Saving current model and best model
balance: False
selecting samples for epoch 111, ratio 0.1
=====> Saving current model and best model
balance: False
selecting samples for epoch 112, ratio 0.1
=====> Saving current model and best model
balance: False
selecting samples for epoch 113, ratio 0.1
=====> Saving current model and best model
balance: False
selecting samples for epoch 114, ratio 0.1
=====> Saving current model and best model
balance: False
selecting samples for epoch 115, ratio 0.1
=====> Saving current model and best model
balance: False
selecting samples for epoch 116, ratio 0.1
=====> Saving current model and best model
balance: False
selecting samples for epoch 117, ratio 0.1
=====> Saving current model and best model
balance: False
selecting samples for epoch 118, ratio 0.1
=====> Saving current model and best model
balance: False
selecting samples for epoch 119, ratio 0.1
=====> Saving current model and best model
balance: False
selecting samples for epoch 120, ratio 0.1
=====> Saving current model and best model
balance: False
selecting samples for epoch 121, ratio 0.1
=====> Epoch: 121/300, Total_step: 22748, lr: 0.001000, Total Time: 9027.1090 s, Time this epoch: 50.0112 s
=====> Epoch: 121/300, Train Loss (train loader labels): 2.1839, Train acc (train loader labels): 0.3270, Best val acc: 0.5354, Current val acc: 0.4832, Val Loss: 2.1712
=====> Saving current model and best model
balance: False
selecting samples for epoch 122, ratio 0.1
=====> Saving current model and best model
balance: False
selecting samples for epoch 123, ratio 0.1
=====> Saving current model and best model
balance: False
selecting samples for epoch 124, ratio 0.1
=====> Saving current model and best model
balance: False
selecting samples for epoch 125, ratio 0.1
=====> Saving current model and best model
balance: False
selecting samples for epoch 126, ratio 0.1
=====> Saving current model and best model
balance: False
selecting samples for epoch 127, ratio 0.1
=====> Saving current model and best model
balance: False
selecting samples for epoch 128, ratio 0.1
=====> Saving current model and best model
balance: False
selecting samples for epoch 129, ratio 0.1
=====> Saving current model and best model
balance: False
selecting samples for epoch 130, ratio 0.1
=====> Saving current model and best model
balance: False
selecting samples for epoch 131, ratio 0.1
=====> Saving current model and best model
balance: False
selecting samples for epoch 132, ratio 0.1
=====> Saving current model and best model
balance: False
selecting samples for epoch 133, ratio 0.1
=====> Saving current model and best model
balance: False
selecting samples for epoch 134, ratio 0.1
=====> Saving current model and best model
balance: False
selecting samples for epoch 135, ratio 0.1
=====> Saving current model and best model
balance: False
selecting samples for epoch 136, ratio 0.1
=====> Epoch: 136/300, Total_step: 25568, lr: 0.001000, Total Time: 9833.7977 s, Time this epoch: 49.9566 s
=====> Epoch: 136/300, Train Loss (train loader labels): 2.1792, Train acc (train loader labels): 0.3240, Best val acc: 0.5354, Current val acc: 0.3910, Val Loss: 2.1735
=====> Saving current model and best model
balance: False
selecting samples for epoch 137, ratio 0.1
=====> Saving current model and best model
balance: False
selecting samples for epoch 138, ratio 0.1
=====> Saving current model and best model
balance: False
selecting samples for epoch 139, ratio 0.1
=====> Saving current model and best model
balance: False
selecting samples for epoch 140, ratio 0.1
=====> Saving current model and best model
balance: False
selecting samples for epoch 141, ratio 0.1
=====> Saving current model and best model
balance: False
selecting samples for epoch 142, ratio 0.1
=====> Saving current model and best model
balance: False
selecting samples for epoch 143, ratio 0.1
=====> Saving current model and best model
balance: False
selecting samples for epoch 144, ratio 0.1
=====> Saving current model and best model
balance: False
selecting samples for epoch 145, ratio 0.1
=====> Saving current model and best model
balance: False
selecting samples for epoch 146, ratio 0.1
=====> Saving current model and best model
balance: False
selecting samples for epoch 147, ratio 0.1
=====> Saving current model and best model
balance: False
selecting samples for epoch 148, ratio 0.1
=====> Saving current model and best model
balance: False
selecting samples for epoch 149, ratio 0.1
=====> Saving current model and best model
balance: False
selecting samples for epoch 150, ratio 0.1
=====> Saving current model and best model
balance: False
selecting samples for epoch 151, ratio 0.1
=====> Epoch: 151/300, Total_step: 28388, lr: 0.001000, Total Time: 10639.8706 s, Time this epoch: 50.0417 s
=====> Epoch: 151/300, Train Loss (train loader labels): 2.1881, Train acc (train loader labels): 0.3283, Best val acc: 0.5354, Current val acc: 0.4380, Val Loss: 2.1775
=====> Saving current model and best model
balance: False
selecting samples for epoch 152, ratio 0.1
=====> Saving current model and best model
balance: False
selecting samples for epoch 153, ratio 0.1
=====> Saving current model and best model
balance: False
selecting samples for epoch 154, ratio 0.1
=====> Saving current model and best model
balance: False
selecting samples for epoch 155, ratio 0.1
=====> Saving current model and best model
balance: False
selecting samples for epoch 156, ratio 0.1
=====> Saving current model and best model
balance: False
selecting samples for epoch 157, ratio 0.1
=====> Saving current model and best model
balance: False
selecting samples for epoch 158, ratio 0.1
=====> Saving current model and best model
balance: False
selecting samples for epoch 159, ratio 0.1
=====> Saving current model and best model
balance: False
selecting samples for epoch 160, ratio 0.1
=====> Saving current model and best model
balance: False
selecting samples for epoch 161, ratio 0.1
=====> Saving current model and best model
balance: False
selecting samples for epoch 162, ratio 0.1
=====> Saving current model and best model
balance: False
selecting samples for epoch 163, ratio 0.1
=====> Saving current model and best model
balance: False
selecting samples for epoch 164, ratio 0.1
=====> Saving current model and best model
balance: False
selecting samples for epoch 165, ratio 0.1
=====> Saving current model and best model
balance: False
selecting samples for epoch 166, ratio 0.1
=====> Epoch: 166/300, Total_step: 31208, lr: 0.001000, Total Time: 11445.6438 s, Time this epoch: 50.0520 s
=====> Epoch: 166/300, Train Loss (train loader labels): 2.1952, Train acc (train loader labels): 0.3099, Best val acc: 0.5354, Current val acc: 0.4084, Val Loss: 2.1863
=====> Saving current model and best model
balance: False
selecting samples for epoch 167, ratio 0.1
=====> Saving current model and best model
balance: False
selecting samples for epoch 168, ratio 0.1
=====> Saving current model and best model
balance: False
selecting samples for epoch 169, ratio 0.1
=====> Saving current model and best model
balance: False
selecting samples for epoch 170, ratio 0.1
=====> Saving current model and best model
balance: False
selecting samples for epoch 171, ratio 0.1
=====> Saving current model and best model
balance: False
selecting samples for epoch 172, ratio 0.1
=====> Saving current model and best model
balance: False
selecting samples for epoch 173, ratio 0.1
=====> Saving current model and best model
balance: False
selecting samples for epoch 174, ratio 0.1
=====> Saving current model and best model
balance: False
selecting samples for epoch 175, ratio 0.1
=====> Saving current model and best model
balance: False
selecting samples for epoch 176, ratio 0.1
=====> Saving current model and best model
balance: False
selecting samples for epoch 177, ratio 0.1
=====> Saving current model and best model
balance: False
selecting samples for epoch 178, ratio 0.1
=====> Saving current model and best model
balance: False
selecting samples for epoch 179, ratio 0.1
=====> Saving current model and best model
balance: False
selecting samples for epoch 180, ratio 0.1
=====> Saving current model and best model
balance: False
selecting samples for epoch 181, ratio 0.1
=====> Epoch: 181/300, Total_step: 34028, lr: 0.001000, Total Time: 12253.7978 s, Time this epoch: 49.9271 s
=====> Epoch: 181/300, Train Loss (train loader labels): 2.2035, Train acc (train loader labels): 0.3061, Best val acc: 0.5354, Current val acc: 0.3757, Val Loss: 2.1940
=====> Saving current model and best model
balance: False
selecting samples for epoch 182, ratio 0.1
=====> Saving current model and best model
balance: False
selecting samples for epoch 183, ratio 0.1
=====> Saving current model and best model
balance: False
selecting samples for epoch 184, ratio 0.1
=====> Saving current model and best model
balance: False
selecting samples for epoch 185, ratio 0.1
=====> Saving current model and best model
balance: False
selecting samples for epoch 186, ratio 0.1
=====> Saving current model and best model
balance: False
selecting samples for epoch 187, ratio 0.1
=====> Saving current model and best model
balance: False
selecting samples for epoch 188, ratio 0.1
=====> Saving current model and best model
balance: False
selecting samples for epoch 189, ratio 0.1
=====> Saving current model and best model
balance: False
selecting samples for epoch 190, ratio 0.1
=====> Saving current model and best model
balance: False
selecting samples for epoch 191, ratio 0.1
=====> Saving current model and best model
balance: False
selecting samples for epoch 192, ratio 0.1
=====> Saving current model and best model
balance: False
selecting samples for epoch 193, ratio 0.1
=====> Saving current model and best model
balance: False
selecting samples for epoch 194, ratio 0.1
=====> Saving current model and best model
balance: False
selecting samples for epoch 195, ratio 0.1
=====> Saving current model and best model
balance: False
selecting samples for epoch 196, ratio 0.1
=====> Epoch: 196/300, Total_step: 36848, lr: 0.001000, Total Time: 13061.8317 s, Time this epoch: 50.1178 s
=====> Epoch: 196/300, Train Loss (train loader labels): 2.1685, Train acc (train loader labels): 0.3406, Best val acc: 0.5354, Current val acc: 0.4655, Val Loss: 2.1625
=====> Saving current model and best model
balance: False
selecting samples for epoch 197, ratio 0.1
=====> Saving current model and best model
balance: False
selecting samples for epoch 198, ratio 0.1
=====> Saving current model and best model
balance: False
selecting samples for epoch 199, ratio 0.1
=====> Saving current model and best model
balance: False
selecting samples for epoch 200, ratio 0.1
=====> Saving current model and best model
balance: False
selecting samples for epoch 201, ratio 0.1
=====> Saving current model and best model
balance: False
selecting samples for epoch 202, ratio 0.1
=====> Saving current model and best model
balance: False
selecting samples for epoch 203, ratio 0.1
=====> Saving current model and best model
balance: False
selecting samples for epoch 204, ratio 0.1
=====> Saving current model and best model
balance: False
selecting samples for epoch 205, ratio 0.1
=====> Saving current model and best model
balance: False
selecting samples for epoch 206, ratio 0.1
=====> Saving current model and best model
balance: False
selecting samples for epoch 207, ratio 0.1
=====> Saving current model and best model
balance: False
selecting samples for epoch 208, ratio 0.1
=====> Saving current model and best model
balance: False
selecting samples for epoch 209, ratio 0.1
=====> Saving current model and best model
balance: False
selecting samples for epoch 210, ratio 0.1
=====> Saving current model and best model
balance: False
selecting samples for epoch 211, ratio 0.1
=====> Epoch: 211/300, Total_step: 39668, lr: 0.001000, Total Time: 13870.5392 s, Time this epoch: 50.0661 s
=====> Epoch: 211/300, Train Loss (train loader labels): 2.1887, Train acc (train loader labels): 0.3299, Best val acc: 0.5354, Current val acc: 0.4323, Val Loss: 2.1810
=====> Saving current model and best model
balance: False
selecting samples for epoch 212, ratio 0.1
=====> Saving current model and best model
balance: False
selecting samples for epoch 213, ratio 0.1
=====> Saving current model and best model
balance: False
selecting samples for epoch 214, ratio 0.1
=====> Saving current model and best model
balance: False
selecting samples for epoch 215, ratio 0.1
=====> Saving current model and best model
balance: False
selecting samples for epoch 216, ratio 0.1
=====> Saving current model and best model
balance: False
selecting samples for epoch 217, ratio 0.1
=====> Saving current model and best model
balance: False
selecting samples for epoch 218, ratio 0.1
=====> Saving current model and best model
balance: False
selecting samples for epoch 219, ratio 0.1
=====> Saving current model and best model
balance: False
selecting samples for epoch 220, ratio 0.1
=====> Saving current model and best model
balance: False
selecting samples for epoch 221, ratio 0.1
=====> Saving current model and best model
balance: False
selecting samples for epoch 222, ratio 0.1
=====> Saving current model and best model
balance: False
selecting samples for epoch 223, ratio 0.1
=====> Saving current model and best model
balance: False
selecting samples for epoch 224, ratio 0.1
=====> Saving current model and best model
balance: False
selecting samples for epoch 225, ratio 0.1
=====> Saving current model and best model
balance: False
selecting samples for epoch 226, ratio 0.1
=====> Epoch: 226/300, Total_step: 42488, lr: 0.001000, Total Time: 14674.5839 s, Time this epoch: 49.9986 s
=====> Epoch: 226/300, Train Loss (train loader labels): 2.2019, Train acc (train loader labels): 0.3156, Best val acc: 0.5354, Current val acc: 0.3998, Val Loss: 2.2003
=====> Saving current model and best model
balance: False
selecting samples for epoch 227, ratio 0.1
=====> Saving current model and best model
balance: False
selecting samples for epoch 228, ratio 0.1
=====> Saving current model and best model
balance: False
selecting samples for epoch 229, ratio 0.1
=====> Saving current model and best model
balance: False
selecting samples for epoch 230, ratio 0.1
=====> Saving current model and best model
balance: False
selecting samples for epoch 231, ratio 0.1
=====> Saving current model and best model
balance: False
selecting samples for epoch 232, ratio 0.1
=====> Saving current model and best model
balance: False
selecting samples for epoch 233, ratio 0.1
=====> Saving current model and best model
balance: False
selecting samples for epoch 234, ratio 0.1
=====> Saving current model and best model
balance: False
selecting samples for epoch 235, ratio 0.1
=====> Saving current model and best model
balance: False
selecting samples for epoch 236, ratio 0.1
=====> Saving current model and best model
balance: False
selecting samples for epoch 237, ratio 0.1
=====> Saving current model and best model
balance: False
selecting samples for epoch 238, ratio 0.1
=====> Saving current model and best model
balance: False
selecting samples for epoch 239, ratio 0.1
=====> Saving current model and best model
balance: False
selecting samples for epoch 240, ratio 0.1
=====> Saving current model and best model
balance: False
selecting samples for epoch 241, ratio 0.1
=====> Epoch: 241/300, Total_step: 45308, lr: 0.001000, Total Time: 15480.7187 s, Time this epoch: 49.9364 s
=====> Epoch: 241/300, Train Loss (train loader labels): 2.1980, Train acc (train loader labels): 0.3058, Best val acc: 0.5354, Current val acc: 0.3956, Val Loss: 2.1919
=====> Saving current model and best model
balance: False
selecting samples for epoch 242, ratio 0.1
=====> Saving current model and best model
balance: False
selecting samples for epoch 243, ratio 0.1
=====> Saving current model and best model
balance: False
selecting samples for epoch 244, ratio 0.1
=====> Saving current model and best model
balance: False
selecting samples for epoch 245, ratio 0.1
=====> Saving current model and best model
balance: False
selecting samples for epoch 246, ratio 0.1
=====> Saving current model and best model
balance: False
selecting samples for epoch 247, ratio 0.1
=====> Saving current model and best model
balance: False
selecting samples for epoch 248, ratio 0.1
=====> Saving current model and best model
balance: False
selecting samples for epoch 249, ratio 0.1
=====> Saving current model and best model
balance: False
selecting samples for epoch 250, ratio 0.1
=====> Saving current model and best model
balance: False
selecting samples for epoch 251, ratio 0.1
=====> Saving current model and best model
balance: False
selecting samples for epoch 252, ratio 0.1
=====> Saving current model and best model
balance: False
selecting samples for epoch 253, ratio 0.1
=====> Saving current model and best model
balance: False
selecting samples for epoch 254, ratio 0.1
=====> Saving current model and best model
balance: False
selecting samples for epoch 255, ratio 0.1
=====> Saving current model and best model
balance: False
selecting samples for epoch 256, ratio 0.1
=====> Epoch: 256/300, Total_step: 48128, lr: 0.001000, Total Time: 16287.3830 s, Time this epoch: 49.6290 s
=====> Epoch: 256/300, Train Loss (train loader labels): 2.1966, Train acc (train loader labels): 0.3263, Best val acc: 0.5354, Current val acc: 0.4243, Val Loss: 2.1923
=====> Saving current model and best model
balance: False
selecting samples for epoch 257, ratio 0.1
=====> Saving current model and best model
balance: False
selecting samples for epoch 258, ratio 0.1
=====> Saving current model and best model
balance: False
selecting samples for epoch 259, ratio 0.1
=====> Saving current model and best model
balance: False
selecting samples for epoch 260, ratio 0.1
=====> Saving current model and best model
balance: False
selecting samples for epoch 261, ratio 0.1
=====> Saving current model and best model
balance: False
selecting samples for epoch 262, ratio 0.1
=====> Saving current model and best model
balance: False
selecting samples for epoch 263, ratio 0.1
=====> Saving current model and best model
balance: False
selecting samples for epoch 264, ratio 0.1
=====> Saving current model and best model
balance: False
selecting samples for epoch 265, ratio 0.1
=====> Saving current model and best model
balance: False
selecting samples for epoch 266, ratio 0.1
=====> Saving current model and best model
balance: False
selecting samples for epoch 267, ratio 0.1
=====> Saving current model and best model
balance: False
selecting samples for epoch 268, ratio 0.1
=====> Saving current model and best model
balance: False
selecting samples for epoch 269, ratio 0.1
=====> Saving current model and best model
balance: False
selecting samples for epoch 270, ratio 0.1
=====> Saving current model and best model
balance: False
selecting samples for epoch 271, ratio 0.1
=====> Epoch: 271/300, Total_step: 50948, lr: 0.001000, Total Time: 17095.8391 s, Time this epoch: 50.1305 s
=====> Epoch: 271/300, Train Loss (train loader labels): 2.1640, Train acc (train loader labels): 0.3277, Best val acc: 0.5354, Current val acc: 0.4626, Val Loss: 2.1493
=====> Saving current model and best model
balance: False
selecting samples for epoch 272, ratio 0.1
=====> Saving current model and best model
balance: False
selecting samples for epoch 273, ratio 0.1
=====> Saving current model and best model
balance: False
selecting samples for epoch 274, ratio 0.1
=====> Saving current model and best model
balance: False
selecting samples for epoch 275, ratio 0.1
=====> Saving current model and best model
balance: False
selecting samples for epoch 276, ratio 0.1
=====> Saving current model and best model
balance: False
selecting samples for epoch 277, ratio 0.1
=====> Saving current model and best model
balance: False
selecting samples for epoch 278, ratio 0.1
=====> Saving current model and best model
balance: False
selecting samples for epoch 279, ratio 0.1
=====> Saving current model and best model
balance: False
selecting samples for epoch 280, ratio 0.1
=====> Saving current model and best model
balance: False
selecting samples for epoch 281, ratio 0.1
=====> Saving current model and best model
balance: False
selecting samples for epoch 282, ratio 0.1
=====> Saving current model and best model
balance: False
selecting samples for epoch 283, ratio 0.1
=====> Saving current model and best model
balance: False
selecting samples for epoch 284, ratio 0.1
=====> Saving current model and best model
balance: False
selecting samples for epoch 285, ratio 0.1
=====> Saving current model and best model
balance: False
selecting samples for epoch 286, ratio 0.1
=====> Epoch: 286/300, Total_step: 53768, lr: 0.001000, Total Time: 17899.8039 s, Time this epoch: 49.6191 s
=====> Epoch: 286/300, Train Loss (train loader labels): 2.1795, Train acc (train loader labels): 0.3424, Best val acc: 0.5354, Current val acc: 0.4685, Val Loss: 2.1733
=====> Saving current model and best model
balance: False
selecting samples for epoch 287, ratio 0.1
=====> Saving current model and best model
balance: False
selecting samples for epoch 288, ratio 0.1
=====> Saving current model and best model
balance: False
selecting samples for epoch 289, ratio 0.1
=====> Saving current model and best model
balance: False
selecting samples for epoch 290, ratio 0.1
=====> Saving current model and best model
balance: False
selecting samples for epoch 291, ratio 0.1
=====> Saving current model and best model
balance: False
selecting samples for epoch 292, ratio 0.1
=====> Saving current model and best model
balance: False
selecting samples for epoch 293, ratio 0.1
=====> Saving current model and best model
balance: False
selecting samples for epoch 294, ratio 0.1
=====> Saving current model and best model
balance: False
selecting samples for epoch 295, ratio 0.1
=====> Saving current model and best model
balance: False
selecting samples for epoch 296, ratio 0.1
=====> Saving current model and best model
balance: False
selecting samples for epoch 297, ratio 0.1
=====> Saving current model and best model
balance: False
selecting samples for epoch 298, ratio 0.1
=====> Saving current model and best model
balance: False
selecting samples for epoch 299, ratio 0.1
=====> Saving current model and best model
balance: False
selecting samples for epoch 300, ratio 0.1
=====> Epoch: 300/300, Total_step: 56400, lr: 0.001000, Total Time: 18659.1258 s, Time this epoch: 49.7384 s
=====> Epoch: 300/300, Train Loss (train loader labels): 2.1951, Train acc (train loader labels): 0.3155, Best val acc: 0.5354, Current val acc: 0.3699, Val Loss: 2.1927
=====> Saving current model and best model
Saved helper snapshots to /home/mward19/Documents/miller/Online-Batch-Selection/snapshots/MNIST/{"bsel":"Bayesian","seed":1,"model":"DeepLinear","opt":"adamw","bs":320,"ratio":0.1,"lr":0.001,"wd":0.01,"layers":5,"hidden_dim":1000}.p
Saved selected points array to /home/mward19/Documents/miller/Online-Batch-Selection/selected_points/MNIST/{"bsel":"Bayesian","seed":1,"model":"DeepLinear","opt":"adamw","bs":320,"ratio":0.1,"lr":0.001,"wd":0.01,"layers":5,"hidden_dim":1000}.npy
========================= End Main =========================
