save_dir: ./exp/MNIST/RhoLoss_deeplinear_bs320_ep300_lr0.001_AdamW_constant_seed3_r0.1_5_hidden
=====> Loading config files: 
configs/mnist/method/rholoss-0.1.yaml
configs/mnist/data/mnist.yaml
configs/mnist/model/deep_linear_saxe/deep_linear_5.yaml
configs/mnist/optim/adamw-320-0.001-0.01.yaml
configs/diagnostics/snapshots_log_interval.yaml
=====> Config files loaded.
========================= Start Main =========================
=====> Saving config file
=====> Config file saved
=====> Using fixed random seed: 3
=====> Wandb initialized
=====> Number of GPUs: 1
Creating RhoLoss...
Cached irreducible losses for 60000 samples in dataset.
=====> Start teacher Validation
=====> teacher Test Accuracy: 0.3469
Begin training for RhoLoss...
=====> Epoch: 0/300, Total_step: 0, lr: 0.001000, Total Time: 0.0000 s, Time this epoch: 0.0000 s
=====> Epoch: 0/300, Train Loss (train loader labels): 2.3033, Train acc (train loader labels): 0.0952, Best val acc: 0.0843, Current val acc: 0.0843, Val Loss: 2.3043
balance: False
selecting samples for epoch 1, ratio 0.1
=====> Epoch: 1/300, Total_step: 1, lr: 0.001000, Total Time: 0.0000 s, Time this epoch: 0.0000 s
=====> Epoch: 1/300, Train Loss (train loader labels): 2.6257, Train acc (train loader labels): 0.1243, Best val acc: 0.1538, Current val acc: 0.1538, Val Loss: 2.4621
=====> Epoch: 1/300, Total_step: 48, lr: 0.001000, Total Time: 0.0000 s, Time this epoch: 0.0000 s
=====> Epoch: 1/300, Train Loss (train loader labels): 2.2078, Train acc (train loader labels): 0.2442, Best val acc: 0.3201, Current val acc: 0.3201, Val Loss: 2.2128
=====> Epoch: 1/300, Total_step: 95, lr: 0.001000, Total Time: 0.0000 s, Time this epoch: 0.0000 s
=====> Epoch: 1/300, Train Loss (train loader labels): 2.2318, Train acc (train loader labels): 0.2883, Best val acc: 0.3551, Current val acc: 0.3551, Val Loss: 2.2212
=====> Epoch: 1/300, Total_step: 142, lr: 0.001000, Total Time: 0.0000 s, Time this epoch: 0.0000 s
=====> Epoch: 1/300, Train Loss (train loader labels): 2.2212, Train acc (train loader labels): 0.2739, Best val acc: 0.3610, Current val acc: 0.3610, Val Loss: 2.2157
=====> Saving current model and best model
balance: False
selecting samples for epoch 2, ratio 0.1
=====> Epoch: 2/300, Total_step: 189, lr: 0.001000, Total Time: 322.5129 s, Time this epoch: 268.1944 s
=====> Epoch: 2/300, Train Loss (train loader labels): 2.2287, Train acc (train loader labels): 0.2789, Best val acc: 0.3610, Current val acc: 0.3288, Val Loss: 2.2230
=====> Epoch: 2/300, Total_step: 236, lr: 0.001000, Total Time: 322.5129 s, Time this epoch: 268.1944 s
=====> Epoch: 2/300, Train Loss (train loader labels): 2.2257, Train acc (train loader labels): 0.2890, Best val acc: 0.3610, Current val acc: 0.3404, Val Loss: 2.2261
=====> Epoch: 2/300, Total_step: 283, lr: 0.001000, Total Time: 322.5129 s, Time this epoch: 268.1944 s
=====> Epoch: 2/300, Train Loss (train loader labels): 2.2167, Train acc (train loader labels): 0.3199, Best val acc: 0.4638, Current val acc: 0.4638, Val Loss: 2.2066
=====> Epoch: 2/300, Total_step: 330, lr: 0.001000, Total Time: 322.5129 s, Time this epoch: 268.1944 s
=====> Epoch: 2/300, Train Loss (train loader labels): 2.2337, Train acc (train loader labels): 0.2530, Best val acc: 0.4638, Current val acc: 0.3752, Val Loss: 2.2263
=====> Saving current model and best model
balance: False
selecting samples for epoch 3, ratio 0.1
=====> Epoch: 3/300, Total_step: 377, lr: 0.001000, Total Time: 596.7386 s, Time this epoch: 273.9692 s
=====> Epoch: 3/300, Train Loss (train loader labels): 2.2260, Train acc (train loader labels): 0.2531, Best val acc: 0.4638, Current val acc: 0.2789, Val Loss: 2.2205
=====> Epoch: 3/300, Total_step: 424, lr: 0.001000, Total Time: 596.7386 s, Time this epoch: 273.9692 s
=====> Epoch: 3/300, Train Loss (train loader labels): 2.2260, Train acc (train loader labels): 0.2960, Best val acc: 0.4638, Current val acc: 0.3663, Val Loss: 2.2247
=====> Epoch: 3/300, Total_step: 471, lr: 0.001000, Total Time: 596.7386 s, Time this epoch: 273.9692 s
=====> Epoch: 3/300, Train Loss (train loader labels): 2.2445, Train acc (train loader labels): 0.2638, Best val acc: 0.4638, Current val acc: 0.3288, Val Loss: 2.2437
=====> Epoch: 3/300, Total_step: 518, lr: 0.001000, Total Time: 596.7386 s, Time this epoch: 273.9692 s
=====> Epoch: 3/300, Train Loss (train loader labels): 2.2328, Train acc (train loader labels): 0.2742, Best val acc: 0.4638, Current val acc: 0.3604, Val Loss: 2.2236
=====> Saving current model and best model
balance: False
selecting samples for epoch 4, ratio 0.1
=====> Epoch: 4/300, Total_step: 565, lr: 0.001000, Total Time: 862.4807 s, Time this epoch: 265.5196 s
=====> Epoch: 4/300, Train Loss (train loader labels): 2.2323, Train acc (train loader labels): 0.2935, Best val acc: 0.4638, Current val acc: 0.3540, Val Loss: 2.2259
=====> Epoch: 4/300, Total_step: 612, lr: 0.001000, Total Time: 862.4807 s, Time this epoch: 265.5196 s
=====> Epoch: 4/300, Train Loss (train loader labels): 2.2247, Train acc (train loader labels): 0.2938, Best val acc: 0.4638, Current val acc: 0.3844, Val Loss: 2.2183
=====> Epoch: 4/300, Total_step: 659, lr: 0.001000, Total Time: 862.4807 s, Time this epoch: 265.5196 s
=====> Epoch: 4/300, Train Loss (train loader labels): 2.2297, Train acc (train loader labels): 0.2816, Best val acc: 0.4638, Current val acc: 0.3419, Val Loss: 2.2203
=====> Epoch: 4/300, Total_step: 706, lr: 0.001000, Total Time: 862.4807 s, Time this epoch: 265.5196 s
=====> Epoch: 4/300, Train Loss (train loader labels): 2.2390, Train acc (train loader labels): 0.2688, Best val acc: 0.4638, Current val acc: 0.3751, Val Loss: 2.2339
=====> Saving current model and best model
balance: False
selecting samples for epoch 5, ratio 0.1
=====> Epoch: 5/300, Total_step: 753, lr: 0.001000, Total Time: 1131.2454 s, Time this epoch: 268.5229 s
=====> Epoch: 5/300, Train Loss (train loader labels): 2.2250, Train acc (train loader labels): 0.3027, Best val acc: 0.4638, Current val acc: 0.3496, Val Loss: 2.2208
=====> Epoch: 5/300, Total_step: 800, lr: 0.001000, Total Time: 1131.2454 s, Time this epoch: 268.5229 s
=====> Epoch: 5/300, Train Loss (train loader labels): 2.2255, Train acc (train loader labels): 0.3256, Best val acc: 0.4638, Current val acc: 0.4513, Val Loss: 2.2198
=====> Epoch: 5/300, Total_step: 847, lr: 0.001000, Total Time: 1131.2454 s, Time this epoch: 268.5229 s
=====> Epoch: 5/300, Train Loss (train loader labels): 2.2271, Train acc (train loader labels): 0.2916, Best val acc: 0.4638, Current val acc: 0.4097, Val Loss: 2.2188
=====> Epoch: 5/300, Total_step: 894, lr: 0.001000, Total Time: 1131.2454 s, Time this epoch: 268.5229 s
=====> Epoch: 5/300, Train Loss (train loader labels): 2.2281, Train acc (train loader labels): 0.2678, Best val acc: 0.4638, Current val acc: 0.3501, Val Loss: 2.2216
=====> Saving current model and best model
balance: False
selecting samples for epoch 6, ratio 0.1
=====> Epoch: 6/300, Total_step: 1128, lr: 0.001000, Total Time: 1401.8550 s, Time this epoch: 270.3798 s
=====> Epoch: 6/300, Train Loss (train loader labels): 2.2190, Train acc (train loader labels): 0.3081, Best val acc: 0.4638, Current val acc: 0.3681, Val Loss: 2.2124
=====> Saving current model and best model
balance: False
selecting samples for epoch 7, ratio 0.1
=====> Epoch: 7/300, Total_step: 1316, lr: 0.001000, Total Time: 1506.5551 s, Time this epoch: 104.4277 s
=====> Epoch: 7/300, Train Loss (train loader labels): 2.2253, Train acc (train loader labels): 0.3306, Best val acc: 0.4638, Current val acc: 0.4061, Val Loss: 2.2214
=====> Saving current model and best model
balance: False
selecting samples for epoch 8, ratio 0.1
=====> Epoch: 8/300, Total_step: 1504, lr: 0.001000, Total Time: 1610.4502 s, Time this epoch: 103.6509 s
=====> Epoch: 8/300, Train Loss (train loader labels): 2.2236, Train acc (train loader labels): 0.2933, Best val acc: 0.4638, Current val acc: 0.3182, Val Loss: 2.2187
=====> Saving current model and best model
balance: False
selecting samples for epoch 9, ratio 0.1
=====> Epoch: 9/300, Total_step: 1692, lr: 0.001000, Total Time: 1714.5876 s, Time this epoch: 103.8845 s
=====> Epoch: 9/300, Train Loss (train loader labels): 2.2432, Train acc (train loader labels): 0.2721, Best val acc: 0.4638, Current val acc: 0.3774, Val Loss: 2.2408
=====> Saving current model and best model
balance: False
selecting samples for epoch 10, ratio 0.1
=====> Epoch: 10/300, Total_step: 1880, lr: 0.001000, Total Time: 1819.0011 s, Time this epoch: 104.1670 s
=====> Epoch: 10/300, Train Loss (train loader labels): 2.2327, Train acc (train loader labels): 0.2966, Best val acc: 0.4638, Current val acc: 0.3881, Val Loss: 2.2253
=====> Saving current model and best model
balance: False
selecting samples for epoch 11, ratio 0.1
=====> Epoch: 11/300, Total_step: 2068, lr: 0.001000, Total Time: 1926.5191 s, Time this epoch: 107.3118 s
=====> Epoch: 11/300, Train Loss (train loader labels): 2.2440, Train acc (train loader labels): 0.2366, Best val acc: 0.4638, Current val acc: 0.3089, Val Loss: 2.2374
=====> Saving current model and best model
balance: False
selecting samples for epoch 12, ratio 0.1
=====> Epoch: 12/300, Total_step: 2256, lr: 0.001000, Total Time: 2030.9156 s, Time this epoch: 104.1948 s
=====> Epoch: 12/300, Train Loss (train loader labels): 2.2501, Train acc (train loader labels): 0.2420, Best val acc: 0.4638, Current val acc: 0.3054, Val Loss: 2.2446
=====> Saving current model and best model
balance: False
selecting samples for epoch 13, ratio 0.1
=====> Epoch: 13/300, Total_step: 2444, lr: 0.001000, Total Time: 2138.5693 s, Time this epoch: 107.4535 s
=====> Epoch: 13/300, Train Loss (train loader labels): 2.2425, Train acc (train loader labels): 0.2293, Best val acc: 0.4638, Current val acc: 0.3164, Val Loss: 2.2390
=====> Saving current model and best model
balance: False
selecting samples for epoch 14, ratio 0.1
=====> Epoch: 14/300, Total_step: 2632, lr: 0.001000, Total Time: 2242.5352 s, Time this epoch: 103.7412 s
=====> Epoch: 14/300, Train Loss (train loader labels): 2.2400, Train acc (train loader labels): 0.2805, Best val acc: 0.4638, Current val acc: 0.3682, Val Loss: 2.2412
=====> Saving current model and best model
balance: False
selecting samples for epoch 15, ratio 0.1
=====> Epoch: 15/300, Total_step: 2820, lr: 0.001000, Total Time: 2346.3912 s, Time this epoch: 103.6251 s
=====> Epoch: 15/300, Train Loss (train loader labels): 2.2493, Train acc (train loader labels): 0.2800, Best val acc: 0.4638, Current val acc: 0.3277, Val Loss: 2.2480
=====> Saving current model and best model
balance: False
selecting samples for epoch 16, ratio 0.1
=====> Epoch: 16/300, Total_step: 3008, lr: 0.001000, Total Time: 2453.5791 s, Time this epoch: 106.9836 s
=====> Epoch: 16/300, Train Loss (train loader labels): 2.2324, Train acc (train loader labels): 0.2980, Best val acc: 0.4638, Current val acc: 0.4017, Val Loss: 2.2262
=====> Saving current model and best model
balance: False
selecting samples for epoch 17, ratio 0.1
=====> Epoch: 17/300, Total_step: 3196, lr: 0.001000, Total Time: 2557.3495 s, Time this epoch: 103.5434 s
=====> Epoch: 17/300, Train Loss (train loader labels): 2.2462, Train acc (train loader labels): 0.2534, Best val acc: 0.4638, Current val acc: 0.3130, Val Loss: 2.2430
=====> Saving current model and best model
balance: False
selecting samples for epoch 18, ratio 0.1
=====> Epoch: 18/300, Total_step: 3384, lr: 0.001000, Total Time: 2661.4364 s, Time this epoch: 103.8235 s
=====> Epoch: 18/300, Train Loss (train loader labels): 2.2300, Train acc (train loader labels): 0.2474, Best val acc: 0.4638, Current val acc: 0.2375, Val Loss: 2.2301
=====> Saving current model and best model
balance: False
selecting samples for epoch 19, ratio 0.1
=====> Epoch: 19/300, Total_step: 3572, lr: 0.001000, Total Time: 2765.0843 s, Time this epoch: 103.4288 s
=====> Epoch: 19/300, Train Loss (train loader labels): 2.2389, Train acc (train loader labels): 0.2686, Best val acc: 0.4638, Current val acc: 0.3382, Val Loss: 2.2342
=====> Saving current model and best model
balance: False
selecting samples for epoch 20, ratio 0.1
=====> Epoch: 20/300, Total_step: 3760, lr: 0.001000, Total Time: 2868.9653 s, Time this epoch: 103.6526 s
=====> Epoch: 20/300, Train Loss (train loader labels): 2.2456, Train acc (train loader labels): 0.2715, Best val acc: 0.4638, Current val acc: 0.3324, Val Loss: 2.2383
=====> Saving current model and best model
balance: False
selecting samples for epoch 21, ratio 0.1
=====> Epoch: 21/300, Total_step: 3948, lr: 0.001000, Total Time: 2972.6118 s, Time this epoch: 103.4124 s
=====> Epoch: 21/300, Train Loss (train loader labels): 2.2425, Train acc (train loader labels): 0.2607, Best val acc: 0.4638, Current val acc: 0.3456, Val Loss: 2.2382
=====> Saving current model and best model
balance: False
selecting samples for epoch 22, ratio 0.1
=====> Epoch: 22/300, Total_step: 4136, lr: 0.001000, Total Time: 3076.3323 s, Time this epoch: 103.4893 s
=====> Epoch: 22/300, Train Loss (train loader labels): 2.2342, Train acc (train loader labels): 0.2561, Best val acc: 0.4638, Current val acc: 0.3226, Val Loss: 2.2258
=====> Saving current model and best model
balance: False
selecting samples for epoch 23, ratio 0.1
=====> Epoch: 23/300, Total_step: 4324, lr: 0.001000, Total Time: 3179.7186 s, Time this epoch: 103.1462 s
=====> Epoch: 23/300, Train Loss (train loader labels): 2.2196, Train acc (train loader labels): 0.2502, Best val acc: 0.4638, Current val acc: 0.2855, Val Loss: 2.2169
=====> Saving current model and best model
balance: False
selecting samples for epoch 24, ratio 0.1
=====> Epoch: 24/300, Total_step: 4512, lr: 0.001000, Total Time: 3283.4599 s, Time this epoch: 103.5216 s
=====> Epoch: 24/300, Train Loss (train loader labels): 2.2298, Train acc (train loader labels): 0.2610, Best val acc: 0.4638, Current val acc: 0.3125, Val Loss: 2.2250
=====> Saving current model and best model
balance: False
selecting samples for epoch 25, ratio 0.1
=====> Epoch: 25/300, Total_step: 4700, lr: 0.001000, Total Time: 3387.7557 s, Time this epoch: 104.0630 s
=====> Epoch: 25/300, Train Loss (train loader labels): 2.2241, Train acc (train loader labels): 0.2732, Best val acc: 0.4638, Current val acc: 0.3239, Val Loss: 2.2214
=====> Saving current model and best model
balance: False
selecting samples for epoch 26, ratio 0.1
=====> Epoch: 26/300, Total_step: 4888, lr: 0.001000, Total Time: 3493.2697 s, Time this epoch: 105.2912 s
=====> Epoch: 26/300, Train Loss (train loader labels): 70.2453, Train acc (train loader labels): 0.1172, Best val acc: 0.4638, Current val acc: 0.1507, Val Loss: 54.6102
=====> Saving current model and best model
balance: False
selecting samples for epoch 27, ratio 0.1
=====> Saving current model and best model
balance: False
selecting samples for epoch 28, ratio 0.1
=====> Saving current model and best model
balance: False
selecting samples for epoch 29, ratio 0.1
=====> Epoch: 29/300, Total_step: 5452, lr: 0.001000, Total Time: 3695.7186 s, Time this epoch: 49.2596 s
=====> Epoch: 29/300, Train Loss (train loader labels): 2.1486, Train acc (train loader labels): 0.3101, Best val acc: 0.4638, Current val acc: 0.3861, Val Loss: 2.1520
=====> Saving current model and best model
balance: False
selecting samples for epoch 30, ratio 0.1
=====> Saving current model and best model
balance: False
selecting samples for epoch 31, ratio 0.1
=====> Saving current model and best model
balance: False
selecting samples for epoch 32, ratio 0.1
=====> Saving current model and best model
balance: False
selecting samples for epoch 33, ratio 0.1
=====> Epoch: 33/300, Total_step: 6204, lr: 0.001000, Total Time: 3948.8885 s, Time this epoch: 49.4296 s
=====> Epoch: 33/300, Train Loss (train loader labels): 2.1537, Train acc (train loader labels): 0.3368, Best val acc: 0.4638, Current val acc: 0.4060, Val Loss: 2.1454
=====> Saving current model and best model
balance: False
selecting samples for epoch 34, ratio 0.1
=====> Saving current model and best model
balance: False
selecting samples for epoch 35, ratio 0.1
=====> Saving current model and best model
balance: False
selecting samples for epoch 36, ratio 0.1
=====> Saving current model and best model
balance: False
selecting samples for epoch 37, ratio 0.1
=====> Epoch: 37/300, Total_step: 6956, lr: 0.001000, Total Time: 4205.3676 s, Time this epoch: 53.6424 s
=====> Epoch: 37/300, Train Loss (train loader labels): 2.1766, Train acc (train loader labels): 0.3026, Best val acc: 0.4638, Current val acc: 0.4007, Val Loss: 2.1654
=====> Saving current model and best model
balance: False
selecting samples for epoch 38, ratio 0.1
=====> Saving current model and best model
balance: False
selecting samples for epoch 39, ratio 0.1
=====> Saving current model and best model
balance: False
selecting samples for epoch 40, ratio 0.1
=====> Saving current model and best model
balance: False
selecting samples for epoch 41, ratio 0.1
=====> Epoch: 41/300, Total_step: 7708, lr: 0.001000, Total Time: 4468.5366 s, Time this epoch: 49.3225 s
=====> Epoch: 41/300, Train Loss (train loader labels): 2.1824, Train acc (train loader labels): 0.3351, Best val acc: 0.4638, Current val acc: 0.4455, Val Loss: 2.1818
=====> Saving current model and best model
balance: False
selecting samples for epoch 42, ratio 0.1
=====> Saving current model and best model
balance: False
selecting samples for epoch 43, ratio 0.1
=====> Saving current model and best model
balance: False
selecting samples for epoch 44, ratio 0.1
=====> Saving current model and best model
balance: False
selecting samples for epoch 45, ratio 0.1
=====> Epoch: 45/300, Total_step: 8460, lr: 0.001000, Total Time: 4726.8077 s, Time this epoch: 52.2422 s
=====> Epoch: 45/300, Train Loss (train loader labels): 2.1922, Train acc (train loader labels): 0.3415, Best val acc: 0.4638, Current val acc: 0.4205, Val Loss: 2.1961
=====> Saving current model and best model
balance: False
selecting samples for epoch 46, ratio 0.1
=====> Saving current model and best model
balance: False
selecting samples for epoch 47, ratio 0.1
=====> Saving current model and best model
balance: False
selecting samples for epoch 48, ratio 0.1
=====> Saving current model and best model
balance: False
selecting samples for epoch 49, ratio 0.1
=====> Epoch: 49/300, Total_step: 9212, lr: 0.001000, Total Time: 4979.9594 s, Time this epoch: 49.2104 s
=====> Epoch: 49/300, Train Loss (train loader labels): 2.1925, Train acc (train loader labels): 0.3370, Best val acc: 0.4909, Current val acc: 0.4909, Val Loss: 2.1897
=====> Saving current model and best model
balance: False
selecting samples for epoch 50, ratio 0.1
=====> Saving current model and best model
balance: False
selecting samples for epoch 51, ratio 0.1
=====> Saving current model and best model
balance: False
selecting samples for epoch 52, ratio 0.1
=====> Saving current model and best model
balance: False
selecting samples for epoch 53, ratio 0.1
=====> Epoch: 53/300, Total_step: 9964, lr: 0.001000, Total Time: 5233.0792 s, Time this epoch: 49.1062 s
=====> Epoch: 53/300, Train Loss (train loader labels): 2.1916, Train acc (train loader labels): 0.3461, Best val acc: 0.4909, Current val acc: 0.4078, Val Loss: 2.1912
=====> Saving current model and best model
balance: False
selecting samples for epoch 54, ratio 0.1
=====> Saving current model and best model
balance: False
selecting samples for epoch 55, ratio 0.1
=====> Saving current model and best model
balance: False
selecting samples for epoch 56, ratio 0.1
=====> Saving current model and best model
balance: False
selecting samples for epoch 57, ratio 0.1
=====> Epoch: 57/300, Total_step: 10716, lr: 0.001000, Total Time: 5486.2880 s, Time this epoch: 49.5576 s
=====> Epoch: 57/300, Train Loss (train loader labels): 2.1941, Train acc (train loader labels): 0.3108, Best val acc: 0.4909, Current val acc: 0.4413, Val Loss: 2.1829
=====> Saving current model and best model
balance: False
selecting samples for epoch 58, ratio 0.1
=====> Saving current model and best model
balance: False
selecting samples for epoch 59, ratio 0.1
=====> Saving current model and best model
balance: False
selecting samples for epoch 60, ratio 0.1
=====> Saving current model and best model
balance: False
selecting samples for epoch 61, ratio 0.1
=====> Epoch: 61/300, Total_step: 11468, lr: 0.001000, Total Time: 5739.7544 s, Time this epoch: 49.3591 s
=====> Epoch: 61/300, Train Loss (train loader labels): 2.1961, Train acc (train loader labels): 0.3386, Best val acc: 0.4909, Current val acc: 0.4171, Val Loss: 2.1945
=====> Saving current model and best model
balance: False
selecting samples for epoch 62, ratio 0.1
=====> Saving current model and best model
balance: False
selecting samples for epoch 63, ratio 0.1
=====> Saving current model and best model
balance: False
selecting samples for epoch 64, ratio 0.1
=====> Saving current model and best model
balance: False
selecting samples for epoch 65, ratio 0.1
=====> Epoch: 65/300, Total_step: 12220, lr: 0.001000, Total Time: 5993.0234 s, Time this epoch: 49.3690 s
=====> Epoch: 65/300, Train Loss (train loader labels): 2.1983, Train acc (train loader labels): 0.3374, Best val acc: 0.4909, Current val acc: 0.4879, Val Loss: 2.1907
=====> Saving current model and best model
balance: False
selecting samples for epoch 66, ratio 0.1
=====> Saving current model and best model
balance: False
selecting samples for epoch 67, ratio 0.1
=====> Saving current model and best model
balance: False
selecting samples for epoch 68, ratio 0.1
=====> Saving current model and best model
balance: False
selecting samples for epoch 69, ratio 0.1
=====> Saving current model and best model
balance: False
selecting samples for epoch 70, ratio 0.1
=====> Saving current model and best model
balance: False
selecting samples for epoch 71, ratio 0.1
=====> Saving current model and best model
balance: False
selecting samples for epoch 72, ratio 0.1
=====> Saving current model and best model
balance: False
selecting samples for epoch 73, ratio 0.1
=====> Saving current model and best model
balance: False
selecting samples for epoch 74, ratio 0.1
=====> Saving current model and best model
balance: False
selecting samples for epoch 75, ratio 0.1
=====> Saving current model and best model
balance: False
selecting samples for epoch 76, ratio 0.1
=====> Epoch: 76/300, Total_step: 14288, lr: 0.001000, Total Time: 6594.4510 s, Time this epoch: 49.4251 s
=====> Epoch: 76/300, Train Loss (train loader labels): 2.2012, Train acc (train loader labels): 0.3119, Best val acc: 0.4909, Current val acc: 0.4478, Val Loss: 2.1975
=====> Saving current model and best model
balance: False
selecting samples for epoch 77, ratio 0.1
=====> Saving current model and best model
balance: False
selecting samples for epoch 78, ratio 0.1
=====> Saving current model and best model
balance: False
selecting samples for epoch 79, ratio 0.1
=====> Saving current model and best model
balance: False
selecting samples for epoch 80, ratio 0.1
=====> Saving current model and best model
balance: False
selecting samples for epoch 81, ratio 0.1
=====> Saving current model and best model
balance: False
selecting samples for epoch 82, ratio 0.1
=====> Saving current model and best model
balance: False
selecting samples for epoch 83, ratio 0.1
=====> Saving current model and best model
balance: False
selecting samples for epoch 84, ratio 0.1
=====> Saving current model and best model
balance: False
selecting samples for epoch 85, ratio 0.1
=====> Saving current model and best model
balance: False
selecting samples for epoch 86, ratio 0.1
=====> Saving current model and best model
balance: False
selecting samples for epoch 87, ratio 0.1
=====> Saving current model and best model
balance: False
selecting samples for epoch 88, ratio 0.1
=====> Saving current model and best model
balance: False
selecting samples for epoch 89, ratio 0.1
=====> Saving current model and best model
balance: False
selecting samples for epoch 90, ratio 0.1
=====> Saving current model and best model
balance: False
selecting samples for epoch 91, ratio 0.1
=====> Epoch: 91/300, Total_step: 17108, lr: 0.001000, Total Time: 7395.1437 s, Time this epoch: 49.2433 s
=====> Epoch: 91/300, Train Loss (train loader labels): 2.2091, Train acc (train loader labels): 0.3376, Best val acc: 0.4909, Current val acc: 0.4669, Val Loss: 2.2052
=====> Saving current model and best model
balance: False
selecting samples for epoch 92, ratio 0.1
=====> Saving current model and best model
balance: False
selecting samples for epoch 93, ratio 0.1
=====> Saving current model and best model
balance: False
selecting samples for epoch 94, ratio 0.1
=====> Saving current model and best model
balance: False
selecting samples for epoch 95, ratio 0.1
=====> Saving current model and best model
balance: False
selecting samples for epoch 96, ratio 0.1
=====> Saving current model and best model
balance: False
selecting samples for epoch 97, ratio 0.1
=====> Saving current model and best model
balance: False
selecting samples for epoch 98, ratio 0.1
=====> Saving current model and best model
balance: False
selecting samples for epoch 99, ratio 0.1
=====> Saving current model and best model
balance: False
selecting samples for epoch 100, ratio 0.1
=====> Saving current model and best model
balance: False
selecting samples for epoch 101, ratio 0.1
=====> Saving current model and best model
balance: False
selecting samples for epoch 102, ratio 0.1
=====> Saving current model and best model
balance: False
selecting samples for epoch 103, ratio 0.1
=====> Saving current model and best model
balance: False
selecting samples for epoch 104, ratio 0.1
=====> Saving current model and best model
balance: False
selecting samples for epoch 105, ratio 0.1
=====> Saving current model and best model
balance: False
selecting samples for epoch 106, ratio 0.1
=====> Epoch: 106/300, Total_step: 19928, lr: 0.001000, Total Time: 8201.9510 s, Time this epoch: 50.0869 s
=====> Epoch: 106/300, Train Loss (train loader labels): 2.2212, Train acc (train loader labels): 0.3156, Best val acc: 0.4909, Current val acc: 0.4202, Val Loss: 2.2177
=====> Saving current model and best model
balance: False
selecting samples for epoch 107, ratio 0.1
=====> Saving current model and best model
balance: False
selecting samples for epoch 108, ratio 0.1
=====> Saving current model and best model
balance: False
selecting samples for epoch 109, ratio 0.1
=====> Saving current model and best model
balance: False
selecting samples for epoch 110, ratio 0.1
=====> Saving current model and best model
balance: False
selecting samples for epoch 111, ratio 0.1
=====> Saving current model and best model
balance: False
selecting samples for epoch 112, ratio 0.1
=====> Saving current model and best model
balance: False
selecting samples for epoch 113, ratio 0.1
=====> Saving current model and best model
balance: False
selecting samples for epoch 114, ratio 0.1
=====> Saving current model and best model
balance: False
selecting samples for epoch 115, ratio 0.1
=====> Saving current model and best model
balance: False
selecting samples for epoch 116, ratio 0.1
=====> Saving current model and best model
balance: False
selecting samples for epoch 117, ratio 0.1
=====> Saving current model and best model
balance: False
selecting samples for epoch 118, ratio 0.1
=====> Saving current model and best model
balance: False
selecting samples for epoch 119, ratio 0.1
=====> Saving current model and best model
balance: False
selecting samples for epoch 120, ratio 0.1
=====> Saving current model and best model
balance: False
selecting samples for epoch 121, ratio 0.1
=====> Epoch: 121/300, Total_step: 22748, lr: 0.001000, Total Time: 9002.6709 s, Time this epoch: 49.5301 s
=====> Epoch: 121/300, Train Loss (train loader labels): 2.1761, Train acc (train loader labels): 0.3215, Best val acc: 0.4909, Current val acc: 0.4181, Val Loss: 2.1644
=====> Saving current model and best model
balance: False
selecting samples for epoch 122, ratio 0.1
=====> Saving current model and best model
balance: False
selecting samples for epoch 123, ratio 0.1
=====> Saving current model and best model
balance: False
selecting samples for epoch 124, ratio 0.1
=====> Saving current model and best model
balance: False
selecting samples for epoch 125, ratio 0.1
=====> Saving current model and best model
balance: False
selecting samples for epoch 126, ratio 0.1
=====> Saving current model and best model
balance: False
selecting samples for epoch 127, ratio 0.1
=====> Saving current model and best model
balance: False
selecting samples for epoch 128, ratio 0.1
=====> Saving current model and best model
balance: False
selecting samples for epoch 129, ratio 0.1
=====> Saving current model and best model
balance: False
selecting samples for epoch 130, ratio 0.1
=====> Saving current model and best model
balance: False
selecting samples for epoch 131, ratio 0.1
=====> Saving current model and best model
balance: False
selecting samples for epoch 132, ratio 0.1
=====> Saving current model and best model
balance: False
selecting samples for epoch 133, ratio 0.1
=====> Saving current model and best model
balance: False
selecting samples for epoch 134, ratio 0.1
=====> Saving current model and best model
balance: False
selecting samples for epoch 135, ratio 0.1
=====> Saving current model and best model
balance: False
selecting samples for epoch 136, ratio 0.1
=====> Epoch: 136/300, Total_step: 25568, lr: 0.001000, Total Time: 9819.8762 s, Time this epoch: 49.5381 s
=====> Epoch: 136/300, Train Loss (train loader labels): 2.1931, Train acc (train loader labels): 0.3477, Best val acc: 0.5088, Current val acc: 0.5088, Val Loss: 2.1820
=====> Saving current model and best model
balance: False
selecting samples for epoch 137, ratio 0.1
=====> Saving current model and best model
balance: False
selecting samples for epoch 138, ratio 0.1
=====> Saving current model and best model
balance: False
selecting samples for epoch 139, ratio 0.1
=====> Saving current model and best model
balance: False
selecting samples for epoch 140, ratio 0.1
=====> Saving current model and best model
balance: False
selecting samples for epoch 141, ratio 0.1
=====> Saving current model and best model
balance: False
selecting samples for epoch 142, ratio 0.1
=====> Saving current model and best model
balance: False
selecting samples for epoch 143, ratio 0.1
=====> Saving current model and best model
balance: False
selecting samples for epoch 144, ratio 0.1
=====> Saving current model and best model
balance: False
selecting samples for epoch 145, ratio 0.1
=====> Saving current model and best model
balance: False
selecting samples for epoch 146, ratio 0.1
=====> Saving current model and best model
balance: False
selecting samples for epoch 147, ratio 0.1
=====> Saving current model and best model
balance: False
selecting samples for epoch 148, ratio 0.1
=====> Saving current model and best model
balance: False
selecting samples for epoch 149, ratio 0.1
=====> Saving current model and best model
balance: False
selecting samples for epoch 150, ratio 0.1
=====> Saving current model and best model
balance: False
selecting samples for epoch 151, ratio 0.1
=====> Epoch: 151/300, Total_step: 28388, lr: 0.001000, Total Time: 10629.8927 s, Time this epoch: 50.7246 s
=====> Epoch: 151/300, Train Loss (train loader labels): 2.1985, Train acc (train loader labels): 0.3437, Best val acc: 0.5088, Current val acc: 0.4384, Val Loss: 2.1946
=====> Saving current model and best model
balance: False
selecting samples for epoch 152, ratio 0.1
=====> Saving current model and best model
balance: False
selecting samples for epoch 153, ratio 0.1
=====> Saving current model and best model
balance: False
selecting samples for epoch 154, ratio 0.1
=====> Saving current model and best model
balance: False
selecting samples for epoch 155, ratio 0.1
=====> Saving current model and best model
balance: False
selecting samples for epoch 156, ratio 0.1
=====> Saving current model and best model
balance: False
selecting samples for epoch 157, ratio 0.1
=====> Saving current model and best model
balance: False
selecting samples for epoch 158, ratio 0.1
=====> Saving current model and best model
balance: False
selecting samples for epoch 159, ratio 0.1
=====> Saving current model and best model
balance: False
selecting samples for epoch 160, ratio 0.1
=====> Saving current model and best model
balance: False
selecting samples for epoch 161, ratio 0.1
=====> Saving current model and best model
balance: False
selecting samples for epoch 162, ratio 0.1
=====> Saving current model and best model
balance: False
selecting samples for epoch 163, ratio 0.1
=====> Saving current model and best model
balance: False
selecting samples for epoch 164, ratio 0.1
=====> Saving current model and best model
balance: False
selecting samples for epoch 165, ratio 0.1
=====> Saving current model and best model
balance: False
selecting samples for epoch 166, ratio 0.1
=====> Epoch: 166/300, Total_step: 31208, lr: 0.001000, Total Time: 11435.9386 s, Time this epoch: 49.2113 s
=====> Epoch: 166/300, Train Loss (train loader labels): 2.2073, Train acc (train loader labels): 0.2991, Best val acc: 0.5088, Current val acc: 0.3462, Val Loss: 2.2027
=====> Saving current model and best model
balance: False
selecting samples for epoch 167, ratio 0.1
=====> Saving current model and best model
balance: False
selecting samples for epoch 168, ratio 0.1
=====> Saving current model and best model
balance: False
selecting samples for epoch 169, ratio 0.1
=====> Saving current model and best model
balance: False
selecting samples for epoch 170, ratio 0.1
=====> Saving current model and best model
balance: False
selecting samples for epoch 171, ratio 0.1
=====> Saving current model and best model
balance: False
selecting samples for epoch 172, ratio 0.1
=====> Saving current model and best model
balance: False
selecting samples for epoch 173, ratio 0.1
=====> Saving current model and best model
balance: False
selecting samples for epoch 174, ratio 0.1
=====> Saving current model and best model
balance: False
selecting samples for epoch 175, ratio 0.1
=====> Saving current model and best model
balance: False
selecting samples for epoch 176, ratio 0.1
=====> Saving current model and best model
balance: False
selecting samples for epoch 177, ratio 0.1
=====> Saving current model and best model
balance: False
selecting samples for epoch 178, ratio 0.1
=====> Saving current model and best model
balance: False
selecting samples for epoch 179, ratio 0.1
=====> Saving current model and best model
balance: False
selecting samples for epoch 180, ratio 0.1
=====> Saving current model and best model
balance: False
selecting samples for epoch 181, ratio 0.1
=====> Epoch: 181/300, Total_step: 34028, lr: 0.001000, Total Time: 12247.3606 s, Time this epoch: 49.2068 s
=====> Epoch: 181/300, Train Loss (train loader labels): 2.2071, Train acc (train loader labels): 0.3195, Best val acc: 0.5088, Current val acc: 0.4301, Val Loss: 2.2061
=====> Saving current model and best model
balance: False
selecting samples for epoch 182, ratio 0.1
=====> Saving current model and best model
balance: False
selecting samples for epoch 183, ratio 0.1
=====> Saving current model and best model
balance: False
selecting samples for epoch 184, ratio 0.1
=====> Saving current model and best model
balance: False
selecting samples for epoch 185, ratio 0.1
=====> Saving current model and best model
balance: False
selecting samples for epoch 186, ratio 0.1
=====> Saving current model and best model
balance: False
selecting samples for epoch 187, ratio 0.1
=====> Saving current model and best model
balance: False
selecting samples for epoch 188, ratio 0.1
=====> Saving current model and best model
balance: False
selecting samples for epoch 189, ratio 0.1
=====> Saving current model and best model
balance: False
selecting samples for epoch 190, ratio 0.1
=====> Saving current model and best model
balance: False
selecting samples for epoch 191, ratio 0.1
=====> Saving current model and best model
balance: False
selecting samples for epoch 192, ratio 0.1
=====> Saving current model and best model
balance: False
selecting samples for epoch 193, ratio 0.1
=====> Saving current model and best model
balance: False
selecting samples for epoch 194, ratio 0.1
=====> Saving current model and best model
balance: False
selecting samples for epoch 195, ratio 0.1
=====> Saving current model and best model
balance: False
selecting samples for epoch 196, ratio 0.1
=====> Epoch: 196/300, Total_step: 36848, lr: 0.001000, Total Time: 13056.5503 s, Time this epoch: 52.2768 s
=====> Epoch: 196/300, Train Loss (train loader labels): 2.2122, Train acc (train loader labels): 0.3180, Best val acc: 0.5088, Current val acc: 0.4610, Val Loss: 2.2091
=====> Saving current model and best model
balance: False
selecting samples for epoch 197, ratio 0.1
=====> Saving current model and best model
balance: False
selecting samples for epoch 198, ratio 0.1
=====> Saving current model and best model
balance: False
selecting samples for epoch 199, ratio 0.1
=====> Saving current model and best model
balance: False
selecting samples for epoch 200, ratio 0.1
=====> Saving current model and best model
balance: False
selecting samples for epoch 201, ratio 0.1
=====> Saving current model and best model
balance: False
selecting samples for epoch 202, ratio 0.1
=====> Saving current model and best model
balance: False
selecting samples for epoch 203, ratio 0.1
=====> Saving current model and best model
balance: False
selecting samples for epoch 204, ratio 0.1
=====> Saving current model and best model
balance: False
selecting samples for epoch 205, ratio 0.1
=====> Saving current model and best model
balance: False
selecting samples for epoch 206, ratio 0.1
=====> Saving current model and best model
balance: False
selecting samples for epoch 207, ratio 0.1
=====> Saving current model and best model
balance: False
selecting samples for epoch 208, ratio 0.1
=====> Saving current model and best model
balance: False
selecting samples for epoch 209, ratio 0.1
=====> Saving current model and best model
balance: False
selecting samples for epoch 210, ratio 0.1
=====> Saving current model and best model
balance: False
selecting samples for epoch 211, ratio 0.1
=====> Epoch: 211/300, Total_step: 39668, lr: 0.001000, Total Time: 13866.5079 s, Time this epoch: 49.3353 s
=====> Epoch: 211/300, Train Loss (train loader labels): 2.1353, Train acc (train loader labels): 0.3005, Best val acc: 0.5088, Current val acc: 0.4017, Val Loss: 2.1018
=====> Saving current model and best model
balance: False
selecting samples for epoch 212, ratio 0.1
=====> Saving current model and best model
balance: False
selecting samples for epoch 213, ratio 0.1
=====> Saving current model and best model
balance: False
selecting samples for epoch 214, ratio 0.1
=====> Saving current model and best model
balance: False
selecting samples for epoch 215, ratio 0.1
=====> Saving current model and best model
balance: False
selecting samples for epoch 216, ratio 0.1
=====> Saving current model and best model
balance: False
selecting samples for epoch 217, ratio 0.1
=====> Saving current model and best model
balance: False
selecting samples for epoch 218, ratio 0.1
=====> Saving current model and best model
balance: False
selecting samples for epoch 219, ratio 0.1
=====> Saving current model and best model
balance: False
selecting samples for epoch 220, ratio 0.1
=====> Saving current model and best model
balance: False
selecting samples for epoch 221, ratio 0.1
=====> Saving current model and best model
balance: False
selecting samples for epoch 222, ratio 0.1
=====> Saving current model and best model
balance: False
selecting samples for epoch 223, ratio 0.1
=====> Saving current model and best model
balance: False
selecting samples for epoch 224, ratio 0.1
=====> Saving current model and best model
balance: False
selecting samples for epoch 225, ratio 0.1
=====> Saving current model and best model
balance: False
selecting samples for epoch 226, ratio 0.1
=====> Epoch: 226/300, Total_step: 42488, lr: 0.001000, Total Time: 14674.8006 s, Time this epoch: 49.5416 s
=====> Epoch: 226/300, Train Loss (train loader labels): 2.1815, Train acc (train loader labels): 0.3138, Best val acc: 0.5088, Current val acc: 0.4029, Val Loss: 2.1772
=====> Saving current model and best model
balance: False
selecting samples for epoch 227, ratio 0.1
=====> Saving current model and best model
balance: False
selecting samples for epoch 228, ratio 0.1
=====> Saving current model and best model
balance: False
selecting samples for epoch 229, ratio 0.1
=====> Saving current model and best model
balance: False
selecting samples for epoch 230, ratio 0.1
=====> Saving current model and best model
balance: False
selecting samples for epoch 231, ratio 0.1
=====> Saving current model and best model
balance: False
selecting samples for epoch 232, ratio 0.1
=====> Saving current model and best model
balance: False
selecting samples for epoch 233, ratio 0.1
=====> Saving current model and best model
balance: False
selecting samples for epoch 234, ratio 0.1
=====> Saving current model and best model
balance: False
selecting samples for epoch 235, ratio 0.1
=====> Saving current model and best model
balance: False
selecting samples for epoch 236, ratio 0.1
=====> Saving current model and best model
balance: False
selecting samples for epoch 237, ratio 0.1
=====> Saving current model and best model
balance: False
selecting samples for epoch 238, ratio 0.1
=====> Saving current model and best model
balance: False
selecting samples for epoch 239, ratio 0.1
=====> Saving current model and best model
balance: False
selecting samples for epoch 240, ratio 0.1
=====> Saving current model and best model
balance: False
selecting samples for epoch 241, ratio 0.1
=====> Epoch: 241/300, Total_step: 45308, lr: 0.001000, Total Time: 15482.3851 s, Time this epoch: 49.3034 s
=====> Epoch: 241/300, Train Loss (train loader labels): 2.1942, Train acc (train loader labels): 0.3323, Best val acc: 0.5088, Current val acc: 0.4798, Val Loss: 2.1873
=====> Saving current model and best model
balance: False
selecting samples for epoch 242, ratio 0.1
=====> Saving current model and best model
balance: False
selecting samples for epoch 243, ratio 0.1
=====> Saving current model and best model
balance: False
selecting samples for epoch 244, ratio 0.1
=====> Saving current model and best model
balance: False
selecting samples for epoch 245, ratio 0.1
=====> Saving current model and best model
balance: False
selecting samples for epoch 246, ratio 0.1
=====> Saving current model and best model
balance: False
selecting samples for epoch 247, ratio 0.1
=====> Saving current model and best model
balance: False
selecting samples for epoch 248, ratio 0.1
=====> Saving current model and best model
balance: False
selecting samples for epoch 249, ratio 0.1
=====> Saving current model and best model
balance: False
selecting samples for epoch 250, ratio 0.1
=====> Saving current model and best model
balance: False
selecting samples for epoch 251, ratio 0.1
=====> Saving current model and best model
balance: False
selecting samples for epoch 252, ratio 0.1
=====> Saving current model and best model
balance: False
selecting samples for epoch 253, ratio 0.1
=====> Saving current model and best model
balance: False
selecting samples for epoch 254, ratio 0.1
=====> Saving current model and best model
balance: False
selecting samples for epoch 255, ratio 0.1
=====> Saving current model and best model
balance: False
selecting samples for epoch 256, ratio 0.1
=====> Epoch: 256/300, Total_step: 48128, lr: 0.001000, Total Time: 16289.7021 s, Time this epoch: 49.4685 s
=====> Epoch: 256/300, Train Loss (train loader labels): 2.2087, Train acc (train loader labels): 0.2923, Best val acc: 0.5088, Current val acc: 0.3576, Val Loss: 2.2044
=====> Saving current model and best model
balance: False
selecting samples for epoch 257, ratio 0.1
=====> Saving current model and best model
balance: False
selecting samples for epoch 258, ratio 0.1
=====> Saving current model and best model
balance: False
selecting samples for epoch 259, ratio 0.1
=====> Saving current model and best model
balance: False
selecting samples for epoch 260, ratio 0.1
=====> Saving current model and best model
balance: False
selecting samples for epoch 261, ratio 0.1
=====> Saving current model and best model
balance: False
selecting samples for epoch 262, ratio 0.1
=====> Saving current model and best model
balance: False
selecting samples for epoch 263, ratio 0.1
=====> Saving current model and best model
balance: False
selecting samples for epoch 264, ratio 0.1
=====> Saving current model and best model
balance: False
selecting samples for epoch 265, ratio 0.1
=====> Saving current model and best model
balance: False
selecting samples for epoch 266, ratio 0.1
=====> Saving current model and best model
balance: False
selecting samples for epoch 267, ratio 0.1
=====> Saving current model and best model
balance: False
selecting samples for epoch 268, ratio 0.1
=====> Saving current model and best model
balance: False
selecting samples for epoch 269, ratio 0.1
=====> Saving current model and best model
balance: False
selecting samples for epoch 270, ratio 0.1
=====> Saving current model and best model
balance: False
selecting samples for epoch 271, ratio 0.1
=====> Epoch: 271/300, Total_step: 50948, lr: 0.001000, Total Time: 17099.6225 s, Time this epoch: 49.3384 s
=====> Epoch: 271/300, Train Loss (train loader labels): 2.1983, Train acc (train loader labels): 0.3270, Best val acc: 0.5088, Current val acc: 0.4517, Val Loss: 2.1946
=====> Saving current model and best model
balance: False
selecting samples for epoch 272, ratio 0.1
=====> Saving current model and best model
balance: False
selecting samples for epoch 273, ratio 0.1
=====> Saving current model and best model
balance: False
selecting samples for epoch 274, ratio 0.1
=====> Saving current model and best model
balance: False
selecting samples for epoch 275, ratio 0.1
=====> Saving current model and best model
balance: False
selecting samples for epoch 276, ratio 0.1
=====> Saving current model and best model
balance: False
selecting samples for epoch 277, ratio 0.1
=====> Saving current model and best model
balance: False
selecting samples for epoch 278, ratio 0.1
=====> Saving current model and best model
balance: False
selecting samples for epoch 279, ratio 0.1
=====> Saving current model and best model
balance: False
selecting samples for epoch 280, ratio 0.1
=====> Saving current model and best model
balance: False
selecting samples for epoch 281, ratio 0.1
=====> Saving current model and best model
balance: False
selecting samples for epoch 282, ratio 0.1
=====> Saving current model and best model
balance: False
selecting samples for epoch 283, ratio 0.1
=====> Saving current model and best model
balance: False
selecting samples for epoch 284, ratio 0.1
=====> Saving current model and best model
balance: False
selecting samples for epoch 285, ratio 0.1
=====> Saving current model and best model
balance: False
selecting samples for epoch 286, ratio 0.1
=====> Epoch: 286/300, Total_step: 53768, lr: 0.001000, Total Time: 17916.3188 s, Time this epoch: 51.2596 s
=====> Epoch: 286/300, Train Loss (train loader labels): 2.2117, Train acc (train loader labels): 0.3090, Best val acc: 0.5088, Current val acc: 0.4126, Val Loss: 2.2055
=====> Saving current model and best model
balance: False
selecting samples for epoch 287, ratio 0.1
=====> Saving current model and best model
balance: False
selecting samples for epoch 288, ratio 0.1
=====> Saving current model and best model
balance: False
selecting samples for epoch 289, ratio 0.1
=====> Saving current model and best model
balance: False
selecting samples for epoch 290, ratio 0.1
=====> Saving current model and best model
balance: False
selecting samples for epoch 291, ratio 0.1
=====> Saving current model and best model
balance: False
selecting samples for epoch 292, ratio 0.1
=====> Saving current model and best model
balance: False
selecting samples for epoch 293, ratio 0.1
=====> Saving current model and best model
balance: False
selecting samples for epoch 294, ratio 0.1
=====> Saving current model and best model
balance: False
selecting samples for epoch 295, ratio 0.1
=====> Saving current model and best model
balance: False
selecting samples for epoch 296, ratio 0.1
=====> Saving current model and best model
balance: False
selecting samples for epoch 297, ratio 0.1
=====> Saving current model and best model
balance: False
selecting samples for epoch 298, ratio 0.1
=====> Saving current model and best model
balance: False
selecting samples for epoch 299, ratio 0.1
=====> Saving current model and best model
balance: False
selecting samples for epoch 300, ratio 0.1
=====> Epoch: 300/300, Total_step: 56400, lr: 0.001000, Total Time: 18671.1181 s, Time this epoch: 49.5305 s
=====> Epoch: 300/300, Train Loss (train loader labels): 2.1438, Train acc (train loader labels): 0.2965, Best val acc: 0.5088, Current val acc: 0.4438, Val Loss: 2.1303
=====> Saving current model and best model
Saved helper snapshots to /home/mward19/Documents/miller/Online-Batch-Selection/snapshots/MNIST/{"bsel":"RhoLoss","seed":3,"model":"DeepLinear","opt":"adamw","bs":320,"ratio":0.1,"lr":0.001,"wd":0.01,"layers":5,"hidden_dim":1000}.p
Saved selected points array to /home/mward19/Documents/miller/Online-Batch-Selection/selected_points/MNIST/{"bsel":"RhoLoss","seed":3,"model":"DeepLinear","opt":"adamw","bs":320,"ratio":0.1,"lr":0.001,"wd":0.01,"layers":5,"hidden_dim":1000}.npy
========================= End Main =========================
