save_dir: ./exp/MNIST/DivBS_deeplinear_bs320_ep300_lr0.001_AdamW_constant_seed2_r0.1_5_hidden
=====> Loading config files: 
configs/mnist/method/divbs-0.1.yaml
configs/mnist/data/mnist.yaml
configs/mnist/model/deep_linear_saxe/deep_linear_5.yaml
configs/mnist/optim/adamw-320-0.001-0.01.yaml
configs/diagnostics/snapshots_log_interval.yaml
=====> Config files loaded.
========================= Start Main =========================
=====> Saving config file
=====> Config file saved
=====> Using fixed random seed: 2
=====> Wandb initialized
=====> Number of GPUs: 1
Creating DivBS...
Begin training for DivBS...
=====> Epoch: 0/300, Total_step: 0, lr: 0.001000, Total Time: 0.0000 s, Time this epoch: 0.0000 s
=====> Epoch: 0/300, Train Loss (train loader labels): 2.3080, Train acc (train loader labels): 0.0784, Best val acc: 0.0503, Current val acc: 0.0503, Val Loss: 2.3123
balance: False
selecting samples for epoch 1, ratio 0.1
=====> Epoch: 1/300, Total_step: 1, lr: 0.001000, Total Time: 0.0000 s, Time this epoch: 0.0000 s
=====> Epoch: 1/300, Train Loss (train loader labels): 2.2815, Train acc (train loader labels): 0.1981, Best val acc: 0.2607, Current val acc: 0.2607, Val Loss: 2.1409
=====> Epoch: 1/300, Total_step: 48, lr: 0.001000, Total Time: 0.0000 s, Time this epoch: 0.0000 s
=====> Epoch: 1/300, Train Loss (train loader labels): 1.8516, Train acc (train loader labels): 0.3702, Best val acc: 0.4456, Current val acc: 0.4456, Val Loss: 1.5610
=====> Epoch: 1/300, Total_step: 95, lr: 0.001000, Total Time: 0.0000 s, Time this epoch: 0.0000 s
=====> Epoch: 1/300, Train Loss (train loader labels): 1.9018, Train acc (train loader labels): 0.3680, Best val acc: 0.4737, Current val acc: 0.4737, Val Loss: 1.7737
=====> Epoch: 1/300, Total_step: 142, lr: 0.001000, Total Time: 0.0000 s, Time this epoch: 0.0000 s
=====> Epoch: 1/300, Train Loss (train loader labels): 1.8135, Train acc (train loader labels): 0.3640, Best val acc: 0.4737, Current val acc: 0.4409, Val Loss: 1.5282
=====> Saving current model and best model
balance: False
selecting samples for epoch 2, ratio 0.1
=====> Epoch: 2/300, Total_step: 189, lr: 0.001000, Total Time: 318.7610 s, Time this epoch: 264.8136 s
=====> Epoch: 2/300, Train Loss (train loader labels): 1.8236, Train acc (train loader labels): 0.3631, Best val acc: 0.4751, Current val acc: 0.4751, Val Loss: 1.5737
=====> Epoch: 2/300, Total_step: 236, lr: 0.001000, Total Time: 318.7610 s, Time this epoch: 264.8136 s
=====> Epoch: 2/300, Train Loss (train loader labels): 1.8527, Train acc (train loader labels): 0.3714, Best val acc: 0.4751, Current val acc: 0.4388, Val Loss: 1.6672
=====> Epoch: 2/300, Total_step: 283, lr: 0.001000, Total Time: 318.7610 s, Time this epoch: 264.8136 s
=====> Epoch: 2/300, Train Loss (train loader labels): 1.7664, Train acc (train loader labels): 0.3852, Best val acc: 0.4751, Current val acc: 0.4741, Val Loss: 1.5183
=====> Epoch: 2/300, Total_step: 330, lr: 0.001000, Total Time: 318.7610 s, Time this epoch: 264.8136 s
=====> Epoch: 2/300, Train Loss (train loader labels): 1.7680, Train acc (train loader labels): 0.3979, Best val acc: 0.5611, Current val acc: 0.5611, Val Loss: 1.5366
=====> Saving current model and best model
balance: False
selecting samples for epoch 3, ratio 0.1
=====> Epoch: 3/300, Total_step: 377, lr: 0.001000, Total Time: 583.2629 s, Time this epoch: 264.2244 s
=====> Epoch: 3/300, Train Loss (train loader labels): 1.7674, Train acc (train loader labels): 0.3779, Best val acc: 0.5611, Current val acc: 0.4454, Val Loss: 1.4866
=====> Epoch: 3/300, Total_step: 424, lr: 0.001000, Total Time: 583.2629 s, Time this epoch: 264.2244 s
=====> Epoch: 3/300, Train Loss (train loader labels): 1.7487, Train acc (train loader labels): 0.4034, Best val acc: 0.5611, Current val acc: 0.5192, Val Loss: 1.4803
=====> Epoch: 3/300, Total_step: 471, lr: 0.001000, Total Time: 583.2629 s, Time this epoch: 264.2244 s
=====> Epoch: 3/300, Train Loss (train loader labels): 1.7492, Train acc (train loader labels): 0.4233, Best val acc: 0.5801, Current val acc: 0.5801, Val Loss: 1.4833
=====> Epoch: 3/300, Total_step: 518, lr: 0.001000, Total Time: 583.2629 s, Time this epoch: 264.2244 s
=====> Epoch: 3/300, Train Loss (train loader labels): 1.7309, Train acc (train loader labels): 0.4329, Best val acc: 0.5801, Current val acc: 0.5718, Val Loss: 1.4565
=====> Saving current model and best model
balance: False
selecting samples for epoch 4, ratio 0.1
=====> Epoch: 4/300, Total_step: 565, lr: 0.001000, Total Time: 848.8286 s, Time this epoch: 265.3607 s
=====> Epoch: 4/300, Train Loss (train loader labels): 1.7881, Train acc (train loader labels): 0.3979, Best val acc: 0.5801, Current val acc: 0.5282, Val Loss: 1.5707
=====> Epoch: 4/300, Total_step: 612, lr: 0.001000, Total Time: 848.8286 s, Time this epoch: 265.3607 s
=====> Epoch: 4/300, Train Loss (train loader labels): 1.7418, Train acc (train loader labels): 0.4089, Best val acc: 0.5801, Current val acc: 0.5187, Val Loss: 1.5509
=====> Epoch: 4/300, Total_step: 659, lr: 0.001000, Total Time: 848.8286 s, Time this epoch: 265.3607 s
=====> Epoch: 4/300, Train Loss (train loader labels): 1.7251, Train acc (train loader labels): 0.4151, Best val acc: 0.5801, Current val acc: 0.5576, Val Loss: 1.4267
=====> Epoch: 4/300, Total_step: 706, lr: 0.001000, Total Time: 848.8286 s, Time this epoch: 265.3607 s
=====> Epoch: 4/300, Train Loss (train loader labels): 1.7291, Train acc (train loader labels): 0.4012, Best val acc: 0.5801, Current val acc: 0.5415, Val Loss: 1.4526
=====> Saving current model and best model
balance: False
selecting samples for epoch 5, ratio 0.1
=====> Epoch: 5/300, Total_step: 753, lr: 0.001000, Total Time: 1114.3685 s, Time this epoch: 265.3417 s
=====> Epoch: 5/300, Train Loss (train loader labels): 1.7117, Train acc (train loader labels): 0.4173, Best val acc: 0.5801, Current val acc: 0.5472, Val Loss: 1.4604
=====> Epoch: 5/300, Total_step: 800, lr: 0.001000, Total Time: 1114.3685 s, Time this epoch: 265.3417 s
=====> Epoch: 5/300, Train Loss (train loader labels): 1.7177, Train acc (train loader labels): 0.4193, Best val acc: 0.5801, Current val acc: 0.5137, Val Loss: 1.5136
=====> Epoch: 5/300, Total_step: 847, lr: 0.001000, Total Time: 1114.3685 s, Time this epoch: 265.3417 s
=====> Epoch: 5/300, Train Loss (train loader labels): 1.7336, Train acc (train loader labels): 0.4205, Best val acc: 0.5801, Current val acc: 0.5413, Val Loss: 1.4482
=====> Epoch: 5/300, Total_step: 894, lr: 0.001000, Total Time: 1114.3685 s, Time this epoch: 265.3417 s
=====> Epoch: 5/300, Train Loss (train loader labels): 1.7327, Train acc (train loader labels): 0.3875, Best val acc: 0.5801, Current val acc: 0.4482, Val Loss: 1.4652
=====> Saving current model and best model
balance: False
selecting samples for epoch 6, ratio 0.1
=====> Epoch: 6/300, Total_step: 1128, lr: 0.001000, Total Time: 1381.2886 s, Time this epoch: 266.7009 s
=====> Epoch: 6/300, Train Loss (train loader labels): 1.7178, Train acc (train loader labels): 0.4167, Best val acc: 0.5801, Current val acc: 0.5774, Val Loss: 1.4291
=====> Saving current model and best model
balance: False
selecting samples for epoch 7, ratio 0.1
=====> Epoch: 7/300, Total_step: 1316, lr: 0.001000, Total Time: 1485.0887 s, Time this epoch: 103.5844 s
=====> Epoch: 7/300, Train Loss (train loader labels): 1.6816, Train acc (train loader labels): 0.4473, Best val acc: 0.6317, Current val acc: 0.6317, Val Loss: 1.3792
=====> Saving current model and best model
balance: False
selecting samples for epoch 8, ratio 0.1
=====> Epoch: 8/300, Total_step: 1504, lr: 0.001000, Total Time: 1589.1167 s, Time this epoch: 103.8466 s
=====> Epoch: 8/300, Train Loss (train loader labels): 1.6987, Train acc (train loader labels): 0.4144, Best val acc: 0.6317, Current val acc: 0.4981, Val Loss: 1.4864
=====> Saving current model and best model
balance: False
selecting samples for epoch 9, ratio 0.1
=====> Epoch: 9/300, Total_step: 1692, lr: 0.001000, Total Time: 1693.7749 s, Time this epoch: 104.2094 s
=====> Epoch: 9/300, Train Loss (train loader labels): 1.6938, Train acc (train loader labels): 0.4217, Best val acc: 0.6317, Current val acc: 0.5302, Val Loss: 1.4175
=====> Saving current model and best model
balance: False
selecting samples for epoch 10, ratio 0.1
=====> Epoch: 10/300, Total_step: 1880, lr: 0.001000, Total Time: 1797.8772 s, Time this epoch: 103.9091 s
=====> Epoch: 10/300, Train Loss (train loader labels): 1.6984, Train acc (train loader labels): 0.4078, Best val acc: 0.6317, Current val acc: 0.4934, Val Loss: 1.4453
=====> Saving current model and best model
balance: False
selecting samples for epoch 11, ratio 0.1
=====> Epoch: 11/300, Total_step: 2068, lr: 0.001000, Total Time: 1901.3083 s, Time this epoch: 103.2622 s
=====> Epoch: 11/300, Train Loss (train loader labels): 1.7254, Train acc (train loader labels): 0.4084, Best val acc: 0.6317, Current val acc: 0.5113, Val Loss: 1.4941
=====> Saving current model and best model
balance: False
selecting samples for epoch 12, ratio 0.1
=====> Epoch: 12/300, Total_step: 2256, lr: 0.001000, Total Time: 2005.1041 s, Time this epoch: 103.5956 s
=====> Epoch: 12/300, Train Loss (train loader labels): 1.6502, Train acc (train loader labels): 0.4293, Best val acc: 0.6317, Current val acc: 0.5286, Val Loss: 1.4083
=====> Saving current model and best model
balance: False
selecting samples for epoch 13, ratio 0.1
=====> Epoch: 13/300, Total_step: 2444, lr: 0.001000, Total Time: 2108.5915 s, Time this epoch: 103.3047 s
=====> Epoch: 13/300, Train Loss (train loader labels): 1.6698, Train acc (train loader labels): 0.4420, Best val acc: 0.6317, Current val acc: 0.5866, Val Loss: 1.3416
=====> Saving current model and best model
balance: False
selecting samples for epoch 14, ratio 0.1
=====> Epoch: 14/300, Total_step: 2632, lr: 0.001000, Total Time: 2212.8318 s, Time this epoch: 104.0419 s
=====> Epoch: 14/300, Train Loss (train loader labels): 1.6620, Train acc (train loader labels): 0.4411, Best val acc: 0.6317, Current val acc: 0.5807, Val Loss: 1.3707
=====> Saving current model and best model
balance: False
selecting samples for epoch 15, ratio 0.1
=====> Epoch: 15/300, Total_step: 2820, lr: 0.001000, Total Time: 2317.0668 s, Time this epoch: 104.0389 s
=====> Epoch: 15/300, Train Loss (train loader labels): 1.6673, Train acc (train loader labels): 0.4367, Best val acc: 0.6317, Current val acc: 0.5313, Val Loss: 1.4437
=====> Saving current model and best model
balance: False
selecting samples for epoch 16, ratio 0.1
=====> Epoch: 16/300, Total_step: 3008, lr: 0.001000, Total Time: 2421.4095 s, Time this epoch: 104.1459 s
=====> Epoch: 16/300, Train Loss (train loader labels): 1.6628, Train acc (train loader labels): 0.4072, Best val acc: 0.6317, Current val acc: 0.5105, Val Loss: 1.4102
=====> Saving current model and best model
balance: False
selecting samples for epoch 17, ratio 0.1
=====> Epoch: 17/300, Total_step: 3196, lr: 0.001000, Total Time: 2525.5149 s, Time this epoch: 103.9105 s
=====> Epoch: 17/300, Train Loss (train loader labels): 1.7130, Train acc (train loader labels): 0.4088, Best val acc: 0.6317, Current val acc: 0.4627, Val Loss: 1.5143
=====> Saving current model and best model
balance: False
selecting samples for epoch 18, ratio 0.1
=====> Epoch: 18/300, Total_step: 3384, lr: 0.001000, Total Time: 2629.6398 s, Time this epoch: 103.9166 s
=====> Epoch: 18/300, Train Loss (train loader labels): 1.6696, Train acc (train loader labels): 0.4306, Best val acc: 0.6317, Current val acc: 0.5271, Val Loss: 1.4324
=====> Saving current model and best model
balance: False
selecting samples for epoch 19, ratio 0.1
=====> Epoch: 19/300, Total_step: 3572, lr: 0.001000, Total Time: 2733.6578 s, Time this epoch: 103.8264 s
=====> Epoch: 19/300, Train Loss (train loader labels): 1.6294, Train acc (train loader labels): 0.4500, Best val acc: 0.6317, Current val acc: 0.5672, Val Loss: 1.3503
=====> Saving current model and best model
balance: False
selecting samples for epoch 20, ratio 0.1
=====> Epoch: 20/300, Total_step: 3760, lr: 0.001000, Total Time: 2837.4925 s, Time this epoch: 103.6489 s
=====> Epoch: 20/300, Train Loss (train loader labels): 1.6532, Train acc (train loader labels): 0.4335, Best val acc: 0.6317, Current val acc: 0.5535, Val Loss: 1.4139
=====> Saving current model and best model
balance: False
selecting samples for epoch 21, ratio 0.1
=====> Epoch: 21/300, Total_step: 3948, lr: 0.001000, Total Time: 2940.8111 s, Time this epoch: 103.1386 s
=====> Epoch: 21/300, Train Loss (train loader labels): 1.7109, Train acc (train loader labels): 0.3989, Best val acc: 0.6317, Current val acc: 0.4926, Val Loss: 1.4752
=====> Saving current model and best model
balance: False
selecting samples for epoch 22, ratio 0.1
=====> Epoch: 22/300, Total_step: 4136, lr: 0.001000, Total Time: 3044.3806 s, Time this epoch: 103.3784 s
=====> Epoch: 22/300, Train Loss (train loader labels): 1.6444, Train acc (train loader labels): 0.4315, Best val acc: 0.6317, Current val acc: 0.4947, Val Loss: 1.4441
=====> Saving current model and best model
balance: False
selecting samples for epoch 23, ratio 0.1
=====> Epoch: 23/300, Total_step: 4324, lr: 0.001000, Total Time: 3148.0879 s, Time this epoch: 103.5131 s
=====> Epoch: 23/300, Train Loss (train loader labels): 1.6381, Train acc (train loader labels): 0.4441, Best val acc: 0.6317, Current val acc: 0.5511, Val Loss: 1.3842
=====> Saving current model and best model
balance: False
selecting samples for epoch 24, ratio 0.1
=====> Epoch: 24/300, Total_step: 4512, lr: 0.001000, Total Time: 3251.7427 s, Time this epoch: 103.4061 s
=====> Epoch: 24/300, Train Loss (train loader labels): 1.6372, Train acc (train loader labels): 0.4435, Best val acc: 0.6317, Current val acc: 0.5421, Val Loss: 1.4122
=====> Saving current model and best model
balance: False
selecting samples for epoch 25, ratio 0.1
=====> Epoch: 25/300, Total_step: 4700, lr: 0.001000, Total Time: 3355.7945 s, Time this epoch: 103.8554 s
=====> Epoch: 25/300, Train Loss (train loader labels): 236.5278, Train acc (train loader labels): 0.2052, Best val acc: 0.6317, Current val acc: 0.1832, Val Loss: 190.8480
=====> Saving current model and best model
balance: False
selecting samples for epoch 26, ratio 0.1
=====> Epoch: 26/300, Total_step: 4888, lr: 0.001000, Total Time: 3459.8225 s, Time this epoch: 103.8573 s
=====> Epoch: 26/300, Train Loss (train loader labels): 1.7343, Train acc (train loader labels): 0.4282, Best val acc: 0.6317, Current val acc: 0.5654, Val Loss: 1.3150
=====> Saving current model and best model
balance: False
selecting samples for epoch 27, ratio 0.1
=====> Saving current model and best model
balance: False
selecting samples for epoch 28, ratio 0.1
=====> Saving current model and best model
balance: False
selecting samples for epoch 29, ratio 0.1
=====> Epoch: 29/300, Total_step: 5452, lr: 0.001000, Total Time: 3662.3204 s, Time this epoch: 49.1979 s
=====> Epoch: 29/300, Train Loss (train loader labels): 1.5892, Train acc (train loader labels): 0.4743, Best val acc: 0.6317, Current val acc: 0.5737, Val Loss: 1.3090
=====> Saving current model and best model
balance: False
selecting samples for epoch 30, ratio 0.1
=====> Saving current model and best model
balance: False
selecting samples for epoch 31, ratio 0.1
=====> Saving current model and best model
balance: False
selecting samples for epoch 32, ratio 0.1
=====> Saving current model and best model
balance: False
selecting samples for epoch 33, ratio 0.1
=====> Epoch: 33/300, Total_step: 6204, lr: 0.001000, Total Time: 3914.6207 s, Time this epoch: 49.2917 s
=====> Epoch: 33/300, Train Loss (train loader labels): 1.5679, Train acc (train loader labels): 0.4991, Best val acc: 0.6580, Current val acc: 0.6580, Val Loss: 1.2393
=====> Saving current model and best model
balance: False
selecting samples for epoch 34, ratio 0.1
=====> Saving current model and best model
balance: False
selecting samples for epoch 35, ratio 0.1
=====> Saving current model and best model
balance: False
selecting samples for epoch 36, ratio 0.1
=====> Saving current model and best model
balance: False
selecting samples for epoch 37, ratio 0.1
=====> Epoch: 37/300, Total_step: 6956, lr: 0.001000, Total Time: 4168.1135 s, Time this epoch: 49.2664 s
=====> Epoch: 37/300, Train Loss (train loader labels): 1.5610, Train acc (train loader labels): 0.4985, Best val acc: 0.6714, Current val acc: 0.6714, Val Loss: 1.2295
=====> Saving current model and best model
balance: False
selecting samples for epoch 38, ratio 0.1
=====> Saving current model and best model
balance: False
selecting samples for epoch 39, ratio 0.1
=====> Saving current model and best model
balance: False
selecting samples for epoch 40, ratio 0.1
=====> Saving current model and best model
balance: False
selecting samples for epoch 41, ratio 0.1
=====> Epoch: 41/300, Total_step: 7708, lr: 0.001000, Total Time: 4421.8205 s, Time this epoch: 49.3221 s
=====> Epoch: 41/300, Train Loss (train loader labels): 1.5675, Train acc (train loader labels): 0.4932, Best val acc: 0.6714, Current val acc: 0.6019, Val Loss: 1.2761
=====> Saving current model and best model
balance: False
selecting samples for epoch 42, ratio 0.1
=====> Saving current model and best model
balance: False
selecting samples for epoch 43, ratio 0.1
=====> Saving current model and best model
balance: False
selecting samples for epoch 44, ratio 0.1
=====> Saving current model and best model
balance: False
selecting samples for epoch 45, ratio 0.1
=====> Epoch: 45/300, Total_step: 8460, lr: 0.001000, Total Time: 4675.3211 s, Time this epoch: 49.3006 s
=====> Epoch: 45/300, Train Loss (train loader labels): 1.5793, Train acc (train loader labels): 0.4901, Best val acc: 0.6714, Current val acc: 0.6426, Val Loss: 1.2724
=====> Saving current model and best model
balance: False
selecting samples for epoch 46, ratio 0.1
=====> Saving current model and best model
balance: False
selecting samples for epoch 47, ratio 0.1
=====> Saving current model and best model
balance: False
selecting samples for epoch 48, ratio 0.1
=====> Saving current model and best model
balance: False
selecting samples for epoch 49, ratio 0.1
=====> Epoch: 49/300, Total_step: 9212, lr: 0.001000, Total Time: 4928.1792 s, Time this epoch: 49.3750 s
=====> Epoch: 49/300, Train Loss (train loader labels): 1.5656, Train acc (train loader labels): 0.4899, Best val acc: 0.6714, Current val acc: 0.6489, Val Loss: 1.2450
=====> Saving current model and best model
balance: False
selecting samples for epoch 50, ratio 0.1
=====> Saving current model and best model
balance: False
selecting samples for epoch 51, ratio 0.1
=====> Saving current model and best model
balance: False
selecting samples for epoch 52, ratio 0.1
=====> Saving current model and best model
balance: False
selecting samples for epoch 53, ratio 0.1
=====> Epoch: 53/300, Total_step: 9964, lr: 0.001000, Total Time: 5180.5175 s, Time this epoch: 49.0854 s
=====> Epoch: 53/300, Train Loss (train loader labels): 1.5827, Train acc (train loader labels): 0.4795, Best val acc: 0.6714, Current val acc: 0.6304, Val Loss: 1.2681
=====> Saving current model and best model
balance: False
selecting samples for epoch 54, ratio 0.1
=====> Saving current model and best model
balance: False
selecting samples for epoch 55, ratio 0.1
=====> Saving current model and best model
balance: False
selecting samples for epoch 56, ratio 0.1
=====> Saving current model and best model
balance: False
selecting samples for epoch 57, ratio 0.1
=====> Epoch: 57/300, Total_step: 10716, lr: 0.001000, Total Time: 5433.3401 s, Time this epoch: 49.4792 s
=====> Epoch: 57/300, Train Loss (train loader labels): 1.5868, Train acc (train loader labels): 0.4847, Best val acc: 0.6714, Current val acc: 0.6517, Val Loss: 1.2846
=====> Saving current model and best model
balance: False
selecting samples for epoch 58, ratio 0.1
=====> Saving current model and best model
balance: False
selecting samples for epoch 59, ratio 0.1
=====> Saving current model and best model
balance: False
selecting samples for epoch 60, ratio 0.1
=====> Saving current model and best model
balance: False
selecting samples for epoch 61, ratio 0.1
=====> Epoch: 61/300, Total_step: 11468, lr: 0.001000, Total Time: 5686.6639 s, Time this epoch: 49.4025 s
=====> Epoch: 61/300, Train Loss (train loader labels): 1.5833, Train acc (train loader labels): 0.4920, Best val acc: 0.6714, Current val acc: 0.6345, Val Loss: 1.2801
=====> Saving current model and best model
balance: False
selecting samples for epoch 62, ratio 0.1
=====> Saving current model and best model
balance: False
selecting samples for epoch 63, ratio 0.1
=====> Saving current model and best model
balance: False
selecting samples for epoch 64, ratio 0.1
=====> Saving current model and best model
balance: False
selecting samples for epoch 65, ratio 0.1
=====> Epoch: 65/300, Total_step: 12220, lr: 0.001000, Total Time: 5940.2626 s, Time this epoch: 49.6986 s
=====> Epoch: 65/300, Train Loss (train loader labels): 1.5715, Train acc (train loader labels): 0.4948, Best val acc: 0.6714, Current val acc: 0.6280, Val Loss: 1.2919
=====> Saving current model and best model
balance: False
selecting samples for epoch 66, ratio 0.1
=====> Saving current model and best model
balance: False
selecting samples for epoch 67, ratio 0.1
=====> Saving current model and best model
balance: False
selecting samples for epoch 68, ratio 0.1
=====> Saving current model and best model
balance: False
selecting samples for epoch 69, ratio 0.1
=====> Saving current model and best model
balance: False
selecting samples for epoch 70, ratio 0.1
=====> Saving current model and best model
balance: False
selecting samples for epoch 71, ratio 0.1
=====> Saving current model and best model
balance: False
selecting samples for epoch 72, ratio 0.1
=====> Saving current model and best model
balance: False
selecting samples for epoch 73, ratio 0.1
=====> Saving current model and best model
balance: False
selecting samples for epoch 74, ratio 0.1
=====> Saving current model and best model
balance: False
selecting samples for epoch 75, ratio 0.1
=====> Saving current model and best model
balance: False
selecting samples for epoch 76, ratio 0.1
=====> Epoch: 76/300, Total_step: 14288, lr: 0.001000, Total Time: 6539.2818 s, Time this epoch: 49.2037 s
=====> Epoch: 76/300, Train Loss (train loader labels): 1.6040, Train acc (train loader labels): 0.4834, Best val acc: 0.6714, Current val acc: 0.6231, Val Loss: 1.3359
=====> Saving current model and best model
balance: False
selecting samples for epoch 77, ratio 0.1
=====> Saving current model and best model
balance: False
selecting samples for epoch 78, ratio 0.1
=====> Saving current model and best model
balance: False
selecting samples for epoch 79, ratio 0.1
=====> Saving current model and best model
balance: False
selecting samples for epoch 80, ratio 0.1
=====> Saving current model and best model
balance: False
selecting samples for epoch 81, ratio 0.1
=====> Saving current model and best model
balance: False
selecting samples for epoch 82, ratio 0.1
=====> Saving current model and best model
balance: False
selecting samples for epoch 83, ratio 0.1
=====> Saving current model and best model
balance: False
selecting samples for epoch 84, ratio 0.1
=====> Saving current model and best model
balance: False
selecting samples for epoch 85, ratio 0.1
=====> Saving current model and best model
balance: False
selecting samples for epoch 86, ratio 0.1
=====> Saving current model and best model
balance: False
selecting samples for epoch 87, ratio 0.1
=====> Saving current model and best model
balance: False
selecting samples for epoch 88, ratio 0.1
=====> Saving current model and best model
balance: False
selecting samples for epoch 89, ratio 0.1
=====> Saving current model and best model
balance: False
selecting samples for epoch 90, ratio 0.1
=====> Saving current model and best model
balance: False
selecting samples for epoch 91, ratio 0.1
=====> Epoch: 91/300, Total_step: 17108, lr: 0.001000, Total Time: 7338.2455 s, Time this epoch: 49.4398 s
=====> Epoch: 91/300, Train Loss (train loader labels): 1.6348, Train acc (train loader labels): 0.4593, Best val acc: 0.6714, Current val acc: 0.6152, Val Loss: 1.3102
=====> Saving current model and best model
balance: False
selecting samples for epoch 92, ratio 0.1
=====> Saving current model and best model
balance: False
selecting samples for epoch 93, ratio 0.1
=====> Saving current model and best model
balance: False
selecting samples for epoch 94, ratio 0.1
=====> Saving current model and best model
balance: False
selecting samples for epoch 95, ratio 0.1
=====> Saving current model and best model
balance: False
selecting samples for epoch 96, ratio 0.1
=====> Saving current model and best model
balance: False
selecting samples for epoch 97, ratio 0.1
=====> Saving current model and best model
balance: False
selecting samples for epoch 98, ratio 0.1
=====> Saving current model and best model
balance: False
selecting samples for epoch 99, ratio 0.1
=====> Saving current model and best model
balance: False
selecting samples for epoch 100, ratio 0.1
=====> Saving current model and best model
balance: False
selecting samples for epoch 101, ratio 0.1
=====> Saving current model and best model
balance: False
selecting samples for epoch 102, ratio 0.1
=====> Saving current model and best model
balance: False
selecting samples for epoch 103, ratio 0.1
=====> Saving current model and best model
balance: False
selecting samples for epoch 104, ratio 0.1
=====> Saving current model and best model
balance: False
selecting samples for epoch 105, ratio 0.1
=====> Saving current model and best model
balance: False
selecting samples for epoch 106, ratio 0.1
=====> Epoch: 106/300, Total_step: 19928, lr: 0.001000, Total Time: 8135.9673 s, Time this epoch: 49.1622 s
=====> Epoch: 106/300, Train Loss (train loader labels): 1.6605, Train acc (train loader labels): 0.4578, Best val acc: 0.6714, Current val acc: 0.6248, Val Loss: 1.2689
=====> Saving current model and best model
balance: False
selecting samples for epoch 107, ratio 0.1
=====> Saving current model and best model
balance: False
selecting samples for epoch 108, ratio 0.1
=====> Saving current model and best model
balance: False
selecting samples for epoch 109, ratio 0.1
=====> Saving current model and best model
balance: False
selecting samples for epoch 110, ratio 0.1
=====> Saving current model and best model
balance: False
selecting samples for epoch 111, ratio 0.1
=====> Saving current model and best model
balance: False
selecting samples for epoch 112, ratio 0.1
=====> Saving current model and best model
balance: False
selecting samples for epoch 113, ratio 0.1
=====> Saving current model and best model
balance: False
selecting samples for epoch 114, ratio 0.1
=====> Saving current model and best model
balance: False
selecting samples for epoch 115, ratio 0.1
=====> Saving current model and best model
balance: False
selecting samples for epoch 116, ratio 0.1
=====> Saving current model and best model
balance: False
selecting samples for epoch 117, ratio 0.1
=====> Saving current model and best model
balance: False
selecting samples for epoch 118, ratio 0.1
=====> Saving current model and best model
balance: False
selecting samples for epoch 119, ratio 0.1
=====> Saving current model and best model
balance: False
selecting samples for epoch 120, ratio 0.1
=====> Saving current model and best model
balance: False
selecting samples for epoch 121, ratio 0.1
=====> Epoch: 121/300, Total_step: 22748, lr: 0.001000, Total Time: 8933.4622 s, Time this epoch: 49.6058 s
=====> Epoch: 121/300, Train Loss (train loader labels): 1.5808, Train acc (train loader labels): 0.4778, Best val acc: 0.6714, Current val acc: 0.5605, Val Loss: 1.2734
=====> Saving current model and best model
balance: False
selecting samples for epoch 122, ratio 0.1
=====> Saving current model and best model
balance: False
selecting samples for epoch 123, ratio 0.1
=====> Saving current model and best model
balance: False
selecting samples for epoch 124, ratio 0.1
=====> Saving current model and best model
balance: False
selecting samples for epoch 125, ratio 0.1
=====> Saving current model and best model
balance: False
selecting samples for epoch 126, ratio 0.1
=====> Saving current model and best model
balance: False
selecting samples for epoch 127, ratio 0.1
=====> Saving current model and best model
balance: False
selecting samples for epoch 128, ratio 0.1
=====> Saving current model and best model
balance: False
selecting samples for epoch 129, ratio 0.1
=====> Saving current model and best model
balance: False
selecting samples for epoch 130, ratio 0.1
=====> Saving current model and best model
balance: False
selecting samples for epoch 131, ratio 0.1
=====> Saving current model and best model
balance: False
selecting samples for epoch 132, ratio 0.1
=====> Saving current model and best model
balance: False
selecting samples for epoch 133, ratio 0.1
=====> Saving current model and best model
balance: False
selecting samples for epoch 134, ratio 0.1
=====> Saving current model and best model
balance: False
selecting samples for epoch 135, ratio 0.1
=====> Saving current model and best model
balance: False
selecting samples for epoch 136, ratio 0.1
=====> Epoch: 136/300, Total_step: 25568, lr: 0.001000, Total Time: 9730.6061 s, Time this epoch: 49.2972 s
=====> Epoch: 136/300, Train Loss (train loader labels): 1.5764, Train acc (train loader labels): 0.4829, Best val acc: 0.6714, Current val acc: 0.5812, Val Loss: 1.3280
=====> Saving current model and best model
balance: False
selecting samples for epoch 137, ratio 0.1
=====> Saving current model and best model
balance: False
selecting samples for epoch 138, ratio 0.1
=====> Saving current model and best model
balance: False
selecting samples for epoch 139, ratio 0.1
=====> Saving current model and best model
balance: False
selecting samples for epoch 140, ratio 0.1
=====> Saving current model and best model
balance: False
selecting samples for epoch 141, ratio 0.1
=====> Saving current model and best model
balance: False
selecting samples for epoch 142, ratio 0.1
=====> Saving current model and best model
balance: False
selecting samples for epoch 143, ratio 0.1
=====> Saving current model and best model
balance: False
selecting samples for epoch 144, ratio 0.1
=====> Saving current model and best model
balance: False
selecting samples for epoch 145, ratio 0.1
=====> Saving current model and best model
balance: False
selecting samples for epoch 146, ratio 0.1
=====> Saving current model and best model
balance: False
selecting samples for epoch 147, ratio 0.1
=====> Saving current model and best model
balance: False
selecting samples for epoch 148, ratio 0.1
=====> Saving current model and best model
balance: False
selecting samples for epoch 149, ratio 0.1
=====> Saving current model and best model
balance: False
selecting samples for epoch 150, ratio 0.1
=====> Saving current model and best model
balance: False
selecting samples for epoch 151, ratio 0.1
=====> Epoch: 151/300, Total_step: 28388, lr: 0.001000, Total Time: 10528.8801 s, Time this epoch: 49.4631 s
=====> Epoch: 151/300, Train Loss (train loader labels): 1.5900, Train acc (train loader labels): 0.4847, Best val acc: 0.6714, Current val acc: 0.5939, Val Loss: 1.3221
=====> Saving current model and best model
balance: False
selecting samples for epoch 152, ratio 0.1
=====> Saving current model and best model
balance: False
selecting samples for epoch 153, ratio 0.1
=====> Saving current model and best model
balance: False
selecting samples for epoch 154, ratio 0.1
=====> Saving current model and best model
balance: False
selecting samples for epoch 155, ratio 0.1
=====> Saving current model and best model
balance: False
selecting samples for epoch 156, ratio 0.1
=====> Saving current model and best model
balance: False
selecting samples for epoch 157, ratio 0.1
=====> Saving current model and best model
balance: False
selecting samples for epoch 158, ratio 0.1
=====> Saving current model and best model
balance: False
selecting samples for epoch 159, ratio 0.1
=====> Saving current model and best model
balance: False
selecting samples for epoch 160, ratio 0.1
=====> Saving current model and best model
balance: False
selecting samples for epoch 161, ratio 0.1
=====> Saving current model and best model
balance: False
selecting samples for epoch 162, ratio 0.1
=====> Saving current model and best model
balance: False
selecting samples for epoch 163, ratio 0.1
=====> Saving current model and best model
balance: False
selecting samples for epoch 164, ratio 0.1
=====> Saving current model and best model
balance: False
selecting samples for epoch 165, ratio 0.1
=====> Saving current model and best model
balance: False
selecting samples for epoch 166, ratio 0.1
=====> Epoch: 166/300, Total_step: 31208, lr: 0.001000, Total Time: 11327.1027 s, Time this epoch: 49.2939 s
=====> Epoch: 166/300, Train Loss (train loader labels): 1.5661, Train acc (train loader labels): 0.4930, Best val acc: 0.6714, Current val acc: 0.6380, Val Loss: 1.2756
=====> Saving current model and best model
balance: False
selecting samples for epoch 167, ratio 0.1
=====> Saving current model and best model
balance: False
selecting samples for epoch 168, ratio 0.1
=====> Saving current model and best model
balance: False
selecting samples for epoch 169, ratio 0.1
=====> Saving current model and best model
balance: False
selecting samples for epoch 170, ratio 0.1
=====> Saving current model and best model
balance: False
selecting samples for epoch 171, ratio 0.1
=====> Saving current model and best model
balance: False
selecting samples for epoch 172, ratio 0.1
=====> Saving current model and best model
balance: False
selecting samples for epoch 173, ratio 0.1
=====> Saving current model and best model
balance: False
selecting samples for epoch 174, ratio 0.1
=====> Saving current model and best model
balance: False
selecting samples for epoch 175, ratio 0.1
=====> Saving current model and best model
balance: False
selecting samples for epoch 176, ratio 0.1
=====> Saving current model and best model
balance: False
selecting samples for epoch 177, ratio 0.1
=====> Saving current model and best model
balance: False
selecting samples for epoch 178, ratio 0.1
=====> Saving current model and best model
balance: False
selecting samples for epoch 179, ratio 0.1
=====> Saving current model and best model
balance: False
selecting samples for epoch 180, ratio 0.1
=====> Saving current model and best model
balance: False
selecting samples for epoch 181, ratio 0.1
=====> Epoch: 181/300, Total_step: 34028, lr: 0.001000, Total Time: 12123.9495 s, Time this epoch: 49.3529 s
=====> Epoch: 181/300, Train Loss (train loader labels): 15.6969, Train acc (train loader labels): 0.3191, Best val acc: 0.6714, Current val acc: 0.3863, Val Loss: 9.9158
=====> Saving current model and best model
balance: False
selecting samples for epoch 182, ratio 0.1
=====> Saving current model and best model
balance: False
selecting samples for epoch 183, ratio 0.1
=====> Saving current model and best model
balance: False
selecting samples for epoch 184, ratio 0.1
=====> Saving current model and best model
balance: False
selecting samples for epoch 185, ratio 0.1
=====> Saving current model and best model
balance: False
selecting samples for epoch 186, ratio 0.1
=====> Saving current model and best model
balance: False
selecting samples for epoch 187, ratio 0.1
=====> Saving current model and best model
balance: False
selecting samples for epoch 188, ratio 0.1
=====> Saving current model and best model
balance: False
selecting samples for epoch 189, ratio 0.1
=====> Saving current model and best model
balance: False
selecting samples for epoch 190, ratio 0.1
=====> Saving current model and best model
balance: False
selecting samples for epoch 191, ratio 0.1
=====> Saving current model and best model
balance: False
selecting samples for epoch 192, ratio 0.1
=====> Saving current model and best model
balance: False
selecting samples for epoch 193, ratio 0.1
=====> Saving current model and best model
balance: False
selecting samples for epoch 194, ratio 0.1
=====> Saving current model and best model
balance: False
selecting samples for epoch 195, ratio 0.1
=====> Saving current model and best model
balance: False
selecting samples for epoch 196, ratio 0.1
=====> Epoch: 196/300, Total_step: 36848, lr: 0.001000, Total Time: 12922.4503 s, Time this epoch: 49.2454 s
=====> Epoch: 196/300, Train Loss (train loader labels): 1.5352, Train acc (train loader labels): 0.5063, Best val acc: 0.6714, Current val acc: 0.6506, Val Loss: 1.2114
=====> Saving current model and best model
balance: False
selecting samples for epoch 197, ratio 0.1
=====> Saving current model and best model
balance: False
selecting samples for epoch 198, ratio 0.1
=====> Saving current model and best model
balance: False
selecting samples for epoch 199, ratio 0.1
=====> Saving current model and best model
balance: False
selecting samples for epoch 200, ratio 0.1
=====> Saving current model and best model
balance: False
selecting samples for epoch 201, ratio 0.1
=====> Saving current model and best model
balance: False
selecting samples for epoch 202, ratio 0.1
=====> Saving current model and best model
balance: False
selecting samples for epoch 203, ratio 0.1
=====> Saving current model and best model
balance: False
selecting samples for epoch 204, ratio 0.1
=====> Saving current model and best model
balance: False
selecting samples for epoch 205, ratio 0.1
=====> Saving current model and best model
balance: False
selecting samples for epoch 206, ratio 0.1
=====> Saving current model and best model
balance: False
selecting samples for epoch 207, ratio 0.1
=====> Saving current model and best model
balance: False
selecting samples for epoch 208, ratio 0.1
=====> Saving current model and best model
balance: False
selecting samples for epoch 209, ratio 0.1
=====> Saving current model and best model
balance: False
selecting samples for epoch 210, ratio 0.1
=====> Saving current model and best model
balance: False
selecting samples for epoch 211, ratio 0.1
=====> Epoch: 211/300, Total_step: 39668, lr: 0.001000, Total Time: 13722.5431 s, Time this epoch: 49.6839 s
=====> Epoch: 211/300, Train Loss (train loader labels): 1.5360, Train acc (train loader labels): 0.5098, Best val acc: 0.6714, Current val acc: 0.6684, Val Loss: 1.2143
=====> Saving current model and best model
balance: False
selecting samples for epoch 212, ratio 0.1
=====> Saving current model and best model
balance: False
selecting samples for epoch 213, ratio 0.1
=====> Saving current model and best model
balance: False
selecting samples for epoch 214, ratio 0.1
=====> Saving current model and best model
balance: False
selecting samples for epoch 215, ratio 0.1
=====> Saving current model and best model
balance: False
selecting samples for epoch 216, ratio 0.1
=====> Saving current model and best model
balance: False
selecting samples for epoch 217, ratio 0.1
=====> Saving current model and best model
balance: False
selecting samples for epoch 218, ratio 0.1
=====> Saving current model and best model
balance: False
selecting samples for epoch 219, ratio 0.1
=====> Saving current model and best model
balance: False
selecting samples for epoch 220, ratio 0.1
=====> Saving current model and best model
balance: False
selecting samples for epoch 221, ratio 0.1
=====> Saving current model and best model
balance: False
selecting samples for epoch 222, ratio 0.1
=====> Saving current model and best model
balance: False
selecting samples for epoch 223, ratio 0.1
=====> Saving current model and best model
balance: False
selecting samples for epoch 224, ratio 0.1
=====> Saving current model and best model
balance: False
selecting samples for epoch 225, ratio 0.1
=====> Saving current model and best model
balance: False
selecting samples for epoch 226, ratio 0.1
=====> Epoch: 226/300, Total_step: 42488, lr: 0.001000, Total Time: 14522.3020 s, Time this epoch: 49.8211 s
=====> Epoch: 226/300, Train Loss (train loader labels): 1.5499, Train acc (train loader labels): 0.5046, Best val acc: 0.6714, Current val acc: 0.5963, Val Loss: 1.3002
=====> Saving current model and best model
balance: False
selecting samples for epoch 227, ratio 0.1
=====> Saving current model and best model
balance: False
selecting samples for epoch 228, ratio 0.1
=====> Saving current model and best model
balance: False
selecting samples for epoch 229, ratio 0.1
=====> Saving current model and best model
balance: False
selecting samples for epoch 230, ratio 0.1
=====> Saving current model and best model
balance: False
selecting samples for epoch 231, ratio 0.1
=====> Saving current model and best model
balance: False
selecting samples for epoch 232, ratio 0.1
=====> Saving current model and best model
balance: False
selecting samples for epoch 233, ratio 0.1
=====> Saving current model and best model
balance: False
selecting samples for epoch 234, ratio 0.1
=====> Saving current model and best model
balance: False
selecting samples for epoch 235, ratio 0.1
=====> Saving current model and best model
balance: False
selecting samples for epoch 236, ratio 0.1
=====> Saving current model and best model
balance: False
selecting samples for epoch 237, ratio 0.1
=====> Saving current model and best model
balance: False
selecting samples for epoch 238, ratio 0.1
=====> Saving current model and best model
balance: False
selecting samples for epoch 239, ratio 0.1
=====> Saving current model and best model
balance: False
selecting samples for epoch 240, ratio 0.1
=====> Saving current model and best model
balance: False
selecting samples for epoch 241, ratio 0.1
=====> Epoch: 241/300, Total_step: 45308, lr: 0.001000, Total Time: 15321.9306 s, Time this epoch: 49.3702 s
=====> Epoch: 241/300, Train Loss (train loader labels): 1.5409, Train acc (train loader labels): 0.5080, Best val acc: 0.6714, Current val acc: 0.6496, Val Loss: 1.2292
=====> Saving current model and best model
balance: False
selecting samples for epoch 242, ratio 0.1
=====> Saving current model and best model
balance: False
selecting samples for epoch 243, ratio 0.1
=====> Saving current model and best model
balance: False
selecting samples for epoch 244, ratio 0.1
=====> Saving current model and best model
balance: False
selecting samples for epoch 245, ratio 0.1
=====> Saving current model and best model
balance: False
selecting samples for epoch 246, ratio 0.1
=====> Saving current model and best model
balance: False
selecting samples for epoch 247, ratio 0.1
=====> Saving current model and best model
balance: False
selecting samples for epoch 248, ratio 0.1
=====> Saving current model and best model
balance: False
selecting samples for epoch 249, ratio 0.1
=====> Saving current model and best model
balance: False
selecting samples for epoch 250, ratio 0.1
=====> Saving current model and best model
balance: False
selecting samples for epoch 251, ratio 0.1
=====> Saving current model and best model
balance: False
selecting samples for epoch 252, ratio 0.1
=====> Saving current model and best model
balance: False
selecting samples for epoch 253, ratio 0.1
=====> Saving current model and best model
balance: False
selecting samples for epoch 254, ratio 0.1
=====> Saving current model and best model
balance: False
selecting samples for epoch 255, ratio 0.1
=====> Saving current model and best model
balance: False
selecting samples for epoch 256, ratio 0.1
=====> Epoch: 256/300, Total_step: 48128, lr: 0.001000, Total Time: 16120.4203 s, Time this epoch: 49.6614 s
=====> Epoch: 256/300, Train Loss (train loader labels): 1.5758, Train acc (train loader labels): 0.4935, Best val acc: 0.6714, Current val acc: 0.6392, Val Loss: 1.2745
=====> Saving current model and best model
balance: False
selecting samples for epoch 257, ratio 0.1
=====> Saving current model and best model
balance: False
selecting samples for epoch 258, ratio 0.1
=====> Saving current model and best model
balance: False
selecting samples for epoch 259, ratio 0.1
=====> Saving current model and best model
balance: False
selecting samples for epoch 260, ratio 0.1
=====> Saving current model and best model
balance: False
selecting samples for epoch 261, ratio 0.1
=====> Saving current model and best model
balance: False
selecting samples for epoch 262, ratio 0.1
=====> Saving current model and best model
balance: False
selecting samples for epoch 263, ratio 0.1
=====> Saving current model and best model
balance: False
selecting samples for epoch 264, ratio 0.1
=====> Saving current model and best model
balance: False
selecting samples for epoch 265, ratio 0.1
=====> Saving current model and best model
balance: False
selecting samples for epoch 266, ratio 0.1
=====> Saving current model and best model
balance: False
selecting samples for epoch 267, ratio 0.1
=====> Saving current model and best model
balance: False
selecting samples for epoch 268, ratio 0.1
=====> Saving current model and best model
balance: False
selecting samples for epoch 269, ratio 0.1
=====> Saving current model and best model
balance: False
selecting samples for epoch 270, ratio 0.1
=====> Saving current model and best model
balance: False
selecting samples for epoch 271, ratio 0.1
=====> Epoch: 271/300, Total_step: 50948, lr: 0.001000, Total Time: 16918.5956 s, Time this epoch: 49.6033 s
=====> Epoch: 271/300, Train Loss (train loader labels): 1.5629, Train acc (train loader labels): 0.4935, Best val acc: 0.6714, Current val acc: 0.5897, Val Loss: 1.3005
=====> Saving current model and best model
balance: False
selecting samples for epoch 272, ratio 0.1
=====> Saving current model and best model
balance: False
selecting samples for epoch 273, ratio 0.1
=====> Saving current model and best model
balance: False
selecting samples for epoch 274, ratio 0.1
=====> Saving current model and best model
balance: False
selecting samples for epoch 275, ratio 0.1
=====> Saving current model and best model
balance: False
selecting samples for epoch 276, ratio 0.1
=====> Saving current model and best model
balance: False
selecting samples for epoch 277, ratio 0.1
=====> Saving current model and best model
balance: False
selecting samples for epoch 278, ratio 0.1
=====> Saving current model and best model
balance: False
selecting samples for epoch 279, ratio 0.1
=====> Saving current model and best model
balance: False
selecting samples for epoch 280, ratio 0.1
=====> Saving current model and best model
balance: False
selecting samples for epoch 281, ratio 0.1
=====> Saving current model and best model
balance: False
selecting samples for epoch 282, ratio 0.1
=====> Saving current model and best model
balance: False
selecting samples for epoch 283, ratio 0.1
=====> Saving current model and best model
balance: False
selecting samples for epoch 284, ratio 0.1
=====> Saving current model and best model
balance: False
selecting samples for epoch 285, ratio 0.1
=====> Saving current model and best model
balance: False
selecting samples for epoch 286, ratio 0.1
=====> Epoch: 286/300, Total_step: 53768, lr: 0.001000, Total Time: 17717.3608 s, Time this epoch: 49.8645 s
=====> Epoch: 286/300, Train Loss (train loader labels): 1.5656, Train acc (train loader labels): 0.4877, Best val acc: 0.6714, Current val acc: 0.5775, Val Loss: 1.2813
=====> Saving current model and best model
balance: False
selecting samples for epoch 287, ratio 0.1
=====> Saving current model and best model
balance: False
selecting samples for epoch 288, ratio 0.1
=====> Saving current model and best model
balance: False
selecting samples for epoch 289, ratio 0.1
=====> Saving current model and best model
balance: False
selecting samples for epoch 290, ratio 0.1
=====> Saving current model and best model
balance: False
selecting samples for epoch 291, ratio 0.1
=====> Saving current model and best model
balance: False
selecting samples for epoch 292, ratio 0.1
=====> Saving current model and best model
balance: False
selecting samples for epoch 293, ratio 0.1
=====> Saving current model and best model
balance: False
selecting samples for epoch 294, ratio 0.1
=====> Saving current model and best model
balance: False
selecting samples for epoch 295, ratio 0.1
=====> Saving current model and best model
balance: False
selecting samples for epoch 296, ratio 0.1
=====> Saving current model and best model
balance: False
selecting samples for epoch 297, ratio 0.1
=====> Saving current model and best model
balance: False
selecting samples for epoch 298, ratio 0.1
=====> Saving current model and best model
balance: False
selecting samples for epoch 299, ratio 0.1
=====> Saving current model and best model
balance: False
selecting samples for epoch 300, ratio 0.1
=====> Epoch: 300/300, Total_step: 56400, lr: 0.001000, Total Time: 18466.5624 s, Time this epoch: 49.3710 s
=====> Epoch: 300/300, Train Loss (train loader labels): 1.5419, Train acc (train loader labels): 0.5160, Best val acc: 0.6794, Current val acc: 0.6794, Val Loss: 1.2259
=====> Saving current model and best model
Saved helper snapshots to /home/mward19/Documents/miller/Online-Batch-Selection/snapshots/MNIST/{"bsel":"DivBS","seed":2,"model":"DeepLinear","opt":"adamw","bs":320,"ratio":0.1,"lr":0.001,"wd":0.01,"layers":5,"hidden_dim":1000}.p
Saved selected points array to /home/mward19/Documents/miller/Online-Batch-Selection/selected_points/MNIST/{"bsel":"DivBS","seed":2,"model":"DeepLinear","opt":"adamw","bs":320,"ratio":0.1,"lr":0.001,"wd":0.01,"layers":5,"hidden_dim":1000}.npy
========================= End Main =========================
