save_dir: ./exp/MNIST/Uniform_deeplinear_bs320_ep300_lr0.001_AdamW_constant_seed2_r0.1_100_hidden
=====> Loading config files: 
configs/mnist/method/uniform-0.1.yaml
configs/mnist/data/mnist.yaml
configs/mnist/model/deep_linear_saxe/deep_linear_100.yaml
configs/mnist/optim/adamw-320-0.001-0.01.yaml
configs/diagnostics/snapshots_log_interval.yaml
=====> Config files loaded.
========================= Start Main =========================
=====> Saving config file
=====> Config file saved
=====> Using fixed random seed: 2
=====> Wandb initialized
=====> Number of GPUs: 1
Creating Uniform...
Begin training for Uniform...
=====> Epoch: 0/300, Total_step: 0, lr: 0.001000, Total Time: 0.0000 s, Time this epoch: 0.0000 s
=====> Epoch: 0/300, Train Loss (train loader labels): 2.3037, Train acc (train loader labels): 0.0992, Best val acc: 0.1009, Current val acc: 0.1009, Val Loss: 2.3036
selecting samples for epoch 1
balance: False
ratio: 0.1
=====> Epoch: 1/300, Total_step: 1, lr: 0.001000, Total Time: 0.0000 s, Time this epoch: 0.0000 s
=====> Epoch: 1/300, Train Loss (train loader labels): 2.3204, Train acc (train loader labels): 0.0986, Best val acc: 0.1009, Current val acc: 0.0958, Val Loss: 2.3206
=====> Epoch: 1/300, Total_step: 48, lr: 0.001000, Total Time: 0.0000 s, Time this epoch: 0.0000 s
=====> Epoch: 1/300, Train Loss (train loader labels): 225022548895613321216.0000, Train acc (train loader labels): 0.1104, Best val acc: 0.1226, Current val acc: 0.1226, Val Loss: 168197025998940667904.0000
=====> Epoch: 1/300, Total_step: 95, lr: 0.001000, Total Time: 0.0000 s, Time this epoch: 0.0000 s
=====> Epoch: 1/300, Train Loss (train loader labels): 645978405761712128.0000, Train acc (train loader labels): 0.1008, Best val acc: 0.1226, Current val acc: 0.1009, Val Loss: 721926552975048704.0000
=====> Epoch: 1/300, Total_step: 142, lr: 0.001000, Total Time: 0.0000 s, Time this epoch: 0.0000 s
=====> Epoch: 1/300, Train Loss (train loader labels): 111734355889487872.0000, Train acc (train loader labels): 0.1356, Best val acc: 0.1741, Current val acc: 0.1741, Val Loss: 62818191671296000.0000
=====> Saving current model and best model
selecting samples for epoch 2
balance: False
ratio: 0.1
=====> Epoch: 2/300, Total_step: 189, lr: 0.001000, Total Time: 322.4949 s, Time this epoch: 267.7935 s
=====> Epoch: 2/300, Train Loss (train loader labels): 46544311478648832.0000, Train acc (train loader labels): 0.1353, Best val acc: 0.1741, Current val acc: 0.1166, Val Loss: 40549649529962496.0000
=====> Epoch: 2/300, Total_step: 236, lr: 0.001000, Total Time: 322.4949 s, Time this epoch: 267.7935 s
=====> Epoch: 2/300, Train Loss (train loader labels): 19826112351698944.0000, Train acc (train loader labels): 0.0938, Best val acc: 0.1741, Current val acc: 0.0982, Val Loss: 10189332094648320.0000
=====> Epoch: 2/300, Total_step: 283, lr: 0.001000, Total Time: 322.4949 s, Time this epoch: 267.7935 s
=====> Epoch: 2/300, Train Loss (train loader labels): 10310143082233856.0000, Train acc (train loader labels): 0.1171, Best val acc: 0.1741, Current val acc: 0.1238, Val Loss: 5791775746686976.0000
=====> Epoch: 2/300, Total_step: 330, lr: 0.001000, Total Time: 322.4949 s, Time this epoch: 267.7935 s
=====> Epoch: 2/300, Train Loss (train loader labels): 7591173233311744.0000, Train acc (train loader labels): 0.0859, Best val acc: 0.1741, Current val acc: 0.0743, Val Loss: 4991639445569536.0000
=====> Saving current model and best model
selecting samples for epoch 3
balance: False
ratio: 0.1
=====> Epoch: 3/300, Total_step: 377, lr: 0.001000, Total Time: 595.5275 s, Time this epoch: 269.1906 s
=====> Epoch: 3/300, Train Loss (train loader labels): 6255856626696192.0000, Train acc (train loader labels): 0.0824, Best val acc: 0.1741, Current val acc: 0.0836, Val Loss: 5107004951494656.0000
=====> Epoch: 3/300, Total_step: 424, lr: 0.001000, Total Time: 595.5275 s, Time this epoch: 269.1906 s
=====> Epoch: 3/300, Train Loss (train loader labels): 6077874255691776.0000, Train acc (train loader labels): 0.1004, Best val acc: 0.1741, Current val acc: 0.1002, Val Loss: 5743781634637824.0000
=====> Epoch: 3/300, Total_step: 471, lr: 0.001000, Total Time: 595.5275 s, Time this epoch: 269.1906 s
=====> Epoch: 3/300, Train Loss (train loader labels): 6201831843692544.0000, Train acc (train loader labels): 0.0988, Best val acc: 0.1741, Current val acc: 0.0929, Val Loss: 5275965743693824.0000
=====> Epoch: 3/300, Total_step: 518, lr: 0.001000, Total Time: 595.5275 s, Time this epoch: 269.1906 s
=====> Epoch: 3/300, Train Loss (train loader labels): 10577077447163904.0000, Train acc (train loader labels): 0.0864, Best val acc: 0.1741, Current val acc: 0.0980, Val Loss: 10435320977817600.0000
=====> Saving current model and best model
selecting samples for epoch 4
balance: False
ratio: 0.1
=====> Epoch: 4/300, Total_step: 565, lr: 0.001000, Total Time: 868.7044 s, Time this epoch: 269.3872 s
=====> Epoch: 4/300, Train Loss (train loader labels): 3342648760860672.0000, Train acc (train loader labels): 0.1058, Best val acc: 0.1741, Current val acc: 0.1048, Val Loss: 1725549818937344.0000
=====> Epoch: 4/300, Total_step: 612, lr: 0.001000, Total Time: 868.7044 s, Time this epoch: 269.3872 s
=====> Epoch: 4/300, Train Loss (train loader labels): 5103590452494336.0000, Train acc (train loader labels): 0.0950, Best val acc: 0.1741, Current val acc: 0.0893, Val Loss: 4370097816731648.0000
=====> Epoch: 4/300, Total_step: 659, lr: 0.001000, Total Time: 868.7044 s, Time this epoch: 269.3872 s
=====> Epoch: 4/300, Train Loss (train loader labels): 2872325682757632.0000, Train acc (train loader labels): 0.1010, Best val acc: 0.1741, Current val acc: 0.1028, Val Loss: 2152731561164800.0000
=====> Epoch: 4/300, Total_step: 706, lr: 0.001000, Total Time: 868.7044 s, Time this epoch: 269.3872 s
=====> Epoch: 4/300, Train Loss (train loader labels): 9283377463033856.0000, Train acc (train loader labels): 0.0878, Best val acc: 0.1741, Current val acc: 0.0980, Val Loss: 9020975362342912.0000
=====> Saving current model and best model
selecting samples for epoch 5
balance: False
ratio: 0.1
=====> Epoch: 5/300, Total_step: 753, lr: 0.001000, Total Time: 1140.2529 s, Time this epoch: 268.4461 s
=====> Epoch: 5/300, Train Loss (train loader labels): 3706302299635712.0000, Train acc (train loader labels): 0.0900, Best val acc: 0.1741, Current val acc: 0.0827, Val Loss: 2509290082402304.0000
=====> Epoch: 5/300, Total_step: 800, lr: 0.001000, Total Time: 1140.2529 s, Time this epoch: 268.4461 s
=====> Epoch: 5/300, Train Loss (train loader labels): 1875161917685760.0000, Train acc (train loader labels): 0.1075, Best val acc: 0.1741, Current val acc: 0.1070, Val Loss: 1107210759307264.0000
=====> Epoch: 5/300, Total_step: 847, lr: 0.001000, Total Time: 1140.2529 s, Time this epoch: 268.4461 s
=====> Epoch: 5/300, Train Loss (train loader labels): 6613281657585664.0000, Train acc (train loader labels): 0.0948, Best val acc: 0.1741, Current val acc: 0.0894, Val Loss: 6757207622287360.0000
=====> Epoch: 5/300, Total_step: 894, lr: 0.001000, Total Time: 1140.2529 s, Time this epoch: 268.4461 s
=====> Epoch: 5/300, Train Loss (train loader labels): 2931755682103296.0000, Train acc (train loader labels): 0.1001, Best val acc: 0.1741, Current val acc: 0.0989, Val Loss: 2897002148921344.0000
=====> Saving current model and best model
selecting samples for epoch 6
balance: False
ratio: 0.1
=====> Epoch: 6/300, Total_step: 1128, lr: 0.001000, Total Time: 1412.3412 s, Time this epoch: 269.0096 s
=====> Epoch: 6/300, Train Loss (train loader labels): 2244320933445632.0000, Train acc (train loader labels): 0.1031, Best val acc: 0.1741, Current val acc: 0.0999, Val Loss: 2331669025521664.0000
=====> Saving current model and best model
selecting samples for epoch 7
balance: False
ratio: 0.1
=====> Epoch: 7/300, Total_step: 1316, lr: 0.001000, Total Time: 1521.4121 s, Time this epoch: 105.7889 s
=====> Epoch: 7/300, Train Loss (train loader labels): 1484589000294400.0000, Train acc (train loader labels): 0.0998, Best val acc: 0.1741, Current val acc: 0.0949, Val Loss: 1359944754397184.0000
=====> Saving current model and best model
selecting samples for epoch 8
balance: False
ratio: 0.1
=====> Epoch: 8/300, Total_step: 1504, lr: 0.001000, Total Time: 1629.4368 s, Time this epoch: 104.9996 s
=====> Epoch: 8/300, Train Loss (train loader labels): 673404030025728.0000, Train acc (train loader labels): 0.1165, Best val acc: 0.1741, Current val acc: 0.1590, Val Loss: 570848129843200.0000
=====> Saving current model and best model
selecting samples for epoch 9
balance: False
ratio: 0.1
=====> Epoch: 9/300, Total_step: 1692, lr: 0.001000, Total Time: 1738.5889 s, Time this epoch: 105.5419 s
=====> Epoch: 9/300, Train Loss (train loader labels): 529473904574464.0000, Train acc (train loader labels): 0.0983, Best val acc: 0.1741, Current val acc: 0.1063, Val Loss: 423756338036736.0000
=====> Saving current model and best model
selecting samples for epoch 10
balance: False
ratio: 0.1
=====> Epoch: 10/300, Total_step: 1880, lr: 0.001000, Total Time: 1847.2540 s, Time this epoch: 105.6344 s
=====> Epoch: 10/300, Train Loss (train loader labels): 404824961056768.0000, Train acc (train loader labels): 0.1039, Best val acc: 0.1741, Current val acc: 0.1016, Val Loss: 306772233420800.0000
=====> Saving current model and best model
selecting samples for epoch 11
balance: False
ratio: 0.1
=====> Epoch: 11/300, Total_step: 2068, lr: 0.001000, Total Time: 1955.8962 s, Time this epoch: 105.2806 s
=====> Epoch: 11/300, Train Loss (train loader labels): 947967800377344.0000, Train acc (train loader labels): 0.1002, Best val acc: 0.1741, Current val acc: 0.0893, Val Loss: 962448685268992.0000
=====> Saving current model and best model
selecting samples for epoch 12
balance: False
ratio: 0.1
=====> Epoch: 12/300, Total_step: 2256, lr: 0.001000, Total Time: 2064.7417 s, Time this epoch: 105.5284 s
=====> Epoch: 12/300, Train Loss (train loader labels): 233625652035584.0000, Train acc (train loader labels): 0.0956, Best val acc: 0.1741, Current val acc: 0.1016, Val Loss: 204042152181760.0000
=====> Saving current model and best model
selecting samples for epoch 13
balance: False
ratio: 0.1
=====> Epoch: 13/300, Total_step: 2444, lr: 0.001000, Total Time: 2172.7849 s, Time this epoch: 105.0393 s
=====> Epoch: 13/300, Train Loss (train loader labels): 271706610466816.0000, Train acc (train loader labels): 0.1043, Best val acc: 0.1741, Current val acc: 0.0773, Val Loss: 272649859104768.0000
=====> Saving current model and best model
selecting samples for epoch 14
balance: False
ratio: 0.1
=====> Epoch: 14/300, Total_step: 2632, lr: 0.001000, Total Time: 2281.5122 s, Time this epoch: 105.6021 s
=====> Epoch: 14/300, Train Loss (train loader labels): 177373324509184.0000, Train acc (train loader labels): 0.0968, Best val acc: 0.1741, Current val acc: 0.1041, Val Loss: 173383970979840.0000
=====> Saving current model and best model
selecting samples for epoch 15
balance: False
ratio: 0.1
=====> Epoch: 15/300, Total_step: 2820, lr: 0.001000, Total Time: 2390.4409 s, Time this epoch: 105.8394 s
=====> Epoch: 15/300, Train Loss (train loader labels): 122895086911488.0000, Train acc (train loader labels): 0.1033, Best val acc: 0.1741, Current val acc: 0.1145, Val Loss: 59580692299776.0000
=====> Saving current model and best model
selecting samples for epoch 16
balance: False
ratio: 0.1
=====> Epoch: 16/300, Total_step: 3008, lr: 0.001000, Total Time: 2500.1784 s, Time this epoch: 105.8744 s
=====> Epoch: 16/300, Train Loss (train loader labels): 80887119085568.0000, Train acc (train loader labels): 0.1047, Best val acc: 0.1741, Current val acc: 0.1102, Val Loss: 34597144363008.0000
=====> Saving current model and best model
selecting samples for epoch 17
balance: False
ratio: 0.1
=====> Epoch: 17/300, Total_step: 3196, lr: 0.001000, Total Time: 2609.0553 s, Time this epoch: 105.8480 s
=====> Epoch: 17/300, Train Loss (train loader labels): 59215024488448.0000, Train acc (train loader labels): 0.1108, Best val acc: 0.1741, Current val acc: 0.1565, Val Loss: 35498483515392.0000
=====> Saving current model and best model
selecting samples for epoch 18
balance: False
ratio: 0.1
=====> Epoch: 18/300, Total_step: 3384, lr: 0.001000, Total Time: 2718.2168 s, Time this epoch: 106.0816 s
=====> Epoch: 18/300, Train Loss (train loader labels): 61474978398208.0000, Train acc (train loader labels): 0.1189, Best val acc: 0.1741, Current val acc: 0.1590, Val Loss: 54943545294848.0000
=====> Saving current model and best model
selecting samples for epoch 19
balance: False
ratio: 0.1
=====> Epoch: 19/300, Total_step: 3572, lr: 0.001000, Total Time: 2826.0400 s, Time this epoch: 104.7130 s
=====> Epoch: 19/300, Train Loss (train loader labels): 88513252950016.0000, Train acc (train loader labels): 0.0981, Best val acc: 0.1741, Current val acc: 0.1042, Val Loss: 91616215826432.0000
=====> Saving current model and best model
selecting samples for epoch 20
balance: False
ratio: 0.1
=====> Epoch: 20/300, Total_step: 3760, lr: 0.001000, Total Time: 2934.5796 s, Time this epoch: 105.0863 s
=====> Epoch: 20/300, Train Loss (train loader labels): 57137547968512.0000, Train acc (train loader labels): 0.1027, Best val acc: 0.1741, Current val acc: 0.0798, Val Loss: 55943349927936.0000
=====> Saving current model and best model
selecting samples for epoch 21
balance: False
ratio: 0.1
=====> Epoch: 21/300, Total_step: 3948, lr: 0.001000, Total Time: 3043.0496 s, Time this epoch: 105.3113 s
=====> Epoch: 21/300, Train Loss (train loader labels): 28178202492928.0000, Train acc (train loader labels): 0.1120, Best val acc: 0.1741, Current val acc: 0.1510, Val Loss: 21848404262912.0000
=====> Saving current model and best model
selecting samples for epoch 22
balance: False
ratio: 0.1
=====> Epoch: 22/300, Total_step: 4136, lr: 0.001000, Total Time: 3151.4543 s, Time this epoch: 105.3144 s
=====> Epoch: 22/300, Train Loss (train loader labels): 20826757791744.0000, Train acc (train loader labels): 0.1082, Best val acc: 0.1741, Current val acc: 0.1251, Val Loss: 11323198930944.0000
=====> Saving current model and best model
selecting samples for epoch 23
balance: False
ratio: 0.1
=====> Epoch: 23/300, Total_step: 4324, lr: 0.001000, Total Time: 3259.7836 s, Time this epoch: 105.1625 s
=====> Epoch: 23/300, Train Loss (train loader labels): 17220905205760.0000, Train acc (train loader labels): 0.1086, Best val acc: 0.1741, Current val acc: 0.1279, Val Loss: 7400652275712.0000
=====> Saving current model and best model
selecting samples for epoch 24
balance: False
ratio: 0.1
=====> Epoch: 24/300, Total_step: 4512, lr: 0.001000, Total Time: 3368.0057 s, Time this epoch: 105.0313 s
=====> Epoch: 24/300, Train Loss (train loader labels): 22839008690176.0000, Train acc (train loader labels): 0.1067, Best val acc: 0.1741, Current val acc: 0.0982, Val Loss: 19320342052864.0000
=====> Saving current model and best model
selecting samples for epoch 25
balance: False
ratio: 0.1
=====> Epoch: 25/300, Total_step: 4700, lr: 0.001000, Total Time: 3477.0121 s, Time this epoch: 105.4160 s
=====> Epoch: 25/300, Train Loss (train loader labels): 12621694631936.0000, Train acc (train loader labels): 0.1043, Best val acc: 0.1741, Current val acc: 0.1262, Val Loss: 10206261018624.0000
=====> Saving current model and best model
selecting samples for epoch 26
balance: False
ratio: 0.1
=====> Epoch: 26/300, Total_step: 4888, lr: 0.001000, Total Time: 3586.2651 s, Time this epoch: 105.5965 s
=====> Epoch: 26/300, Train Loss (train loader labels): 10005300379648.0000, Train acc (train loader labels): 0.1007, Best val acc: 0.1741, Current val acc: 0.1238, Val Loss: 7044296343552.0000
=====> Saving current model and best model
selecting samples for epoch 27
balance: False
ratio: 0.1
=====> Saving current model and best model
selecting samples for epoch 28
balance: False
ratio: 0.1
=====> Saving current model and best model
selecting samples for epoch 29
balance: False
ratio: 0.1
=====> Epoch: 29/300, Total_step: 5452, lr: 0.001000, Total Time: 3801.7883 s, Time this epoch: 50.0358 s
=====> Epoch: 29/300, Train Loss (train loader labels): 4897577107456.0000, Train acc (train loader labels): 0.1101, Best val acc: 0.1741, Current val acc: 0.1603, Val Loss: 3188736393216.0000
=====> Saving current model and best model
selecting samples for epoch 30
balance: False
ratio: 0.1
=====> Saving current model and best model
selecting samples for epoch 31
balance: False
ratio: 0.1
=====> Saving current model and best model
selecting samples for epoch 32
balance: False
ratio: 0.1
=====> Saving current model and best model
selecting samples for epoch 33
balance: False
ratio: 0.1
=====> Epoch: 33/300, Total_step: 6204, lr: 0.001000, Total Time: 4070.9910 s, Time this epoch: 50.7181 s
=====> Epoch: 33/300, Train Loss (train loader labels): 2179346071552.0000, Train acc (train loader labels): 0.1087, Best val acc: 0.1741, Current val acc: 0.1524, Val Loss: 1257359409152.0000
=====> Saving current model and best model
selecting samples for epoch 34
balance: False
ratio: 0.1
=====> Saving current model and best model
selecting samples for epoch 35
balance: False
ratio: 0.1
=====> Saving current model and best model
selecting samples for epoch 36
balance: False
ratio: 0.1
=====> Saving current model and best model
selecting samples for epoch 37
balance: False
ratio: 0.1
=====> Epoch: 37/300, Total_step: 6956, lr: 0.001000, Total Time: 4339.0189 s, Time this epoch: 50.0961 s
=====> Epoch: 37/300, Train Loss (train loader labels): 1172795949056.0000, Train acc (train loader labels): 0.1030, Best val acc: 0.1741, Current val acc: 0.1216, Val Loss: 1012810973184.0000
=====> Saving current model and best model
selecting samples for epoch 38
balance: False
ratio: 0.1
=====> Saving current model and best model
selecting samples for epoch 39
balance: False
ratio: 0.1
=====> Saving current model and best model
selecting samples for epoch 40
balance: False
ratio: 0.1
=====> Saving current model and best model
selecting samples for epoch 41
balance: False
ratio: 0.1
=====> Epoch: 41/300, Total_step: 7708, lr: 0.001000, Total Time: 4608.3082 s, Time this epoch: 50.1936 s
=====> Epoch: 41/300, Train Loss (train loader labels): 476000190464.0000, Train acc (train loader labels): 0.1116, Best val acc: 0.1741, Current val acc: 0.1610, Val Loss: 338234114048.0000
=====> Saving current model and best model
selecting samples for epoch 42
balance: False
ratio: 0.1
=====> Saving current model and best model
selecting samples for epoch 43
balance: False
ratio: 0.1
=====> Saving current model and best model
selecting samples for epoch 44
balance: False
ratio: 0.1
=====> Saving current model and best model
selecting samples for epoch 45
balance: False
ratio: 0.1
=====> Epoch: 45/300, Total_step: 8460, lr: 0.001000, Total Time: 4877.7492 s, Time this epoch: 50.2265 s
=====> Epoch: 45/300, Train Loss (train loader labels): 207250538496.0000, Train acc (train loader labels): 0.1096, Best val acc: 0.1741, Current val acc: 0.1444, Val Loss: 101381840896.0000
=====> Saving current model and best model
selecting samples for epoch 46
balance: False
ratio: 0.1
=====> Saving current model and best model
selecting samples for epoch 47
balance: False
ratio: 0.1
=====> Saving current model and best model
selecting samples for epoch 48
balance: False
ratio: 0.1
=====> Saving current model and best model
selecting samples for epoch 49
balance: False
ratio: 0.1
=====> Epoch: 49/300, Total_step: 9212, lr: 0.001000, Total Time: 5145.4467 s, Time this epoch: 50.2922 s
=====> Epoch: 49/300, Train Loss (train loader labels): 97552424960.0000, Train acc (train loader labels): 0.1089, Best val acc: 0.1741, Current val acc: 0.1295, Val Loss: 46077464576.0000
=====> Saving current model and best model
selecting samples for epoch 50
balance: False
ratio: 0.1
=====> Saving current model and best model
selecting samples for epoch 51
balance: False
ratio: 0.1
=====> Saving current model and best model
selecting samples for epoch 52
balance: False
ratio: 0.1
=====> Saving current model and best model
selecting samples for epoch 53
balance: False
ratio: 0.1
=====> Epoch: 53/300, Total_step: 9964, lr: 0.001000, Total Time: 5415.2879 s, Time this epoch: 50.3617 s
=====> Epoch: 53/300, Train Loss (train loader labels): 44915175424.0000, Train acc (train loader labels): 0.1080, Best val acc: 0.1741, Current val acc: 0.1520, Val Loss: 23720527872.0000
=====> Saving current model and best model
selecting samples for epoch 54
balance: False
ratio: 0.1
=====> Saving current model and best model
selecting samples for epoch 55
balance: False
ratio: 0.1
=====> Saving current model and best model
selecting samples for epoch 56
balance: False
ratio: 0.1
=====> Saving current model and best model
selecting samples for epoch 57
balance: False
ratio: 0.1
=====> Epoch: 57/300, Total_step: 10716, lr: 0.001000, Total Time: 5685.1658 s, Time this epoch: 50.0275 s
=====> Epoch: 57/300, Train Loss (train loader labels): 20690509824.0000, Train acc (train loader labels): 0.1102, Best val acc: 0.1741, Current val acc: 0.1532, Val Loss: 10759705600.0000
=====> Saving current model and best model
selecting samples for epoch 58
balance: False
ratio: 0.1
=====> Saving current model and best model
selecting samples for epoch 59
balance: False
ratio: 0.1
=====> Saving current model and best model
selecting samples for epoch 60
balance: False
ratio: 0.1
=====> Saving current model and best model
selecting samples for epoch 61
balance: False
ratio: 0.1
=====> Epoch: 61/300, Total_step: 11468, lr: 0.001000, Total Time: 5955.0965 s, Time this epoch: 50.1565 s
=====> Epoch: 61/300, Train Loss (train loader labels): 9541581824.0000, Train acc (train loader labels): 0.1103, Best val acc: 0.1741, Current val acc: 0.1511, Val Loss: 5260861952.0000
=====> Saving current model and best model
selecting samples for epoch 62
balance: False
ratio: 0.1
=====> Saving current model and best model
selecting samples for epoch 63
balance: False
ratio: 0.1
=====> Saving current model and best model
selecting samples for epoch 64
balance: False
ratio: 0.1
=====> Saving current model and best model
selecting samples for epoch 65
balance: False
ratio: 0.1
=====> Epoch: 65/300, Total_step: 12220, lr: 0.001000, Total Time: 6222.9596 s, Time this epoch: 50.0662 s
=====> Epoch: 65/300, Train Loss (train loader labels): 4475789312.0000, Train acc (train loader labels): 0.1105, Best val acc: 0.1741, Current val acc: 0.1476, Val Loss: 2315056128.0000
=====> Saving current model and best model
selecting samples for epoch 66
balance: False
ratio: 0.1
=====> Saving current model and best model
selecting samples for epoch 67
balance: False
ratio: 0.1
=====> Saving current model and best model
selecting samples for epoch 68
balance: False
ratio: 0.1
=====> Saving current model and best model
selecting samples for epoch 69
balance: False
ratio: 0.1
=====> Saving current model and best model
selecting samples for epoch 70
balance: False
ratio: 0.1
=====> Saving current model and best model
selecting samples for epoch 71
balance: False
ratio: 0.1
=====> Saving current model and best model
selecting samples for epoch 72
balance: False
ratio: 0.1
=====> Saving current model and best model
selecting samples for epoch 73
balance: False
ratio: 0.1
=====> Saving current model and best model
selecting samples for epoch 74
balance: False
ratio: 0.1
=====> Saving current model and best model
selecting samples for epoch 75
balance: False
ratio: 0.1
=====> Saving current model and best model
selecting samples for epoch 76
balance: False
ratio: 0.1
=====> Epoch: 76/300, Total_step: 14288, lr: 0.001000, Total Time: 6865.7352 s, Time this epoch: 50.2070 s
=====> Epoch: 76/300, Train Loss (train loader labels): 558461056.0000, Train acc (train loader labels): 0.1138, Best val acc: 0.1741, Current val acc: 0.1601, Val Loss: 321719232.0000
=====> Saving current model and best model
selecting samples for epoch 77
balance: False
ratio: 0.1
=====> Saving current model and best model
selecting samples for epoch 78
balance: False
ratio: 0.1
=====> Saving current model and best model
selecting samples for epoch 79
balance: False
ratio: 0.1
=====> Saving current model and best model
selecting samples for epoch 80
balance: False
ratio: 0.1
=====> Saving current model and best model
selecting samples for epoch 81
balance: False
ratio: 0.1
=====> Saving current model and best model
selecting samples for epoch 82
balance: False
ratio: 0.1
=====> Saving current model and best model
selecting samples for epoch 83
balance: False
ratio: 0.1
=====> Saving current model and best model
selecting samples for epoch 84
balance: False
ratio: 0.1
=====> Saving current model and best model
selecting samples for epoch 85
balance: False
ratio: 0.1
=====> Saving current model and best model
selecting samples for epoch 86
balance: False
ratio: 0.1
=====> Saving current model and best model
selecting samples for epoch 87
balance: False
ratio: 0.1
=====> Saving current model and best model
selecting samples for epoch 88
balance: False
ratio: 0.1
=====> Saving current model and best model
selecting samples for epoch 89
balance: False
ratio: 0.1
=====> Saving current model and best model
selecting samples for epoch 90
balance: False
ratio: 0.1
=====> Saving current model and best model
selecting samples for epoch 91
balance: False
ratio: 0.1
=====> Epoch: 91/300, Total_step: 17108, lr: 0.001000, Total Time: 7721.3202 s, Time this epoch: 50.2326 s
=====> Epoch: 91/300, Train Loss (train loader labels): 32619566.0000, Train acc (train loader labels): 0.1097, Best val acc: 0.1741, Current val acc: 0.1474, Val Loss: 18228426.0000
=====> Saving current model and best model
selecting samples for epoch 92
balance: False
ratio: 0.1
=====> Saving current model and best model
selecting samples for epoch 93
balance: False
ratio: 0.1
=====> Saving current model and best model
selecting samples for epoch 94
balance: False
ratio: 0.1
=====> Saving current model and best model
selecting samples for epoch 95
balance: False
ratio: 0.1
=====> Saving current model and best model
selecting samples for epoch 96
balance: False
ratio: 0.1
=====> Saving current model and best model
selecting samples for epoch 97
balance: False
ratio: 0.1
=====> Saving current model and best model
selecting samples for epoch 98
balance: False
ratio: 0.1
=====> Saving current model and best model
selecting samples for epoch 99
balance: False
ratio: 0.1
=====> Saving current model and best model
selecting samples for epoch 100
balance: False
ratio: 0.1
=====> Saving current model and best model
selecting samples for epoch 101
balance: False
ratio: 0.1
=====> Saving current model and best model
selecting samples for epoch 102
balance: False
ratio: 0.1
=====> Saving current model and best model
selecting samples for epoch 103
balance: False
ratio: 0.1
=====> Saving current model and best model
selecting samples for epoch 104
balance: False
ratio: 0.1
=====> Saving current model and best model
selecting samples for epoch 105
balance: False
ratio: 0.1
=====> Saving current model and best model
selecting samples for epoch 106
balance: False
ratio: 0.1
=====> Epoch: 106/300, Total_step: 19928, lr: 0.001000, Total Time: 8578.4316 s, Time this epoch: 49.9755 s
=====> Epoch: 106/300, Train Loss (train loader labels): 2010512.0000, Train acc (train loader labels): 0.1072, Best val acc: 0.1741, Current val acc: 0.1649, Val Loss: 1060497.8750
=====> Saving current model and best model
selecting samples for epoch 107
balance: False
ratio: 0.1
=====> Saving current model and best model
selecting samples for epoch 108
balance: False
ratio: 0.1
=====> Saving current model and best model
selecting samples for epoch 109
balance: False
ratio: 0.1
=====> Saving current model and best model
selecting samples for epoch 110
balance: False
ratio: 0.1
=====> Saving current model and best model
selecting samples for epoch 111
balance: False
ratio: 0.1
=====> Saving current model and best model
selecting samples for epoch 112
balance: False
ratio: 0.1
=====> Saving current model and best model
selecting samples for epoch 113
balance: False
ratio: 0.1
=====> Saving current model and best model
selecting samples for epoch 114
balance: False
ratio: 0.1
=====> Saving current model and best model
selecting samples for epoch 115
balance: False
ratio: 0.1
=====> Saving current model and best model
selecting samples for epoch 116
balance: False
ratio: 0.1
=====> Saving current model and best model
selecting samples for epoch 117
balance: False
ratio: 0.1
=====> Saving current model and best model
selecting samples for epoch 118
balance: False
ratio: 0.1
=====> Saving current model and best model
selecting samples for epoch 119
balance: False
ratio: 0.1
=====> Saving current model and best model
selecting samples for epoch 120
balance: False
ratio: 0.1
=====> Saving current model and best model
selecting samples for epoch 121
balance: False
ratio: 0.1
=====> Epoch: 121/300, Total_step: 22748, lr: 0.001000, Total Time: 9433.4209 s, Time this epoch: 50.1709 s
=====> Epoch: 121/300, Train Loss (train loader labels): 123636.6641, Train acc (train loader labels): 0.1200, Best val acc: 0.1772, Current val acc: 0.1772, Val Loss: 67885.9609
=====> Saving current model and best model
selecting samples for epoch 122
balance: False
ratio: 0.1
=====> Saving current model and best model
selecting samples for epoch 123
balance: False
ratio: 0.1
=====> Saving current model and best model
selecting samples for epoch 124
balance: False
ratio: 0.1
=====> Saving current model and best model
selecting samples for epoch 125
balance: False
ratio: 0.1
=====> Saving current model and best model
selecting samples for epoch 126
balance: False
ratio: 0.1
=====> Saving current model and best model
selecting samples for epoch 127
balance: False
ratio: 0.1
=====> Saving current model and best model
selecting samples for epoch 128
balance: False
ratio: 0.1
=====> Saving current model and best model
selecting samples for epoch 129
balance: False
ratio: 0.1
=====> Saving current model and best model
selecting samples for epoch 130
balance: False
ratio: 0.1
=====> Saving current model and best model
selecting samples for epoch 131
balance: False
ratio: 0.1
=====> Saving current model and best model
selecting samples for epoch 132
balance: False
ratio: 0.1
=====> Saving current model and best model
selecting samples for epoch 133
balance: False
ratio: 0.1
=====> Saving current model and best model
selecting samples for epoch 134
balance: False
ratio: 0.1
=====> Saving current model and best model
selecting samples for epoch 135
balance: False
ratio: 0.1
=====> Saving current model and best model
selecting samples for epoch 136
balance: False
ratio: 0.1
=====> Epoch: 136/300, Total_step: 25568, lr: 0.001000, Total Time: 10295.2106 s, Time this epoch: 50.0117 s
=====> Epoch: 136/300, Train Loss (train loader labels): 7369.3867, Train acc (train loader labels): 0.1140, Best val acc: 0.1772, Current val acc: 0.1415, Val Loss: 4573.0352
=====> Saving current model and best model
selecting samples for epoch 137
balance: False
ratio: 0.1
=====> Saving current model and best model
selecting samples for epoch 138
balance: False
ratio: 0.1
=====> Saving current model and best model
selecting samples for epoch 139
balance: False
ratio: 0.1
=====> Saving current model and best model
selecting samples for epoch 140
balance: False
ratio: 0.1
=====> Saving current model and best model
selecting samples for epoch 141
balance: False
ratio: 0.1
=====> Saving current model and best model
selecting samples for epoch 142
balance: False
ratio: 0.1
=====> Saving current model and best model
selecting samples for epoch 143
balance: False
ratio: 0.1
=====> Saving current model and best model
selecting samples for epoch 144
balance: False
ratio: 0.1
=====> Saving current model and best model
selecting samples for epoch 145
balance: False
ratio: 0.1
=====> Saving current model and best model
selecting samples for epoch 146
balance: False
ratio: 0.1
=====> Saving current model and best model
selecting samples for epoch 147
balance: False
ratio: 0.1
=====> Saving current model and best model
selecting samples for epoch 148
balance: False
ratio: 0.1
=====> Saving current model and best model
selecting samples for epoch 149
balance: False
ratio: 0.1
=====> Saving current model and best model
selecting samples for epoch 150
balance: False
ratio: 0.1
=====> Saving current model and best model
selecting samples for epoch 151
balance: False
ratio: 0.1
=====> Epoch: 151/300, Total_step: 28388, lr: 0.001000, Total Time: 11150.3704 s, Time this epoch: 50.0181 s
=====> Epoch: 151/300, Train Loss (train loader labels): 917.1271, Train acc (train loader labels): 0.1250, Best val acc: 0.1772, Current val acc: 0.1097, Val Loss: 772.3870
=====> Saving current model and best model
selecting samples for epoch 152
balance: False
ratio: 0.1
=====> Saving current model and best model
selecting samples for epoch 153
balance: False
ratio: 0.1
=====> Saving current model and best model
selecting samples for epoch 154
balance: False
ratio: 0.1
=====> Saving current model and best model
selecting samples for epoch 155
balance: False
ratio: 0.1
=====> Saving current model and best model
selecting samples for epoch 156
balance: False
ratio: 0.1
=====> Saving current model and best model
selecting samples for epoch 157
balance: False
ratio: 0.1
=====> Saving current model and best model
selecting samples for epoch 158
balance: False
ratio: 0.1
=====> Saving current model and best model
selecting samples for epoch 159
balance: False
ratio: 0.1
=====> Saving current model and best model
selecting samples for epoch 160
balance: False
ratio: 0.1
=====> Saving current model and best model
selecting samples for epoch 161
balance: False
ratio: 0.1
=====> Saving current model and best model
selecting samples for epoch 162
balance: False
ratio: 0.1
=====> Saving current model and best model
selecting samples for epoch 163
balance: False
ratio: 0.1
=====> Saving current model and best model
selecting samples for epoch 164
balance: False
ratio: 0.1
=====> Saving current model and best model
selecting samples for epoch 165
balance: False
ratio: 0.1
=====> Saving current model and best model
selecting samples for epoch 166
balance: False
ratio: 0.1
=====> Epoch: 166/300, Total_step: 31208, lr: 0.001000, Total Time: 12003.4239 s, Time this epoch: 50.1527 s
=====> Epoch: 166/300, Train Loss (train loader labels): 236.7996, Train acc (train loader labels): 0.1208, Best val acc: 0.1772, Current val acc: 0.1199, Val Loss: 229.9252
=====> Saving current model and best model
selecting samples for epoch 167
balance: False
ratio: 0.1
=====> Saving current model and best model
selecting samples for epoch 168
balance: False
ratio: 0.1
=====> Saving current model and best model
selecting samples for epoch 169
balance: False
ratio: 0.1
=====> Saving current model and best model
selecting samples for epoch 170
balance: False
ratio: 0.1
=====> Saving current model and best model
selecting samples for epoch 171
balance: False
ratio: 0.1
=====> Saving current model and best model
selecting samples for epoch 172
balance: False
ratio: 0.1
=====> Saving current model and best model
selecting samples for epoch 173
balance: False
ratio: 0.1
=====> Saving current model and best model
selecting samples for epoch 174
balance: False
ratio: 0.1
=====> Saving current model and best model
selecting samples for epoch 175
balance: False
ratio: 0.1
=====> Saving current model and best model
selecting samples for epoch 176
balance: False
ratio: 0.1
=====> Saving current model and best model
selecting samples for epoch 177
balance: False
ratio: 0.1
=====> Saving current model and best model
selecting samples for epoch 178
balance: False
ratio: 0.1
=====> Saving current model and best model
selecting samples for epoch 179
balance: False
ratio: 0.1
=====> Saving current model and best model
selecting samples for epoch 180
balance: False
ratio: 0.1
=====> Saving current model and best model
selecting samples for epoch 181
balance: False
ratio: 0.1
=====> Epoch: 181/300, Total_step: 34028, lr: 0.001000, Total Time: 12856.2792 s, Time this epoch: 50.5609 s
=====> Epoch: 181/300, Train Loss (train loader labels): 111.5038, Train acc (train loader labels): 0.0997, Best val acc: 0.1772, Current val acc: 0.0982, Val Loss: 112.5993
=====> Saving current model and best model
selecting samples for epoch 182
balance: False
ratio: 0.1
=====> Saving current model and best model
selecting samples for epoch 183
balance: False
ratio: 0.1
=====> Saving current model and best model
selecting samples for epoch 184
balance: False
ratio: 0.1
=====> Saving current model and best model
selecting samples for epoch 185
balance: False
ratio: 0.1
=====> Saving current model and best model
selecting samples for epoch 186
balance: False
ratio: 0.1
=====> Saving current model and best model
selecting samples for epoch 187
balance: False
ratio: 0.1
=====> Saving current model and best model
selecting samples for epoch 188
balance: False
ratio: 0.1
=====> Saving current model and best model
selecting samples for epoch 189
balance: False
ratio: 0.1
=====> Saving current model and best model
selecting samples for epoch 190
balance: False
ratio: 0.1
=====> Saving current model and best model
selecting samples for epoch 191
balance: False
ratio: 0.1
=====> Saving current model and best model
selecting samples for epoch 192
balance: False
ratio: 0.1
=====> Saving current model and best model
selecting samples for epoch 193
balance: False
ratio: 0.1
=====> Saving current model and best model
selecting samples for epoch 194
balance: False
ratio: 0.1
=====> Saving current model and best model
selecting samples for epoch 195
balance: False
ratio: 0.1
=====> Saving current model and best model
selecting samples for epoch 196
balance: False
ratio: 0.1
=====> Epoch: 196/300, Total_step: 36848, lr: 0.001000, Total Time: 13716.0594 s, Time this epoch: 49.9547 s
=====> Epoch: 196/300, Train Loss (train loader labels): 65.3124, Train acc (train loader labels): 0.0986, Best val acc: 0.1772, Current val acc: 0.0958, Val Loss: 66.2457
=====> Saving current model and best model
selecting samples for epoch 197
balance: False
ratio: 0.1
=====> Saving current model and best model
selecting samples for epoch 198
balance: False
ratio: 0.1
=====> Saving current model and best model
selecting samples for epoch 199
balance: False
ratio: 0.1
=====> Saving current model and best model
selecting samples for epoch 200
balance: False
ratio: 0.1
=====> Saving current model and best model
selecting samples for epoch 201
balance: False
ratio: 0.1
=====> Saving current model and best model
selecting samples for epoch 202
balance: False
ratio: 0.1
=====> Saving current model and best model
selecting samples for epoch 203
balance: False
ratio: 0.1
=====> Saving current model and best model
selecting samples for epoch 204
balance: False
ratio: 0.1
=====> Saving current model and best model
selecting samples for epoch 205
balance: False
ratio: 0.1
=====> Saving current model and best model
selecting samples for epoch 206
balance: False
ratio: 0.1
=====> Saving current model and best model
selecting samples for epoch 207
balance: False
ratio: 0.1
=====> Saving current model and best model
selecting samples for epoch 208
balance: False
ratio: 0.1
=====> Saving current model and best model
selecting samples for epoch 209
balance: False
ratio: 0.1
=====> Saving current model and best model
selecting samples for epoch 210
balance: False
ratio: 0.1
=====> Saving current model and best model
selecting samples for epoch 211
balance: False
ratio: 0.1
=====> Epoch: 211/300, Total_step: 39668, lr: 0.001000, Total Time: 14580.3576 s, Time this epoch: 50.3187 s
=====> Epoch: 211/300, Train Loss (train loader labels): 44.3585, Train acc (train loader labels): 0.0903, Best val acc: 0.1772, Current val acc: 0.0892, Val Loss: 44.8577
=====> Saving current model and best model
selecting samples for epoch 212
balance: False
ratio: 0.1
=====> Saving current model and best model
selecting samples for epoch 213
balance: False
ratio: 0.1
=====> Saving current model and best model
selecting samples for epoch 214
balance: False
ratio: 0.1
=====> Saving current model and best model
selecting samples for epoch 215
balance: False
ratio: 0.1
=====> Saving current model and best model
selecting samples for epoch 216
balance: False
ratio: 0.1
=====> Saving current model and best model
selecting samples for epoch 217
balance: False
ratio: 0.1
=====> Saving current model and best model
selecting samples for epoch 218
balance: False
ratio: 0.1
=====> Saving current model and best model
selecting samples for epoch 219
balance: False
ratio: 0.1
=====> Saving current model and best model
selecting samples for epoch 220
balance: False
ratio: 0.1
=====> Saving current model and best model
selecting samples for epoch 221
balance: False
ratio: 0.1
=====> Saving current model and best model
selecting samples for epoch 222
balance: False
ratio: 0.1
=====> Saving current model and best model
selecting samples for epoch 223
balance: False
ratio: 0.1
=====> Saving current model and best model
selecting samples for epoch 224
balance: False
ratio: 0.1
=====> Saving current model and best model
selecting samples for epoch 225
balance: False
ratio: 0.1
=====> Saving current model and best model
selecting samples for epoch 226
balance: False
ratio: 0.1
=====> Epoch: 226/300, Total_step: 42488, lr: 0.001000, Total Time: 15437.8506 s, Time this epoch: 50.0576 s
=====> Epoch: 226/300, Train Loss (train loader labels): 25.6509, Train acc (train loader labels): 0.0903, Best val acc: 0.1772, Current val acc: 0.0892, Val Loss: 25.7790
=====> Saving current model and best model
selecting samples for epoch 227
balance: False
ratio: 0.1
=====> Saving current model and best model
selecting samples for epoch 228
balance: False
ratio: 0.1
=====> Saving current model and best model
selecting samples for epoch 229
balance: False
ratio: 0.1
=====> Saving current model and best model
selecting samples for epoch 230
balance: False
ratio: 0.1
=====> Saving current model and best model
selecting samples for epoch 231
balance: False
ratio: 0.1
=====> Saving current model and best model
selecting samples for epoch 232
balance: False
ratio: 0.1
=====> Saving current model and best model
selecting samples for epoch 233
balance: False
ratio: 0.1
=====> Saving current model and best model
selecting samples for epoch 234
balance: False
ratio: 0.1
=====> Saving current model and best model
selecting samples for epoch 235
balance: False
ratio: 0.1
=====> Saving current model and best model
selecting samples for epoch 236
balance: False
ratio: 0.1
=====> Saving current model and best model
selecting samples for epoch 237
balance: False
ratio: 0.1
=====> Saving current model and best model
selecting samples for epoch 238
balance: False
ratio: 0.1
=====> Saving current model and best model
selecting samples for epoch 239
balance: False
ratio: 0.1
=====> Saving current model and best model
selecting samples for epoch 240
balance: False
ratio: 0.1
=====> Saving current model and best model
selecting samples for epoch 241
balance: False
ratio: 0.1
=====> Epoch: 241/300, Total_step: 45308, lr: 0.001000, Total Time: 16297.5878 s, Time this epoch: 50.0330 s
=====> Epoch: 241/300, Train Loss (train loader labels): 13.2453, Train acc (train loader labels): 0.0986, Best val acc: 0.1772, Current val acc: 0.0958, Val Loss: 13.3070
=====> Saving current model and best model
selecting samples for epoch 242
balance: False
ratio: 0.1
=====> Saving current model and best model
selecting samples for epoch 243
balance: False
ratio: 0.1
=====> Saving current model and best model
selecting samples for epoch 244
balance: False
ratio: 0.1
=====> Saving current model and best model
selecting samples for epoch 245
balance: False
ratio: 0.1
=====> Saving current model and best model
selecting samples for epoch 246
balance: False
ratio: 0.1
=====> Saving current model and best model
selecting samples for epoch 247
balance: False
ratio: 0.1
=====> Saving current model and best model
selecting samples for epoch 248
balance: False
ratio: 0.1
=====> Saving current model and best model
selecting samples for epoch 249
balance: False
ratio: 0.1
=====> Saving current model and best model
selecting samples for epoch 250
balance: False
ratio: 0.1
=====> Saving current model and best model
selecting samples for epoch 251
balance: False
ratio: 0.1
=====> Saving current model and best model
selecting samples for epoch 252
balance: False
ratio: 0.1
=====> Saving current model and best model
selecting samples for epoch 253
balance: False
ratio: 0.1
=====> Saving current model and best model
selecting samples for epoch 254
balance: False
ratio: 0.1
=====> Saving current model and best model
selecting samples for epoch 255
balance: False
ratio: 0.1
=====> Saving current model and best model
selecting samples for epoch 256
balance: False
ratio: 0.1
=====> Epoch: 256/300, Total_step: 48128, lr: 0.001000, Total Time: 17152.1365 s, Time this epoch: 50.0370 s
=====> Epoch: 256/300, Train Loss (train loader labels): 5.5108, Train acc (train loader labels): 0.1124, Best val acc: 0.1772, Current val acc: 0.1135, Val Loss: 5.5694
=====> Saving current model and best model
selecting samples for epoch 257
balance: False
ratio: 0.1
=====> Saving current model and best model
selecting samples for epoch 258
balance: False
ratio: 0.1
=====> Saving current model and best model
selecting samples for epoch 259
balance: False
ratio: 0.1
=====> Saving current model and best model
selecting samples for epoch 260
balance: False
ratio: 0.1
=====> Saving current model and best model
selecting samples for epoch 261
balance: False
ratio: 0.1
=====> Saving current model and best model
selecting samples for epoch 262
balance: False
ratio: 0.1
=====> Saving current model and best model
selecting samples for epoch 263
balance: False
ratio: 0.1
=====> Saving current model and best model
selecting samples for epoch 264
balance: False
ratio: 0.1
=====> Saving current model and best model
selecting samples for epoch 265
balance: False
ratio: 0.1
=====> Saving current model and best model
selecting samples for epoch 266
balance: False
ratio: 0.1
=====> Saving current model and best model
selecting samples for epoch 267
balance: False
ratio: 0.1
=====> Saving current model and best model
selecting samples for epoch 268
balance: False
ratio: 0.1
=====> Saving current model and best model
selecting samples for epoch 269
balance: False
ratio: 0.1
=====> Saving current model and best model
selecting samples for epoch 270
balance: False
ratio: 0.1
=====> Saving current model and best model
selecting samples for epoch 271
balance: False
ratio: 0.1
=====> Epoch: 271/300, Total_step: 50948, lr: 0.001000, Total Time: 18010.4027 s, Time this epoch: 50.0988 s
=====> Epoch: 271/300, Train Loss (train loader labels): 2.6154, Train acc (train loader labels): 0.1124, Best val acc: 0.1772, Current val acc: 0.1135, Val Loss: 2.6237
=====> Saving current model and best model
selecting samples for epoch 272
balance: False
ratio: 0.1
=====> Saving current model and best model
selecting samples for epoch 273
balance: False
ratio: 0.1
=====> Saving current model and best model
selecting samples for epoch 274
balance: False
ratio: 0.1
=====> Saving current model and best model
selecting samples for epoch 275
balance: False
ratio: 0.1
=====> Saving current model and best model
selecting samples for epoch 276
balance: False
ratio: 0.1
=====> Saving current model and best model
selecting samples for epoch 277
balance: False
ratio: 0.1
=====> Saving current model and best model
selecting samples for epoch 278
balance: False
ratio: 0.1
=====> Saving current model and best model
selecting samples for epoch 279
balance: False
ratio: 0.1
=====> Saving current model and best model
selecting samples for epoch 280
balance: False
ratio: 0.1
=====> Saving current model and best model
selecting samples for epoch 281
balance: False
ratio: 0.1
=====> Saving current model and best model
selecting samples for epoch 282
balance: False
ratio: 0.1
=====> Saving current model and best model
selecting samples for epoch 283
balance: False
ratio: 0.1
=====> Saving current model and best model
selecting samples for epoch 284
balance: False
ratio: 0.1
=====> Saving current model and best model
selecting samples for epoch 285
balance: False
ratio: 0.1
=====> Saving current model and best model
selecting samples for epoch 286
balance: False
ratio: 0.1
=====> Epoch: 286/300, Total_step: 53768, lr: 0.001000, Total Time: 18865.8821 s, Time this epoch: 50.2322 s
=====> Epoch: 286/300, Train Loss (train loader labels): 2.3032, Train acc (train loader labels): 0.1022, Best val acc: 0.1772, Current val acc: 0.1010, Val Loss: 2.3028
=====> Saving current model and best model
selecting samples for epoch 287
balance: False
ratio: 0.1
=====> Saving current model and best model
selecting samples for epoch 288
balance: False
ratio: 0.1
=====> Saving current model and best model
selecting samples for epoch 289
balance: False
ratio: 0.1
=====> Saving current model and best model
selecting samples for epoch 290
balance: False
ratio: 0.1
=====> Saving current model and best model
selecting samples for epoch 291
balance: False
ratio: 0.1
=====> Saving current model and best model
selecting samples for epoch 292
balance: False
ratio: 0.1
=====> Saving current model and best model
selecting samples for epoch 293
balance: False
ratio: 0.1
=====> Saving current model and best model
selecting samples for epoch 294
balance: False
ratio: 0.1
=====> Saving current model and best model
selecting samples for epoch 295
balance: False
ratio: 0.1
=====> Saving current model and best model
selecting samples for epoch 296
balance: False
ratio: 0.1
=====> Saving current model and best model
selecting samples for epoch 297
balance: False
ratio: 0.1
=====> Saving current model and best model
selecting samples for epoch 298
balance: False
ratio: 0.1
=====> Saving current model and best model
selecting samples for epoch 299
balance: False
ratio: 0.1
=====> Saving current model and best model
selecting samples for epoch 300
balance: False
ratio: 0.1
=====> Epoch: 300/300, Total_step: 56400, lr: 0.001000, Total Time: 19668.6279 s, Time this epoch: 50.0572 s
=====> Epoch: 300/300, Train Loss (train loader labels): 2.3031, Train acc (train loader labels): 0.0974, Best val acc: 0.1772, Current val acc: 0.0982, Val Loss: 2.3028
=====> Saving current model and best model
Saved helper snapshots to /home/mward19/Documents/miller/Online-Batch-Selection/snapshots/MNIST/{"bsel":"Uniform","seed":2,"model":"DeepLinear","opt":"adamw","bs":320,"ratio":0.1,"lr":0.001,"wd":0.01,"layers":100,"hidden_dim":1000}.p
Saved selected points array to /home/mward19/Documents/miller/Online-Batch-Selection/selected_points/MNIST/{"bsel":"Uniform","seed":2,"model":"DeepLinear","opt":"adamw","bs":320,"ratio":0.1,"lr":0.001,"wd":0.01,"layers":100,"hidden_dim":1000}.npy
========================= End Main =========================
