save_dir: ./exp/CIFAR3/RhoLoss_deeplinear_bs320_ep300_lr0.001_AdamW_constant_seed1_r0.1_8_hidden
=====> Loading config files: 
configs/cifar3/method/rholoss-0.1.yaml
configs/cifar3/data/cifar3.yaml
configs/cifar3/model/deep_linear_saxe/deep_linear_8.yaml
configs/cifar3/optim/adamw-320-0.001-0.01.yaml
configs/diagnostics/snapshots_log_interval.yaml
=====> Config files loaded.
========================= Start Main =========================
=====> Saving config file
=====> Config file saved
=====> Using fixed random seed: 1
=====> Wandb initialized
=====> Number of GPUs: 1
Creating RhoLoss...
Cached irreducible losses for 15000 samples in dataset.
=====> Start teacher Validation
=====> teacher Test Accuracy: 0.7280
Begin training for RhoLoss...
=====> Epoch: 0/300, Total_step: 0, lr: 0.001000, Total Time: 0.0000 s, Time this epoch: 0.0000 s
=====> Epoch: 0/300, Train Loss (train loader labels): 1.0987, Train acc (train loader labels): 0.3243, Best val acc: 0.3123, Current val acc: 0.3123, Val Loss: 1.0988
balance: False
selecting samples for epoch 1, ratio 0.1
=====> Epoch: 1/300, Total_step: 1, lr: 0.001000, Total Time: 0.0000 s, Time this epoch: 0.0000 s
=====> Epoch: 1/300, Train Loss (train loader labels): 1.5180, Train acc (train loader labels): 0.3506, Best val acc: 0.3460, Current val acc: 0.3460, Val Loss: 1.5309
=====> Epoch: 1/300, Total_step: 12, lr: 0.001000, Total Time: 0.0000 s, Time this epoch: 0.0000 s
=====> Epoch: 1/300, Train Loss (train loader labels): 5.5402, Train acc (train loader labels): 0.3283, Best val acc: 0.3460, Current val acc: 0.3120, Val Loss: 5.5087
=====> Epoch: 1/300, Total_step: 23, lr: 0.001000, Total Time: 0.0000 s, Time this epoch: 0.0000 s
=====> Epoch: 1/300, Train Loss (train loader labels): 1.1447, Train acc (train loader labels): 0.3286, Best val acc: 0.3460, Current val acc: 0.3327, Val Loss: 1.1447
=====> Epoch: 1/300, Total_step: 34, lr: 0.001000, Total Time: 0.0000 s, Time this epoch: 0.0000 s
=====> Epoch: 1/300, Train Loss (train loader labels): 1.1243, Train acc (train loader labels): 0.2991, Best val acc: 0.3460, Current val acc: 0.2937, Val Loss: 1.1222
=====> Epoch: 1/300, Total_step: 45, lr: 0.001000, Total Time: 0.0000 s, Time this epoch: 0.0000 s
=====> Epoch: 1/300, Train Loss (train loader labels): 1.0967, Train acc (train loader labels): 0.3513, Best val acc: 0.3600, Current val acc: 0.3600, Val Loss: 1.0935
=====> Saving current model and best model
balance: False
selecting samples for epoch 2, ratio 0.1
=====> Epoch: 2/300, Total_step: 48, lr: 0.001000, Total Time: 120.7527 s, Time this epoch: 102.8461 s
=====> Epoch: 2/300, Train Loss (train loader labels): 1.0928, Train acc (train loader labels): 0.3803, Best val acc: 0.3650, Current val acc: 0.3650, Val Loss: 1.0935
=====> Epoch: 2/300, Total_step: 59, lr: 0.001000, Total Time: 120.7527 s, Time this epoch: 102.8461 s
=====> Epoch: 2/300, Train Loss (train loader labels): 1.0928, Train acc (train loader labels): 0.3945, Best val acc: 0.4027, Current val acc: 0.4027, Val Loss: 1.0896
=====> Epoch: 2/300, Total_step: 70, lr: 0.001000, Total Time: 120.7527 s, Time this epoch: 102.8461 s
=====> Epoch: 2/300, Train Loss (train loader labels): 1.0900, Train acc (train loader labels): 0.3913, Best val acc: 0.4027, Current val acc: 0.3917, Val Loss: 1.0885
=====> Epoch: 2/300, Total_step: 81, lr: 0.001000, Total Time: 120.7527 s, Time this epoch: 102.8461 s
=====> Epoch: 2/300, Train Loss (train loader labels): 1.0937, Train acc (train loader labels): 0.3609, Best val acc: 0.4027, Current val acc: 0.3583, Val Loss: 1.0937
=====> Epoch: 2/300, Total_step: 92, lr: 0.001000, Total Time: 120.7527 s, Time this epoch: 102.8461 s
=====> Epoch: 2/300, Train Loss (train loader labels): 1.0897, Train acc (train loader labels): 0.3661, Best val acc: 0.4027, Current val acc: 0.3727, Val Loss: 1.0888
=====> Saving current model and best model
balance: False
selecting samples for epoch 3, ratio 0.1
=====> Epoch: 3/300, Total_step: 95, lr: 0.001000, Total Time: 224.2891 s, Time this epoch: 103.1298 s
=====> Epoch: 3/300, Train Loss (train loader labels): 1.0892, Train acc (train loader labels): 0.3755, Best val acc: 0.4027, Current val acc: 0.3817, Val Loss: 1.0877
=====> Epoch: 3/300, Total_step: 106, lr: 0.001000, Total Time: 224.2891 s, Time this epoch: 103.1298 s
=====> Epoch: 3/300, Train Loss (train loader labels): 1.0873, Train acc (train loader labels): 0.3753, Best val acc: 0.4027, Current val acc: 0.3817, Val Loss: 1.0864
=====> Epoch: 3/300, Total_step: 117, lr: 0.001000, Total Time: 224.2891 s, Time this epoch: 103.1298 s
=====> Epoch: 3/300, Train Loss (train loader labels): 1.0858, Train acc (train loader labels): 0.3911, Best val acc: 0.4027, Current val acc: 0.4013, Val Loss: 1.0844
=====> Epoch: 3/300, Total_step: 128, lr: 0.001000, Total Time: 224.2891 s, Time this epoch: 103.1298 s
=====> Epoch: 3/300, Train Loss (train loader labels): 1.0836, Train acc (train loader labels): 0.4057, Best val acc: 0.4123, Current val acc: 0.4123, Val Loss: 1.0825
=====> Epoch: 3/300, Total_step: 139, lr: 0.001000, Total Time: 224.2891 s, Time this epoch: 103.1298 s
=====> Epoch: 3/300, Train Loss (train loader labels): 1.0807, Train acc (train loader labels): 0.4145, Best val acc: 0.4130, Current val acc: 0.4130, Val Loss: 1.0794
=====> Saving current model and best model
balance: False
selecting samples for epoch 4, ratio 0.1
=====> Epoch: 4/300, Total_step: 142, lr: 0.001000, Total Time: 328.1746 s, Time this epoch: 103.5459 s
=====> Epoch: 4/300, Train Loss (train loader labels): 1.0813, Train acc (train loader labels): 0.4054, Best val acc: 0.4130, Current val acc: 0.4060, Val Loss: 1.0800
=====> Epoch: 4/300, Total_step: 153, lr: 0.001000, Total Time: 328.1746 s, Time this epoch: 103.5459 s
=====> Epoch: 4/300, Train Loss (train loader labels): 1.0851, Train acc (train loader labels): 0.3711, Best val acc: 0.4130, Current val acc: 0.3780, Val Loss: 1.0837
=====> Epoch: 4/300, Total_step: 164, lr: 0.001000, Total Time: 328.1746 s, Time this epoch: 103.5459 s
=====> Epoch: 4/300, Train Loss (train loader labels): 1.0818, Train acc (train loader labels): 0.4068, Best val acc: 0.4190, Current val acc: 0.4190, Val Loss: 1.0801
=====> Epoch: 4/300, Total_step: 175, lr: 0.001000, Total Time: 328.1746 s, Time this epoch: 103.5459 s
=====> Epoch: 4/300, Train Loss (train loader labels): 1.0789, Train acc (train loader labels): 0.4295, Best val acc: 0.4317, Current val acc: 0.4317, Val Loss: 1.0775
=====> Epoch: 4/300, Total_step: 186, lr: 0.001000, Total Time: 328.1746 s, Time this epoch: 103.5459 s
=====> Epoch: 4/300, Train Loss (train loader labels): 1.0807, Train acc (train loader labels): 0.4155, Best val acc: 0.4317, Current val acc: 0.4217, Val Loss: 1.0798
=====> Saving current model and best model
balance: False
selecting samples for epoch 5, ratio 0.1
=====> Epoch: 5/300, Total_step: 189, lr: 0.001000, Total Time: 431.6262 s, Time this epoch: 103.0140 s
=====> Epoch: 5/300, Train Loss (train loader labels): 1.0827, Train acc (train loader labels): 0.4067, Best val acc: 0.4317, Current val acc: 0.4070, Val Loss: 1.0824
=====> Epoch: 5/300, Total_step: 200, lr: 0.001000, Total Time: 431.6262 s, Time this epoch: 103.0140 s
=====> Epoch: 5/300, Train Loss (train loader labels): 1.0829, Train acc (train loader labels): 0.4004, Best val acc: 0.4317, Current val acc: 0.3993, Val Loss: 1.0817
=====> Epoch: 5/300, Total_step: 211, lr: 0.001000, Total Time: 431.6262 s, Time this epoch: 103.0140 s
=====> Epoch: 5/300, Train Loss (train loader labels): 1.0836, Train acc (train loader labels): 0.3951, Best val acc: 0.4317, Current val acc: 0.3993, Val Loss: 1.0828
=====> Epoch: 5/300, Total_step: 222, lr: 0.001000, Total Time: 431.6262 s, Time this epoch: 103.0140 s
=====> Epoch: 5/300, Train Loss (train loader labels): 1.0808, Train acc (train loader labels): 0.4217, Best val acc: 0.4317, Current val acc: 0.4270, Val Loss: 1.0788
=====> Epoch: 5/300, Total_step: 233, lr: 0.001000, Total Time: 431.6262 s, Time this epoch: 103.0140 s
=====> Epoch: 5/300, Train Loss (train loader labels): 1.0790, Train acc (train loader labels): 0.4354, Best val acc: 0.4317, Current val acc: 0.4280, Val Loss: 1.0772
=====> Saving current model and best model
balance: False
selecting samples for epoch 6, ratio 0.1
=====> Epoch: 6/300, Total_step: 282, lr: 0.001000, Total Time: 535.5740 s, Time this epoch: 103.4810 s
=====> Epoch: 6/300, Train Loss (train loader labels): 1.0817, Train acc (train loader labels): 0.4081, Best val acc: 0.4317, Current val acc: 0.4217, Val Loss: 1.0795
=====> Saving current model and best model
balance: False
selecting samples for epoch 7, ratio 0.1
=====> Epoch: 7/300, Total_step: 329, lr: 0.001000, Total Time: 570.4780 s, Time this epoch: 34.5780 s
=====> Epoch: 7/300, Train Loss (train loader labels): 1.0840, Train acc (train loader labels): 0.3893, Best val acc: 0.4317, Current val acc: 0.3980, Val Loss: 1.0830
=====> Saving current model and best model
balance: False
selecting samples for epoch 8, ratio 0.1
=====> Epoch: 8/300, Total_step: 376, lr: 0.001000, Total Time: 605.2443 s, Time this epoch: 34.4104 s
=====> Epoch: 8/300, Train Loss (train loader labels): 1.0804, Train acc (train loader labels): 0.4127, Best val acc: 0.4317, Current val acc: 0.4200, Val Loss: 1.0786
=====> Saving current model and best model
balance: False
selecting samples for epoch 9, ratio 0.1
=====> Epoch: 9/300, Total_step: 423, lr: 0.001000, Total Time: 640.2731 s, Time this epoch: 34.5528 s
=====> Epoch: 9/300, Train Loss (train loader labels): 1.0805, Train acc (train loader labels): 0.4093, Best val acc: 0.4317, Current val acc: 0.4083, Val Loss: 1.0800
=====> Saving current model and best model
balance: False
selecting samples for epoch 10, ratio 0.1
=====> Epoch: 10/300, Total_step: 470, lr: 0.001000, Total Time: 675.8862 s, Time this epoch: 34.9487 s
=====> Epoch: 10/300, Train Loss (train loader labels): 1.0830, Train acc (train loader labels): 0.3887, Best val acc: 0.4317, Current val acc: 0.3990, Val Loss: 1.0816
=====> Saving current model and best model
balance: False
selecting samples for epoch 11, ratio 0.1
=====> Epoch: 11/300, Total_step: 517, lr: 0.001000, Total Time: 710.7219 s, Time this epoch: 34.4560 s
=====> Epoch: 11/300, Train Loss (train loader labels): 1.0817, Train acc (train loader labels): 0.3908, Best val acc: 0.4317, Current val acc: 0.3983, Val Loss: 1.0802
=====> Saving current model and best model
balance: False
selecting samples for epoch 12, ratio 0.1
=====> Epoch: 12/300, Total_step: 564, lr: 0.001000, Total Time: 745.5843 s, Time this epoch: 34.4809 s
=====> Epoch: 12/300, Train Loss (train loader labels): 1.0788, Train acc (train loader labels): 0.4091, Best val acc: 0.4317, Current val acc: 0.4150, Val Loss: 1.0774
=====> Saving current model and best model
balance: False
selecting samples for epoch 13, ratio 0.1
=====> Epoch: 13/300, Total_step: 611, lr: 0.001000, Total Time: 780.4129 s, Time this epoch: 34.4824 s
=====> Epoch: 13/300, Train Loss (train loader labels): 1.0806, Train acc (train loader labels): 0.4291, Best val acc: 0.4357, Current val acc: 0.4357, Val Loss: 1.0787
=====> Saving current model and best model
balance: False
selecting samples for epoch 14, ratio 0.1
=====> Epoch: 14/300, Total_step: 658, lr: 0.001000, Total Time: 815.2603 s, Time this epoch: 34.5231 s
=====> Epoch: 14/300, Train Loss (train loader labels): 1.0799, Train acc (train loader labels): 0.4097, Best val acc: 0.4357, Current val acc: 0.4160, Val Loss: 1.0787
=====> Saving current model and best model
balance: False
selecting samples for epoch 15, ratio 0.1
=====> Epoch: 15/300, Total_step: 705, lr: 0.001000, Total Time: 851.0553 s, Time this epoch: 34.5700 s
=====> Epoch: 15/300, Train Loss (train loader labels): 1.0801, Train acc (train loader labels): 0.4162, Best val acc: 0.4357, Current val acc: 0.4333, Val Loss: 1.0786
=====> Saving current model and best model
balance: False
selecting samples for epoch 16, ratio 0.1
=====> Epoch: 16/300, Total_step: 752, lr: 0.001000, Total Time: 885.9255 s, Time this epoch: 34.4512 s
=====> Epoch: 16/300, Train Loss (train loader labels): 1.0812, Train acc (train loader labels): 0.4008, Best val acc: 0.4357, Current val acc: 0.4133, Val Loss: 1.0800
=====> Saving current model and best model
balance: False
selecting samples for epoch 17, ratio 0.1
=====> Epoch: 17/300, Total_step: 799, lr: 0.001000, Total Time: 920.9438 s, Time this epoch: 34.5682 s
=====> Epoch: 17/300, Train Loss (train loader labels): 1.0828, Train acc (train loader labels): 0.3965, Best val acc: 0.4357, Current val acc: 0.4087, Val Loss: 1.0815
=====> Saving current model and best model
balance: False
selecting samples for epoch 18, ratio 0.1
=====> Epoch: 18/300, Total_step: 846, lr: 0.001000, Total Time: 955.9289 s, Time this epoch: 34.6324 s
=====> Epoch: 18/300, Train Loss (train loader labels): 1.0840, Train acc (train loader labels): 0.4002, Best val acc: 0.4357, Current val acc: 0.4083, Val Loss: 1.0828
=====> Saving current model and best model
balance: False
selecting samples for epoch 19, ratio 0.1
=====> Epoch: 19/300, Total_step: 893, lr: 0.001000, Total Time: 991.0961 s, Time this epoch: 34.6635 s
=====> Epoch: 19/300, Train Loss (train loader labels): 1.0798, Train acc (train loader labels): 0.4172, Best val acc: 0.4357, Current val acc: 0.4270, Val Loss: 1.0780
=====> Saving current model and best model
balance: False
selecting samples for epoch 20, ratio 0.1
=====> Epoch: 20/300, Total_step: 940, lr: 0.001000, Total Time: 1026.2508 s, Time this epoch: 34.6793 s
=====> Epoch: 20/300, Train Loss (train loader labels): 1.0797, Train acc (train loader labels): 0.4195, Best val acc: 0.4357, Current val acc: 0.4300, Val Loss: 1.0778
=====> Saving current model and best model
balance: False
selecting samples for epoch 21, ratio 0.1
=====> Epoch: 21/300, Total_step: 987, lr: 0.001000, Total Time: 1061.4390 s, Time this epoch: 34.7616 s
=====> Epoch: 21/300, Train Loss (train loader labels): 1.0826, Train acc (train loader labels): 0.4023, Best val acc: 0.4357, Current val acc: 0.4063, Val Loss: 1.0814
=====> Saving current model and best model
balance: False
selecting samples for epoch 22, ratio 0.1
=====> Epoch: 22/300, Total_step: 1034, lr: 0.001000, Total Time: 1096.3310 s, Time this epoch: 34.5119 s
=====> Epoch: 22/300, Train Loss (train loader labels): 1.0770, Train acc (train loader labels): 0.4243, Best val acc: 0.4357, Current val acc: 0.4290, Val Loss: 1.0760
=====> Saving current model and best model
balance: False
selecting samples for epoch 23, ratio 0.1
=====> Epoch: 23/300, Total_step: 1081, lr: 0.001000, Total Time: 1131.2729 s, Time this epoch: 34.5688 s
=====> Epoch: 23/300, Train Loss (train loader labels): 1.0837, Train acc (train loader labels): 0.3890, Best val acc: 0.4357, Current val acc: 0.4003, Val Loss: 1.0822
=====> Saving current model and best model
balance: False
selecting samples for epoch 24, ratio 0.1
=====> Epoch: 24/300, Total_step: 1128, lr: 0.001000, Total Time: 1166.4066 s, Time this epoch: 34.7387 s
=====> Epoch: 24/300, Train Loss (train loader labels): 1.0816, Train acc (train loader labels): 0.3973, Best val acc: 0.4357, Current val acc: 0.4087, Val Loss: 1.0804
=====> Saving current model and best model
balance: False
selecting samples for epoch 25, ratio 0.1
=====> Epoch: 25/300, Total_step: 1175, lr: 0.001000, Total Time: 1201.4056 s, Time this epoch: 34.5316 s
=====> Epoch: 25/300, Train Loss (train loader labels): 1.0754, Train acc (train loader labels): 0.4378, Best val acc: 0.4450, Current val acc: 0.4450, Val Loss: 1.0742
=====> Saving current model and best model
balance: False
selecting samples for epoch 26, ratio 0.1
=====> Epoch: 26/300, Total_step: 1222, lr: 0.001000, Total Time: 1236.5228 s, Time this epoch: 34.6274 s
=====> Epoch: 26/300, Train Loss (train loader labels): 1.0821, Train acc (train loader labels): 0.3917, Best val acc: 0.4450, Current val acc: 0.3963, Val Loss: 1.0810
=====> Saving current model and best model
balance: False
selecting samples for epoch 27, ratio 0.1
=====> Saving current model and best model
balance: False
selecting samples for epoch 28, ratio 0.1
=====> Saving current model and best model
balance: False
selecting samples for epoch 29, ratio 0.1
=====> Epoch: 29/300, Total_step: 1363, lr: 0.001000, Total Time: 1306.5927 s, Time this epoch: 16.5356 s
=====> Epoch: 29/300, Train Loss (train loader labels): 1.0780, Train acc (train loader labels): 0.4263, Best val acc: 0.4450, Current val acc: 0.4360, Val Loss: 1.0765
=====> Saving current model and best model
balance: False
selecting samples for epoch 30, ratio 0.1
=====> Saving current model and best model
balance: False
selecting samples for epoch 31, ratio 0.1
=====> Saving current model and best model
balance: False
selecting samples for epoch 32, ratio 0.1
=====> Saving current model and best model
balance: False
selecting samples for epoch 33, ratio 0.1
=====> Epoch: 33/300, Total_step: 1551, lr: 0.001000, Total Time: 1393.1749 s, Time this epoch: 16.6331 s
=====> Epoch: 33/300, Train Loss (train loader labels): 1.0814, Train acc (train loader labels): 0.3995, Best val acc: 0.4450, Current val acc: 0.4053, Val Loss: 1.0800
=====> Saving current model and best model
balance: False
selecting samples for epoch 34, ratio 0.1
=====> Saving current model and best model
balance: False
selecting samples for epoch 35, ratio 0.1
=====> Saving current model and best model
balance: False
selecting samples for epoch 36, ratio 0.1
=====> Saving current model and best model
balance: False
selecting samples for epoch 37, ratio 0.1
=====> Epoch: 37/300, Total_step: 1739, lr: 0.001000, Total Time: 1479.5915 s, Time this epoch: 16.5403 s
=====> Epoch: 37/300, Train Loss (train loader labels): 1.0782, Train acc (train loader labels): 0.4139, Best val acc: 0.4450, Current val acc: 0.4287, Val Loss: 1.0763
=====> Saving current model and best model
balance: False
selecting samples for epoch 38, ratio 0.1
=====> Saving current model and best model
balance: False
selecting samples for epoch 39, ratio 0.1
=====> Saving current model and best model
balance: False
selecting samples for epoch 40, ratio 0.1
=====> Saving current model and best model
balance: False
selecting samples for epoch 41, ratio 0.1
=====> Epoch: 41/300, Total_step: 1927, lr: 0.001000, Total Time: 1565.9162 s, Time this epoch: 16.6080 s
=====> Epoch: 41/300, Train Loss (train loader labels): 1.0783, Train acc (train loader labels): 0.4042, Best val acc: 0.4450, Current val acc: 0.4150, Val Loss: 1.0770
=====> Saving current model and best model
balance: False
selecting samples for epoch 42, ratio 0.1
=====> Saving current model and best model
balance: False
selecting samples for epoch 43, ratio 0.1
=====> Saving current model and best model
balance: False
selecting samples for epoch 44, ratio 0.1
=====> Saving current model and best model
balance: False
selecting samples for epoch 45, ratio 0.1
=====> Epoch: 45/300, Total_step: 2115, lr: 0.001000, Total Time: 1651.7489 s, Time this epoch: 16.5570 s
=====> Epoch: 45/300, Train Loss (train loader labels): 1.0785, Train acc (train loader labels): 0.4207, Best val acc: 0.4450, Current val acc: 0.4333, Val Loss: 1.0770
=====> Saving current model and best model
balance: False
selecting samples for epoch 46, ratio 0.1
=====> Saving current model and best model
balance: False
selecting samples for epoch 47, ratio 0.1
=====> Saving current model and best model
balance: False
selecting samples for epoch 48, ratio 0.1
=====> Saving current model and best model
balance: False
selecting samples for epoch 49, ratio 0.1
=====> Epoch: 49/300, Total_step: 2303, lr: 0.001000, Total Time: 1738.0729 s, Time this epoch: 16.7088 s
=====> Epoch: 49/300, Train Loss (train loader labels): 1.0813, Train acc (train loader labels): 0.4005, Best val acc: 0.4450, Current val acc: 0.4043, Val Loss: 1.0791
=====> Saving current model and best model
balance: False
selecting samples for epoch 50, ratio 0.1
=====> Saving current model and best model
balance: False
selecting samples for epoch 51, ratio 0.1
=====> Saving current model and best model
balance: False
selecting samples for epoch 52, ratio 0.1
=====> Saving current model and best model
balance: False
selecting samples for epoch 53, ratio 0.1
=====> Epoch: 53/300, Total_step: 2491, lr: 0.001000, Total Time: 1824.1440 s, Time this epoch: 16.4842 s
=====> Epoch: 53/300, Train Loss (train loader labels): 1.0815, Train acc (train loader labels): 0.3933, Best val acc: 0.4450, Current val acc: 0.4017, Val Loss: 1.0800
=====> Saving current model and best model
balance: False
selecting samples for epoch 54, ratio 0.1
=====> Saving current model and best model
balance: False
selecting samples for epoch 55, ratio 0.1
=====> Saving current model and best model
balance: False
selecting samples for epoch 56, ratio 0.1
=====> Saving current model and best model
balance: False
selecting samples for epoch 57, ratio 0.1
=====> Epoch: 57/300, Total_step: 2679, lr: 0.001000, Total Time: 1910.4371 s, Time this epoch: 16.5457 s
=====> Epoch: 57/300, Train Loss (train loader labels): 1.0750, Train acc (train loader labels): 0.4377, Best val acc: 0.4533, Current val acc: 0.4533, Val Loss: 1.0725
=====> Saving current model and best model
balance: False
selecting samples for epoch 58, ratio 0.1
=====> Saving current model and best model
balance: False
selecting samples for epoch 59, ratio 0.1
=====> Saving current model and best model
balance: False
selecting samples for epoch 60, ratio 0.1
=====> Saving current model and best model
balance: False
selecting samples for epoch 61, ratio 0.1
=====> Epoch: 61/300, Total_step: 2867, lr: 0.001000, Total Time: 1997.4023 s, Time this epoch: 16.5583 s
=====> Epoch: 61/300, Train Loss (train loader labels): 1.0784, Train acc (train loader labels): 0.4220, Best val acc: 0.4533, Current val acc: 0.4330, Val Loss: 1.0773
=====> Saving current model and best model
balance: False
selecting samples for epoch 62, ratio 0.1
=====> Saving current model and best model
balance: False
selecting samples for epoch 63, ratio 0.1
=====> Saving current model and best model
balance: False
selecting samples for epoch 64, ratio 0.1
=====> Saving current model and best model
balance: False
selecting samples for epoch 65, ratio 0.1
=====> Epoch: 65/300, Total_step: 3055, lr: 0.001000, Total Time: 2083.5578 s, Time this epoch: 16.4366 s
=====> Epoch: 65/300, Train Loss (train loader labels): 1.0820, Train acc (train loader labels): 0.3909, Best val acc: 0.4533, Current val acc: 0.4067, Val Loss: 1.0809
=====> Saving current model and best model
balance: False
selecting samples for epoch 66, ratio 0.1
=====> Saving current model and best model
balance: False
selecting samples for epoch 67, ratio 0.1
=====> Saving current model and best model
balance: False
selecting samples for epoch 68, ratio 0.1
=====> Saving current model and best model
balance: False
selecting samples for epoch 69, ratio 0.1
=====> Saving current model and best model
balance: False
selecting samples for epoch 70, ratio 0.1
=====> Saving current model and best model
balance: False
selecting samples for epoch 71, ratio 0.1
=====> Saving current model and best model
balance: False
selecting samples for epoch 72, ratio 0.1
=====> Saving current model and best model
balance: False
selecting samples for epoch 73, ratio 0.1
=====> Saving current model and best model
balance: False
selecting samples for epoch 74, ratio 0.1
=====> Saving current model and best model
balance: False
selecting samples for epoch 75, ratio 0.1
=====> Saving current model and best model
balance: False
selecting samples for epoch 76, ratio 0.1
=====> Epoch: 76/300, Total_step: 3572, lr: 0.001000, Total Time: 2288.3598 s, Time this epoch: 16.5346 s
=====> Epoch: 76/300, Train Loss (train loader labels): 1.0820, Train acc (train loader labels): 0.3963, Best val acc: 0.4533, Current val acc: 0.4087, Val Loss: 1.0802
=====> Saving current model and best model
balance: False
selecting samples for epoch 77, ratio 0.1
=====> Saving current model and best model
balance: False
selecting samples for epoch 78, ratio 0.1
=====> Saving current model and best model
balance: False
selecting samples for epoch 79, ratio 0.1
=====> Saving current model and best model
balance: False
selecting samples for epoch 80, ratio 0.1
=====> Saving current model and best model
balance: False
selecting samples for epoch 81, ratio 0.1
=====> Saving current model and best model
balance: False
selecting samples for epoch 82, ratio 0.1
=====> Saving current model and best model
balance: False
selecting samples for epoch 83, ratio 0.1
=====> Saving current model and best model
balance: False
selecting samples for epoch 84, ratio 0.1
=====> Saving current model and best model
balance: False
selecting samples for epoch 85, ratio 0.1
=====> Saving current model and best model
balance: False
selecting samples for epoch 86, ratio 0.1
=====> Saving current model and best model
balance: False
selecting samples for epoch 87, ratio 0.1
=====> Saving current model and best model
balance: False
selecting samples for epoch 88, ratio 0.1
=====> Saving current model and best model
balance: False
selecting samples for epoch 89, ratio 0.1
=====> Saving current model and best model
balance: False
selecting samples for epoch 90, ratio 0.1
=====> Saving current model and best model
balance: False
selecting samples for epoch 91, ratio 0.1
=====> Epoch: 91/300, Total_step: 4277, lr: 0.001000, Total Time: 2560.3613 s, Time this epoch: 16.5370 s
=====> Epoch: 91/300, Train Loss (train loader labels): 1.0761, Train acc (train loader labels): 0.4265, Best val acc: 0.4533, Current val acc: 0.4370, Val Loss: 1.0746
=====> Saving current model and best model
balance: False
selecting samples for epoch 92, ratio 0.1
=====> Saving current model and best model
balance: False
selecting samples for epoch 93, ratio 0.1
=====> Saving current model and best model
balance: False
selecting samples for epoch 94, ratio 0.1
=====> Saving current model and best model
balance: False
selecting samples for epoch 95, ratio 0.1
=====> Saving current model and best model
balance: False
selecting samples for epoch 96, ratio 0.1
=====> Saving current model and best model
balance: False
selecting samples for epoch 97, ratio 0.1
=====> Saving current model and best model
balance: False
selecting samples for epoch 98, ratio 0.1
=====> Saving current model and best model
balance: False
selecting samples for epoch 99, ratio 0.1
=====> Saving current model and best model
balance: False
selecting samples for epoch 100, ratio 0.1
=====> Saving current model and best model
balance: False
selecting samples for epoch 101, ratio 0.1
=====> Saving current model and best model
balance: False
selecting samples for epoch 102, ratio 0.1
=====> Saving current model and best model
balance: False
selecting samples for epoch 103, ratio 0.1
=====> Saving current model and best model
balance: False
selecting samples for epoch 104, ratio 0.1
=====> Saving current model and best model
balance: False
selecting samples for epoch 105, ratio 0.1
=====> Saving current model and best model
balance: False
selecting samples for epoch 106, ratio 0.1
=====> Epoch: 106/300, Total_step: 4982, lr: 0.001000, Total Time: 2833.0644 s, Time this epoch: 16.4483 s
=====> Epoch: 106/300, Train Loss (train loader labels): 1.0823, Train acc (train loader labels): 0.3871, Best val acc: 0.4533, Current val acc: 0.3993, Val Loss: 1.0810
=====> Saving current model and best model
balance: False
selecting samples for epoch 107, ratio 0.1
=====> Saving current model and best model
balance: False
selecting samples for epoch 108, ratio 0.1
=====> Saving current model and best model
balance: False
selecting samples for epoch 109, ratio 0.1
=====> Saving current model and best model
balance: False
selecting samples for epoch 110, ratio 0.1
=====> Saving current model and best model
balance: False
selecting samples for epoch 111, ratio 0.1
=====> Saving current model and best model
balance: False
selecting samples for epoch 112, ratio 0.1
=====> Saving current model and best model
balance: False
selecting samples for epoch 113, ratio 0.1
=====> Saving current model and best model
balance: False
selecting samples for epoch 114, ratio 0.1
=====> Saving current model and best model
balance: False
selecting samples for epoch 115, ratio 0.1
=====> Saving current model and best model
balance: False
selecting samples for epoch 116, ratio 0.1
=====> Saving current model and best model
balance: False
selecting samples for epoch 117, ratio 0.1
=====> Saving current model and best model
balance: False
selecting samples for epoch 118, ratio 0.1
=====> Saving current model and best model
balance: False
selecting samples for epoch 119, ratio 0.1
=====> Saving current model and best model
balance: False
selecting samples for epoch 120, ratio 0.1
=====> Saving current model and best model
balance: False
selecting samples for epoch 121, ratio 0.1
=====> Epoch: 121/300, Total_step: 5687, lr: 0.001000, Total Time: 3106.2720 s, Time this epoch: 16.5944 s
=====> Epoch: 121/300, Train Loss (train loader labels): 1.0853, Train acc (train loader labels): 0.3965, Best val acc: 0.4533, Current val acc: 0.4033, Val Loss: 1.0842
=====> Saving current model and best model
balance: False
selecting samples for epoch 122, ratio 0.1
=====> Saving current model and best model
balance: False
selecting samples for epoch 123, ratio 0.1
=====> Saving current model and best model
balance: False
selecting samples for epoch 124, ratio 0.1
=====> Saving current model and best model
balance: False
selecting samples for epoch 125, ratio 0.1
=====> Saving current model and best model
balance: False
selecting samples for epoch 126, ratio 0.1
=====> Saving current model and best model
balance: False
selecting samples for epoch 127, ratio 0.1
=====> Saving current model and best model
balance: False
selecting samples for epoch 128, ratio 0.1
=====> Saving current model and best model
balance: False
selecting samples for epoch 129, ratio 0.1
=====> Saving current model and best model
balance: False
selecting samples for epoch 130, ratio 0.1
=====> Saving current model and best model
balance: False
selecting samples for epoch 131, ratio 0.1
=====> Saving current model and best model
balance: False
selecting samples for epoch 132, ratio 0.1
=====> Saving current model and best model
balance: False
selecting samples for epoch 133, ratio 0.1
=====> Saving current model and best model
balance: False
selecting samples for epoch 134, ratio 0.1
=====> Saving current model and best model
balance: False
selecting samples for epoch 135, ratio 0.1
=====> Saving current model and best model
balance: False
selecting samples for epoch 136, ratio 0.1
=====> Epoch: 136/300, Total_step: 6392, lr: 0.001000, Total Time: 3379.2562 s, Time this epoch: 16.5387 s
=====> Epoch: 136/300, Train Loss (train loader labels): 1.0851, Train acc (train loader labels): 0.3904, Best val acc: 0.4533, Current val acc: 0.4017, Val Loss: 1.0833
=====> Saving current model and best model
balance: False
selecting samples for epoch 137, ratio 0.1
=====> Saving current model and best model
balance: False
selecting samples for epoch 138, ratio 0.1
=====> Saving current model and best model
balance: False
selecting samples for epoch 139, ratio 0.1
=====> Saving current model and best model
balance: False
selecting samples for epoch 140, ratio 0.1
=====> Saving current model and best model
balance: False
selecting samples for epoch 141, ratio 0.1
=====> Saving current model and best model
balance: False
selecting samples for epoch 142, ratio 0.1
=====> Saving current model and best model
balance: False
selecting samples for epoch 143, ratio 0.1
=====> Saving current model and best model
balance: False
selecting samples for epoch 144, ratio 0.1
=====> Saving current model and best model
balance: False
selecting samples for epoch 145, ratio 0.1
=====> Saving current model and best model
balance: False
selecting samples for epoch 146, ratio 0.1
=====> Saving current model and best model
balance: False
selecting samples for epoch 147, ratio 0.1
=====> Saving current model and best model
balance: False
selecting samples for epoch 148, ratio 0.1
=====> Saving current model and best model
balance: False
selecting samples for epoch 149, ratio 0.1
=====> Saving current model and best model
balance: False
selecting samples for epoch 150, ratio 0.1
=====> Saving current model and best model
balance: False
selecting samples for epoch 151, ratio 0.1
=====> Epoch: 151/300, Total_step: 7097, lr: 0.001000, Total Time: 3652.1986 s, Time this epoch: 16.6025 s
=====> Epoch: 151/300, Train Loss (train loader labels): 1.0856, Train acc (train loader labels): 0.3738, Best val acc: 0.4533, Current val acc: 0.3900, Val Loss: 1.0840
=====> Saving current model and best model
balance: False
selecting samples for epoch 152, ratio 0.1
=====> Saving current model and best model
balance: False
selecting samples for epoch 153, ratio 0.1
=====> Saving current model and best model
balance: False
selecting samples for epoch 154, ratio 0.1
=====> Saving current model and best model
balance: False
selecting samples for epoch 155, ratio 0.1
=====> Saving current model and best model
balance: False
selecting samples for epoch 156, ratio 0.1
=====> Saving current model and best model
balance: False
selecting samples for epoch 157, ratio 0.1
=====> Saving current model and best model
balance: False
selecting samples for epoch 158, ratio 0.1
=====> Saving current model and best model
balance: False
selecting samples for epoch 159, ratio 0.1
=====> Saving current model and best model
balance: False
selecting samples for epoch 160, ratio 0.1
=====> Saving current model and best model
balance: False
selecting samples for epoch 161, ratio 0.1
=====> Saving current model and best model
balance: False
selecting samples for epoch 162, ratio 0.1
=====> Saving current model and best model
balance: False
selecting samples for epoch 163, ratio 0.1
=====> Saving current model and best model
balance: False
selecting samples for epoch 164, ratio 0.1
=====> Saving current model and best model
balance: False
selecting samples for epoch 165, ratio 0.1
=====> Saving current model and best model
balance: False
selecting samples for epoch 166, ratio 0.1
=====> Epoch: 166/300, Total_step: 7802, lr: 0.001000, Total Time: 3928.4246 s, Time this epoch: 16.5536 s
=====> Epoch: 166/300, Train Loss (train loader labels): 1.0820, Train acc (train loader labels): 0.4067, Best val acc: 0.4533, Current val acc: 0.4210, Val Loss: 1.0791
=====> Saving current model and best model
balance: False
selecting samples for epoch 167, ratio 0.1
=====> Saving current model and best model
balance: False
selecting samples for epoch 168, ratio 0.1
=====> Saving current model and best model
balance: False
selecting samples for epoch 169, ratio 0.1
=====> Saving current model and best model
balance: False
selecting samples for epoch 170, ratio 0.1
=====> Saving current model and best model
balance: False
selecting samples for epoch 171, ratio 0.1
=====> Saving current model and best model
balance: False
selecting samples for epoch 172, ratio 0.1
=====> Saving current model and best model
balance: False
selecting samples for epoch 173, ratio 0.1
=====> Saving current model and best model
balance: False
selecting samples for epoch 174, ratio 0.1
=====> Saving current model and best model
balance: False
selecting samples for epoch 175, ratio 0.1
=====> Saving current model and best model
balance: False
selecting samples for epoch 176, ratio 0.1
=====> Saving current model and best model
balance: False
selecting samples for epoch 177, ratio 0.1
=====> Saving current model and best model
balance: False
selecting samples for epoch 178, ratio 0.1
=====> Saving current model and best model
balance: False
selecting samples for epoch 179, ratio 0.1
=====> Saving current model and best model
balance: False
selecting samples for epoch 180, ratio 0.1
=====> Saving current model and best model
balance: False
selecting samples for epoch 181, ratio 0.1
=====> Epoch: 181/300, Total_step: 8507, lr: 0.001000, Total Time: 4203.0440 s, Time this epoch: 16.5890 s
=====> Epoch: 181/300, Train Loss (train loader labels): 55.8611, Train acc (train loader labels): 0.3719, Best val acc: 0.4533, Current val acc: 0.3703, Val Loss: 56.7480
=====> Saving current model and best model
balance: False
selecting samples for epoch 182, ratio 0.1
=====> Saving current model and best model
balance: False
selecting samples for epoch 183, ratio 0.1
=====> Saving current model and best model
balance: False
selecting samples for epoch 184, ratio 0.1
=====> Saving current model and best model
balance: False
selecting samples for epoch 185, ratio 0.1
=====> Saving current model and best model
balance: False
selecting samples for epoch 186, ratio 0.1
=====> Saving current model and best model
balance: False
selecting samples for epoch 187, ratio 0.1
=====> Saving current model and best model
balance: False
selecting samples for epoch 188, ratio 0.1
=====> Saving current model and best model
balance: False
selecting samples for epoch 189, ratio 0.1
=====> Saving current model and best model
balance: False
selecting samples for epoch 190, ratio 0.1
=====> Saving current model and best model
balance: False
selecting samples for epoch 191, ratio 0.1
=====> Saving current model and best model
balance: False
selecting samples for epoch 192, ratio 0.1
=====> Saving current model and best model
balance: False
selecting samples for epoch 193, ratio 0.1
=====> Saving current model and best model
balance: False
selecting samples for epoch 194, ratio 0.1
=====> Saving current model and best model
balance: False
selecting samples for epoch 195, ratio 0.1
=====> Saving current model and best model
balance: False
selecting samples for epoch 196, ratio 0.1
=====> Epoch: 196/300, Total_step: 9212, lr: 0.001000, Total Time: 4480.7428 s, Time this epoch: 16.6290 s
=====> Epoch: 196/300, Train Loss (train loader labels): 22.9828, Train acc (train loader labels): 0.3329, Best val acc: 0.4533, Current val acc: 0.3247, Val Loss: 22.9765
=====> Saving current model and best model
balance: False
selecting samples for epoch 197, ratio 0.1
=====> Saving current model and best model
balance: False
selecting samples for epoch 198, ratio 0.1
=====> Saving current model and best model
balance: False
selecting samples for epoch 199, ratio 0.1
=====> Saving current model and best model
balance: False
selecting samples for epoch 200, ratio 0.1
=====> Saving current model and best model
balance: False
selecting samples for epoch 201, ratio 0.1
=====> Saving current model and best model
balance: False
selecting samples for epoch 202, ratio 0.1
=====> Saving current model and best model
balance: False
selecting samples for epoch 203, ratio 0.1
=====> Saving current model and best model
balance: False
selecting samples for epoch 204, ratio 0.1
=====> Saving current model and best model
balance: False
selecting samples for epoch 205, ratio 0.1
=====> Saving current model and best model
balance: False
selecting samples for epoch 206, ratio 0.1
=====> Saving current model and best model
balance: False
selecting samples for epoch 207, ratio 0.1
=====> Saving current model and best model
balance: False
selecting samples for epoch 208, ratio 0.1
=====> Saving current model and best model
balance: False
selecting samples for epoch 209, ratio 0.1
=====> Saving current model and best model
balance: False
selecting samples for epoch 210, ratio 0.1
=====> Saving current model and best model
balance: False
selecting samples for epoch 211, ratio 0.1
=====> Epoch: 211/300, Total_step: 9917, lr: 0.001000, Total Time: 4756.0217 s, Time this epoch: 16.5171 s
=====> Epoch: 211/300, Train Loss (train loader labels): 12.8393, Train acc (train loader labels): 0.3799, Best val acc: 0.4533, Current val acc: 0.3743, Val Loss: 12.4061
=====> Saving current model and best model
balance: False
selecting samples for epoch 212, ratio 0.1
=====> Saving current model and best model
balance: False
selecting samples for epoch 213, ratio 0.1
=====> Saving current model and best model
balance: False
selecting samples for epoch 214, ratio 0.1
=====> Saving current model and best model
balance: False
selecting samples for epoch 215, ratio 0.1
=====> Saving current model and best model
balance: False
selecting samples for epoch 216, ratio 0.1
=====> Saving current model and best model
balance: False
selecting samples for epoch 217, ratio 0.1
=====> Saving current model and best model
balance: False
selecting samples for epoch 218, ratio 0.1
=====> Saving current model and best model
balance: False
selecting samples for epoch 219, ratio 0.1
=====> Saving current model and best model
balance: False
selecting samples for epoch 220, ratio 0.1
=====> Saving current model and best model
balance: False
selecting samples for epoch 221, ratio 0.1
=====> Saving current model and best model
balance: False
selecting samples for epoch 222, ratio 0.1
=====> Saving current model and best model
balance: False
selecting samples for epoch 223, ratio 0.1
=====> Saving current model and best model
balance: False
selecting samples for epoch 224, ratio 0.1
=====> Saving current model and best model
balance: False
selecting samples for epoch 225, ratio 0.1
=====> Saving current model and best model
balance: False
selecting samples for epoch 226, ratio 0.1
=====> Epoch: 226/300, Total_step: 10622, lr: 0.001000, Total Time: 5031.0082 s, Time this epoch: 16.5069 s
=====> Epoch: 226/300, Train Loss (train loader labels): 8.1575, Train acc (train loader labels): 0.3797, Best val acc: 0.4533, Current val acc: 0.3983, Val Loss: 8.5280
=====> Saving current model and best model
balance: False
selecting samples for epoch 227, ratio 0.1
=====> Saving current model and best model
balance: False
selecting samples for epoch 228, ratio 0.1
=====> Saving current model and best model
balance: False
selecting samples for epoch 229, ratio 0.1
=====> Saving current model and best model
balance: False
selecting samples for epoch 230, ratio 0.1
=====> Saving current model and best model
balance: False
selecting samples for epoch 231, ratio 0.1
=====> Saving current model and best model
balance: False
selecting samples for epoch 232, ratio 0.1
=====> Saving current model and best model
balance: False
selecting samples for epoch 233, ratio 0.1
=====> Saving current model and best model
balance: False
selecting samples for epoch 234, ratio 0.1
=====> Saving current model and best model
balance: False
selecting samples for epoch 235, ratio 0.1
=====> Saving current model and best model
balance: False
selecting samples for epoch 236, ratio 0.1
=====> Saving current model and best model
balance: False
selecting samples for epoch 237, ratio 0.1
=====> Saving current model and best model
balance: False
selecting samples for epoch 238, ratio 0.1
=====> Saving current model and best model
balance: False
selecting samples for epoch 239, ratio 0.1
=====> Saving current model and best model
balance: False
selecting samples for epoch 240, ratio 0.1
=====> Saving current model and best model
balance: False
selecting samples for epoch 241, ratio 0.1
=====> Epoch: 241/300, Total_step: 11327, lr: 0.001000, Total Time: 5306.7409 s, Time this epoch: 16.6651 s
=====> Epoch: 241/300, Train Loss (train loader labels): 12.0581, Train acc (train loader labels): 0.3689, Best val acc: 0.4533, Current val acc: 0.3717, Val Loss: 11.9755
=====> Saving current model and best model
balance: False
selecting samples for epoch 242, ratio 0.1
=====> Saving current model and best model
balance: False
selecting samples for epoch 243, ratio 0.1
=====> Saving current model and best model
balance: False
selecting samples for epoch 244, ratio 0.1
=====> Saving current model and best model
balance: False
selecting samples for epoch 245, ratio 0.1
=====> Saving current model and best model
balance: False
selecting samples for epoch 246, ratio 0.1
=====> Saving current model and best model
balance: False
selecting samples for epoch 247, ratio 0.1
=====> Saving current model and best model
balance: False
selecting samples for epoch 248, ratio 0.1
=====> Saving current model and best model
balance: False
selecting samples for epoch 249, ratio 0.1
=====> Saving current model and best model
balance: False
selecting samples for epoch 250, ratio 0.1
=====> Saving current model and best model
balance: False
selecting samples for epoch 251, ratio 0.1
=====> Saving current model and best model
balance: False
selecting samples for epoch 252, ratio 0.1
=====> Saving current model and best model
balance: False
selecting samples for epoch 253, ratio 0.1
=====> Saving current model and best model
balance: False
selecting samples for epoch 254, ratio 0.1
=====> Saving current model and best model
balance: False
selecting samples for epoch 255, ratio 0.1
=====> Saving current model and best model
balance: False
selecting samples for epoch 256, ratio 0.1
=====> Epoch: 256/300, Total_step: 12032, lr: 0.001000, Total Time: 5581.4705 s, Time this epoch: 16.6431 s
=====> Epoch: 256/300, Train Loss (train loader labels): 10.2143, Train acc (train loader labels): 0.3370, Best val acc: 0.4533, Current val acc: 0.3380, Val Loss: 10.2511
=====> Saving current model and best model
balance: False
selecting samples for epoch 257, ratio 0.1
=====> Saving current model and best model
balance: False
selecting samples for epoch 258, ratio 0.1
=====> Saving current model and best model
balance: False
selecting samples for epoch 259, ratio 0.1
=====> Saving current model and best model
balance: False
selecting samples for epoch 260, ratio 0.1
=====> Saving current model and best model
balance: False
selecting samples for epoch 261, ratio 0.1
=====> Saving current model and best model
balance: False
selecting samples for epoch 262, ratio 0.1
=====> Saving current model and best model
balance: False
selecting samples for epoch 263, ratio 0.1
=====> Saving current model and best model
balance: False
selecting samples for epoch 264, ratio 0.1
=====> Saving current model and best model
balance: False
selecting samples for epoch 265, ratio 0.1
=====> Saving current model and best model
balance: False
selecting samples for epoch 266, ratio 0.1
=====> Saving current model and best model
balance: False
selecting samples for epoch 267, ratio 0.1
=====> Saving current model and best model
balance: False
selecting samples for epoch 268, ratio 0.1
=====> Saving current model and best model
balance: False
selecting samples for epoch 269, ratio 0.1
=====> Saving current model and best model
balance: False
selecting samples for epoch 270, ratio 0.1
=====> Saving current model and best model
balance: False
selecting samples for epoch 271, ratio 0.1
=====> Epoch: 271/300, Total_step: 12737, lr: 0.001000, Total Time: 5855.7955 s, Time this epoch: 16.6991 s
=====> Epoch: 271/300, Train Loss (train loader labels): 3.1391, Train acc (train loader labels): 0.3913, Best val acc: 0.4533, Current val acc: 0.3860, Val Loss: 3.2477
=====> Saving current model and best model
balance: False
selecting samples for epoch 272, ratio 0.1
=====> Saving current model and best model
balance: False
selecting samples for epoch 273, ratio 0.1
=====> Saving current model and best model
balance: False
selecting samples for epoch 274, ratio 0.1
=====> Saving current model and best model
balance: False
selecting samples for epoch 275, ratio 0.1
=====> Saving current model and best model
balance: False
selecting samples for epoch 276, ratio 0.1
=====> Saving current model and best model
balance: False
selecting samples for epoch 277, ratio 0.1
=====> Saving current model and best model
balance: False
selecting samples for epoch 278, ratio 0.1
=====> Saving current model and best model
balance: False
selecting samples for epoch 279, ratio 0.1
=====> Saving current model and best model
balance: False
selecting samples for epoch 280, ratio 0.1
=====> Saving current model and best model
balance: False
selecting samples for epoch 281, ratio 0.1
=====> Saving current model and best model
balance: False
selecting samples for epoch 282, ratio 0.1
=====> Saving current model and best model
balance: False
selecting samples for epoch 283, ratio 0.1
=====> Saving current model and best model
balance: False
selecting samples for epoch 284, ratio 0.1
=====> Saving current model and best model
balance: False
selecting samples for epoch 285, ratio 0.1
=====> Saving current model and best model
balance: False
selecting samples for epoch 286, ratio 0.1
=====> Epoch: 286/300, Total_step: 13442, lr: 0.001000, Total Time: 6130.2308 s, Time this epoch: 16.5463 s
=====> Epoch: 286/300, Train Loss (train loader labels): 6.0496, Train acc (train loader labels): 0.3883, Best val acc: 0.4533, Current val acc: 0.3997, Val Loss: 6.3269
=====> Saving current model and best model
balance: False
selecting samples for epoch 287, ratio 0.1
=====> Saving current model and best model
balance: False
selecting samples for epoch 288, ratio 0.1
=====> Saving current model and best model
balance: False
selecting samples for epoch 289, ratio 0.1
=====> Saving current model and best model
balance: False
selecting samples for epoch 290, ratio 0.1
=====> Saving current model and best model
balance: False
selecting samples for epoch 291, ratio 0.1
=====> Saving current model and best model
balance: False
selecting samples for epoch 292, ratio 0.1
=====> Saving current model and best model
balance: False
selecting samples for epoch 293, ratio 0.1
=====> Saving current model and best model
balance: False
selecting samples for epoch 294, ratio 0.1
=====> Saving current model and best model
balance: False
selecting samples for epoch 295, ratio 0.1
=====> Saving current model and best model
balance: False
selecting samples for epoch 296, ratio 0.1
=====> Saving current model and best model
balance: False
selecting samples for epoch 297, ratio 0.1
=====> Saving current model and best model
balance: False
selecting samples for epoch 298, ratio 0.1
=====> Saving current model and best model
balance: False
selecting samples for epoch 299, ratio 0.1
=====> Saving current model and best model
balance: False
selecting samples for epoch 300, ratio 0.1
=====> Epoch: 300/300, Total_step: 14100, lr: 0.001000, Total Time: 6387.5162 s, Time this epoch: 16.6261 s
=====> Epoch: 300/300, Train Loss (train loader labels): 3.2330, Train acc (train loader labels): 0.3673, Best val acc: 0.4533, Current val acc: 0.3820, Val Loss: 3.2473
=====> Saving current model and best model
Saved helper snapshots to /home/mward19/Documents/miller/Online-Batch-Selection/snapshots/CIFAR3/{"bsel":"RhoLoss","seed":1,"model":"DeepLinear","opt":"adamw","bs":320,"ratio":0.1,"lr":0.001,"wd":0.01,"layers":8,"hidden_dim":1000}.p
Saved selected points array to /home/mward19/Documents/miller/Online-Batch-Selection/selected_points/CIFAR3/{"bsel":"RhoLoss","seed":1,"model":"DeepLinear","opt":"adamw","bs":320,"ratio":0.1,"lr":0.001,"wd":0.01,"layers":8,"hidden_dim":1000}.npy
========================= End Main =========================
