wandb: Tracking run with wandb version 0.27.0
wandb: W&B syncing is set to `offline` in this directory. Run `wandb online` or set WANDB_MODE=online to enable cloud syncing.
wandb: Run data is saved locally in exp/MNIST/DivBS_deeplinear_bs320_ep300_lr0.001_AdamW_constant_seed3_r0.1_8_hidden/wandb/offline-run-20260605_190125-pepw4edo
wandb: 
wandb: Run history:
wandb:                                best_val_acc 鈻佲杹鈻嗏枂鈻嗏枂鈻嗏枂鈻嗏枃鈻団枃鈻団枃鈻団枃鈻団枃鈻団枃鈻団枃鈻団枃鈻団枃鈻団枃鈻団枃鈻団枃鈻団枃鈻団枃鈻団枃鈻団枅
wandb:                           diagnostics/epoch 鈻佲杹鈻佲杹鈻佲杹鈻佲杹鈻佲杹鈻佲杹鈻佲杹鈻佲杹鈻佲杹鈻佲杹鈻佲杹鈻傗杺鈻傗杺鈻傗杺鈻傗杺鈻傗杻鈻勨杽鈻呪枀鈻嗏枃鈻団枅
wandb: diagnostics/fixed_train_logits_norm_l2_mean 鈻佲杹鈻佲杹鈻佲杹鈻佲杹鈻佲杹鈻佲枅鈻佲杹鈻佲杹鈻佲杹鈻佲杹鈻佲杹鈻佲杹鈻佲杹鈻佲杹鈻佲杹鈻佲杹鈻佲杹鈻佲杹鈻佲杹鈻佲杹
wandb:        diagnostics/test_logits_norm_l2_mean 鈻佲杹鈻佲杹鈻佲杹鈻佲杹鈻佲杹鈻佲杹鈻佲杹鈻佲枅鈻佲杹鈻佲杹鈻佲杹鈻佲杹鈻佲杹鈻佲杹鈻佲杹鈻佲杹鈻佲杹鈻佲杹鈻佲杹鈻佲杹
wandb:                      diagnostics/total_step 鈻佲杹鈻佲杹鈻佲杹鈻佲杹鈻佲杹鈻佲杹鈻佲杹鈻佲杹鈻佲杹鈻佲杹鈻佲杹鈻佲杺鈻傗杺鈻傗杺鈻傗杺鈻冣杻鈻冣杽鈻呪枂鈻嗏枃鈻団枅
wandb:                                       epoch 鈻佲杹鈻佲杹鈻佲杹鈻佲杹鈻佲杹鈻佲杹鈻佲杹鈻佲杹鈻佲杹鈻佲杹鈻佲杹鈻佲杹鈻傗杺鈻傗杺鈻傗杺鈻傗杺鈻冣杻鈻勨枀鈻嗏枂鈻団枅
wandb:                                          lr 鈻佲杹鈻佲杹鈻佲杹鈻佲杹鈻佲杹鈻佲杹鈻佲杹鈻佲杹鈻佲杹鈻佲杹鈻佲杹鈻佲杹鈻佲杹鈻佲杹鈻佲杹鈻佲杹鈻佲杹鈻佲杹鈻佲杹鈻佲杹
wandb:                                  time_epoch 鈻佲杹鈻佲杹鈻堚枅鈻堚枅鈻堚枅鈻堚枅鈻堚枅鈻勨杽鈻勨杽鈻勨杽鈻勨杽鈻勨杽鈻勨杽鈻傗杺鈻傗杺鈻傗杺鈻傗杺鈻傗杺鈻傗杺鈻傗杺
wandb:                                  total_time 鈻佲杹鈻佲杹鈻佲杹鈻佲杹鈻佲杹鈻佲杹鈻佲杹鈻佲杺鈻傗杺鈻傗杺鈻傗杺鈻傗杺鈻傗杺鈻傗杺鈻冣杻鈻冣杻鈻冣杽鈻勨枀鈻団枃鈻団枅
wandb:                                   train_acc 鈻佲杹鈻呪枂鈻冣枀鈻嗏杽鈻呪杽鈻嗏枂鈻嗏枀鈻嗏杺鈻勨枀鈻呪枀鈻勨枀鈻嗏枂鈻呪枀鈻団枃鈻団枃鈻勨枂鈻団枃鈻団枃鈻団枀鈻団枅
wandb:                                          +5 ...
wandb: 
wandb: Run summary:
wandb:                                best_val_acc 0.6675
wandb:                           diagnostics/epoch 300
wandb: diagnostics/fixed_train_logits_norm_l2_mean 10.40624
wandb:        diagnostics/test_logits_norm_l2_mean 9.96831
wandb:                      diagnostics/total_step 56400
wandb:                         diagnostics/trigger batch_update
wandb:                                       epoch 300
wandb:                                          lr 0.001
wandb:                                  time_epoch 50.62802
wandb:                                  total_time 19042.2106
wandb:                                          +6 ...
wandb: 
wandb: You can sync this run to the cloud by running:
wandb: wandb sync exp/MNIST/DivBS_deeplinear_bs320_ep300_lr0.001_AdamW_constant_seed3_r0.1_8_hidden/wandb/offline-run-20260605_190125-pepw4edo
wandb: Find logs at: exp/MNIST/DivBS_deeplinear_bs320_ep300_lr0.001_AdamW_constant_seed3_r0.1_8_hidden/wandb/offline-run-20260605_190125-pepw4edo/logs
