save_dir: ./exp/CIFAR3/DivBS_deeplinear_bs320_ep300_lr0.001_AdamW_constant_seed1_r0.1_100_hidden
=====> Loading config files: 
configs/cifar3/method/divbs-0.1.yaml
configs/cifar3/data/cifar3.yaml
configs/cifar3/model/deep_linear_saxe/deep_linear_100.yaml
configs/cifar3/optim/adamw-320-0.001-0.01.yaml
configs/diagnostics/snapshots_log_interval.yaml
=====> Config files loaded.
========================= Start Main =========================
=====> Saving config file
=====> Config file saved
=====> Using fixed random seed: 1
=====> Wandb initialized
=====> Number of GPUs: 1
Creating DivBS...
Begin training for DivBS...
=====> Epoch: 0/300, Total_step: 0, lr: 0.001000, Total Time: 0.0000 s, Time this epoch: 0.0000 s
=====> Epoch: 0/300, Train Loss (train loader labels): 1.0989, Train acc (train loader labels): 0.3333, Best val acc: 0.3333, Current val acc: 0.3333, Val Loss: 1.0989
balance: False
selecting samples for epoch 1, ratio 0.1
=====> Epoch: 1/300, Total_step: 1, lr: 0.001000, Total Time: 0.0000 s, Time this epoch: 0.0000 s
=====> Epoch: 1/300, Train Loss (train loader labels): 1.1728, Train acc (train loader labels): 0.3333, Best val acc: 0.3333, Current val acc: 0.3333, Val Loss: 1.1728
=====> Epoch: 1/300, Total_step: 12, lr: 0.001000, Total Time: 0.0000 s, Time this epoch: 0.0000 s
=====> Epoch: 1/300, Train Loss (train loader labels): 1.9221, Train acc (train loader labels): 0.3333, Best val acc: 0.3333, Current val acc: 0.3333, Val Loss: 1.9221
=====> Epoch: 1/300, Total_step: 23, lr: 0.001000, Total Time: 0.0000 s, Time this epoch: 0.0000 s
=====> Epoch: 1/300, Train Loss (train loader labels): 25062414.0000, Train acc (train loader labels): 0.3333, Best val acc: 0.3333, Current val acc: 0.3333, Val Loss: 25062512.0000
=====> Epoch: 1/300, Total_step: 34, lr: 0.001000, Total Time: 0.0000 s, Time this epoch: 0.0000 s
=====> Epoch: 1/300, Train Loss (train loader labels): 2381337906380800.0000, Train acc (train loader labels): 0.3455, Best val acc: 0.3550, Current val acc: 0.3550, Val Loss: 2275789621952512.0000
=====> Epoch: 1/300, Total_step: 45, lr: 0.001000, Total Time: 0.0000 s, Time this epoch: 0.0000 s
=====> Epoch: 1/300, Train Loss (train loader labels): 35581544894562304.0000, Train acc (train loader labels): 0.2973, Best val acc: 0.3550, Current val acc: 0.3053, Val Loss: 36165230950088704.0000
=====> Saving current model and best model
balance: False
selecting samples for epoch 2, ratio 0.1
[1;34mwandb[0m: 
[1;34mwandb[0m: You can sync this run to the cloud by running:
[1;34mwandb[0m: [1mwandb sync exp/CIFAR3/DivBS_deeplinear_bs320_ep300_lr0.001_AdamW_constant_seed1_r0.1_100_hidden/wandb/offline-run-20260605_170013-1tne9lu9[0m
