save_dir: ./exp/MNIST/DivBS_deeplinear_bs320_ep300_lr0.001_AdamW_constant_seed1_r0.1_3_hidden
=====> Loading config files: 
configs/mnist/method/divbs-0.1.yaml
configs/mnist/data/mnist.yaml
configs/mnist/model/deep_linear_saxe/deep_linear_3.yaml
configs/mnist/optim/adamw-320-0.001-0.01.yaml
configs/diagnostics/snapshots_log_interval.yaml
=====> Config files loaded.
========================= Start Main =========================
=====> Saving config file
=====> Config file saved
=====> Using fixed random seed: 1
=====> Wandb initialized
=====> Number of GPUs: 1
Creating DivBS...
Begin training for DivBS...
=====> Epoch: 0/300, Total_step: 0, lr: 0.001000, Total Time: 0.0000 s, Time this epoch: 0.0000 s
=====> Epoch: 0/300, Train Loss (train loader labels): 2.3156, Train acc (train loader labels): 0.0983, Best val acc: 0.1041, Current val acc: 0.1041, Val Loss: 2.3183
balance: False
selecting samples for epoch 1, ratio 0.1
=====> Epoch: 1/300, Total_step: 1, lr: 0.001000, Total Time: 0.0000 s, Time this epoch: 0.0000 s
=====> Epoch: 1/300, Train Loss (train loader labels): 2.6432, Train acc (train loader labels): 0.1777, Best val acc: 0.2149, Current val acc: 0.2149, Val Loss: 2.5336
=====> Epoch: 1/300, Total_step: 48, lr: 0.001000, Total Time: 0.0000 s, Time this epoch: 0.0000 s
=====> Epoch: 1/300, Train Loss (train loader labels): 1.8509, Train acc (train loader labels): 0.3535, Best val acc: 0.4247, Current val acc: 0.4247, Val Loss: 1.6595
=====> Epoch: 1/300, Total_step: 95, lr: 0.001000, Total Time: 0.0000 s, Time this epoch: 0.0000 s
=====> Epoch: 1/300, Train Loss (train loader labels): 1.8432, Train acc (train loader labels): 0.3561, Best val acc: 0.5144, Current val acc: 0.5144, Val Loss: 1.5199
=====> Epoch: 1/300, Total_step: 142, lr: 0.001000, Total Time: 0.0000 s, Time this epoch: 0.0000 s
=====> Epoch: 1/300, Train Loss (train loader labels): 1.7773, Train acc (train loader labels): 0.3723, Best val acc: 0.5144, Current val acc: 0.4016, Val Loss: 1.5759
=====> Saving current model and best model
balance: False
selecting samples for epoch 2, ratio 0.1
=====> Epoch: 2/300, Total_step: 189, lr: 0.001000, Total Time: 320.1394 s, Time this epoch: 265.3809 s
=====> Epoch: 2/300, Train Loss (train loader labels): 1.7997, Train acc (train loader labels): 0.4068, Best val acc: 0.5144, Current val acc: 0.4874, Val Loss: 1.6168
=====> Epoch: 2/300, Total_step: 236, lr: 0.001000, Total Time: 320.1394 s, Time this epoch: 265.3809 s
=====> Epoch: 2/300, Train Loss (train loader labels): 1.7031, Train acc (train loader labels): 0.4324, Best val acc: 0.5285, Current val acc: 0.5285, Val Loss: 1.4422
=====> Epoch: 2/300, Total_step: 283, lr: 0.001000, Total Time: 320.1394 s, Time this epoch: 265.3809 s
=====> Epoch: 2/300, Train Loss (train loader labels): 1.7360, Train acc (train loader labels): 0.4076, Best val acc: 0.5285, Current val acc: 0.4807, Val Loss: 1.5307
=====> Epoch: 2/300, Total_step: 330, lr: 0.001000, Total Time: 320.1394 s, Time this epoch: 265.3809 s
=====> Epoch: 2/300, Train Loss (train loader labels): 1.6986, Train acc (train loader labels): 0.4443, Best val acc: 0.5658, Current val acc: 0.5658, Val Loss: 1.4171
=====> Saving current model and best model
balance: False
selecting samples for epoch 3, ratio 0.1
=====> Epoch: 3/300, Total_step: 377, lr: 0.001000, Total Time: 591.8895 s, Time this epoch: 271.4025 s
=====> Epoch: 3/300, Train Loss (train loader labels): 1.7334, Train acc (train loader labels): 0.4274, Best val acc: 0.6188, Current val acc: 0.6188, Val Loss: 1.3927
=====> Epoch: 3/300, Total_step: 424, lr: 0.001000, Total Time: 591.8895 s, Time this epoch: 271.4025 s
=====> Epoch: 3/300, Train Loss (train loader labels): 1.7065, Train acc (train loader labels): 0.4221, Best val acc: 0.6188, Current val acc: 0.4400, Val Loss: 1.4863
=====> Epoch: 3/300, Total_step: 471, lr: 0.001000, Total Time: 591.8895 s, Time this epoch: 271.4025 s
=====> Epoch: 3/300, Train Loss (train loader labels): 1.7297, Train acc (train loader labels): 0.4155, Best val acc: 0.6188, Current val acc: 0.5775, Val Loss: 1.3674
=====> Epoch: 3/300, Total_step: 518, lr: 0.001000, Total Time: 591.8895 s, Time this epoch: 271.4025 s
=====> Epoch: 3/300, Train Loss (train loader labels): 1.6588, Train acc (train loader labels): 0.4431, Best val acc: 0.6188, Current val acc: 0.5384, Val Loss: 1.3780
=====> Saving current model and best model
balance: False
selecting samples for epoch 4, ratio 0.1
=====> Epoch: 4/300, Total_step: 565, lr: 0.001000, Total Time: 862.5973 s, Time this epoch: 270.5007 s
=====> Epoch: 4/300, Train Loss (train loader labels): 1.6895, Train acc (train loader labels): 0.4188, Best val acc: 0.6188, Current val acc: 0.5087, Val Loss: 1.3811
=====> Epoch: 4/300, Total_step: 612, lr: 0.001000, Total Time: 862.5973 s, Time this epoch: 270.5007 s
=====> Epoch: 4/300, Train Loss (train loader labels): 1.6584, Train acc (train loader labels): 0.4551, Best val acc: 0.6188, Current val acc: 0.5940, Val Loss: 1.2705
=====> Epoch: 4/300, Total_step: 659, lr: 0.001000, Total Time: 862.5973 s, Time this epoch: 270.5007 s
=====> Epoch: 4/300, Train Loss (train loader labels): 1.7151, Train acc (train loader labels): 0.4233, Best val acc: 0.6188, Current val acc: 0.4601, Val Loss: 1.5454
=====> Epoch: 4/300, Total_step: 706, lr: 0.001000, Total Time: 862.5973 s, Time this epoch: 270.5007 s
=====> Epoch: 4/300, Train Loss (train loader labels): 1.6796, Train acc (train loader labels): 0.4284, Best val acc: 0.6188, Current val acc: 0.4772, Val Loss: 1.4918
=====> Saving current model and best model
balance: False
selecting samples for epoch 5, ratio 0.1
=====> Epoch: 5/300, Total_step: 753, lr: 0.001000, Total Time: 1135.7566 s, Time this epoch: 272.9481 s
=====> Epoch: 5/300, Train Loss (train loader labels): 1.6797, Train acc (train loader labels): 0.4430, Best val acc: 0.6188, Current val acc: 0.5580, Val Loss: 1.4070
=====> Epoch: 5/300, Total_step: 800, lr: 0.001000, Total Time: 1135.7566 s, Time this epoch: 272.9481 s
=====> Epoch: 5/300, Train Loss (train loader labels): 1.6704, Train acc (train loader labels): 0.4568, Best val acc: 0.6188, Current val acc: 0.5959, Val Loss: 1.3453
=====> Epoch: 5/300, Total_step: 847, lr: 0.001000, Total Time: 1135.7566 s, Time this epoch: 272.9481 s
=====> Epoch: 5/300, Train Loss (train loader labels): 1.6704, Train acc (train loader labels): 0.4480, Best val acc: 0.6188, Current val acc: 0.5292, Val Loss: 1.4599
=====> Epoch: 5/300, Total_step: 894, lr: 0.001000, Total Time: 1135.7566 s, Time this epoch: 272.9481 s
=====> Epoch: 5/300, Train Loss (train loader labels): 1.6783, Train acc (train loader labels): 0.4318, Best val acc: 0.6188, Current val acc: 0.5709, Val Loss: 1.3073
=====> Saving current model and best model
balance: False
selecting samples for epoch 6, ratio 0.1
=====> Epoch: 6/300, Total_step: 1128, lr: 0.001000, Total Time: 1411.8774 s, Time this epoch: 275.9091 s
=====> Epoch: 6/300, Train Loss (train loader labels): 1.6572, Train acc (train loader labels): 0.4530, Best val acc: 0.6342, Current val acc: 0.6342, Val Loss: 1.3147
=====> Saving current model and best model
balance: False
selecting samples for epoch 7, ratio 0.1
=====> Epoch: 7/300, Total_step: 1316, lr: 0.001000, Total Time: 1516.6233 s, Time this epoch: 104.5359 s
=====> Epoch: 7/300, Train Loss (train loader labels): 1.6456, Train acc (train loader labels): 0.4512, Best val acc: 0.6342, Current val acc: 0.6285, Val Loss: 1.2692
=====> Saving current model and best model
balance: False
selecting samples for epoch 8, ratio 0.1
=====> Epoch: 8/300, Total_step: 1504, lr: 0.001000, Total Time: 1621.5040 s, Time this epoch: 104.2668 s
=====> Epoch: 8/300, Train Loss (train loader labels): 1.6245, Train acc (train loader labels): 0.4701, Best val acc: 0.6342, Current val acc: 0.6156, Val Loss: 1.3371
=====> Saving current model and best model
balance: False
selecting samples for epoch 9, ratio 0.1
=====> Epoch: 9/300, Total_step: 1692, lr: 0.001000, Total Time: 1726.8783 s, Time this epoch: 105.1324 s
=====> Epoch: 9/300, Train Loss (train loader labels): 1.6250, Train acc (train loader labels): 0.4564, Best val acc: 0.6342, Current val acc: 0.5431, Val Loss: 1.3893
=====> Saving current model and best model
balance: False
selecting samples for epoch 10, ratio 0.1
=====> Epoch: 10/300, Total_step: 1880, lr: 0.001000, Total Time: 1831.3805 s, Time this epoch: 104.3447 s
=====> Epoch: 10/300, Train Loss (train loader labels): 1.6186, Train acc (train loader labels): 0.4694, Best val acc: 0.6342, Current val acc: 0.5643, Val Loss: 1.3389
=====> Saving current model and best model
balance: False
selecting samples for epoch 11, ratio 0.1
=====> Epoch: 11/300, Total_step: 2068, lr: 0.001000, Total Time: 1935.5191 s, Time this epoch: 103.9020 s
=====> Epoch: 11/300, Train Loss (train loader labels): 1.6224, Train acc (train loader labels): 0.4814, Best val acc: 0.6342, Current val acc: 0.6293, Val Loss: 1.3202
=====> Saving current model and best model
balance: False
selecting samples for epoch 12, ratio 0.1
=====> Epoch: 12/300, Total_step: 2256, lr: 0.001000, Total Time: 2039.6298 s, Time this epoch: 103.9012 s
=====> Epoch: 12/300, Train Loss (train loader labels): 1.6169, Train acc (train loader labels): 0.4767, Best val acc: 0.6342, Current val acc: 0.6120, Val Loss: 1.3293
=====> Saving current model and best model
balance: False
selecting samples for epoch 13, ratio 0.1
=====> Epoch: 13/300, Total_step: 2444, lr: 0.001000, Total Time: 2143.8566 s, Time this epoch: 103.9583 s
=====> Epoch: 13/300, Train Loss (train loader labels): 1.6161, Train acc (train loader labels): 0.4727, Best val acc: 0.6342, Current val acc: 0.5853, Val Loss: 1.2485
=====> Saving current model and best model
balance: False
selecting samples for epoch 14, ratio 0.1
=====> Epoch: 14/300, Total_step: 2632, lr: 0.001000, Total Time: 2248.0157 s, Time this epoch: 103.9839 s
=====> Epoch: 14/300, Train Loss (train loader labels): 1.6479, Train acc (train loader labels): 0.4363, Best val acc: 0.6342, Current val acc: 0.5022, Val Loss: 1.3636
=====> Saving current model and best model
balance: False
selecting samples for epoch 15, ratio 0.1
=====> Epoch: 15/300, Total_step: 2820, lr: 0.001000, Total Time: 2352.1955 s, Time this epoch: 104.0131 s
=====> Epoch: 15/300, Train Loss (train loader labels): 1.6247, Train acc (train loader labels): 0.4635, Best val acc: 0.6862, Current val acc: 0.6862, Val Loss: 1.2406
=====> Saving current model and best model
balance: False
selecting samples for epoch 16, ratio 0.1
=====> Epoch: 16/300, Total_step: 3008, lr: 0.001000, Total Time: 2456.3213 s, Time this epoch: 103.9243 s
=====> Epoch: 16/300, Train Loss (train loader labels): 1.6522, Train acc (train loader labels): 0.4474, Best val acc: 0.6862, Current val acc: 0.5780, Val Loss: 1.3516
=====> Saving current model and best model
balance: False
selecting samples for epoch 17, ratio 0.1
=====> Epoch: 17/300, Total_step: 3196, lr: 0.001000, Total Time: 2565.4787 s, Time this epoch: 108.2555 s
=====> Epoch: 17/300, Train Loss (train loader labels): 1.5995, Train acc (train loader labels): 0.4836, Best val acc: 0.6862, Current val acc: 0.5914, Val Loss: 1.3371
=====> Saving current model and best model
balance: False
selecting samples for epoch 18, ratio 0.1
=====> Epoch: 18/300, Total_step: 3384, lr: 0.001000, Total Time: 2670.4050 s, Time this epoch: 104.7511 s
=====> Epoch: 18/300, Train Loss (train loader labels): 1.6227, Train acc (train loader labels): 0.4671, Best val acc: 0.6862, Current val acc: 0.5965, Val Loss: 1.2706
=====> Saving current model and best model
balance: False
selecting samples for epoch 19, ratio 0.1
=====> Epoch: 19/300, Total_step: 3572, lr: 0.001000, Total Time: 2774.9260 s, Time this epoch: 104.3271 s
=====> Epoch: 19/300, Train Loss (train loader labels): 1.6018, Train acc (train loader labels): 0.4757, Best val acc: 0.6862, Current val acc: 0.5771, Val Loss: 1.3267
=====> Saving current model and best model
balance: False
selecting samples for epoch 20, ratio 0.1
=====> Epoch: 20/300, Total_step: 3760, lr: 0.001000, Total Time: 2881.2540 s, Time this epoch: 106.1505 s
=====> Epoch: 20/300, Train Loss (train loader labels): 1.5793, Train acc (train loader labels): 0.4862, Best val acc: 0.6862, Current val acc: 0.6313, Val Loss: 1.2984
=====> Saving current model and best model
balance: False
selecting samples for epoch 21, ratio 0.1
=====> Epoch: 21/300, Total_step: 3948, lr: 0.001000, Total Time: 2991.1081 s, Time this epoch: 109.4037 s
=====> Epoch: 21/300, Train Loss (train loader labels): 1.5848, Train acc (train loader labels): 0.4786, Best val acc: 0.6862, Current val acc: 0.6351, Val Loss: 1.2587
=====> Saving current model and best model
balance: False
selecting samples for epoch 22, ratio 0.1
=====> Epoch: 22/300, Total_step: 4136, lr: 0.001000, Total Time: 3095.3181 s, Time this epoch: 104.0373 s
=====> Epoch: 22/300, Train Loss (train loader labels): 1.5874, Train acc (train loader labels): 0.4812, Best val acc: 0.6862, Current val acc: 0.6302, Val Loss: 1.2424
=====> Saving current model and best model
balance: False
selecting samples for epoch 23, ratio 0.1
=====> Epoch: 23/300, Total_step: 4324, lr: 0.001000, Total Time: 3205.2720 s, Time this epoch: 109.7877 s
=====> Epoch: 23/300, Train Loss (train loader labels): 1.5712, Train acc (train loader labels): 0.4958, Best val acc: 0.6862, Current val acc: 0.6149, Val Loss: 1.2721
=====> Saving current model and best model
balance: False
selecting samples for epoch 24, ratio 0.1
=====> Epoch: 24/300, Total_step: 4512, lr: 0.001000, Total Time: 3309.7052 s, Time this epoch: 104.2842 s
=====> Epoch: 24/300, Train Loss (train loader labels): 1.5755, Train acc (train loader labels): 0.4887, Best val acc: 0.6862, Current val acc: 0.6286, Val Loss: 1.2880
=====> Saving current model and best model
balance: False
selecting samples for epoch 25, ratio 0.1
=====> Epoch: 25/300, Total_step: 4700, lr: 0.001000, Total Time: 3413.9800 s, Time this epoch: 104.1267 s
=====> Epoch: 25/300, Train Loss (train loader labels): 1.6179, Train acc (train loader labels): 0.4690, Best val acc: 0.6862, Current val acc: 0.6312, Val Loss: 1.2047
=====> Saving current model and best model
balance: False
selecting samples for epoch 26, ratio 0.1
=====> Epoch: 26/300, Total_step: 4888, lr: 0.001000, Total Time: 3520.6523 s, Time this epoch: 106.5035 s
=====> Epoch: 26/300, Train Loss (train loader labels): 1.6482, Train acc (train loader labels): 0.4564, Best val acc: 0.6862, Current val acc: 0.6251, Val Loss: 1.2442
=====> Saving current model and best model
balance: False
selecting samples for epoch 27, ratio 0.1
=====> Saving current model and best model
balance: False
selecting samples for epoch 28, ratio 0.1
=====> Saving current model and best model
balance: False
selecting samples for epoch 29, ratio 0.1
=====> Epoch: 29/300, Total_step: 5452, lr: 0.001000, Total Time: 3725.8566 s, Time this epoch: 49.4148 s
=====> Epoch: 29/300, Train Loss (train loader labels): 1.5870, Train acc (train loader labels): 0.4878, Best val acc: 0.6862, Current val acc: 0.6261, Val Loss: 1.2904
=====> Saving current model and best model
balance: False
selecting samples for epoch 30, ratio 0.1
=====> Saving current model and best model
balance: False
selecting samples for epoch 31, ratio 0.1
=====> Saving current model and best model
balance: False
selecting samples for epoch 32, ratio 0.1
=====> Saving current model and best model
balance: False
selecting samples for epoch 33, ratio 0.1
=====> Epoch: 33/300, Total_step: 6204, lr: 0.001000, Total Time: 3982.5118 s, Time this epoch: 52.9250 s
=====> Epoch: 33/300, Train Loss (train loader labels): 1.6460, Train acc (train loader labels): 0.4406, Best val acc: 0.6862, Current val acc: 0.5653, Val Loss: 1.3366
=====> Saving current model and best model
balance: False
selecting samples for epoch 34, ratio 0.1
=====> Saving current model and best model
balance: False
selecting samples for epoch 35, ratio 0.1
=====> Saving current model and best model
balance: False
selecting samples for epoch 36, ratio 0.1
=====> Saving current model and best model
balance: False
selecting samples for epoch 37, ratio 0.1
=====> Epoch: 37/300, Total_step: 6956, lr: 0.001000, Total Time: 4235.5157 s, Time this epoch: 49.4848 s
=====> Epoch: 37/300, Train Loss (train loader labels): 1.5802, Train acc (train loader labels): 0.4774, Best val acc: 0.6862, Current val acc: 0.5747, Val Loss: 1.2818
=====> Saving current model and best model
balance: False
selecting samples for epoch 38, ratio 0.1
=====> Saving current model and best model
balance: False
selecting samples for epoch 39, ratio 0.1
=====> Saving current model and best model
balance: False
selecting samples for epoch 40, ratio 0.1
=====> Saving current model and best model
balance: False
selecting samples for epoch 41, ratio 0.1
=====> Epoch: 41/300, Total_step: 7708, lr: 0.001000, Total Time: 4492.5428 s, Time this epoch: 53.0006 s
=====> Epoch: 41/300, Train Loss (train loader labels): 1.6087, Train acc (train loader labels): 0.4543, Best val acc: 0.6862, Current val acc: 0.4946, Val Loss: 1.4007
=====> Saving current model and best model
balance: False
selecting samples for epoch 42, ratio 0.1
=====> Saving current model and best model
balance: False
selecting samples for epoch 43, ratio 0.1
=====> Saving current model and best model
balance: False
selecting samples for epoch 44, ratio 0.1
=====> Saving current model and best model
balance: False
selecting samples for epoch 45, ratio 0.1
=====> Epoch: 45/300, Total_step: 8460, lr: 0.001000, Total Time: 4751.9941 s, Time this epoch: 49.5949 s
=====> Epoch: 45/300, Train Loss (train loader labels): 1.5725, Train acc (train loader labels): 0.4857, Best val acc: 0.6862, Current val acc: 0.6095, Val Loss: 1.2600
=====> Saving current model and best model
balance: False
selecting samples for epoch 46, ratio 0.1
=====> Saving current model and best model
balance: False
selecting samples for epoch 47, ratio 0.1
=====> Saving current model and best model
balance: False
selecting samples for epoch 48, ratio 0.1
=====> Saving current model and best model
balance: False
selecting samples for epoch 49, ratio 0.1
=====> Epoch: 49/300, Total_step: 9212, lr: 0.001000, Total Time: 5008.5951 s, Time this epoch: 49.5911 s
=====> Epoch: 49/300, Train Loss (train loader labels): 1.5716, Train acc (train loader labels): 0.4896, Best val acc: 0.6862, Current val acc: 0.5910, Val Loss: 1.2644
=====> Saving current model and best model
balance: False
selecting samples for epoch 50, ratio 0.1
=====> Saving current model and best model
balance: False
selecting samples for epoch 51, ratio 0.1
=====> Saving current model and best model
balance: False
selecting samples for epoch 52, ratio 0.1
=====> Saving current model and best model
balance: False
selecting samples for epoch 53, ratio 0.1
=====> Epoch: 53/300, Total_step: 9964, lr: 0.001000, Total Time: 5266.9699 s, Time this epoch: 49.4852 s
=====> Epoch: 53/300, Train Loss (train loader labels): 1.5895, Train acc (train loader labels): 0.4714, Best val acc: 0.6862, Current val acc: 0.5426, Val Loss: 1.2939
=====> Saving current model and best model
balance: False
selecting samples for epoch 54, ratio 0.1
=====> Saving current model and best model
balance: False
selecting samples for epoch 55, ratio 0.1
=====> Saving current model and best model
balance: False
selecting samples for epoch 56, ratio 0.1
=====> Saving current model and best model
balance: False
selecting samples for epoch 57, ratio 0.1
=====> Epoch: 57/300, Total_step: 10716, lr: 0.001000, Total Time: 5525.2266 s, Time this epoch: 49.3357 s
=====> Epoch: 57/300, Train Loss (train loader labels): 1.5747, Train acc (train loader labels): 0.4807, Best val acc: 0.6862, Current val acc: 0.6025, Val Loss: 1.2334
=====> Saving current model and best model
balance: False
selecting samples for epoch 58, ratio 0.1
=====> Saving current model and best model
balance: False
selecting samples for epoch 59, ratio 0.1
=====> Saving current model and best model
balance: False
selecting samples for epoch 60, ratio 0.1
=====> Saving current model and best model
balance: False
selecting samples for epoch 61, ratio 0.1
=====> Epoch: 61/300, Total_step: 11468, lr: 0.001000, Total Time: 5778.0966 s, Time this epoch: 49.4813 s
=====> Epoch: 61/300, Train Loss (train loader labels): 1.5973, Train acc (train loader labels): 0.4799, Best val acc: 0.6862, Current val acc: 0.5827, Val Loss: 1.2870
=====> Saving current model and best model
balance: False
selecting samples for epoch 62, ratio 0.1
=====> Saving current model and best model
balance: False
selecting samples for epoch 63, ratio 0.1
=====> Saving current model and best model
balance: False
selecting samples for epoch 64, ratio 0.1
=====> Saving current model and best model
balance: False
selecting samples for epoch 65, ratio 0.1
=====> Epoch: 65/300, Total_step: 12220, lr: 0.001000, Total Time: 6036.1620 s, Time this epoch: 49.4058 s
=====> Epoch: 65/300, Train Loss (train loader labels): 1.5614, Train acc (train loader labels): 0.4923, Best val acc: 0.6862, Current val acc: 0.6672, Val Loss: 1.2164
=====> Saving current model and best model
balance: False
selecting samples for epoch 66, ratio 0.1
=====> Saving current model and best model
balance: False
selecting samples for epoch 67, ratio 0.1
=====> Saving current model and best model
balance: False
selecting samples for epoch 68, ratio 0.1
=====> Saving current model and best model
balance: False
selecting samples for epoch 69, ratio 0.1
=====> Saving current model and best model
balance: False
selecting samples for epoch 70, ratio 0.1
=====> Saving current model and best model
balance: False
selecting samples for epoch 71, ratio 0.1
=====> Saving current model and best model
balance: False
selecting samples for epoch 72, ratio 0.1
=====> Saving current model and best model
balance: False
selecting samples for epoch 73, ratio 0.1
=====> Saving current model and best model
balance: False
selecting samples for epoch 74, ratio 0.1
=====> Saving current model and best model
balance: False
selecting samples for epoch 75, ratio 0.1
=====> Saving current model and best model
balance: False
selecting samples for epoch 76, ratio 0.1
=====> Epoch: 76/300, Total_step: 14288, lr: 0.001000, Total Time: 6647.8653 s, Time this epoch: 49.3329 s
=====> Epoch: 76/300, Train Loss (train loader labels): 1.5592, Train acc (train loader labels): 0.4978, Best val acc: 0.6862, Current val acc: 0.6041, Val Loss: 1.2625
=====> Saving current model and best model
balance: False
selecting samples for epoch 77, ratio 0.1
=====> Saving current model and best model
balance: False
selecting samples for epoch 78, ratio 0.1
=====> Saving current model and best model
balance: False
selecting samples for epoch 79, ratio 0.1
=====> Saving current model and best model
balance: False
selecting samples for epoch 80, ratio 0.1
=====> Saving current model and best model
balance: False
selecting samples for epoch 81, ratio 0.1
=====> Saving current model and best model
balance: False
selecting samples for epoch 82, ratio 0.1
=====> Saving current model and best model
balance: False
selecting samples for epoch 83, ratio 0.1
=====> Saving current model and best model
balance: False
selecting samples for epoch 84, ratio 0.1
=====> Saving current model and best model
balance: False
selecting samples for epoch 85, ratio 0.1
=====> Saving current model and best model
balance: False
selecting samples for epoch 86, ratio 0.1
=====> Saving current model and best model
balance: False
selecting samples for epoch 87, ratio 0.1
=====> Saving current model and best model
balance: False
selecting samples for epoch 88, ratio 0.1
=====> Saving current model and best model
balance: False
selecting samples for epoch 89, ratio 0.1
=====> Saving current model and best model
balance: False
selecting samples for epoch 90, ratio 0.1
=====> Saving current model and best model
balance: False
selecting samples for epoch 91, ratio 0.1
=====> Epoch: 91/300, Total_step: 17108, lr: 0.001000, Total Time: 7454.2623 s, Time this epoch: 51.1966 s
=====> Epoch: 91/300, Train Loss (train loader labels): 1.5638, Train acc (train loader labels): 0.4997, Best val acc: 0.6862, Current val acc: 0.6572, Val Loss: 1.2261
=====> Saving current model and best model
balance: False
selecting samples for epoch 92, ratio 0.1
=====> Saving current model and best model
balance: False
selecting samples for epoch 93, ratio 0.1
=====> Saving current model and best model
balance: False
selecting samples for epoch 94, ratio 0.1
=====> Saving current model and best model
balance: False
selecting samples for epoch 95, ratio 0.1
=====> Saving current model and best model
balance: False
selecting samples for epoch 96, ratio 0.1
=====> Saving current model and best model
balance: False
selecting samples for epoch 97, ratio 0.1
=====> Saving current model and best model
balance: False
selecting samples for epoch 98, ratio 0.1
=====> Saving current model and best model
balance: False
selecting samples for epoch 99, ratio 0.1
=====> Saving current model and best model
balance: False
selecting samples for epoch 100, ratio 0.1
=====> Saving current model and best model
balance: False
selecting samples for epoch 101, ratio 0.1
=====> Saving current model and best model
balance: False
selecting samples for epoch 102, ratio 0.1
=====> Saving current model and best model
balance: False
selecting samples for epoch 103, ratio 0.1
=====> Saving current model and best model
balance: False
selecting samples for epoch 104, ratio 0.1
=====> Saving current model and best model
balance: False
selecting samples for epoch 105, ratio 0.1
=====> Saving current model and best model
balance: False
selecting samples for epoch 106, ratio 0.1
=====> Epoch: 106/300, Total_step: 19928, lr: 0.001000, Total Time: 8264.1157 s, Time this epoch: 49.4005 s
=====> Epoch: 106/300, Train Loss (train loader labels): 1.5613, Train acc (train loader labels): 0.4920, Best val acc: 0.6862, Current val acc: 0.6303, Val Loss: 1.2328
=====> Saving current model and best model
balance: False
selecting samples for epoch 107, ratio 0.1
=====> Saving current model and best model
balance: False
selecting samples for epoch 108, ratio 0.1
=====> Saving current model and best model
balance: False
selecting samples for epoch 109, ratio 0.1
=====> Saving current model and best model
balance: False
selecting samples for epoch 110, ratio 0.1
=====> Saving current model and best model
balance: False
selecting samples for epoch 111, ratio 0.1
=====> Saving current model and best model
balance: False
selecting samples for epoch 112, ratio 0.1
=====> Saving current model and best model
balance: False
selecting samples for epoch 113, ratio 0.1
=====> Saving current model and best model
balance: False
selecting samples for epoch 114, ratio 0.1
=====> Saving current model and best model
balance: False
selecting samples for epoch 115, ratio 0.1
=====> Saving current model and best model
balance: False
selecting samples for epoch 116, ratio 0.1
=====> Saving current model and best model
balance: False
selecting samples for epoch 117, ratio 0.1
=====> Saving current model and best model
balance: False
selecting samples for epoch 118, ratio 0.1
=====> Saving current model and best model
balance: False
selecting samples for epoch 119, ratio 0.1
=====> Saving current model and best model
balance: False
selecting samples for epoch 120, ratio 0.1
=====> Saving current model and best model
balance: False
selecting samples for epoch 121, ratio 0.1
=====> Epoch: 121/300, Total_step: 22748, lr: 0.001000, Total Time: 9065.9648 s, Time this epoch: 49.5315 s
=====> Epoch: 121/300, Train Loss (train loader labels): 1.5622, Train acc (train loader labels): 0.5054, Best val acc: 0.6862, Current val acc: 0.6735, Val Loss: 1.2277
=====> Saving current model and best model
balance: False
selecting samples for epoch 122, ratio 0.1
=====> Saving current model and best model
balance: False
selecting samples for epoch 123, ratio 0.1
=====> Saving current model and best model
balance: False
selecting samples for epoch 124, ratio 0.1
=====> Saving current model and best model
balance: False
selecting samples for epoch 125, ratio 0.1
=====> Saving current model and best model
balance: False
selecting samples for epoch 126, ratio 0.1
=====> Saving current model and best model
balance: False
selecting samples for epoch 127, ratio 0.1
=====> Saving current model and best model
balance: False
selecting samples for epoch 128, ratio 0.1
=====> Saving current model and best model
balance: False
selecting samples for epoch 129, ratio 0.1
=====> Saving current model and best model
balance: False
selecting samples for epoch 130, ratio 0.1
=====> Saving current model and best model
balance: False
selecting samples for epoch 131, ratio 0.1
=====> Saving current model and best model
balance: False
selecting samples for epoch 132, ratio 0.1
=====> Saving current model and best model
balance: False
selecting samples for epoch 133, ratio 0.1
=====> Saving current model and best model
balance: False
selecting samples for epoch 134, ratio 0.1
=====> Saving current model and best model
balance: False
selecting samples for epoch 135, ratio 0.1
=====> Saving current model and best model
balance: False
selecting samples for epoch 136, ratio 0.1
=====> Epoch: 136/300, Total_step: 25568, lr: 0.001000, Total Time: 9879.5269 s, Time this epoch: 49.5284 s
=====> Epoch: 136/300, Train Loss (train loader labels): 1.6011, Train acc (train loader labels): 0.4586, Best val acc: 0.6862, Current val acc: 0.5215, Val Loss: 1.3453
=====> Saving current model and best model
balance: False
selecting samples for epoch 137, ratio 0.1
=====> Saving current model and best model
balance: False
selecting samples for epoch 138, ratio 0.1
=====> Saving current model and best model
balance: False
selecting samples for epoch 139, ratio 0.1
=====> Saving current model and best model
balance: False
selecting samples for epoch 140, ratio 0.1
=====> Saving current model and best model
balance: False
selecting samples for epoch 141, ratio 0.1
=====> Saving current model and best model
balance: False
selecting samples for epoch 142, ratio 0.1
=====> Saving current model and best model
balance: False
selecting samples for epoch 143, ratio 0.1
=====> Saving current model and best model
balance: False
selecting samples for epoch 144, ratio 0.1
=====> Saving current model and best model
balance: False
selecting samples for epoch 145, ratio 0.1
=====> Saving current model and best model
balance: False
selecting samples for epoch 146, ratio 0.1
=====> Saving current model and best model
balance: False
selecting samples for epoch 147, ratio 0.1
=====> Saving current model and best model
balance: False
selecting samples for epoch 148, ratio 0.1
=====> Saving current model and best model
balance: False
selecting samples for epoch 149, ratio 0.1
=====> Saving current model and best model
balance: False
selecting samples for epoch 150, ratio 0.1
=====> Saving current model and best model
balance: False
selecting samples for epoch 151, ratio 0.1
=====> Epoch: 151/300, Total_step: 28388, lr: 0.001000, Total Time: 10689.2834 s, Time this epoch: 49.5151 s
=====> Epoch: 151/300, Train Loss (train loader labels): 1.5711, Train acc (train loader labels): 0.4920, Best val acc: 0.6862, Current val acc: 0.6557, Val Loss: 1.2062
=====> Saving current model and best model
balance: False
selecting samples for epoch 152, ratio 0.1
=====> Saving current model and best model
balance: False
selecting samples for epoch 153, ratio 0.1
=====> Saving current model and best model
balance: False
selecting samples for epoch 154, ratio 0.1
=====> Saving current model and best model
balance: False
selecting samples for epoch 155, ratio 0.1
=====> Saving current model and best model
balance: False
selecting samples for epoch 156, ratio 0.1
=====> Saving current model and best model
balance: False
selecting samples for epoch 157, ratio 0.1
=====> Saving current model and best model
balance: False
selecting samples for epoch 158, ratio 0.1
=====> Saving current model and best model
balance: False
selecting samples for epoch 159, ratio 0.1
=====> Saving current model and best model
balance: False
selecting samples for epoch 160, ratio 0.1
=====> Saving current model and best model
balance: False
selecting samples for epoch 161, ratio 0.1
=====> Saving current model and best model
balance: False
selecting samples for epoch 162, ratio 0.1
=====> Saving current model and best model
balance: False
selecting samples for epoch 163, ratio 0.1
=====> Saving current model and best model
balance: False
selecting samples for epoch 164, ratio 0.1
=====> Saving current model and best model
balance: False
selecting samples for epoch 165, ratio 0.1
=====> Saving current model and best model
balance: False
selecting samples for epoch 166, ratio 0.1
=====> Epoch: 166/300, Total_step: 31208, lr: 0.001000, Total Time: 11495.0838 s, Time this epoch: 49.3553 s
=====> Epoch: 166/300, Train Loss (train loader labels): 1.5564, Train acc (train loader labels): 0.5072, Best val acc: 0.6862, Current val acc: 0.6305, Val Loss: 1.2322
=====> Saving current model and best model
balance: False
selecting samples for epoch 167, ratio 0.1
=====> Saving current model and best model
balance: False
selecting samples for epoch 168, ratio 0.1
=====> Saving current model and best model
balance: False
selecting samples for epoch 169, ratio 0.1
=====> Saving current model and best model
balance: False
selecting samples for epoch 170, ratio 0.1
=====> Saving current model and best model
balance: False
selecting samples for epoch 171, ratio 0.1
=====> Saving current model and best model
balance: False
selecting samples for epoch 172, ratio 0.1
=====> Saving current model and best model
balance: False
selecting samples for epoch 173, ratio 0.1
=====> Saving current model and best model
balance: False
selecting samples for epoch 174, ratio 0.1
=====> Saving current model and best model
balance: False
selecting samples for epoch 175, ratio 0.1
=====> Saving current model and best model
balance: False
selecting samples for epoch 176, ratio 0.1
=====> Saving current model and best model
balance: False
selecting samples for epoch 177, ratio 0.1
=====> Saving current model and best model
balance: False
selecting samples for epoch 178, ratio 0.1
=====> Saving current model and best model
balance: False
selecting samples for epoch 179, ratio 0.1
=====> Saving current model and best model
balance: False
selecting samples for epoch 180, ratio 0.1
=====> Saving current model and best model
balance: False
selecting samples for epoch 181, ratio 0.1
=====> Epoch: 181/300, Total_step: 34028, lr: 0.001000, Total Time: 12303.7671 s, Time this epoch: 49.3711 s
=====> Epoch: 181/300, Train Loss (train loader labels): 1.5831, Train acc (train loader labels): 0.4874, Best val acc: 0.6862, Current val acc: 0.6248, Val Loss: 1.2869
=====> Saving current model and best model
balance: False
selecting samples for epoch 182, ratio 0.1
=====> Saving current model and best model
balance: False
selecting samples for epoch 183, ratio 0.1
=====> Saving current model and best model
balance: False
selecting samples for epoch 184, ratio 0.1
=====> Saving current model and best model
balance: False
selecting samples for epoch 185, ratio 0.1
=====> Saving current model and best model
balance: False
selecting samples for epoch 186, ratio 0.1
=====> Saving current model and best model
balance: False
selecting samples for epoch 187, ratio 0.1
=====> Saving current model and best model
balance: False
selecting samples for epoch 188, ratio 0.1
=====> Saving current model and best model
balance: False
selecting samples for epoch 189, ratio 0.1
=====> Saving current model and best model
balance: False
selecting samples for epoch 190, ratio 0.1
=====> Saving current model and best model
balance: False
selecting samples for epoch 191, ratio 0.1
=====> Saving current model and best model
balance: False
selecting samples for epoch 192, ratio 0.1
=====> Saving current model and best model
balance: False
selecting samples for epoch 193, ratio 0.1
=====> Saving current model and best model
balance: False
selecting samples for epoch 194, ratio 0.1
=====> Saving current model and best model
balance: False
selecting samples for epoch 195, ratio 0.1
=====> Saving current model and best model
balance: False
selecting samples for epoch 196, ratio 0.1
=====> Epoch: 196/300, Total_step: 36848, lr: 0.001000, Total Time: 13102.4935 s, Time this epoch: 49.2978 s
=====> Epoch: 196/300, Train Loss (train loader labels): 1.5616, Train acc (train loader labels): 0.5009, Best val acc: 0.6862, Current val acc: 0.6803, Val Loss: 1.2116
=====> Saving current model and best model
balance: False
selecting samples for epoch 197, ratio 0.1
=====> Saving current model and best model
balance: False
selecting samples for epoch 198, ratio 0.1
=====> Saving current model and best model
balance: False
selecting samples for epoch 199, ratio 0.1
=====> Saving current model and best model
balance: False
selecting samples for epoch 200, ratio 0.1
=====> Saving current model and best model
balance: False
selecting samples for epoch 201, ratio 0.1
=====> Saving current model and best model
balance: False
selecting samples for epoch 202, ratio 0.1
=====> Saving current model and best model
balance: False
selecting samples for epoch 203, ratio 0.1
=====> Saving current model and best model
balance: False
selecting samples for epoch 204, ratio 0.1
=====> Saving current model and best model
balance: False
selecting samples for epoch 205, ratio 0.1
=====> Saving current model and best model
balance: False
selecting samples for epoch 206, ratio 0.1
=====> Saving current model and best model
balance: False
selecting samples for epoch 207, ratio 0.1
=====> Saving current model and best model
balance: False
selecting samples for epoch 208, ratio 0.1
=====> Saving current model and best model
balance: False
selecting samples for epoch 209, ratio 0.1
=====> Saving current model and best model
balance: False
selecting samples for epoch 210, ratio 0.1
=====> Saving current model and best model
balance: False
selecting samples for epoch 211, ratio 0.1
=====> Epoch: 211/300, Total_step: 39668, lr: 0.001000, Total Time: 13909.0720 s, Time this epoch: 49.4371 s
=====> Epoch: 211/300, Train Loss (train loader labels): 1.5396, Train acc (train loader labels): 0.5130, Best val acc: 0.6862, Current val acc: 0.6698, Val Loss: 1.1927
=====> Saving current model and best model
balance: False
selecting samples for epoch 212, ratio 0.1
=====> Saving current model and best model
balance: False
selecting samples for epoch 213, ratio 0.1
=====> Saving current model and best model
balance: False
selecting samples for epoch 214, ratio 0.1
=====> Saving current model and best model
balance: False
selecting samples for epoch 215, ratio 0.1
=====> Saving current model and best model
balance: False
selecting samples for epoch 216, ratio 0.1
=====> Saving current model and best model
balance: False
selecting samples for epoch 217, ratio 0.1
=====> Saving current model and best model
balance: False
selecting samples for epoch 218, ratio 0.1
=====> Saving current model and best model
balance: False
selecting samples for epoch 219, ratio 0.1
=====> Saving current model and best model
balance: False
selecting samples for epoch 220, ratio 0.1
=====> Saving current model and best model
balance: False
selecting samples for epoch 221, ratio 0.1
=====> Saving current model and best model
balance: False
selecting samples for epoch 222, ratio 0.1
=====> Saving current model and best model
balance: False
selecting samples for epoch 223, ratio 0.1
=====> Saving current model and best model
balance: False
selecting samples for epoch 224, ratio 0.1
=====> Saving current model and best model
balance: False
selecting samples for epoch 225, ratio 0.1
=====> Saving current model and best model
balance: False
selecting samples for epoch 226, ratio 0.1
=====> Epoch: 226/300, Total_step: 42488, lr: 0.001000, Total Time: 14723.5124 s, Time this epoch: 49.5255 s
=====> Epoch: 226/300, Train Loss (train loader labels): 1.5722, Train acc (train loader labels): 0.5040, Best val acc: 0.6932, Current val acc: 0.6932, Val Loss: 1.1914
=====> Saving current model and best model
balance: False
selecting samples for epoch 227, ratio 0.1
=====> Saving current model and best model
balance: False
selecting samples for epoch 228, ratio 0.1
=====> Saving current model and best model
balance: False
selecting samples for epoch 229, ratio 0.1
=====> Saving current model and best model
balance: False
selecting samples for epoch 230, ratio 0.1
=====> Saving current model and best model
balance: False
selecting samples for epoch 231, ratio 0.1
=====> Saving current model and best model
balance: False
selecting samples for epoch 232, ratio 0.1
=====> Saving current model and best model
balance: False
selecting samples for epoch 233, ratio 0.1
=====> Saving current model and best model
balance: False
selecting samples for epoch 234, ratio 0.1
=====> Saving current model and best model
balance: False
selecting samples for epoch 235, ratio 0.1
=====> Saving current model and best model
balance: False
selecting samples for epoch 236, ratio 0.1
=====> Saving current model and best model
balance: False
selecting samples for epoch 237, ratio 0.1
=====> Saving current model and best model
balance: False
selecting samples for epoch 238, ratio 0.1
=====> Saving current model and best model
balance: False
selecting samples for epoch 239, ratio 0.1
=====> Saving current model and best model
balance: False
selecting samples for epoch 240, ratio 0.1
=====> Saving current model and best model
balance: False
selecting samples for epoch 241, ratio 0.1
=====> Epoch: 241/300, Total_step: 45308, lr: 0.001000, Total Time: 15526.0480 s, Time this epoch: 49.3273 s
=====> Epoch: 241/300, Train Loss (train loader labels): 1.5488, Train acc (train loader labels): 0.5059, Best val acc: 0.6932, Current val acc: 0.6523, Val Loss: 1.1820
=====> Saving current model and best model
balance: False
selecting samples for epoch 242, ratio 0.1
=====> Saving current model and best model
balance: False
selecting samples for epoch 243, ratio 0.1
=====> Saving current model and best model
balance: False
selecting samples for epoch 244, ratio 0.1
=====> Saving current model and best model
balance: False
selecting samples for epoch 245, ratio 0.1
=====> Saving current model and best model
balance: False
selecting samples for epoch 246, ratio 0.1
=====> Saving current model and best model
balance: False
selecting samples for epoch 247, ratio 0.1
=====> Saving current model and best model
balance: False
selecting samples for epoch 248, ratio 0.1
=====> Saving current model and best model
balance: False
selecting samples for epoch 249, ratio 0.1
=====> Saving current model and best model
balance: False
selecting samples for epoch 250, ratio 0.1
=====> Saving current model and best model
balance: False
selecting samples for epoch 251, ratio 0.1
=====> Saving current model and best model
balance: False
selecting samples for epoch 252, ratio 0.1
=====> Saving current model and best model
balance: False
selecting samples for epoch 253, ratio 0.1
=====> Saving current model and best model
balance: False
selecting samples for epoch 254, ratio 0.1
=====> Saving current model and best model
balance: False
selecting samples for epoch 255, ratio 0.1
=====> Saving current model and best model
balance: False
selecting samples for epoch 256, ratio 0.1
=====> Epoch: 256/300, Total_step: 48128, lr: 0.001000, Total Time: 16329.0953 s, Time this epoch: 49.4951 s
=====> Epoch: 256/300, Train Loss (train loader labels): 1.5531, Train acc (train loader labels): 0.5055, Best val acc: 0.6932, Current val acc: 0.6889, Val Loss: 1.1626
=====> Saving current model and best model
balance: False
selecting samples for epoch 257, ratio 0.1
=====> Saving current model and best model
balance: False
selecting samples for epoch 258, ratio 0.1
=====> Saving current model and best model
balance: False
selecting samples for epoch 259, ratio 0.1
=====> Saving current model and best model
balance: False
selecting samples for epoch 260, ratio 0.1
=====> Saving current model and best model
balance: False
selecting samples for epoch 261, ratio 0.1
=====> Saving current model and best model
balance: False
selecting samples for epoch 262, ratio 0.1
=====> Saving current model and best model
balance: False
selecting samples for epoch 263, ratio 0.1
=====> Saving current model and best model
balance: False
selecting samples for epoch 264, ratio 0.1
=====> Saving current model and best model
balance: False
selecting samples for epoch 265, ratio 0.1
=====> Saving current model and best model
balance: False
selecting samples for epoch 266, ratio 0.1
=====> Saving current model and best model
balance: False
selecting samples for epoch 267, ratio 0.1
=====> Saving current model and best model
balance: False
selecting samples for epoch 268, ratio 0.1
=====> Saving current model and best model
balance: False
selecting samples for epoch 269, ratio 0.1
=====> Saving current model and best model
balance: False
selecting samples for epoch 270, ratio 0.1
=====> Saving current model and best model
balance: False
selecting samples for epoch 271, ratio 0.1
=====> Epoch: 271/300, Total_step: 50948, lr: 0.001000, Total Time: 17138.0164 s, Time this epoch: 49.4537 s
=====> Epoch: 271/300, Train Loss (train loader labels): 1.5323, Train acc (train loader labels): 0.5100, Best val acc: 0.6932, Current val acc: 0.6437, Val Loss: 1.1969
=====> Saving current model and best model
balance: False
selecting samples for epoch 272, ratio 0.1
=====> Saving current model and best model
balance: False
selecting samples for epoch 273, ratio 0.1
=====> Saving current model and best model
balance: False
selecting samples for epoch 274, ratio 0.1
=====> Saving current model and best model
balance: False
selecting samples for epoch 275, ratio 0.1
=====> Saving current model and best model
balance: False
selecting samples for epoch 276, ratio 0.1
=====> Saving current model and best model
balance: False
selecting samples for epoch 277, ratio 0.1
=====> Saving current model and best model
balance: False
selecting samples for epoch 278, ratio 0.1
=====> Saving current model and best model
balance: False
selecting samples for epoch 279, ratio 0.1
=====> Saving current model and best model
balance: False
selecting samples for epoch 280, ratio 0.1
=====> Saving current model and best model
balance: False
selecting samples for epoch 281, ratio 0.1
=====> Saving current model and best model
balance: False
selecting samples for epoch 282, ratio 0.1
=====> Saving current model and best model
balance: False
selecting samples for epoch 283, ratio 0.1
=====> Saving current model and best model
balance: False
selecting samples for epoch 284, ratio 0.1
=====> Saving current model and best model
balance: False
selecting samples for epoch 285, ratio 0.1
=====> Saving current model and best model
balance: False
selecting samples for epoch 286, ratio 0.1
=====> Epoch: 286/300, Total_step: 53768, lr: 0.001000, Total Time: 17942.3840 s, Time this epoch: 49.5169 s
=====> Epoch: 286/300, Train Loss (train loader labels): 1.5647, Train acc (train loader labels): 0.4893, Best val acc: 0.6932, Current val acc: 0.6064, Val Loss: 1.2633
=====> Saving current model and best model
balance: False
selecting samples for epoch 287, ratio 0.1
=====> Saving current model and best model
balance: False
selecting samples for epoch 288, ratio 0.1
=====> Saving current model and best model
balance: False
selecting samples for epoch 289, ratio 0.1
=====> Saving current model and best model
balance: False
selecting samples for epoch 290, ratio 0.1
=====> Saving current model and best model
balance: False
selecting samples for epoch 291, ratio 0.1
=====> Saving current model and best model
balance: False
selecting samples for epoch 292, ratio 0.1
=====> Saving current model and best model
balance: False
selecting samples for epoch 293, ratio 0.1
=====> Saving current model and best model
balance: False
selecting samples for epoch 294, ratio 0.1
=====> Saving current model and best model
balance: False
selecting samples for epoch 295, ratio 0.1
=====> Saving current model and best model
balance: False
selecting samples for epoch 296, ratio 0.1
=====> Saving current model and best model
balance: False
selecting samples for epoch 297, ratio 0.1
=====> Saving current model and best model
balance: False
selecting samples for epoch 298, ratio 0.1
=====> Saving current model and best model
balance: False
selecting samples for epoch 299, ratio 0.1
=====> Saving current model and best model
balance: False
selecting samples for epoch 300, ratio 0.1
=====> Epoch: 300/300, Total_step: 56400, lr: 0.001000, Total Time: 18702.0701 s, Time this epoch: 49.1114 s
=====> Epoch: 300/300, Train Loss (train loader labels): 1.5433, Train acc (train loader labels): 0.4958, Best val acc: 0.6932, Current val acc: 0.5989, Val Loss: 1.2751
=====> Saving current model and best model
Saved helper snapshots to /home/mward19/Documents/miller/Online-Batch-Selection/snapshots/MNIST/{"bsel":"DivBS","seed":1,"model":"DeepLinear","opt":"adamw","bs":320,"ratio":0.1,"lr":0.001,"wd":0.01,"layers":3,"hidden_dim":1000}.p
Saved selected points array to /home/mward19/Documents/miller/Online-Batch-Selection/selected_points/MNIST/{"bsel":"DivBS","seed":1,"model":"DeepLinear","opt":"adamw","bs":320,"ratio":0.1,"lr":0.001,"wd":0.01,"layers":3,"hidden_dim":1000}.npy
========================= End Main =========================
