save_dir: ./exp/CIFAR3/RhoLoss_deeplinear_bs320_ep300_lr0.001_AdamW_constant_seed2_r0.1_8_hidden
=====> Loading config files: 
configs/cifar3/method/rholoss-0.1.yaml
configs/cifar3/data/cifar3.yaml
configs/cifar3/model/deep_linear_saxe/deep_linear_8.yaml
configs/cifar3/optim/adamw-320-0.001-0.01.yaml
configs/diagnostics/snapshots_log_interval.yaml
=====> Config files loaded.
========================= Start Main =========================
=====> Saving config file
=====> Config file saved
=====> Using fixed random seed: 2
=====> Wandb initialized
=====> Number of GPUs: 1
Creating RhoLoss...
Cached irreducible losses for 15000 samples in dataset.
=====> Start teacher Validation
=====> teacher Test Accuracy: 0.7280
Begin training for RhoLoss...
=====> Epoch: 0/300, Total_step: 0, lr: 0.001000, Total Time: 0.0000 s, Time this epoch: 0.0000 s
=====> Epoch: 0/300, Train Loss (train loader labels): 1.0983, Train acc (train loader labels): 0.3434, Best val acc: 0.3437, Current val acc: 0.3437, Val Loss: 1.0985
balance: False
selecting samples for epoch 1, ratio 0.1
=====> Epoch: 1/300, Total_step: 1, lr: 0.001000, Total Time: 0.0000 s, Time this epoch: 0.0000 s
=====> Epoch: 1/300, Train Loss (train loader labels): 1.1864, Train acc (train loader labels): 0.3643, Best val acc: 0.3653, Current val acc: 0.3653, Val Loss: 1.1945
=====> Epoch: 1/300, Total_step: 12, lr: 0.001000, Total Time: 0.0000 s, Time this epoch: 0.0000 s
=====> Epoch: 1/300, Train Loss (train loader labels): 1.6776, Train acc (train loader labels): 0.3015, Best val acc: 0.3653, Current val acc: 0.3177, Val Loss: 1.6442
=====> Epoch: 1/300, Total_step: 23, lr: 0.001000, Total Time: 0.0000 s, Time this epoch: 0.0000 s
=====> Epoch: 1/300, Train Loss (train loader labels): 1.2171, Train acc (train loader labels): 0.3363, Best val acc: 0.3653, Current val acc: 0.3453, Val Loss: 1.1996
=====> Epoch: 1/300, Total_step: 34, lr: 0.001000, Total Time: 0.0000 s, Time this epoch: 0.0000 s
=====> Epoch: 1/300, Train Loss (train loader labels): 1.1222, Train acc (train loader labels): 0.2750, Best val acc: 0.3653, Current val acc: 0.2697, Val Loss: 1.1233
=====> Epoch: 1/300, Total_step: 45, lr: 0.001000, Total Time: 0.0000 s, Time this epoch: 0.0000 s
=====> Epoch: 1/300, Train Loss (train loader labels): 1.0933, Train acc (train loader labels): 0.3751, Best val acc: 0.3653, Current val acc: 0.3630, Val Loss: 1.0939
=====> Saving current model and best model
balance: False
selecting samples for epoch 2, ratio 0.1
=====> Epoch: 2/300, Total_step: 48, lr: 0.001000, Total Time: 125.5189 s, Time this epoch: 106.9177 s
=====> Epoch: 2/300, Train Loss (train loader labels): 1.1002, Train acc (train loader labels): 0.3719, Best val acc: 0.3673, Current val acc: 0.3673, Val Loss: 1.1044
=====> Epoch: 2/300, Total_step: 59, lr: 0.001000, Total Time: 125.5189 s, Time this epoch: 106.9177 s
=====> Epoch: 2/300, Train Loss (train loader labels): 1.0928, Train acc (train loader labels): 0.4003, Best val acc: 0.4107, Current val acc: 0.4107, Val Loss: 1.0917
=====> Epoch: 2/300, Total_step: 70, lr: 0.001000, Total Time: 125.5189 s, Time this epoch: 106.9177 s
=====> Epoch: 2/300, Train Loss (train loader labels): 1.0924, Train acc (train loader labels): 0.3707, Best val acc: 0.4107, Current val acc: 0.3807, Val Loss: 1.0925
=====> Epoch: 2/300, Total_step: 81, lr: 0.001000, Total Time: 125.5189 s, Time this epoch: 106.9177 s
=====> Epoch: 2/300, Train Loss (train loader labels): 1.0903, Train acc (train loader labels): 0.3553, Best val acc: 0.4107, Current val acc: 0.3630, Val Loss: 1.0887
=====> Epoch: 2/300, Total_step: 92, lr: 0.001000, Total Time: 125.5189 s, Time this epoch: 106.9177 s
=====> Epoch: 2/300, Train Loss (train loader labels): 1.0883, Train acc (train loader labels): 0.3745, Best val acc: 0.4107, Current val acc: 0.3760, Val Loss: 1.0873
=====> Saving current model and best model
balance: False
selecting samples for epoch 3, ratio 0.1
=====> Epoch: 3/300, Total_step: 95, lr: 0.001000, Total Time: 232.8006 s, Time this epoch: 106.8293 s
=====> Epoch: 3/300, Train Loss (train loader labels): 1.0877, Train acc (train loader labels): 0.3849, Best val acc: 0.4107, Current val acc: 0.3847, Val Loss: 1.0871
=====> Epoch: 3/300, Total_step: 106, lr: 0.001000, Total Time: 232.8006 s, Time this epoch: 106.8293 s
=====> Epoch: 3/300, Train Loss (train loader labels): 1.0834, Train acc (train loader labels): 0.4087, Best val acc: 0.4123, Current val acc: 0.4123, Val Loss: 1.0822
=====> Epoch: 3/300, Total_step: 117, lr: 0.001000, Total Time: 232.8006 s, Time this epoch: 106.8293 s
=====> Epoch: 3/300, Train Loss (train loader labels): 1.0834, Train acc (train loader labels): 0.3984, Best val acc: 0.4123, Current val acc: 0.4007, Val Loss: 1.0826
=====> Epoch: 3/300, Total_step: 128, lr: 0.001000, Total Time: 232.8006 s, Time this epoch: 106.8293 s
=====> Epoch: 3/300, Train Loss (train loader labels): 1.0835, Train acc (train loader labels): 0.3971, Best val acc: 0.4123, Current val acc: 0.3957, Val Loss: 1.0827
=====> Epoch: 3/300, Total_step: 139, lr: 0.001000, Total Time: 232.8006 s, Time this epoch: 106.8293 s
=====> Epoch: 3/300, Train Loss (train loader labels): 1.0816, Train acc (train loader labels): 0.4189, Best val acc: 0.4180, Current val acc: 0.4180, Val Loss: 1.0807
=====> Saving current model and best model
balance: False
selecting samples for epoch 4, ratio 0.1
=====> Epoch: 4/300, Total_step: 142, lr: 0.001000, Total Time: 340.5893 s, Time this epoch: 107.4733 s
=====> Epoch: 4/300, Train Loss (train loader labels): 1.0822, Train acc (train loader labels): 0.4111, Best val acc: 0.4180, Current val acc: 0.4093, Val Loss: 1.0813
=====> Epoch: 4/300, Total_step: 153, lr: 0.001000, Total Time: 340.5893 s, Time this epoch: 107.4733 s
=====> Epoch: 4/300, Train Loss (train loader labels): 1.0839, Train acc (train loader labels): 0.3807, Best val acc: 0.4180, Current val acc: 0.3880, Val Loss: 1.0823
=====> Epoch: 4/300, Total_step: 164, lr: 0.001000, Total Time: 340.5893 s, Time this epoch: 107.4733 s
=====> Epoch: 4/300, Train Loss (train loader labels): 1.0805, Train acc (train loader labels): 0.4225, Best val acc: 0.4303, Current val acc: 0.4303, Val Loss: 1.0790
=====> Epoch: 4/300, Total_step: 175, lr: 0.001000, Total Time: 340.5893 s, Time this epoch: 107.4733 s
=====> Epoch: 4/300, Train Loss (train loader labels): 1.0825, Train acc (train loader labels): 0.4017, Best val acc: 0.4303, Current val acc: 0.4103, Val Loss: 1.0813
=====> Epoch: 4/300, Total_step: 186, lr: 0.001000, Total Time: 340.5893 s, Time this epoch: 107.4733 s
=====> Epoch: 4/300, Train Loss (train loader labels): 1.0774, Train acc (train loader labels): 0.4275, Best val acc: 0.4337, Current val acc: 0.4337, Val Loss: 1.0762
=====> Saving current model and best model
balance: False
selecting samples for epoch 5, ratio 0.1
=====> Epoch: 5/300, Total_step: 189, lr: 0.001000, Total Time: 447.7482 s, Time this epoch: 106.8082 s
=====> Epoch: 5/300, Train Loss (train loader labels): 1.0787, Train acc (train loader labels): 0.4193, Best val acc: 0.4337, Current val acc: 0.4230, Val Loss: 1.0775
=====> Epoch: 5/300, Total_step: 200, lr: 0.001000, Total Time: 447.7482 s, Time this epoch: 106.8082 s
=====> Epoch: 5/300, Train Loss (train loader labels): 1.0846, Train acc (train loader labels): 0.3991, Best val acc: 0.4337, Current val acc: 0.3993, Val Loss: 1.0837
=====> Epoch: 5/300, Total_step: 211, lr: 0.001000, Total Time: 447.7482 s, Time this epoch: 106.8082 s
=====> Epoch: 5/300, Train Loss (train loader labels): 1.0798, Train acc (train loader labels): 0.4139, Best val acc: 0.4337, Current val acc: 0.4110, Val Loss: 1.0782
=====> Epoch: 5/300, Total_step: 222, lr: 0.001000, Total Time: 447.7482 s, Time this epoch: 106.8082 s
=====> Epoch: 5/300, Train Loss (train loader labels): 1.0835, Train acc (train loader labels): 0.3866, Best val acc: 0.4337, Current val acc: 0.3837, Val Loss: 1.0821
=====> Epoch: 5/300, Total_step: 233, lr: 0.001000, Total Time: 447.7482 s, Time this epoch: 106.8082 s
=====> Epoch: 5/300, Train Loss (train loader labels): 1.0821, Train acc (train loader labels): 0.3992, Best val acc: 0.4337, Current val acc: 0.4017, Val Loss: 1.0815
=====> Saving current model and best model
balance: False
selecting samples for epoch 6, ratio 0.1
=====> Epoch: 6/300, Total_step: 282, lr: 0.001000, Total Time: 555.0705 s, Time this epoch: 106.9708 s
=====> Epoch: 6/300, Train Loss (train loader labels): 1.0787, Train acc (train loader labels): 0.4111, Best val acc: 0.4337, Current val acc: 0.4250, Val Loss: 1.0772
=====> Saving current model and best model
balance: False
selecting samples for epoch 7, ratio 0.1
=====> Epoch: 7/300, Total_step: 329, lr: 0.001000, Total Time: 591.0019 s, Time this epoch: 35.6007 s
=====> Epoch: 7/300, Train Loss (train loader labels): 1.0793, Train acc (train loader labels): 0.4262, Best val acc: 0.4337, Current val acc: 0.4310, Val Loss: 1.0775
=====> Saving current model and best model
balance: False
selecting samples for epoch 8, ratio 0.1
=====> Epoch: 8/300, Total_step: 376, lr: 0.001000, Total Time: 626.9418 s, Time this epoch: 35.6272 s
=====> Epoch: 8/300, Train Loss (train loader labels): 1.0804, Train acc (train loader labels): 0.4147, Best val acc: 0.4337, Current val acc: 0.4187, Val Loss: 1.0792
=====> Saving current model and best model
balance: False
selecting samples for epoch 9, ratio 0.1
=====> Epoch: 9/300, Total_step: 423, lr: 0.001000, Total Time: 662.9687 s, Time this epoch: 35.6879 s
=====> Epoch: 9/300, Train Loss (train loader labels): 1.0807, Train acc (train loader labels): 0.4176, Best val acc: 0.4337, Current val acc: 0.4210, Val Loss: 1.0795
=====> Saving current model and best model
balance: False
selecting samples for epoch 10, ratio 0.1
=====> Epoch: 10/300, Total_step: 470, lr: 0.001000, Total Time: 699.0731 s, Time this epoch: 35.7454 s
=====> Epoch: 10/300, Train Loss (train loader labels): 1.0806, Train acc (train loader labels): 0.4053, Best val acc: 0.4337, Current val acc: 0.4163, Val Loss: 1.0794
=====> Saving current model and best model
balance: False
selecting samples for epoch 11, ratio 0.1
=====> Epoch: 11/300, Total_step: 517, lr: 0.001000, Total Time: 735.9762 s, Time this epoch: 36.5506 s
=====> Epoch: 11/300, Train Loss (train loader labels): 1.0814, Train acc (train loader labels): 0.4069, Best val acc: 0.4337, Current val acc: 0.4157, Val Loss: 1.0798
=====> Saving current model and best model
balance: False
selecting samples for epoch 12, ratio 0.1
=====> Epoch: 12/300, Total_step: 564, lr: 0.001000, Total Time: 772.2415 s, Time this epoch: 35.9445 s
=====> Epoch: 12/300, Train Loss (train loader labels): 1.0831, Train acc (train loader labels): 0.3885, Best val acc: 0.4337, Current val acc: 0.3980, Val Loss: 1.0816
=====> Saving current model and best model
balance: False
selecting samples for epoch 13, ratio 0.1
=====> Epoch: 13/300, Total_step: 611, lr: 0.001000, Total Time: 808.5598 s, Time this epoch: 35.8924 s
=====> Epoch: 13/300, Train Loss (train loader labels): 1.0762, Train acc (train loader labels): 0.4271, Best val acc: 0.4360, Current val acc: 0.4360, Val Loss: 1.0745
=====> Saving current model and best model
balance: False
selecting samples for epoch 14, ratio 0.1
=====> Epoch: 14/300, Total_step: 658, lr: 0.001000, Total Time: 844.6917 s, Time this epoch: 35.8013 s
=====> Epoch: 14/300, Train Loss (train loader labels): 1.0828, Train acc (train loader labels): 0.3915, Best val acc: 0.4360, Current val acc: 0.4043, Val Loss: 1.0813
=====> Saving current model and best model
balance: False
selecting samples for epoch 15, ratio 0.1
=====> Epoch: 15/300, Total_step: 705, lr: 0.001000, Total Time: 881.2023 s, Time this epoch: 35.6689 s
=====> Epoch: 15/300, Train Loss (train loader labels): 1.0810, Train acc (train loader labels): 0.4255, Best val acc: 0.4360, Current val acc: 0.4287, Val Loss: 1.0795
=====> Saving current model and best model
balance: False
selecting samples for epoch 16, ratio 0.1
=====> Epoch: 16/300, Total_step: 752, lr: 0.001000, Total Time: 917.3618 s, Time this epoch: 35.7851 s
=====> Epoch: 16/300, Train Loss (train loader labels): 1.0823, Train acc (train loader labels): 0.4031, Best val acc: 0.4360, Current val acc: 0.4120, Val Loss: 1.0803
=====> Saving current model and best model
balance: False
selecting samples for epoch 17, ratio 0.1
=====> Epoch: 17/300, Total_step: 799, lr: 0.001000, Total Time: 953.4491 s, Time this epoch: 35.7791 s
=====> Epoch: 17/300, Train Loss (train loader labels): 1.0791, Train acc (train loader labels): 0.4177, Best val acc: 0.4360, Current val acc: 0.4237, Val Loss: 1.0778
=====> Saving current model and best model
balance: False
selecting samples for epoch 18, ratio 0.1
=====> Epoch: 18/300, Total_step: 846, lr: 0.001000, Total Time: 989.6795 s, Time this epoch: 35.8773 s
=====> Epoch: 18/300, Train Loss (train loader labels): 1.0815, Train acc (train loader labels): 0.3951, Best val acc: 0.4360, Current val acc: 0.4010, Val Loss: 1.0799
=====> Saving current model and best model
balance: False
selecting samples for epoch 19, ratio 0.1
=====> Epoch: 19/300, Total_step: 893, lr: 0.001000, Total Time: 1025.7949 s, Time this epoch: 35.7648 s
=====> Epoch: 19/300, Train Loss (train loader labels): 1.0803, Train acc (train loader labels): 0.4013, Best val acc: 0.4360, Current val acc: 0.4087, Val Loss: 1.0787
=====> Saving current model and best model
balance: False
selecting samples for epoch 20, ratio 0.1
=====> Epoch: 20/300, Total_step: 940, lr: 0.001000, Total Time: 1062.2338 s, Time this epoch: 36.1203 s
=====> Epoch: 20/300, Train Loss (train loader labels): 1.0840, Train acc (train loader labels): 0.3876, Best val acc: 0.4360, Current val acc: 0.3950, Val Loss: 1.0825
=====> Saving current model and best model
balance: False
selecting samples for epoch 21, ratio 0.1
=====> Epoch: 21/300, Total_step: 987, lr: 0.001000, Total Time: 1098.3817 s, Time this epoch: 35.8230 s
=====> Epoch: 21/300, Train Loss (train loader labels): 1.0812, Train acc (train loader labels): 0.4137, Best val acc: 0.4360, Current val acc: 0.4257, Val Loss: 1.0798
=====> Saving current model and best model
balance: False
selecting samples for epoch 22, ratio 0.1
=====> Epoch: 22/300, Total_step: 1034, lr: 0.001000, Total Time: 1134.2897 s, Time this epoch: 35.5843 s
=====> Epoch: 22/300, Train Loss (train loader labels): 1.0831, Train acc (train loader labels): 0.4018, Best val acc: 0.4360, Current val acc: 0.4167, Val Loss: 1.0811
=====> Saving current model and best model
balance: False
selecting samples for epoch 23, ratio 0.1
=====> Epoch: 23/300, Total_step: 1081, lr: 0.001000, Total Time: 1170.4488 s, Time this epoch: 35.7259 s
=====> Epoch: 23/300, Train Loss (train loader labels): 1.0772, Train acc (train loader labels): 0.4174, Best val acc: 0.4360, Current val acc: 0.4297, Val Loss: 1.0753
=====> Saving current model and best model
balance: False
selecting samples for epoch 24, ratio 0.1
=====> Epoch: 24/300, Total_step: 1128, lr: 0.001000, Total Time: 1206.7504 s, Time this epoch: 35.9869 s
=====> Epoch: 24/300, Train Loss (train loader labels): 1.0818, Train acc (train loader labels): 0.4174, Best val acc: 0.4360, Current val acc: 0.4260, Val Loss: 1.0807
=====> Saving current model and best model
balance: False
selecting samples for epoch 25, ratio 0.1
=====> Epoch: 25/300, Total_step: 1175, lr: 0.001000, Total Time: 1242.8508 s, Time this epoch: 35.7799 s
=====> Epoch: 25/300, Train Loss (train loader labels): 1.0838, Train acc (train loader labels): 0.3792, Best val acc: 0.4360, Current val acc: 0.3943, Val Loss: 1.0820
=====> Saving current model and best model
balance: False
selecting samples for epoch 26, ratio 0.1
=====> Epoch: 26/300, Total_step: 1222, lr: 0.001000, Total Time: 1279.0779 s, Time this epoch: 35.8837 s
=====> Epoch: 26/300, Train Loss (train loader labels): 1.0837, Train acc (train loader labels): 0.3808, Best val acc: 0.4360, Current val acc: 0.3947, Val Loss: 1.0810
=====> Saving current model and best model
balance: False
selecting samples for epoch 27, ratio 0.1
=====> Saving current model and best model
balance: False
selecting samples for epoch 28, ratio 0.1
=====> Saving current model and best model
balance: False
selecting samples for epoch 29, ratio 0.1
=====> Epoch: 29/300, Total_step: 1363, lr: 0.001000, Total Time: 1350.3920 s, Time this epoch: 17.1597 s
=====> Epoch: 29/300, Train Loss (train loader labels): 1.0770, Train acc (train loader labels): 0.4306, Best val acc: 0.4433, Current val acc: 0.4433, Val Loss: 1.0752
=====> Saving current model and best model
balance: False
selecting samples for epoch 30, ratio 0.1
=====> Saving current model and best model
balance: False
selecting samples for epoch 31, ratio 0.1
=====> Saving current model and best model
balance: False
selecting samples for epoch 32, ratio 0.1
=====> Saving current model and best model
balance: False
selecting samples for epoch 33, ratio 0.1
=====> Epoch: 33/300, Total_step: 1551, lr: 0.001000, Total Time: 1440.1987 s, Time this epoch: 17.0233 s
=====> Epoch: 33/300, Train Loss (train loader labels): 1.0758, Train acc (train loader labels): 0.4357, Best val acc: 0.4483, Current val acc: 0.4483, Val Loss: 1.0731
=====> Saving current model and best model
balance: False
selecting samples for epoch 34, ratio 0.1
=====> Saving current model and best model
balance: False
selecting samples for epoch 35, ratio 0.1
=====> Saving current model and best model
balance: False
selecting samples for epoch 36, ratio 0.1
=====> Saving current model and best model
balance: False
selecting samples for epoch 37, ratio 0.1
=====> Epoch: 37/300, Total_step: 1739, lr: 0.001000, Total Time: 1529.9859 s, Time this epoch: 17.1016 s
=====> Epoch: 37/300, Train Loss (train loader labels): 1.0817, Train acc (train loader labels): 0.4082, Best val acc: 0.4483, Current val acc: 0.4140, Val Loss: 1.0795
=====> Saving current model and best model
balance: False
selecting samples for epoch 38, ratio 0.1
=====> Saving current model and best model
balance: False
selecting samples for epoch 39, ratio 0.1
=====> Saving current model and best model
balance: False
selecting samples for epoch 40, ratio 0.1
=====> Saving current model and best model
balance: False
selecting samples for epoch 41, ratio 0.1
=====> Epoch: 41/300, Total_step: 1927, lr: 0.001000, Total Time: 1618.4905 s, Time this epoch: 17.0628 s
=====> Epoch: 41/300, Train Loss (train loader labels): 1.0821, Train acc (train loader labels): 0.4085, Best val acc: 0.4483, Current val acc: 0.4220, Val Loss: 1.0798
=====> Saving current model and best model
balance: False
selecting samples for epoch 42, ratio 0.1
=====> Saving current model and best model
balance: False
selecting samples for epoch 43, ratio 0.1
=====> Saving current model and best model
balance: False
selecting samples for epoch 44, ratio 0.1
=====> Saving current model and best model
balance: False
selecting samples for epoch 45, ratio 0.1
=====> Epoch: 45/300, Total_step: 2115, lr: 0.001000, Total Time: 1707.2903 s, Time this epoch: 17.1537 s
=====> Epoch: 45/300, Train Loss (train loader labels): 1.0778, Train acc (train loader labels): 0.4229, Best val acc: 0.4483, Current val acc: 0.4370, Val Loss: 1.0759
=====> Saving current model and best model
balance: False
selecting samples for epoch 46, ratio 0.1
=====> Saving current model and best model
balance: False
selecting samples for epoch 47, ratio 0.1
=====> Saving current model and best model
balance: False
selecting samples for epoch 48, ratio 0.1
=====> Saving current model and best model
balance: False
selecting samples for epoch 49, ratio 0.1
=====> Epoch: 49/300, Total_step: 2303, lr: 0.001000, Total Time: 1796.2408 s, Time this epoch: 17.1766 s
=====> Epoch: 49/300, Train Loss (train loader labels): 1.0794, Train acc (train loader labels): 0.4230, Best val acc: 0.4483, Current val acc: 0.4423, Val Loss: 1.0778
=====> Saving current model and best model
balance: False
selecting samples for epoch 50, ratio 0.1
=====> Saving current model and best model
balance: False
selecting samples for epoch 51, ratio 0.1
=====> Saving current model and best model
balance: False
selecting samples for epoch 52, ratio 0.1
=====> Saving current model and best model
balance: False
selecting samples for epoch 53, ratio 0.1
=====> Epoch: 53/300, Total_step: 2491, lr: 0.001000, Total Time: 1885.2641 s, Time this epoch: 17.1237 s
=====> Epoch: 53/300, Train Loss (train loader labels): 1.0755, Train acc (train loader labels): 0.4315, Best val acc: 0.4483, Current val acc: 0.4423, Val Loss: 1.0729
=====> Saving current model and best model
balance: False
selecting samples for epoch 54, ratio 0.1
=====> Saving current model and best model
balance: False
selecting samples for epoch 55, ratio 0.1
=====> Saving current model and best model
balance: False
selecting samples for epoch 56, ratio 0.1
=====> Saving current model and best model
balance: False
selecting samples for epoch 57, ratio 0.1
=====> Epoch: 57/300, Total_step: 2679, lr: 0.001000, Total Time: 1973.9415 s, Time this epoch: 17.0897 s
=====> Epoch: 57/300, Train Loss (train loader labels): 1.0790, Train acc (train loader labels): 0.4266, Best val acc: 0.4483, Current val acc: 0.4317, Val Loss: 1.0772
=====> Saving current model and best model
balance: False
selecting samples for epoch 58, ratio 0.1
=====> Saving current model and best model
balance: False
selecting samples for epoch 59, ratio 0.1
=====> Saving current model and best model
balance: False
selecting samples for epoch 60, ratio 0.1
=====> Saving current model and best model
balance: False
selecting samples for epoch 61, ratio 0.1
=====> Epoch: 61/300, Total_step: 2867, lr: 0.001000, Total Time: 2063.3269 s, Time this epoch: 17.2417 s
=====> Epoch: 61/300, Train Loss (train loader labels): 1.0813, Train acc (train loader labels): 0.3997, Best val acc: 0.4483, Current val acc: 0.4077, Val Loss: 1.0796
=====> Saving current model and best model
balance: False
selecting samples for epoch 62, ratio 0.1
=====> Saving current model and best model
balance: False
selecting samples for epoch 63, ratio 0.1
=====> Saving current model and best model
balance: False
selecting samples for epoch 64, ratio 0.1
=====> Saving current model and best model
balance: False
selecting samples for epoch 65, ratio 0.1
=====> Epoch: 65/300, Total_step: 3055, lr: 0.001000, Total Time: 2152.5116 s, Time this epoch: 17.1039 s
=====> Epoch: 65/300, Train Loss (train loader labels): 1.0773, Train acc (train loader labels): 0.4003, Best val acc: 0.4483, Current val acc: 0.4070, Val Loss: 1.0756
=====> Saving current model and best model
balance: False
selecting samples for epoch 66, ratio 0.1
=====> Saving current model and best model
balance: False
selecting samples for epoch 67, ratio 0.1
=====> Saving current model and best model
balance: False
selecting samples for epoch 68, ratio 0.1
=====> Saving current model and best model
balance: False
selecting samples for epoch 69, ratio 0.1
=====> Saving current model and best model
balance: False
selecting samples for epoch 70, ratio 0.1
=====> Saving current model and best model
balance: False
selecting samples for epoch 71, ratio 0.1
=====> Saving current model and best model
balance: False
selecting samples for epoch 72, ratio 0.1
=====> Saving current model and best model
balance: False
selecting samples for epoch 73, ratio 0.1
=====> Saving current model and best model
balance: False
selecting samples for epoch 74, ratio 0.1
=====> Saving current model and best model
balance: False
selecting samples for epoch 75, ratio 0.1
=====> Saving current model and best model
balance: False
selecting samples for epoch 76, ratio 0.1
=====> Epoch: 76/300, Total_step: 3572, lr: 0.001000, Total Time: 2364.4269 s, Time this epoch: 17.1417 s
=====> Epoch: 76/300, Train Loss (train loader labels): 1.0810, Train acc (train loader labels): 0.4055, Best val acc: 0.4483, Current val acc: 0.4150, Val Loss: 1.0798
=====> Saving current model and best model
balance: False
selecting samples for epoch 77, ratio 0.1
=====> Saving current model and best model
balance: False
selecting samples for epoch 78, ratio 0.1
=====> Saving current model and best model
balance: False
selecting samples for epoch 79, ratio 0.1
=====> Saving current model and best model
balance: False
selecting samples for epoch 80, ratio 0.1
=====> Saving current model and best model
balance: False
selecting samples for epoch 81, ratio 0.1
=====> Saving current model and best model
balance: False
selecting samples for epoch 82, ratio 0.1
=====> Saving current model and best model
balance: False
selecting samples for epoch 83, ratio 0.1
=====> Saving current model and best model
balance: False
selecting samples for epoch 84, ratio 0.1
=====> Saving current model and best model
balance: False
selecting samples for epoch 85, ratio 0.1
=====> Saving current model and best model
balance: False
selecting samples for epoch 86, ratio 0.1
=====> Saving current model and best model
balance: False
selecting samples for epoch 87, ratio 0.1
=====> Saving current model and best model
balance: False
selecting samples for epoch 88, ratio 0.1
=====> Saving current model and best model
balance: False
selecting samples for epoch 89, ratio 0.1
=====> Saving current model and best model
balance: False
selecting samples for epoch 90, ratio 0.1
=====> Saving current model and best model
balance: False
selecting samples for epoch 91, ratio 0.1
=====> Epoch: 91/300, Total_step: 4277, lr: 0.001000, Total Time: 2646.4087 s, Time this epoch: 17.1173 s
=====> Epoch: 91/300, Train Loss (train loader labels): 1.0867, Train acc (train loader labels): 0.3756, Best val acc: 0.4483, Current val acc: 0.3883, Val Loss: 1.0852
=====> Saving current model and best model
balance: False
selecting samples for epoch 92, ratio 0.1
=====> Saving current model and best model
balance: False
selecting samples for epoch 93, ratio 0.1
=====> Saving current model and best model
balance: False
selecting samples for epoch 94, ratio 0.1
=====> Saving current model and best model
balance: False
selecting samples for epoch 95, ratio 0.1
=====> Saving current model and best model
balance: False
selecting samples for epoch 96, ratio 0.1
=====> Saving current model and best model
balance: False
selecting samples for epoch 97, ratio 0.1
=====> Saving current model and best model
balance: False
selecting samples for epoch 98, ratio 0.1
=====> Saving current model and best model
balance: False
selecting samples for epoch 99, ratio 0.1
=====> Saving current model and best model
balance: False
selecting samples for epoch 100, ratio 0.1
=====> Saving current model and best model
balance: False
selecting samples for epoch 101, ratio 0.1
=====> Saving current model and best model
balance: False
selecting samples for epoch 102, ratio 0.1
=====> Saving current model and best model
balance: False
selecting samples for epoch 103, ratio 0.1
=====> Saving current model and best model
balance: False
selecting samples for epoch 104, ratio 0.1
=====> Saving current model and best model
balance: False
selecting samples for epoch 105, ratio 0.1
=====> Saving current model and best model
balance: False
selecting samples for epoch 106, ratio 0.1
=====> Epoch: 106/300, Total_step: 4982, lr: 0.001000, Total Time: 2928.6187 s, Time this epoch: 17.0968 s
=====> Epoch: 106/300, Train Loss (train loader labels): 1.0808, Train acc (train loader labels): 0.3977, Best val acc: 0.4483, Current val acc: 0.4073, Val Loss: 1.0791
=====> Saving current model and best model
balance: False
selecting samples for epoch 107, ratio 0.1
=====> Saving current model and best model
balance: False
selecting samples for epoch 108, ratio 0.1
=====> Saving current model and best model
balance: False
selecting samples for epoch 109, ratio 0.1
=====> Saving current model and best model
balance: False
selecting samples for epoch 110, ratio 0.1
=====> Saving current model and best model
balance: False
selecting samples for epoch 111, ratio 0.1
=====> Saving current model and best model
balance: False
selecting samples for epoch 112, ratio 0.1
=====> Saving current model and best model
balance: False
selecting samples for epoch 113, ratio 0.1
=====> Saving current model and best model
balance: False
selecting samples for epoch 114, ratio 0.1
=====> Saving current model and best model
balance: False
selecting samples for epoch 115, ratio 0.1
=====> Saving current model and best model
balance: False
selecting samples for epoch 116, ratio 0.1
=====> Saving current model and best model
balance: False
selecting samples for epoch 117, ratio 0.1
=====> Saving current model and best model
balance: False
selecting samples for epoch 118, ratio 0.1
=====> Saving current model and best model
balance: False
selecting samples for epoch 119, ratio 0.1
=====> Saving current model and best model
balance: False
selecting samples for epoch 120, ratio 0.1
=====> Saving current model and best model
balance: False
selecting samples for epoch 121, ratio 0.1
=====> Epoch: 121/300, Total_step: 5687, lr: 0.001000, Total Time: 3210.1216 s, Time this epoch: 17.1704 s
=====> Epoch: 121/300, Train Loss (train loader labels): 1.0834, Train acc (train loader labels): 0.3939, Best val acc: 0.4483, Current val acc: 0.4097, Val Loss: 1.0813
=====> Saving current model and best model
balance: False
selecting samples for epoch 122, ratio 0.1
=====> Saving current model and best model
balance: False
selecting samples for epoch 123, ratio 0.1
=====> Saving current model and best model
balance: False
selecting samples for epoch 124, ratio 0.1
=====> Saving current model and best model
balance: False
selecting samples for epoch 125, ratio 0.1
=====> Saving current model and best model
balance: False
selecting samples for epoch 126, ratio 0.1
=====> Saving current model and best model
balance: False
selecting samples for epoch 127, ratio 0.1
=====> Saving current model and best model
balance: False
selecting samples for epoch 128, ratio 0.1
=====> Saving current model and best model
balance: False
selecting samples for epoch 129, ratio 0.1
=====> Saving current model and best model
balance: False
selecting samples for epoch 130, ratio 0.1
=====> Saving current model and best model
balance: False
selecting samples for epoch 131, ratio 0.1
=====> Saving current model and best model
balance: False
selecting samples for epoch 132, ratio 0.1
=====> Saving current model and best model
balance: False
selecting samples for epoch 133, ratio 0.1
=====> Saving current model and best model
balance: False
selecting samples for epoch 134, ratio 0.1
=====> Saving current model and best model
balance: False
selecting samples for epoch 135, ratio 0.1
=====> Saving current model and best model
balance: False
selecting samples for epoch 136, ratio 0.1
=====> Epoch: 136/300, Total_step: 6392, lr: 0.001000, Total Time: 3491.9754 s, Time this epoch: 17.1909 s
=====> Epoch: 136/300, Train Loss (train loader labels): 1.0876, Train acc (train loader labels): 0.3559, Best val acc: 0.4483, Current val acc: 0.3570, Val Loss: 1.0861
=====> Saving current model and best model
balance: False
selecting samples for epoch 137, ratio 0.1
=====> Saving current model and best model
balance: False
selecting samples for epoch 138, ratio 0.1
=====> Saving current model and best model
balance: False
selecting samples for epoch 139, ratio 0.1
=====> Saving current model and best model
balance: False
selecting samples for epoch 140, ratio 0.1
=====> Saving current model and best model
balance: False
selecting samples for epoch 141, ratio 0.1
=====> Saving current model and best model
balance: False
selecting samples for epoch 142, ratio 0.1
=====> Saving current model and best model
balance: False
selecting samples for epoch 143, ratio 0.1
=====> Saving current model and best model
balance: False
selecting samples for epoch 144, ratio 0.1
=====> Saving current model and best model
balance: False
selecting samples for epoch 145, ratio 0.1
=====> Saving current model and best model
balance: False
selecting samples for epoch 146, ratio 0.1
=====> Saving current model and best model
balance: False
selecting samples for epoch 147, ratio 0.1
=====> Saving current model and best model
balance: False
selecting samples for epoch 148, ratio 0.1
=====> Saving current model and best model
balance: False
selecting samples for epoch 149, ratio 0.1
=====> Saving current model and best model
balance: False
selecting samples for epoch 150, ratio 0.1
=====> Saving current model and best model
balance: False
selecting samples for epoch 151, ratio 0.1
=====> Epoch: 151/300, Total_step: 7097, lr: 0.001000, Total Time: 3773.6469 s, Time this epoch: 17.1323 s
=====> Epoch: 151/300, Train Loss (train loader labels): 197.3692, Train acc (train loader labels): 0.3681, Best val acc: 0.4483, Current val acc: 0.3793, Val Loss: 184.6729
=====> Saving current model and best model
balance: False
selecting samples for epoch 152, ratio 0.1
=====> Saving current model and best model
balance: False
selecting samples for epoch 153, ratio 0.1
=====> Saving current model and best model
balance: False
selecting samples for epoch 154, ratio 0.1
=====> Saving current model and best model
balance: False
selecting samples for epoch 155, ratio 0.1
=====> Saving current model and best model
balance: False
selecting samples for epoch 156, ratio 0.1
=====> Saving current model and best model
balance: False
selecting samples for epoch 157, ratio 0.1
=====> Saving current model and best model
balance: False
selecting samples for epoch 158, ratio 0.1
=====> Saving current model and best model
balance: False
selecting samples for epoch 159, ratio 0.1
=====> Saving current model and best model
balance: False
selecting samples for epoch 160, ratio 0.1
=====> Saving current model and best model
balance: False
selecting samples for epoch 161, ratio 0.1
=====> Saving current model and best model
balance: False
selecting samples for epoch 162, ratio 0.1
=====> Saving current model and best model
balance: False
selecting samples for epoch 163, ratio 0.1
=====> Saving current model and best model
balance: False
selecting samples for epoch 164, ratio 0.1
=====> Saving current model and best model
balance: False
selecting samples for epoch 165, ratio 0.1
=====> Saving current model and best model
balance: False
selecting samples for epoch 166, ratio 0.1
=====> Epoch: 166/300, Total_step: 7802, lr: 0.001000, Total Time: 4056.1251 s, Time this epoch: 17.2086 s
=====> Epoch: 166/300, Train Loss (train loader labels): 30.9852, Train acc (train loader labels): 0.3767, Best val acc: 0.4483, Current val acc: 0.3803, Val Loss: 30.5850
=====> Saving current model and best model
balance: False
selecting samples for epoch 167, ratio 0.1
=====> Saving current model and best model
balance: False
selecting samples for epoch 168, ratio 0.1
=====> Saving current model and best model
balance: False
selecting samples for epoch 169, ratio 0.1
=====> Saving current model and best model
balance: False
selecting samples for epoch 170, ratio 0.1
=====> Saving current model and best model
balance: False
selecting samples for epoch 171, ratio 0.1
=====> Saving current model and best model
balance: False
selecting samples for epoch 172, ratio 0.1
=====> Saving current model and best model
balance: False
selecting samples for epoch 173, ratio 0.1
=====> Saving current model and best model
balance: False
selecting samples for epoch 174, ratio 0.1
=====> Saving current model and best model
balance: False
selecting samples for epoch 175, ratio 0.1
=====> Saving current model and best model
balance: False
selecting samples for epoch 176, ratio 0.1
=====> Saving current model and best model
balance: False
selecting samples for epoch 177, ratio 0.1
=====> Saving current model and best model
balance: False
selecting samples for epoch 178, ratio 0.1
=====> Saving current model and best model
balance: False
selecting samples for epoch 179, ratio 0.1
=====> Saving current model and best model
balance: False
selecting samples for epoch 180, ratio 0.1
=====> Saving current model and best model
balance: False
selecting samples for epoch 181, ratio 0.1
=====> Epoch: 181/300, Total_step: 8507, lr: 0.001000, Total Time: 4338.9003 s, Time this epoch: 17.1447 s
=====> Epoch: 181/300, Train Loss (train loader labels): 7.3634, Train acc (train loader labels): 0.4068, Best val acc: 0.4483, Current val acc: 0.3963, Val Loss: 7.3949
=====> Saving current model and best model
balance: False
selecting samples for epoch 182, ratio 0.1
=====> Saving current model and best model
balance: False
selecting samples for epoch 183, ratio 0.1
=====> Saving current model and best model
balance: False
selecting samples for epoch 184, ratio 0.1
=====> Saving current model and best model
balance: False
selecting samples for epoch 185, ratio 0.1
=====> Saving current model and best model
balance: False
selecting samples for epoch 186, ratio 0.1
=====> Saving current model and best model
balance: False
selecting samples for epoch 187, ratio 0.1
=====> Saving current model and best model
balance: False
selecting samples for epoch 188, ratio 0.1
=====> Saving current model and best model
balance: False
selecting samples for epoch 189, ratio 0.1
=====> Saving current model and best model
balance: False
selecting samples for epoch 190, ratio 0.1
=====> Saving current model and best model
balance: False
selecting samples for epoch 191, ratio 0.1
=====> Saving current model and best model
balance: False
selecting samples for epoch 192, ratio 0.1
=====> Saving current model and best model
balance: False
selecting samples for epoch 193, ratio 0.1
=====> Saving current model and best model
balance: False
selecting samples for epoch 194, ratio 0.1
=====> Saving current model and best model
balance: False
selecting samples for epoch 195, ratio 0.1
=====> Saving current model and best model
balance: False
selecting samples for epoch 196, ratio 0.1
=====> Epoch: 196/300, Total_step: 9212, lr: 0.001000, Total Time: 4621.6787 s, Time this epoch: 17.2409 s
=====> Epoch: 196/300, Train Loss (train loader labels): 8.8191, Train acc (train loader labels): 0.3778, Best val acc: 0.4483, Current val acc: 0.3920, Val Loss: 8.8740
=====> Saving current model and best model
balance: False
selecting samples for epoch 197, ratio 0.1
=====> Saving current model and best model
balance: False
selecting samples for epoch 198, ratio 0.1
=====> Saving current model and best model
balance: False
selecting samples for epoch 199, ratio 0.1
=====> Saving current model and best model
balance: False
selecting samples for epoch 200, ratio 0.1
=====> Saving current model and best model
balance: False
selecting samples for epoch 201, ratio 0.1
=====> Saving current model and best model
balance: False
selecting samples for epoch 202, ratio 0.1
=====> Saving current model and best model
balance: False
selecting samples for epoch 203, ratio 0.1
=====> Saving current model and best model
balance: False
selecting samples for epoch 204, ratio 0.1
=====> Saving current model and best model
balance: False
selecting samples for epoch 205, ratio 0.1
=====> Saving current model and best model
balance: False
selecting samples for epoch 206, ratio 0.1
=====> Saving current model and best model
balance: False
selecting samples for epoch 207, ratio 0.1
=====> Saving current model and best model
balance: False
selecting samples for epoch 208, ratio 0.1
=====> Saving current model and best model
balance: False
selecting samples for epoch 209, ratio 0.1
=====> Saving current model and best model
balance: False
selecting samples for epoch 210, ratio 0.1
=====> Saving current model and best model
balance: False
selecting samples for epoch 211, ratio 0.1
=====> Epoch: 211/300, Total_step: 9917, lr: 0.001000, Total Time: 4904.6826 s, Time this epoch: 17.2234 s
=====> Epoch: 211/300, Train Loss (train loader labels): 3.9731, Train acc (train loader labels): 0.3856, Best val acc: 0.4483, Current val acc: 0.3960, Val Loss: 3.9497
=====> Saving current model and best model
balance: False
selecting samples for epoch 212, ratio 0.1
=====> Saving current model and best model
balance: False
selecting samples for epoch 213, ratio 0.1
=====> Saving current model and best model
balance: False
selecting samples for epoch 214, ratio 0.1
=====> Saving current model and best model
balance: False
selecting samples for epoch 215, ratio 0.1
=====> Saving current model and best model
balance: False
selecting samples for epoch 216, ratio 0.1
=====> Saving current model and best model
balance: False
selecting samples for epoch 217, ratio 0.1
=====> Saving current model and best model
balance: False
selecting samples for epoch 218, ratio 0.1
=====> Saving current model and best model
balance: False
selecting samples for epoch 219, ratio 0.1
=====> Saving current model and best model
balance: False
selecting samples for epoch 220, ratio 0.1
=====> Saving current model and best model
balance: False
selecting samples for epoch 221, ratio 0.1
=====> Saving current model and best model
balance: False
selecting samples for epoch 222, ratio 0.1
=====> Saving current model and best model
balance: False
selecting samples for epoch 223, ratio 0.1
=====> Saving current model and best model
balance: False
selecting samples for epoch 224, ratio 0.1
=====> Saving current model and best model
balance: False
selecting samples for epoch 225, ratio 0.1
=====> Saving current model and best model
balance: False
selecting samples for epoch 226, ratio 0.1
=====> Epoch: 226/300, Total_step: 10622, lr: 0.001000, Total Time: 5187.9912 s, Time this epoch: 17.1954 s
=====> Epoch: 226/300, Train Loss (train loader labels): 3.7086, Train acc (train loader labels): 0.3847, Best val acc: 0.4483, Current val acc: 0.3863, Val Loss: 3.7941
=====> Saving current model and best model
balance: False
selecting samples for epoch 227, ratio 0.1
=====> Saving current model and best model
balance: False
selecting samples for epoch 228, ratio 0.1
=====> Saving current model and best model
balance: False
selecting samples for epoch 229, ratio 0.1
=====> Saving current model and best model
balance: False
selecting samples for epoch 230, ratio 0.1
=====> Saving current model and best model
balance: False
selecting samples for epoch 231, ratio 0.1
=====> Saving current model and best model
balance: False
selecting samples for epoch 232, ratio 0.1
=====> Saving current model and best model
balance: False
selecting samples for epoch 233, ratio 0.1
=====> Saving current model and best model
balance: False
selecting samples for epoch 234, ratio 0.1
=====> Saving current model and best model
balance: False
selecting samples for epoch 235, ratio 0.1
=====> Saving current model and best model
balance: False
selecting samples for epoch 236, ratio 0.1
=====> Saving current model and best model
balance: False
selecting samples for epoch 237, ratio 0.1
=====> Saving current model and best model
balance: False
selecting samples for epoch 238, ratio 0.1
=====> Saving current model and best model
balance: False
selecting samples for epoch 239, ratio 0.1
=====> Saving current model and best model
balance: False
selecting samples for epoch 240, ratio 0.1
=====> Saving current model and best model
balance: False
selecting samples for epoch 241, ratio 0.1
=====> Epoch: 241/300, Total_step: 11327, lr: 0.001000, Total Time: 5471.0336 s, Time this epoch: 17.1150 s
=====> Epoch: 241/300, Train Loss (train loader labels): 6.0320, Train acc (train loader labels): 0.3807, Best val acc: 0.4483, Current val acc: 0.3770, Val Loss: 6.3646
=====> Saving current model and best model
balance: False
selecting samples for epoch 242, ratio 0.1
=====> Saving current model and best model
balance: False
selecting samples for epoch 243, ratio 0.1
=====> Saving current model and best model
balance: False
selecting samples for epoch 244, ratio 0.1
=====> Saving current model and best model
balance: False
selecting samples for epoch 245, ratio 0.1
=====> Saving current model and best model
balance: False
selecting samples for epoch 246, ratio 0.1
=====> Saving current model and best model
balance: False
selecting samples for epoch 247, ratio 0.1
=====> Saving current model and best model
balance: False
selecting samples for epoch 248, ratio 0.1
=====> Saving current model and best model
balance: False
selecting samples for epoch 249, ratio 0.1
=====> Saving current model and best model
balance: False
selecting samples for epoch 250, ratio 0.1
=====> Saving current model and best model
balance: False
selecting samples for epoch 251, ratio 0.1
=====> Saving current model and best model
balance: False
selecting samples for epoch 252, ratio 0.1
=====> Saving current model and best model
balance: False
selecting samples for epoch 253, ratio 0.1
=====> Saving current model and best model
balance: False
selecting samples for epoch 254, ratio 0.1
=====> Saving current model and best model
balance: False
selecting samples for epoch 255, ratio 0.1
=====> Saving current model and best model
balance: False
selecting samples for epoch 256, ratio 0.1
=====> Epoch: 256/300, Total_step: 12032, lr: 0.001000, Total Time: 5755.6835 s, Time this epoch: 17.3129 s
=====> Epoch: 256/300, Train Loss (train loader labels): 2.1854, Train acc (train loader labels): 0.3739, Best val acc: 0.4483, Current val acc: 0.3783, Val Loss: 2.1747
=====> Saving current model and best model
balance: False
selecting samples for epoch 257, ratio 0.1
=====> Saving current model and best model
balance: False
selecting samples for epoch 258, ratio 0.1
=====> Saving current model and best model
balance: False
selecting samples for epoch 259, ratio 0.1
=====> Saving current model and best model
balance: False
selecting samples for epoch 260, ratio 0.1
=====> Saving current model and best model
balance: False
selecting samples for epoch 261, ratio 0.1
=====> Saving current model and best model
balance: False
selecting samples for epoch 262, ratio 0.1
=====> Saving current model and best model
balance: False
selecting samples for epoch 263, ratio 0.1
=====> Saving current model and best model
balance: False
selecting samples for epoch 264, ratio 0.1
=====> Saving current model and best model
balance: False
selecting samples for epoch 265, ratio 0.1
=====> Saving current model and best model
balance: False
selecting samples for epoch 266, ratio 0.1
=====> Saving current model and best model
balance: False
selecting samples for epoch 267, ratio 0.1
=====> Saving current model and best model
balance: False
selecting samples for epoch 268, ratio 0.1
=====> Saving current model and best model
balance: False
selecting samples for epoch 269, ratio 0.1
=====> Saving current model and best model
balance: False
selecting samples for epoch 270, ratio 0.1
=====> Saving current model and best model
balance: False
selecting samples for epoch 271, ratio 0.1
=====> Epoch: 271/300, Total_step: 12737, lr: 0.001000, Total Time: 6039.1369 s, Time this epoch: 17.2156 s
=====> Epoch: 271/300, Train Loss (train loader labels): 1.1920, Train acc (train loader labels): 0.3986, Best val acc: 0.4483, Current val acc: 0.3937, Val Loss: 1.2014
=====> Saving current model and best model
balance: False
selecting samples for epoch 272, ratio 0.1
=====> Saving current model and best model
balance: False
selecting samples for epoch 273, ratio 0.1
=====> Saving current model and best model
balance: False
selecting samples for epoch 274, ratio 0.1
=====> Saving current model and best model
balance: False
selecting samples for epoch 275, ratio 0.1
=====> Saving current model and best model
balance: False
selecting samples for epoch 276, ratio 0.1
=====> Saving current model and best model
balance: False
selecting samples for epoch 277, ratio 0.1
=====> Saving current model and best model
balance: False
selecting samples for epoch 278, ratio 0.1
=====> Saving current model and best model
balance: False
selecting samples for epoch 279, ratio 0.1
=====> Saving current model and best model
balance: False
selecting samples for epoch 280, ratio 0.1
=====> Saving current model and best model
balance: False
selecting samples for epoch 281, ratio 0.1
=====> Saving current model and best model
balance: False
selecting samples for epoch 282, ratio 0.1
=====> Saving current model and best model
balance: False
selecting samples for epoch 283, ratio 0.1
=====> Saving current model and best model
balance: False
selecting samples for epoch 284, ratio 0.1
=====> Saving current model and best model
balance: False
selecting samples for epoch 285, ratio 0.1
=====> Saving current model and best model
balance: False
selecting samples for epoch 286, ratio 0.1
=====> Epoch: 286/300, Total_step: 13442, lr: 0.001000, Total Time: 6320.9175 s, Time this epoch: 17.1261 s
=====> Epoch: 286/300, Train Loss (train loader labels): 1.7754, Train acc (train loader labels): 0.3943, Best val acc: 0.4483, Current val acc: 0.3930, Val Loss: 1.7875
=====> Saving current model and best model
balance: False
selecting samples for epoch 287, ratio 0.1
=====> Saving current model and best model
balance: False
selecting samples for epoch 288, ratio 0.1
=====> Saving current model and best model
balance: False
selecting samples for epoch 289, ratio 0.1
=====> Saving current model and best model
balance: False
selecting samples for epoch 290, ratio 0.1
=====> Saving current model and best model
balance: False
selecting samples for epoch 291, ratio 0.1
=====> Saving current model and best model
balance: False
selecting samples for epoch 292, ratio 0.1
=====> Saving current model and best model
balance: False
selecting samples for epoch 293, ratio 0.1
=====> Saving current model and best model
balance: False
selecting samples for epoch 294, ratio 0.1
=====> Saving current model and best model
balance: False
selecting samples for epoch 295, ratio 0.1
=====> Saving current model and best model
balance: False
selecting samples for epoch 296, ratio 0.1
=====> Saving current model and best model
balance: False
selecting samples for epoch 297, ratio 0.1
=====> Saving current model and best model
balance: False
selecting samples for epoch 298, ratio 0.1
=====> Saving current model and best model
balance: False
selecting samples for epoch 299, ratio 0.1
=====> Saving current model and best model
balance: False
selecting samples for epoch 300, ratio 0.1
=====> Epoch: 300/300, Total_step: 14100, lr: 0.001000, Total Time: 6586.4934 s, Time this epoch: 17.2817 s
=====> Epoch: 300/300, Train Loss (train loader labels): 2.3548, Train acc (train loader labels): 0.3590, Best val acc: 0.4483, Current val acc: 0.3877, Val Loss: 2.2777
=====> Saving current model and best model
Saved helper snapshots to /home/mward19/Documents/miller/Online-Batch-Selection/snapshots/CIFAR3/{"bsel":"RhoLoss","seed":2,"model":"DeepLinear","opt":"adamw","bs":320,"ratio":0.1,"lr":0.001,"wd":0.01,"layers":8,"hidden_dim":1000}.p
Saved selected points array to /home/mward19/Documents/miller/Online-Batch-Selection/selected_points/CIFAR3/{"bsel":"RhoLoss","seed":2,"model":"DeepLinear","opt":"adamw","bs":320,"ratio":0.1,"lr":0.001,"wd":0.01,"layers":8,"hidden_dim":1000}.npy
========================= End Main =========================
