save_dir: ./exp/CIFAR3/Uniform_deeplinear_bs320_ep300_lr0.001_AdamW_constant_seed3_r0.1_5_hidden
=====> Loading config files: 
configs/cifar3/method/uniform-0.1.yaml
configs/cifar3/data/cifar3.yaml
configs/cifar3/model/deep_linear_saxe/deep_linear_5.yaml
configs/cifar3/optim/adamw-320-0.001-0.01.yaml
configs/diagnostics/snapshots_log_interval.yaml
=====> Config files loaded.
========================= Start Main =========================
=====> Saving config file
=====> Config file saved
=====> Using fixed random seed: 3
=====> Wandb initialized
=====> Number of GPUs: 1
Creating Uniform...
Begin training for Uniform...
=====> Epoch: 0/300, Total_step: 0, lr: 0.001000, Total Time: 0.0000 s, Time this epoch: 0.0000 s
=====> Epoch: 0/300, Train Loss (train loader labels): 1.0992, Train acc (train loader labels): 0.3197, Best val acc: 0.3200, Current val acc: 0.3200, Val Loss: 1.0992
selecting samples for epoch 1
balance: False
ratio: 0.1
=====> Epoch: 1/300, Total_step: 1, lr: 0.001000, Total Time: 0.0000 s, Time this epoch: 0.0000 s
=====> Epoch: 1/300, Train Loss (train loader labels): 1.7273, Train acc (train loader labels): 0.3465, Best val acc: 0.3667, Current val acc: 0.3667, Val Loss: 1.6760
=====> Epoch: 1/300, Total_step: 12, lr: 0.001000, Total Time: 0.0000 s, Time this epoch: 0.0000 s
=====> Epoch: 1/300, Train Loss (train loader labels): 1.8347, Train acc (train loader labels): 0.3721, Best val acc: 0.3723, Current val acc: 0.3723, Val Loss: 1.8267
=====> Epoch: 1/300, Total_step: 23, lr: 0.001000, Total Time: 0.0000 s, Time this epoch: 0.0000 s
=====> Epoch: 1/300, Train Loss (train loader labels): 1.5709, Train acc (train loader labels): 0.3427, Best val acc: 0.3723, Current val acc: 0.3490, Val Loss: 1.5632
=====> Epoch: 1/300, Total_step: 34, lr: 0.001000, Total Time: 0.0000 s, Time this epoch: 0.0000 s
=====> Epoch: 1/300, Train Loss (train loader labels): 1.2683, Train acc (train loader labels): 0.3504, Best val acc: 0.3723, Current val acc: 0.3650, Val Loss: 1.2669
=====> Epoch: 1/300, Total_step: 45, lr: 0.001000, Total Time: 0.0000 s, Time this epoch: 0.0000 s
=====> Epoch: 1/300, Train Loss (train loader labels): 1.2234, Train acc (train loader labels): 0.3921, Best val acc: 0.4047, Current val acc: 0.4047, Val Loss: 1.2097
=====> Saving current model and best model
selecting samples for epoch 2
balance: False
ratio: 0.1
=====> Epoch: 2/300, Total_step: 48, lr: 0.001000, Total Time: 127.2090 s, Time this epoch: 108.6155 s
=====> Epoch: 2/300, Train Loss (train loader labels): 1.0987, Train acc (train loader labels): 0.3869, Best val acc: 0.4047, Current val acc: 0.3867, Val Loss: 1.1052
=====> Epoch: 2/300, Total_step: 59, lr: 0.001000, Total Time: 127.2090 s, Time this epoch: 108.6155 s
=====> Epoch: 2/300, Train Loss (train loader labels): 1.0444, Train acc (train loader labels): 0.4589, Best val acc: 0.4727, Current val acc: 0.4727, Val Loss: 1.0416
=====> Epoch: 2/300, Total_step: 70, lr: 0.001000, Total Time: 127.2090 s, Time this epoch: 108.6155 s
=====> Epoch: 2/300, Train Loss (train loader labels): 1.0284, Train acc (train loader labels): 0.4572, Best val acc: 0.4727, Current val acc: 0.4707, Val Loss: 1.0252
=====> Epoch: 2/300, Total_step: 81, lr: 0.001000, Total Time: 127.2090 s, Time this epoch: 108.6155 s
=====> Epoch: 2/300, Train Loss (train loader labels): 1.0336, Train acc (train loader labels): 0.4582, Best val acc: 0.4807, Current val acc: 0.4807, Val Loss: 1.0277
=====> Epoch: 2/300, Total_step: 92, lr: 0.001000, Total Time: 127.2090 s, Time this epoch: 108.6155 s
=====> Epoch: 2/300, Train Loss (train loader labels): 1.0333, Train acc (train loader labels): 0.4497, Best val acc: 0.4807, Current val acc: 0.4563, Val Loss: 1.0463
=====> Saving current model and best model
selecting samples for epoch 3
balance: False
ratio: 0.1
=====> Epoch: 3/300, Total_step: 95, lr: 0.001000, Total Time: 237.7151 s, Time this epoch: 110.1568 s
=====> Epoch: 3/300, Train Loss (train loader labels): 1.0691, Train acc (train loader labels): 0.4371, Best val acc: 0.4807, Current val acc: 0.4403, Val Loss: 1.0883
=====> Epoch: 3/300, Total_step: 106, lr: 0.001000, Total Time: 237.7151 s, Time this epoch: 110.1568 s
=====> Epoch: 3/300, Train Loss (train loader labels): 1.0302, Train acc (train loader labels): 0.4759, Best val acc: 0.4873, Current val acc: 0.4873, Val Loss: 1.0197
=====> Epoch: 3/300, Total_step: 117, lr: 0.001000, Total Time: 237.7151 s, Time this epoch: 110.1568 s
=====> Epoch: 3/300, Train Loss (train loader labels): 1.0363, Train acc (train loader labels): 0.4739, Best val acc: 0.4890, Current val acc: 0.4890, Val Loss: 1.0304
=====> Epoch: 3/300, Total_step: 128, lr: 0.001000, Total Time: 237.7151 s, Time this epoch: 110.1568 s
=====> Epoch: 3/300, Train Loss (train loader labels): 1.0587, Train acc (train loader labels): 0.4593, Best val acc: 0.4890, Current val acc: 0.4603, Val Loss: 1.0632
=====> Epoch: 3/300, Total_step: 139, lr: 0.001000, Total Time: 237.7151 s, Time this epoch: 110.1568 s
=====> Epoch: 3/300, Train Loss (train loader labels): 1.0301, Train acc (train loader labels): 0.4667, Best val acc: 0.4890, Current val acc: 0.4743, Val Loss: 1.0238
=====> Saving current model and best model
selecting samples for epoch 4
balance: False
ratio: 0.1
=====> Epoch: 4/300, Total_step: 142, lr: 0.001000, Total Time: 344.9191 s, Time this epoch: 106.9099 s
=====> Epoch: 4/300, Train Loss (train loader labels): 1.0175, Train acc (train loader labels): 0.4749, Best val acc: 0.4930, Current val acc: 0.4930, Val Loss: 1.0083
=====> Epoch: 4/300, Total_step: 153, lr: 0.001000, Total Time: 344.9191 s, Time this epoch: 106.9099 s
=====> Epoch: 4/300, Train Loss (train loader labels): 1.0559, Train acc (train loader labels): 0.4522, Best val acc: 0.4930, Current val acc: 0.4787, Val Loss: 1.0390
=====> Epoch: 4/300, Total_step: 164, lr: 0.001000, Total Time: 344.9191 s, Time this epoch: 106.9099 s
=====> Epoch: 4/300, Train Loss (train loader labels): 1.0243, Train acc (train loader labels): 0.4543, Best val acc: 0.4930, Current val acc: 0.4650, Val Loss: 1.0237
=====> Epoch: 4/300, Total_step: 175, lr: 0.001000, Total Time: 344.9191 s, Time this epoch: 106.9099 s
=====> Epoch: 4/300, Train Loss (train loader labels): 1.0293, Train acc (train loader labels): 0.4657, Best val acc: 0.4930, Current val acc: 0.4763, Val Loss: 1.0276
=====> Epoch: 4/300, Total_step: 186, lr: 0.001000, Total Time: 344.9191 s, Time this epoch: 106.9099 s
=====> Epoch: 4/300, Train Loss (train loader labels): 1.0384, Train acc (train loader labels): 0.4688, Best val acc: 0.4930, Current val acc: 0.4790, Val Loss: 1.0343
=====> Saving current model and best model
selecting samples for epoch 5
balance: False
ratio: 0.1
=====> Epoch: 5/300, Total_step: 189, lr: 0.001000, Total Time: 452.2842 s, Time this epoch: 107.0208 s
=====> Epoch: 5/300, Train Loss (train loader labels): 1.0247, Train acc (train loader labels): 0.4786, Best val acc: 0.4930, Current val acc: 0.4857, Val Loss: 1.0243
=====> Epoch: 5/300, Total_step: 200, lr: 0.001000, Total Time: 452.2842 s, Time this epoch: 107.0208 s
=====> Epoch: 5/300, Train Loss (train loader labels): 1.0072, Train acc (train loader labels): 0.4915, Best val acc: 0.5013, Current val acc: 0.5013, Val Loss: 0.9991
=====> Epoch: 5/300, Total_step: 211, lr: 0.001000, Total Time: 452.2842 s, Time this epoch: 107.0208 s
=====> Epoch: 5/300, Train Loss (train loader labels): 1.0243, Train acc (train loader labels): 0.4863, Best val acc: 0.5013, Current val acc: 0.4910, Val Loss: 1.0157
=====> Epoch: 5/300, Total_step: 222, lr: 0.001000, Total Time: 452.2842 s, Time this epoch: 107.0208 s
=====> Epoch: 5/300, Train Loss (train loader labels): 1.0536, Train acc (train loader labels): 0.4342, Best val acc: 0.5013, Current val acc: 0.4490, Val Loss: 1.0460
=====> Epoch: 5/300, Total_step: 233, lr: 0.001000, Total Time: 452.2842 s, Time this epoch: 107.0208 s
=====> Epoch: 5/300, Train Loss (train loader labels): 1.0514, Train acc (train loader labels): 0.4678, Best val acc: 0.5013, Current val acc: 0.4773, Val Loss: 1.0411
=====> Saving current model and best model
selecting samples for epoch 6
balance: False
ratio: 0.1
=====> Epoch: 6/300, Total_step: 282, lr: 0.001000, Total Time: 560.7673 s, Time this epoch: 108.2351 s
=====> Epoch: 6/300, Train Loss (train loader labels): 1.0384, Train acc (train loader labels): 0.4643, Best val acc: 0.5013, Current val acc: 0.4827, Val Loss: 1.0243
=====> Saving current model and best model
selecting samples for epoch 7
balance: False
ratio: 0.1
=====> Epoch: 7/300, Total_step: 329, lr: 0.001000, Total Time: 596.8720 s, Time this epoch: 35.7126 s
=====> Epoch: 7/300, Train Loss (train loader labels): 1.0262, Train acc (train loader labels): 0.4713, Best val acc: 0.5013, Current val acc: 0.4887, Val Loss: 1.0231
=====> Saving current model and best model
selecting samples for epoch 8
balance: False
ratio: 0.1
=====> Epoch: 8/300, Total_step: 376, lr: 0.001000, Total Time: 632.8592 s, Time this epoch: 35.6271 s
=====> Epoch: 8/300, Train Loss (train loader labels): 1.0449, Train acc (train loader labels): 0.4669, Best val acc: 0.5013, Current val acc: 0.4723, Val Loss: 1.0438
=====> Saving current model and best model
selecting samples for epoch 9
balance: False
ratio: 0.1
=====> Epoch: 9/300, Total_step: 423, lr: 0.001000, Total Time: 668.5846 s, Time this epoch: 35.4442 s
=====> Epoch: 9/300, Train Loss (train loader labels): 1.0229, Train acc (train loader labels): 0.4856, Best val acc: 0.5033, Current val acc: 0.5033, Val Loss: 1.0226
=====> Saving current model and best model
selecting samples for epoch 10
balance: False
ratio: 0.1
=====> Epoch: 10/300, Total_step: 470, lr: 0.001000, Total Time: 704.4295 s, Time this epoch: 35.5809 s
=====> Epoch: 10/300, Train Loss (train loader labels): 1.0400, Train acc (train loader labels): 0.4789, Best val acc: 0.5033, Current val acc: 0.4940, Val Loss: 1.0342
=====> Saving current model and best model
selecting samples for epoch 11
balance: False
ratio: 0.1
=====> Epoch: 11/300, Total_step: 517, lr: 0.001000, Total Time: 740.6745 s, Time this epoch: 35.3598 s
=====> Epoch: 11/300, Train Loss (train loader labels): 1.0488, Train acc (train loader labels): 0.4754, Best val acc: 0.5033, Current val acc: 0.4927, Val Loss: 1.0678
=====> Saving current model and best model
selecting samples for epoch 12
balance: False
ratio: 0.1
=====> Epoch: 12/300, Total_step: 564, lr: 0.001000, Total Time: 776.4160 s, Time this epoch: 35.4400 s
=====> Epoch: 12/300, Train Loss (train loader labels): 1.0406, Train acc (train loader labels): 0.4707, Best val acc: 0.5033, Current val acc: 0.4793, Val Loss: 1.0452
=====> Saving current model and best model
selecting samples for epoch 13
balance: False
ratio: 0.1
=====> Epoch: 13/300, Total_step: 611, lr: 0.001000, Total Time: 812.0557 s, Time this epoch: 35.3326 s
=====> Epoch: 13/300, Train Loss (train loader labels): 1.0244, Train acc (train loader labels): 0.4779, Best val acc: 0.5033, Current val acc: 0.4830, Val Loss: 1.0205
=====> Saving current model and best model
selecting samples for epoch 14
balance: False
ratio: 0.1
=====> Epoch: 14/300, Total_step: 658, lr: 0.001000, Total Time: 847.8852 s, Time this epoch: 35.5429 s
=====> Epoch: 14/300, Train Loss (train loader labels): 1.0650, Train acc (train loader labels): 0.4558, Best val acc: 0.5033, Current val acc: 0.4590, Val Loss: 1.0801
=====> Saving current model and best model
selecting samples for epoch 15
balance: False
ratio: 0.1
=====> Epoch: 15/300, Total_step: 705, lr: 0.001000, Total Time: 883.8913 s, Time this epoch: 35.5464 s
=====> Epoch: 15/300, Train Loss (train loader labels): 1.0712, Train acc (train loader labels): 0.4347, Best val acc: 0.5033, Current val acc: 0.4327, Val Loss: 1.0659
=====> Saving current model and best model
selecting samples for epoch 16
balance: False
ratio: 0.1
=====> Epoch: 16/300, Total_step: 752, lr: 0.001000, Total Time: 919.7556 s, Time this epoch: 35.5780 s
=====> Epoch: 16/300, Train Loss (train loader labels): 1.0378, Train acc (train loader labels): 0.4691, Best val acc: 0.5033, Current val acc: 0.4813, Val Loss: 1.0308
=====> Saving current model and best model
selecting samples for epoch 17
balance: False
ratio: 0.1
=====> Epoch: 17/300, Total_step: 799, lr: 0.001000, Total Time: 955.6134 s, Time this epoch: 35.5553 s
=====> Epoch: 17/300, Train Loss (train loader labels): 1.1268, Train acc (train loader labels): 0.4227, Best val acc: 0.5033, Current val acc: 0.4140, Val Loss: 1.1414
=====> Saving current model and best model
selecting samples for epoch 18
balance: False
ratio: 0.1
=====> Epoch: 18/300, Total_step: 846, lr: 0.001000, Total Time: 991.5875 s, Time this epoch: 35.6131 s
=====> Epoch: 18/300, Train Loss (train loader labels): 1.0587, Train acc (train loader labels): 0.4382, Best val acc: 0.5033, Current val acc: 0.4497, Val Loss: 1.0506
=====> Saving current model and best model
selecting samples for epoch 19
balance: False
ratio: 0.1
=====> Epoch: 19/300, Total_step: 893, lr: 0.001000, Total Time: 1027.4563 s, Time this epoch: 35.5439 s
=====> Epoch: 19/300, Train Loss (train loader labels): 1.0695, Train acc (train loader labels): 0.4021, Best val acc: 0.5033, Current val acc: 0.4017, Val Loss: 1.0697
=====> Saving current model and best model
selecting samples for epoch 20
balance: False
ratio: 0.1
=====> Epoch: 20/300, Total_step: 940, lr: 0.001000, Total Time: 1063.1357 s, Time this epoch: 35.3772 s
=====> Epoch: 20/300, Train Loss (train loader labels): 1.0306, Train acc (train loader labels): 0.4631, Best val acc: 0.5033, Current val acc: 0.4727, Val Loss: 1.0272
=====> Saving current model and best model
selecting samples for epoch 21
balance: False
ratio: 0.1
=====> Epoch: 21/300, Total_step: 987, lr: 0.001000, Total Time: 1099.0046 s, Time this epoch: 35.5323 s
=====> Epoch: 21/300, Train Loss (train loader labels): 1.1132, Train acc (train loader labels): 0.3830, Best val acc: 0.5033, Current val acc: 0.3763, Val Loss: 1.1167
=====> Saving current model and best model
selecting samples for epoch 22
balance: False
ratio: 0.1
=====> Epoch: 22/300, Total_step: 1034, lr: 0.001000, Total Time: 1134.7451 s, Time this epoch: 35.3920 s
=====> Epoch: 22/300, Train Loss (train loader labels): 1.0737, Train acc (train loader labels): 0.3974, Best val acc: 0.5033, Current val acc: 0.3927, Val Loss: 1.0773
=====> Saving current model and best model
selecting samples for epoch 23
balance: False
ratio: 0.1
=====> Epoch: 23/300, Total_step: 1081, lr: 0.001000, Total Time: 1171.7867 s, Time this epoch: 36.7644 s
=====> Epoch: 23/300, Train Loss (train loader labels): 1.1398, Train acc (train loader labels): 0.4344, Best val acc: 0.5033, Current val acc: 0.4347, Val Loss: 1.1339
=====> Saving current model and best model
selecting samples for epoch 24
balance: False
ratio: 0.1
=====> Epoch: 24/300, Total_step: 1128, lr: 0.001000, Total Time: 1207.5361 s, Time this epoch: 35.4521 s
=====> Epoch: 24/300, Train Loss (train loader labels): 1.0662, Train acc (train loader labels): 0.4236, Best val acc: 0.5033, Current val acc: 0.4357, Val Loss: 1.0608
=====> Saving current model and best model
selecting samples for epoch 25
balance: False
ratio: 0.1
=====> Epoch: 25/300, Total_step: 1175, lr: 0.001000, Total Time: 1243.1468 s, Time this epoch: 35.3496 s
=====> Epoch: 25/300, Train Loss (train loader labels): 1.1366, Train acc (train loader labels): 0.4237, Best val acc: 0.5033, Current val acc: 0.4150, Val Loss: 1.1511
=====> Saving current model and best model
selecting samples for epoch 26
balance: False
ratio: 0.1
=====> Epoch: 26/300, Total_step: 1222, lr: 0.001000, Total Time: 1278.7825 s, Time this epoch: 35.3492 s
=====> Epoch: 26/300, Train Loss (train loader labels): 1.1337, Train acc (train loader labels): 0.4352, Best val acc: 0.5033, Current val acc: 0.4317, Val Loss: 1.1272
=====> Saving current model and best model
selecting samples for epoch 27
balance: False
ratio: 0.1
=====> Saving current model and best model
selecting samples for epoch 28
balance: False
ratio: 0.1
=====> Saving current model and best model
selecting samples for epoch 29
balance: False
ratio: 0.1
=====> Epoch: 29/300, Total_step: 1363, lr: 0.001000, Total Time: 1349.1644 s, Time this epoch: 17.0016 s
=====> Epoch: 29/300, Train Loss (train loader labels): 1.0664, Train acc (train loader labels): 0.4403, Best val acc: 0.5033, Current val acc: 0.4427, Val Loss: 1.0569
=====> Saving current model and best model
selecting samples for epoch 30
balance: False
ratio: 0.1
=====> Saving current model and best model
selecting samples for epoch 31
balance: False
ratio: 0.1
=====> Saving current model and best model
selecting samples for epoch 32
balance: False
ratio: 0.1
=====> Saving current model and best model
selecting samples for epoch 33
balance: False
ratio: 0.1
=====> Epoch: 33/300, Total_step: 1551, lr: 0.001000, Total Time: 1437.4533 s, Time this epoch: 16.9563 s
=====> Epoch: 33/300, Train Loss (train loader labels): 1.0855, Train acc (train loader labels): 0.4393, Best val acc: 0.5033, Current val acc: 0.4373, Val Loss: 1.0973
=====> Saving current model and best model
selecting samples for epoch 34
balance: False
ratio: 0.1
=====> Saving current model and best model
selecting samples for epoch 35
balance: False
ratio: 0.1
=====> Saving current model and best model
selecting samples for epoch 36
balance: False
ratio: 0.1
=====> Saving current model and best model
selecting samples for epoch 37
balance: False
ratio: 0.1
=====> Epoch: 37/300, Total_step: 1739, lr: 0.001000, Total Time: 1525.6941 s, Time this epoch: 16.9915 s
=====> Epoch: 37/300, Train Loss (train loader labels): 1.0341, Train acc (train loader labels): 0.4669, Best val acc: 0.5033, Current val acc: 0.4787, Val Loss: 1.0286
=====> Saving current model and best model
selecting samples for epoch 38
balance: False
ratio: 0.1
=====> Saving current model and best model
selecting samples for epoch 39
balance: False
ratio: 0.1
=====> Saving current model and best model
selecting samples for epoch 40
balance: False
ratio: 0.1
=====> Saving current model and best model
selecting samples for epoch 41
balance: False
ratio: 0.1
=====> Epoch: 41/300, Total_step: 1927, lr: 0.001000, Total Time: 1613.8678 s, Time this epoch: 17.0241 s
=====> Epoch: 41/300, Train Loss (train loader labels): 1.4994, Train acc (train loader labels): 0.4005, Best val acc: 0.5033, Current val acc: 0.3940, Val Loss: 1.5267
=====> Saving current model and best model
selecting samples for epoch 42
balance: False
ratio: 0.1
=====> Saving current model and best model
selecting samples for epoch 43
balance: False
ratio: 0.1
=====> Saving current model and best model
selecting samples for epoch 44
balance: False
ratio: 0.1
=====> Saving current model and best model
selecting samples for epoch 45
balance: False
ratio: 0.1
=====> Epoch: 45/300, Total_step: 2115, lr: 0.001000, Total Time: 1701.9493 s, Time this epoch: 16.9880 s
=====> Epoch: 45/300, Train Loss (train loader labels): 2.4844, Train acc (train loader labels): 0.3797, Best val acc: 0.5033, Current val acc: 0.3760, Val Loss: 2.5205
=====> Saving current model and best model
selecting samples for epoch 46
balance: False
ratio: 0.1
=====> Saving current model and best model
selecting samples for epoch 47
balance: False
ratio: 0.1
=====> Saving current model and best model
selecting samples for epoch 48
balance: False
ratio: 0.1
=====> Saving current model and best model
selecting samples for epoch 49
balance: False
ratio: 0.1
=====> Epoch: 49/300, Total_step: 2303, lr: 0.001000, Total Time: 1789.8820 s, Time this epoch: 16.9702 s
=====> Epoch: 49/300, Train Loss (train loader labels): 1.2120, Train acc (train loader labels): 0.4473, Best val acc: 0.5033, Current val acc: 0.4603, Val Loss: 1.2080
=====> Saving current model and best model
selecting samples for epoch 50
balance: False
ratio: 0.1
=====> Saving current model and best model
selecting samples for epoch 51
balance: False
ratio: 0.1
=====> Saving current model and best model
selecting samples for epoch 52
balance: False
ratio: 0.1
=====> Saving current model and best model
selecting samples for epoch 53
balance: False
ratio: 0.1
=====> Epoch: 53/300, Total_step: 2491, lr: 0.001000, Total Time: 1877.9365 s, Time this epoch: 16.9885 s
=====> Epoch: 53/300, Train Loss (train loader labels): 1.2111, Train acc (train loader labels): 0.4414, Best val acc: 0.5033, Current val acc: 0.4423, Val Loss: 1.2022
=====> Saving current model and best model
selecting samples for epoch 54
balance: False
ratio: 0.1
=====> Saving current model and best model
selecting samples for epoch 55
balance: False
ratio: 0.1
=====> Saving current model and best model
selecting samples for epoch 56
balance: False
ratio: 0.1
=====> Saving current model and best model
selecting samples for epoch 57
balance: False
ratio: 0.1
=====> Epoch: 57/300, Total_step: 2679, lr: 0.001000, Total Time: 1966.1203 s, Time this epoch: 16.9675 s
=====> Epoch: 57/300, Train Loss (train loader labels): 1.1070, Train acc (train loader labels): 0.4166, Best val acc: 0.5033, Current val acc: 0.4253, Val Loss: 1.0981
=====> Saving current model and best model
selecting samples for epoch 58
balance: False
ratio: 0.1
=====> Saving current model and best model
selecting samples for epoch 59
balance: False
ratio: 0.1
=====> Saving current model and best model
selecting samples for epoch 60
balance: False
ratio: 0.1
=====> Saving current model and best model
selecting samples for epoch 61
balance: False
ratio: 0.1
=====> Epoch: 61/300, Total_step: 2867, lr: 0.001000, Total Time: 2054.3015 s, Time this epoch: 16.9367 s
=====> Epoch: 61/300, Train Loss (train loader labels): 1.1849, Train acc (train loader labels): 0.4388, Best val acc: 0.5033, Current val acc: 0.4410, Val Loss: 1.2024
=====> Saving current model and best model
selecting samples for epoch 62
balance: False
ratio: 0.1
=====> Saving current model and best model
selecting samples for epoch 63
balance: False
ratio: 0.1
=====> Saving current model and best model
selecting samples for epoch 64
balance: False
ratio: 0.1
=====> Saving current model and best model
selecting samples for epoch 65
balance: False
ratio: 0.1
=====> Epoch: 65/300, Total_step: 3055, lr: 0.001000, Total Time: 2142.6063 s, Time this epoch: 17.1741 s
=====> Epoch: 65/300, Train Loss (train loader labels): 1.1216, Train acc (train loader labels): 0.4440, Best val acc: 0.5033, Current val acc: 0.4480, Val Loss: 1.1151
=====> Saving current model and best model
selecting samples for epoch 66
balance: False
ratio: 0.1
=====> Saving current model and best model
selecting samples for epoch 67
balance: False
ratio: 0.1
=====> Saving current model and best model
selecting samples for epoch 68
balance: False
ratio: 0.1
=====> Saving current model and best model
selecting samples for epoch 69
balance: False
ratio: 0.1
=====> Saving current model and best model
selecting samples for epoch 70
balance: False
ratio: 0.1
=====> Saving current model and best model
selecting samples for epoch 71
balance: False
ratio: 0.1
=====> Saving current model and best model
selecting samples for epoch 72
balance: False
ratio: 0.1
=====> Saving current model and best model
selecting samples for epoch 73
balance: False
ratio: 0.1
=====> Saving current model and best model
selecting samples for epoch 74
balance: False
ratio: 0.1
=====> Saving current model and best model
selecting samples for epoch 75
balance: False
ratio: 0.1
=====> Saving current model and best model
selecting samples for epoch 76
balance: False
ratio: 0.1
=====> Epoch: 76/300, Total_step: 3572, lr: 0.001000, Total Time: 2352.3307 s, Time this epoch: 17.0735 s
=====> Epoch: 76/300, Train Loss (train loader labels): 1.0684, Train acc (train loader labels): 0.4622, Best val acc: 0.5033, Current val acc: 0.4623, Val Loss: 1.0772
=====> Saving current model and best model
selecting samples for epoch 77
balance: False
ratio: 0.1
=====> Saving current model and best model
selecting samples for epoch 78
balance: False
ratio: 0.1
=====> Saving current model and best model
selecting samples for epoch 79
balance: False
ratio: 0.1
=====> Saving current model and best model
selecting samples for epoch 80
balance: False
ratio: 0.1
=====> Saving current model and best model
selecting samples for epoch 81
balance: False
ratio: 0.1
=====> Saving current model and best model
selecting samples for epoch 82
balance: False
ratio: 0.1
=====> Saving current model and best model
selecting samples for epoch 83
balance: False
ratio: 0.1
=====> Saving current model and best model
selecting samples for epoch 84
balance: False
ratio: 0.1
=====> Saving current model and best model
selecting samples for epoch 85
balance: False
ratio: 0.1
=====> Saving current model and best model
selecting samples for epoch 86
balance: False
ratio: 0.1
=====> Saving current model and best model
selecting samples for epoch 87
balance: False
ratio: 0.1
=====> Saving current model and best model
selecting samples for epoch 88
balance: False
ratio: 0.1
=====> Saving current model and best model
selecting samples for epoch 89
balance: False
ratio: 0.1
=====> Saving current model and best model
selecting samples for epoch 90
balance: False
ratio: 0.1
=====> Saving current model and best model
selecting samples for epoch 91
balance: False
ratio: 0.1
=====> Epoch: 91/300, Total_step: 4277, lr: 0.001000, Total Time: 2631.7321 s, Time this epoch: 17.0541 s
=====> Epoch: 91/300, Train Loss (train loader labels): 1.0361, Train acc (train loader labels): 0.4667, Best val acc: 0.5033, Current val acc: 0.4730, Val Loss: 1.0347
=====> Saving current model and best model
selecting samples for epoch 92
balance: False
ratio: 0.1
=====> Saving current model and best model
selecting samples for epoch 93
balance: False
ratio: 0.1
=====> Saving current model and best model
selecting samples for epoch 94
balance: False
ratio: 0.1
=====> Saving current model and best model
selecting samples for epoch 95
balance: False
ratio: 0.1
=====> Saving current model and best model
selecting samples for epoch 96
balance: False
ratio: 0.1
=====> Saving current model and best model
selecting samples for epoch 97
balance: False
ratio: 0.1
=====> Saving current model and best model
selecting samples for epoch 98
balance: False
ratio: 0.1
=====> Saving current model and best model
selecting samples for epoch 99
balance: False
ratio: 0.1
=====> Saving current model and best model
selecting samples for epoch 100
balance: False
ratio: 0.1
=====> Saving current model and best model
selecting samples for epoch 101
balance: False
ratio: 0.1
=====> Saving current model and best model
selecting samples for epoch 102
balance: False
ratio: 0.1
=====> Saving current model and best model
selecting samples for epoch 103
balance: False
ratio: 0.1
=====> Saving current model and best model
selecting samples for epoch 104
balance: False
ratio: 0.1
=====> Saving current model and best model
selecting samples for epoch 105
balance: False
ratio: 0.1
=====> Saving current model and best model
selecting samples for epoch 106
balance: False
ratio: 0.1
=====> Epoch: 106/300, Total_step: 4982, lr: 0.001000, Total Time: 2913.2386 s, Time this epoch: 16.9337 s
=====> Epoch: 106/300, Train Loss (train loader labels): 1.0213, Train acc (train loader labels): 0.4765, Best val acc: 0.5033, Current val acc: 0.4740, Val Loss: 1.0213
=====> Saving current model and best model
selecting samples for epoch 107
balance: False
ratio: 0.1
=====> Saving current model and best model
selecting samples for epoch 108
balance: False
ratio: 0.1
=====> Saving current model and best model
selecting samples for epoch 109
balance: False
ratio: 0.1
=====> Saving current model and best model
selecting samples for epoch 110
balance: False
ratio: 0.1
=====> Saving current model and best model
selecting samples for epoch 111
balance: False
ratio: 0.1
=====> Saving current model and best model
selecting samples for epoch 112
balance: False
ratio: 0.1
=====> Saving current model and best model
selecting samples for epoch 113
balance: False
ratio: 0.1
=====> Saving current model and best model
selecting samples for epoch 114
balance: False
ratio: 0.1
=====> Saving current model and best model
selecting samples for epoch 115
balance: False
ratio: 0.1
=====> Saving current model and best model
selecting samples for epoch 116
balance: False
ratio: 0.1
=====> Saving current model and best model
selecting samples for epoch 117
balance: False
ratio: 0.1
=====> Saving current model and best model
selecting samples for epoch 118
balance: False
ratio: 0.1
=====> Saving current model and best model
selecting samples for epoch 119
balance: False
ratio: 0.1
=====> Saving current model and best model
selecting samples for epoch 120
balance: False
ratio: 0.1
=====> Saving current model and best model
selecting samples for epoch 121
balance: False
ratio: 0.1
=====> Epoch: 121/300, Total_step: 5687, lr: 0.001000, Total Time: 3194.0841 s, Time this epoch: 17.1853 s
=====> Epoch: 121/300, Train Loss (train loader labels): 1.0396, Train acc (train loader labels): 0.4706, Best val acc: 0.5033, Current val acc: 0.4923, Val Loss: 1.0306
=====> Saving current model and best model
selecting samples for epoch 122
balance: False
ratio: 0.1
=====> Saving current model and best model
selecting samples for epoch 123
balance: False
ratio: 0.1
=====> Saving current model and best model
selecting samples for epoch 124
balance: False
ratio: 0.1
=====> Saving current model and best model
selecting samples for epoch 125
balance: False
ratio: 0.1
=====> Saving current model and best model
selecting samples for epoch 126
balance: False
ratio: 0.1
=====> Saving current model and best model
selecting samples for epoch 127
balance: False
ratio: 0.1
=====> Saving current model and best model
selecting samples for epoch 128
balance: False
ratio: 0.1
=====> Saving current model and best model
selecting samples for epoch 129
balance: False
ratio: 0.1
=====> Saving current model and best model
selecting samples for epoch 130
balance: False
ratio: 0.1
=====> Saving current model and best model
selecting samples for epoch 131
balance: False
ratio: 0.1
=====> Saving current model and best model
selecting samples for epoch 132
balance: False
ratio: 0.1
=====> Saving current model and best model
selecting samples for epoch 133
balance: False
ratio: 0.1
=====> Saving current model and best model
selecting samples for epoch 134
balance: False
ratio: 0.1
=====> Saving current model and best model
selecting samples for epoch 135
balance: False
ratio: 0.1
=====> Saving current model and best model
selecting samples for epoch 136
balance: False
ratio: 0.1
=====> Epoch: 136/300, Total_step: 6392, lr: 0.001000, Total Time: 3474.9626 s, Time this epoch: 17.0828 s
=====> Epoch: 136/300, Train Loss (train loader labels): 1.0590, Train acc (train loader labels): 0.4635, Best val acc: 0.5033, Current val acc: 0.4730, Val Loss: 1.0563
=====> Saving current model and best model
selecting samples for epoch 137
balance: False
ratio: 0.1
=====> Saving current model and best model
selecting samples for epoch 138
balance: False
ratio: 0.1
=====> Saving current model and best model
selecting samples for epoch 139
balance: False
ratio: 0.1
=====> Saving current model and best model
selecting samples for epoch 140
balance: False
ratio: 0.1
=====> Saving current model and best model
selecting samples for epoch 141
balance: False
ratio: 0.1
=====> Saving current model and best model
selecting samples for epoch 142
balance: False
ratio: 0.1
=====> Saving current model and best model
selecting samples for epoch 143
balance: False
ratio: 0.1
=====> Saving current model and best model
selecting samples for epoch 144
balance: False
ratio: 0.1
=====> Saving current model and best model
selecting samples for epoch 145
balance: False
ratio: 0.1
=====> Saving current model and best model
selecting samples for epoch 146
balance: False
ratio: 0.1
=====> Saving current model and best model
selecting samples for epoch 147
balance: False
ratio: 0.1
=====> Saving current model and best model
selecting samples for epoch 148
balance: False
ratio: 0.1
=====> Saving current model and best model
selecting samples for epoch 149
balance: False
ratio: 0.1
=====> Saving current model and best model
selecting samples for epoch 150
balance: False
ratio: 0.1
=====> Saving current model and best model
selecting samples for epoch 151
balance: False
ratio: 0.1
=====> Epoch: 151/300, Total_step: 7097, lr: 0.001000, Total Time: 3755.8182 s, Time this epoch: 17.2130 s
=====> Epoch: 151/300, Train Loss (train loader labels): 1.0161, Train acc (train loader labels): 0.4921, Best val acc: 0.5063, Current val acc: 0.5063, Val Loss: 1.0140
=====> Saving current model and best model
selecting samples for epoch 152
balance: False
ratio: 0.1
=====> Saving current model and best model
selecting samples for epoch 153
balance: False
ratio: 0.1
=====> Saving current model and best model
selecting samples for epoch 154
balance: False
ratio: 0.1
=====> Saving current model and best model
selecting samples for epoch 155
balance: False
ratio: 0.1
=====> Saving current model and best model
selecting samples for epoch 156
balance: False
ratio: 0.1
=====> Saving current model and best model
selecting samples for epoch 157
balance: False
ratio: 0.1
=====> Saving current model and best model
selecting samples for epoch 158
balance: False
ratio: 0.1
=====> Saving current model and best model
selecting samples for epoch 159
balance: False
ratio: 0.1
=====> Saving current model and best model
selecting samples for epoch 160
balance: False
ratio: 0.1
=====> Saving current model and best model
selecting samples for epoch 161
balance: False
ratio: 0.1
=====> Saving current model and best model
selecting samples for epoch 162
balance: False
ratio: 0.1
=====> Saving current model and best model
selecting samples for epoch 163
balance: False
ratio: 0.1
=====> Saving current model and best model
selecting samples for epoch 164
balance: False
ratio: 0.1
=====> Saving current model and best model
selecting samples for epoch 165
balance: False
ratio: 0.1
=====> Saving current model and best model
selecting samples for epoch 166
balance: False
ratio: 0.1
=====> Epoch: 166/300, Total_step: 7802, lr: 0.001000, Total Time: 4040.5264 s, Time this epoch: 17.0234 s
=====> Epoch: 166/300, Train Loss (train loader labels): 1.0277, Train acc (train loader labels): 0.4885, Best val acc: 0.5063, Current val acc: 0.4980, Val Loss: 1.0247
=====> Saving current model and best model
selecting samples for epoch 167
balance: False
ratio: 0.1
=====> Saving current model and best model
selecting samples for epoch 168
balance: False
ratio: 0.1
=====> Saving current model and best model
selecting samples for epoch 169
balance: False
ratio: 0.1
=====> Saving current model and best model
selecting samples for epoch 170
balance: False
ratio: 0.1
=====> Saving current model and best model
selecting samples for epoch 171
balance: False
ratio: 0.1
=====> Saving current model and best model
selecting samples for epoch 172
balance: False
ratio: 0.1
=====> Saving current model and best model
selecting samples for epoch 173
balance: False
ratio: 0.1
=====> Saving current model and best model
selecting samples for epoch 174
balance: False
ratio: 0.1
=====> Saving current model and best model
selecting samples for epoch 175
balance: False
ratio: 0.1
=====> Saving current model and best model
selecting samples for epoch 176
balance: False
ratio: 0.1
=====> Saving current model and best model
selecting samples for epoch 177
balance: False
ratio: 0.1
=====> Saving current model and best model
selecting samples for epoch 178
balance: False
ratio: 0.1
=====> Saving current model and best model
selecting samples for epoch 179
balance: False
ratio: 0.1
=====> Saving current model and best model
selecting samples for epoch 180
balance: False
ratio: 0.1
=====> Saving current model and best model
selecting samples for epoch 181
balance: False
ratio: 0.1
=====> Epoch: 181/300, Total_step: 8507, lr: 0.001000, Total Time: 4323.9719 s, Time this epoch: 16.9749 s
=====> Epoch: 181/300, Train Loss (train loader labels): 1.0166, Train acc (train loader labels): 0.4795, Best val acc: 0.5063, Current val acc: 0.4990, Val Loss: 1.0057
=====> Saving current model and best model
selecting samples for epoch 182
balance: False
ratio: 0.1
=====> Saving current model and best model
selecting samples for epoch 183
balance: False
ratio: 0.1
=====> Saving current model and best model
selecting samples for epoch 184
balance: False
ratio: 0.1
=====> Saving current model and best model
selecting samples for epoch 185
balance: False
ratio: 0.1
=====> Saving current model and best model
selecting samples for epoch 186
balance: False
ratio: 0.1
=====> Saving current model and best model
selecting samples for epoch 187
balance: False
ratio: 0.1
=====> Saving current model and best model
selecting samples for epoch 188
balance: False
ratio: 0.1
=====> Saving current model and best model
selecting samples for epoch 189
balance: False
ratio: 0.1
=====> Saving current model and best model
selecting samples for epoch 190
balance: False
ratio: 0.1
=====> Saving current model and best model
selecting samples for epoch 191
balance: False
ratio: 0.1
=====> Saving current model and best model
selecting samples for epoch 192
balance: False
ratio: 0.1
=====> Saving current model and best model
selecting samples for epoch 193
balance: False
ratio: 0.1
=====> Saving current model and best model
selecting samples for epoch 194
balance: False
ratio: 0.1
=====> Saving current model and best model
selecting samples for epoch 195
balance: False
ratio: 0.1
=====> Saving current model and best model
selecting samples for epoch 196
balance: False
ratio: 0.1
=====> Epoch: 196/300, Total_step: 9212, lr: 0.001000, Total Time: 4605.5081 s, Time this epoch: 17.1228 s
=====> Epoch: 196/300, Train Loss (train loader labels): 1.0225, Train acc (train loader labels): 0.4869, Best val acc: 0.5063, Current val acc: 0.5003, Val Loss: 1.0168
=====> Saving current model and best model
selecting samples for epoch 197
balance: False
ratio: 0.1
=====> Saving current model and best model
selecting samples for epoch 198
balance: False
ratio: 0.1
=====> Saving current model and best model
selecting samples for epoch 199
balance: False
ratio: 0.1
=====> Saving current model and best model
selecting samples for epoch 200
balance: False
ratio: 0.1
=====> Saving current model and best model
selecting samples for epoch 201
balance: False
ratio: 0.1
=====> Saving current model and best model
selecting samples for epoch 202
balance: False
ratio: 0.1
=====> Saving current model and best model
selecting samples for epoch 203
balance: False
ratio: 0.1
=====> Saving current model and best model
selecting samples for epoch 204
balance: False
ratio: 0.1
=====> Saving current model and best model
selecting samples for epoch 205
balance: False
ratio: 0.1
=====> Saving current model and best model
selecting samples for epoch 206
balance: False
ratio: 0.1
=====> Saving current model and best model
selecting samples for epoch 207
balance: False
ratio: 0.1
=====> Saving current model and best model
selecting samples for epoch 208
balance: False
ratio: 0.1
=====> Saving current model and best model
selecting samples for epoch 209
balance: False
ratio: 0.1
=====> Saving current model and best model
selecting samples for epoch 210
balance: False
ratio: 0.1
=====> Saving current model and best model
selecting samples for epoch 211
balance: False
ratio: 0.1
=====> Epoch: 211/300, Total_step: 9917, lr: 0.001000, Total Time: 4890.2463 s, Time this epoch: 17.0443 s
=====> Epoch: 211/300, Train Loss (train loader labels): 1.0118, Train acc (train loader labels): 0.4955, Best val acc: 0.5080, Current val acc: 0.5080, Val Loss: 1.0006
=====> Saving current model and best model
selecting samples for epoch 212
balance: False
ratio: 0.1
=====> Saving current model and best model
selecting samples for epoch 213
balance: False
ratio: 0.1
=====> Saving current model and best model
selecting samples for epoch 214
balance: False
ratio: 0.1
=====> Saving current model and best model
selecting samples for epoch 215
balance: False
ratio: 0.1
=====> Saving current model and best model
selecting samples for epoch 216
balance: False
ratio: 0.1
=====> Saving current model and best model
selecting samples for epoch 217
balance: False
ratio: 0.1
=====> Saving current model and best model
selecting samples for epoch 218
balance: False
ratio: 0.1
=====> Saving current model and best model
selecting samples for epoch 219
balance: False
ratio: 0.1
=====> Saving current model and best model
selecting samples for epoch 220
balance: False
ratio: 0.1
=====> Saving current model and best model
selecting samples for epoch 221
balance: False
ratio: 0.1
=====> Saving current model and best model
selecting samples for epoch 222
balance: False
ratio: 0.1
=====> Saving current model and best model
selecting samples for epoch 223
balance: False
ratio: 0.1
=====> Saving current model and best model
selecting samples for epoch 224
balance: False
ratio: 0.1
=====> Saving current model and best model
selecting samples for epoch 225
balance: False
ratio: 0.1
=====> Saving current model and best model
selecting samples for epoch 226
balance: False
ratio: 0.1
=====> Epoch: 226/300, Total_step: 10622, lr: 0.001000, Total Time: 5174.4178 s, Time this epoch: 17.1763 s
=====> Epoch: 226/300, Train Loss (train loader labels): 1.0737, Train acc (train loader labels): 0.4619, Best val acc: 0.5080, Current val acc: 0.4757, Val Loss: 1.0688
=====> Saving current model and best model
selecting samples for epoch 227
balance: False
ratio: 0.1
=====> Saving current model and best model
selecting samples for epoch 228
balance: False
ratio: 0.1
=====> Saving current model and best model
selecting samples for epoch 229
balance: False
ratio: 0.1
=====> Saving current model and best model
selecting samples for epoch 230
balance: False
ratio: 0.1
=====> Saving current model and best model
selecting samples for epoch 231
balance: False
ratio: 0.1
=====> Saving current model and best model
selecting samples for epoch 232
balance: False
ratio: 0.1
=====> Saving current model and best model
selecting samples for epoch 233
balance: False
ratio: 0.1
=====> Saving current model and best model
selecting samples for epoch 234
balance: False
ratio: 0.1
=====> Saving current model and best model
selecting samples for epoch 235
balance: False
ratio: 0.1
=====> Saving current model and best model
selecting samples for epoch 236
balance: False
ratio: 0.1
=====> Saving current model and best model
selecting samples for epoch 237
balance: False
ratio: 0.1
=====> Saving current model and best model
selecting samples for epoch 238
balance: False
ratio: 0.1
=====> Saving current model and best model
selecting samples for epoch 239
balance: False
ratio: 0.1
=====> Saving current model and best model
selecting samples for epoch 240
balance: False
ratio: 0.1
=====> Saving current model and best model
selecting samples for epoch 241
balance: False
ratio: 0.1
=====> Epoch: 241/300, Total_step: 11327, lr: 0.001000, Total Time: 5457.3099 s, Time this epoch: 16.9533 s
=====> Epoch: 241/300, Train Loss (train loader labels): 1.0056, Train acc (train loader labels): 0.5031, Best val acc: 0.5157, Current val acc: 0.5157, Val Loss: 0.9982
=====> Saving current model and best model
selecting samples for epoch 242
balance: False
ratio: 0.1
=====> Saving current model and best model
selecting samples for epoch 243
balance: False
ratio: 0.1
=====> Saving current model and best model
selecting samples for epoch 244
balance: False
ratio: 0.1
=====> Saving current model and best model
selecting samples for epoch 245
balance: False
ratio: 0.1
=====> Saving current model and best model
selecting samples for epoch 246
balance: False
ratio: 0.1
=====> Saving current model and best model
selecting samples for epoch 247
balance: False
ratio: 0.1
=====> Saving current model and best model
selecting samples for epoch 248
balance: False
ratio: 0.1
=====> Saving current model and best model
selecting samples for epoch 249
balance: False
ratio: 0.1
=====> Saving current model and best model
selecting samples for epoch 250
balance: False
ratio: 0.1
=====> Saving current model and best model
selecting samples for epoch 251
balance: False
ratio: 0.1
=====> Saving current model and best model
selecting samples for epoch 252
balance: False
ratio: 0.1
=====> Saving current model and best model
selecting samples for epoch 253
balance: False
ratio: 0.1
=====> Saving current model and best model
selecting samples for epoch 254
balance: False
ratio: 0.1
=====> Saving current model and best model
selecting samples for epoch 255
balance: False
ratio: 0.1
=====> Saving current model and best model
selecting samples for epoch 256
balance: False
ratio: 0.1
=====> Epoch: 256/300, Total_step: 12032, lr: 0.001000, Total Time: 5740.6450 s, Time this epoch: 17.0907 s
=====> Epoch: 256/300, Train Loss (train loader labels): 1.0379, Train acc (train loader labels): 0.4498, Best val acc: 0.5157, Current val acc: 0.4443, Val Loss: 1.0420
=====> Saving current model and best model
selecting samples for epoch 257
balance: False
ratio: 0.1
=====> Saving current model and best model
selecting samples for epoch 258
balance: False
ratio: 0.1
=====> Saving current model and best model
selecting samples for epoch 259
balance: False
ratio: 0.1
=====> Saving current model and best model
selecting samples for epoch 260
balance: False
ratio: 0.1
=====> Saving current model and best model
selecting samples for epoch 261
balance: False
ratio: 0.1
=====> Saving current model and best model
selecting samples for epoch 262
balance: False
ratio: 0.1
=====> Saving current model and best model
selecting samples for epoch 263
balance: False
ratio: 0.1
=====> Saving current model and best model
selecting samples for epoch 264
balance: False
ratio: 0.1
=====> Saving current model and best model
selecting samples for epoch 265
balance: False
ratio: 0.1
=====> Saving current model and best model
selecting samples for epoch 266
balance: False
ratio: 0.1
=====> Saving current model and best model
selecting samples for epoch 267
balance: False
ratio: 0.1
=====> Saving current model and best model
selecting samples for epoch 268
balance: False
ratio: 0.1
=====> Saving current model and best model
selecting samples for epoch 269
balance: False
ratio: 0.1
=====> Saving current model and best model
selecting samples for epoch 270
balance: False
ratio: 0.1
=====> Saving current model and best model
selecting samples for epoch 271
balance: False
ratio: 0.1
=====> Epoch: 271/300, Total_step: 12737, lr: 0.001000, Total Time: 6022.6037 s, Time this epoch: 18.1276 s
=====> Epoch: 271/300, Train Loss (train loader labels): 1.0101, Train acc (train loader labels): 0.4839, Best val acc: 0.5157, Current val acc: 0.5053, Val Loss: 1.0037
=====> Saving current model and best model
selecting samples for epoch 272
balance: False
ratio: 0.1
=====> Saving current model and best model
selecting samples for epoch 273
balance: False
ratio: 0.1
=====> Saving current model and best model
selecting samples for epoch 274
balance: False
ratio: 0.1
=====> Saving current model and best model
selecting samples for epoch 275
balance: False
ratio: 0.1
=====> Saving current model and best model
selecting samples for epoch 276
balance: False
ratio: 0.1
=====> Saving current model and best model
selecting samples for epoch 277
balance: False
ratio: 0.1
=====> Saving current model and best model
selecting samples for epoch 278
balance: False
ratio: 0.1
=====> Saving current model and best model
selecting samples for epoch 279
balance: False
ratio: 0.1
=====> Saving current model and best model
selecting samples for epoch 280
balance: False
ratio: 0.1
=====> Saving current model and best model
selecting samples for epoch 281
balance: False
ratio: 0.1
=====> Saving current model and best model
selecting samples for epoch 282
balance: False
ratio: 0.1
=====> Saving current model and best model
selecting samples for epoch 283
balance: False
ratio: 0.1
=====> Saving current model and best model
selecting samples for epoch 284
balance: False
ratio: 0.1
=====> Saving current model and best model
selecting samples for epoch 285
balance: False
ratio: 0.1
=====> Saving current model and best model
selecting samples for epoch 286
balance: False
ratio: 0.1
=====> Epoch: 286/300, Total_step: 13442, lr: 0.001000, Total Time: 6304.4673 s, Time this epoch: 17.0792 s
=====> Epoch: 286/300, Train Loss (train loader labels): 1.0228, Train acc (train loader labels): 0.4640, Best val acc: 0.5157, Current val acc: 0.4740, Val Loss: 1.0203
=====> Saving current model and best model
selecting samples for epoch 287
balance: False
ratio: 0.1
=====> Saving current model and best model
selecting samples for epoch 288
balance: False
ratio: 0.1
=====> Saving current model and best model
selecting samples for epoch 289
balance: False
ratio: 0.1
=====> Saving current model and best model
selecting samples for epoch 290
balance: False
ratio: 0.1
=====> Saving current model and best model
selecting samples for epoch 291
balance: False
ratio: 0.1
=====> Saving current model and best model
selecting samples for epoch 292
balance: False
ratio: 0.1
=====> Saving current model and best model
selecting samples for epoch 293
balance: False
ratio: 0.1
=====> Saving current model and best model
selecting samples for epoch 294
balance: False
ratio: 0.1
=====> Saving current model and best model
selecting samples for epoch 295
balance: False
ratio: 0.1
=====> Saving current model and best model
selecting samples for epoch 296
balance: False
ratio: 0.1
=====> Saving current model and best model
selecting samples for epoch 297
balance: False
ratio: 0.1
=====> Saving current model and best model
selecting samples for epoch 298
balance: False
ratio: 0.1
=====> Saving current model and best model
selecting samples for epoch 299
balance: False
ratio: 0.1
=====> Saving current model and best model
selecting samples for epoch 300
balance: False
ratio: 0.1
=====> Epoch: 300/300, Total_step: 14100, lr: 0.001000, Total Time: 6569.9210 s, Time this epoch: 17.0989 s
=====> Epoch: 300/300, Train Loss (train loader labels): 1.0197, Train acc (train loader labels): 0.4835, Best val acc: 0.5157, Current val acc: 0.5003, Val Loss: 1.0054
=====> Saving current model and best model
Saved helper snapshots to /home/mward19/Documents/miller/Online-Batch-Selection/snapshots/CIFAR3/{"bsel":"Uniform","seed":3,"model":"DeepLinear","opt":"adamw","bs":320,"ratio":0.1,"lr":0.001,"wd":0.01,"layers":5,"hidden_dim":1000}.p
Saved selected points array to /home/mward19/Documents/miller/Online-Batch-Selection/selected_points/CIFAR3/{"bsel":"Uniform","seed":3,"model":"DeepLinear","opt":"adamw","bs":320,"ratio":0.1,"lr":0.001,"wd":0.01,"layers":5,"hidden_dim":1000}.npy
========================= End Main =========================
