save_dir: ./exp/CIFAR3/RhoLoss_deeplinear_bs320_ep300_lr0.001_AdamW_constant_seed3_r0.1_36_hidden
=====> Loading config files: 
configs/cifar3/method/rholoss-0.1.yaml
configs/cifar3/data/cifar3.yaml
configs/cifar3/model/deep_linear_saxe/deep_linear_36.yaml
configs/cifar3/optim/adamw-320-0.001-0.01.yaml
configs/diagnostics/snapshots_log_interval.yaml
=====> Config files loaded.
========================= Start Main =========================
=====> Saving config file
=====> Config file saved
=====> Using fixed random seed: 3
=====> Wandb initialized
=====> Number of GPUs: 1
Creating RhoLoss...
Cached irreducible losses for 15000 samples in dataset.
=====> Start teacher Validation
=====> teacher Test Accuracy: 0.7280
Begin training for RhoLoss...
=====> Epoch: 0/300, Total_step: 0, lr: 0.001000, Total Time: 0.0000 s, Time this epoch: 0.0000 s
=====> Epoch: 0/300, Train Loss (train loader labels): 1.0987, Train acc (train loader labels): 0.3333, Best val acc: 0.3333, Current val acc: 0.3333, Val Loss: 1.0987
balance: False
selecting samples for epoch 1, ratio 0.1
=====> Epoch: 1/300, Total_step: 1, lr: 0.001000, Total Time: 0.0000 s, Time this epoch: 0.0000 s
=====> Epoch: 1/300, Train Loss (train loader labels): 1.1892, Train acc (train loader labels): 0.3333, Best val acc: 0.3333, Current val acc: 0.3333, Val Loss: 1.1892
=====> Epoch: 1/300, Total_step: 12, lr: 0.001000, Total Time: 0.0000 s, Time this epoch: 0.0000 s
=====> Epoch: 1/300, Train Loss (train loader labels): 1.0986, Train acc (train loader labels): 0.3333, Best val acc: 0.3333, Current val acc: 0.3333, Val Loss: 1.0986
=====> Epoch: 1/300, Total_step: 23, lr: 0.001000, Total Time: 0.0000 s, Time this epoch: 0.0000 s
=====> Epoch: 1/300, Train Loss (train loader labels): 37902.4766, Train acc (train loader labels): 0.3416, Best val acc: 0.3557, Current val acc: 0.3557, Val Loss: 35794.7695
=====> Epoch: 1/300, Total_step: 34, lr: 0.001000, Total Time: 0.0000 s, Time this epoch: 0.0000 s
=====> Epoch: 1/300, Train Loss (train loader labels): 42279196.0000, Train acc (train loader labels): 0.3181, Best val acc: 0.3557, Current val acc: 0.3113, Val Loss: 43505532.0000
=====> Epoch: 1/300, Total_step: 45, lr: 0.001000, Total Time: 0.0000 s, Time this epoch: 0.0000 s
=====> Epoch: 1/300, Train Loss (train loader labels): 262981776.0000, Train acc (train loader labels): 0.3634, Best val acc: 0.3697, Current val acc: 0.3697, Val Loss: 275214976.0000
=====> Saving current model and best model
balance: False
selecting samples for epoch 2, ratio 0.1
=====> Epoch: 2/300, Total_step: 48, lr: 0.001000, Total Time: 123.7063 s, Time this epoch: 105.1800 s
=====> Epoch: 2/300, Train Loss (train loader labels): 14979360768.0000, Train acc (train loader labels): 0.3758, Best val acc: 0.3707, Current val acc: 0.3707, Val Loss: 15991786496.0000
=====> Epoch: 2/300, Total_step: 59, lr: 0.001000, Total Time: 123.7063 s, Time this epoch: 105.1800 s
=====> Epoch: 2/300, Train Loss (train loader labels): 2965207296.0000, Train acc (train loader labels): 0.3269, Best val acc: 0.3707, Current val acc: 0.3173, Val Loss: 3013181952.0000
=====> Epoch: 2/300, Total_step: 70, lr: 0.001000, Total Time: 123.7063 s, Time this epoch: 105.1800 s
=====> Epoch: 2/300, Train Loss (train loader labels): 806894043136.0000, Train acc (train loader labels): 0.3097, Best val acc: 0.3707, Current val acc: 0.3157, Val Loss: 788472856576.0000
=====> Epoch: 2/300, Total_step: 81, lr: 0.001000, Total Time: 123.7063 s, Time this epoch: 105.1800 s
=====> Epoch: 2/300, Train Loss (train loader labels): 1232351395840.0000, Train acc (train loader labels): 0.3143, Best val acc: 0.3707, Current val acc: 0.3010, Val Loss: 1183258378240.0000
=====> Epoch: 2/300, Total_step: 92, lr: 0.001000, Total Time: 123.7063 s, Time this epoch: 105.1800 s
=====> Epoch: 2/300, Train Loss (train loader labels): 2145307328512.0000, Train acc (train loader labels): 0.3443, Best val acc: 0.3707, Current val acc: 0.3547, Val Loss: 2099622838272.0000
=====> Saving current model and best model
balance: False
selecting samples for epoch 3, ratio 0.1
=====> Epoch: 3/300, Total_step: 95, lr: 0.001000, Total Time: 230.8351 s, Time this epoch: 105.8697 s
=====> Epoch: 3/300, Train Loss (train loader labels): 948357562368.0000, Train acc (train loader labels): 0.3163, Best val acc: 0.3707, Current val acc: 0.3073, Val Loss: 977420222464.0000
=====> Epoch: 3/300, Total_step: 106, lr: 0.001000, Total Time: 230.8351 s, Time this epoch: 105.8697 s
=====> Epoch: 3/300, Train Loss (train loader labels): 1606397070980153344.0000, Train acc (train loader labels): 0.3207, Best val acc: 0.3707, Current val acc: 0.3270, Val Loss: 1531955598294253568.0000
=====> Epoch: 3/300, Total_step: 117, lr: 0.001000, Total Time: 230.8351 s, Time this epoch: 105.8697 s
=====> Epoch: 3/300, Train Loss (train loader labels): 1368215364613177344.0000, Train acc (train loader labels): 0.3308, Best val acc: 0.3707, Current val acc: 0.3183, Val Loss: 1330216929952006144.0000
=====> Epoch: 3/300, Total_step: 128, lr: 0.001000, Total Time: 230.8351 s, Time this epoch: 105.8697 s
=====> Epoch: 3/300, Train Loss (train loader labels): 382365957516951552.0000, Train acc (train loader labels): 0.3281, Best val acc: 0.3707, Current val acc: 0.3450, Val Loss: 360753166687404032.0000
=====> Epoch: 3/300, Total_step: 139, lr: 0.001000, Total Time: 230.8351 s, Time this epoch: 105.8697 s
=====> Epoch: 3/300, Train Loss (train loader labels): 22059589749000110080.0000, Train acc (train loader labels): 0.2920, Best val acc: 0.3707, Current val acc: 0.3023, Val Loss: 23332116128476430336.0000
=====> Saving current model and best model
balance: False
selecting samples for epoch 4, ratio 0.1
=====> Epoch: 4/300, Total_step: 142, lr: 0.001000, Total Time: 337.8039 s, Time this epoch: 105.8868 s
=====> Epoch: 4/300, Train Loss (train loader labels): 214450568947564544.0000, Train acc (train loader labels): 0.3415, Best val acc: 0.3707, Current val acc: 0.3527, Val Loss: 203025182846091264.0000
=====> Epoch: 4/300, Total_step: 153, lr: 0.001000, Total Time: 337.8039 s, Time this epoch: 105.8868 s
=====> Epoch: 4/300, Train Loss (train loader labels): 290528080575856640.0000, Train acc (train loader labels): 0.3165, Best val acc: 0.3707, Current val acc: 0.2940, Val Loss: 290387652325146624.0000
=====> Epoch: 4/300, Total_step: 164, lr: 0.001000, Total Time: 337.8039 s, Time this epoch: 105.8868 s
=====> Epoch: 4/300, Train Loss (train loader labels): 11314331991094067200.0000, Train acc (train loader labels): 0.3303, Best val acc: 0.3707, Current val acc: 0.3467, Val Loss: 11006813981967908864.0000
=====> Epoch: 4/300, Total_step: 175, lr: 0.001000, Total Time: 337.8039 s, Time this epoch: 105.8868 s
=====> Epoch: 4/300, Train Loss (train loader labels): 5834075547286424780800.0000, Train acc (train loader labels): 0.3407, Best val acc: 0.3707, Current val acc: 0.3343, Val Loss: 5768569564806414073856.0000
=====> Epoch: 4/300, Total_step: 186, lr: 0.001000, Total Time: 337.8039 s, Time this epoch: 105.8868 s
=====> Epoch: 4/300, Train Loss (train loader labels): 47124501018479427584.0000, Train acc (train loader labels): 0.2649, Best val acc: 0.3707, Current val acc: 0.2660, Val Loss: 51535807639814406144.0000
=====> Saving current model and best model
balance: False
selecting samples for epoch 5, ratio 0.1
=====> Epoch: 5/300, Total_step: 189, lr: 0.001000, Total Time: 444.2357 s, Time this epoch: 105.2781 s
=====> Epoch: 5/300, Train Loss (train loader labels): 41091938113709670400.0000, Train acc (train loader labels): 0.3763, Best val acc: 0.3753, Current val acc: 0.3753, Val Loss: 44637990656636092416.0000
=====> Epoch: 5/300, Total_step: 200, lr: 0.001000, Total Time: 444.2357 s, Time this epoch: 105.2781 s
=====> Epoch: 5/300, Train Loss (train loader labels): 7782139891747389440.0000, Train acc (train loader labels): 0.3489, Best val acc: 0.3753, Current val acc: 0.3580, Val Loss: 7523317053592174592.0000
=====> Epoch: 5/300, Total_step: 211, lr: 0.001000, Total Time: 444.2357 s, Time this epoch: 105.2781 s
=====> Epoch: 5/300, Train Loss (train loader labels): 1472239884839157760.0000, Train acc (train loader labels): 0.3673, Best val acc: 0.3753, Current val acc: 0.3597, Val Loss: 1573101522428887040.0000
=====> Epoch: 5/300, Total_step: 222, lr: 0.001000, Total Time: 444.2357 s, Time this epoch: 105.2781 s
=====> Epoch: 5/300, Train Loss (train loader labels): 947904985943769088.0000, Train acc (train loader labels): 0.3117, Best val acc: 0.3753, Current val acc: 0.3307, Val Loss: 940517573475172352.0000
=====> Epoch: 5/300, Total_step: 233, lr: 0.001000, Total Time: 444.2357 s, Time this epoch: 105.2781 s
=====> Epoch: 5/300, Train Loss (train loader labels): 116297947620048896.0000, Train acc (train loader labels): 0.3009, Best val acc: 0.3753, Current val acc: 0.2997, Val Loss: 117290978418622464.0000
=====> Saving current model and best model
balance: False
selecting samples for epoch 6, ratio 0.1
=====> Epoch: 6/300, Total_step: 282, lr: 0.001000, Total Time: 550.7882 s, Time this epoch: 105.4649 s
=====> Epoch: 6/300, Train Loss (train loader labels): 21447260642476032.0000, Train acc (train loader labels): 0.3247, Best val acc: 0.3753, Current val acc: 0.3400, Val Loss: 23081442011512832.0000
=====> Saving current model and best model
balance: False
selecting samples for epoch 7, ratio 0.1
=====> Epoch: 7/300, Total_step: 329, lr: 0.001000, Total Time: 587.4197 s, Time this epoch: 34.9254 s
=====> Epoch: 7/300, Train Loss (train loader labels): 3840801347993600.0000, Train acc (train loader labels): 0.4021, Best val acc: 0.4100, Current val acc: 0.4100, Val Loss: 3586356211089408.0000
=====> Saving current model and best model
balance: False
selecting samples for epoch 8, ratio 0.1
=====> Epoch: 8/300, Total_step: 376, lr: 0.001000, Total Time: 624.0735 s, Time this epoch: 35.4106 s
=====> Epoch: 8/300, Train Loss (train loader labels): 7326139928281088.0000, Train acc (train loader labels): 0.3477, Best val acc: 0.4100, Current val acc: 0.3310, Val Loss: 7626142320164864.0000
=====> Saving current model and best model
balance: False
selecting samples for epoch 9, ratio 0.1
=====> Epoch: 9/300, Total_step: 423, lr: 0.001000, Total Time: 664.5378 s, Time this epoch: 35.4853 s
=====> Epoch: 9/300, Train Loss (train loader labels): 2532381168762880.0000, Train acc (train loader labels): 0.3496, Best val acc: 0.4100, Current val acc: 0.3643, Val Loss: 2387742239490048.0000
=====> Saving current model and best model
balance: False
selecting samples for epoch 10, ratio 0.1
=====> Epoch: 10/300, Total_step: 470, lr: 0.001000, Total Time: 701.1370 s, Time this epoch: 35.4779 s
=====> Epoch: 10/300, Train Loss (train loader labels): 6217781741617152.0000, Train acc (train loader labels): 0.3627, Best val acc: 0.4100, Current val acc: 0.3560, Val Loss: 6878577492492288.0000
=====> Saving current model and best model
balance: False
selecting samples for epoch 11, ratio 0.1
=====> Epoch: 11/300, Total_step: 517, lr: 0.001000, Total Time: 737.5300 s, Time this epoch: 35.2826 s
=====> Epoch: 11/300, Train Loss (train loader labels): 3302902328197120.0000, Train acc (train loader labels): 0.3108, Best val acc: 0.4100, Current val acc: 0.3057, Val Loss: 3268167048626176.0000
=====> Saving current model and best model
balance: False
selecting samples for epoch 12, ratio 0.1
=====> Epoch: 12/300, Total_step: 564, lr: 0.001000, Total Time: 774.0363 s, Time this epoch: 35.3820 s
=====> Epoch: 12/300, Train Loss (train loader labels): 5894796979732480.0000, Train acc (train loader labels): 0.3617, Best val acc: 0.4100, Current val acc: 0.3520, Val Loss: 6388338651037696.0000
=====> Saving current model and best model
balance: False
selecting samples for epoch 13, ratio 0.1
=====> Epoch: 13/300, Total_step: 611, lr: 0.001000, Total Time: 810.3407 s, Time this epoch: 35.1514 s
=====> Epoch: 13/300, Train Loss (train loader labels): 1594604721799168.0000, Train acc (train loader labels): 0.3625, Best val acc: 0.4100, Current val acc: 0.3690, Val Loss: 1761486212956160.0000
=====> Saving current model and best model
balance: False
selecting samples for epoch 14, ratio 0.1
=====> Epoch: 14/300, Total_step: 658, lr: 0.001000, Total Time: 846.9477 s, Time this epoch: 35.3380 s
=====> Epoch: 14/300, Train Loss (train loader labels): 2943976743108608.0000, Train acc (train loader labels): 0.3110, Best val acc: 0.4100, Current val acc: 0.3273, Val Loss: 2981041774002176.0000
=====> Saving current model and best model
balance: False
selecting samples for epoch 15, ratio 0.1
=====> Epoch: 15/300, Total_step: 705, lr: 0.001000, Total Time: 883.7496 s, Time this epoch: 35.5828 s
=====> Epoch: 15/300, Train Loss (train loader labels): 7256577564213248.0000, Train acc (train loader labels): 0.3362, Best val acc: 0.4100, Current val acc: 0.3317, Val Loss: 7199667636928512.0000
=====> Saving current model and best model
balance: False
selecting samples for epoch 16, ratio 0.1
=====> Epoch: 16/300, Total_step: 752, lr: 0.001000, Total Time: 920.2162 s, Time this epoch: 35.0308 s
=====> Epoch: 16/300, Train Loss (train loader labels): 3017142853173248.0000, Train acc (train loader labels): 0.3595, Best val acc: 0.4100, Current val acc: 0.3460, Val Loss: 3360409255936000.0000
=====> Saving current model and best model
balance: False
selecting samples for epoch 17, ratio 0.1
=====> Epoch: 17/300, Total_step: 799, lr: 0.001000, Total Time: 956.5597 s, Time this epoch: 35.1786 s
=====> Epoch: 17/300, Train Loss (train loader labels): 4357288076771328.0000, Train acc (train loader labels): 0.3345, Best val acc: 0.4100, Current val acc: 0.3477, Val Loss: 4301397130477568.0000
=====> Saving current model and best model
balance: False
selecting samples for epoch 18, ratio 0.1
=====> Epoch: 18/300, Total_step: 846, lr: 0.001000, Total Time: 992.7760 s, Time this epoch: 35.0366 s
=====> Epoch: 18/300, Train Loss (train loader labels): 2406598756532224.0000, Train acc (train loader labels): 0.3460, Best val acc: 0.4100, Current val acc: 0.3567, Val Loss: 2560397240434688.0000
=====> Saving current model and best model
balance: False
selecting samples for epoch 19, ratio 0.1
=====> Epoch: 19/300, Total_step: 893, lr: 0.001000, Total Time: 1029.4018 s, Time this epoch: 35.4067 s
=====> Epoch: 19/300, Train Loss (train loader labels): 2138595884269568.0000, Train acc (train loader labels): 0.3708, Best val acc: 0.4100, Current val acc: 0.3830, Val Loss: 2099688178188288.0000
=====> Saving current model and best model
balance: False
selecting samples for epoch 20, ratio 0.1
=====> Epoch: 20/300, Total_step: 940, lr: 0.001000, Total Time: 1066.1237 s, Time this epoch: 35.5194 s
=====> Epoch: 20/300, Train Loss (train loader labels): 3041442167521280.0000, Train acc (train loader labels): 0.3397, Best val acc: 0.4100, Current val acc: 0.3387, Val Loss: 3034343928758272.0000
=====> Saving current model and best model
balance: False
selecting samples for epoch 21, ratio 0.1
=====> Epoch: 21/300, Total_step: 987, lr: 0.001000, Total Time: 1102.6158 s, Time this epoch: 35.3114 s
=====> Epoch: 21/300, Train Loss (train loader labels): 2921595400093696.0000, Train acc (train loader labels): 0.3607, Best val acc: 0.4100, Current val acc: 0.3587, Val Loss: 3268210266734592.0000
=====> Saving current model and best model
balance: False
selecting samples for epoch 22, ratio 0.1
=====> Epoch: 22/300, Total_step: 1034, lr: 0.001000, Total Time: 1139.2640 s, Time this epoch: 35.5198 s
=====> Epoch: 22/300, Train Loss (train loader labels): 1485680056205312.0000, Train acc (train loader labels): 0.3822, Best val acc: 0.4100, Current val acc: 0.3783, Val Loss: 1609848634474496.0000
=====> Saving current model and best model
balance: False
selecting samples for epoch 23, ratio 0.1
=====> Epoch: 23/300, Total_step: 1081, lr: 0.001000, Total Time: 1175.8978 s, Time this epoch: 35.4612 s
=====> Epoch: 23/300, Train Loss (train loader labels): 592679314391040.0000, Train acc (train loader labels): 0.2991, Best val acc: 0.4100, Current val acc: 0.3120, Val Loss: 569465955680256.0000
=====> Saving current model and best model
balance: False
selecting samples for epoch 24, ratio 0.1
=====> Epoch: 24/300, Total_step: 1128, lr: 0.001000, Total Time: 1212.3713 s, Time this epoch: 35.3044 s
=====> Epoch: 24/300, Train Loss (train loader labels): 1634298809548800.0000, Train acc (train loader labels): 0.3791, Best val acc: 0.4100, Current val acc: 0.3780, Val Loss: 1705418367696896.0000
=====> Saving current model and best model
balance: False
selecting samples for epoch 25, ratio 0.1
=====> Epoch: 25/300, Total_step: 1175, lr: 0.001000, Total Time: 1249.3584 s, Time this epoch: 35.6197 s
=====> Epoch: 25/300, Train Loss (train loader labels): 3621813313601536.0000, Train acc (train loader labels): 0.3325, Best val acc: 0.4100, Current val acc: 0.3173, Val Loss: 3618253859454976.0000
=====> Saving current model and best model
balance: False
selecting samples for epoch 26, ratio 0.1
=====> Epoch: 26/300, Total_step: 1222, lr: 0.001000, Total Time: 1285.9357 s, Time this epoch: 35.2585 s
=====> Epoch: 26/300, Train Loss (train loader labels): 3043198003838976.0000, Train acc (train loader labels): 0.3395, Best val acc: 0.4100, Current val acc: 0.3193, Val Loss: 3118944315506688.0000
=====> Saving current model and best model
balance: False
selecting samples for epoch 27, ratio 0.1
=====> Saving current model and best model
balance: False
selecting samples for epoch 28, ratio 0.1
=====> Saving current model and best model
balance: False
selecting samples for epoch 29, ratio 0.1
=====> Epoch: 29/300, Total_step: 1363, lr: 0.001000, Total Time: 1358.8263 s, Time this epoch: 16.9921 s
=====> Epoch: 29/300, Train Loss (train loader labels): 2891641224429568.0000, Train acc (train loader labels): 0.3351, Best val acc: 0.4100, Current val acc: 0.3373, Val Loss: 2858128399925248.0000
=====> Saving current model and best model
balance: False
selecting samples for epoch 30, ratio 0.1
=====> Saving current model and best model
balance: False
selecting samples for epoch 31, ratio 0.1
=====> Saving current model and best model
balance: False
selecting samples for epoch 32, ratio 0.1
=====> Saving current model and best model
balance: False
selecting samples for epoch 33, ratio 0.1
=====> Epoch: 33/300, Total_step: 1551, lr: 0.001000, Total Time: 1449.5649 s, Time this epoch: 16.8942 s
=====> Epoch: 33/300, Train Loss (train loader labels): 758123535007744.0000, Train acc (train loader labels): 0.3479, Best val acc: 0.4100, Current val acc: 0.3550, Val Loss: 739174139297792.0000
=====> Saving current model and best model
balance: False
selecting samples for epoch 34, ratio 0.1
=====> Saving current model and best model
balance: False
selecting samples for epoch 35, ratio 0.1
=====> Saving current model and best model
balance: False
selecting samples for epoch 36, ratio 0.1
=====> Saving current model and best model
balance: False
selecting samples for epoch 37, ratio 0.1
=====> Epoch: 37/300, Total_step: 1739, lr: 0.001000, Total Time: 1540.5744 s, Time this epoch: 16.7523 s
=====> Epoch: 37/300, Train Loss (train loader labels): 689095290388480.0000, Train acc (train loader labels): 0.2981, Best val acc: 0.4100, Current val acc: 0.2890, Val Loss: 760484424843264.0000
=====> Saving current model and best model
balance: False
selecting samples for epoch 38, ratio 0.1
=====> Saving current model and best model
balance: False
selecting samples for epoch 39, ratio 0.1
=====> Saving current model and best model
balance: False
selecting samples for epoch 40, ratio 0.1
=====> Saving current model and best model
balance: False
selecting samples for epoch 41, ratio 0.1
=====> Epoch: 41/300, Total_step: 1927, lr: 0.001000, Total Time: 1631.8156 s, Time this epoch: 17.0506 s
=====> Epoch: 41/300, Train Loss (train loader labels): 613504134414336.0000, Train acc (train loader labels): 0.3560, Best val acc: 0.4100, Current val acc: 0.3733, Val Loss: 574148409556992.0000
=====> Saving current model and best model
balance: False
selecting samples for epoch 42, ratio 0.1
=====> Saving current model and best model
balance: False
selecting samples for epoch 43, ratio 0.1
=====> Saving current model and best model
balance: False
selecting samples for epoch 44, ratio 0.1
=====> Saving current model and best model
balance: False
selecting samples for epoch 45, ratio 0.1
=====> Epoch: 45/300, Total_step: 2115, lr: 0.001000, Total Time: 1723.0826 s, Time this epoch: 17.0452 s
=====> Epoch: 45/300, Train Loss (train loader labels): 1004067388129280.0000, Train acc (train loader labels): 0.3693, Best val acc: 0.4100, Current val acc: 0.3623, Val Loss: 1035605064548352.0000
=====> Saving current model and best model
balance: False
selecting samples for epoch 46, ratio 0.1
=====> Saving current model and best model
balance: False
selecting samples for epoch 47, ratio 0.1
=====> Saving current model and best model
balance: False
selecting samples for epoch 48, ratio 0.1
=====> Saving current model and best model
balance: False
selecting samples for epoch 49, ratio 0.1
=====> Epoch: 49/300, Total_step: 2303, lr: 0.001000, Total Time: 1813.8269 s, Time this epoch: 17.0985 s
=====> Epoch: 49/300, Train Loss (train loader labels): 636819968360448.0000, Train acc (train loader labels): 0.3329, Best val acc: 0.4100, Current val acc: 0.3227, Val Loss: 637834117513216.0000
=====> Saving current model and best model
balance: False
selecting samples for epoch 50, ratio 0.1
=====> Saving current model and best model
balance: False
selecting samples for epoch 51, ratio 0.1
=====> Saving current model and best model
balance: False
selecting samples for epoch 52, ratio 0.1
=====> Saving current model and best model
balance: False
selecting samples for epoch 53, ratio 0.1
=====> Epoch: 53/300, Total_step: 2491, lr: 0.001000, Total Time: 1904.4284 s, Time this epoch: 16.8382 s
=====> Epoch: 53/300, Train Loss (train loader labels): 179301177622528.0000, Train acc (train loader labels): 0.3569, Best val acc: 0.4100, Current val acc: 0.3487, Val Loss: 185199577006080.0000
=====> Saving current model and best model
balance: False
selecting samples for epoch 54, ratio 0.1
=====> Saving current model and best model
balance: False
selecting samples for epoch 55, ratio 0.1
=====> Saving current model and best model
balance: False
selecting samples for epoch 56, ratio 0.1
=====> Saving current model and best model
balance: False
selecting samples for epoch 57, ratio 0.1
=====> Epoch: 57/300, Total_step: 2679, lr: 0.001000, Total Time: 1996.3388 s, Time this epoch: 16.9568 s
=====> Epoch: 57/300, Train Loss (train loader labels): 1108129949417472.0000, Train acc (train loader labels): 0.3435, Best val acc: 0.4100, Current val acc: 0.3493, Val Loss: 1046595416096768.0000
=====> Saving current model and best model
balance: False
selecting samples for epoch 58, ratio 0.1
=====> Saving current model and best model
balance: False
selecting samples for epoch 59, ratio 0.1
=====> Saving current model and best model
balance: False
selecting samples for epoch 60, ratio 0.1
=====> Saving current model and best model
balance: False
selecting samples for epoch 61, ratio 0.1
=====> Epoch: 61/300, Total_step: 2867, lr: 0.001000, Total Time: 2087.7264 s, Time this epoch: 17.0394 s
=====> Epoch: 61/300, Train Loss (train loader labels): 183836361097216.0000, Train acc (train loader labels): 0.3081, Best val acc: 0.4100, Current val acc: 0.3013, Val Loss: 197671776157696.0000
=====> Saving current model and best model
balance: False
selecting samples for epoch 62, ratio 0.1
=====> Saving current model and best model
balance: False
selecting samples for epoch 63, ratio 0.1
=====> Saving current model and best model
balance: False
selecting samples for epoch 64, ratio 0.1
=====> Saving current model and best model
balance: False
selecting samples for epoch 65, ratio 0.1
=====> Epoch: 65/300, Total_step: 3055, lr: 0.001000, Total Time: 2180.0669 s, Time this epoch: 16.8238 s
=====> Epoch: 65/300, Train Loss (train loader labels): 438018884239360.0000, Train acc (train loader labels): 0.3433, Best val acc: 0.4100, Current val acc: 0.3373, Val Loss: 439458436481024.0000
=====> Saving current model and best model
balance: False
selecting samples for epoch 66, ratio 0.1
=====> Saving current model and best model
balance: False
selecting samples for epoch 67, ratio 0.1
=====> Saving current model and best model
balance: False
selecting samples for epoch 68, ratio 0.1
=====> Saving current model and best model
balance: False
selecting samples for epoch 69, ratio 0.1
=====> Saving current model and best model
balance: False
selecting samples for epoch 70, ratio 0.1
=====> Saving current model and best model
balance: False
selecting samples for epoch 71, ratio 0.1
=====> Saving current model and best model
balance: False
selecting samples for epoch 72, ratio 0.1
=====> Saving current model and best model
balance: False
selecting samples for epoch 73, ratio 0.1
=====> Saving current model and best model
balance: False
selecting samples for epoch 74, ratio 0.1
=====> Saving current model and best model
balance: False
selecting samples for epoch 75, ratio 0.1
=====> Saving current model and best model
balance: False
selecting samples for epoch 76, ratio 0.1
=====> Epoch: 76/300, Total_step: 3572, lr: 0.001000, Total Time: 2401.3403 s, Time this epoch: 16.9129 s
=====> Epoch: 76/300, Train Loss (train loader labels): 155918805237760.0000, Train acc (train loader labels): 0.3421, Best val acc: 0.4100, Current val acc: 0.3450, Val Loss: 157288111276032.0000
=====> Saving current model and best model
balance: False
selecting samples for epoch 77, ratio 0.1
=====> Saving current model and best model
balance: False
selecting samples for epoch 78, ratio 0.1
=====> Saving current model and best model
balance: False
selecting samples for epoch 79, ratio 0.1
=====> Saving current model and best model
balance: False
selecting samples for epoch 80, ratio 0.1
=====> Saving current model and best model
balance: False
selecting samples for epoch 81, ratio 0.1
=====> Saving current model and best model
balance: False
selecting samples for epoch 82, ratio 0.1
=====> Saving current model and best model
balance: False
selecting samples for epoch 83, ratio 0.1
=====> Saving current model and best model
balance: False
selecting samples for epoch 84, ratio 0.1
=====> Saving current model and best model
balance: False
selecting samples for epoch 85, ratio 0.1
=====> Saving current model and best model
balance: False
selecting samples for epoch 86, ratio 0.1
=====> Saving current model and best model
balance: False
selecting samples for epoch 87, ratio 0.1
=====> Saving current model and best model
balance: False
selecting samples for epoch 88, ratio 0.1
=====> Saving current model and best model
balance: False
selecting samples for epoch 89, ratio 0.1
=====> Saving current model and best model
balance: False
selecting samples for epoch 90, ratio 0.1
=====> Saving current model and best model
balance: False
selecting samples for epoch 91, ratio 0.1
=====> Epoch: 91/300, Total_step: 4277, lr: 0.001000, Total Time: 2699.1406 s, Time this epoch: 16.9608 s
=====> Epoch: 91/300, Train Loss (train loader labels): 57233912102912.0000, Train acc (train loader labels): 0.3709, Best val acc: 0.4100, Current val acc: 0.3723, Val Loss: 61448327790592.0000
=====> Saving current model and best model
balance: False
selecting samples for epoch 92, ratio 0.1
=====> Saving current model and best model
balance: False
selecting samples for epoch 93, ratio 0.1
=====> Saving current model and best model
balance: False
selecting samples for epoch 94, ratio 0.1
=====> Saving current model and best model
balance: False
selecting samples for epoch 95, ratio 0.1
=====> Saving current model and best model
balance: False
selecting samples for epoch 96, ratio 0.1
=====> Saving current model and best model
balance: False
selecting samples for epoch 97, ratio 0.1
=====> Saving current model and best model
balance: False
selecting samples for epoch 98, ratio 0.1
=====> Saving current model and best model
balance: False
selecting samples for epoch 99, ratio 0.1
=====> Saving current model and best model
balance: False
selecting samples for epoch 100, ratio 0.1
=====> Saving current model and best model
balance: False
selecting samples for epoch 101, ratio 0.1
=====> Saving current model and best model
balance: False
selecting samples for epoch 102, ratio 0.1
=====> Saving current model and best model
balance: False
selecting samples for epoch 103, ratio 0.1
=====> Saving current model and best model
balance: False
selecting samples for epoch 104, ratio 0.1
=====> Saving current model and best model
balance: False
selecting samples for epoch 105, ratio 0.1
=====> Saving current model and best model
balance: False
selecting samples for epoch 106, ratio 0.1
=====> Epoch: 106/300, Total_step: 4982, lr: 0.001000, Total Time: 2998.2055 s, Time this epoch: 16.9583 s
=====> Epoch: 106/300, Train Loss (train loader labels): 77618892242944.0000, Train acc (train loader labels): 0.3258, Best val acc: 0.4100, Current val acc: 0.3313, Val Loss: 83580935995392.0000
=====> Saving current model and best model
balance: False
selecting samples for epoch 107, ratio 0.1
=====> Saving current model and best model
balance: False
selecting samples for epoch 108, ratio 0.1
=====> Saving current model and best model
balance: False
selecting samples for epoch 109, ratio 0.1
=====> Saving current model and best model
balance: False
selecting samples for epoch 110, ratio 0.1
=====> Saving current model and best model
balance: False
selecting samples for epoch 111, ratio 0.1
=====> Saving current model and best model
balance: False
selecting samples for epoch 112, ratio 0.1
=====> Saving current model and best model
balance: False
selecting samples for epoch 113, ratio 0.1
=====> Saving current model and best model
balance: False
selecting samples for epoch 114, ratio 0.1
=====> Saving current model and best model
balance: False
selecting samples for epoch 115, ratio 0.1
=====> Saving current model and best model
balance: False
selecting samples for epoch 116, ratio 0.1
=====> Saving current model and best model
balance: False
selecting samples for epoch 117, ratio 0.1
=====> Saving current model and best model
balance: False
selecting samples for epoch 118, ratio 0.1
=====> Saving current model and best model
balance: False
selecting samples for epoch 119, ratio 0.1
=====> Saving current model and best model
balance: False
selecting samples for epoch 120, ratio 0.1
=====> Saving current model and best model
balance: False
selecting samples for epoch 121, ratio 0.1
=====> Epoch: 121/300, Total_step: 5687, lr: 0.001000, Total Time: 3295.7332 s, Time this epoch: 17.2766 s
=====> Epoch: 121/300, Train Loss (train loader labels): 20811782029312.0000, Train acc (train loader labels): 0.3408, Best val acc: 0.4100, Current val acc: 0.3350, Val Loss: 21926974062592.0000
=====> Saving current model and best model
balance: False
selecting samples for epoch 122, ratio 0.1
=====> Saving current model and best model
balance: False
selecting samples for epoch 123, ratio 0.1
=====> Saving current model and best model
balance: False
selecting samples for epoch 124, ratio 0.1
=====> Saving current model and best model
balance: False
selecting samples for epoch 125, ratio 0.1
=====> Saving current model and best model
balance: False
selecting samples for epoch 126, ratio 0.1
=====> Saving current model and best model
balance: False
selecting samples for epoch 127, ratio 0.1
=====> Saving current model and best model
balance: False
selecting samples for epoch 128, ratio 0.1
=====> Saving current model and best model
balance: False
selecting samples for epoch 129, ratio 0.1
=====> Saving current model and best model
balance: False
selecting samples for epoch 130, ratio 0.1
=====> Saving current model and best model
balance: False
selecting samples for epoch 131, ratio 0.1
=====> Saving current model and best model
balance: False
selecting samples for epoch 132, ratio 0.1
=====> Saving current model and best model
balance: False
selecting samples for epoch 133, ratio 0.1
=====> Saving current model and best model
balance: False
selecting samples for epoch 134, ratio 0.1
=====> Saving current model and best model
balance: False
selecting samples for epoch 135, ratio 0.1
=====> Saving current model and best model
balance: False
selecting samples for epoch 136, ratio 0.1
=====> Epoch: 136/300, Total_step: 6392, lr: 0.001000, Total Time: 3591.4742 s, Time this epoch: 16.9901 s
=====> Epoch: 136/300, Train Loss (train loader labels): 75605584379904.0000, Train acc (train loader labels): 0.3258, Best val acc: 0.4100, Current val acc: 0.3237, Val Loss: 75159713087488.0000
=====> Saving current model and best model
balance: False
selecting samples for epoch 137, ratio 0.1
=====> Saving current model and best model
balance: False
selecting samples for epoch 138, ratio 0.1
=====> Saving current model and best model
balance: False
selecting samples for epoch 139, ratio 0.1
=====> Saving current model and best model
balance: False
selecting samples for epoch 140, ratio 0.1
=====> Saving current model and best model
balance: False
selecting samples for epoch 141, ratio 0.1
=====> Saving current model and best model
balance: False
selecting samples for epoch 142, ratio 0.1
=====> Saving current model and best model
balance: False
selecting samples for epoch 143, ratio 0.1
=====> Saving current model and best model
balance: False
selecting samples for epoch 144, ratio 0.1
=====> Saving current model and best model
balance: False
selecting samples for epoch 145, ratio 0.1
=====> Saving current model and best model
balance: False
selecting samples for epoch 146, ratio 0.1
=====> Saving current model and best model
balance: False
selecting samples for epoch 147, ratio 0.1
=====> Saving current model and best model
balance: False
selecting samples for epoch 148, ratio 0.1
=====> Saving current model and best model
balance: False
selecting samples for epoch 149, ratio 0.1
=====> Saving current model and best model
balance: False
selecting samples for epoch 150, ratio 0.1
=====> Saving current model and best model
balance: False
selecting samples for epoch 151, ratio 0.1
=====> Epoch: 151/300, Total_step: 7097, lr: 0.001000, Total Time: 3887.6987 s, Time this epoch: 16.8172 s
=====> Epoch: 151/300, Train Loss (train loader labels): 9132200427520.0000, Train acc (train loader labels): 0.3294, Best val acc: 0.4100, Current val acc: 0.3317, Val Loss: 9222821511168.0000
=====> Saving current model and best model
balance: False
selecting samples for epoch 152, ratio 0.1
=====> Saving current model and best model
balance: False
selecting samples for epoch 153, ratio 0.1
=====> Saving current model and best model
balance: False
selecting samples for epoch 154, ratio 0.1
=====> Saving current model and best model
balance: False
selecting samples for epoch 155, ratio 0.1
=====> Saving current model and best model
balance: False
selecting samples for epoch 156, ratio 0.1
=====> Saving current model and best model
balance: False
selecting samples for epoch 157, ratio 0.1
=====> Saving current model and best model
balance: False
selecting samples for epoch 158, ratio 0.1
=====> Saving current model and best model
balance: False
selecting samples for epoch 159, ratio 0.1
=====> Saving current model and best model
balance: False
selecting samples for epoch 160, ratio 0.1
=====> Saving current model and best model
balance: False
selecting samples for epoch 161, ratio 0.1
=====> Saving current model and best model
balance: False
selecting samples for epoch 162, ratio 0.1
=====> Saving current model and best model
balance: False
selecting samples for epoch 163, ratio 0.1
=====> Saving current model and best model
balance: False
selecting samples for epoch 164, ratio 0.1
=====> Saving current model and best model
balance: False
selecting samples for epoch 165, ratio 0.1
=====> Saving current model and best model
balance: False
selecting samples for epoch 166, ratio 0.1
=====> Epoch: 166/300, Total_step: 7802, lr: 0.001000, Total Time: 4180.7700 s, Time this epoch: 16.7912 s
=====> Epoch: 166/300, Train Loss (train loader labels): 12374799024128.0000, Train acc (train loader labels): 0.3678, Best val acc: 0.4100, Current val acc: 0.3713, Val Loss: 13147101462528.0000
=====> Saving current model and best model
balance: False
selecting samples for epoch 167, ratio 0.1
=====> Saving current model and best model
balance: False
selecting samples for epoch 168, ratio 0.1
=====> Saving current model and best model
balance: False
selecting samples for epoch 169, ratio 0.1
=====> Saving current model and best model
balance: False
selecting samples for epoch 170, ratio 0.1
=====> Saving current model and best model
balance: False
selecting samples for epoch 171, ratio 0.1
=====> Saving current model and best model
balance: False
selecting samples for epoch 172, ratio 0.1
=====> Saving current model and best model
balance: False
selecting samples for epoch 173, ratio 0.1
=====> Saving current model and best model
balance: False
selecting samples for epoch 174, ratio 0.1
=====> Saving current model and best model
balance: False
selecting samples for epoch 175, ratio 0.1
=====> Saving current model and best model
balance: False
selecting samples for epoch 176, ratio 0.1
=====> Saving current model and best model
balance: False
selecting samples for epoch 177, ratio 0.1
=====> Saving current model and best model
balance: False
selecting samples for epoch 178, ratio 0.1
=====> Saving current model and best model
balance: False
selecting samples for epoch 179, ratio 0.1
=====> Saving current model and best model
balance: False
selecting samples for epoch 180, ratio 0.1
=====> Saving current model and best model
balance: False
selecting samples for epoch 181, ratio 0.1
=====> Epoch: 181/300, Total_step: 8507, lr: 0.001000, Total Time: 4474.4953 s, Time this epoch: 16.8003 s
=====> Epoch: 181/300, Train Loss (train loader labels): 7974713556992.0000, Train acc (train loader labels): 0.3332, Best val acc: 0.4100, Current val acc: 0.3230, Val Loss: 8903529070592.0000
=====> Saving current model and best model
balance: False
selecting samples for epoch 182, ratio 0.1
=====> Saving current model and best model
balance: False
selecting samples for epoch 183, ratio 0.1
=====> Saving current model and best model
balance: False
selecting samples for epoch 184, ratio 0.1
=====> Saving current model and best model
balance: False
selecting samples for epoch 185, ratio 0.1
=====> Saving current model and best model
balance: False
selecting samples for epoch 186, ratio 0.1
=====> Saving current model and best model
balance: False
selecting samples for epoch 187, ratio 0.1
=====> Saving current model and best model
balance: False
selecting samples for epoch 188, ratio 0.1
=====> Saving current model and best model
balance: False
selecting samples for epoch 189, ratio 0.1
=====> Saving current model and best model
balance: False
selecting samples for epoch 190, ratio 0.1
=====> Saving current model and best model
balance: False
selecting samples for epoch 191, ratio 0.1
=====> Saving current model and best model
balance: False
selecting samples for epoch 192, ratio 0.1
=====> Saving current model and best model
balance: False
selecting samples for epoch 193, ratio 0.1
=====> Saving current model and best model
balance: False
selecting samples for epoch 194, ratio 0.1
=====> Saving current model and best model
balance: False
selecting samples for epoch 195, ratio 0.1
=====> Saving current model and best model
balance: False
selecting samples for epoch 196, ratio 0.1
=====> Epoch: 196/300, Total_step: 9212, lr: 0.001000, Total Time: 4768.4790 s, Time this epoch: 16.7860 s
=====> Epoch: 196/300, Train Loss (train loader labels): 4617927655424.0000, Train acc (train loader labels): 0.3542, Best val acc: 0.4100, Current val acc: 0.3450, Val Loss: 5175844536320.0000
=====> Saving current model and best model
balance: False
selecting samples for epoch 197, ratio 0.1
=====> Saving current model and best model
balance: False
selecting samples for epoch 198, ratio 0.1
=====> Saving current model and best model
balance: False
selecting samples for epoch 199, ratio 0.1
=====> Saving current model and best model
balance: False
selecting samples for epoch 200, ratio 0.1
=====> Saving current model and best model
balance: False
selecting samples for epoch 201, ratio 0.1
=====> Saving current model and best model
balance: False
selecting samples for epoch 202, ratio 0.1
=====> Saving current model and best model
balance: False
selecting samples for epoch 203, ratio 0.1
=====> Saving current model and best model
balance: False
selecting samples for epoch 204, ratio 0.1
=====> Saving current model and best model
balance: False
selecting samples for epoch 205, ratio 0.1
=====> Saving current model and best model
balance: False
selecting samples for epoch 206, ratio 0.1
=====> Saving current model and best model
balance: False
selecting samples for epoch 207, ratio 0.1
=====> Saving current model and best model
balance: False
selecting samples for epoch 208, ratio 0.1
=====> Saving current model and best model
balance: False
selecting samples for epoch 209, ratio 0.1
=====> Saving current model and best model
balance: False
selecting samples for epoch 210, ratio 0.1
=====> Saving current model and best model
balance: False
selecting samples for epoch 211, ratio 0.1
=====> Epoch: 211/300, Total_step: 9917, lr: 0.001000, Total Time: 5061.4988 s, Time this epoch: 16.8420 s
=====> Epoch: 211/300, Train Loss (train loader labels): 4291311173632.0000, Train acc (train loader labels): 0.3021, Best val acc: 0.4100, Current val acc: 0.3043, Val Loss: 4788865466368.0000
=====> Saving current model and best model
balance: False
selecting samples for epoch 212, ratio 0.1
=====> Saving current model and best model
balance: False
selecting samples for epoch 213, ratio 0.1
=====> Saving current model and best model
balance: False
selecting samples for epoch 214, ratio 0.1
=====> Saving current model and best model
balance: False
selecting samples for epoch 215, ratio 0.1
=====> Saving current model and best model
balance: False
selecting samples for epoch 216, ratio 0.1
=====> Saving current model and best model
balance: False
selecting samples for epoch 217, ratio 0.1
=====> Saving current model and best model
balance: False
selecting samples for epoch 218, ratio 0.1
=====> Saving current model and best model
balance: False
selecting samples for epoch 219, ratio 0.1
=====> Saving current model and best model
balance: False
selecting samples for epoch 220, ratio 0.1
=====> Saving current model and best model
balance: False
selecting samples for epoch 221, ratio 0.1
=====> Saving current model and best model
balance: False
selecting samples for epoch 222, ratio 0.1
=====> Saving current model and best model
balance: False
selecting samples for epoch 223, ratio 0.1
=====> Saving current model and best model
balance: False
selecting samples for epoch 224, ratio 0.1
=====> Saving current model and best model
balance: False
selecting samples for epoch 225, ratio 0.1
=====> Saving current model and best model
balance: False
selecting samples for epoch 226, ratio 0.1
=====> Epoch: 226/300, Total_step: 10622, lr: 0.001000, Total Time: 5355.2116 s, Time this epoch: 17.2327 s
=====> Epoch: 226/300, Train Loss (train loader labels): 5408942456832.0000, Train acc (train loader labels): 0.2880, Best val acc: 0.4100, Current val acc: 0.2840, Val Loss: 5699515973632.0000
=====> Saving current model and best model
balance: False
selecting samples for epoch 227, ratio 0.1
=====> Saving current model and best model
balance: False
selecting samples for epoch 228, ratio 0.1
=====> Saving current model and best model
balance: False
selecting samples for epoch 229, ratio 0.1
=====> Saving current model and best model
balance: False
selecting samples for epoch 230, ratio 0.1
=====> Saving current model and best model
balance: False
selecting samples for epoch 231, ratio 0.1
=====> Saving current model and best model
balance: False
selecting samples for epoch 232, ratio 0.1
=====> Saving current model and best model
balance: False
selecting samples for epoch 233, ratio 0.1
=====> Saving current model and best model
balance: False
selecting samples for epoch 234, ratio 0.1
=====> Saving current model and best model
balance: False
selecting samples for epoch 235, ratio 0.1
=====> Saving current model and best model
balance: False
selecting samples for epoch 236, ratio 0.1
=====> Saving current model and best model
balance: False
selecting samples for epoch 237, ratio 0.1
=====> Saving current model and best model
balance: False
selecting samples for epoch 238, ratio 0.1
=====> Saving current model and best model
balance: False
selecting samples for epoch 239, ratio 0.1
=====> Saving current model and best model
balance: False
selecting samples for epoch 240, ratio 0.1
=====> Saving current model and best model
balance: False
selecting samples for epoch 241, ratio 0.1
=====> Epoch: 241/300, Total_step: 11327, lr: 0.001000, Total Time: 5647.1713 s, Time this epoch: 16.7303 s
=====> Epoch: 241/300, Train Loss (train loader labels): 3622984220672.0000, Train acc (train loader labels): 0.3663, Best val acc: 0.4100, Current val acc: 0.3640, Val Loss: 3725554876416.0000
=====> Saving current model and best model
balance: False
selecting samples for epoch 242, ratio 0.1
=====> Saving current model and best model
balance: False
selecting samples for epoch 243, ratio 0.1
=====> Saving current model and best model
balance: False
selecting samples for epoch 244, ratio 0.1
=====> Saving current model and best model
balance: False
selecting samples for epoch 245, ratio 0.1
=====> Saving current model and best model
balance: False
selecting samples for epoch 246, ratio 0.1
=====> Saving current model and best model
balance: False
selecting samples for epoch 247, ratio 0.1
=====> Saving current model and best model
balance: False
selecting samples for epoch 248, ratio 0.1
=====> Saving current model and best model
balance: False
selecting samples for epoch 249, ratio 0.1
=====> Saving current model and best model
balance: False
selecting samples for epoch 250, ratio 0.1
=====> Saving current model and best model
balance: False
selecting samples for epoch 251, ratio 0.1
=====> Saving current model and best model
balance: False
selecting samples for epoch 252, ratio 0.1
=====> Saving current model and best model
balance: False
selecting samples for epoch 253, ratio 0.1
=====> Saving current model and best model
balance: False
selecting samples for epoch 254, ratio 0.1
=====> Saving current model and best model
balance: False
selecting samples for epoch 255, ratio 0.1
=====> Saving current model and best model
balance: False
selecting samples for epoch 256, ratio 0.1
=====> Epoch: 256/300, Total_step: 12032, lr: 0.001000, Total Time: 5940.9186 s, Time this epoch: 16.9643 s
=====> Epoch: 256/300, Train Loss (train loader labels): 1010740625408.0000, Train acc (train loader labels): 0.3452, Best val acc: 0.4100, Current val acc: 0.3463, Val Loss: 1090030993408.0000
=====> Saving current model and best model
balance: False
selecting samples for epoch 257, ratio 0.1
=====> Saving current model and best model
balance: False
selecting samples for epoch 258, ratio 0.1
=====> Saving current model and best model
balance: False
selecting samples for epoch 259, ratio 0.1
=====> Saving current model and best model
balance: False
selecting samples for epoch 260, ratio 0.1
=====> Saving current model and best model
balance: False
selecting samples for epoch 261, ratio 0.1
=====> Saving current model and best model
balance: False
selecting samples for epoch 262, ratio 0.1
=====> Saving current model and best model
balance: False
selecting samples for epoch 263, ratio 0.1
=====> Saving current model and best model
balance: False
selecting samples for epoch 264, ratio 0.1
=====> Saving current model and best model
balance: False
selecting samples for epoch 265, ratio 0.1
=====> Saving current model and best model
balance: False
selecting samples for epoch 266, ratio 0.1
=====> Saving current model and best model
balance: False
selecting samples for epoch 267, ratio 0.1
=====> Saving current model and best model
balance: False
selecting samples for epoch 268, ratio 0.1
=====> Saving current model and best model
balance: False
selecting samples for epoch 269, ratio 0.1
=====> Saving current model and best model
balance: False
selecting samples for epoch 270, ratio 0.1
=====> Saving current model and best model
balance: False
selecting samples for epoch 271, ratio 0.1
=====> Epoch: 271/300, Total_step: 12737, lr: 0.001000, Total Time: 6231.5818 s, Time this epoch: 16.9536 s
=====> Epoch: 271/300, Train Loss (train loader labels): 1294841937920.0000, Train acc (train loader labels): 0.3663, Best val acc: 0.4100, Current val acc: 0.3643, Val Loss: 1412911464448.0000
=====> Saving current model and best model
balance: False
selecting samples for epoch 272, ratio 0.1
=====> Saving current model and best model
balance: False
selecting samples for epoch 273, ratio 0.1
=====> Saving current model and best model
balance: False
selecting samples for epoch 274, ratio 0.1
=====> Saving current model and best model
balance: False
selecting samples for epoch 275, ratio 0.1
=====> Saving current model and best model
balance: False
selecting samples for epoch 276, ratio 0.1
=====> Saving current model and best model
balance: False
selecting samples for epoch 277, ratio 0.1
=====> Saving current model and best model
balance: False
selecting samples for epoch 278, ratio 0.1
=====> Saving current model and best model
balance: False
selecting samples for epoch 279, ratio 0.1
=====> Saving current model and best model
balance: False
selecting samples for epoch 280, ratio 0.1
=====> Saving current model and best model
balance: False
selecting samples for epoch 281, ratio 0.1
=====> Saving current model and best model
balance: False
selecting samples for epoch 282, ratio 0.1
=====> Saving current model and best model
balance: False
selecting samples for epoch 283, ratio 0.1
=====> Saving current model and best model
balance: False
selecting samples for epoch 284, ratio 0.1
=====> Saving current model and best model
balance: False
selecting samples for epoch 285, ratio 0.1
=====> Saving current model and best model
balance: False
selecting samples for epoch 286, ratio 0.1
=====> Epoch: 286/300, Total_step: 13442, lr: 0.001000, Total Time: 6522.7173 s, Time this epoch: 16.8372 s
=====> Epoch: 286/300, Train Loss (train loader labels): 439705534464.0000, Train acc (train loader labels): 0.3684, Best val acc: 0.4100, Current val acc: 0.3560, Val Loss: 481677574144.0000
=====> Saving current model and best model
balance: False
selecting samples for epoch 287, ratio 0.1
=====> Saving current model and best model
balance: False
selecting samples for epoch 288, ratio 0.1
=====> Saving current model and best model
balance: False
selecting samples for epoch 289, ratio 0.1
=====> Saving current model and best model
balance: False
selecting samples for epoch 290, ratio 0.1
=====> Saving current model and best model
balance: False
selecting samples for epoch 291, ratio 0.1
=====> Saving current model and best model
balance: False
selecting samples for epoch 292, ratio 0.1
=====> Saving current model and best model
balance: False
selecting samples for epoch 293, ratio 0.1
=====> Saving current model and best model
balance: False
selecting samples for epoch 294, ratio 0.1
=====> Saving current model and best model
balance: False
selecting samples for epoch 295, ratio 0.1
=====> Saving current model and best model
balance: False
selecting samples for epoch 296, ratio 0.1
=====> Saving current model and best model
balance: False
selecting samples for epoch 297, ratio 0.1
=====> Saving current model and best model
balance: False
selecting samples for epoch 298, ratio 0.1
=====> Saving current model and best model
balance: False
selecting samples for epoch 299, ratio 0.1
=====> Saving current model and best model
balance: False
selecting samples for epoch 300, ratio 0.1
=====> Epoch: 300/300, Total_step: 14100, lr: 0.001000, Total Time: 6796.7389 s, Time this epoch: 16.8623 s
=====> Epoch: 300/300, Train Loss (train loader labels): 297135079424.0000, Train acc (train loader labels): 0.3575, Best val acc: 0.4100, Current val acc: 0.3520, Val Loss: 321334181888.0000
=====> Saving current model and best model
Saved helper snapshots to /home/mward19/Documents/miller/Online-Batch-Selection/snapshots/CIFAR3/{"bsel":"RhoLoss","seed":3,"model":"DeepLinear","opt":"adamw","bs":320,"ratio":0.1,"lr":0.001,"wd":0.01,"layers":36,"hidden_dim":1000}.p
Saved selected points array to /home/mward19/Documents/miller/Online-Batch-Selection/selected_points/CIFAR3/{"bsel":"RhoLoss","seed":3,"model":"DeepLinear","opt":"adamw","bs":320,"ratio":0.1,"lr":0.001,"wd":0.01,"layers":36,"hidden_dim":1000}.npy
========================= End Main =========================
