save_dir: ./exp/CIFAR3/DivBS_deeplinear_bs320_ep300_lr0.001_AdamW_constant_seed3_r0.1_5_hidden
=====> Loading config files: 
configs/cifar3/method/divbs-0.1.yaml
configs/cifar3/data/cifar3.yaml
configs/cifar3/model/deep_linear_saxe/deep_linear_5.yaml
configs/cifar3/optim/adamw-320-0.001-0.01.yaml
configs/diagnostics/snapshots_log_interval.yaml
=====> Config files loaded.
========================= Start Main =========================
=====> Saving config file
=====> Config file saved
=====> Using fixed random seed: 3
=====> Wandb initialized
=====> Number of GPUs: 1
Creating DivBS...
Begin training for DivBS...
=====> Epoch: 0/300, Total_step: 0, lr: 0.001000, Total Time: 0.0000 s, Time this epoch: 0.0000 s
=====> Epoch: 0/300, Train Loss (train loader labels): 1.0992, Train acc (train loader labels): 0.3197, Best val acc: 0.3200, Current val acc: 0.3200, Val Loss: 1.0992
balance: False
selecting samples for epoch 1, ratio 0.1
=====> Epoch: 1/300, Total_step: 1, lr: 0.001000, Total Time: 0.0000 s, Time this epoch: 0.0000 s
=====> Epoch: 1/300, Train Loss (train loader labels): 1.4647, Train acc (train loader labels): 0.4229, Best val acc: 0.4387, Current val acc: 0.4387, Val Loss: 1.4099
=====> Epoch: 1/300, Total_step: 12, lr: 0.001000, Total Time: 0.0000 s, Time this epoch: 0.0000 s
=====> Epoch: 1/300, Train Loss (train loader labels): 1.2119, Train acc (train loader labels): 0.2999, Best val acc: 0.4387, Current val acc: 0.2743, Val Loss: 1.2254
=====> Epoch: 1/300, Total_step: 23, lr: 0.001000, Total Time: 0.0000 s, Time this epoch: 0.0000 s
=====> Epoch: 1/300, Train Loss (train loader labels): 1.0933, Train acc (train loader labels): 0.4095, Best val acc: 0.4387, Current val acc: 0.4143, Val Loss: 1.0983
=====> Epoch: 1/300, Total_step: 34, lr: 0.001000, Total Time: 0.0000 s, Time this epoch: 0.0000 s
=====> Epoch: 1/300, Train Loss (train loader labels): 1.1052, Train acc (train loader labels): 0.3882, Best val acc: 0.4387, Current val acc: 0.3777, Val Loss: 1.1001
=====> Epoch: 1/300, Total_step: 45, lr: 0.001000, Total Time: 0.0000 s, Time this epoch: 0.0000 s
=====> Epoch: 1/300, Train Loss (train loader labels): 1.0640, Train acc (train loader labels): 0.4290, Best val acc: 0.4453, Current val acc: 0.4453, Val Loss: 1.0609
=====> Saving current model and best model
balance: False
selecting samples for epoch 2, ratio 0.1
=====> Epoch: 2/300, Total_step: 48, lr: 0.001000, Total Time: 122.3908 s, Time this epoch: 104.2284 s
=====> Epoch: 2/300, Train Loss (train loader labels): 1.0486, Train acc (train loader labels): 0.4525, Best val acc: 0.4620, Current val acc: 0.4620, Val Loss: 1.0428
=====> Epoch: 2/300, Total_step: 59, lr: 0.001000, Total Time: 122.3908 s, Time this epoch: 104.2284 s
=====> Epoch: 2/300, Train Loss (train loader labels): 1.0772, Train acc (train loader labels): 0.3973, Best val acc: 0.4620, Current val acc: 0.4073, Val Loss: 1.0687
=====> Epoch: 2/300, Total_step: 70, lr: 0.001000, Total Time: 122.3908 s, Time this epoch: 104.2284 s
=====> Epoch: 2/300, Train Loss (train loader labels): 1.0344, Train acc (train loader labels): 0.4729, Best val acc: 0.4823, Current val acc: 0.4823, Val Loss: 1.0306
=====> Epoch: 2/300, Total_step: 81, lr: 0.001000, Total Time: 122.3908 s, Time this epoch: 104.2284 s
=====> Epoch: 2/300, Train Loss (train loader labels): 1.0469, Train acc (train loader labels): 0.4585, Best val acc: 0.4823, Current val acc: 0.4650, Val Loss: 1.0411
=====> Epoch: 2/300, Total_step: 92, lr: 0.001000, Total Time: 122.3908 s, Time this epoch: 104.2284 s
=====> Epoch: 2/300, Train Loss (train loader labels): 1.0384, Train acc (train loader labels): 0.4801, Best val acc: 0.4823, Current val acc: 0.4733, Val Loss: 1.0396
=====> Saving current model and best model
balance: False
selecting samples for epoch 3, ratio 0.1
=====> Epoch: 3/300, Total_step: 95, lr: 0.001000, Total Time: 226.9360 s, Time this epoch: 104.2480 s
=====> Epoch: 3/300, Train Loss (train loader labels): 1.0299, Train acc (train loader labels): 0.4711, Best val acc: 0.4823, Current val acc: 0.4720, Val Loss: 1.0323
=====> Epoch: 3/300, Total_step: 106, lr: 0.001000, Total Time: 226.9360 s, Time this epoch: 104.2480 s
=====> Epoch: 3/300, Train Loss (train loader labels): 1.0488, Train acc (train loader labels): 0.4597, Best val acc: 0.4823, Current val acc: 0.4650, Val Loss: 1.0417
=====> Epoch: 3/300, Total_step: 117, lr: 0.001000, Total Time: 226.9360 s, Time this epoch: 104.2480 s
=====> Epoch: 3/300, Train Loss (train loader labels): 1.0223, Train acc (train loader labels): 0.4713, Best val acc: 0.4823, Current val acc: 0.4730, Val Loss: 1.0258
=====> Epoch: 3/300, Total_step: 128, lr: 0.001000, Total Time: 226.9360 s, Time this epoch: 104.2480 s
=====> Epoch: 3/300, Train Loss (train loader labels): 1.0386, Train acc (train loader labels): 0.4613, Best val acc: 0.4823, Current val acc: 0.4667, Val Loss: 1.0348
=====> Epoch: 3/300, Total_step: 139, lr: 0.001000, Total Time: 226.9360 s, Time this epoch: 104.2480 s
=====> Epoch: 3/300, Train Loss (train loader labels): 1.0457, Train acc (train loader labels): 0.4618, Best val acc: 0.4823, Current val acc: 0.4660, Val Loss: 1.0404
=====> Saving current model and best model
balance: False
selecting samples for epoch 4, ratio 0.1
=====> Epoch: 4/300, Total_step: 142, lr: 0.001000, Total Time: 331.4853 s, Time this epoch: 104.3032 s
=====> Epoch: 4/300, Train Loss (train loader labels): 1.0292, Train acc (train loader labels): 0.4643, Best val acc: 0.4823, Current val acc: 0.4650, Val Loss: 1.0287
=====> Epoch: 4/300, Total_step: 153, lr: 0.001000, Total Time: 331.4853 s, Time this epoch: 104.3032 s
=====> Epoch: 4/300, Train Loss (train loader labels): 1.0454, Train acc (train loader labels): 0.4547, Best val acc: 0.4823, Current val acc: 0.4723, Val Loss: 1.0373
=====> Epoch: 4/300, Total_step: 164, lr: 0.001000, Total Time: 331.4853 s, Time this epoch: 104.3032 s
=====> Epoch: 4/300, Train Loss (train loader labels): 1.0475, Train acc (train loader labels): 0.4536, Best val acc: 0.4823, Current val acc: 0.4630, Val Loss: 1.0408
=====> Epoch: 4/300, Total_step: 175, lr: 0.001000, Total Time: 331.4853 s, Time this epoch: 104.3032 s
=====> Epoch: 4/300, Train Loss (train loader labels): 1.0253, Train acc (train loader labels): 0.4861, Best val acc: 0.4983, Current val acc: 0.4983, Val Loss: 1.0235
=====> Epoch: 4/300, Total_step: 186, lr: 0.001000, Total Time: 331.4853 s, Time this epoch: 104.3032 s
=====> Epoch: 4/300, Train Loss (train loader labels): 1.0237, Train acc (train loader labels): 0.4604, Best val acc: 0.4983, Current val acc: 0.4793, Val Loss: 1.0197
=====> Saving current model and best model
balance: False
selecting samples for epoch 5, ratio 0.1
=====> Epoch: 5/300, Total_step: 189, lr: 0.001000, Total Time: 436.6404 s, Time this epoch: 104.9077 s
=====> Epoch: 5/300, Train Loss (train loader labels): 1.0293, Train acc (train loader labels): 0.4817, Best val acc: 0.4983, Current val acc: 0.4953, Val Loss: 1.0261
=====> Epoch: 5/300, Total_step: 200, lr: 0.001000, Total Time: 436.6404 s, Time this epoch: 104.9077 s
=====> Epoch: 5/300, Train Loss (train loader labels): 1.0356, Train acc (train loader labels): 0.4560, Best val acc: 0.4983, Current val acc: 0.4610, Val Loss: 1.0355
=====> Epoch: 5/300, Total_step: 211, lr: 0.001000, Total Time: 436.6404 s, Time this epoch: 104.9077 s
=====> Epoch: 5/300, Train Loss (train loader labels): 1.0492, Train acc (train loader labels): 0.4707, Best val acc: 0.4983, Current val acc: 0.4903, Val Loss: 1.0407
=====> Epoch: 5/300, Total_step: 222, lr: 0.001000, Total Time: 436.6404 s, Time this epoch: 104.9077 s
=====> Epoch: 5/300, Train Loss (train loader labels): 1.0355, Train acc (train loader labels): 0.4759, Best val acc: 0.4983, Current val acc: 0.4800, Val Loss: 1.0343
=====> Epoch: 5/300, Total_step: 233, lr: 0.001000, Total Time: 436.6404 s, Time this epoch: 104.9077 s
=====> Epoch: 5/300, Train Loss (train loader labels): 1.0302, Train acc (train loader labels): 0.4820, Best val acc: 0.4983, Current val acc: 0.4887, Val Loss: 1.0252
=====> Saving current model and best model
balance: False
selecting samples for epoch 6, ratio 0.1
=====> Epoch: 6/300, Total_step: 282, lr: 0.001000, Total Time: 542.3261 s, Time this epoch: 105.4597 s
=====> Epoch: 6/300, Train Loss (train loader labels): 1.0134, Train acc (train loader labels): 0.4874, Best val acc: 0.5070, Current val acc: 0.5070, Val Loss: 1.0085
=====> Saving current model and best model
balance: False
selecting samples for epoch 7, ratio 0.1
=====> Epoch: 7/300, Total_step: 329, lr: 0.001000, Total Time: 577.6683 s, Time this epoch: 35.1288 s
=====> Epoch: 7/300, Train Loss (train loader labels): 1.0160, Train acc (train loader labels): 0.4683, Best val acc: 0.5070, Current val acc: 0.4827, Val Loss: 1.0116
=====> Saving current model and best model
balance: False
selecting samples for epoch 8, ratio 0.1
=====> Epoch: 8/300, Total_step: 376, lr: 0.001000, Total Time: 613.9078 s, Time this epoch: 35.2755 s
=====> Epoch: 8/300, Train Loss (train loader labels): 1.0168, Train acc (train loader labels): 0.4795, Best val acc: 0.5070, Current val acc: 0.5057, Val Loss: 1.0179
=====> Saving current model and best model
balance: False
selecting samples for epoch 9, ratio 0.1
=====> Epoch: 9/300, Total_step: 423, lr: 0.001000, Total Time: 649.4315 s, Time this epoch: 35.2464 s
=====> Epoch: 9/300, Train Loss (train loader labels): 1.0527, Train acc (train loader labels): 0.4343, Best val acc: 0.5070, Current val acc: 0.4310, Val Loss: 1.0541
=====> Saving current model and best model
balance: False
selecting samples for epoch 10, ratio 0.1
=====> Epoch: 10/300, Total_step: 470, lr: 0.001000, Total Time: 684.8500 s, Time this epoch: 35.1494 s
=====> Epoch: 10/300, Train Loss (train loader labels): 1.0248, Train acc (train loader labels): 0.4806, Best val acc: 0.5070, Current val acc: 0.4863, Val Loss: 1.0279
=====> Saving current model and best model
balance: False
selecting samples for epoch 11, ratio 0.1
=====> Epoch: 11/300, Total_step: 517, lr: 0.001000, Total Time: 719.8821 s, Time this epoch: 34.7749 s
=====> Epoch: 11/300, Train Loss (train loader labels): 1.0137, Train acc (train loader labels): 0.4893, Best val acc: 0.5120, Current val acc: 0.5120, Val Loss: 1.0100
=====> Saving current model and best model
balance: False
selecting samples for epoch 12, ratio 0.1
=====> Epoch: 12/300, Total_step: 564, lr: 0.001000, Total Time: 755.0038 s, Time this epoch: 34.8996 s
=====> Epoch: 12/300, Train Loss (train loader labels): 1.0519, Train acc (train loader labels): 0.4383, Best val acc: 0.5120, Current val acc: 0.4600, Val Loss: 1.0455
=====> Saving current model and best model
balance: False
selecting samples for epoch 13, ratio 0.1
=====> Epoch: 13/300, Total_step: 611, lr: 0.001000, Total Time: 790.8979 s, Time this epoch: 34.9393 s
=====> Epoch: 13/300, Train Loss (train loader labels): 1.0345, Train acc (train loader labels): 0.4715, Best val acc: 0.5120, Current val acc: 0.4883, Val Loss: 1.0280
=====> Saving current model and best model
balance: False
selecting samples for epoch 14, ratio 0.1
=====> Epoch: 14/300, Total_step: 658, lr: 0.001000, Total Time: 826.2013 s, Time this epoch: 35.0194 s
=====> Epoch: 14/300, Train Loss (train loader labels): 1.0304, Train acc (train loader labels): 0.4797, Best val acc: 0.5120, Current val acc: 0.5117, Val Loss: 1.0232
=====> Saving current model and best model
balance: False
selecting samples for epoch 15, ratio 0.1
=====> Epoch: 15/300, Total_step: 705, lr: 0.001000, Total Time: 861.6579 s, Time this epoch: 35.1883 s
=====> Epoch: 15/300, Train Loss (train loader labels): 1.0411, Train acc (train loader labels): 0.4865, Best val acc: 0.5120, Current val acc: 0.4913, Val Loss: 1.0371
=====> Saving current model and best model
balance: False
selecting samples for epoch 16, ratio 0.1
=====> Epoch: 16/300, Total_step: 752, lr: 0.001000, Total Time: 897.2644 s, Time this epoch: 35.3291 s
=====> Epoch: 16/300, Train Loss (train loader labels): 1.0203, Train acc (train loader labels): 0.4933, Best val acc: 0.5120, Current val acc: 0.5073, Val Loss: 1.0137
=====> Saving current model and best model
balance: False
selecting samples for epoch 17, ratio 0.1
=====> Epoch: 17/300, Total_step: 799, lr: 0.001000, Total Time: 933.1008 s, Time this epoch: 35.4941 s
=====> Epoch: 17/300, Train Loss (train loader labels): 1.0111, Train acc (train loader labels): 0.4865, Best val acc: 0.5120, Current val acc: 0.4963, Val Loss: 1.0067
=====> Saving current model and best model
balance: False
selecting samples for epoch 18, ratio 0.1
=====> Epoch: 18/300, Total_step: 846, lr: 0.001000, Total Time: 968.7858 s, Time this epoch: 35.3870 s
=====> Epoch: 18/300, Train Loss (train loader labels): 1.0428, Train acc (train loader labels): 0.4709, Best val acc: 0.5120, Current val acc: 0.4763, Val Loss: 1.0389
=====> Saving current model and best model
balance: False
selecting samples for epoch 19, ratio 0.1
=====> Epoch: 19/300, Total_step: 893, lr: 0.001000, Total Time: 1004.3929 s, Time this epoch: 35.2682 s
=====> Epoch: 19/300, Train Loss (train loader labels): 1.0815, Train acc (train loader labels): 0.3961, Best val acc: 0.5120, Current val acc: 0.4030, Val Loss: 1.0799
=====> Saving current model and best model
balance: False
selecting samples for epoch 20, ratio 0.1
=====> Epoch: 20/300, Total_step: 940, lr: 0.001000, Total Time: 1039.8179 s, Time this epoch: 35.1878 s
=====> Epoch: 20/300, Train Loss (train loader labels): 1.0694, Train acc (train loader labels): 0.4211, Best val acc: 0.5120, Current val acc: 0.4283, Val Loss: 1.0669
=====> Saving current model and best model
balance: False
selecting samples for epoch 21, ratio 0.1
=====> Epoch: 21/300, Total_step: 987, lr: 0.001000, Total Time: 1075.1650 s, Time this epoch: 35.0928 s
=====> Epoch: 21/300, Train Loss (train loader labels): 1.0441, Train acc (train loader labels): 0.4623, Best val acc: 0.5120, Current val acc: 0.4727, Val Loss: 1.0365
=====> Saving current model and best model
balance: False
selecting samples for epoch 22, ratio 0.1
=====> Epoch: 22/300, Total_step: 1034, lr: 0.001000, Total Time: 1110.4705 s, Time this epoch: 35.0262 s
=====> Epoch: 22/300, Train Loss (train loader labels): 1.0417, Train acc (train loader labels): 0.4639, Best val acc: 0.5120, Current val acc: 0.4703, Val Loss: 1.0339
=====> Saving current model and best model
balance: False
selecting samples for epoch 23, ratio 0.1
=====> Epoch: 23/300, Total_step: 1081, lr: 0.001000, Total Time: 1145.8545 s, Time this epoch: 35.1084 s
=====> Epoch: 23/300, Train Loss (train loader labels): 1.0242, Train acc (train loader labels): 0.4730, Best val acc: 0.5120, Current val acc: 0.4807, Val Loss: 1.0141
=====> Saving current model and best model
balance: False
selecting samples for epoch 24, ratio 0.1
=====> Epoch: 24/300, Total_step: 1128, lr: 0.001000, Total Time: 1181.0446 s, Time this epoch: 34.9192 s
=====> Epoch: 24/300, Train Loss (train loader labels): 1.0710, Train acc (train loader labels): 0.4161, Best val acc: 0.5120, Current val acc: 0.4127, Val Loss: 1.0677
=====> Saving current model and best model
balance: False
selecting samples for epoch 25, ratio 0.1
=====> Epoch: 25/300, Total_step: 1175, lr: 0.001000, Total Time: 1216.3520 s, Time this epoch: 35.0297 s
=====> Epoch: 25/300, Train Loss (train loader labels): 1.0612, Train acc (train loader labels): 0.4361, Best val acc: 0.5120, Current val acc: 0.4437, Val Loss: 1.0647
=====> Saving current model and best model
balance: False
selecting samples for epoch 26, ratio 0.1
=====> Epoch: 26/300, Total_step: 1222, lr: 0.001000, Total Time: 1251.8253 s, Time this epoch: 35.0887 s
=====> Epoch: 26/300, Train Loss (train loader labels): 1.0248, Train acc (train loader labels): 0.4739, Best val acc: 0.5120, Current val acc: 0.4803, Val Loss: 1.0207
=====> Saving current model and best model
balance: False
selecting samples for epoch 27, ratio 0.1
=====> Saving current model and best model
balance: False
selecting samples for epoch 28, ratio 0.1
=====> Saving current model and best model
balance: False
selecting samples for epoch 29, ratio 0.1
=====> Epoch: 29/300, Total_step: 1363, lr: 0.001000, Total Time: 1320.8768 s, Time this epoch: 16.7104 s
=====> Epoch: 29/300, Train Loss (train loader labels): 1.0234, Train acc (train loader labels): 0.4814, Best val acc: 0.5120, Current val acc: 0.4943, Val Loss: 1.0141
=====> Saving current model and best model
balance: False
selecting samples for epoch 30, ratio 0.1
=====> Saving current model and best model
balance: False
selecting samples for epoch 31, ratio 0.1
=====> Saving current model and best model
balance: False
selecting samples for epoch 32, ratio 0.1
=====> Saving current model and best model
balance: False
selecting samples for epoch 33, ratio 0.1
=====> Epoch: 33/300, Total_step: 1551, lr: 0.001000, Total Time: 1407.6610 s, Time this epoch: 16.7558 s
=====> Epoch: 33/300, Train Loss (train loader labels): 1.0685, Train acc (train loader labels): 0.4124, Best val acc: 0.5120, Current val acc: 0.4097, Val Loss: 1.0692
=====> Saving current model and best model
balance: False
selecting samples for epoch 34, ratio 0.1
=====> Saving current model and best model
balance: False
selecting samples for epoch 35, ratio 0.1
=====> Saving current model and best model
balance: False
selecting samples for epoch 36, ratio 0.1
=====> Saving current model and best model
balance: False
selecting samples for epoch 37, ratio 0.1
=====> Epoch: 37/300, Total_step: 1739, lr: 0.001000, Total Time: 1494.4518 s, Time this epoch: 16.7539 s
=====> Epoch: 37/300, Train Loss (train loader labels): 1.0596, Train acc (train loader labels): 0.4317, Best val acc: 0.5120, Current val acc: 0.4477, Val Loss: 1.0512
=====> Saving current model and best model
balance: False
selecting samples for epoch 38, ratio 0.1
=====> Saving current model and best model
balance: False
selecting samples for epoch 39, ratio 0.1
=====> Saving current model and best model
balance: False
selecting samples for epoch 40, ratio 0.1
=====> Saving current model and best model
balance: False
selecting samples for epoch 41, ratio 0.1
=====> Epoch: 41/300, Total_step: 1927, lr: 0.001000, Total Time: 1580.9704 s, Time this epoch: 16.7499 s
=====> Epoch: 41/300, Train Loss (train loader labels): 1.0334, Train acc (train loader labels): 0.4527, Best val acc: 0.5120, Current val acc: 0.4633, Val Loss: 1.0325
=====> Saving current model and best model
balance: False
selecting samples for epoch 42, ratio 0.1
=====> Saving current model and best model
balance: False
selecting samples for epoch 43, ratio 0.1
=====> Saving current model and best model
balance: False
selecting samples for epoch 44, ratio 0.1
=====> Saving current model and best model
balance: False
selecting samples for epoch 45, ratio 0.1
=====> Epoch: 45/300, Total_step: 2115, lr: 0.001000, Total Time: 1667.3572 s, Time this epoch: 16.7191 s
=====> Epoch: 45/300, Train Loss (train loader labels): 1.0365, Train acc (train loader labels): 0.4482, Best val acc: 0.5120, Current val acc: 0.4627, Val Loss: 1.0349
=====> Saving current model and best model
balance: False
selecting samples for epoch 46, ratio 0.1
=====> Saving current model and best model
balance: False
selecting samples for epoch 47, ratio 0.1
=====> Saving current model and best model
balance: False
selecting samples for epoch 48, ratio 0.1
=====> Saving current model and best model
balance: False
selecting samples for epoch 49, ratio 0.1
=====> Epoch: 49/300, Total_step: 2303, lr: 0.001000, Total Time: 1753.6297 s, Time this epoch: 16.7927 s
=====> Epoch: 49/300, Train Loss (train loader labels): 1.0389, Train acc (train loader labels): 0.4537, Best val acc: 0.5120, Current val acc: 0.4703, Val Loss: 1.0309
=====> Saving current model and best model
balance: False
selecting samples for epoch 50, ratio 0.1
=====> Saving current model and best model
balance: False
selecting samples for epoch 51, ratio 0.1
=====> Saving current model and best model
balance: False
selecting samples for epoch 52, ratio 0.1
=====> Saving current model and best model
balance: False
selecting samples for epoch 53, ratio 0.1
=====> Epoch: 53/300, Total_step: 2491, lr: 0.001000, Total Time: 1840.2123 s, Time this epoch: 16.8085 s
=====> Epoch: 53/300, Train Loss (train loader labels): 1.0213, Train acc (train loader labels): 0.4514, Best val acc: 0.5120, Current val acc: 0.4577, Val Loss: 1.0198
=====> Saving current model and best model
balance: False
selecting samples for epoch 54, ratio 0.1
=====> Saving current model and best model
balance: False
selecting samples for epoch 55, ratio 0.1
=====> Saving current model and best model
balance: False
selecting samples for epoch 56, ratio 0.1
=====> Saving current model and best model
balance: False
selecting samples for epoch 57, ratio 0.1
=====> Epoch: 57/300, Total_step: 2679, lr: 0.001000, Total Time: 1926.8979 s, Time this epoch: 16.7435 s
=====> Epoch: 57/300, Train Loss (train loader labels): 1.0301, Train acc (train loader labels): 0.4531, Best val acc: 0.5120, Current val acc: 0.4633, Val Loss: 1.0252
=====> Saving current model and best model
balance: False
selecting samples for epoch 58, ratio 0.1
=====> Saving current model and best model
balance: False
selecting samples for epoch 59, ratio 0.1
=====> Saving current model and best model
balance: False
selecting samples for epoch 60, ratio 0.1
=====> Saving current model and best model
balance: False
selecting samples for epoch 61, ratio 0.1
=====> Epoch: 61/300, Total_step: 2867, lr: 0.001000, Total Time: 2014.3864 s, Time this epoch: 16.8215 s
=====> Epoch: 61/300, Train Loss (train loader labels): 4.6839, Train acc (train loader labels): 0.3941, Best val acc: 0.5120, Current val acc: 0.4010, Val Loss: 4.7829
=====> Saving current model and best model
balance: False
selecting samples for epoch 62, ratio 0.1
=====> Saving current model and best model
balance: False
selecting samples for epoch 63, ratio 0.1
=====> Saving current model and best model
balance: False
selecting samples for epoch 64, ratio 0.1
=====> Saving current model and best model
balance: False
selecting samples for epoch 65, ratio 0.1
=====> Epoch: 65/300, Total_step: 3055, lr: 0.001000, Total Time: 2101.0318 s, Time this epoch: 16.7624 s
=====> Epoch: 65/300, Train Loss (train loader labels): 1.0735, Train acc (train loader labels): 0.4540, Best val acc: 0.5120, Current val acc: 0.4537, Val Loss: 1.0857
=====> Saving current model and best model
balance: False
selecting samples for epoch 66, ratio 0.1
=====> Saving current model and best model
balance: False
selecting samples for epoch 67, ratio 0.1
=====> Saving current model and best model
balance: False
selecting samples for epoch 68, ratio 0.1
=====> Saving current model and best model
balance: False
selecting samples for epoch 69, ratio 0.1
=====> Saving current model and best model
balance: False
selecting samples for epoch 70, ratio 0.1
=====> Saving current model and best model
balance: False
selecting samples for epoch 71, ratio 0.1
=====> Saving current model and best model
balance: False
selecting samples for epoch 72, ratio 0.1
=====> Saving current model and best model
balance: False
selecting samples for epoch 73, ratio 0.1
=====> Saving current model and best model
balance: False
selecting samples for epoch 74, ratio 0.1
=====> Saving current model and best model
balance: False
selecting samples for epoch 75, ratio 0.1
=====> Saving current model and best model
balance: False
selecting samples for epoch 76, ratio 0.1
=====> Epoch: 76/300, Total_step: 3572, lr: 0.001000, Total Time: 2307.9279 s, Time this epoch: 16.7672 s
=====> Epoch: 76/300, Train Loss (train loader labels): 1.0489, Train acc (train loader labels): 0.4493, Best val acc: 0.5120, Current val acc: 0.4670, Val Loss: 1.0399
=====> Saving current model and best model
balance: False
selecting samples for epoch 77, ratio 0.1
=====> Saving current model and best model
balance: False
selecting samples for epoch 78, ratio 0.1
=====> Saving current model and best model
balance: False
selecting samples for epoch 79, ratio 0.1
=====> Saving current model and best model
balance: False
selecting samples for epoch 80, ratio 0.1
=====> Saving current model and best model
balance: False
selecting samples for epoch 81, ratio 0.1
=====> Saving current model and best model
balance: False
selecting samples for epoch 82, ratio 0.1
=====> Saving current model and best model
balance: False
selecting samples for epoch 83, ratio 0.1
=====> Saving current model and best model
balance: False
selecting samples for epoch 84, ratio 0.1
=====> Saving current model and best model
balance: False
selecting samples for epoch 85, ratio 0.1
=====> Saving current model and best model
balance: False
selecting samples for epoch 86, ratio 0.1
=====> Saving current model and best model
balance: False
selecting samples for epoch 87, ratio 0.1
=====> Saving current model and best model
balance: False
selecting samples for epoch 88, ratio 0.1
=====> Saving current model and best model
balance: False
selecting samples for epoch 89, ratio 0.1
=====> Saving current model and best model
balance: False
selecting samples for epoch 90, ratio 0.1
=====> Saving current model and best model
balance: False
selecting samples for epoch 91, ratio 0.1
=====> Epoch: 91/300, Total_step: 4277, lr: 0.001000, Total Time: 2583.2196 s, Time this epoch: 16.8178 s
=====> Epoch: 91/300, Train Loss (train loader labels): 1.0381, Train acc (train loader labels): 0.4587, Best val acc: 0.5120, Current val acc: 0.4730, Val Loss: 1.0377
=====> Saving current model and best model
balance: False
selecting samples for epoch 92, ratio 0.1
=====> Saving current model and best model
balance: False
selecting samples for epoch 93, ratio 0.1
=====> Saving current model and best model
balance: False
selecting samples for epoch 94, ratio 0.1
=====> Saving current model and best model
balance: False
selecting samples for epoch 95, ratio 0.1
=====> Saving current model and best model
balance: False
selecting samples for epoch 96, ratio 0.1
=====> Saving current model and best model
balance: False
selecting samples for epoch 97, ratio 0.1
=====> Saving current model and best model
balance: False
selecting samples for epoch 98, ratio 0.1
=====> Saving current model and best model
balance: False
selecting samples for epoch 99, ratio 0.1
=====> Saving current model and best model
balance: False
selecting samples for epoch 100, ratio 0.1
=====> Saving current model and best model
balance: False
selecting samples for epoch 101, ratio 0.1
=====> Saving current model and best model
balance: False
selecting samples for epoch 102, ratio 0.1
=====> Saving current model and best model
balance: False
selecting samples for epoch 103, ratio 0.1
=====> Saving current model and best model
balance: False
selecting samples for epoch 104, ratio 0.1
=====> Saving current model and best model
balance: False
selecting samples for epoch 105, ratio 0.1
=====> Saving current model and best model
balance: False
selecting samples for epoch 106, ratio 0.1
=====> Epoch: 106/300, Total_step: 4982, lr: 0.001000, Total Time: 2857.7998 s, Time this epoch: 16.8406 s
=====> Epoch: 106/300, Train Loss (train loader labels): 1.0202, Train acc (train loader labels): 0.4798, Best val acc: 0.5120, Current val acc: 0.5073, Val Loss: 1.0074
=====> Saving current model and best model
balance: False
selecting samples for epoch 107, ratio 0.1
=====> Saving current model and best model
balance: False
selecting samples for epoch 108, ratio 0.1
=====> Saving current model and best model
balance: False
selecting samples for epoch 109, ratio 0.1
=====> Saving current model and best model
balance: False
selecting samples for epoch 110, ratio 0.1
=====> Saving current model and best model
balance: False
selecting samples for epoch 111, ratio 0.1
=====> Saving current model and best model
balance: False
selecting samples for epoch 112, ratio 0.1
=====> Saving current model and best model
balance: False
selecting samples for epoch 113, ratio 0.1
=====> Saving current model and best model
balance: False
selecting samples for epoch 114, ratio 0.1
=====> Saving current model and best model
balance: False
selecting samples for epoch 115, ratio 0.1
=====> Saving current model and best model
balance: False
selecting samples for epoch 116, ratio 0.1
=====> Saving current model and best model
balance: False
selecting samples for epoch 117, ratio 0.1
=====> Saving current model and best model
balance: False
selecting samples for epoch 118, ratio 0.1
=====> Saving current model and best model
balance: False
selecting samples for epoch 119, ratio 0.1
=====> Saving current model and best model
balance: False
selecting samples for epoch 120, ratio 0.1
=====> Saving current model and best model
balance: False
selecting samples for epoch 121, ratio 0.1
=====> Epoch: 121/300, Total_step: 5687, lr: 0.001000, Total Time: 3131.5355 s, Time this epoch: 16.6858 s
=====> Epoch: 121/300, Train Loss (train loader labels): 1.0271, Train acc (train loader labels): 0.4669, Best val acc: 0.5120, Current val acc: 0.4823, Val Loss: 1.0234
=====> Saving current model and best model
balance: False
selecting samples for epoch 122, ratio 0.1
=====> Saving current model and best model
balance: False
selecting samples for epoch 123, ratio 0.1
=====> Saving current model and best model
balance: False
selecting samples for epoch 124, ratio 0.1
=====> Saving current model and best model
balance: False
selecting samples for epoch 125, ratio 0.1
=====> Saving current model and best model
balance: False
selecting samples for epoch 126, ratio 0.1
=====> Saving current model and best model
balance: False
selecting samples for epoch 127, ratio 0.1
=====> Saving current model and best model
balance: False
selecting samples for epoch 128, ratio 0.1
=====> Saving current model and best model
balance: False
selecting samples for epoch 129, ratio 0.1
=====> Saving current model and best model
balance: False
selecting samples for epoch 130, ratio 0.1
=====> Saving current model and best model
balance: False
selecting samples for epoch 131, ratio 0.1
=====> Saving current model and best model
balance: False
selecting samples for epoch 132, ratio 0.1
=====> Saving current model and best model
balance: False
selecting samples for epoch 133, ratio 0.1
=====> Saving current model and best model
balance: False
selecting samples for epoch 134, ratio 0.1
=====> Saving current model and best model
balance: False
selecting samples for epoch 135, ratio 0.1
=====> Saving current model and best model
balance: False
selecting samples for epoch 136, ratio 0.1
=====> Epoch: 136/300, Total_step: 6392, lr: 0.001000, Total Time: 3406.8734 s, Time this epoch: 16.8704 s
=====> Epoch: 136/300, Train Loss (train loader labels): 1.0298, Train acc (train loader labels): 0.4749, Best val acc: 0.5120, Current val acc: 0.5090, Val Loss: 1.0182
=====> Saving current model and best model
balance: False
selecting samples for epoch 137, ratio 0.1
=====> Saving current model and best model
balance: False
selecting samples for epoch 138, ratio 0.1
=====> Saving current model and best model
balance: False
selecting samples for epoch 139, ratio 0.1
=====> Saving current model and best model
balance: False
selecting samples for epoch 140, ratio 0.1
=====> Saving current model and best model
balance: False
selecting samples for epoch 141, ratio 0.1
=====> Saving current model and best model
balance: False
selecting samples for epoch 142, ratio 0.1
=====> Saving current model and best model
balance: False
selecting samples for epoch 143, ratio 0.1
=====> Saving current model and best model
balance: False
selecting samples for epoch 144, ratio 0.1
=====> Saving current model and best model
balance: False
selecting samples for epoch 145, ratio 0.1
=====> Saving current model and best model
balance: False
selecting samples for epoch 146, ratio 0.1
=====> Saving current model and best model
balance: False
selecting samples for epoch 147, ratio 0.1
=====> Saving current model and best model
balance: False
selecting samples for epoch 148, ratio 0.1
=====> Saving current model and best model
balance: False
selecting samples for epoch 149, ratio 0.1
=====> Saving current model and best model
balance: False
selecting samples for epoch 150, ratio 0.1
=====> Saving current model and best model
balance: False
selecting samples for epoch 151, ratio 0.1
=====> Epoch: 151/300, Total_step: 7097, lr: 0.001000, Total Time: 3684.1857 s, Time this epoch: 16.8046 s
=====> Epoch: 151/300, Train Loss (train loader labels): 1.0284, Train acc (train loader labels): 0.4525, Best val acc: 0.5120, Current val acc: 0.4563, Val Loss: 1.0324
=====> Saving current model and best model
balance: False
selecting samples for epoch 152, ratio 0.1
=====> Saving current model and best model
balance: False
selecting samples for epoch 153, ratio 0.1
=====> Saving current model and best model
balance: False
selecting samples for epoch 154, ratio 0.1
=====> Saving current model and best model
balance: False
selecting samples for epoch 155, ratio 0.1
=====> Saving current model and best model
balance: False
selecting samples for epoch 156, ratio 0.1
=====> Saving current model and best model
balance: False
selecting samples for epoch 157, ratio 0.1
=====> Saving current model and best model
balance: False
selecting samples for epoch 158, ratio 0.1
=====> Saving current model and best model
balance: False
selecting samples for epoch 159, ratio 0.1
=====> Saving current model and best model
balance: False
selecting samples for epoch 160, ratio 0.1
=====> Saving current model and best model
balance: False
selecting samples for epoch 161, ratio 0.1
=====> Saving current model and best model
balance: False
selecting samples for epoch 162, ratio 0.1
=====> Saving current model and best model
balance: False
selecting samples for epoch 163, ratio 0.1
=====> Saving current model and best model
balance: False
selecting samples for epoch 164, ratio 0.1
=====> Saving current model and best model
balance: False
selecting samples for epoch 165, ratio 0.1
=====> Saving current model and best model
balance: False
selecting samples for epoch 166, ratio 0.1
=====> Epoch: 166/300, Total_step: 7802, lr: 0.001000, Total Time: 3962.3989 s, Time this epoch: 16.9832 s
=====> Epoch: 166/300, Train Loss (train loader labels): 1.0220, Train acc (train loader labels): 0.4716, Best val acc: 0.5120, Current val acc: 0.4887, Val Loss: 1.0159
=====> Saving current model and best model
balance: False
selecting samples for epoch 167, ratio 0.1
=====> Saving current model and best model
balance: False
selecting samples for epoch 168, ratio 0.1
=====> Saving current model and best model
balance: False
selecting samples for epoch 169, ratio 0.1
=====> Saving current model and best model
balance: False
selecting samples for epoch 170, ratio 0.1
=====> Saving current model and best model
balance: False
selecting samples for epoch 171, ratio 0.1
=====> Saving current model and best model
balance: False
selecting samples for epoch 172, ratio 0.1
=====> Saving current model and best model
balance: False
selecting samples for epoch 173, ratio 0.1
=====> Saving current model and best model
balance: False
selecting samples for epoch 174, ratio 0.1
=====> Saving current model and best model
balance: False
selecting samples for epoch 175, ratio 0.1
=====> Saving current model and best model
balance: False
selecting samples for epoch 176, ratio 0.1
=====> Saving current model and best model
balance: False
selecting samples for epoch 177, ratio 0.1
=====> Saving current model and best model
balance: False
selecting samples for epoch 178, ratio 0.1
=====> Saving current model and best model
balance: False
selecting samples for epoch 179, ratio 0.1
=====> Saving current model and best model
balance: False
selecting samples for epoch 180, ratio 0.1
=====> Saving current model and best model
balance: False
selecting samples for epoch 181, ratio 0.1
=====> Epoch: 181/300, Total_step: 8507, lr: 0.001000, Total Time: 4241.8955 s, Time this epoch: 16.8785 s
=====> Epoch: 181/300, Train Loss (train loader labels): 1.0197, Train acc (train loader labels): 0.4881, Best val acc: 0.5120, Current val acc: 0.5010, Val Loss: 1.0129
=====> Saving current model and best model
balance: False
selecting samples for epoch 182, ratio 0.1
=====> Saving current model and best model
balance: False
selecting samples for epoch 183, ratio 0.1
=====> Saving current model and best model
balance: False
selecting samples for epoch 184, ratio 0.1
=====> Saving current model and best model
balance: False
selecting samples for epoch 185, ratio 0.1
=====> Saving current model and best model
balance: False
selecting samples for epoch 186, ratio 0.1
=====> Saving current model and best model
balance: False
selecting samples for epoch 187, ratio 0.1
=====> Saving current model and best model
balance: False
selecting samples for epoch 188, ratio 0.1
=====> Saving current model and best model
balance: False
selecting samples for epoch 189, ratio 0.1
=====> Saving current model and best model
balance: False
selecting samples for epoch 190, ratio 0.1
=====> Saving current model and best model
balance: False
selecting samples for epoch 191, ratio 0.1
=====> Saving current model and best model
balance: False
selecting samples for epoch 192, ratio 0.1
=====> Saving current model and best model
balance: False
selecting samples for epoch 193, ratio 0.1
=====> Saving current model and best model
balance: False
selecting samples for epoch 194, ratio 0.1
=====> Saving current model and best model
balance: False
selecting samples for epoch 195, ratio 0.1
=====> Saving current model and best model
balance: False
selecting samples for epoch 196, ratio 0.1
=====> Epoch: 196/300, Total_step: 9212, lr: 0.001000, Total Time: 4519.4795 s, Time this epoch: 16.8985 s
=====> Epoch: 196/300, Train Loss (train loader labels): 1.0122, Train acc (train loader labels): 0.4840, Best val acc: 0.5120, Current val acc: 0.4967, Val Loss: 1.0074
=====> Saving current model and best model
balance: False
selecting samples for epoch 197, ratio 0.1
=====> Saving current model and best model
balance: False
selecting samples for epoch 198, ratio 0.1
=====> Saving current model and best model
balance: False
selecting samples for epoch 199, ratio 0.1
=====> Saving current model and best model
balance: False
selecting samples for epoch 200, ratio 0.1
=====> Saving current model and best model
balance: False
selecting samples for epoch 201, ratio 0.1
=====> Saving current model and best model
balance: False
selecting samples for epoch 202, ratio 0.1
=====> Saving current model and best model
balance: False
selecting samples for epoch 203, ratio 0.1
=====> Saving current model and best model
balance: False
selecting samples for epoch 204, ratio 0.1
=====> Saving current model and best model
balance: False
selecting samples for epoch 205, ratio 0.1
=====> Saving current model and best model
balance: False
selecting samples for epoch 206, ratio 0.1
=====> Saving current model and best model
balance: False
selecting samples for epoch 207, ratio 0.1
=====> Saving current model and best model
balance: False
selecting samples for epoch 208, ratio 0.1
=====> Saving current model and best model
balance: False
selecting samples for epoch 209, ratio 0.1
=====> Saving current model and best model
balance: False
selecting samples for epoch 210, ratio 0.1
=====> Saving current model and best model
balance: False
selecting samples for epoch 211, ratio 0.1
=====> Epoch: 211/300, Total_step: 9917, lr: 0.001000, Total Time: 4797.0895 s, Time this epoch: 16.8456 s
=====> Epoch: 211/300, Train Loss (train loader labels): 1.0100, Train acc (train loader labels): 0.4811, Best val acc: 0.5120, Current val acc: 0.4907, Val Loss: 1.0092
=====> Saving current model and best model
balance: False
selecting samples for epoch 212, ratio 0.1
=====> Saving current model and best model
balance: False
selecting samples for epoch 213, ratio 0.1
=====> Saving current model and best model
balance: False
selecting samples for epoch 214, ratio 0.1
=====> Saving current model and best model
balance: False
selecting samples for epoch 215, ratio 0.1
=====> Saving current model and best model
balance: False
selecting samples for epoch 216, ratio 0.1
=====> Saving current model and best model
balance: False
selecting samples for epoch 217, ratio 0.1
=====> Saving current model and best model
balance: False
selecting samples for epoch 218, ratio 0.1
=====> Saving current model and best model
balance: False
selecting samples for epoch 219, ratio 0.1
=====> Saving current model and best model
balance: False
selecting samples for epoch 220, ratio 0.1
=====> Saving current model and best model
balance: False
selecting samples for epoch 221, ratio 0.1
=====> Saving current model and best model
balance: False
selecting samples for epoch 222, ratio 0.1
=====> Saving current model and best model
balance: False
selecting samples for epoch 223, ratio 0.1
=====> Saving current model and best model
balance: False
selecting samples for epoch 224, ratio 0.1
=====> Saving current model and best model
balance: False
selecting samples for epoch 225, ratio 0.1
=====> Saving current model and best model
balance: False
selecting samples for epoch 226, ratio 0.1
=====> Epoch: 226/300, Total_step: 10622, lr: 0.001000, Total Time: 5074.9933 s, Time this epoch: 16.8283 s
=====> Epoch: 226/300, Train Loss (train loader labels): 1.0219, Train acc (train loader labels): 0.4704, Best val acc: 0.5120, Current val acc: 0.4880, Val Loss: 1.0161
=====> Saving current model and best model
balance: False
selecting samples for epoch 227, ratio 0.1
=====> Saving current model and best model
balance: False
selecting samples for epoch 228, ratio 0.1
=====> Saving current model and best model
balance: False
selecting samples for epoch 229, ratio 0.1
=====> Saving current model and best model
balance: False
selecting samples for epoch 230, ratio 0.1
=====> Saving current model and best model
balance: False
selecting samples for epoch 231, ratio 0.1
=====> Saving current model and best model
balance: False
selecting samples for epoch 232, ratio 0.1
=====> Saving current model and best model
balance: False
selecting samples for epoch 233, ratio 0.1
=====> Saving current model and best model
balance: False
selecting samples for epoch 234, ratio 0.1
=====> Saving current model and best model
balance: False
selecting samples for epoch 235, ratio 0.1
=====> Saving current model and best model
balance: False
selecting samples for epoch 236, ratio 0.1
=====> Saving current model and best model
balance: False
selecting samples for epoch 237, ratio 0.1
=====> Saving current model and best model
balance: False
selecting samples for epoch 238, ratio 0.1
=====> Saving current model and best model
balance: False
selecting samples for epoch 239, ratio 0.1
=====> Saving current model and best model
balance: False
selecting samples for epoch 240, ratio 0.1
=====> Saving current model and best model
balance: False
selecting samples for epoch 241, ratio 0.1
=====> Epoch: 241/300, Total_step: 11327, lr: 0.001000, Total Time: 5351.8162 s, Time this epoch: 16.8103 s
=====> Epoch: 241/300, Train Loss (train loader labels): 1.0227, Train acc (train loader labels): 0.4683, Best val acc: 0.5120, Current val acc: 0.4940, Val Loss: 1.0128
=====> Saving current model and best model
balance: False
selecting samples for epoch 242, ratio 0.1
=====> Saving current model and best model
balance: False
selecting samples for epoch 243, ratio 0.1
=====> Saving current model and best model
balance: False
selecting samples for epoch 244, ratio 0.1
=====> Saving current model and best model
balance: False
selecting samples for epoch 245, ratio 0.1
=====> Saving current model and best model
balance: False
selecting samples for epoch 246, ratio 0.1
=====> Saving current model and best model
balance: False
selecting samples for epoch 247, ratio 0.1
=====> Saving current model and best model
balance: False
selecting samples for epoch 248, ratio 0.1
=====> Saving current model and best model
balance: False
selecting samples for epoch 249, ratio 0.1
=====> Saving current model and best model
balance: False
selecting samples for epoch 250, ratio 0.1
=====> Saving current model and best model
balance: False
selecting samples for epoch 251, ratio 0.1
=====> Saving current model and best model
balance: False
selecting samples for epoch 252, ratio 0.1
=====> Saving current model and best model
balance: False
selecting samples for epoch 253, ratio 0.1
=====> Saving current model and best model
balance: False
selecting samples for epoch 254, ratio 0.1
=====> Saving current model and best model
balance: False
selecting samples for epoch 255, ratio 0.1
=====> Saving current model and best model
balance: False
selecting samples for epoch 256, ratio 0.1
=====> Epoch: 256/300, Total_step: 12032, lr: 0.001000, Total Time: 5629.2738 s, Time this epoch: 16.9340 s
=====> Epoch: 256/300, Train Loss (train loader labels): 1.0073, Train acc (train loader labels): 0.4977, Best val acc: 0.5120, Current val acc: 0.5110, Val Loss: 0.9943
=====> Saving current model and best model
balance: False
selecting samples for epoch 257, ratio 0.1
=====> Saving current model and best model
balance: False
selecting samples for epoch 258, ratio 0.1
=====> Saving current model and best model
balance: False
selecting samples for epoch 259, ratio 0.1
=====> Saving current model and best model
balance: False
selecting samples for epoch 260, ratio 0.1
=====> Saving current model and best model
balance: False
selecting samples for epoch 261, ratio 0.1
=====> Saving current model and best model
balance: False
selecting samples for epoch 262, ratio 0.1
=====> Saving current model and best model
balance: False
selecting samples for epoch 263, ratio 0.1
=====> Saving current model and best model
balance: False
selecting samples for epoch 264, ratio 0.1
=====> Saving current model and best model
balance: False
selecting samples for epoch 265, ratio 0.1
=====> Saving current model and best model
balance: False
selecting samples for epoch 266, ratio 0.1
=====> Saving current model and best model
balance: False
selecting samples for epoch 267, ratio 0.1
=====> Saving current model and best model
balance: False
selecting samples for epoch 268, ratio 0.1
=====> Saving current model and best model
balance: False
selecting samples for epoch 269, ratio 0.1
=====> Saving current model and best model
balance: False
selecting samples for epoch 270, ratio 0.1
=====> Saving current model and best model
balance: False
selecting samples for epoch 271, ratio 0.1
=====> Epoch: 271/300, Total_step: 12737, lr: 0.001000, Total Time: 5904.8203 s, Time this epoch: 16.7936 s
=====> Epoch: 271/300, Train Loss (train loader labels): 1.0103, Train acc (train loader labels): 0.4839, Best val acc: 0.5120, Current val acc: 0.4960, Val Loss: 1.0041
=====> Saving current model and best model
balance: False
selecting samples for epoch 272, ratio 0.1
=====> Saving current model and best model
balance: False
selecting samples for epoch 273, ratio 0.1
=====> Saving current model and best model
balance: False
selecting samples for epoch 274, ratio 0.1
=====> Saving current model and best model
balance: False
selecting samples for epoch 275, ratio 0.1
=====> Saving current model and best model
balance: False
selecting samples for epoch 276, ratio 0.1
=====> Saving current model and best model
balance: False
selecting samples for epoch 277, ratio 0.1
=====> Saving current model and best model
balance: False
selecting samples for epoch 278, ratio 0.1
=====> Saving current model and best model
balance: False
selecting samples for epoch 279, ratio 0.1
=====> Saving current model and best model
balance: False
selecting samples for epoch 280, ratio 0.1
=====> Saving current model and best model
balance: False
selecting samples for epoch 281, ratio 0.1
=====> Saving current model and best model
balance: False
selecting samples for epoch 282, ratio 0.1
=====> Saving current model and best model
balance: False
selecting samples for epoch 283, ratio 0.1
=====> Saving current model and best model
balance: False
selecting samples for epoch 284, ratio 0.1
=====> Saving current model and best model
balance: False
selecting samples for epoch 285, ratio 0.1
=====> Saving current model and best model
balance: False
selecting samples for epoch 286, ratio 0.1
=====> Epoch: 286/300, Total_step: 13442, lr: 0.001000, Total Time: 6179.6702 s, Time this epoch: 16.7268 s
=====> Epoch: 286/300, Train Loss (train loader labels): 1.0130, Train acc (train loader labels): 0.4944, Best val acc: 0.5120, Current val acc: 0.5110, Val Loss: 1.0060
=====> Saving current model and best model
balance: False
selecting samples for epoch 287, ratio 0.1
=====> Saving current model and best model
balance: False
selecting samples for epoch 288, ratio 0.1
=====> Saving current model and best model
balance: False
selecting samples for epoch 289, ratio 0.1
=====> Saving current model and best model
balance: False
selecting samples for epoch 290, ratio 0.1
=====> Saving current model and best model
balance: False
selecting samples for epoch 291, ratio 0.1
=====> Saving current model and best model
balance: False
selecting samples for epoch 292, ratio 0.1
=====> Saving current model and best model
balance: False
selecting samples for epoch 293, ratio 0.1
=====> Saving current model and best model
balance: False
selecting samples for epoch 294, ratio 0.1
=====> Saving current model and best model
balance: False
selecting samples for epoch 295, ratio 0.1
=====> Saving current model and best model
balance: False
selecting samples for epoch 296, ratio 0.1
=====> Saving current model and best model
balance: False
selecting samples for epoch 297, ratio 0.1
=====> Saving current model and best model
balance: False
selecting samples for epoch 298, ratio 0.1
=====> Saving current model and best model
balance: False
selecting samples for epoch 299, ratio 0.1
=====> Saving current model and best model
balance: False
selecting samples for epoch 300, ratio 0.1
=====> Epoch: 300/300, Total_step: 14100, lr: 0.001000, Total Time: 6437.7839 s, Time this epoch: 16.8265 s
=====> Epoch: 300/300, Train Loss (train loader labels): 1.0192, Train acc (train loader labels): 0.4918, Best val acc: 0.5120, Current val acc: 0.4970, Val Loss: 1.0155
=====> Saving current model and best model
Saved helper snapshots to /home/mward19/Documents/miller/Online-Batch-Selection/snapshots/CIFAR3/{"bsel":"DivBS","seed":3,"model":"DeepLinear","opt":"adamw","bs":320,"ratio":0.1,"lr":0.001,"wd":0.01,"layers":5,"hidden_dim":1000}.p
Saved selected points array to /home/mward19/Documents/miller/Online-Batch-Selection/selected_points/CIFAR3/{"bsel":"DivBS","seed":3,"model":"DeepLinear","opt":"adamw","bs":320,"ratio":0.1,"lr":0.001,"wd":0.01,"layers":5,"hidden_dim":1000}.npy
========================= End Main =========================
