save_dir: ./exp/MNIST/Uniform_deeplinear_bs320_ep300_lr0.001_AdamW_constant_seed3_r0.1_5_hidden
=====> Loading config files: 
configs/mnist/method/uniform-0.1.yaml
configs/mnist/data/mnist.yaml
configs/mnist/model/deep_linear_saxe/deep_linear_5.yaml
configs/mnist/optim/adamw-320-0.001-0.01.yaml
configs/diagnostics/snapshots_log_interval.yaml
=====> Config files loaded.
========================= Start Main =========================
=====> Saving config file
=====> Config file saved
=====> Using fixed random seed: 3
=====> Wandb initialized
=====> Number of GPUs: 1
Creating Uniform...
Begin training for Uniform...
=====> Epoch: 0/300, Total_step: 0, lr: 0.001000, Total Time: 0.0000 s, Time this epoch: 0.0000 s
=====> Epoch: 0/300, Train Loss (train loader labels): 2.3032, Train acc (train loader labels): 0.0944, Best val acc: 0.0843, Current val acc: 0.0843, Val Loss: 2.3043
selecting samples for epoch 1
balance: False
ratio: 0.1
=====> Epoch: 1/300, Total_step: 1, lr: 0.001000, Total Time: 0.0000 s, Time this epoch: 0.0000 s
=====> Epoch: 1/300, Train Loss (train loader labels): 2.3046, Train acc (train loader labels): 0.2146, Best val acc: 0.2332, Current val acc: 0.2332, Val Loss: 2.2767
=====> Epoch: 1/300, Total_step: 48, lr: 0.001000, Total Time: 0.0000 s, Time this epoch: 0.0000 s
=====> Epoch: 1/300, Train Loss (train loader labels): 1.9552, Train acc (train loader labels): 0.3709, Best val acc: 0.5066, Current val acc: 0.5066, Val Loss: 1.4628
=====> Epoch: 1/300, Total_step: 95, lr: 0.001000, Total Time: 0.0000 s, Time this epoch: 0.0000 s
=====> Epoch: 1/300, Train Loss (train loader labels): 1.9608, Train acc (train loader labels): 0.3203, Best val acc: 0.5066, Current val acc: 0.4536, Val Loss: 1.5657
=====> Epoch: 1/300, Total_step: 142, lr: 0.001000, Total Time: 0.0000 s, Time this epoch: 0.0000 s
=====> Epoch: 1/300, Train Loss (train loader labels): 1.8764, Train acc (train loader labels): 0.3682, Best val acc: 0.5066, Current val acc: 0.4221, Val Loss: 1.6184
=====> Saving current model and best model
selecting samples for epoch 2
balance: False
ratio: 0.1
=====> Epoch: 2/300, Total_step: 189, lr: 0.001000, Total Time: 327.3985 s, Time this epoch: 271.8657 s
=====> Epoch: 2/300, Train Loss (train loader labels): 2.0679, Train acc (train loader labels): 0.3212, Best val acc: 0.5066, Current val acc: 0.3849, Val Loss: 1.7404
=====> Epoch: 2/300, Total_step: 236, lr: 0.001000, Total Time: 327.3985 s, Time this epoch: 271.8657 s
=====> Epoch: 2/300, Train Loss (train loader labels): 1.8878, Train acc (train loader labels): 0.3445, Best val acc: 0.5066, Current val acc: 0.4485, Val Loss: 1.6227
=====> Epoch: 2/300, Total_step: 283, lr: 0.001000, Total Time: 327.3985 s, Time this epoch: 271.8657 s
=====> Epoch: 2/300, Train Loss (train loader labels): 1.7965, Train acc (train loader labels): 0.4035, Best val acc: 0.5575, Current val acc: 0.5575, Val Loss: 1.4253
=====> Epoch: 2/300, Total_step: 330, lr: 0.001000, Total Time: 327.3985 s, Time this epoch: 271.8657 s
=====> Epoch: 2/300, Train Loss (train loader labels): 1.8346, Train acc (train loader labels): 0.4074, Best val acc: 0.5595, Current val acc: 0.5595, Val Loss: 1.3401
=====> Saving current model and best model
selecting samples for epoch 3
balance: False
ratio: 0.1
=====> Epoch: 3/300, Total_step: 377, lr: 0.001000, Total Time: 599.5070 s, Time this epoch: 271.7637 s
=====> Epoch: 3/300, Train Loss (train loader labels): 1.8206, Train acc (train loader labels): 0.3645, Best val acc: 0.5595, Current val acc: 0.4144, Val Loss: 1.6142
=====> Epoch: 3/300, Total_step: 424, lr: 0.001000, Total Time: 599.5070 s, Time this epoch: 271.7637 s
=====> Epoch: 3/300, Train Loss (train loader labels): 1.7662, Train acc (train loader labels): 0.4061, Best val acc: 0.5595, Current val acc: 0.4860, Val Loss: 1.4744
=====> Epoch: 3/300, Total_step: 471, lr: 0.001000, Total Time: 599.5070 s, Time this epoch: 271.7637 s
=====> Epoch: 3/300, Train Loss (train loader labels): 1.7162, Train acc (train loader labels): 0.4159, Best val acc: 0.5595, Current val acc: 0.5109, Val Loss: 1.4830
=====> Epoch: 3/300, Total_step: 518, lr: 0.001000, Total Time: 599.5070 s, Time this epoch: 271.7637 s
=====> Epoch: 3/300, Train Loss (train loader labels): 1.7516, Train acc (train loader labels): 0.3987, Best val acc: 0.5595, Current val acc: 0.4300, Val Loss: 1.5069
=====> Saving current model and best model
selecting samples for epoch 4
balance: False
ratio: 0.1
=====> Epoch: 4/300, Total_step: 565, lr: 0.001000, Total Time: 871.9157 s, Time this epoch: 272.1667 s
=====> Epoch: 4/300, Train Loss (train loader labels): 1.7995, Train acc (train loader labels): 0.3717, Best val acc: 0.5595, Current val acc: 0.4611, Val Loss: 1.5010
=====> Epoch: 4/300, Total_step: 612, lr: 0.001000, Total Time: 871.9157 s, Time this epoch: 272.1667 s
=====> Epoch: 4/300, Train Loss (train loader labels): 1.7609, Train acc (train loader labels): 0.4169, Best val acc: 0.5595, Current val acc: 0.5553, Val Loss: 1.4029
=====> Epoch: 4/300, Total_step: 659, lr: 0.001000, Total Time: 871.9157 s, Time this epoch: 272.1667 s
=====> Epoch: 4/300, Train Loss (train loader labels): 1.7549, Train acc (train loader labels): 0.3908, Best val acc: 0.5595, Current val acc: 0.5057, Val Loss: 1.4548
=====> Epoch: 4/300, Total_step: 706, lr: 0.001000, Total Time: 871.9157 s, Time this epoch: 272.1667 s
=====> Epoch: 4/300, Train Loss (train loader labels): 1.8436, Train acc (train loader labels): 0.3711, Best val acc: 0.5595, Current val acc: 0.4207, Val Loss: 1.6097
=====> Saving current model and best model
selecting samples for epoch 5
balance: False
ratio: 0.1
=====> Epoch: 5/300, Total_step: 753, lr: 0.001000, Total Time: 1145.9594 s, Time this epoch: 273.8195 s
=====> Epoch: 5/300, Train Loss (train loader labels): 1.8224, Train acc (train loader labels): 0.4098, Best val acc: 0.5595, Current val acc: 0.4535, Val Loss: 1.5565
=====> Epoch: 5/300, Total_step: 800, lr: 0.001000, Total Time: 1145.9594 s, Time this epoch: 273.8195 s
=====> Epoch: 5/300, Train Loss (train loader labels): 1.7628, Train acc (train loader labels): 0.4079, Best val acc: 0.5595, Current val acc: 0.5517, Val Loss: 1.4171
=====> Epoch: 5/300, Total_step: 847, lr: 0.001000, Total Time: 1145.9594 s, Time this epoch: 273.8195 s
=====> Epoch: 5/300, Train Loss (train loader labels): 1.8066, Train acc (train loader labels): 0.3791, Best val acc: 0.5595, Current val acc: 0.4765, Val Loss: 1.5409
=====> Epoch: 5/300, Total_step: 894, lr: 0.001000, Total Time: 1145.9594 s, Time this epoch: 273.8195 s
=====> Epoch: 5/300, Train Loss (train loader labels): 1.8127, Train acc (train loader labels): 0.3877, Best val acc: 0.5595, Current val acc: 0.4642, Val Loss: 1.4963
=====> Saving current model and best model
selecting samples for epoch 6
balance: False
ratio: 0.1
=====> Epoch: 6/300, Total_step: 1128, lr: 0.001000, Total Time: 1418.2262 s, Time this epoch: 272.0517 s
=====> Epoch: 6/300, Train Loss (train loader labels): 1.7373, Train acc (train loader labels): 0.4216, Best val acc: 0.5595, Current val acc: 0.5451, Val Loss: 1.3624
=====> Saving current model and best model
selecting samples for epoch 7
balance: False
ratio: 0.1
=====> Epoch: 7/300, Total_step: 1316, lr: 0.001000, Total Time: 1524.6882 s, Time this epoch: 106.2538 s
=====> Epoch: 7/300, Train Loss (train loader labels): 1.7446, Train acc (train loader labels): 0.4111, Best val acc: 0.5595, Current val acc: 0.4780, Val Loss: 1.4755
=====> Saving current model and best model
selecting samples for epoch 8
balance: False
ratio: 0.1
=====> Epoch: 8/300, Total_step: 1504, lr: 0.001000, Total Time: 1631.5183 s, Time this epoch: 106.5777 s
=====> Epoch: 8/300, Train Loss (train loader labels): 1.7488, Train acc (train loader labels): 0.4066, Best val acc: 0.5595, Current val acc: 0.4910, Val Loss: 1.3663
=====> Saving current model and best model
selecting samples for epoch 9
balance: False
ratio: 0.1
=====> Epoch: 9/300, Total_step: 1692, lr: 0.001000, Total Time: 1738.7163 s, Time this epoch: 106.8982 s
=====> Epoch: 9/300, Train Loss (train loader labels): 1.8268, Train acc (train loader labels): 0.3885, Best val acc: 0.5595, Current val acc: 0.4689, Val Loss: 1.4871
=====> Saving current model and best model
selecting samples for epoch 10
balance: False
ratio: 0.1
=====> Epoch: 10/300, Total_step: 1880, lr: 0.001000, Total Time: 1845.8074 s, Time this epoch: 106.8799 s
=====> Epoch: 10/300, Train Loss (train loader labels): 1.7172, Train acc (train loader labels): 0.4308, Best val acc: 0.5595, Current val acc: 0.5035, Val Loss: 1.3756
=====> Saving current model and best model
selecting samples for epoch 11
balance: False
ratio: 0.1
=====> Epoch: 11/300, Total_step: 2068, lr: 0.001000, Total Time: 1952.3921 s, Time this epoch: 106.3643 s
=====> Epoch: 11/300, Train Loss (train loader labels): 1.7087, Train acc (train loader labels): 0.4385, Best val acc: 0.5595, Current val acc: 0.5256, Val Loss: 1.3950
=====> Saving current model and best model
selecting samples for epoch 12
balance: False
ratio: 0.1
=====> Epoch: 12/300, Total_step: 2256, lr: 0.001000, Total Time: 2058.8822 s, Time this epoch: 106.2680 s
=====> Epoch: 12/300, Train Loss (train loader labels): 1.6424, Train acc (train loader labels): 0.4640, Best val acc: 0.5930, Current val acc: 0.5930, Val Loss: 1.2367
=====> Saving current model and best model
selecting samples for epoch 13
balance: False
ratio: 0.1
=====> Epoch: 13/300, Total_step: 2444, lr: 0.001000, Total Time: 2165.7867 s, Time this epoch: 106.6802 s
=====> Epoch: 13/300, Train Loss (train loader labels): 1.7617, Train acc (train loader labels): 0.4164, Best val acc: 0.5930, Current val acc: 0.4549, Val Loss: 1.5222
=====> Saving current model and best model
selecting samples for epoch 14
balance: False
ratio: 0.1
=====> Epoch: 14/300, Total_step: 2632, lr: 0.001000, Total Time: 2273.0657 s, Time this epoch: 106.4036 s
=====> Epoch: 14/300, Train Loss (train loader labels): 3.1086, Train acc (train loader labels): 0.3737, Best val acc: 0.5930, Current val acc: 0.5400, Val Loss: 1.5131
=====> Saving current model and best model
selecting samples for epoch 15
balance: False
ratio: 0.1
=====> Epoch: 15/300, Total_step: 2820, lr: 0.001000, Total Time: 2380.3680 s, Time this epoch: 107.0570 s
=====> Epoch: 15/300, Train Loss (train loader labels): 1.9268, Train acc (train loader labels): 0.4242, Best val acc: 0.5930, Current val acc: 0.5404, Val Loss: 1.3324
=====> Saving current model and best model
selecting samples for epoch 16
balance: False
ratio: 0.1
=====> Epoch: 16/300, Total_step: 3008, lr: 0.001000, Total Time: 2487.3822 s, Time this epoch: 106.7952 s
=====> Epoch: 16/300, Train Loss (train loader labels): 1.6981, Train acc (train loader labels): 0.4717, Best val acc: 0.6359, Current val acc: 0.6359, Val Loss: 1.1145
=====> Saving current model and best model
selecting samples for epoch 17
balance: False
ratio: 0.1
=====> Epoch: 17/300, Total_step: 3196, lr: 0.001000, Total Time: 2594.3450 s, Time this epoch: 106.7518 s
=====> Epoch: 17/300, Train Loss (train loader labels): 1.6780, Train acc (train loader labels): 0.4798, Best val acc: 0.6359, Current val acc: 0.5848, Val Loss: 1.2053
=====> Saving current model and best model
selecting samples for epoch 18
balance: False
ratio: 0.1
=====> Epoch: 18/300, Total_step: 3384, lr: 0.001000, Total Time: 2701.9250 s, Time this epoch: 106.9051 s
=====> Epoch: 18/300, Train Loss (train loader labels): 1.6268, Train acc (train loader labels): 0.4731, Best val acc: 0.6359, Current val acc: 0.5456, Val Loss: 1.2745
=====> Saving current model and best model
selecting samples for epoch 19
balance: False
ratio: 0.1
=====> Epoch: 19/300, Total_step: 3572, lr: 0.001000, Total Time: 2809.0403 s, Time this epoch: 106.8632 s
=====> Epoch: 19/300, Train Loss (train loader labels): 1.6139, Train acc (train loader labels): 0.4922, Best val acc: 0.6359, Current val acc: 0.6116, Val Loss: 1.1822
=====> Saving current model and best model
selecting samples for epoch 20
balance: False
ratio: 0.1
=====> Epoch: 20/300, Total_step: 3760, lr: 0.001000, Total Time: 2915.9303 s, Time this epoch: 106.6894 s
=====> Epoch: 20/300, Train Loss (train loader labels): 1.5716, Train acc (train loader labels): 0.5027, Best val acc: 0.6359, Current val acc: 0.6352, Val Loss: 1.1245
=====> Saving current model and best model
selecting samples for epoch 21
balance: False
ratio: 0.1
=====> Epoch: 21/300, Total_step: 3948, lr: 0.001000, Total Time: 3022.7180 s, Time this epoch: 106.5416 s
=====> Epoch: 21/300, Train Loss (train loader labels): 1.5898, Train acc (train loader labels): 0.4843, Best val acc: 0.6359, Current val acc: 0.6174, Val Loss: 1.1659
=====> Saving current model and best model
selecting samples for epoch 22
balance: False
ratio: 0.1
=====> Epoch: 22/300, Total_step: 4136, lr: 0.001000, Total Time: 3129.6352 s, Time this epoch: 106.7057 s
=====> Epoch: 22/300, Train Loss (train loader labels): 1.5640, Train acc (train loader labels): 0.5037, Best val acc: 0.6509, Current val acc: 0.6509, Val Loss: 1.0892
=====> Saving current model and best model
selecting samples for epoch 23
balance: False
ratio: 0.1
=====> Epoch: 23/300, Total_step: 4324, lr: 0.001000, Total Time: 3236.2863 s, Time this epoch: 106.4239 s
=====> Epoch: 23/300, Train Loss (train loader labels): 1.5811, Train acc (train loader labels): 0.5017, Best val acc: 0.6509, Current val acc: 0.5820, Val Loss: 1.1715
=====> Saving current model and best model
selecting samples for epoch 24
balance: False
ratio: 0.1
=====> Epoch: 24/300, Total_step: 4512, lr: 0.001000, Total Time: 3343.0557 s, Time this epoch: 106.3707 s
=====> Epoch: 24/300, Train Loss (train loader labels): 1.5798, Train acc (train loader labels): 0.5033, Best val acc: 0.6509, Current val acc: 0.6421, Val Loss: 1.1854
=====> Saving current model and best model
selecting samples for epoch 25
balance: False
ratio: 0.1
=====> Epoch: 25/300, Total_step: 4700, lr: 0.001000, Total Time: 3449.6881 s, Time this epoch: 106.4547 s
=====> Epoch: 25/300, Train Loss (train loader labels): 1.5545, Train acc (train loader labels): 0.5045, Best val acc: 0.6687, Current val acc: 0.6687, Val Loss: 1.1431
=====> Saving current model and best model
selecting samples for epoch 26
balance: False
ratio: 0.1
=====> Epoch: 26/300, Total_step: 4888, lr: 0.001000, Total Time: 3556.5658 s, Time this epoch: 106.7037 s
=====> Epoch: 26/300, Train Loss (train loader labels): 1.5835, Train acc (train loader labels): 0.4902, Best val acc: 0.6687, Current val acc: 0.6071, Val Loss: 1.2193
=====> Saving current model and best model
selecting samples for epoch 27
balance: False
ratio: 0.1
=====> Saving current model and best model
selecting samples for epoch 28
balance: False
ratio: 0.1
=====> Saving current model and best model
selecting samples for epoch 29
balance: False
ratio: 0.1
=====> Epoch: 29/300, Total_step: 5452, lr: 0.001000, Total Time: 3765.0802 s, Time this epoch: 50.5211 s
=====> Epoch: 29/300, Train Loss (train loader labels): 1.5537, Train acc (train loader labels): 0.5128, Best val acc: 0.6687, Current val acc: 0.6449, Val Loss: 1.1344
=====> Saving current model and best model
selecting samples for epoch 30
balance: False
ratio: 0.1
=====> Saving current model and best model
selecting samples for epoch 31
balance: False
ratio: 0.1
=====> Saving current model and best model
selecting samples for epoch 32
balance: False
ratio: 0.1
=====> Saving current model and best model
selecting samples for epoch 33
balance: False
ratio: 0.1
=====> Epoch: 33/300, Total_step: 6204, lr: 0.001000, Total Time: 4024.9357 s, Time this epoch: 50.7752 s
=====> Epoch: 33/300, Train Loss (train loader labels): 1.5526, Train acc (train loader labels): 0.5037, Best val acc: 0.6756, Current val acc: 0.6756, Val Loss: 1.1320
=====> Saving current model and best model
selecting samples for epoch 34
balance: False
ratio: 0.1
=====> Saving current model and best model
selecting samples for epoch 35
balance: False
ratio: 0.1
=====> Saving current model and best model
selecting samples for epoch 36
balance: False
ratio: 0.1
=====> Saving current model and best model
selecting samples for epoch 37
balance: False
ratio: 0.1
=====> Epoch: 37/300, Total_step: 6956, lr: 0.001000, Total Time: 4284.0956 s, Time this epoch: 50.5711 s
=====> Epoch: 37/300, Train Loss (train loader labels): 1.5847, Train acc (train loader labels): 0.4908, Best val acc: 0.6756, Current val acc: 0.5902, Val Loss: 1.2485
=====> Saving current model and best model
selecting samples for epoch 38
balance: False
ratio: 0.1
=====> Saving current model and best model
selecting samples for epoch 39
balance: False
ratio: 0.1
=====> Saving current model and best model
selecting samples for epoch 40
balance: False
ratio: 0.1
=====> Saving current model and best model
selecting samples for epoch 41
balance: False
ratio: 0.1
=====> Epoch: 41/300, Total_step: 7708, lr: 0.001000, Total Time: 4544.3509 s, Time this epoch: 50.7488 s
=====> Epoch: 41/300, Train Loss (train loader labels): 1.5891, Train acc (train loader labels): 0.4853, Best val acc: 0.6756, Current val acc: 0.6195, Val Loss: 1.1742
=====> Saving current model and best model
selecting samples for epoch 42
balance: False
ratio: 0.1
=====> Saving current model and best model
selecting samples for epoch 43
balance: False
ratio: 0.1
=====> Saving current model and best model
selecting samples for epoch 44
balance: False
ratio: 0.1
=====> Saving current model and best model
selecting samples for epoch 45
balance: False
ratio: 0.1
=====> Epoch: 45/300, Total_step: 8460, lr: 0.001000, Total Time: 4803.8620 s, Time this epoch: 50.7433 s
=====> Epoch: 45/300, Train Loss (train loader labels): 1.5902, Train acc (train loader labels): 0.4818, Best val acc: 0.6756, Current val acc: 0.6145, Val Loss: 1.1978
=====> Saving current model and best model
selecting samples for epoch 46
balance: False
ratio: 0.1
=====> Saving current model and best model
selecting samples for epoch 47
balance: False
ratio: 0.1
=====> Saving current model and best model
selecting samples for epoch 48
balance: False
ratio: 0.1
=====> Saving current model and best model
selecting samples for epoch 49
balance: False
ratio: 0.1
=====> Epoch: 49/300, Total_step: 9212, lr: 0.001000, Total Time: 5063.6626 s, Time this epoch: 50.8772 s
=====> Epoch: 49/300, Train Loss (train loader labels): 1.5858, Train acc (train loader labels): 0.4835, Best val acc: 0.6756, Current val acc: 0.5896, Val Loss: 1.2606
=====> Saving current model and best model
selecting samples for epoch 50
balance: False
ratio: 0.1
=====> Saving current model and best model
selecting samples for epoch 51
balance: False
ratio: 0.1
=====> Saving current model and best model
selecting samples for epoch 52
balance: False
ratio: 0.1
=====> Saving current model and best model
selecting samples for epoch 53
balance: False
ratio: 0.1
=====> Epoch: 53/300, Total_step: 9964, lr: 0.001000, Total Time: 5323.6620 s, Time this epoch: 50.5672 s
=====> Epoch: 53/300, Train Loss (train loader labels): 1.5895, Train acc (train loader labels): 0.4853, Best val acc: 0.6756, Current val acc: 0.6377, Val Loss: 1.2086
=====> Saving current model and best model
selecting samples for epoch 54
balance: False
ratio: 0.1
=====> Saving current model and best model
selecting samples for epoch 55
balance: False
ratio: 0.1
=====> Saving current model and best model
selecting samples for epoch 56
balance: False
ratio: 0.1
=====> Saving current model and best model
selecting samples for epoch 57
balance: False
ratio: 0.1
=====> Epoch: 57/300, Total_step: 10716, lr: 0.001000, Total Time: 5583.1283 s, Time this epoch: 50.5597 s
=====> Epoch: 57/300, Train Loss (train loader labels): 1.6072, Train acc (train loader labels): 0.4875, Best val acc: 0.6756, Current val acc: 0.6435, Val Loss: 1.1351
=====> Saving current model and best model
selecting samples for epoch 58
balance: False
ratio: 0.1
=====> Saving current model and best model
selecting samples for epoch 59
balance: False
ratio: 0.1
=====> Saving current model and best model
selecting samples for epoch 60
balance: False
ratio: 0.1
=====> Saving current model and best model
selecting samples for epoch 61
balance: False
ratio: 0.1
=====> Epoch: 61/300, Total_step: 11468, lr: 0.001000, Total Time: 5842.2169 s, Time this epoch: 50.6059 s
=====> Epoch: 61/300, Train Loss (train loader labels): 1.5611, Train acc (train loader labels): 0.4934, Best val acc: 0.6756, Current val acc: 0.6428, Val Loss: 1.1487
=====> Saving current model and best model
selecting samples for epoch 62
balance: False
ratio: 0.1
=====> Saving current model and best model
selecting samples for epoch 63
balance: False
ratio: 0.1
=====> Saving current model and best model
selecting samples for epoch 64
balance: False
ratio: 0.1
=====> Saving current model and best model
selecting samples for epoch 65
balance: False
ratio: 0.1
=====> Epoch: 65/300, Total_step: 12220, lr: 0.001000, Total Time: 6101.6307 s, Time this epoch: 50.7468 s
=====> Epoch: 65/300, Train Loss (train loader labels): 1.5989, Train acc (train loader labels): 0.4653, Best val acc: 0.6756, Current val acc: 0.5953, Val Loss: 1.2273
=====> Saving current model and best model
selecting samples for epoch 66
balance: False
ratio: 0.1
=====> Saving current model and best model
selecting samples for epoch 67
balance: False
ratio: 0.1
=====> Saving current model and best model
selecting samples for epoch 68
balance: False
ratio: 0.1
=====> Saving current model and best model
selecting samples for epoch 69
balance: False
ratio: 0.1
=====> Saving current model and best model
selecting samples for epoch 70
balance: False
ratio: 0.1
=====> Saving current model and best model
selecting samples for epoch 71
balance: False
ratio: 0.1
=====> Saving current model and best model
selecting samples for epoch 72
balance: False
ratio: 0.1
=====> Saving current model and best model
selecting samples for epoch 73
balance: False
ratio: 0.1
=====> Saving current model and best model
selecting samples for epoch 74
balance: False
ratio: 0.1
=====> Saving current model and best model
selecting samples for epoch 75
balance: False
ratio: 0.1
=====> Saving current model and best model
selecting samples for epoch 76
balance: False
ratio: 0.1
=====> Epoch: 76/300, Total_step: 14288, lr: 0.001000, Total Time: 6717.4636 s, Time this epoch: 50.6185 s
=====> Epoch: 76/300, Train Loss (train loader labels): 1.6297, Train acc (train loader labels): 0.4693, Best val acc: 0.6756, Current val acc: 0.6121, Val Loss: 1.2059
=====> Saving current model and best model
selecting samples for epoch 77
balance: False
ratio: 0.1
=====> Saving current model and best model
selecting samples for epoch 78
balance: False
ratio: 0.1
=====> Saving current model and best model
selecting samples for epoch 79
balance: False
ratio: 0.1
=====> Saving current model and best model
selecting samples for epoch 80
balance: False
ratio: 0.1
=====> Saving current model and best model
selecting samples for epoch 81
balance: False
ratio: 0.1
=====> Saving current model and best model
selecting samples for epoch 82
balance: False
ratio: 0.1
=====> Saving current model and best model
selecting samples for epoch 83
balance: False
ratio: 0.1
=====> Saving current model and best model
selecting samples for epoch 84
balance: False
ratio: 0.1
=====> Saving current model and best model
selecting samples for epoch 85
balance: False
ratio: 0.1
=====> Saving current model and best model
selecting samples for epoch 86
balance: False
ratio: 0.1
=====> Saving current model and best model
selecting samples for epoch 87
balance: False
ratio: 0.1
=====> Saving current model and best model
selecting samples for epoch 88
balance: False
ratio: 0.1
=====> Saving current model and best model
selecting samples for epoch 89
balance: False
ratio: 0.1
=====> Saving current model and best model
selecting samples for epoch 90
balance: False
ratio: 0.1
=====> Saving current model and best model
selecting samples for epoch 91
balance: False
ratio: 0.1
=====> Epoch: 91/300, Total_step: 17108, lr: 0.001000, Total Time: 7537.6220 s, Time this epoch: 50.7303 s
=====> Epoch: 91/300, Train Loss (train loader labels): 1.5598, Train acc (train loader labels): 0.5035, Best val acc: 0.6795, Current val acc: 0.6795, Val Loss: 1.0585
=====> Saving current model and best model
selecting samples for epoch 92
balance: False
ratio: 0.1
=====> Saving current model and best model
selecting samples for epoch 93
balance: False
ratio: 0.1
=====> Saving current model and best model
selecting samples for epoch 94
balance: False
ratio: 0.1
=====> Saving current model and best model
selecting samples for epoch 95
balance: False
ratio: 0.1
=====> Saving current model and best model
selecting samples for epoch 96
balance: False
ratio: 0.1
=====> Saving current model and best model
selecting samples for epoch 97
balance: False
ratio: 0.1
=====> Saving current model and best model
selecting samples for epoch 98
balance: False
ratio: 0.1
=====> Saving current model and best model
selecting samples for epoch 99
balance: False
ratio: 0.1
=====> Saving current model and best model
selecting samples for epoch 100
balance: False
ratio: 0.1
=====> Saving current model and best model
selecting samples for epoch 101
balance: False
ratio: 0.1
=====> Saving current model and best model
selecting samples for epoch 102
balance: False
ratio: 0.1
=====> Saving current model and best model
selecting samples for epoch 103
balance: False
ratio: 0.1
=====> Saving current model and best model
selecting samples for epoch 104
balance: False
ratio: 0.1
=====> Saving current model and best model
selecting samples for epoch 105
balance: False
ratio: 0.1
=====> Saving current model and best model
selecting samples for epoch 106
balance: False
ratio: 0.1
=====> Epoch: 106/300, Total_step: 19928, lr: 0.001000, Total Time: 8357.8633 s, Time this epoch: 50.7182 s
=====> Epoch: 106/300, Train Loss (train loader labels): 1.5705, Train acc (train loader labels): 0.4918, Best val acc: 0.6795, Current val acc: 0.6024, Val Loss: 1.1893
=====> Saving current model and best model
selecting samples for epoch 107
balance: False
ratio: 0.1
=====> Saving current model and best model
selecting samples for epoch 108
balance: False
ratio: 0.1
=====> Saving current model and best model
selecting samples for epoch 109
balance: False
ratio: 0.1
=====> Saving current model and best model
selecting samples for epoch 110
balance: False
ratio: 0.1
=====> Saving current model and best model
selecting samples for epoch 111
balance: False
ratio: 0.1
=====> Saving current model and best model
selecting samples for epoch 112
balance: False
ratio: 0.1
=====> Saving current model and best model
selecting samples for epoch 113
balance: False
ratio: 0.1
=====> Saving current model and best model
selecting samples for epoch 114
balance: False
ratio: 0.1
=====> Saving current model and best model
selecting samples for epoch 115
balance: False
ratio: 0.1
=====> Saving current model and best model
selecting samples for epoch 116
balance: False
ratio: 0.1
=====> Saving current model and best model
selecting samples for epoch 117
balance: False
ratio: 0.1
=====> Saving current model and best model
selecting samples for epoch 118
balance: False
ratio: 0.1
=====> Saving current model and best model
selecting samples for epoch 119
balance: False
ratio: 0.1
=====> Saving current model and best model
selecting samples for epoch 120
balance: False
ratio: 0.1
=====> Saving current model and best model
selecting samples for epoch 121
balance: False
ratio: 0.1
=====> Epoch: 121/300, Total_step: 22748, lr: 0.001000, Total Time: 9177.2840 s, Time this epoch: 50.7428 s
=====> Epoch: 121/300, Train Loss (train loader labels): 1.6509, Train acc (train loader labels): 0.4565, Best val acc: 0.6795, Current val acc: 0.5647, Val Loss: 1.3168
=====> Saving current model and best model
selecting samples for epoch 122
balance: False
ratio: 0.1
=====> Saving current model and best model
selecting samples for epoch 123
balance: False
ratio: 0.1
=====> Saving current model and best model
selecting samples for epoch 124
balance: False
ratio: 0.1
=====> Saving current model and best model
selecting samples for epoch 125
balance: False
ratio: 0.1
=====> Saving current model and best model
selecting samples for epoch 126
balance: False
ratio: 0.1
=====> Saving current model and best model
selecting samples for epoch 127
balance: False
ratio: 0.1
=====> Saving current model and best model
selecting samples for epoch 128
balance: False
ratio: 0.1
=====> Saving current model and best model
selecting samples for epoch 129
balance: False
ratio: 0.1
=====> Saving current model and best model
selecting samples for epoch 130
balance: False
ratio: 0.1
=====> Saving current model and best model
selecting samples for epoch 131
balance: False
ratio: 0.1
=====> Saving current model and best model
selecting samples for epoch 132
balance: False
ratio: 0.1
=====> Saving current model and best model
selecting samples for epoch 133
balance: False
ratio: 0.1
=====> Saving current model and best model
selecting samples for epoch 134
balance: False
ratio: 0.1
=====> Saving current model and best model
selecting samples for epoch 135
balance: False
ratio: 0.1
=====> Saving current model and best model
selecting samples for epoch 136
balance: False
ratio: 0.1
=====> Epoch: 136/300, Total_step: 25568, lr: 0.001000, Total Time: 9996.8507 s, Time this epoch: 50.7808 s
=====> Epoch: 136/300, Train Loss (train loader labels): 1.5524, Train acc (train loader labels): 0.5058, Best val acc: 0.6795, Current val acc: 0.6423, Val Loss: 1.1888
=====> Saving current model and best model
selecting samples for epoch 137
balance: False
ratio: 0.1
=====> Saving current model and best model
selecting samples for epoch 138
balance: False
ratio: 0.1
=====> Saving current model and best model
selecting samples for epoch 139
balance: False
ratio: 0.1
=====> Saving current model and best model
selecting samples for epoch 140
balance: False
ratio: 0.1
=====> Saving current model and best model
selecting samples for epoch 141
balance: False
ratio: 0.1
=====> Saving current model and best model
selecting samples for epoch 142
balance: False
ratio: 0.1
=====> Saving current model and best model
selecting samples for epoch 143
balance: False
ratio: 0.1
=====> Saving current model and best model
selecting samples for epoch 144
balance: False
ratio: 0.1
=====> Saving current model and best model
selecting samples for epoch 145
balance: False
ratio: 0.1
=====> Saving current model and best model
selecting samples for epoch 146
balance: False
ratio: 0.1
=====> Saving current model and best model
selecting samples for epoch 147
balance: False
ratio: 0.1
=====> Saving current model and best model
selecting samples for epoch 148
balance: False
ratio: 0.1
=====> Saving current model and best model
selecting samples for epoch 149
balance: False
ratio: 0.1
=====> Saving current model and best model
selecting samples for epoch 150
balance: False
ratio: 0.1
=====> Saving current model and best model
selecting samples for epoch 151
balance: False
ratio: 0.1
=====> Epoch: 151/300, Total_step: 28388, lr: 0.001000, Total Time: 10818.7119 s, Time this epoch: 50.8651 s
=====> Epoch: 151/300, Train Loss (train loader labels): 1.9699, Train acc (train loader labels): 0.4189, Best val acc: 0.6795, Current val acc: 0.5128, Val Loss: 1.3686
=====> Saving current model and best model
selecting samples for epoch 152
balance: False
ratio: 0.1
=====> Saving current model and best model
selecting samples for epoch 153
balance: False
ratio: 0.1
=====> Saving current model and best model
selecting samples for epoch 154
balance: False
ratio: 0.1
=====> Saving current model and best model
selecting samples for epoch 155
balance: False
ratio: 0.1
=====> Saving current model and best model
selecting samples for epoch 156
balance: False
ratio: 0.1
=====> Saving current model and best model
selecting samples for epoch 157
balance: False
ratio: 0.1
=====> Saving current model and best model
selecting samples for epoch 158
balance: False
ratio: 0.1
=====> Saving current model and best model
selecting samples for epoch 159
balance: False
ratio: 0.1
=====> Saving current model and best model
selecting samples for epoch 160
balance: False
ratio: 0.1
=====> Saving current model and best model
selecting samples for epoch 161
balance: False
ratio: 0.1
=====> Saving current model and best model
selecting samples for epoch 162
balance: False
ratio: 0.1
=====> Saving current model and best model
selecting samples for epoch 163
balance: False
ratio: 0.1
=====> Saving current model and best model
selecting samples for epoch 164
balance: False
ratio: 0.1
=====> Saving current model and best model
selecting samples for epoch 165
balance: False
ratio: 0.1
=====> Saving current model and best model
selecting samples for epoch 166
balance: False
ratio: 0.1
=====> Epoch: 166/300, Total_step: 31208, lr: 0.001000, Total Time: 11638.9468 s, Time this epoch: 50.6197 s
=====> Epoch: 166/300, Train Loss (train loader labels): 1.5571, Train acc (train loader labels): 0.5029, Best val acc: 0.6795, Current val acc: 0.6739, Val Loss: 1.0837
=====> Saving current model and best model
selecting samples for epoch 167
balance: False
ratio: 0.1
=====> Saving current model and best model
selecting samples for epoch 168
balance: False
ratio: 0.1
=====> Saving current model and best model
selecting samples for epoch 169
balance: False
ratio: 0.1
=====> Saving current model and best model
selecting samples for epoch 170
balance: False
ratio: 0.1
=====> Saving current model and best model
selecting samples for epoch 171
balance: False
ratio: 0.1
=====> Saving current model and best model
selecting samples for epoch 172
balance: False
ratio: 0.1
=====> Saving current model and best model
selecting samples for epoch 173
balance: False
ratio: 0.1
=====> Saving current model and best model
selecting samples for epoch 174
balance: False
ratio: 0.1
=====> Saving current model and best model
selecting samples for epoch 175
balance: False
ratio: 0.1
=====> Saving current model and best model
selecting samples for epoch 176
balance: False
ratio: 0.1
=====> Saving current model and best model
selecting samples for epoch 177
balance: False
ratio: 0.1
=====> Saving current model and best model
selecting samples for epoch 178
balance: False
ratio: 0.1
=====> Saving current model and best model
selecting samples for epoch 179
balance: False
ratio: 0.1
=====> Saving current model and best model
selecting samples for epoch 180
balance: False
ratio: 0.1
=====> Saving current model and best model
selecting samples for epoch 181
balance: False
ratio: 0.1
=====> Epoch: 181/300, Total_step: 34028, lr: 0.001000, Total Time: 12457.8436 s, Time this epoch: 50.4335 s
=====> Epoch: 181/300, Train Loss (train loader labels): 1.5658, Train acc (train loader labels): 0.5076, Best val acc: 0.6795, Current val acc: 0.6646, Val Loss: 1.1044
=====> Saving current model and best model
selecting samples for epoch 182
balance: False
ratio: 0.1
=====> Saving current model and best model
selecting samples for epoch 183
balance: False
ratio: 0.1
=====> Saving current model and best model
selecting samples for epoch 184
balance: False
ratio: 0.1
=====> Saving current model and best model
selecting samples for epoch 185
balance: False
ratio: 0.1
=====> Saving current model and best model
selecting samples for epoch 186
balance: False
ratio: 0.1
=====> Saving current model and best model
selecting samples for epoch 187
balance: False
ratio: 0.1
=====> Saving current model and best model
selecting samples for epoch 188
balance: False
ratio: 0.1
=====> Saving current model and best model
selecting samples for epoch 189
balance: False
ratio: 0.1
=====> Saving current model and best model
selecting samples for epoch 190
balance: False
ratio: 0.1
=====> Saving current model and best model
selecting samples for epoch 191
balance: False
ratio: 0.1
=====> Saving current model and best model
selecting samples for epoch 192
balance: False
ratio: 0.1
=====> Saving current model and best model
selecting samples for epoch 193
balance: False
ratio: 0.1
=====> Saving current model and best model
selecting samples for epoch 194
balance: False
ratio: 0.1
=====> Saving current model and best model
selecting samples for epoch 195
balance: False
ratio: 0.1
=====> Saving current model and best model
selecting samples for epoch 196
balance: False
ratio: 0.1
=====> Epoch: 196/300, Total_step: 36848, lr: 0.001000, Total Time: 13277.0274 s, Time this epoch: 50.7422 s
=====> Epoch: 196/300, Train Loss (train loader labels): 1.5247, Train acc (train loader labels): 0.5141, Best val acc: 0.6795, Current val acc: 0.6724, Val Loss: 1.1084
=====> Saving current model and best model
selecting samples for epoch 197
balance: False
ratio: 0.1
=====> Saving current model and best model
selecting samples for epoch 198
balance: False
ratio: 0.1
=====> Saving current model and best model
selecting samples for epoch 199
balance: False
ratio: 0.1
=====> Saving current model and best model
selecting samples for epoch 200
balance: False
ratio: 0.1
=====> Saving current model and best model
selecting samples for epoch 201
balance: False
ratio: 0.1
=====> Saving current model and best model
selecting samples for epoch 202
balance: False
ratio: 0.1
=====> Saving current model and best model
selecting samples for epoch 203
balance: False
ratio: 0.1
=====> Saving current model and best model
selecting samples for epoch 204
balance: False
ratio: 0.1
=====> Saving current model and best model
selecting samples for epoch 205
balance: False
ratio: 0.1
=====> Saving current model and best model
selecting samples for epoch 206
balance: False
ratio: 0.1
=====> Saving current model and best model
selecting samples for epoch 207
balance: False
ratio: 0.1
=====> Saving current model and best model
selecting samples for epoch 208
balance: False
ratio: 0.1
=====> Saving current model and best model
selecting samples for epoch 209
balance: False
ratio: 0.1
=====> Saving current model and best model
selecting samples for epoch 210
balance: False
ratio: 0.1
=====> Saving current model and best model
selecting samples for epoch 211
balance: False
ratio: 0.1
=====> Epoch: 211/300, Total_step: 39668, lr: 0.001000, Total Time: 14097.4325 s, Time this epoch: 50.9352 s
=====> Epoch: 211/300, Train Loss (train loader labels): 1.7776, Train acc (train loader labels): 0.4553, Best val acc: 0.6795, Current val acc: 0.5981, Val Loss: 1.1783
=====> Saving current model and best model
selecting samples for epoch 212
balance: False
ratio: 0.1
=====> Saving current model and best model
selecting samples for epoch 213
balance: False
ratio: 0.1
=====> Saving current model and best model
selecting samples for epoch 214
balance: False
ratio: 0.1
=====> Saving current model and best model
selecting samples for epoch 215
balance: False
ratio: 0.1
=====> Saving current model and best model
selecting samples for epoch 216
balance: False
ratio: 0.1
=====> Saving current model and best model
selecting samples for epoch 217
balance: False
ratio: 0.1
=====> Saving current model and best model
selecting samples for epoch 218
balance: False
ratio: 0.1
=====> Saving current model and best model
selecting samples for epoch 219
balance: False
ratio: 0.1
=====> Saving current model and best model
selecting samples for epoch 220
balance: False
ratio: 0.1
=====> Saving current model and best model
selecting samples for epoch 221
balance: False
ratio: 0.1
=====> Saving current model and best model
selecting samples for epoch 222
balance: False
ratio: 0.1
=====> Saving current model and best model
selecting samples for epoch 223
balance: False
ratio: 0.1
=====> Saving current model and best model
selecting samples for epoch 224
balance: False
ratio: 0.1
=====> Saving current model and best model
selecting samples for epoch 225
balance: False
ratio: 0.1
=====> Saving current model and best model
selecting samples for epoch 226
balance: False
ratio: 0.1
=====> Epoch: 226/300, Total_step: 42488, lr: 0.001000, Total Time: 14917.3136 s, Time this epoch: 50.5191 s
=====> Epoch: 226/300, Train Loss (train loader labels): 1.5399, Train acc (train loader labels): 0.5121, Best val acc: 0.6795, Current val acc: 0.6621, Val Loss: 1.0955
=====> Saving current model and best model
selecting samples for epoch 227
balance: False
ratio: 0.1
=====> Saving current model and best model
selecting samples for epoch 228
balance: False
ratio: 0.1
=====> Saving current model and best model
selecting samples for epoch 229
balance: False
ratio: 0.1
=====> Saving current model and best model
selecting samples for epoch 230
balance: False
ratio: 0.1
=====> Saving current model and best model
selecting samples for epoch 231
balance: False
ratio: 0.1
=====> Saving current model and best model
selecting samples for epoch 232
balance: False
ratio: 0.1
=====> Saving current model and best model
selecting samples for epoch 233
balance: False
ratio: 0.1
=====> Saving current model and best model
selecting samples for epoch 234
balance: False
ratio: 0.1
=====> Saving current model and best model
selecting samples for epoch 235
balance: False
ratio: 0.1
=====> Saving current model and best model
selecting samples for epoch 236
balance: False
ratio: 0.1
=====> Saving current model and best model
selecting samples for epoch 237
balance: False
ratio: 0.1
=====> Saving current model and best model
selecting samples for epoch 238
balance: False
ratio: 0.1
=====> Saving current model and best model
selecting samples for epoch 239
balance: False
ratio: 0.1
=====> Saving current model and best model
selecting samples for epoch 240
balance: False
ratio: 0.1
=====> Saving current model and best model
selecting samples for epoch 241
balance: False
ratio: 0.1
=====> Epoch: 241/300, Total_step: 45308, lr: 0.001000, Total Time: 15737.2711 s, Time this epoch: 50.6972 s
=====> Epoch: 241/300, Train Loss (train loader labels): 1.5404, Train acc (train loader labels): 0.5119, Best val acc: 0.6795, Current val acc: 0.6751, Val Loss: 1.1316
=====> Saving current model and best model
selecting samples for epoch 242
balance: False
ratio: 0.1
=====> Saving current model and best model
selecting samples for epoch 243
balance: False
ratio: 0.1
=====> Saving current model and best model
selecting samples for epoch 244
balance: False
ratio: 0.1
=====> Saving current model and best model
selecting samples for epoch 245
balance: False
ratio: 0.1
=====> Saving current model and best model
selecting samples for epoch 246
balance: False
ratio: 0.1
=====> Saving current model and best model
selecting samples for epoch 247
balance: False
ratio: 0.1
=====> Saving current model and best model
selecting samples for epoch 248
balance: False
ratio: 0.1
=====> Saving current model and best model
selecting samples for epoch 249
balance: False
ratio: 0.1
=====> Saving current model and best model
selecting samples for epoch 250
balance: False
ratio: 0.1
=====> Saving current model and best model
selecting samples for epoch 251
balance: False
ratio: 0.1
=====> Saving current model and best model
selecting samples for epoch 252
balance: False
ratio: 0.1
=====> Saving current model and best model
selecting samples for epoch 253
balance: False
ratio: 0.1
=====> Saving current model and best model
selecting samples for epoch 254
balance: False
ratio: 0.1
=====> Saving current model and best model
selecting samples for epoch 255
balance: False
ratio: 0.1
=====> Saving current model and best model
selecting samples for epoch 256
balance: False
ratio: 0.1
=====> Epoch: 256/300, Total_step: 48128, lr: 0.001000, Total Time: 16556.4448 s, Time this epoch: 50.4165 s
=====> Epoch: 256/300, Train Loss (train loader labels): 1.5719, Train acc (train loader labels): 0.4950, Best val acc: 0.6795, Current val acc: 0.5837, Val Loss: 1.1983
=====> Saving current model and best model
selecting samples for epoch 257
balance: False
ratio: 0.1
=====> Saving current model and best model
selecting samples for epoch 258
balance: False
ratio: 0.1
=====> Saving current model and best model
selecting samples for epoch 259
balance: False
ratio: 0.1
=====> Saving current model and best model
selecting samples for epoch 260
balance: False
ratio: 0.1
=====> Saving current model and best model
selecting samples for epoch 261
balance: False
ratio: 0.1
=====> Saving current model and best model
selecting samples for epoch 262
balance: False
ratio: 0.1
=====> Saving current model and best model
selecting samples for epoch 263
balance: False
ratio: 0.1
=====> Saving current model and best model
selecting samples for epoch 264
balance: False
ratio: 0.1
=====> Saving current model and best model
selecting samples for epoch 265
balance: False
ratio: 0.1
=====> Saving current model and best model
selecting samples for epoch 266
balance: False
ratio: 0.1
=====> Saving current model and best model
selecting samples for epoch 267
balance: False
ratio: 0.1
=====> Saving current model and best model
selecting samples for epoch 268
balance: False
ratio: 0.1
=====> Saving current model and best model
selecting samples for epoch 269
balance: False
ratio: 0.1
=====> Saving current model and best model
selecting samples for epoch 270
balance: False
ratio: 0.1
=====> Saving current model and best model
selecting samples for epoch 271
balance: False
ratio: 0.1
=====> Epoch: 271/300, Total_step: 50948, lr: 0.001000, Total Time: 17375.5557 s, Time this epoch: 50.9013 s
=====> Epoch: 271/300, Train Loss (train loader labels): 1.5636, Train acc (train loader labels): 0.5082, Best val acc: 0.6795, Current val acc: 0.6376, Val Loss: 1.1782
=====> Saving current model and best model
selecting samples for epoch 272
balance: False
ratio: 0.1
=====> Saving current model and best model
selecting samples for epoch 273
balance: False
ratio: 0.1
=====> Saving current model and best model
selecting samples for epoch 274
balance: False
ratio: 0.1
=====> Saving current model and best model
selecting samples for epoch 275
balance: False
ratio: 0.1
=====> Saving current model and best model
selecting samples for epoch 276
balance: False
ratio: 0.1
=====> Saving current model and best model
selecting samples for epoch 277
balance: False
ratio: 0.1
=====> Saving current model and best model
selecting samples for epoch 278
balance: False
ratio: 0.1
=====> Saving current model and best model
selecting samples for epoch 279
balance: False
ratio: 0.1
=====> Saving current model and best model
selecting samples for epoch 280
balance: False
ratio: 0.1
=====> Saving current model and best model
selecting samples for epoch 281
balance: False
ratio: 0.1
=====> Saving current model and best model
selecting samples for epoch 282
balance: False
ratio: 0.1
=====> Saving current model and best model
selecting samples for epoch 283
balance: False
ratio: 0.1
=====> Saving current model and best model
selecting samples for epoch 284
balance: False
ratio: 0.1
=====> Saving current model and best model
selecting samples for epoch 285
balance: False
ratio: 0.1
=====> Saving current model and best model
selecting samples for epoch 286
balance: False
ratio: 0.1
=====> Epoch: 286/300, Total_step: 53768, lr: 0.001000, Total Time: 18195.1781 s, Time this epoch: 50.6365 s
=====> Epoch: 286/300, Train Loss (train loader labels): 1.5872, Train acc (train loader labels): 0.5011, Best val acc: 0.6795, Current val acc: 0.6708, Val Loss: 1.0927
=====> Saving current model and best model
selecting samples for epoch 287
balance: False
ratio: 0.1
=====> Saving current model and best model
selecting samples for epoch 288
balance: False
ratio: 0.1
=====> Saving current model and best model
selecting samples for epoch 289
balance: False
ratio: 0.1
=====> Saving current model and best model
selecting samples for epoch 290
balance: False
ratio: 0.1
=====> Saving current model and best model
selecting samples for epoch 291
balance: False
ratio: 0.1
=====> Saving current model and best model
selecting samples for epoch 292
balance: False
ratio: 0.1
=====> Saving current model and best model
selecting samples for epoch 293
balance: False
ratio: 0.1
=====> Saving current model and best model
selecting samples for epoch 294
balance: False
ratio: 0.1
=====> Saving current model and best model
selecting samples for epoch 295
balance: False
ratio: 0.1
=====> Saving current model and best model
selecting samples for epoch 296
balance: False
ratio: 0.1
=====> Saving current model and best model
selecting samples for epoch 297
balance: False
ratio: 0.1
=====> Saving current model and best model
selecting samples for epoch 298
balance: False
ratio: 0.1
=====> Saving current model and best model
selecting samples for epoch 299
balance: False
ratio: 0.1
=====> Saving current model and best model
selecting samples for epoch 300
balance: False
ratio: 0.1
=====> Epoch: 300/300, Total_step: 56400, lr: 0.001000, Total Time: 18964.6972 s, Time this epoch: 50.6149 s
=====> Epoch: 300/300, Train Loss (train loader labels): 1.5511, Train acc (train loader labels): 0.5057, Best val acc: 0.6795, Current val acc: 0.5945, Val Loss: 1.2135
=====> Saving current model and best model
Saved helper snapshots to /home/mward19/Documents/miller/Online-Batch-Selection/snapshots/MNIST/{"bsel":"Uniform","seed":3,"model":"DeepLinear","opt":"adamw","bs":320,"ratio":0.1,"lr":0.001,"wd":0.01,"layers":5,"hidden_dim":1000}.p
Saved selected points array to /home/mward19/Documents/miller/Online-Batch-Selection/selected_points/MNIST/{"bsel":"Uniform","seed":3,"model":"DeepLinear","opt":"adamw","bs":320,"ratio":0.1,"lr":0.001,"wd":0.01,"layers":5,"hidden_dim":1000}.npy
========================= End Main =========================
