wandb: Tracking run with wandb version 0.27.0
wandb: W&B syncing is set to `offline` in this directory. Run `wandb online` or set WANDB_MODE=online to enable cloud syncing.
wandb: Run data is saved locally in exp/CIFAR3/RhoLoss_deeplinear_bs320_ep300_lr0.001_AdamW_constant_seed2_r0.1_5_hidden/wandb/offline-run-20260605_170118-80gfli1b
wandb: 
wandb: Run history:
wandb:                                best_val_acc 鈻佲枀鈻呪枀鈻呪枀鈻嗏枂鈻団枃鈻団枃鈻団枃鈻団枃鈻団枃鈻団枃鈻団枃鈻団枃鈻団枃鈻団枃鈻団枅鈻堚枅鈻堚枅鈻堚枅鈻堚枅鈻堚枅
wandb:                           diagnostics/epoch 鈻佲杹鈻佲杹鈻佲杹鈻佲杹鈻佲杹鈻佲杹鈻佲杹鈻佲杹鈻佲杹鈻佲杹鈻佲杹鈻佲杹鈻傗杺鈻傗杺鈻傗杺鈻冣杻鈻冣杽鈻勨枀鈻嗏枃鈻団枅
wandb: diagnostics/fixed_train_logits_norm_l2_mean 鈻佲杹鈻佲杹鈻佲杹鈻佲杹鈻佲杹鈻佲杹鈻佲杹鈻佲杹鈻佲杹鈻佲杹鈻佲杹鈻佲杹鈻佲杹鈻佲杹鈻佲杹鈻佲杹鈻佲枅鈻佲杹鈻佲杹鈻佲杹
wandb:        diagnostics/test_logits_norm_l2_mean 鈻堚杺鈻佲杹鈻佲杹鈻佲杹鈻佲杹鈻佲杹鈻佲杹鈻佲杹鈻佲杹鈻佲杹鈻佲杹鈻佲杹鈻佲杹鈻佲杹鈻佲杹鈻佲杹鈻佲杹鈻佲杹鈻佲杹鈻佲杹
wandb:                      diagnostics/total_step 鈻佲杹鈻佲杹鈻佲杹鈻佲杹鈻佲杹鈻佲杹鈻佲杹鈻佲杹鈻佲杹鈻佲杹鈻佲杹鈻佲杺鈻傗杺鈻傗杺鈻傗杺鈻傗杻鈻冣杽鈻勨枀鈻嗏枂鈻団枅
wandb:                                       epoch 鈻佲杹鈻佲杹鈻佲杹鈻佲杹鈻佲杹鈻佲杹鈻佲杹鈻佲杹鈻佲杹鈻佲杹鈻佲杹鈻傗杺鈻傗杺鈻傗杺鈻傗杻鈻冣杻鈻勨杽鈻呪枀鈻嗏枂鈻団枅
wandb:                                          lr 鈻佲杹鈻佲杹鈻佲杹鈻佲杹鈻佲杹鈻佲杹鈻佲杹鈻佲杹鈻佲杹鈻佲杹鈻佲杹鈻佲杹鈻佲杹鈻佲杹鈻佲杹鈻佲杹鈻佲杹鈻佲杹鈻佲杹鈻佲杹
wandb:                                  time_epoch 鈻佲杹鈻佲杹鈻堚枅鈻堚枅鈻堚枅鈻堚杻鈻冣杻鈻冣杻鈻冣杻鈻冣杻鈻冣杻鈻冣杻鈻冣杺鈻傗杺鈻傗杺鈻傗杺鈻傗杺鈻傗杺鈻傗杺鈻傗杺
wandb:                                  total_time 鈻佲杹鈻佲杹鈻佲杹鈻佲杹鈻佲杹鈻佲杹鈻佲杹鈻佲杺鈻傗杺鈻傗杺鈻傗杺鈻傗杺鈻傗杻鈻冣杻鈻冣杻鈻冣杽鈻勨枀鈻呪枂鈻団枃鈻団枅
wandb:                                   train_acc 鈻傗枀鈻勨枀鈻嗏杽鈻呪枂鈻団枂鈻団枂鈻団枂鈻嗏枂鈻団枂鈻団枂鈻団枃鈻団枅鈻嗏枃鈻団枀鈻団枅鈻嗏枂鈻嗏枅鈻堚枀鈻佲枀鈻堚枃
wandb:                                          +5 ...
wandb: 
wandb: Run summary:
wandb:                                best_val_acc 0.459
wandb:                           diagnostics/epoch 300
wandb: diagnostics/fixed_train_logits_norm_l2_mean 1.91379
wandb:        diagnostics/test_logits_norm_l2_mean 1.91418
wandb:                      diagnostics/total_step 14100
wandb:                         diagnostics/trigger batch_update
wandb:                                       epoch 300
wandb:                                          lr 0.001
wandb:                                  time_epoch 16.85454
wandb:                                  total_time 6554.50708
wandb:                                          +6 ...
wandb: 
wandb: You can sync this run to the cloud by running:
wandb: wandb sync exp/CIFAR3/RhoLoss_deeplinear_bs320_ep300_lr0.001_AdamW_constant_seed2_r0.1_5_hidden/wandb/offline-run-20260605_170118-80gfli1b
wandb: Find logs at: exp/CIFAR3/RhoLoss_deeplinear_bs320_ep300_lr0.001_AdamW_constant_seed2_r0.1_5_hidden/wandb/offline-run-20260605_170118-80gfli1b/logs
