save_dir: ./exp/MNIST/Bayesian_deeplinear_bs320_ep300_lr0.001_AdamW_constant_seed3_r0.1_5_hidden
=====> Loading config files: 
configs/mnist/method/bayesian-0.1.yaml
configs/mnist/data/mnist.yaml
configs/mnist/model/deep_linear_saxe/deep_linear_5.yaml
configs/mnist/optim/adamw-320-0.001-0.01.yaml
configs/diagnostics/snapshots_log_interval.yaml
=====> Config files loaded.
========================= Start Main =========================
=====> Saving config file
=====> Config file saved
=====> Using fixed random seed: 3
=====> Wandb initialized
=====> Number of GPUs: 1
Creating Bayesian...
=====> Start teacher Validation
=====> teacher Test Accuracy: 0.3469
Cached teacher losses for 60000 samples in dataset.
Begin training for Bayesian...
=====> Epoch: 0/300, Total_step: 0, lr: 0.001000, Total Time: 0.0000 s, Time this epoch: 0.0000 s
=====> Epoch: 0/300, Train Loss (train loader labels): 2.3033, Train acc (train loader labels): 0.0952, Best val acc: 0.0843, Current val acc: 0.0843, Val Loss: 2.3043
balance: False
selecting samples for epoch 1, ratio 0.1
=====> Epoch: 1/300, Total_step: 1, lr: 0.001000, Total Time: 0.0000 s, Time this epoch: 0.0000 s
=====> Epoch: 1/300, Train Loss (train loader labels): 2.6903, Train acc (train loader labels): 0.1065, Best val acc: 0.1317, Current val acc: 0.1317, Val Loss: 2.5521
=====> Epoch: 1/300, Total_step: 48, lr: 0.001000, Total Time: 0.0000 s, Time this epoch: 0.0000 s
=====> Epoch: 1/300, Train Loss (train loader labels): 2.1844, Train acc (train loader labels): 0.2345, Best val acc: 0.2961, Current val acc: 0.2961, Val Loss: 2.1764
=====> Epoch: 1/300, Total_step: 95, lr: 0.001000, Total Time: 0.0000 s, Time this epoch: 0.0000 s
=====> Epoch: 1/300, Train Loss (train loader labels): 2.2200, Train acc (train loader labels): 0.2661, Best val acc: 0.3299, Current val acc: 0.3299, Val Loss: 2.2149
=====> Epoch: 1/300, Total_step: 142, lr: 0.001000, Total Time: 0.0000 s, Time this epoch: 0.0000 s
=====> Epoch: 1/300, Train Loss (train loader labels): 2.2126, Train acc (train loader labels): 0.2858, Best val acc: 0.3695, Current val acc: 0.3695, Val Loss: 2.2051
=====> Saving current model and best model
balance: False
selecting samples for epoch 2, ratio 0.1
=====> Epoch: 2/300, Total_step: 189, lr: 0.001000, Total Time: 328.3005 s, Time this epoch: 271.6881 s
=====> Epoch: 2/300, Train Loss (train loader labels): 2.2316, Train acc (train loader labels): 0.2688, Best val acc: 0.3695, Current val acc: 0.3500, Val Loss: 2.2219
=====> Epoch: 2/300, Total_step: 236, lr: 0.001000, Total Time: 328.3005 s, Time this epoch: 271.6881 s
=====> Epoch: 2/300, Train Loss (train loader labels): 2.2144, Train acc (train loader labels): 0.2932, Best val acc: 0.3695, Current val acc: 0.3640, Val Loss: 2.2082
=====> Epoch: 2/300, Total_step: 283, lr: 0.001000, Total Time: 328.3005 s, Time this epoch: 271.6881 s
=====> Epoch: 2/300, Train Loss (train loader labels): 2.2243, Train acc (train loader labels): 0.2542, Best val acc: 0.3695, Current val acc: 0.3678, Val Loss: 2.2134
=====> Epoch: 2/300, Total_step: 330, lr: 0.001000, Total Time: 328.3005 s, Time this epoch: 271.6881 s
=====> Epoch: 2/300, Train Loss (train loader labels): 2.2279, Train acc (train loader labels): 0.2698, Best val acc: 0.3695, Current val acc: 0.3614, Val Loss: 2.2196
=====> Saving current model and best model
balance: False
selecting samples for epoch 3, ratio 0.1
=====> Epoch: 3/300, Total_step: 377, lr: 0.001000, Total Time: 598.9685 s, Time this epoch: 270.3483 s
=====> Epoch: 3/300, Train Loss (train loader labels): 2.2360, Train acc (train loader labels): 0.2509, Best val acc: 0.3695, Current val acc: 0.3049, Val Loss: 2.2269
=====> Epoch: 3/300, Total_step: 424, lr: 0.001000, Total Time: 598.9685 s, Time this epoch: 270.3483 s
=====> Epoch: 3/300, Train Loss (train loader labels): 2.2198, Train acc (train loader labels): 0.2883, Best val acc: 0.4203, Current val acc: 0.4203, Val Loss: 2.2184
=====> Epoch: 3/300, Total_step: 471, lr: 0.001000, Total Time: 598.9685 s, Time this epoch: 270.3483 s
=====> Epoch: 3/300, Train Loss (train loader labels): 2.2289, Train acc (train loader labels): 0.2789, Best val acc: 0.4203, Current val acc: 0.3049, Val Loss: 2.2310
=====> Epoch: 3/300, Total_step: 518, lr: 0.001000, Total Time: 598.9685 s, Time this epoch: 270.3483 s
=====> Epoch: 3/300, Train Loss (train loader labels): 2.2228, Train acc (train loader labels): 0.2616, Best val acc: 0.4203, Current val acc: 0.2989, Val Loss: 2.2209
=====> Saving current model and best model
balance: False
selecting samples for epoch 4, ratio 0.1
=====> Epoch: 4/300, Total_step: 565, lr: 0.001000, Total Time: 869.8709 s, Time this epoch: 270.6463 s
=====> Epoch: 4/300, Train Loss (train loader labels): 2.2274, Train acc (train loader labels): 0.2864, Best val acc: 0.4203, Current val acc: 0.3540, Val Loss: 2.2168
=====> Epoch: 4/300, Total_step: 612, lr: 0.001000, Total Time: 869.8709 s, Time this epoch: 270.6463 s
=====> Epoch: 4/300, Train Loss (train loader labels): 2.2163, Train acc (train loader labels): 0.3056, Best val acc: 0.4203, Current val acc: 0.4136, Val Loss: 2.2051
=====> Epoch: 4/300, Total_step: 659, lr: 0.001000, Total Time: 869.8709 s, Time this epoch: 270.6463 s
=====> Epoch: 4/300, Train Loss (train loader labels): 2.2140, Train acc (train loader labels): 0.2951, Best val acc: 0.4203, Current val acc: 0.3548, Val Loss: 2.2142
=====> Epoch: 4/300, Total_step: 706, lr: 0.001000, Total Time: 869.8709 s, Time this epoch: 270.6463 s
=====> Epoch: 4/300, Train Loss (train loader labels): 2.2300, Train acc (train loader labels): 0.3261, Best val acc: 0.4621, Current val acc: 0.4621, Val Loss: 2.2228
=====> Saving current model and best model
balance: False
selecting samples for epoch 5, ratio 0.1
=====> Epoch: 5/300, Total_step: 753, lr: 0.001000, Total Time: 1142.0687 s, Time this epoch: 271.9097 s
=====> Epoch: 5/300, Train Loss (train loader labels): 2.2219, Train acc (train loader labels): 0.2808, Best val acc: 0.4621, Current val acc: 0.2710, Val Loss: 2.2189
=====> Epoch: 5/300, Total_step: 800, lr: 0.001000, Total Time: 1142.0687 s, Time this epoch: 271.9097 s
=====> Epoch: 5/300, Train Loss (train loader labels): 2.2298, Train acc (train loader labels): 0.2491, Best val acc: 0.4621, Current val acc: 0.2565, Val Loss: 2.2285
=====> Epoch: 5/300, Total_step: 847, lr: 0.001000, Total Time: 1142.0687 s, Time this epoch: 271.9097 s
=====> Epoch: 5/300, Train Loss (train loader labels): 2.2364, Train acc (train loader labels): 0.2521, Best val acc: 0.4621, Current val acc: 0.3409, Val Loss: 2.2265
=====> Epoch: 5/300, Total_step: 894, lr: 0.001000, Total Time: 1142.0687 s, Time this epoch: 271.9097 s
=====> Epoch: 5/300, Train Loss (train loader labels): 2.2264, Train acc (train loader labels): 0.2876, Best val acc: 0.4621, Current val acc: 0.3536, Val Loss: 2.2195
=====> Saving current model and best model
balance: False
selecting samples for epoch 6, ratio 0.1
=====> Epoch: 6/300, Total_step: 1128, lr: 0.001000, Total Time: 1413.2492 s, Time this epoch: 270.9038 s
=====> Epoch: 6/300, Train Loss (train loader labels): 2.2255, Train acc (train loader labels): 0.3449, Best val acc: 0.5000, Current val acc: 0.5000, Val Loss: 2.2139
=====> Saving current model and best model
balance: False
selecting samples for epoch 7, ratio 0.1
=====> Epoch: 7/300, Total_step: 1316, lr: 0.001000, Total Time: 1519.9213 s, Time this epoch: 106.4280 s
=====> Epoch: 7/300, Train Loss (train loader labels): 2.2035, Train acc (train loader labels): 0.3181, Best val acc: 0.5000, Current val acc: 0.4333, Val Loss: 2.1989
=====> Saving current model and best model
balance: False
selecting samples for epoch 8, ratio 0.1
=====> Epoch: 8/300, Total_step: 1504, lr: 0.001000, Total Time: 1626.9837 s, Time this epoch: 106.2148 s
=====> Epoch: 8/300, Train Loss (train loader labels): 2.2033, Train acc (train loader labels): 0.2909, Best val acc: 0.5000, Current val acc: 0.3802, Val Loss: 2.1927
=====> Saving current model and best model
balance: False
selecting samples for epoch 9, ratio 0.1
=====> Epoch: 9/300, Total_step: 1692, lr: 0.001000, Total Time: 1733.7209 s, Time this epoch: 106.3643 s
=====> Epoch: 9/300, Train Loss (train loader labels): 2.2236, Train acc (train loader labels): 0.2867, Best val acc: 0.5000, Current val acc: 0.3205, Val Loss: 2.2210
=====> Saving current model and best model
balance: False
selecting samples for epoch 10, ratio 0.1
=====> Epoch: 10/300, Total_step: 1880, lr: 0.001000, Total Time: 1839.7346 s, Time this epoch: 105.7240 s
=====> Epoch: 10/300, Train Loss (train loader labels): 2.2168, Train acc (train loader labels): 0.2807, Best val acc: 0.5000, Current val acc: 0.3723, Val Loss: 2.2097
=====> Saving current model and best model
balance: False
selecting samples for epoch 11, ratio 0.1
=====> Epoch: 11/300, Total_step: 2068, lr: 0.001000, Total Time: 1945.7474 s, Time this epoch: 105.7185 s
=====> Epoch: 11/300, Train Loss (train loader labels): 2.2120, Train acc (train loader labels): 0.2882, Best val acc: 0.5000, Current val acc: 0.3483, Val Loss: 2.2045
=====> Saving current model and best model
balance: False
selecting samples for epoch 12, ratio 0.1
=====> Epoch: 12/300, Total_step: 2256, lr: 0.001000, Total Time: 2052.5137 s, Time this epoch: 106.4713 s
=====> Epoch: 12/300, Train Loss (train loader labels): 2.2265, Train acc (train loader labels): 0.2485, Best val acc: 0.5000, Current val acc: 0.2888, Val Loss: 2.2153
=====> Saving current model and best model
balance: False
selecting samples for epoch 13, ratio 0.1
=====> Epoch: 13/300, Total_step: 2444, lr: 0.001000, Total Time: 2159.1819 s, Time this epoch: 106.4370 s
=====> Epoch: 13/300, Train Loss (train loader labels): 2.2195, Train acc (train loader labels): 0.2627, Best val acc: 0.5000, Current val acc: 0.3251, Val Loss: 2.2153
=====> Saving current model and best model
balance: False
selecting samples for epoch 14, ratio 0.1
=====> Epoch: 14/300, Total_step: 2632, lr: 0.001000, Total Time: 2265.3126 s, Time this epoch: 105.8993 s
=====> Epoch: 14/300, Train Loss (train loader labels): 2.2113, Train acc (train loader labels): 0.3128, Best val acc: 0.5000, Current val acc: 0.4742, Val Loss: 2.2072
=====> Saving current model and best model
balance: False
selecting samples for epoch 15, ratio 0.1
=====> Epoch: 15/300, Total_step: 2820, lr: 0.001000, Total Time: 2371.8459 s, Time this epoch: 106.2623 s
=====> Epoch: 15/300, Train Loss (train loader labels): 2.2212, Train acc (train loader labels): 0.2546, Best val acc: 0.5000, Current val acc: 0.2882, Val Loss: 2.2199
=====> Saving current model and best model
balance: False
selecting samples for epoch 16, ratio 0.1
=====> Epoch: 16/300, Total_step: 3008, lr: 0.001000, Total Time: 2478.4186 s, Time this epoch: 106.3563 s
=====> Epoch: 16/300, Train Loss (train loader labels): 2.2116, Train acc (train loader labels): 0.2777, Best val acc: 0.5000, Current val acc: 0.2683, Val Loss: 2.2069
=====> Saving current model and best model
balance: False
selecting samples for epoch 17, ratio 0.1
=====> Epoch: 17/300, Total_step: 3196, lr: 0.001000, Total Time: 2585.2061 s, Time this epoch: 106.5104 s
=====> Epoch: 17/300, Train Loss (train loader labels): 2.2357, Train acc (train loader labels): 0.2661, Best val acc: 0.5000, Current val acc: 0.3058, Val Loss: 2.2295
=====> Saving current model and best model
balance: False
selecting samples for epoch 18, ratio 0.1
=====> Epoch: 18/300, Total_step: 3384, lr: 0.001000, Total Time: 2692.4695 s, Time this epoch: 107.0111 s
=====> Epoch: 18/300, Train Loss (train loader labels): 2.2166, Train acc (train loader labels): 0.2568, Best val acc: 0.5000, Current val acc: 0.3087, Val Loss: 2.2092
=====> Saving current model and best model
balance: False
selecting samples for epoch 19, ratio 0.1
=====> Epoch: 19/300, Total_step: 3572, lr: 0.001000, Total Time: 2797.5010 s, Time this epoch: 104.8037 s
=====> Epoch: 19/300, Train Loss (train loader labels): 2.2158, Train acc (train loader labels): 0.2809, Best val acc: 0.5000, Current val acc: 0.3130, Val Loss: 2.2092
=====> Saving current model and best model
balance: False
selecting samples for epoch 20, ratio 0.1
=====> Epoch: 20/300, Total_step: 3760, lr: 0.001000, Total Time: 2903.8024 s, Time this epoch: 106.0797 s
=====> Epoch: 20/300, Train Loss (train loader labels): 2.2188, Train acc (train loader labels): 0.2954, Best val acc: 0.5000, Current val acc: 0.4040, Val Loss: 2.2084
=====> Saving current model and best model
balance: False
selecting samples for epoch 21, ratio 0.1
=====> Epoch: 21/300, Total_step: 3948, lr: 0.001000, Total Time: 3010.6357 s, Time this epoch: 106.5889 s
=====> Epoch: 21/300, Train Loss (train loader labels): 2.2112, Train acc (train loader labels): 0.2834, Best val acc: 0.5000, Current val acc: 0.3744, Val Loss: 2.2162
=====> Saving current model and best model
balance: False
selecting samples for epoch 22, ratio 0.1
=====> Epoch: 22/300, Total_step: 4136, lr: 0.001000, Total Time: 3116.9467 s, Time this epoch: 106.1151 s
=====> Epoch: 22/300, Train Loss (train loader labels): 2.2142, Train acc (train loader labels): 0.2322, Best val acc: 0.5000, Current val acc: 0.2282, Val Loss: 2.2178
=====> Saving current model and best model
balance: False
selecting samples for epoch 23, ratio 0.1
=====> Epoch: 23/300, Total_step: 4324, lr: 0.001000, Total Time: 3223.2019 s, Time this epoch: 106.0172 s
=====> Epoch: 23/300, Train Loss (train loader labels): 2.0483, Train acc (train loader labels): 0.3032, Best val acc: 0.5000, Current val acc: 0.3515, Val Loss: 2.0081
=====> Saving current model and best model
balance: False
selecting samples for epoch 24, ratio 0.1
=====> Epoch: 24/300, Total_step: 4512, lr: 0.001000, Total Time: 3329.0374 s, Time this epoch: 105.6252 s
=====> Epoch: 24/300, Train Loss (train loader labels): 2.1562, Train acc (train loader labels): 0.2698, Best val acc: 0.5000, Current val acc: 0.3901, Val Loss: 2.1278
=====> Saving current model and best model
balance: False
selecting samples for epoch 25, ratio 0.1
=====> Epoch: 25/300, Total_step: 4700, lr: 0.001000, Total Time: 3434.2821 s, Time this epoch: 105.0177 s
=====> Epoch: 25/300, Train Loss (train loader labels): 2.1514, Train acc (train loader labels): 0.2939, Best val acc: 0.5000, Current val acc: 0.3908, Val Loss: 2.1412
=====> Saving current model and best model
balance: False
selecting samples for epoch 26, ratio 0.1
=====> Epoch: 26/300, Total_step: 4888, lr: 0.001000, Total Time: 3540.4959 s, Time this epoch: 106.0135 s
=====> Epoch: 26/300, Train Loss (train loader labels): 2.1416, Train acc (train loader labels): 0.3194, Best val acc: 0.5000, Current val acc: 0.3755, Val Loss: 2.1308
=====> Saving current model and best model
balance: False
selecting samples for epoch 27, ratio 0.1
=====> Saving current model and best model
balance: False
selecting samples for epoch 28, ratio 0.1
=====> Saving current model and best model
balance: False
selecting samples for epoch 29, ratio 0.1
=====> Epoch: 29/300, Total_step: 5452, lr: 0.001000, Total Time: 3747.2571 s, Time this epoch: 50.4403 s
=====> Epoch: 29/300, Train Loss (train loader labels): 2.1409, Train acc (train loader labels): 0.3452, Best val acc: 0.5000, Current val acc: 0.4412, Val Loss: 2.1343
=====> Saving current model and best model
balance: False
selecting samples for epoch 30, ratio 0.1
=====> Saving current model and best model
balance: False
selecting samples for epoch 31, ratio 0.1
=====> Saving current model and best model
balance: False
selecting samples for epoch 32, ratio 0.1
=====> Saving current model and best model
balance: False
selecting samples for epoch 33, ratio 0.1
=====> Epoch: 33/300, Total_step: 6204, lr: 0.001000, Total Time: 4003.6978 s, Time this epoch: 50.1968 s
=====> Epoch: 33/300, Train Loss (train loader labels): 2.1642, Train acc (train loader labels): 0.3196, Best val acc: 0.5000, Current val acc: 0.4754, Val Loss: 2.1488
=====> Saving current model and best model
balance: False
selecting samples for epoch 34, ratio 0.1
=====> Saving current model and best model
balance: False
selecting samples for epoch 35, ratio 0.1
=====> Saving current model and best model
balance: False
selecting samples for epoch 36, ratio 0.1
=====> Saving current model and best model
balance: False
selecting samples for epoch 37, ratio 0.1
=====> Epoch: 37/300, Total_step: 6956, lr: 0.001000, Total Time: 4260.2246 s, Time this epoch: 49.7757 s
=====> Epoch: 37/300, Train Loss (train loader labels): 2.1702, Train acc (train loader labels): 0.3380, Best val acc: 0.5000, Current val acc: 0.4529, Val Loss: 2.1634
=====> Saving current model and best model
balance: False
selecting samples for epoch 38, ratio 0.1
=====> Saving current model and best model
balance: False
selecting samples for epoch 39, ratio 0.1
=====> Saving current model and best model
balance: False
selecting samples for epoch 40, ratio 0.1
=====> Saving current model and best model
balance: False
selecting samples for epoch 41, ratio 0.1
=====> Epoch: 41/300, Total_step: 7708, lr: 0.001000, Total Time: 4518.5484 s, Time this epoch: 50.4576 s
=====> Epoch: 41/300, Train Loss (train loader labels): 2.1806, Train acc (train loader labels): 0.3107, Best val acc: 0.5000, Current val acc: 0.3769, Val Loss: 2.1797
=====> Saving current model and best model
balance: False
selecting samples for epoch 42, ratio 0.1
=====> Saving current model and best model
balance: False
selecting samples for epoch 43, ratio 0.1
=====> Saving current model and best model
balance: False
selecting samples for epoch 44, ratio 0.1
=====> Saving current model and best model
balance: False
selecting samples for epoch 45, ratio 0.1
=====> Epoch: 45/300, Total_step: 8460, lr: 0.001000, Total Time: 4776.5616 s, Time this epoch: 50.2953 s
=====> Epoch: 45/300, Train Loss (train loader labels): 2.1879, Train acc (train loader labels): 0.3162, Best val acc: 0.5000, Current val acc: 0.4149, Val Loss: 2.1818
=====> Saving current model and best model
balance: False
selecting samples for epoch 46, ratio 0.1
=====> Saving current model and best model
balance: False
selecting samples for epoch 47, ratio 0.1
=====> Saving current model and best model
balance: False
selecting samples for epoch 48, ratio 0.1
=====> Saving current model and best model
balance: False
selecting samples for epoch 49, ratio 0.1
=====> Epoch: 49/300, Total_step: 9212, lr: 0.001000, Total Time: 5034.7099 s, Time this epoch: 50.4717 s
=====> Epoch: 49/300, Train Loss (train loader labels): 2.1919, Train acc (train loader labels): 0.3023, Best val acc: 0.5000, Current val acc: 0.3694, Val Loss: 2.1881
=====> Saving current model and best model
balance: False
selecting samples for epoch 50, ratio 0.1
=====> Saving current model and best model
balance: False
selecting samples for epoch 51, ratio 0.1
=====> Saving current model and best model
balance: False
selecting samples for epoch 52, ratio 0.1
=====> Saving current model and best model
balance: False
selecting samples for epoch 53, ratio 0.1
=====> Epoch: 53/300, Total_step: 9964, lr: 0.001000, Total Time: 5292.7166 s, Time this epoch: 50.5731 s
=====> Epoch: 53/300, Train Loss (train loader labels): 2.1841, Train acc (train loader labels): 0.3129, Best val acc: 0.5000, Current val acc: 0.4083, Val Loss: 2.1788
=====> Saving current model and best model
balance: False
selecting samples for epoch 54, ratio 0.1
=====> Saving current model and best model
balance: False
selecting samples for epoch 55, ratio 0.1
=====> Saving current model and best model
balance: False
selecting samples for epoch 56, ratio 0.1
=====> Saving current model and best model
balance: False
selecting samples for epoch 57, ratio 0.1
=====> Epoch: 57/300, Total_step: 10716, lr: 0.001000, Total Time: 5550.2452 s, Time this epoch: 50.3927 s
=====> Epoch: 57/300, Train Loss (train loader labels): 2.1783, Train acc (train loader labels): 0.3326, Best val acc: 0.5174, Current val acc: 0.5174, Val Loss: 2.1725
=====> Saving current model and best model
balance: False
selecting samples for epoch 58, ratio 0.1
=====> Saving current model and best model
balance: False
selecting samples for epoch 59, ratio 0.1
=====> Saving current model and best model
balance: False
selecting samples for epoch 60, ratio 0.1
=====> Saving current model and best model
balance: False
selecting samples for epoch 61, ratio 0.1
=====> Epoch: 61/300, Total_step: 11468, lr: 0.001000, Total Time: 5807.4748 s, Time this epoch: 49.5081 s
=====> Epoch: 61/300, Train Loss (train loader labels): 2.1959, Train acc (train loader labels): 0.3342, Best val acc: 0.5174, Current val acc: 0.4671, Val Loss: 2.1868
=====> Saving current model and best model
balance: False
selecting samples for epoch 62, ratio 0.1
=====> Saving current model and best model
balance: False
selecting samples for epoch 63, ratio 0.1
=====> Saving current model and best model
balance: False
selecting samples for epoch 64, ratio 0.1
=====> Saving current model and best model
balance: False
selecting samples for epoch 65, ratio 0.1
=====> Epoch: 65/300, Total_step: 12220, lr: 0.001000, Total Time: 6064.9745 s, Time this epoch: 49.9393 s
=====> Epoch: 65/300, Train Loss (train loader labels): 2.1915, Train acc (train loader labels): 0.3272, Best val acc: 0.5174, Current val acc: 0.4101, Val Loss: 2.1863
=====> Saving current model and best model
balance: False
selecting samples for epoch 66, ratio 0.1
=====> Saving current model and best model
balance: False
selecting samples for epoch 67, ratio 0.1
=====> Saving current model and best model
balance: False
selecting samples for epoch 68, ratio 0.1
=====> Saving current model and best model
balance: False
selecting samples for epoch 69, ratio 0.1
=====> Saving current model and best model
balance: False
selecting samples for epoch 70, ratio 0.1
=====> Saving current model and best model
balance: False
selecting samples for epoch 71, ratio 0.1
=====> Saving current model and best model
balance: False
selecting samples for epoch 72, ratio 0.1
=====> Saving current model and best model
balance: False
selecting samples for epoch 73, ratio 0.1
=====> Saving current model and best model
balance: False
selecting samples for epoch 74, ratio 0.1
=====> Saving current model and best model
balance: False
selecting samples for epoch 75, ratio 0.1
=====> Saving current model and best model
balance: False
selecting samples for epoch 76, ratio 0.1
=====> Epoch: 76/300, Total_step: 14288, lr: 0.001000, Total Time: 6676.3596 s, Time this epoch: 50.3268 s
=====> Epoch: 76/300, Train Loss (train loader labels): 2.1926, Train acc (train loader labels): 0.3301, Best val acc: 0.5174, Current val acc: 0.4797, Val Loss: 2.1847
=====> Saving current model and best model
balance: False
selecting samples for epoch 77, ratio 0.1
=====> Saving current model and best model
balance: False
selecting samples for epoch 78, ratio 0.1
=====> Saving current model and best model
balance: False
selecting samples for epoch 79, ratio 0.1
=====> Saving current model and best model
balance: False
selecting samples for epoch 80, ratio 0.1
=====> Saving current model and best model
balance: False
selecting samples for epoch 81, ratio 0.1
=====> Saving current model and best model
balance: False
selecting samples for epoch 82, ratio 0.1
=====> Saving current model and best model
balance: False
selecting samples for epoch 83, ratio 0.1
=====> Saving current model and best model
balance: False
selecting samples for epoch 84, ratio 0.1
=====> Saving current model and best model
balance: False
selecting samples for epoch 85, ratio 0.1
=====> Saving current model and best model
balance: False
selecting samples for epoch 86, ratio 0.1
=====> Saving current model and best model
balance: False
selecting samples for epoch 87, ratio 0.1
=====> Saving current model and best model
balance: False
selecting samples for epoch 88, ratio 0.1
=====> Saving current model and best model
balance: False
selecting samples for epoch 89, ratio 0.1
=====> Saving current model and best model
balance: False
selecting samples for epoch 90, ratio 0.1
=====> Saving current model and best model
balance: False
selecting samples for epoch 91, ratio 0.1
=====> Epoch: 91/300, Total_step: 17108, lr: 0.001000, Total Time: 7490.1439 s, Time this epoch: 50.1383 s
=====> Epoch: 91/300, Train Loss (train loader labels): 2.2025, Train acc (train loader labels): 0.3356, Best val acc: 0.5174, Current val acc: 0.4255, Val Loss: 2.1988
=====> Saving current model and best model
balance: False
selecting samples for epoch 92, ratio 0.1
=====> Saving current model and best model
balance: False
selecting samples for epoch 93, ratio 0.1
=====> Saving current model and best model
balance: False
selecting samples for epoch 94, ratio 0.1
=====> Saving current model and best model
balance: False
selecting samples for epoch 95, ratio 0.1
=====> Saving current model and best model
balance: False
selecting samples for epoch 96, ratio 0.1
=====> Saving current model and best model
balance: False
selecting samples for epoch 97, ratio 0.1
=====> Saving current model and best model
balance: False
selecting samples for epoch 98, ratio 0.1
=====> Saving current model and best model
balance: False
selecting samples for epoch 99, ratio 0.1
=====> Saving current model and best model
balance: False
selecting samples for epoch 100, ratio 0.1
=====> Saving current model and best model
balance: False
selecting samples for epoch 101, ratio 0.1
=====> Saving current model and best model
balance: False
selecting samples for epoch 102, ratio 0.1
=====> Saving current model and best model
balance: False
selecting samples for epoch 103, ratio 0.1
=====> Saving current model and best model
balance: False
selecting samples for epoch 104, ratio 0.1
=====> Saving current model and best model
balance: False
selecting samples for epoch 105, ratio 0.1
=====> Saving current model and best model
balance: False
selecting samples for epoch 106, ratio 0.1
=====> Epoch: 106/300, Total_step: 19928, lr: 0.001000, Total Time: 8302.6472 s, Time this epoch: 50.1949 s
=====> Epoch: 106/300, Train Loss (train loader labels): 2.0749, Train acc (train loader labels): 0.2639, Best val acc: 0.5174, Current val acc: 0.3275, Val Loss: 2.0554
=====> Saving current model and best model
balance: False
selecting samples for epoch 107, ratio 0.1
=====> Saving current model and best model
balance: False
selecting samples for epoch 108, ratio 0.1
=====> Saving current model and best model
balance: False
selecting samples for epoch 109, ratio 0.1
=====> Saving current model and best model
balance: False
selecting samples for epoch 110, ratio 0.1
=====> Saving current model and best model
balance: False
selecting samples for epoch 111, ratio 0.1
=====> Saving current model and best model
balance: False
selecting samples for epoch 112, ratio 0.1
=====> Saving current model and best model
balance: False
selecting samples for epoch 113, ratio 0.1
=====> Saving current model and best model
balance: False
selecting samples for epoch 114, ratio 0.1
=====> Saving current model and best model
balance: False
selecting samples for epoch 115, ratio 0.1
=====> Saving current model and best model
balance: False
selecting samples for epoch 116, ratio 0.1
=====> Saving current model and best model
balance: False
selecting samples for epoch 117, ratio 0.1
=====> Saving current model and best model
balance: False
selecting samples for epoch 118, ratio 0.1
=====> Saving current model and best model
balance: False
selecting samples for epoch 119, ratio 0.1
=====> Saving current model and best model
balance: False
selecting samples for epoch 120, ratio 0.1
=====> Saving current model and best model
balance: False
selecting samples for epoch 121, ratio 0.1
=====> Epoch: 121/300, Total_step: 22748, lr: 0.001000, Total Time: 9116.8154 s, Time this epoch: 50.2297 s
=====> Epoch: 121/300, Train Loss (train loader labels): 2.1744, Train acc (train loader labels): 0.3117, Best val acc: 0.5174, Current val acc: 0.4187, Val Loss: 2.1675
=====> Saving current model and best model
balance: False
selecting samples for epoch 122, ratio 0.1
=====> Saving current model and best model
balance: False
selecting samples for epoch 123, ratio 0.1
=====> Saving current model and best model
balance: False
selecting samples for epoch 124, ratio 0.1
=====> Saving current model and best model
balance: False
selecting samples for epoch 125, ratio 0.1
=====> Saving current model and best model
balance: False
selecting samples for epoch 126, ratio 0.1
=====> Saving current model and best model
balance: False
selecting samples for epoch 127, ratio 0.1
=====> Saving current model and best model
balance: False
selecting samples for epoch 128, ratio 0.1
=====> Saving current model and best model
balance: False
selecting samples for epoch 129, ratio 0.1
=====> Saving current model and best model
balance: False
selecting samples for epoch 130, ratio 0.1
=====> Saving current model and best model
balance: False
selecting samples for epoch 131, ratio 0.1
=====> Saving current model and best model
balance: False
selecting samples for epoch 132, ratio 0.1
=====> Saving current model and best model
balance: False
selecting samples for epoch 133, ratio 0.1
=====> Saving current model and best model
balance: False
selecting samples for epoch 134, ratio 0.1
=====> Saving current model and best model
balance: False
selecting samples for epoch 135, ratio 0.1
=====> Saving current model and best model
balance: False
selecting samples for epoch 136, ratio 0.1
=====> Epoch: 136/300, Total_step: 25568, lr: 0.001000, Total Time: 9929.4707 s, Time this epoch: 50.2605 s
=====> Epoch: 136/300, Train Loss (train loader labels): 2.1907, Train acc (train loader labels): 0.2848, Best val acc: 0.5174, Current val acc: 0.3377, Val Loss: 2.1813
=====> Saving current model and best model
balance: False
selecting samples for epoch 137, ratio 0.1
=====> Saving current model and best model
balance: False
selecting samples for epoch 138, ratio 0.1
=====> Saving current model and best model
balance: False
selecting samples for epoch 139, ratio 0.1
=====> Saving current model and best model
balance: False
selecting samples for epoch 140, ratio 0.1
=====> Saving current model and best model
balance: False
selecting samples for epoch 141, ratio 0.1
=====> Saving current model and best model
balance: False
selecting samples for epoch 142, ratio 0.1
=====> Saving current model and best model
balance: False
selecting samples for epoch 143, ratio 0.1
=====> Saving current model and best model
balance: False
selecting samples for epoch 144, ratio 0.1
=====> Saving current model and best model
balance: False
selecting samples for epoch 145, ratio 0.1
=====> Saving current model and best model
balance: False
selecting samples for epoch 146, ratio 0.1
=====> Saving current model and best model
balance: False
selecting samples for epoch 147, ratio 0.1
=====> Saving current model and best model
balance: False
selecting samples for epoch 148, ratio 0.1
=====> Saving current model and best model
balance: False
selecting samples for epoch 149, ratio 0.1
=====> Saving current model and best model
balance: False
selecting samples for epoch 150, ratio 0.1
=====> Saving current model and best model
balance: False
selecting samples for epoch 151, ratio 0.1
=====> Epoch: 151/300, Total_step: 28388, lr: 0.001000, Total Time: 10742.5060 s, Time this epoch: 50.4262 s
=====> Epoch: 151/300, Train Loss (train loader labels): 2.1866, Train acc (train loader labels): 0.3083, Best val acc: 0.5174, Current val acc: 0.4141, Val Loss: 2.1785
=====> Saving current model and best model
balance: False
selecting samples for epoch 152, ratio 0.1
=====> Saving current model and best model
balance: False
selecting samples for epoch 153, ratio 0.1
=====> Saving current model and best model
balance: False
selecting samples for epoch 154, ratio 0.1
=====> Saving current model and best model
balance: False
selecting samples for epoch 155, ratio 0.1
=====> Saving current model and best model
balance: False
selecting samples for epoch 156, ratio 0.1
=====> Saving current model and best model
balance: False
selecting samples for epoch 157, ratio 0.1
=====> Saving current model and best model
balance: False
selecting samples for epoch 158, ratio 0.1
=====> Saving current model and best model
balance: False
selecting samples for epoch 159, ratio 0.1
=====> Saving current model and best model
balance: False
selecting samples for epoch 160, ratio 0.1
=====> Saving current model and best model
balance: False
selecting samples for epoch 161, ratio 0.1
=====> Saving current model and best model
balance: False
selecting samples for epoch 162, ratio 0.1
=====> Saving current model and best model
balance: False
selecting samples for epoch 163, ratio 0.1
=====> Saving current model and best model
balance: False
selecting samples for epoch 164, ratio 0.1
=====> Saving current model and best model
balance: False
selecting samples for epoch 165, ratio 0.1
=====> Saving current model and best model
balance: False
selecting samples for epoch 166, ratio 0.1
=====> Epoch: 166/300, Total_step: 31208, lr: 0.001000, Total Time: 11556.4444 s, Time this epoch: 50.4959 s
=====> Epoch: 166/300, Train Loss (train loader labels): 2.2003, Train acc (train loader labels): 0.3219, Best val acc: 0.5174, Current val acc: 0.4747, Val Loss: 2.1923
=====> Saving current model and best model
balance: False
selecting samples for epoch 167, ratio 0.1
=====> Saving current model and best model
balance: False
selecting samples for epoch 168, ratio 0.1
=====> Saving current model and best model
balance: False
selecting samples for epoch 169, ratio 0.1
=====> Saving current model and best model
balance: False
selecting samples for epoch 170, ratio 0.1
=====> Saving current model and best model
balance: False
selecting samples for epoch 171, ratio 0.1
=====> Saving current model and best model
balance: False
selecting samples for epoch 172, ratio 0.1
=====> Saving current model and best model
balance: False
selecting samples for epoch 173, ratio 0.1
=====> Saving current model and best model
balance: False
selecting samples for epoch 174, ratio 0.1
=====> Saving current model and best model
balance: False
selecting samples for epoch 175, ratio 0.1
=====> Saving current model and best model
balance: False
selecting samples for epoch 176, ratio 0.1
=====> Saving current model and best model
balance: False
selecting samples for epoch 177, ratio 0.1
=====> Saving current model and best model
balance: False
selecting samples for epoch 178, ratio 0.1
=====> Saving current model and best model
balance: False
selecting samples for epoch 179, ratio 0.1
=====> Saving current model and best model
balance: False
selecting samples for epoch 180, ratio 0.1
=====> Saving current model and best model
balance: False
selecting samples for epoch 181, ratio 0.1
=====> Epoch: 181/300, Total_step: 34028, lr: 0.001000, Total Time: 12368.4440 s, Time this epoch: 49.9319 s
=====> Epoch: 181/300, Train Loss (train loader labels): 2.1932, Train acc (train loader labels): 0.3073, Best val acc: 0.5174, Current val acc: 0.4123, Val Loss: 2.1854
=====> Saving current model and best model
balance: False
selecting samples for epoch 182, ratio 0.1
=====> Saving current model and best model
balance: False
selecting samples for epoch 183, ratio 0.1
=====> Saving current model and best model
balance: False
selecting samples for epoch 184, ratio 0.1
=====> Saving current model and best model
balance: False
selecting samples for epoch 185, ratio 0.1
=====> Saving current model and best model
balance: False
selecting samples for epoch 186, ratio 0.1
=====> Saving current model and best model
balance: False
selecting samples for epoch 187, ratio 0.1
=====> Saving current model and best model
balance: False
selecting samples for epoch 188, ratio 0.1
=====> Saving current model and best model
balance: False
selecting samples for epoch 189, ratio 0.1
=====> Saving current model and best model
balance: False
selecting samples for epoch 190, ratio 0.1
=====> Saving current model and best model
balance: False
selecting samples for epoch 191, ratio 0.1
=====> Saving current model and best model
balance: False
selecting samples for epoch 192, ratio 0.1
=====> Saving current model and best model
balance: False
selecting samples for epoch 193, ratio 0.1
=====> Saving current model and best model
balance: False
selecting samples for epoch 194, ratio 0.1
=====> Saving current model and best model
balance: False
selecting samples for epoch 195, ratio 0.1
=====> Saving current model and best model
balance: False
selecting samples for epoch 196, ratio 0.1
=====> Epoch: 196/300, Total_step: 36848, lr: 0.001000, Total Time: 13179.1987 s, Time this epoch: 50.0580 s
=====> Epoch: 196/300, Train Loss (train loader labels): 2.1515, Train acc (train loader labels): 0.3594, Best val acc: 0.5174, Current val acc: 0.4848, Val Loss: 2.1383
=====> Saving current model and best model
balance: False
selecting samples for epoch 197, ratio 0.1
=====> Saving current model and best model
balance: False
selecting samples for epoch 198, ratio 0.1
=====> Saving current model and best model
balance: False
selecting samples for epoch 199, ratio 0.1
=====> Saving current model and best model
balance: False
selecting samples for epoch 200, ratio 0.1
=====> Saving current model and best model
balance: False
selecting samples for epoch 201, ratio 0.1
=====> Saving current model and best model
balance: False
selecting samples for epoch 202, ratio 0.1
=====> Saving current model and best model
balance: False
selecting samples for epoch 203, ratio 0.1
=====> Saving current model and best model
balance: False
selecting samples for epoch 204, ratio 0.1
=====> Saving current model and best model
balance: False
selecting samples for epoch 205, ratio 0.1
=====> Saving current model and best model
balance: False
selecting samples for epoch 206, ratio 0.1
=====> Saving current model and best model
balance: False
selecting samples for epoch 207, ratio 0.1
=====> Saving current model and best model
balance: False
selecting samples for epoch 208, ratio 0.1
=====> Saving current model and best model
balance: False
selecting samples for epoch 209, ratio 0.1
=====> Saving current model and best model
balance: False
selecting samples for epoch 210, ratio 0.1
=====> Saving current model and best model
balance: False
selecting samples for epoch 211, ratio 0.1
=====> Epoch: 211/300, Total_step: 39668, lr: 0.001000, Total Time: 13996.3123 s, Time this epoch: 50.5360 s
=====> Epoch: 211/300, Train Loss (train loader labels): 2.1756, Train acc (train loader labels): 0.3293, Best val acc: 0.5174, Current val acc: 0.4420, Val Loss: 2.1677
=====> Saving current model and best model
balance: False
selecting samples for epoch 212, ratio 0.1
=====> Saving current model and best model
balance: False
selecting samples for epoch 213, ratio 0.1
=====> Saving current model and best model
balance: False
selecting samples for epoch 214, ratio 0.1
=====> Saving current model and best model
balance: False
selecting samples for epoch 215, ratio 0.1
=====> Saving current model and best model
balance: False
selecting samples for epoch 216, ratio 0.1
=====> Saving current model and best model
balance: False
selecting samples for epoch 217, ratio 0.1
=====> Saving current model and best model
balance: False
selecting samples for epoch 218, ratio 0.1
=====> Saving current model and best model
balance: False
selecting samples for epoch 219, ratio 0.1
=====> Saving current model and best model
balance: False
selecting samples for epoch 220, ratio 0.1
=====> Saving current model and best model
balance: False
selecting samples for epoch 221, ratio 0.1
=====> Saving current model and best model
balance: False
selecting samples for epoch 222, ratio 0.1
=====> Saving current model and best model
balance: False
selecting samples for epoch 223, ratio 0.1
=====> Saving current model and best model
balance: False
selecting samples for epoch 224, ratio 0.1
=====> Saving current model and best model
balance: False
selecting samples for epoch 225, ratio 0.1
=====> Saving current model and best model
balance: False
selecting samples for epoch 226, ratio 0.1
=====> Epoch: 226/300, Total_step: 42488, lr: 0.001000, Total Time: 14808.7362 s, Time this epoch: 50.0732 s
=====> Epoch: 226/300, Train Loss (train loader labels): 2.1841, Train acc (train loader labels): 0.2996, Best val acc: 0.5174, Current val acc: 0.3763, Val Loss: 2.1831
=====> Saving current model and best model
balance: False
selecting samples for epoch 227, ratio 0.1
=====> Saving current model and best model
balance: False
selecting samples for epoch 228, ratio 0.1
=====> Saving current model and best model
balance: False
selecting samples for epoch 229, ratio 0.1
=====> Saving current model and best model
balance: False
selecting samples for epoch 230, ratio 0.1
=====> Saving current model and best model
balance: False
selecting samples for epoch 231, ratio 0.1
=====> Saving current model and best model
balance: False
selecting samples for epoch 232, ratio 0.1
=====> Saving current model and best model
balance: False
selecting samples for epoch 233, ratio 0.1
=====> Saving current model and best model
balance: False
selecting samples for epoch 234, ratio 0.1
=====> Saving current model and best model
balance: False
selecting samples for epoch 235, ratio 0.1
=====> Saving current model and best model
balance: False
selecting samples for epoch 236, ratio 0.1
=====> Saving current model and best model
balance: False
selecting samples for epoch 237, ratio 0.1
=====> Saving current model and best model
balance: False
selecting samples for epoch 238, ratio 0.1
=====> Saving current model and best model
balance: False
selecting samples for epoch 239, ratio 0.1
=====> Saving current model and best model
balance: False
selecting samples for epoch 240, ratio 0.1
=====> Saving current model and best model
balance: False
selecting samples for epoch 241, ratio 0.1
=====> Epoch: 241/300, Total_step: 45308, lr: 0.001000, Total Time: 15620.8511 s, Time this epoch: 50.2284 s
=====> Epoch: 241/300, Train Loss (train loader labels): 2.1987, Train acc (train loader labels): 0.3096, Best val acc: 0.5174, Current val acc: 0.3938, Val Loss: 2.1906
=====> Saving current model and best model
balance: False
selecting samples for epoch 242, ratio 0.1
=====> Saving current model and best model
balance: False
selecting samples for epoch 243, ratio 0.1
=====> Saving current model and best model
balance: False
selecting samples for epoch 244, ratio 0.1
=====> Saving current model and best model
balance: False
selecting samples for epoch 245, ratio 0.1
=====> Saving current model and best model
balance: False
selecting samples for epoch 246, ratio 0.1
=====> Saving current model and best model
balance: False
selecting samples for epoch 247, ratio 0.1
=====> Saving current model and best model
balance: False
selecting samples for epoch 248, ratio 0.1
=====> Saving current model and best model
balance: False
selecting samples for epoch 249, ratio 0.1
=====> Saving current model and best model
balance: False
selecting samples for epoch 250, ratio 0.1
=====> Saving current model and best model
balance: False
selecting samples for epoch 251, ratio 0.1
=====> Saving current model and best model
balance: False
selecting samples for epoch 252, ratio 0.1
=====> Saving current model and best model
balance: False
selecting samples for epoch 253, ratio 0.1
=====> Saving current model and best model
balance: False
selecting samples for epoch 254, ratio 0.1
=====> Saving current model and best model
balance: False
selecting samples for epoch 255, ratio 0.1
=====> Saving current model and best model
balance: False
selecting samples for epoch 256, ratio 0.1
=====> Epoch: 256/300, Total_step: 48128, lr: 0.001000, Total Time: 16433.9340 s, Time this epoch: 50.0138 s
=====> Epoch: 256/300, Train Loss (train loader labels): 2.2040, Train acc (train loader labels): 0.3126, Best val acc: 0.5174, Current val acc: 0.4109, Val Loss: 2.1966
=====> Saving current model and best model
balance: False
selecting samples for epoch 257, ratio 0.1
=====> Saving current model and best model
balance: False
selecting samples for epoch 258, ratio 0.1
=====> Saving current model and best model
balance: False
selecting samples for epoch 259, ratio 0.1
=====> Saving current model and best model
balance: False
selecting samples for epoch 260, ratio 0.1
=====> Saving current model and best model
balance: False
selecting samples for epoch 261, ratio 0.1
=====> Saving current model and best model
balance: False
selecting samples for epoch 262, ratio 0.1
=====> Saving current model and best model
balance: False
selecting samples for epoch 263, ratio 0.1
=====> Saving current model and best model
balance: False
selecting samples for epoch 264, ratio 0.1
=====> Saving current model and best model
balance: False
selecting samples for epoch 265, ratio 0.1
=====> Saving current model and best model
balance: False
selecting samples for epoch 266, ratio 0.1
=====> Saving current model and best model
balance: False
selecting samples for epoch 267, ratio 0.1
=====> Saving current model and best model
balance: False
selecting samples for epoch 268, ratio 0.1
=====> Saving current model and best model
balance: False
selecting samples for epoch 269, ratio 0.1
=====> Saving current model and best model
balance: False
selecting samples for epoch 270, ratio 0.1
=====> Saving current model and best model
balance: False
selecting samples for epoch 271, ratio 0.1
=====> Epoch: 271/300, Total_step: 50948, lr: 0.001000, Total Time: 17246.3537 s, Time this epoch: 50.6076 s
=====> Epoch: 271/300, Train Loss (train loader labels): 2.1356, Train acc (train loader labels): 0.2359, Best val acc: 0.5174, Current val acc: 0.2940, Val Loss: 2.1264
=====> Saving current model and best model
balance: False
selecting samples for epoch 272, ratio 0.1
=====> Saving current model and best model
balance: False
selecting samples for epoch 273, ratio 0.1
=====> Saving current model and best model
balance: False
selecting samples for epoch 274, ratio 0.1
=====> Saving current model and best model
balance: False
selecting samples for epoch 275, ratio 0.1
=====> Saving current model and best model
balance: False
selecting samples for epoch 276, ratio 0.1
=====> Saving current model and best model
balance: False
selecting samples for epoch 277, ratio 0.1
=====> Saving current model and best model
balance: False
selecting samples for epoch 278, ratio 0.1
=====> Saving current model and best model
balance: False
selecting samples for epoch 279, ratio 0.1
=====> Saving current model and best model
balance: False
selecting samples for epoch 280, ratio 0.1
=====> Saving current model and best model
balance: False
selecting samples for epoch 281, ratio 0.1
=====> Saving current model and best model
balance: False
selecting samples for epoch 282, ratio 0.1
=====> Saving current model and best model
balance: False
selecting samples for epoch 283, ratio 0.1
=====> Saving current model and best model
balance: False
selecting samples for epoch 284, ratio 0.1
=====> Saving current model and best model
balance: False
selecting samples for epoch 285, ratio 0.1
=====> Saving current model and best model
balance: False
selecting samples for epoch 286, ratio 0.1
=====> Epoch: 286/300, Total_step: 53768, lr: 0.001000, Total Time: 18055.2191 s, Time this epoch: 50.3959 s
=====> Epoch: 286/300, Train Loss (train loader labels): 2.1564, Train acc (train loader labels): 0.2925, Best val acc: 0.5174, Current val acc: 0.3674, Val Loss: 2.1557
=====> Saving current model and best model
balance: False
selecting samples for epoch 287, ratio 0.1
=====> Saving current model and best model
balance: False
selecting samples for epoch 288, ratio 0.1
=====> Saving current model and best model
balance: False
selecting samples for epoch 289, ratio 0.1
=====> Saving current model and best model
balance: False
selecting samples for epoch 290, ratio 0.1
=====> Saving current model and best model
balance: False
selecting samples for epoch 291, ratio 0.1
=====> Saving current model and best model
balance: False
selecting samples for epoch 292, ratio 0.1
=====> Saving current model and best model
balance: False
selecting samples for epoch 293, ratio 0.1
=====> Saving current model and best model
balance: False
selecting samples for epoch 294, ratio 0.1
=====> Saving current model and best model
balance: False
selecting samples for epoch 295, ratio 0.1
=====> Saving current model and best model
balance: False
selecting samples for epoch 296, ratio 0.1
=====> Saving current model and best model
balance: False
selecting samples for epoch 297, ratio 0.1
=====> Saving current model and best model
balance: False
selecting samples for epoch 298, ratio 0.1
=====> Saving current model and best model
balance: False
selecting samples for epoch 299, ratio 0.1
=====> Saving current model and best model
balance: False
selecting samples for epoch 300, ratio 0.1
=====> Epoch: 300/300, Total_step: 56400, lr: 0.001000, Total Time: 18817.9835 s, Time this epoch: 50.2526 s
=====> Epoch: 300/300, Train Loss (train loader labels): 2.1691, Train acc (train loader labels): 0.3207, Best val acc: 0.5174, Current val acc: 0.4655, Val Loss: 2.1623
=====> Saving current model and best model
Saved helper snapshots to /home/mward19/Documents/miller/Online-Batch-Selection/snapshots/MNIST/{"bsel":"Bayesian","seed":3,"model":"DeepLinear","opt":"adamw","bs":320,"ratio":0.1,"lr":0.001,"wd":0.01,"layers":5,"hidden_dim":1000}.p
Saved selected points array to /home/mward19/Documents/miller/Online-Batch-Selection/selected_points/MNIST/{"bsel":"Bayesian","seed":3,"model":"DeepLinear","opt":"adamw","bs":320,"ratio":0.1,"lr":0.001,"wd":0.01,"layers":5,"hidden_dim":1000}.npy
========================= End Main =========================
