save_dir: ./exp/CIFAR3/Bayesian_deeplinear_bs320_ep300_lr0.001_AdamW_constant_seed1_r0.1_5_hidden
=====> Loading config files: 
configs/cifar3/method/bayesian-0.1.yaml
configs/cifar3/data/cifar3.yaml
configs/cifar3/model/deep_linear_saxe/deep_linear_5.yaml
configs/cifar3/optim/adamw-320-0.001-0.01.yaml
configs/diagnostics/snapshots_log_interval.yaml
=====> Config files loaded.
========================= Start Main =========================
=====> Saving config file
=====> Config file saved
=====> Using fixed random seed: 1
=====> Wandb initialized
=====> Number of GPUs: 1
Creating Bayesian...
=====> Start teacher Validation
=====> teacher Test Accuracy: 0.7280
Cached teacher losses for 15000 samples in dataset.
Begin training for Bayesian...
=====> Epoch: 0/300, Total_step: 0, lr: 0.001000, Total Time: 0.0000 s, Time this epoch: 0.0000 s
=====> Epoch: 0/300, Train Loss (train loader labels): 1.0990, Train acc (train loader labels): 0.3364, Best val acc: 0.3450, Current val acc: 0.3450, Val Loss: 1.0982
balance: False
selecting samples for epoch 1, ratio 0.1
=====> Epoch: 1/300, Total_step: 1, lr: 0.001000, Total Time: 0.0000 s, Time this epoch: 0.0000 s
=====> Epoch: 1/300, Train Loss (train loader labels): 1.9566, Train acc (train loader labels): 0.3543, Best val acc: 0.3473, Current val acc: 0.3473, Val Loss: 1.9774
=====> Epoch: 1/300, Total_step: 12, lr: 0.001000, Total Time: 0.0000 s, Time this epoch: 0.0000 s
=====> Epoch: 1/300, Train Loss (train loader labels): 1.9393, Train acc (train loader labels): 0.3163, Best val acc: 0.3473, Current val acc: 0.3163, Val Loss: 1.9004
=====> Epoch: 1/300, Total_step: 23, lr: 0.001000, Total Time: 0.0000 s, Time this epoch: 0.0000 s
=====> Epoch: 1/300, Train Loss (train loader labels): 1.1480, Train acc (train loader labels): 0.3579, Best val acc: 0.3570, Current val acc: 0.3570, Val Loss: 1.1464
=====> Epoch: 1/300, Total_step: 34, lr: 0.001000, Total Time: 0.0000 s, Time this epoch: 0.0000 s
=====> Epoch: 1/300, Train Loss (train loader labels): 1.1185, Train acc (train loader labels): 0.3203, Best val acc: 0.3570, Current val acc: 0.3140, Val Loss: 1.1219
=====> Epoch: 1/300, Total_step: 45, lr: 0.001000, Total Time: 0.0000 s, Time this epoch: 0.0000 s
=====> Epoch: 1/300, Train Loss (train loader labels): 1.0920, Train acc (train loader labels): 0.4099, Best val acc: 0.4197, Current val acc: 0.4197, Val Loss: 1.0924
=====> Saving current model and best model
balance: False
selecting samples for epoch 2, ratio 0.1
=====> Epoch: 2/300, Total_step: 48, lr: 0.001000, Total Time: 124.4927 s, Time this epoch: 105.9297 s
=====> Epoch: 2/300, Train Loss (train loader labels): 1.0878, Train acc (train loader labels): 0.3857, Best val acc: 0.4197, Current val acc: 0.3857, Val Loss: 1.0880
=====> Epoch: 2/300, Total_step: 59, lr: 0.001000, Total Time: 124.4927 s, Time this epoch: 105.9297 s
=====> Epoch: 2/300, Train Loss (train loader labels): 1.0867, Train acc (train loader labels): 0.4031, Best val acc: 0.4197, Current val acc: 0.4080, Val Loss: 1.0852
=====> Epoch: 2/300, Total_step: 70, lr: 0.001000, Total Time: 124.4927 s, Time this epoch: 105.9297 s
=====> Epoch: 2/300, Train Loss (train loader labels): 1.0836, Train acc (train loader labels): 0.4013, Best val acc: 0.4197, Current val acc: 0.4087, Val Loss: 1.0821
=====> Epoch: 2/300, Total_step: 81, lr: 0.001000, Total Time: 124.4927 s, Time this epoch: 105.9297 s
=====> Epoch: 2/300, Train Loss (train loader labels): 1.0824, Train acc (train loader labels): 0.3884, Best val acc: 0.4197, Current val acc: 0.3953, Val Loss: 1.0807
=====> Epoch: 2/300, Total_step: 92, lr: 0.001000, Total Time: 124.4927 s, Time this epoch: 105.9297 s
=====> Epoch: 2/300, Train Loss (train loader labels): 1.0811, Train acc (train loader labels): 0.3939, Best val acc: 0.4197, Current val acc: 0.3997, Val Loss: 1.0788
=====> Saving current model and best model
balance: False
selecting samples for epoch 3, ratio 0.1
=====> Epoch: 3/300, Total_step: 95, lr: 0.001000, Total Time: 231.0909 s, Time this epoch: 106.3300 s
=====> Epoch: 3/300, Train Loss (train loader labels): 1.0819, Train acc (train loader labels): 0.3949, Best val acc: 0.4197, Current val acc: 0.4080, Val Loss: 1.0801
=====> Epoch: 3/300, Total_step: 106, lr: 0.001000, Total Time: 231.0909 s, Time this epoch: 106.3300 s
=====> Epoch: 3/300, Train Loss (train loader labels): 1.0835, Train acc (train loader labels): 0.3996, Best val acc: 0.4197, Current val acc: 0.4043, Val Loss: 1.0827
=====> Epoch: 3/300, Total_step: 117, lr: 0.001000, Total Time: 231.0909 s, Time this epoch: 106.3300 s
=====> Epoch: 3/300, Train Loss (train loader labels): 1.0794, Train acc (train loader labels): 0.4158, Best val acc: 0.4197, Current val acc: 0.4147, Val Loss: 1.0790
=====> Epoch: 3/300, Total_step: 128, lr: 0.001000, Total Time: 231.0909 s, Time this epoch: 106.3300 s
=====> Epoch: 3/300, Train Loss (train loader labels): 1.0779, Train acc (train loader labels): 0.4243, Best val acc: 0.4267, Current val acc: 0.4267, Val Loss: 1.0757
=====> Epoch: 3/300, Total_step: 139, lr: 0.001000, Total Time: 231.0909 s, Time this epoch: 106.3300 s
=====> Epoch: 3/300, Train Loss (train loader labels): 1.0785, Train acc (train loader labels): 0.4169, Best val acc: 0.4267, Current val acc: 0.4217, Val Loss: 1.0774
=====> Saving current model and best model
balance: False
selecting samples for epoch 4, ratio 0.1
=====> Epoch: 4/300, Total_step: 142, lr: 0.001000, Total Time: 336.4813 s, Time this epoch: 105.1445 s
=====> Epoch: 4/300, Train Loss (train loader labels): 1.0789, Train acc (train loader labels): 0.4191, Best val acc: 0.4267, Current val acc: 0.4263, Val Loss: 1.0772
=====> Epoch: 4/300, Total_step: 153, lr: 0.001000, Total Time: 336.4813 s, Time this epoch: 105.1445 s
=====> Epoch: 4/300, Train Loss (train loader labels): 1.0814, Train acc (train loader labels): 0.4025, Best val acc: 0.4267, Current val acc: 0.4147, Val Loss: 1.0798
=====> Epoch: 4/300, Total_step: 164, lr: 0.001000, Total Time: 336.4813 s, Time this epoch: 105.1445 s
=====> Epoch: 4/300, Train Loss (train loader labels): 1.0803, Train acc (train loader labels): 0.4147, Best val acc: 0.4267, Current val acc: 0.4207, Val Loss: 1.0794
=====> Epoch: 4/300, Total_step: 175, lr: 0.001000, Total Time: 336.4813 s, Time this epoch: 105.1445 s
=====> Epoch: 4/300, Train Loss (train loader labels): 1.0782, Train acc (train loader labels): 0.4241, Best val acc: 0.4313, Current val acc: 0.4313, Val Loss: 1.0756
=====> Epoch: 4/300, Total_step: 186, lr: 0.001000, Total Time: 336.4813 s, Time this epoch: 105.1445 s
=====> Epoch: 4/300, Train Loss (train loader labels): 1.0806, Train acc (train loader labels): 0.4088, Best val acc: 0.4313, Current val acc: 0.4150, Val Loss: 1.0784
=====> Saving current model and best model
balance: False
selecting samples for epoch 5, ratio 0.1
=====> Epoch: 5/300, Total_step: 189, lr: 0.001000, Total Time: 442.5089 s, Time this epoch: 105.7958 s
=====> Epoch: 5/300, Train Loss (train loader labels): 1.0817, Train acc (train loader labels): 0.4141, Best val acc: 0.4313, Current val acc: 0.4203, Val Loss: 1.0798
=====> Epoch: 5/300, Total_step: 200, lr: 0.001000, Total Time: 442.5089 s, Time this epoch: 105.7958 s
=====> Epoch: 5/300, Train Loss (train loader labels): 1.0791, Train acc (train loader labels): 0.4323, Best val acc: 0.4327, Current val acc: 0.4327, Val Loss: 1.0781
=====> Epoch: 5/300, Total_step: 211, lr: 0.001000, Total Time: 442.5089 s, Time this epoch: 105.7958 s
=====> Epoch: 5/300, Train Loss (train loader labels): 1.0805, Train acc (train loader labels): 0.4032, Best val acc: 0.4327, Current val acc: 0.4153, Val Loss: 1.0786
=====> Epoch: 5/300, Total_step: 222, lr: 0.001000, Total Time: 442.5089 s, Time this epoch: 105.7958 s
=====> Epoch: 5/300, Train Loss (train loader labels): 1.0820, Train acc (train loader labels): 0.4059, Best val acc: 0.4327, Current val acc: 0.4103, Val Loss: 1.0809
=====> Epoch: 5/300, Total_step: 233, lr: 0.001000, Total Time: 442.5089 s, Time this epoch: 105.7958 s
=====> Epoch: 5/300, Train Loss (train loader labels): 1.0778, Train acc (train loader labels): 0.4337, Best val acc: 0.4423, Current val acc: 0.4423, Val Loss: 1.0759
=====> Saving current model and best model
balance: False
selecting samples for epoch 6, ratio 0.1
=====> Epoch: 6/300, Total_step: 282, lr: 0.001000, Total Time: 548.4759 s, Time this epoch: 105.7407 s
=====> Epoch: 6/300, Train Loss (train loader labels): 1.0770, Train acc (train loader labels): 0.4256, Best val acc: 0.4423, Current val acc: 0.4213, Val Loss: 1.0766
=====> Saving current model and best model
balance: False
selecting samples for epoch 7, ratio 0.1
=====> Epoch: 7/300, Total_step: 329, lr: 0.001000, Total Time: 584.2860 s, Time this epoch: 35.5712 s
=====> Epoch: 7/300, Train Loss (train loader labels): 1.0793, Train acc (train loader labels): 0.4209, Best val acc: 0.4423, Current val acc: 0.4170, Val Loss: 1.0785
=====> Saving current model and best model
balance: False
selecting samples for epoch 8, ratio 0.1
=====> Epoch: 8/300, Total_step: 376, lr: 0.001000, Total Time: 619.9883 s, Time this epoch: 35.4664 s
=====> Epoch: 8/300, Train Loss (train loader labels): 1.0798, Train acc (train loader labels): 0.4169, Best val acc: 0.4423, Current val acc: 0.4147, Val Loss: 1.0780
=====> Saving current model and best model
balance: False
selecting samples for epoch 9, ratio 0.1
=====> Epoch: 9/300, Total_step: 423, lr: 0.001000, Total Time: 655.7896 s, Time this epoch: 35.5604 s
=====> Epoch: 9/300, Train Loss (train loader labels): 1.0780, Train acc (train loader labels): 0.4241, Best val acc: 0.4423, Current val acc: 0.4373, Val Loss: 1.0751
=====> Saving current model and best model
balance: False
selecting samples for epoch 10, ratio 0.1
=====> Epoch: 10/300, Total_step: 470, lr: 0.001000, Total Time: 691.5264 s, Time this epoch: 35.3900 s
=====> Epoch: 10/300, Train Loss (train loader labels): 1.0795, Train acc (train loader labels): 0.4186, Best val acc: 0.4423, Current val acc: 0.4283, Val Loss: 1.0778
=====> Saving current model and best model
balance: False
selecting samples for epoch 11, ratio 0.1
=====> Epoch: 11/300, Total_step: 517, lr: 0.001000, Total Time: 727.3692 s, Time this epoch: 35.5878 s
=====> Epoch: 11/300, Train Loss (train loader labels): 1.0807, Train acc (train loader labels): 0.4158, Best val acc: 0.4423, Current val acc: 0.4170, Val Loss: 1.0793
=====> Saving current model and best model
balance: False
selecting samples for epoch 12, ratio 0.1
=====> Epoch: 12/300, Total_step: 564, lr: 0.001000, Total Time: 763.1712 s, Time this epoch: 35.5570 s
=====> Epoch: 12/300, Train Loss (train loader labels): 1.0808, Train acc (train loader labels): 0.4159, Best val acc: 0.4423, Current val acc: 0.4273, Val Loss: 1.0791
=====> Saving current model and best model
balance: False
selecting samples for epoch 13, ratio 0.1
=====> Epoch: 13/300, Total_step: 611, lr: 0.001000, Total Time: 798.8911 s, Time this epoch: 35.4587 s
=====> Epoch: 13/300, Train Loss (train loader labels): 1.0836, Train acc (train loader labels): 0.3929, Best val acc: 0.4423, Current val acc: 0.4043, Val Loss: 1.0819
=====> Saving current model and best model
balance: False
selecting samples for epoch 14, ratio 0.1
=====> Epoch: 14/300, Total_step: 658, lr: 0.001000, Total Time: 834.6253 s, Time this epoch: 35.4719 s
=====> Epoch: 14/300, Train Loss (train loader labels): 1.0758, Train acc (train loader labels): 0.4266, Best val acc: 0.4423, Current val acc: 0.4380, Val Loss: 1.0732
=====> Saving current model and best model
balance: False
selecting samples for epoch 15, ratio 0.1
=====> Epoch: 15/300, Total_step: 705, lr: 0.001000, Total Time: 870.4235 s, Time this epoch: 35.5514 s
=====> Epoch: 15/300, Train Loss (train loader labels): 1.0820, Train acc (train loader labels): 0.4112, Best val acc: 0.4423, Current val acc: 0.4217, Val Loss: 1.0797
=====> Saving current model and best model
balance: False
selecting samples for epoch 16, ratio 0.1
=====> Epoch: 16/300, Total_step: 752, lr: 0.001000, Total Time: 906.1851 s, Time this epoch: 35.5167 s
=====> Epoch: 16/300, Train Loss (train loader labels): 1.0829, Train acc (train loader labels): 0.4003, Best val acc: 0.4423, Current val acc: 0.4003, Val Loss: 1.0817
=====> Saving current model and best model
balance: False
selecting samples for epoch 17, ratio 0.1
=====> Epoch: 17/300, Total_step: 799, lr: 0.001000, Total Time: 942.2745 s, Time this epoch: 35.8063 s
=====> Epoch: 17/300, Train Loss (train loader labels): 1.0755, Train acc (train loader labels): 0.4297, Best val acc: 0.4423, Current val acc: 0.4350, Val Loss: 1.0743
=====> Saving current model and best model
balance: False
selecting samples for epoch 18, ratio 0.1
=====> Epoch: 18/300, Total_step: 846, lr: 0.001000, Total Time: 978.5607 s, Time this epoch: 35.7710 s
=====> Epoch: 18/300, Train Loss (train loader labels): 1.0768, Train acc (train loader labels): 0.4185, Best val acc: 0.4423, Current val acc: 0.4283, Val Loss: 1.0751
=====> Saving current model and best model
balance: False
selecting samples for epoch 19, ratio 0.1
=====> Epoch: 19/300, Total_step: 893, lr: 0.001000, Total Time: 1015.0676 s, Time this epoch: 35.9657 s
=====> Epoch: 19/300, Train Loss (train loader labels): 1.0793, Train acc (train loader labels): 0.4065, Best val acc: 0.4423, Current val acc: 0.4097, Val Loss: 1.0781
=====> Saving current model and best model
balance: False
selecting samples for epoch 20, ratio 0.1
=====> Epoch: 20/300, Total_step: 940, lr: 0.001000, Total Time: 1051.1267 s, Time this epoch: 35.5081 s
=====> Epoch: 20/300, Train Loss (train loader labels): 1.0787, Train acc (train loader labels): 0.4144, Best val acc: 0.4423, Current val acc: 0.4177, Val Loss: 1.0777
=====> Saving current model and best model
balance: False
selecting samples for epoch 21, ratio 0.1
=====> Epoch: 21/300, Total_step: 987, lr: 0.001000, Total Time: 1087.3485 s, Time this epoch: 35.8080 s
=====> Epoch: 21/300, Train Loss (train loader labels): 1.0817, Train acc (train loader labels): 0.4055, Best val acc: 0.4423, Current val acc: 0.4163, Val Loss: 1.0798
=====> Saving current model and best model
balance: False
selecting samples for epoch 22, ratio 0.1
=====> Epoch: 22/300, Total_step: 1034, lr: 0.001000, Total Time: 1123.2345 s, Time this epoch: 35.5116 s
=====> Epoch: 22/300, Train Loss (train loader labels): 1.0767, Train acc (train loader labels): 0.4228, Best val acc: 0.4423, Current val acc: 0.4280, Val Loss: 1.0746
=====> Saving current model and best model
balance: False
selecting samples for epoch 23, ratio 0.1
=====> Epoch: 23/300, Total_step: 1081, lr: 0.001000, Total Time: 1159.3312 s, Time this epoch: 35.7119 s
=====> Epoch: 23/300, Train Loss (train loader labels): 1.0759, Train acc (train loader labels): 0.4183, Best val acc: 0.4423, Current val acc: 0.4287, Val Loss: 1.0741
=====> Saving current model and best model
balance: False
selecting samples for epoch 24, ratio 0.1
=====> Epoch: 24/300, Total_step: 1128, lr: 0.001000, Total Time: 1194.8698 s, Time this epoch: 35.2308 s
=====> Epoch: 24/300, Train Loss (train loader labels): 1.0786, Train acc (train loader labels): 0.4152, Best val acc: 0.4423, Current val acc: 0.4317, Val Loss: 1.0770
=====> Saving current model and best model
balance: False
selecting samples for epoch 25, ratio 0.1
=====> Epoch: 25/300, Total_step: 1175, lr: 0.001000, Total Time: 1230.8250 s, Time this epoch: 35.6885 s
=====> Epoch: 25/300, Train Loss (train loader labels): 1.0783, Train acc (train loader labels): 0.4099, Best val acc: 0.4423, Current val acc: 0.4220, Val Loss: 1.0771
=====> Saving current model and best model
balance: False
selecting samples for epoch 26, ratio 0.1
=====> Epoch: 26/300, Total_step: 1222, lr: 0.001000, Total Time: 1267.0402 s, Time this epoch: 35.9720 s
=====> Epoch: 26/300, Train Loss (train loader labels): 1.0790, Train acc (train loader labels): 0.4215, Best val acc: 0.4423, Current val acc: 0.4313, Val Loss: 1.0772
=====> Saving current model and best model
balance: False
selecting samples for epoch 27, ratio 0.1
=====> Saving current model and best model
balance: False
selecting samples for epoch 28, ratio 0.1
=====> Saving current model and best model
balance: False
selecting samples for epoch 29, ratio 0.1
=====> Epoch: 29/300, Total_step: 1363, lr: 0.001000, Total Time: 1338.3062 s, Time this epoch: 17.0767 s
=====> Epoch: 29/300, Train Loss (train loader labels): 1.0775, Train acc (train loader labels): 0.4194, Best val acc: 0.4423, Current val acc: 0.4257, Val Loss: 1.0752
=====> Saving current model and best model
balance: False
selecting samples for epoch 30, ratio 0.1
=====> Saving current model and best model
balance: False
selecting samples for epoch 31, ratio 0.1
=====> Saving current model and best model
balance: False
selecting samples for epoch 32, ratio 0.1
=====> Saving current model and best model
balance: False
selecting samples for epoch 33, ratio 0.1
=====> Epoch: 33/300, Total_step: 1551, lr: 0.001000, Total Time: 1428.3396 s, Time this epoch: 17.2324 s
=====> Epoch: 33/300, Train Loss (train loader labels): 1.0798, Train acc (train loader labels): 0.4115, Best val acc: 0.4423, Current val acc: 0.4153, Val Loss: 1.0785
=====> Saving current model and best model
balance: False
selecting samples for epoch 34, ratio 0.1
=====> Saving current model and best model
balance: False
selecting samples for epoch 35, ratio 0.1
=====> Saving current model and best model
balance: False
selecting samples for epoch 36, ratio 0.1
=====> Saving current model and best model
balance: False
selecting samples for epoch 37, ratio 0.1
=====> Epoch: 37/300, Total_step: 1739, lr: 0.001000, Total Time: 1518.0654 s, Time this epoch: 17.1242 s
=====> Epoch: 37/300, Train Loss (train loader labels): 1.0811, Train acc (train loader labels): 0.4063, Best val acc: 0.4423, Current val acc: 0.4180, Val Loss: 1.0785
=====> Saving current model and best model
balance: False
selecting samples for epoch 38, ratio 0.1
=====> Saving current model and best model
balance: False
selecting samples for epoch 39, ratio 0.1
=====> Saving current model and best model
balance: False
selecting samples for epoch 40, ratio 0.1
=====> Saving current model and best model
balance: False
selecting samples for epoch 41, ratio 0.1
=====> Epoch: 41/300, Total_step: 1927, lr: 0.001000, Total Time: 1607.4746 s, Time this epoch: 17.1499 s
=====> Epoch: 41/300, Train Loss (train loader labels): 1.0790, Train acc (train loader labels): 0.4135, Best val acc: 0.4423, Current val acc: 0.4207, Val Loss: 1.0776
=====> Saving current model and best model
balance: False
selecting samples for epoch 42, ratio 0.1
=====> Saving current model and best model
balance: False
selecting samples for epoch 43, ratio 0.1
=====> Saving current model and best model
balance: False
selecting samples for epoch 44, ratio 0.1
=====> Saving current model and best model
balance: False
selecting samples for epoch 45, ratio 0.1
=====> Epoch: 45/300, Total_step: 2115, lr: 0.001000, Total Time: 1696.9334 s, Time this epoch: 17.0675 s
=====> Epoch: 45/300, Train Loss (train loader labels): 1.0788, Train acc (train loader labels): 0.4113, Best val acc: 0.4423, Current val acc: 0.4300, Val Loss: 1.0766
=====> Saving current model and best model
balance: False
selecting samples for epoch 46, ratio 0.1
=====> Saving current model and best model
balance: False
selecting samples for epoch 47, ratio 0.1
=====> Saving current model and best model
balance: False
selecting samples for epoch 48, ratio 0.1
=====> Saving current model and best model
balance: False
selecting samples for epoch 49, ratio 0.1
=====> Epoch: 49/300, Total_step: 2303, lr: 0.001000, Total Time: 1786.4688 s, Time this epoch: 17.0731 s
=====> Epoch: 49/300, Train Loss (train loader labels): 1.0870, Train acc (train loader labels): 0.3867, Best val acc: 0.4423, Current val acc: 0.3973, Val Loss: 1.0858
=====> Saving current model and best model
balance: False
selecting samples for epoch 50, ratio 0.1
=====> Saving current model and best model
balance: False
selecting samples for epoch 51, ratio 0.1
=====> Saving current model and best model
balance: False
selecting samples for epoch 52, ratio 0.1
=====> Saving current model and best model
balance: False
selecting samples for epoch 53, ratio 0.1
=====> Epoch: 53/300, Total_step: 2491, lr: 0.001000, Total Time: 1876.0962 s, Time this epoch: 17.1797 s
=====> Epoch: 53/300, Train Loss (train loader labels): 1.0769, Train acc (train loader labels): 0.4203, Best val acc: 0.4423, Current val acc: 0.4320, Val Loss: 1.0752
=====> Saving current model and best model
balance: False
selecting samples for epoch 54, ratio 0.1
=====> Saving current model and best model
balance: False
selecting samples for epoch 55, ratio 0.1
=====> Saving current model and best model
balance: False
selecting samples for epoch 56, ratio 0.1
=====> Saving current model and best model
balance: False
selecting samples for epoch 57, ratio 0.1
=====> Epoch: 57/300, Total_step: 2679, lr: 0.001000, Total Time: 1965.6135 s, Time this epoch: 17.0713 s
=====> Epoch: 57/300, Train Loss (train loader labels): 1.0844, Train acc (train loader labels): 0.3973, Best val acc: 0.4423, Current val acc: 0.4080, Val Loss: 1.0825
=====> Saving current model and best model
balance: False
selecting samples for epoch 58, ratio 0.1
=====> Saving current model and best model
balance: False
selecting samples for epoch 59, ratio 0.1
=====> Saving current model and best model
balance: False
selecting samples for epoch 60, ratio 0.1
=====> Saving current model and best model
balance: False
selecting samples for epoch 61, ratio 0.1
=====> Epoch: 61/300, Total_step: 2867, lr: 0.001000, Total Time: 2054.9297 s, Time this epoch: 17.1288 s
=====> Epoch: 61/300, Train Loss (train loader labels): 1.0770, Train acc (train loader labels): 0.4217, Best val acc: 0.4423, Current val acc: 0.4307, Val Loss: 1.0739
=====> Saving current model and best model
balance: False
selecting samples for epoch 62, ratio 0.1
=====> Saving current model and best model
balance: False
selecting samples for epoch 63, ratio 0.1
=====> Saving current model and best model
balance: False
selecting samples for epoch 64, ratio 0.1
=====> Saving current model and best model
balance: False
selecting samples for epoch 65, ratio 0.1
=====> Epoch: 65/300, Total_step: 3055, lr: 0.001000, Total Time: 2144.7607 s, Time this epoch: 17.0691 s
=====> Epoch: 65/300, Train Loss (train loader labels): 1.0744, Train acc (train loader labels): 0.4306, Best val acc: 0.4467, Current val acc: 0.4467, Val Loss: 1.0715
=====> Saving current model and best model
balance: False
selecting samples for epoch 66, ratio 0.1
=====> Saving current model and best model
balance: False
selecting samples for epoch 67, ratio 0.1
=====> Saving current model and best model
balance: False
selecting samples for epoch 68, ratio 0.1
=====> Saving current model and best model
balance: False
selecting samples for epoch 69, ratio 0.1
=====> Saving current model and best model
balance: False
selecting samples for epoch 70, ratio 0.1
=====> Saving current model and best model
balance: False
selecting samples for epoch 71, ratio 0.1
=====> Saving current model and best model
balance: False
selecting samples for epoch 72, ratio 0.1
=====> Saving current model and best model
balance: False
selecting samples for epoch 73, ratio 0.1
=====> Saving current model and best model
balance: False
selecting samples for epoch 74, ratio 0.1
=====> Saving current model and best model
balance: False
selecting samples for epoch 75, ratio 0.1
=====> Saving current model and best model
balance: False
selecting samples for epoch 76, ratio 0.1
=====> Epoch: 76/300, Total_step: 3572, lr: 0.001000, Total Time: 2357.4513 s, Time this epoch: 17.0078 s
=====> Epoch: 76/300, Train Loss (train loader labels): 1.0733, Train acc (train loader labels): 0.4259, Best val acc: 0.4467, Current val acc: 0.4450, Val Loss: 1.0712
=====> Saving current model and best model
balance: False
selecting samples for epoch 77, ratio 0.1
=====> Saving current model and best model
balance: False
selecting samples for epoch 78, ratio 0.1
=====> Saving current model and best model
balance: False
selecting samples for epoch 79, ratio 0.1
=====> Saving current model and best model
balance: False
selecting samples for epoch 80, ratio 0.1
=====> Saving current model and best model
balance: False
selecting samples for epoch 81, ratio 0.1
=====> Saving current model and best model
balance: False
selecting samples for epoch 82, ratio 0.1
=====> Saving current model and best model
balance: False
selecting samples for epoch 83, ratio 0.1
=====> Saving current model and best model
balance: False
selecting samples for epoch 84, ratio 0.1
=====> Saving current model and best model
balance: False
selecting samples for epoch 85, ratio 0.1
=====> Saving current model and best model
balance: False
selecting samples for epoch 86, ratio 0.1
=====> Saving current model and best model
balance: False
selecting samples for epoch 87, ratio 0.1
=====> Saving current model and best model
balance: False
selecting samples for epoch 88, ratio 0.1
=====> Saving current model and best model
balance: False
selecting samples for epoch 89, ratio 0.1
=====> Saving current model and best model
balance: False
selecting samples for epoch 90, ratio 0.1
=====> Saving current model and best model
balance: False
selecting samples for epoch 91, ratio 0.1
=====> Epoch: 91/300, Total_step: 4277, lr: 0.001000, Total Time: 2640.4267 s, Time this epoch: 17.0960 s
=====> Epoch: 91/300, Train Loss (train loader labels): 1.0778, Train acc (train loader labels): 0.4159, Best val acc: 0.4467, Current val acc: 0.4240, Val Loss: 1.0758
=====> Saving current model and best model
balance: False
selecting samples for epoch 92, ratio 0.1
=====> Saving current model and best model
balance: False
selecting samples for epoch 93, ratio 0.1
=====> Saving current model and best model
balance: False
selecting samples for epoch 94, ratio 0.1
=====> Saving current model and best model
balance: False
selecting samples for epoch 95, ratio 0.1
=====> Saving current model and best model
balance: False
selecting samples for epoch 96, ratio 0.1
=====> Saving current model and best model
balance: False
selecting samples for epoch 97, ratio 0.1
=====> Saving current model and best model
balance: False
selecting samples for epoch 98, ratio 0.1
=====> Saving current model and best model
balance: False
selecting samples for epoch 99, ratio 0.1
=====> Saving current model and best model
balance: False
selecting samples for epoch 100, ratio 0.1
=====> Saving current model and best model
balance: False
selecting samples for epoch 101, ratio 0.1
=====> Saving current model and best model
balance: False
selecting samples for epoch 102, ratio 0.1
=====> Saving current model and best model
balance: False
selecting samples for epoch 103, ratio 0.1
=====> Saving current model and best model
balance: False
selecting samples for epoch 104, ratio 0.1
=====> Saving current model and best model
balance: False
selecting samples for epoch 105, ratio 0.1
=====> Saving current model and best model
balance: False
selecting samples for epoch 106, ratio 0.1
=====> Epoch: 106/300, Total_step: 4982, lr: 0.001000, Total Time: 2921.9610 s, Time this epoch: 17.1694 s
=====> Epoch: 106/300, Train Loss (train loader labels): 1.0862, Train acc (train loader labels): 0.3785, Best val acc: 0.4467, Current val acc: 0.3840, Val Loss: 1.0852
=====> Saving current model and best model
balance: False
selecting samples for epoch 107, ratio 0.1
=====> Saving current model and best model
balance: False
selecting samples for epoch 108, ratio 0.1
=====> Saving current model and best model
balance: False
selecting samples for epoch 109, ratio 0.1
=====> Saving current model and best model
balance: False
selecting samples for epoch 110, ratio 0.1
=====> Saving current model and best model
balance: False
selecting samples for epoch 111, ratio 0.1
=====> Saving current model and best model
balance: False
selecting samples for epoch 112, ratio 0.1
=====> Saving current model and best model
balance: False
selecting samples for epoch 113, ratio 0.1
=====> Saving current model and best model
balance: False
selecting samples for epoch 114, ratio 0.1
=====> Saving current model and best model
balance: False
selecting samples for epoch 115, ratio 0.1
=====> Saving current model and best model
balance: False
selecting samples for epoch 116, ratio 0.1
=====> Saving current model and best model
balance: False
selecting samples for epoch 117, ratio 0.1
=====> Saving current model and best model
balance: False
selecting samples for epoch 118, ratio 0.1
=====> Saving current model and best model
balance: False
selecting samples for epoch 119, ratio 0.1
=====> Saving current model and best model
balance: False
selecting samples for epoch 120, ratio 0.1
=====> Saving current model and best model
balance: False
selecting samples for epoch 121, ratio 0.1
=====> Epoch: 121/300, Total_step: 5687, lr: 0.001000, Total Time: 3204.0298 s, Time this epoch: 16.9219 s
=====> Epoch: 121/300, Train Loss (train loader labels): 1.0866, Train acc (train loader labels): 0.4060, Best val acc: 0.4467, Current val acc: 0.4153, Val Loss: 1.0843
=====> Saving current model and best model
balance: False
selecting samples for epoch 122, ratio 0.1
=====> Saving current model and best model
balance: False
selecting samples for epoch 123, ratio 0.1
=====> Saving current model and best model
balance: False
selecting samples for epoch 124, ratio 0.1
=====> Saving current model and best model
balance: False
selecting samples for epoch 125, ratio 0.1
=====> Saving current model and best model
balance: False
selecting samples for epoch 126, ratio 0.1
=====> Saving current model and best model
balance: False
selecting samples for epoch 127, ratio 0.1
=====> Saving current model and best model
balance: False
selecting samples for epoch 128, ratio 0.1
=====> Saving current model and best model
balance: False
selecting samples for epoch 129, ratio 0.1
=====> Saving current model and best model
balance: False
selecting samples for epoch 130, ratio 0.1
=====> Saving current model and best model
balance: False
selecting samples for epoch 131, ratio 0.1
=====> Saving current model and best model
balance: False
selecting samples for epoch 132, ratio 0.1
=====> Saving current model and best model
balance: False
selecting samples for epoch 133, ratio 0.1
=====> Saving current model and best model
balance: False
selecting samples for epoch 134, ratio 0.1
=====> Saving current model and best model
balance: False
selecting samples for epoch 135, ratio 0.1
=====> Saving current model and best model
balance: False
selecting samples for epoch 136, ratio 0.1
=====> Epoch: 136/300, Total_step: 6392, lr: 0.001000, Total Time: 3485.0982 s, Time this epoch: 16.8252 s
=====> Epoch: 136/300, Train Loss (train loader labels): 1.0801, Train acc (train loader labels): 0.4189, Best val acc: 0.4467, Current val acc: 0.4367, Val Loss: 1.0780
=====> Saving current model and best model
balance: False
selecting samples for epoch 137, ratio 0.1
=====> Saving current model and best model
balance: False
selecting samples for epoch 138, ratio 0.1
=====> Saving current model and best model
balance: False
selecting samples for epoch 139, ratio 0.1
=====> Saving current model and best model
balance: False
selecting samples for epoch 140, ratio 0.1
=====> Saving current model and best model
balance: False
selecting samples for epoch 141, ratio 0.1
=====> Saving current model and best model
balance: False
selecting samples for epoch 142, ratio 0.1
=====> Saving current model and best model
balance: False
selecting samples for epoch 143, ratio 0.1
=====> Saving current model and best model
balance: False
selecting samples for epoch 144, ratio 0.1
=====> Saving current model and best model
balance: False
selecting samples for epoch 145, ratio 0.1
=====> Saving current model and best model
balance: False
selecting samples for epoch 146, ratio 0.1
=====> Saving current model and best model
balance: False
selecting samples for epoch 147, ratio 0.1
[1;34mwandb[0m: 
[1;34mwandb[0m: You can sync this run to the cloud by running:
[1;34mwandb[0m: [1mwandb sync exp/CIFAR3/Bayesian_deeplinear_bs320_ep300_lr0.001_AdamW_constant_seed1_r0.1_5_hidden/wandb/offline-run-20260605_165837-mhebhmfz[0m
