wandb: Tracking run with wandb version 0.27.0
wandb: W&B syncing is set to `offline` in this directory. Run `wandb online` or set WANDB_MODE=online to enable cloud syncing.
wandb: Run data is saved locally in exp/MNIST/DivBS_deeplinear_bs320_ep300_lr0.001_AdamW_constant_seed2_r0.1_3_hidden/wandb/offline-run-20260605_185222-nqliz35v
wandb: 
wandb: Run history:
wandb:                                best_val_acc 鈻佲杻鈻団枃鈻団枃鈻団枃鈻団枃鈻団枃鈻団枃鈻団枅鈻堚枅鈻堚枅鈻堚枅鈻堚枅鈻堚枅鈻堚枅鈻堚枅鈻堚枅鈻堚枅鈻堚枅鈻堚枅鈻堚枅
wandb:                           diagnostics/epoch 鈻佲杹鈻佲杹鈻佲杹鈻佲杹鈻佲杹鈻佲杹鈻佲杹鈻佲杹鈻佲杹鈻佲杹鈻佲杹鈻佲杹鈻佲杺鈻傗杺鈻傗杺鈻傗杺鈻冣杻鈻勨枀鈻呪枂鈻団枅
wandb: diagnostics/fixed_train_logits_norm_l2_mean 鈻佲枂鈻呪枂鈻呪枂鈻呪枂鈻呪枂鈻嗏枂鈻嗏枂鈻嗏枂鈻団枂鈻嗏枂鈻団枂鈻嗏枃鈻団枃鈻団枃鈻団枂鈻堚枃鈻団枃鈻団枃鈻団枃鈻団枃
wandb:        diagnostics/test_logits_norm_l2_mean 鈻佲枂鈻勨枀鈻呪枂鈻嗏枀鈻嗏枀鈻嗏枂鈻嗏枂鈻嗏枂鈻嗏枂鈻堚枂鈻嗏枂鈻団枂鈻団枃鈻嗏枃鈻団枅鈻団枃鈻団枃鈻団枃鈻団枃鈻団枃
wandb:                      diagnostics/total_step 鈻佲杹鈻佲杹鈻佲杹鈻佲杹鈻佲杹鈻佲杹鈻佲杹鈻佲杹鈻佲杹鈻佲杹鈻佲杹鈻佲杹鈻佲杺鈻傗杺鈻傗杺鈻傗杺鈻傗杺鈻冣枀鈻嗏枂鈻嗏枅
wandb:                                       epoch 鈻佲杹鈻佲杹鈻佲杹鈻佲杹鈻佲杹鈻佲杹鈻佲杹鈻佲杹鈻佲杹鈻佲杹鈻佲杹鈻佲杹鈻傗杺鈻傗杺鈻傗杺鈻傗杻鈻冣杽鈻勨枀鈻嗏枃鈻団枅
wandb:                                          lr 鈻佲杹鈻佲杹鈻佲杹鈻佲杹鈻佲杹鈻佲杹鈻佲杹鈻佲杹鈻佲杹鈻佲杹鈻佲杹鈻佲杹鈻佲杹鈻佲杹鈻佲杹鈻佲杹鈻佲杹鈻佲杹鈻佲杹鈻佲杹
wandb:                                  time_epoch 鈻佲杹鈻佲枅鈻堚枅鈻堚枅鈻堚枅鈻堚枅鈻堚杽鈻勨杽鈻勨杽鈻勨杽鈻勨杽鈻勨杽鈻勨杺鈻傗杺鈻傗杺鈻傗杺鈻傗杺鈻傗杺鈻傗杺鈻傗杺
wandb:                                  total_time 鈻佲杹鈻佲杹鈻佲杹鈻佲杹鈻佲杹鈻佲杹鈻佲杹鈻佲杺鈻傗杺鈻傗杺鈻傗杺鈻傗杺鈻傗杺鈻傗杺鈻傗杺鈻冣杻鈻冣杻鈻冣杽鈻呪枀鈻団枅
wandb:                                   train_acc 鈻佲杻鈻嗏枃鈻団枂鈻団枃鈻団枃鈻団枃鈻団枃鈻堚枃鈻堚枃鈻団枅鈻団枃鈻団枃鈻団枅鈻堚枅鈻堚枅鈻堚枅鈻堚枅鈻堚枅鈻堚枅鈻堚枅
wandb:                                          +5 ...
wandb: 
wandb: Run summary:
wandb:                                best_val_acc 0.6843
wandb:                           diagnostics/epoch 300
wandb: diagnostics/fixed_train_logits_norm_l2_mean 11.06433
wandb:        diagnostics/test_logits_norm_l2_mean 10.35629
wandb:                      diagnostics/total_step 56400
wandb:                         diagnostics/trigger batch_update
wandb:                                       epoch 300
wandb:                                          lr 0.001
wandb:                                  time_epoch 49.62666
wandb:                                  total_time 18827.12375
wandb:                                          +6 ...
wandb: 
wandb: You can sync this run to the cloud by running:
wandb: wandb sync exp/MNIST/DivBS_deeplinear_bs320_ep300_lr0.001_AdamW_constant_seed2_r0.1_3_hidden/wandb/offline-run-20260605_185222-nqliz35v
wandb: Find logs at: exp/MNIST/DivBS_deeplinear_bs320_ep300_lr0.001_AdamW_constant_seed2_r0.1_3_hidden/wandb/offline-run-20260605_185222-nqliz35v/logs
