save_dir: ./exp/CIFAR3/DivBS_deeplinear_bs320_ep300_lr0.001_AdamW_constant_seed1_r0.1_3_hidden
=====> Loading config files: 
configs/cifar3/method/divbs-0.1.yaml
configs/cifar3/data/cifar3.yaml
configs/cifar3/model/deep_linear_saxe/deep_linear_3.yaml
configs/cifar3/optim/adamw-320-0.001-0.01.yaml
configs/diagnostics/snapshots_log_interval.yaml
=====> Config files loaded.
========================= Start Main =========================
=====> Saving config file
=====> Config file saved
=====> Using fixed random seed: 1
=====> Wandb initialized
=====> Number of GPUs: 1
Creating DivBS...
Begin training for DivBS...
=====> Epoch: 0/300, Total_step: 0, lr: 0.001000, Total Time: 0.0000 s, Time this epoch: 0.0000 s
=====> Epoch: 0/300, Train Loss (train loader labels): 1.1047, Train acc (train loader labels): 0.3262, Best val acc: 0.3403, Current val acc: 0.3403, Val Loss: 1.1011
balance: False
selecting samples for epoch 1, ratio 0.1
=====> Epoch: 1/300, Total_step: 1, lr: 0.001000, Total Time: 0.0000 s, Time this epoch: 0.0000 s
=====> Epoch: 1/300, Train Loss (train loader labels): 2.3607, Train acc (train loader labels): 0.4068, Best val acc: 0.4120, Current val acc: 0.4120, Val Loss: 2.4212
=====> Epoch: 1/300, Total_step: 12, lr: 0.001000, Total Time: 0.0000 s, Time this epoch: 0.0000 s
=====> Epoch: 1/300, Train Loss (train loader labels): 1.1232, Train acc (train loader labels): 0.4126, Best val acc: 0.4213, Current val acc: 0.4213, Val Loss: 1.1324
=====> Epoch: 1/300, Total_step: 23, lr: 0.001000, Total Time: 0.0000 s, Time this epoch: 0.0000 s
=====> Epoch: 1/300, Train Loss (train loader labels): 1.1230, Train acc (train loader labels): 0.4052, Best val acc: 0.4213, Current val acc: 0.4073, Val Loss: 1.1094
=====> Epoch: 1/300, Total_step: 34, lr: 0.001000, Total Time: 0.0000 s, Time this epoch: 0.0000 s
=====> Epoch: 1/300, Train Loss (train loader labels): 1.0922, Train acc (train loader labels): 0.4138, Best val acc: 0.4297, Current val acc: 0.4297, Val Loss: 1.0711
=====> Epoch: 1/300, Total_step: 45, lr: 0.001000, Total Time: 0.0000 s, Time this epoch: 0.0000 s
=====> Epoch: 1/300, Train Loss (train loader labels): 1.0287, Train acc (train loader labels): 0.4749, Best val acc: 0.5043, Current val acc: 0.5043, Val Loss: 1.0181
=====> Saving current model and best model
balance: False
selecting samples for epoch 2, ratio 0.1
=====> Epoch: 2/300, Total_step: 48, lr: 0.001000, Total Time: 126.2356 s, Time this epoch: 107.4786 s
=====> Epoch: 2/300, Train Loss (train loader labels): 1.0478, Train acc (train loader labels): 0.4569, Best val acc: 0.5043, Current val acc: 0.4723, Val Loss: 1.0375
=====> Epoch: 2/300, Total_step: 59, lr: 0.001000, Total Time: 126.2356 s, Time this epoch: 107.4786 s
=====> Epoch: 2/300, Train Loss (train loader labels): 1.0395, Train acc (train loader labels): 0.4475, Best val acc: 0.5043, Current val acc: 0.4690, Val Loss: 1.0290
=====> Epoch: 2/300, Total_step: 70, lr: 0.001000, Total Time: 126.2356 s, Time this epoch: 107.4786 s
=====> Epoch: 2/300, Train Loss (train loader labels): 1.0373, Train acc (train loader labels): 0.4569, Best val acc: 0.5043, Current val acc: 0.4813, Val Loss: 1.0280
=====> Epoch: 2/300, Total_step: 81, lr: 0.001000, Total Time: 126.2356 s, Time this epoch: 107.4786 s
=====> Epoch: 2/300, Train Loss (train loader labels): 1.0250, Train acc (train loader labels): 0.4882, Best val acc: 0.5043, Current val acc: 0.5003, Val Loss: 1.0132
=====> Epoch: 2/300, Total_step: 92, lr: 0.001000, Total Time: 126.2356 s, Time this epoch: 107.4786 s
=====> Epoch: 2/300, Train Loss (train loader labels): 1.0270, Train acc (train loader labels): 0.4713, Best val acc: 0.5043, Current val acc: 0.4940, Val Loss: 1.0139
=====> Saving current model and best model
balance: False
selecting samples for epoch 3, ratio 0.1
=====> Epoch: 3/300, Total_step: 95, lr: 0.001000, Total Time: 233.7771 s, Time this epoch: 107.2864 s
=====> Epoch: 3/300, Train Loss (train loader labels): 1.0336, Train acc (train loader labels): 0.4615, Best val acc: 0.5043, Current val acc: 0.4810, Val Loss: 1.0217
=====> Epoch: 3/300, Total_step: 106, lr: 0.001000, Total Time: 233.7771 s, Time this epoch: 107.2864 s
=====> Epoch: 3/300, Train Loss (train loader labels): 1.0110, Train acc (train loader labels): 0.4905, Best val acc: 0.5210, Current val acc: 0.5210, Val Loss: 1.0010
=====> Epoch: 3/300, Total_step: 117, lr: 0.001000, Total Time: 233.7771 s, Time this epoch: 107.2864 s
=====> Epoch: 3/300, Train Loss (train loader labels): 1.0218, Train acc (train loader labels): 0.4845, Best val acc: 0.5210, Current val acc: 0.4993, Val Loss: 1.0159
=====> Epoch: 3/300, Total_step: 128, lr: 0.001000, Total Time: 233.7771 s, Time this epoch: 107.2864 s
=====> Epoch: 3/300, Train Loss (train loader labels): 1.0202, Train acc (train loader labels): 0.4841, Best val acc: 0.5210, Current val acc: 0.4947, Val Loss: 1.0196
=====> Epoch: 3/300, Total_step: 139, lr: 0.001000, Total Time: 233.7771 s, Time this epoch: 107.2864 s
=====> Epoch: 3/300, Train Loss (train loader labels): 1.0228, Train acc (train loader labels): 0.4760, Best val acc: 0.5210, Current val acc: 0.4997, Val Loss: 1.0157
=====> Saving current model and best model
balance: False
selecting samples for epoch 4, ratio 0.1
=====> Epoch: 4/300, Total_step: 142, lr: 0.001000, Total Time: 341.1502 s, Time this epoch: 107.1796 s
=====> Epoch: 4/300, Train Loss (train loader labels): 1.0292, Train acc (train loader labels): 0.4645, Best val acc: 0.5210, Current val acc: 0.4880, Val Loss: 1.0249
=====> Epoch: 4/300, Total_step: 153, lr: 0.001000, Total Time: 341.1502 s, Time this epoch: 107.1796 s
=====> Epoch: 4/300, Train Loss (train loader labels): 1.0596, Train acc (train loader labels): 0.4419, Best val acc: 0.5210, Current val acc: 0.4627, Val Loss: 1.0500
=====> Epoch: 4/300, Total_step: 164, lr: 0.001000, Total Time: 341.1502 s, Time this epoch: 107.1796 s
=====> Epoch: 4/300, Train Loss (train loader labels): 1.0118, Train acc (train loader labels): 0.4893, Best val acc: 0.5210, Current val acc: 0.5047, Val Loss: 0.9989
=====> Epoch: 4/300, Total_step: 175, lr: 0.001000, Total Time: 341.1502 s, Time this epoch: 107.1796 s
=====> Epoch: 4/300, Train Loss (train loader labels): 1.0549, Train acc (train loader labels): 0.4264, Best val acc: 0.5210, Current val acc: 0.4227, Val Loss: 1.0603
=====> Epoch: 4/300, Total_step: 186, lr: 0.001000, Total Time: 341.1502 s, Time this epoch: 107.1796 s
=====> Epoch: 4/300, Train Loss (train loader labels): 1.0258, Train acc (train loader labels): 0.4669, Best val acc: 0.5210, Current val acc: 0.4950, Val Loss: 1.0145
=====> Saving current model and best model
balance: False
selecting samples for epoch 5, ratio 0.1
=====> Epoch: 5/300, Total_step: 189, lr: 0.001000, Total Time: 448.9001 s, Time this epoch: 107.4795 s
=====> Epoch: 5/300, Train Loss (train loader labels): 1.0444, Train acc (train loader labels): 0.4575, Best val acc: 0.5210, Current val acc: 0.4630, Val Loss: 1.0389
=====> Epoch: 5/300, Total_step: 200, lr: 0.001000, Total Time: 448.9001 s, Time this epoch: 107.4795 s
=====> Epoch: 5/300, Train Loss (train loader labels): 1.0169, Train acc (train loader labels): 0.4837, Best val acc: 0.5210, Current val acc: 0.5130, Val Loss: 0.9991
=====> Epoch: 5/300, Total_step: 211, lr: 0.001000, Total Time: 448.9001 s, Time this epoch: 107.4795 s
=====> Epoch: 5/300, Train Loss (train loader labels): 1.0443, Train acc (train loader labels): 0.4702, Best val acc: 0.5210, Current val acc: 0.4977, Val Loss: 1.0372
=====> Epoch: 5/300, Total_step: 222, lr: 0.001000, Total Time: 448.9001 s, Time this epoch: 107.4795 s
=====> Epoch: 5/300, Train Loss (train loader labels): 1.0484, Train acc (train loader labels): 0.4606, Best val acc: 0.5210, Current val acc: 0.4657, Val Loss: 1.0425
=====> Epoch: 5/300, Total_step: 233, lr: 0.001000, Total Time: 448.9001 s, Time this epoch: 107.4795 s
=====> Epoch: 5/300, Train Loss (train loader labels): 1.0744, Train acc (train loader labels): 0.4510, Best val acc: 0.5210, Current val acc: 0.4573, Val Loss: 1.0634
=====> Saving current model and best model
balance: False
selecting samples for epoch 6, ratio 0.1
=====> Epoch: 6/300, Total_step: 282, lr: 0.001000, Total Time: 557.5291 s, Time this epoch: 108.4338 s
=====> Epoch: 6/300, Train Loss (train loader labels): 1.0813, Train acc (train loader labels): 0.4141, Best val acc: 0.5210, Current val acc: 0.4163, Val Loss: 1.0742
=====> Saving current model and best model
balance: False
selecting samples for epoch 7, ratio 0.1
=====> Epoch: 7/300, Total_step: 329, lr: 0.001000, Total Time: 593.8655 s, Time this epoch: 36.1434 s
=====> Epoch: 7/300, Train Loss (train loader labels): 1.0306, Train acc (train loader labels): 0.4573, Best val acc: 0.5210, Current val acc: 0.4640, Val Loss: 1.0254
=====> Saving current model and best model
balance: False
selecting samples for epoch 8, ratio 0.1
=====> Epoch: 8/300, Total_step: 376, lr: 0.001000, Total Time: 629.9260 s, Time this epoch: 35.8518 s
=====> Epoch: 8/300, Train Loss (train loader labels): 1.0314, Train acc (train loader labels): 0.4771, Best val acc: 0.5210, Current val acc: 0.4893, Val Loss: 1.0224
=====> Saving current model and best model
balance: False
selecting samples for epoch 9, ratio 0.1
=====> Epoch: 9/300, Total_step: 423, lr: 0.001000, Total Time: 665.9509 s, Time this epoch: 35.8508 s
=====> Epoch: 9/300, Train Loss (train loader labels): 1.0228, Train acc (train loader labels): 0.4824, Best val acc: 0.5210, Current val acc: 0.4997, Val Loss: 1.0171
=====> Saving current model and best model
balance: False
selecting samples for epoch 10, ratio 0.1
=====> Epoch: 10/300, Total_step: 470, lr: 0.001000, Total Time: 702.0063 s, Time this epoch: 35.8589 s
=====> Epoch: 10/300, Train Loss (train loader labels): 1.0542, Train acc (train loader labels): 0.4427, Best val acc: 0.5210, Current val acc: 0.4497, Val Loss: 1.0459
=====> Saving current model and best model
balance: False
selecting samples for epoch 11, ratio 0.1
=====> Epoch: 11/300, Total_step: 517, lr: 0.001000, Total Time: 738.0550 s, Time this epoch: 35.8664 s
=====> Epoch: 11/300, Train Loss (train loader labels): 1.0174, Train acc (train loader labels): 0.4801, Best val acc: 0.5210, Current val acc: 0.5030, Val Loss: 1.0085
=====> Saving current model and best model
balance: False
selecting samples for epoch 12, ratio 0.1
=====> Epoch: 12/300, Total_step: 564, lr: 0.001000, Total Time: 774.1753 s, Time this epoch: 35.9453 s
=====> Epoch: 12/300, Train Loss (train loader labels): 1.0266, Train acc (train loader labels): 0.4771, Best val acc: 0.5210, Current val acc: 0.4903, Val Loss: 1.0161
=====> Saving current model and best model
balance: False
selecting samples for epoch 13, ratio 0.1
=====> Epoch: 13/300, Total_step: 611, lr: 0.001000, Total Time: 810.4142 s, Time this epoch: 36.0479 s
=====> Epoch: 13/300, Train Loss (train loader labels): 1.0398, Train acc (train loader labels): 0.4436, Best val acc: 0.5210, Current val acc: 0.4497, Val Loss: 1.0336
=====> Saving current model and best model
balance: False
selecting samples for epoch 14, ratio 0.1
=====> Epoch: 14/300, Total_step: 658, lr: 0.001000, Total Time: 846.6284 s, Time this epoch: 36.0249 s
=====> Epoch: 14/300, Train Loss (train loader labels): 1.0447, Train acc (train loader labels): 0.4456, Best val acc: 0.5210, Current val acc: 0.4483, Val Loss: 1.0390
=====> Saving current model and best model
balance: False
selecting samples for epoch 15, ratio 0.1
=====> Epoch: 15/300, Total_step: 705, lr: 0.001000, Total Time: 882.7797 s, Time this epoch: 35.9728 s
=====> Epoch: 15/300, Train Loss (train loader labels): 1.0360, Train acc (train loader labels): 0.4489, Best val acc: 0.5210, Current val acc: 0.4627, Val Loss: 1.0356
=====> Saving current model and best model
balance: False
selecting samples for epoch 16, ratio 0.1
=====> Epoch: 16/300, Total_step: 752, lr: 0.001000, Total Time: 919.1013 s, Time this epoch: 36.1322 s
=====> Epoch: 16/300, Train Loss (train loader labels): 1.0443, Train acc (train loader labels): 0.4499, Best val acc: 0.5210, Current val acc: 0.4507, Val Loss: 1.0475
=====> Saving current model and best model
balance: False
selecting samples for epoch 17, ratio 0.1
=====> Epoch: 17/300, Total_step: 799, lr: 0.001000, Total Time: 955.2704 s, Time this epoch: 35.9832 s
=====> Epoch: 17/300, Train Loss (train loader labels): 1.0425, Train acc (train loader labels): 0.4501, Best val acc: 0.5210, Current val acc: 0.4633, Val Loss: 1.0380
=====> Saving current model and best model
balance: False
selecting samples for epoch 18, ratio 0.1
=====> Epoch: 18/300, Total_step: 846, lr: 0.001000, Total Time: 991.4322 s, Time this epoch: 35.9816 s
=====> Epoch: 18/300, Train Loss (train loader labels): 1.0192, Train acc (train loader labels): 0.4835, Best val acc: 0.5210, Current val acc: 0.4963, Val Loss: 1.0132
=====> Saving current model and best model
balance: False
selecting samples for epoch 19, ratio 0.1
=====> Epoch: 19/300, Total_step: 893, lr: 0.001000, Total Time: 1027.4545 s, Time this epoch: 35.8340 s
=====> Epoch: 19/300, Train Loss (train loader labels): 1.0413, Train acc (train loader labels): 0.4527, Best val acc: 0.5210, Current val acc: 0.4600, Val Loss: 1.0329
=====> Saving current model and best model
balance: False
selecting samples for epoch 20, ratio 0.1
=====> Epoch: 20/300, Total_step: 940, lr: 0.001000, Total Time: 1063.8949 s, Time this epoch: 36.2414 s
=====> Epoch: 20/300, Train Loss (train loader labels): 1.0352, Train acc (train loader labels): 0.4566, Best val acc: 0.5210, Current val acc: 0.4543, Val Loss: 1.0343
=====> Saving current model and best model
balance: False
selecting samples for epoch 21, ratio 0.1
=====> Epoch: 21/300, Total_step: 987, lr: 0.001000, Total Time: 1100.3686 s, Time this epoch: 36.1839 s
=====> Epoch: 21/300, Train Loss (train loader labels): 1.0330, Train acc (train loader labels): 0.4621, Best val acc: 0.5210, Current val acc: 0.4787, Val Loss: 1.0247
=====> Saving current model and best model
balance: False
selecting samples for epoch 22, ratio 0.1
=====> Epoch: 22/300, Total_step: 1034, lr: 0.001000, Total Time: 1136.7135 s, Time this epoch: 36.0130 s
=====> Epoch: 22/300, Train Loss (train loader labels): 1.0278, Train acc (train loader labels): 0.4698, Best val acc: 0.5210, Current val acc: 0.4957, Val Loss: 1.0148
=====> Saving current model and best model
balance: False
selecting samples for epoch 23, ratio 0.1
=====> Epoch: 23/300, Total_step: 1081, lr: 0.001000, Total Time: 1172.8215 s, Time this epoch: 35.8853 s
=====> Epoch: 23/300, Train Loss (train loader labels): 1.0199, Train acc (train loader labels): 0.4869, Best val acc: 0.5210, Current val acc: 0.4950, Val Loss: 1.0140
=====> Saving current model and best model
balance: False
selecting samples for epoch 24, ratio 0.1
=====> Epoch: 24/300, Total_step: 1128, lr: 0.001000, Total Time: 1209.0192 s, Time this epoch: 35.9937 s
=====> Epoch: 24/300, Train Loss (train loader labels): 1.0483, Train acc (train loader labels): 0.4477, Best val acc: 0.5210, Current val acc: 0.4543, Val Loss: 1.0416
=====> Saving current model and best model
balance: False
selecting samples for epoch 25, ratio 0.1
=====> Epoch: 25/300, Total_step: 1175, lr: 0.001000, Total Time: 1245.4199 s, Time this epoch: 36.1972 s
=====> Epoch: 25/300, Train Loss (train loader labels): 1.0364, Train acc (train loader labels): 0.4577, Best val acc: 0.5210, Current val acc: 0.4660, Val Loss: 1.0424
=====> Saving current model and best model
balance: False
selecting samples for epoch 26, ratio 0.1
=====> Epoch: 26/300, Total_step: 1222, lr: 0.001000, Total Time: 1281.7385 s, Time this epoch: 36.1001 s
=====> Epoch: 26/300, Train Loss (train loader labels): 1.0191, Train acc (train loader labels): 0.4735, Best val acc: 0.5210, Current val acc: 0.4983, Val Loss: 1.0098
=====> Saving current model and best model
balance: False
selecting samples for epoch 27, ratio 0.1
=====> Saving current model and best model
balance: False
selecting samples for epoch 28, ratio 0.1
=====> Saving current model and best model
balance: False
selecting samples for epoch 29, ratio 0.1
=====> Epoch: 29/300, Total_step: 1363, lr: 0.001000, Total Time: 1352.9097 s, Time this epoch: 17.2935 s
=====> Epoch: 29/300, Train Loss (train loader labels): 1.0395, Train acc (train loader labels): 0.4655, Best val acc: 0.5210, Current val acc: 0.4633, Val Loss: 1.0475
=====> Saving current model and best model
balance: False
selecting samples for epoch 30, ratio 0.1
=====> Saving current model and best model
balance: False
selecting samples for epoch 31, ratio 0.1
=====> Saving current model and best model
balance: False
selecting samples for epoch 32, ratio 0.1
=====> Saving current model and best model
balance: False
selecting samples for epoch 33, ratio 0.1
=====> Epoch: 33/300, Total_step: 1551, lr: 0.001000, Total Time: 1441.8252 s, Time this epoch: 17.3531 s
=====> Epoch: 33/300, Train Loss (train loader labels): 1.0480, Train acc (train loader labels): 0.4539, Best val acc: 0.5210, Current val acc: 0.4750, Val Loss: 1.0361
=====> Saving current model and best model
balance: False
selecting samples for epoch 34, ratio 0.1
=====> Saving current model and best model
balance: False
selecting samples for epoch 35, ratio 0.1
=====> Saving current model and best model
balance: False
selecting samples for epoch 36, ratio 0.1
=====> Saving current model and best model
balance: False
selecting samples for epoch 37, ratio 0.1
=====> Epoch: 37/300, Total_step: 1739, lr: 0.001000, Total Time: 1530.4232 s, Time this epoch: 17.2773 s
=====> Epoch: 37/300, Train Loss (train loader labels): 1.0535, Train acc (train loader labels): 0.4294, Best val acc: 0.5210, Current val acc: 0.4243, Val Loss: 1.0593
=====> Saving current model and best model
balance: False
selecting samples for epoch 38, ratio 0.1
=====> Saving current model and best model
balance: False
selecting samples for epoch 39, ratio 0.1
=====> Saving current model and best model
balance: False
selecting samples for epoch 40, ratio 0.1
=====> Saving current model and best model
balance: False
selecting samples for epoch 41, ratio 0.1
=====> Epoch: 41/300, Total_step: 1927, lr: 0.001000, Total Time: 1618.8578 s, Time this epoch: 17.2259 s
=====> Epoch: 41/300, Train Loss (train loader labels): 1.0225, Train acc (train loader labels): 0.4511, Best val acc: 0.5210, Current val acc: 0.4663, Val Loss: 1.0205
=====> Saving current model and best model
balance: False
selecting samples for epoch 42, ratio 0.1
=====> Saving current model and best model
balance: False
selecting samples for epoch 43, ratio 0.1
=====> Saving current model and best model
balance: False
selecting samples for epoch 44, ratio 0.1
=====> Saving current model and best model
balance: False
selecting samples for epoch 45, ratio 0.1
=====> Epoch: 45/300, Total_step: 2115, lr: 0.001000, Total Time: 1707.3080 s, Time this epoch: 17.1442 s
=====> Epoch: 45/300, Train Loss (train loader labels): 1.0255, Train acc (train loader labels): 0.4705, Best val acc: 0.5210, Current val acc: 0.4863, Val Loss: 1.0207
=====> Saving current model and best model
balance: False
selecting samples for epoch 46, ratio 0.1
=====> Saving current model and best model
balance: False
selecting samples for epoch 47, ratio 0.1
=====> Saving current model and best model
balance: False
selecting samples for epoch 48, ratio 0.1
=====> Saving current model and best model
balance: False
selecting samples for epoch 49, ratio 0.1
=====> Epoch: 49/300, Total_step: 2303, lr: 0.001000, Total Time: 1795.9265 s, Time this epoch: 17.2243 s
=====> Epoch: 49/300, Train Loss (train loader labels): 1.0194, Train acc (train loader labels): 0.4732, Best val acc: 0.5210, Current val acc: 0.4980, Val Loss: 1.0081
=====> Saving current model and best model
balance: False
selecting samples for epoch 50, ratio 0.1
=====> Saving current model and best model
balance: False
selecting samples for epoch 51, ratio 0.1
=====> Saving current model and best model
balance: False
selecting samples for epoch 52, ratio 0.1
=====> Saving current model and best model
balance: False
selecting samples for epoch 53, ratio 0.1
=====> Epoch: 53/300, Total_step: 2491, lr: 0.001000, Total Time: 1884.6023 s, Time this epoch: 17.2195 s
=====> Epoch: 53/300, Train Loss (train loader labels): 1.0630, Train acc (train loader labels): 0.4279, Best val acc: 0.5210, Current val acc: 0.4310, Val Loss: 1.0545
=====> Saving current model and best model
balance: False
selecting samples for epoch 54, ratio 0.1
=====> Saving current model and best model
balance: False
selecting samples for epoch 55, ratio 0.1
=====> Saving current model and best model
balance: False
selecting samples for epoch 56, ratio 0.1
=====> Saving current model and best model
balance: False
selecting samples for epoch 57, ratio 0.1
=====> Epoch: 57/300, Total_step: 2679, lr: 0.001000, Total Time: 1973.7358 s, Time this epoch: 17.4247 s
=====> Epoch: 57/300, Train Loss (train loader labels): 1.0254, Train acc (train loader labels): 0.4661, Best val acc: 0.5210, Current val acc: 0.4790, Val Loss: 1.0182
=====> Saving current model and best model
balance: False
selecting samples for epoch 58, ratio 0.1
=====> Saving current model and best model
balance: False
selecting samples for epoch 59, ratio 0.1
=====> Saving current model and best model
balance: False
selecting samples for epoch 60, ratio 0.1
=====> Saving current model and best model
balance: False
selecting samples for epoch 61, ratio 0.1
=====> Epoch: 61/300, Total_step: 2867, lr: 0.001000, Total Time: 2062.0881 s, Time this epoch: 17.1318 s
=====> Epoch: 61/300, Train Loss (train loader labels): 1.0088, Train acc (train loader labels): 0.4885, Best val acc: 0.5210, Current val acc: 0.4987, Val Loss: 1.0111
=====> Saving current model and best model
balance: False
selecting samples for epoch 62, ratio 0.1
=====> Saving current model and best model
balance: False
selecting samples for epoch 63, ratio 0.1
=====> Saving current model and best model
balance: False
selecting samples for epoch 64, ratio 0.1
=====> Saving current model and best model
balance: False
selecting samples for epoch 65, ratio 0.1
=====> Epoch: 65/300, Total_step: 3055, lr: 0.001000, Total Time: 2150.4917 s, Time this epoch: 17.1482 s
=====> Epoch: 65/300, Train Loss (train loader labels): 1.0292, Train acc (train loader labels): 0.4749, Best val acc: 0.5210, Current val acc: 0.4860, Val Loss: 1.0250
=====> Saving current model and best model
balance: False
selecting samples for epoch 66, ratio 0.1
=====> Saving current model and best model
balance: False
selecting samples for epoch 67, ratio 0.1
=====> Saving current model and best model
balance: False
selecting samples for epoch 68, ratio 0.1
=====> Saving current model and best model
balance: False
selecting samples for epoch 69, ratio 0.1
=====> Saving current model and best model
balance: False
selecting samples for epoch 70, ratio 0.1
=====> Saving current model and best model
balance: False
selecting samples for epoch 71, ratio 0.1
=====> Saving current model and best model
balance: False
selecting samples for epoch 72, ratio 0.1
=====> Saving current model and best model
balance: False
selecting samples for epoch 73, ratio 0.1
=====> Saving current model and best model
balance: False
selecting samples for epoch 74, ratio 0.1
=====> Saving current model and best model
balance: False
selecting samples for epoch 75, ratio 0.1
=====> Saving current model and best model
balance: False
selecting samples for epoch 76, ratio 0.1
=====> Epoch: 76/300, Total_step: 3572, lr: 0.001000, Total Time: 2361.4560 s, Time this epoch: 17.3173 s
=====> Epoch: 76/300, Train Loss (train loader labels): 1.6173, Train acc (train loader labels): 0.3367, Best val acc: 0.5210, Current val acc: 0.3307, Val Loss: 1.6550
=====> Saving current model and best model
balance: False
selecting samples for epoch 77, ratio 0.1
=====> Saving current model and best model
balance: False
selecting samples for epoch 78, ratio 0.1
=====> Saving current model and best model
balance: False
selecting samples for epoch 79, ratio 0.1
=====> Saving current model and best model
balance: False
selecting samples for epoch 80, ratio 0.1
=====> Saving current model and best model
balance: False
selecting samples for epoch 81, ratio 0.1
=====> Saving current model and best model
balance: False
selecting samples for epoch 82, ratio 0.1
=====> Saving current model and best model
balance: False
selecting samples for epoch 83, ratio 0.1
=====> Saving current model and best model
balance: False
selecting samples for epoch 84, ratio 0.1
=====> Saving current model and best model
balance: False
selecting samples for epoch 85, ratio 0.1
=====> Saving current model and best model
balance: False
selecting samples for epoch 86, ratio 0.1
=====> Saving current model and best model
balance: False
selecting samples for epoch 87, ratio 0.1
=====> Saving current model and best model
balance: False
selecting samples for epoch 88, ratio 0.1
=====> Saving current model and best model
balance: False
selecting samples for epoch 89, ratio 0.1
=====> Saving current model and best model
balance: False
selecting samples for epoch 90, ratio 0.1
=====> Saving current model and best model
balance: False
selecting samples for epoch 91, ratio 0.1
=====> Epoch: 91/300, Total_step: 4277, lr: 0.001000, Total Time: 2643.3862 s, Time this epoch: 17.2849 s
=====> Epoch: 91/300, Train Loss (train loader labels): 0.9996, Train acc (train loader labels): 0.4995, Best val acc: 0.5210, Current val acc: 0.5177, Val Loss: 0.9909
=====> Saving current model and best model
balance: False
selecting samples for epoch 92, ratio 0.1
=====> Saving current model and best model
balance: False
selecting samples for epoch 93, ratio 0.1
=====> Saving current model and best model
balance: False
selecting samples for epoch 94, ratio 0.1
=====> Saving current model and best model
balance: False
selecting samples for epoch 95, ratio 0.1
=====> Saving current model and best model
balance: False
selecting samples for epoch 96, ratio 0.1
=====> Saving current model and best model
balance: False
selecting samples for epoch 97, ratio 0.1
=====> Saving current model and best model
balance: False
selecting samples for epoch 98, ratio 0.1
=====> Saving current model and best model
balance: False
selecting samples for epoch 99, ratio 0.1
=====> Saving current model and best model
balance: False
selecting samples for epoch 100, ratio 0.1
=====> Saving current model and best model
balance: False
selecting samples for epoch 101, ratio 0.1
=====> Saving current model and best model
balance: False
selecting samples for epoch 102, ratio 0.1
=====> Saving current model and best model
balance: False
selecting samples for epoch 103, ratio 0.1
=====> Saving current model and best model
balance: False
selecting samples for epoch 104, ratio 0.1
=====> Saving current model and best model
balance: False
selecting samples for epoch 105, ratio 0.1
=====> Saving current model and best model
balance: False
selecting samples for epoch 106, ratio 0.1
=====> Epoch: 106/300, Total_step: 4982, lr: 0.001000, Total Time: 2923.9567 s, Time this epoch: 17.1953 s
=====> Epoch: 106/300, Train Loss (train loader labels): 1.0051, Train acc (train loader labels): 0.4890, Best val acc: 0.5210, Current val acc: 0.5123, Val Loss: 0.9974
=====> Saving current model and best model
balance: False
selecting samples for epoch 107, ratio 0.1
=====> Saving current model and best model
balance: False
selecting samples for epoch 108, ratio 0.1
=====> Saving current model and best model
balance: False
selecting samples for epoch 109, ratio 0.1
=====> Saving current model and best model
balance: False
selecting samples for epoch 110, ratio 0.1
=====> Saving current model and best model
balance: False
selecting samples for epoch 111, ratio 0.1
=====> Saving current model and best model
balance: False
selecting samples for epoch 112, ratio 0.1
=====> Saving current model and best model
balance: False
selecting samples for epoch 113, ratio 0.1
=====> Saving current model and best model
balance: False
selecting samples for epoch 114, ratio 0.1
=====> Saving current model and best model
balance: False
selecting samples for epoch 115, ratio 0.1
=====> Saving current model and best model
balance: False
selecting samples for epoch 116, ratio 0.1
=====> Saving current model and best model
balance: False
selecting samples for epoch 117, ratio 0.1
=====> Saving current model and best model
balance: False
selecting samples for epoch 118, ratio 0.1
=====> Saving current model and best model
balance: False
selecting samples for epoch 119, ratio 0.1
=====> Saving current model and best model
balance: False
selecting samples for epoch 120, ratio 0.1
=====> Saving current model and best model
balance: False
selecting samples for epoch 121, ratio 0.1
=====> Epoch: 121/300, Total_step: 5687, lr: 0.001000, Total Time: 3204.3874 s, Time this epoch: 17.1635 s
=====> Epoch: 121/300, Train Loss (train loader labels): 1.0046, Train acc (train loader labels): 0.4937, Best val acc: 0.5210, Current val acc: 0.5083, Val Loss: 0.9975
=====> Saving current model and best model
balance: False
selecting samples for epoch 122, ratio 0.1
=====> Saving current model and best model
balance: False
selecting samples for epoch 123, ratio 0.1
=====> Saving current model and best model
balance: False
selecting samples for epoch 124, ratio 0.1
=====> Saving current model and best model
balance: False
selecting samples for epoch 125, ratio 0.1
=====> Saving current model and best model
balance: False
selecting samples for epoch 126, ratio 0.1
=====> Saving current model and best model
balance: False
selecting samples for epoch 127, ratio 0.1
=====> Saving current model and best model
balance: False
selecting samples for epoch 128, ratio 0.1
=====> Saving current model and best model
balance: False
selecting samples for epoch 129, ratio 0.1
=====> Saving current model and best model
balance: False
selecting samples for epoch 130, ratio 0.1
=====> Saving current model and best model
balance: False
selecting samples for epoch 131, ratio 0.1
=====> Saving current model and best model
balance: False
selecting samples for epoch 132, ratio 0.1
=====> Saving current model and best model
balance: False
selecting samples for epoch 133, ratio 0.1
=====> Saving current model and best model
balance: False
selecting samples for epoch 134, ratio 0.1
=====> Saving current model and best model
balance: False
selecting samples for epoch 135, ratio 0.1
=====> Saving current model and best model
balance: False
selecting samples for epoch 136, ratio 0.1
=====> Epoch: 136/300, Total_step: 6392, lr: 0.001000, Total Time: 3484.9864 s, Time this epoch: 17.1750 s
=====> Epoch: 136/300, Train Loss (train loader labels): 1.0167, Train acc (train loader labels): 0.4849, Best val acc: 0.5210, Current val acc: 0.5020, Val Loss: 1.0079
=====> Saving current model and best model
balance: False
selecting samples for epoch 137, ratio 0.1
=====> Saving current model and best model
balance: False
selecting samples for epoch 138, ratio 0.1
=====> Saving current model and best model
balance: False
selecting samples for epoch 139, ratio 0.1
=====> Saving current model and best model
balance: False
selecting samples for epoch 140, ratio 0.1
=====> Saving current model and best model
balance: False
selecting samples for epoch 141, ratio 0.1
=====> Saving current model and best model
balance: False
selecting samples for epoch 142, ratio 0.1
=====> Saving current model and best model
balance: False
selecting samples for epoch 143, ratio 0.1
=====> Saving current model and best model
balance: False
selecting samples for epoch 144, ratio 0.1
=====> Saving current model and best model
balance: False
selecting samples for epoch 145, ratio 0.1
=====> Saving current model and best model
balance: False
selecting samples for epoch 146, ratio 0.1
=====> Saving current model and best model
balance: False
selecting samples for epoch 147, ratio 0.1
=====> Saving current model and best model
balance: False
selecting samples for epoch 148, ratio 0.1
=====> Saving current model and best model
balance: False
selecting samples for epoch 149, ratio 0.1
=====> Saving current model and best model
balance: False
selecting samples for epoch 150, ratio 0.1
=====> Saving current model and best model
balance: False
selecting samples for epoch 151, ratio 0.1
=====> Epoch: 151/300, Total_step: 7097, lr: 0.001000, Total Time: 3765.6238 s, Time this epoch: 17.1963 s
=====> Epoch: 151/300, Train Loss (train loader labels): 1.0329, Train acc (train loader labels): 0.4647, Best val acc: 0.5210, Current val acc: 0.4903, Val Loss: 1.0149
=====> Saving current model and best model
balance: False
selecting samples for epoch 152, ratio 0.1
=====> Saving current model and best model
balance: False
selecting samples for epoch 153, ratio 0.1
=====> Saving current model and best model
balance: False
selecting samples for epoch 154, ratio 0.1
=====> Saving current model and best model
balance: False
selecting samples for epoch 155, ratio 0.1
=====> Saving current model and best model
balance: False
selecting samples for epoch 156, ratio 0.1
=====> Saving current model and best model
balance: False
selecting samples for epoch 157, ratio 0.1
=====> Saving current model and best model
balance: False
selecting samples for epoch 158, ratio 0.1
=====> Saving current model and best model
balance: False
selecting samples for epoch 159, ratio 0.1
=====> Saving current model and best model
balance: False
selecting samples for epoch 160, ratio 0.1
=====> Saving current model and best model
balance: False
selecting samples for epoch 161, ratio 0.1
=====> Saving current model and best model
balance: False
selecting samples for epoch 162, ratio 0.1
=====> Saving current model and best model
balance: False
selecting samples for epoch 163, ratio 0.1
=====> Saving current model and best model
balance: False
selecting samples for epoch 164, ratio 0.1
=====> Saving current model and best model
balance: False
selecting samples for epoch 165, ratio 0.1
=====> Saving current model and best model
balance: False
selecting samples for epoch 166, ratio 0.1
=====> Epoch: 166/300, Total_step: 7802, lr: 0.001000, Total Time: 4047.6457 s, Time this epoch: 17.2461 s
=====> Epoch: 166/300, Train Loss (train loader labels): 1.0052, Train acc (train loader labels): 0.4883, Best val acc: 0.5210, Current val acc: 0.5043, Val Loss: 0.9985
=====> Saving current model and best model
balance: False
selecting samples for epoch 167, ratio 0.1
=====> Saving current model and best model
balance: False
selecting samples for epoch 168, ratio 0.1
=====> Saving current model and best model
balance: False
selecting samples for epoch 169, ratio 0.1
=====> Saving current model and best model
balance: False
selecting samples for epoch 170, ratio 0.1
=====> Saving current model and best model
balance: False
selecting samples for epoch 171, ratio 0.1
=====> Saving current model and best model
balance: False
selecting samples for epoch 172, ratio 0.1
=====> Saving current model and best model
balance: False
selecting samples for epoch 173, ratio 0.1
=====> Saving current model and best model
balance: False
selecting samples for epoch 174, ratio 0.1
=====> Saving current model and best model
balance: False
selecting samples for epoch 175, ratio 0.1
=====> Saving current model and best model
balance: False
selecting samples for epoch 176, ratio 0.1
=====> Saving current model and best model
balance: False
selecting samples for epoch 177, ratio 0.1
=====> Saving current model and best model
balance: False
selecting samples for epoch 178, ratio 0.1
=====> Saving current model and best model
balance: False
selecting samples for epoch 179, ratio 0.1
=====> Saving current model and best model
balance: False
selecting samples for epoch 180, ratio 0.1
=====> Saving current model and best model
balance: False
selecting samples for epoch 181, ratio 0.1
=====> Epoch: 181/300, Total_step: 8507, lr: 0.001000, Total Time: 4330.6311 s, Time this epoch: 17.3576 s
=====> Epoch: 181/300, Train Loss (train loader labels): 1.0011, Train acc (train loader labels): 0.4937, Best val acc: 0.5210, Current val acc: 0.5110, Val Loss: 0.9925
=====> Saving current model and best model
balance: False
selecting samples for epoch 182, ratio 0.1
=====> Saving current model and best model
balance: False
selecting samples for epoch 183, ratio 0.1
=====> Saving current model and best model
balance: False
selecting samples for epoch 184, ratio 0.1
=====> Saving current model and best model
balance: False
selecting samples for epoch 185, ratio 0.1
=====> Saving current model and best model
balance: False
selecting samples for epoch 186, ratio 0.1
=====> Saving current model and best model
balance: False
selecting samples for epoch 187, ratio 0.1
=====> Saving current model and best model
balance: False
selecting samples for epoch 188, ratio 0.1
=====> Saving current model and best model
balance: False
selecting samples for epoch 189, ratio 0.1
=====> Saving current model and best model
balance: False
selecting samples for epoch 190, ratio 0.1
=====> Saving current model and best model
balance: False
selecting samples for epoch 191, ratio 0.1
=====> Saving current model and best model
balance: False
selecting samples for epoch 192, ratio 0.1
=====> Saving current model and best model
balance: False
selecting samples for epoch 193, ratio 0.1
=====> Saving current model and best model
balance: False
selecting samples for epoch 194, ratio 0.1
=====> Saving current model and best model
balance: False
selecting samples for epoch 195, ratio 0.1
=====> Saving current model and best model
balance: False
selecting samples for epoch 196, ratio 0.1
=====> Epoch: 196/300, Total_step: 9212, lr: 0.001000, Total Time: 4613.3374 s, Time this epoch: 17.2880 s
=====> Epoch: 196/300, Train Loss (train loader labels): 1.0007, Train acc (train loader labels): 0.5019, Best val acc: 0.5237, Current val acc: 0.5237, Val Loss: 0.9934
=====> Saving current model and best model
balance: False
selecting samples for epoch 197, ratio 0.1
=====> Saving current model and best model
balance: False
selecting samples for epoch 198, ratio 0.1
=====> Saving current model and best model
balance: False
selecting samples for epoch 199, ratio 0.1
=====> Saving current model and best model
balance: False
selecting samples for epoch 200, ratio 0.1
=====> Saving current model and best model
balance: False
selecting samples for epoch 201, ratio 0.1
=====> Saving current model and best model
balance: False
selecting samples for epoch 202, ratio 0.1
=====> Saving current model and best model
balance: False
selecting samples for epoch 203, ratio 0.1
=====> Saving current model and best model
balance: False
selecting samples for epoch 204, ratio 0.1
=====> Saving current model and best model
balance: False
selecting samples for epoch 205, ratio 0.1
=====> Saving current model and best model
balance: False
selecting samples for epoch 206, ratio 0.1
=====> Saving current model and best model
balance: False
selecting samples for epoch 207, ratio 0.1
=====> Saving current model and best model
balance: False
selecting samples for epoch 208, ratio 0.1
=====> Saving current model and best model
balance: False
selecting samples for epoch 209, ratio 0.1
=====> Saving current model and best model
balance: False
selecting samples for epoch 210, ratio 0.1
=====> Saving current model and best model
balance: False
selecting samples for epoch 211, ratio 0.1
=====> Epoch: 211/300, Total_step: 9917, lr: 0.001000, Total Time: 4897.4216 s, Time this epoch: 17.2757 s
=====> Epoch: 211/300, Train Loss (train loader labels): 0.9967, Train acc (train loader labels): 0.5021, Best val acc: 0.5237, Current val acc: 0.5113, Val Loss: 0.9892
=====> Saving current model and best model
balance: False
selecting samples for epoch 212, ratio 0.1
=====> Saving current model and best model
balance: False
selecting samples for epoch 213, ratio 0.1
=====> Saving current model and best model
balance: False
selecting samples for epoch 214, ratio 0.1
=====> Saving current model and best model
balance: False
selecting samples for epoch 215, ratio 0.1
=====> Saving current model and best model
balance: False
selecting samples for epoch 216, ratio 0.1
=====> Saving current model and best model
balance: False
selecting samples for epoch 217, ratio 0.1
=====> Saving current model and best model
balance: False
selecting samples for epoch 218, ratio 0.1
=====> Saving current model and best model
balance: False
selecting samples for epoch 219, ratio 0.1
=====> Saving current model and best model
balance: False
selecting samples for epoch 220, ratio 0.1
=====> Saving current model and best model
balance: False
selecting samples for epoch 221, ratio 0.1
=====> Saving current model and best model
balance: False
selecting samples for epoch 222, ratio 0.1
=====> Saving current model and best model
balance: False
selecting samples for epoch 223, ratio 0.1
=====> Saving current model and best model
balance: False
selecting samples for epoch 224, ratio 0.1
=====> Saving current model and best model
balance: False
selecting samples for epoch 225, ratio 0.1
=====> Saving current model and best model
balance: False
selecting samples for epoch 226, ratio 0.1
=====> Epoch: 226/300, Total_step: 10622, lr: 0.001000, Total Time: 5180.1284 s, Time this epoch: 17.2017 s
=====> Epoch: 226/300, Train Loss (train loader labels): 0.9989, Train acc (train loader labels): 0.5004, Best val acc: 0.5237, Current val acc: 0.5137, Val Loss: 0.9951
=====> Saving current model and best model
balance: False
selecting samples for epoch 227, ratio 0.1
=====> Saving current model and best model
balance: False
selecting samples for epoch 228, ratio 0.1
=====> Saving current model and best model
balance: False
selecting samples for epoch 229, ratio 0.1
=====> Saving current model and best model
balance: False
selecting samples for epoch 230, ratio 0.1
=====> Saving current model and best model
balance: False
selecting samples for epoch 231, ratio 0.1
=====> Saving current model and best model
balance: False
selecting samples for epoch 232, ratio 0.1
=====> Saving current model and best model
balance: False
selecting samples for epoch 233, ratio 0.1
=====> Saving current model and best model
balance: False
selecting samples for epoch 234, ratio 0.1
=====> Saving current model and best model
balance: False
selecting samples for epoch 235, ratio 0.1
=====> Saving current model and best model
balance: False
selecting samples for epoch 236, ratio 0.1
=====> Saving current model and best model
balance: False
selecting samples for epoch 237, ratio 0.1
=====> Saving current model and best model
balance: False
selecting samples for epoch 238, ratio 0.1
=====> Saving current model and best model
balance: False
selecting samples for epoch 239, ratio 0.1
=====> Saving current model and best model
balance: False
selecting samples for epoch 240, ratio 0.1
=====> Saving current model and best model
balance: False
selecting samples for epoch 241, ratio 0.1
=====> Epoch: 241/300, Total_step: 11327, lr: 0.001000, Total Time: 5463.9096 s, Time this epoch: 17.2616 s
=====> Epoch: 241/300, Train Loss (train loader labels): 1.0047, Train acc (train loader labels): 0.4915, Best val acc: 0.5237, Current val acc: 0.4990, Val Loss: 1.0014
=====> Saving current model and best model
balance: False
selecting samples for epoch 242, ratio 0.1
=====> Saving current model and best model
balance: False
selecting samples for epoch 243, ratio 0.1
=====> Saving current model and best model
balance: False
selecting samples for epoch 244, ratio 0.1
=====> Saving current model and best model
balance: False
selecting samples for epoch 245, ratio 0.1
=====> Saving current model and best model
balance: False
selecting samples for epoch 246, ratio 0.1
=====> Saving current model and best model
balance: False
selecting samples for epoch 247, ratio 0.1
=====> Saving current model and best model
balance: False
selecting samples for epoch 248, ratio 0.1
=====> Saving current model and best model
balance: False
selecting samples for epoch 249, ratio 0.1
=====> Saving current model and best model
balance: False
selecting samples for epoch 250, ratio 0.1
=====> Saving current model and best model
balance: False
selecting samples for epoch 251, ratio 0.1
=====> Saving current model and best model
balance: False
selecting samples for epoch 252, ratio 0.1
=====> Saving current model and best model
balance: False
selecting samples for epoch 253, ratio 0.1
=====> Saving current model and best model
balance: False
selecting samples for epoch 254, ratio 0.1
=====> Saving current model and best model
balance: False
selecting samples for epoch 255, ratio 0.1
=====> Saving current model and best model
balance: False
selecting samples for epoch 256, ratio 0.1
=====> Epoch: 256/300, Total_step: 12032, lr: 0.001000, Total Time: 5746.1836 s, Time this epoch: 17.1894 s
=====> Epoch: 256/300, Train Loss (train loader labels): 1.0027, Train acc (train loader labels): 0.4918, Best val acc: 0.5237, Current val acc: 0.5003, Val Loss: 0.9955
=====> Saving current model and best model
balance: False
selecting samples for epoch 257, ratio 0.1
=====> Saving current model and best model
balance: False
selecting samples for epoch 258, ratio 0.1
=====> Saving current model and best model
balance: False
selecting samples for epoch 259, ratio 0.1
=====> Saving current model and best model
balance: False
selecting samples for epoch 260, ratio 0.1
=====> Saving current model and best model
balance: False
selecting samples for epoch 261, ratio 0.1
=====> Saving current model and best model
balance: False
selecting samples for epoch 262, ratio 0.1
=====> Saving current model and best model
balance: False
selecting samples for epoch 263, ratio 0.1
=====> Saving current model and best model
balance: False
selecting samples for epoch 264, ratio 0.1
=====> Saving current model and best model
balance: False
selecting samples for epoch 265, ratio 0.1
=====> Saving current model and best model
balance: False
selecting samples for epoch 266, ratio 0.1
=====> Saving current model and best model
balance: False
selecting samples for epoch 267, ratio 0.1
=====> Saving current model and best model
balance: False
selecting samples for epoch 268, ratio 0.1
=====> Saving current model and best model
balance: False
selecting samples for epoch 269, ratio 0.1
=====> Saving current model and best model
balance: False
selecting samples for epoch 270, ratio 0.1
=====> Saving current model and best model
balance: False
selecting samples for epoch 271, ratio 0.1
=====> Epoch: 271/300, Total_step: 12737, lr: 0.001000, Total Time: 6028.8598 s, Time this epoch: 17.2374 s
=====> Epoch: 271/300, Train Loss (train loader labels): 1.0121, Train acc (train loader labels): 0.4811, Best val acc: 0.5237, Current val acc: 0.4897, Val Loss: 1.0100
=====> Saving current model and best model
balance: False
selecting samples for epoch 272, ratio 0.1
=====> Saving current model and best model
balance: False
selecting samples for epoch 273, ratio 0.1
=====> Saving current model and best model
balance: False
selecting samples for epoch 274, ratio 0.1
=====> Saving current model and best model
balance: False
selecting samples for epoch 275, ratio 0.1
=====> Saving current model and best model
balance: False
selecting samples for epoch 276, ratio 0.1
=====> Saving current model and best model
balance: False
selecting samples for epoch 277, ratio 0.1
=====> Saving current model and best model
balance: False
selecting samples for epoch 278, ratio 0.1
=====> Saving current model and best model
balance: False
selecting samples for epoch 279, ratio 0.1
=====> Saving current model and best model
balance: False
selecting samples for epoch 280, ratio 0.1
=====> Saving current model and best model
balance: False
selecting samples for epoch 281, ratio 0.1
=====> Saving current model and best model
balance: False
selecting samples for epoch 282, ratio 0.1
=====> Saving current model and best model
balance: False
selecting samples for epoch 283, ratio 0.1
=====> Saving current model and best model
balance: False
selecting samples for epoch 284, ratio 0.1
=====> Saving current model and best model
balance: False
selecting samples for epoch 285, ratio 0.1
=====> Saving current model and best model
balance: False
selecting samples for epoch 286, ratio 0.1
=====> Epoch: 286/300, Total_step: 13442, lr: 0.001000, Total Time: 6310.8658 s, Time this epoch: 17.1913 s
=====> Epoch: 286/300, Train Loss (train loader labels): 1.0049, Train acc (train loader labels): 0.5023, Best val acc: 0.5237, Current val acc: 0.5190, Val Loss: 0.9938
=====> Saving current model and best model
balance: False
selecting samples for epoch 287, ratio 0.1
=====> Saving current model and best model
balance: False
selecting samples for epoch 288, ratio 0.1
=====> Saving current model and best model
balance: False
selecting samples for epoch 289, ratio 0.1
=====> Saving current model and best model
balance: False
selecting samples for epoch 290, ratio 0.1
=====> Saving current model and best model
balance: False
selecting samples for epoch 291, ratio 0.1
=====> Saving current model and best model
balance: False
selecting samples for epoch 292, ratio 0.1
=====> Saving current model and best model
balance: False
selecting samples for epoch 293, ratio 0.1
=====> Saving current model and best model
balance: False
selecting samples for epoch 294, ratio 0.1
=====> Saving current model and best model
balance: False
selecting samples for epoch 295, ratio 0.1
=====> Saving current model and best model
balance: False
selecting samples for epoch 296, ratio 0.1
=====> Saving current model and best model
balance: False
selecting samples for epoch 297, ratio 0.1
=====> Saving current model and best model
balance: False
selecting samples for epoch 298, ratio 0.1
=====> Saving current model and best model
balance: False
selecting samples for epoch 299, ratio 0.1
=====> Saving current model and best model
balance: False
selecting samples for epoch 300, ratio 0.1
=====> Epoch: 300/300, Total_step: 14100, lr: 0.001000, Total Time: 6574.8001 s, Time this epoch: 17.2155 s
=====> Epoch: 300/300, Train Loss (train loader labels): 1.0020, Train acc (train loader labels): 0.4983, Best val acc: 0.5237, Current val acc: 0.5107, Val Loss: 0.9945
=====> Saving current model and best model
Saved helper snapshots to /home/mward19/Documents/miller/Online-Batch-Selection/snapshots/CIFAR3/{"bsel":"DivBS","seed":1,"model":"DeepLinear","opt":"adamw","bs":320,"ratio":0.1,"lr":0.001,"wd":0.01,"layers":3,"hidden_dim":1000}.p
Saved selected points array to /home/mward19/Documents/miller/Online-Batch-Selection/selected_points/CIFAR3/{"bsel":"DivBS","seed":1,"model":"DeepLinear","opt":"adamw","bs":320,"ratio":0.1,"lr":0.001,"wd":0.01,"layers":3,"hidden_dim":1000}.npy
========================= End Main =========================
