save_dir: ./exp/CIFAR3/Bayesian_deeplinear_bs320_ep300_lr0.001_AdamW_constant_seed3_r0.1_8_hidden
=====> Loading config files: 
configs/cifar3/method/bayesian-0.1.yaml
configs/cifar3/data/cifar3.yaml
configs/cifar3/model/deep_linear_saxe/deep_linear_8.yaml
configs/cifar3/optim/adamw-320-0.001-0.01.yaml
configs/diagnostics/snapshots_log_interval.yaml
=====> Config files loaded.
========================= Start Main =========================
=====> Saving config file
=====> Config file saved
=====> Using fixed random seed: 3
=====> Wandb initialized
=====> Number of GPUs: 1
Creating Bayesian...
=====> Start teacher Validation
=====> teacher Test Accuracy: 0.7280
Cached teacher losses for 15000 samples in dataset.
Begin training for Bayesian...
=====> Epoch: 0/300, Total_step: 0, lr: 0.001000, Total Time: 0.0000 s, Time this epoch: 0.0000 s
=====> Epoch: 0/300, Train Loss (train loader labels): 1.0988, Train acc (train loader labels): 0.3333, Best val acc: 0.3337, Current val acc: 0.3337, Val Loss: 1.0988
balance: False
selecting samples for epoch 1, ratio 0.1
=====> Epoch: 1/300, Total_step: 1, lr: 0.001000, Total Time: 0.0000 s, Time this epoch: 0.0000 s
=====> Epoch: 1/300, Train Loss (train loader labels): 1.1774, Train acc (train loader labels): 0.3461, Best val acc: 0.3407, Current val acc: 0.3407, Val Loss: 1.1816
=====> Epoch: 1/300, Total_step: 12, lr: 0.001000, Total Time: 0.0000 s, Time this epoch: 0.0000 s
=====> Epoch: 1/300, Train Loss (train loader labels): 1.7100, Train acc (train loader labels): 0.3470, Best val acc: 0.3407, Current val acc: 0.3363, Val Loss: 1.7231
=====> Epoch: 1/300, Total_step: 23, lr: 0.001000, Total Time: 0.0000 s, Time this epoch: 0.0000 s
=====> Epoch: 1/300, Train Loss (train loader labels): 1.5616, Train acc (train loader labels): 0.3285, Best val acc: 0.3420, Current val acc: 0.3420, Val Loss: 1.5072
=====> Epoch: 1/300, Total_step: 34, lr: 0.001000, Total Time: 0.0000 s, Time this epoch: 0.0000 s
=====> Epoch: 1/300, Train Loss (train loader labels): 1.1594, Train acc (train loader labels): 0.3238, Best val acc: 0.3420, Current val acc: 0.3247, Val Loss: 1.1506
=====> Epoch: 1/300, Total_step: 45, lr: 0.001000, Total Time: 0.0000 s, Time this epoch: 0.0000 s
=====> Epoch: 1/300, Train Loss (train loader labels): 1.0895, Train acc (train loader labels): 0.3803, Best val acc: 0.3640, Current val acc: 0.3640, Val Loss: 1.0927
=====> Saving current model and best model
balance: False
selecting samples for epoch 2, ratio 0.1
=====> Epoch: 2/300, Total_step: 48, lr: 0.001000, Total Time: 124.7336 s, Time this epoch: 106.1732 s
=====> Epoch: 2/300, Train Loss (train loader labels): 1.0964, Train acc (train loader labels): 0.3903, Best val acc: 0.3983, Current val acc: 0.3983, Val Loss: 1.0964
=====> Epoch: 2/300, Total_step: 59, lr: 0.001000, Total Time: 124.7336 s, Time this epoch: 106.1732 s
=====> Epoch: 2/300, Train Loss (train loader labels): 1.0906, Train acc (train loader labels): 0.3913, Best val acc: 0.4007, Current val acc: 0.4007, Val Loss: 1.0885
=====> Epoch: 2/300, Total_step: 70, lr: 0.001000, Total Time: 124.7336 s, Time this epoch: 106.1732 s
=====> Epoch: 2/300, Train Loss (train loader labels): 1.0906, Train acc (train loader labels): 0.3901, Best val acc: 0.4007, Current val acc: 0.3917, Val Loss: 1.0894
=====> Epoch: 2/300, Total_step: 81, lr: 0.001000, Total Time: 124.7336 s, Time this epoch: 106.1732 s
=====> Epoch: 2/300, Train Loss (train loader labels): 1.0885, Train acc (train loader labels): 0.3711, Best val acc: 0.4007, Current val acc: 0.3707, Val Loss: 1.0886
=====> Epoch: 2/300, Total_step: 92, lr: 0.001000, Total Time: 124.7336 s, Time this epoch: 106.1732 s
=====> Epoch: 2/300, Train Loss (train loader labels): 1.0864, Train acc (train loader labels): 0.4031, Best val acc: 0.4090, Current val acc: 0.4090, Val Loss: 1.0853
=====> Saving current model and best model
balance: False
selecting samples for epoch 3, ratio 0.1
=====> Epoch: 3/300, Total_step: 95, lr: 0.001000, Total Time: 231.7496 s, Time this epoch: 106.6093 s
=====> Epoch: 3/300, Train Loss (train loader labels): 1.0856, Train acc (train loader labels): 0.4065, Best val acc: 0.4127, Current val acc: 0.4127, Val Loss: 1.0851
=====> Epoch: 3/300, Total_step: 106, lr: 0.001000, Total Time: 231.7496 s, Time this epoch: 106.6093 s
=====> Epoch: 3/300, Train Loss (train loader labels): 1.0855, Train acc (train loader labels): 0.3912, Best val acc: 0.4127, Current val acc: 0.3880, Val Loss: 1.0857
=====> Epoch: 3/300, Total_step: 117, lr: 0.001000, Total Time: 231.7496 s, Time this epoch: 106.6093 s
=====> Epoch: 3/300, Train Loss (train loader labels): 1.0848, Train acc (train loader labels): 0.3927, Best val acc: 0.4127, Current val acc: 0.3883, Val Loss: 1.0847
=====> Epoch: 3/300, Total_step: 128, lr: 0.001000, Total Time: 231.7496 s, Time this epoch: 106.6093 s
=====> Epoch: 3/300, Train Loss (train loader labels): 1.0839, Train acc (train loader labels): 0.3971, Best val acc: 0.4127, Current val acc: 0.3970, Val Loss: 1.0836
=====> Epoch: 3/300, Total_step: 139, lr: 0.001000, Total Time: 231.7496 s, Time this epoch: 106.6093 s
=====> Epoch: 3/300, Train Loss (train loader labels): 1.0843, Train acc (train loader labels): 0.3913, Best val acc: 0.4127, Current val acc: 0.3907, Val Loss: 1.0835
=====> Saving current model and best model
balance: False
selecting samples for epoch 4, ratio 0.1
=====> Epoch: 4/300, Total_step: 142, lr: 0.001000, Total Time: 338.7755 s, Time this epoch: 106.7093 s
=====> Epoch: 4/300, Train Loss (train loader labels): 1.0830, Train acc (train loader labels): 0.4008, Best val acc: 0.4127, Current val acc: 0.3963, Val Loss: 1.0829
=====> Epoch: 4/300, Total_step: 153, lr: 0.001000, Total Time: 338.7755 s, Time this epoch: 106.7093 s
=====> Epoch: 4/300, Train Loss (train loader labels): 1.0821, Train acc (train loader labels): 0.3971, Best val acc: 0.4127, Current val acc: 0.4027, Val Loss: 1.0818
=====> Epoch: 4/300, Total_step: 164, lr: 0.001000, Total Time: 338.7755 s, Time this epoch: 106.7093 s
=====> Epoch: 4/300, Train Loss (train loader labels): 1.0776, Train acc (train loader labels): 0.4235, Best val acc: 0.4240, Current val acc: 0.4240, Val Loss: 1.0774
=====> Epoch: 4/300, Total_step: 175, lr: 0.001000, Total Time: 338.7755 s, Time this epoch: 106.7093 s
=====> Epoch: 4/300, Train Loss (train loader labels): 1.0818, Train acc (train loader labels): 0.4044, Best val acc: 0.4240, Current val acc: 0.4030, Val Loss: 1.0813
=====> Epoch: 4/300, Total_step: 186, lr: 0.001000, Total Time: 338.7755 s, Time this epoch: 106.7093 s
=====> Epoch: 4/300, Train Loss (train loader labels): 1.0816, Train acc (train loader labels): 0.3969, Best val acc: 0.4240, Current val acc: 0.3950, Val Loss: 1.0806
=====> Saving current model and best model
balance: False
selecting samples for epoch 5, ratio 0.1
=====> Epoch: 5/300, Total_step: 189, lr: 0.001000, Total Time: 445.5037 s, Time this epoch: 106.4264 s
=====> Epoch: 5/300, Train Loss (train loader labels): 1.0811, Train acc (train loader labels): 0.3898, Best val acc: 0.4240, Current val acc: 0.3897, Val Loss: 1.0810
=====> Epoch: 5/300, Total_step: 200, lr: 0.001000, Total Time: 445.5037 s, Time this epoch: 106.4264 s
=====> Epoch: 5/300, Train Loss (train loader labels): 1.0818, Train acc (train loader labels): 0.4141, Best val acc: 0.4293, Current val acc: 0.4293, Val Loss: 1.0800
=====> Epoch: 5/300, Total_step: 211, lr: 0.001000, Total Time: 445.5037 s, Time this epoch: 106.4264 s
=====> Epoch: 5/300, Train Loss (train loader labels): 1.0789, Train acc (train loader labels): 0.4097, Best val acc: 0.4293, Current val acc: 0.4147, Val Loss: 1.0775
=====> Epoch: 5/300, Total_step: 222, lr: 0.001000, Total Time: 445.5037 s, Time this epoch: 106.4264 s
=====> Epoch: 5/300, Train Loss (train loader labels): 1.0776, Train acc (train loader labels): 0.4257, Best val acc: 0.4293, Current val acc: 0.4270, Val Loss: 1.0765
=====> Epoch: 5/300, Total_step: 233, lr: 0.001000, Total Time: 445.5037 s, Time this epoch: 106.4264 s
=====> Epoch: 5/300, Train Loss (train loader labels): 1.0791, Train acc (train loader labels): 0.4121, Best val acc: 0.4293, Current val acc: 0.4080, Val Loss: 1.0778
=====> Saving current model and best model
balance: False
selecting samples for epoch 6, ratio 0.1
=====> Epoch: 6/300, Total_step: 282, lr: 0.001000, Total Time: 553.0259 s, Time this epoch: 107.2076 s
=====> Epoch: 6/300, Train Loss (train loader labels): 1.0803, Train acc (train loader labels): 0.3999, Best val acc: 0.4293, Current val acc: 0.4053, Val Loss: 1.0789
=====> Saving current model and best model
balance: False
selecting samples for epoch 7, ratio 0.1
=====> Epoch: 7/300, Total_step: 329, lr: 0.001000, Total Time: 589.0380 s, Time this epoch: 35.7041 s
=====> Epoch: 7/300, Train Loss (train loader labels): 1.0788, Train acc (train loader labels): 0.4262, Best val acc: 0.4293, Current val acc: 0.4283, Val Loss: 1.0775
=====> Saving current model and best model
balance: False
selecting samples for epoch 8, ratio 0.1
=====> Epoch: 8/300, Total_step: 376, lr: 0.001000, Total Time: 624.9348 s, Time this epoch: 35.5963 s
=====> Epoch: 8/300, Train Loss (train loader labels): 1.0767, Train acc (train loader labels): 0.4464, Best val acc: 0.4510, Current val acc: 0.4510, Val Loss: 1.0748
=====> Saving current model and best model
balance: False
selecting samples for epoch 9, ratio 0.1
=====> Epoch: 9/300, Total_step: 423, lr: 0.001000, Total Time: 660.9683 s, Time this epoch: 35.6535 s
=====> Epoch: 9/300, Train Loss (train loader labels): 1.0761, Train acc (train loader labels): 0.4294, Best val acc: 0.4510, Current val acc: 0.4370, Val Loss: 1.0753
=====> Saving current model and best model
balance: False
selecting samples for epoch 10, ratio 0.1
=====> Epoch: 10/300, Total_step: 470, lr: 0.001000, Total Time: 697.6921 s, Time this epoch: 35.6649 s
=====> Epoch: 10/300, Train Loss (train loader labels): 1.0760, Train acc (train loader labels): 0.4322, Best val acc: 0.4510, Current val acc: 0.4447, Val Loss: 1.0741
=====> Saving current model and best model
balance: False
selecting samples for epoch 11, ratio 0.1
=====> Epoch: 11/300, Total_step: 517, lr: 0.001000, Total Time: 733.7837 s, Time this epoch: 35.7385 s
=====> Epoch: 11/300, Train Loss (train loader labels): 1.0801, Train acc (train loader labels): 0.4099, Best val acc: 0.4510, Current val acc: 0.4137, Val Loss: 1.0790
=====> Saving current model and best model
balance: False
selecting samples for epoch 12, ratio 0.1
=====> Epoch: 12/300, Total_step: 564, lr: 0.001000, Total Time: 769.9223 s, Time this epoch: 35.8064 s
=====> Epoch: 12/300, Train Loss (train loader labels): 1.0765, Train acc (train loader labels): 0.4294, Best val acc: 0.4510, Current val acc: 0.4427, Val Loss: 1.0747
=====> Saving current model and best model
balance: False
selecting samples for epoch 13, ratio 0.1
=====> Epoch: 13/300, Total_step: 611, lr: 0.001000, Total Time: 806.1324 s, Time this epoch: 35.8939 s
=====> Epoch: 13/300, Train Loss (train loader labels): 1.0785, Train acc (train loader labels): 0.4181, Best val acc: 0.4510, Current val acc: 0.4227, Val Loss: 1.0775
=====> Saving current model and best model
balance: False
selecting samples for epoch 14, ratio 0.1
=====> Epoch: 14/300, Total_step: 658, lr: 0.001000, Total Time: 842.3762 s, Time this epoch: 35.9177 s
=====> Epoch: 14/300, Train Loss (train loader labels): 1.0769, Train acc (train loader labels): 0.4267, Best val acc: 0.4510, Current val acc: 0.4373, Val Loss: 1.0748
=====> Saving current model and best model
balance: False
selecting samples for epoch 15, ratio 0.1
=====> Epoch: 15/300, Total_step: 705, lr: 0.001000, Total Time: 878.6116 s, Time this epoch: 35.8823 s
=====> Epoch: 15/300, Train Loss (train loader labels): 1.0762, Train acc (train loader labels): 0.4240, Best val acc: 0.4510, Current val acc: 0.4300, Val Loss: 1.0742
=====> Saving current model and best model
balance: False
selecting samples for epoch 16, ratio 0.1
=====> Epoch: 16/300, Total_step: 752, lr: 0.001000, Total Time: 914.6733 s, Time this epoch: 35.7620 s
=====> Epoch: 16/300, Train Loss (train loader labels): 1.0818, Train acc (train loader labels): 0.4036, Best val acc: 0.4510, Current val acc: 0.4123, Val Loss: 1.0803
=====> Saving current model and best model
balance: False
selecting samples for epoch 17, ratio 0.1
=====> Epoch: 17/300, Total_step: 799, lr: 0.001000, Total Time: 950.8548 s, Time this epoch: 35.8739 s
=====> Epoch: 17/300, Train Loss (train loader labels): 1.0794, Train acc (train loader labels): 0.3941, Best val acc: 0.4510, Current val acc: 0.4010, Val Loss: 1.0780
=====> Saving current model and best model
balance: False
selecting samples for epoch 18, ratio 0.1
=====> Epoch: 18/300, Total_step: 846, lr: 0.001000, Total Time: 987.2343 s, Time this epoch: 36.0121 s
=====> Epoch: 18/300, Train Loss (train loader labels): 1.0763, Train acc (train loader labels): 0.4350, Best val acc: 0.4510, Current val acc: 0.4463, Val Loss: 1.0742
=====> Saving current model and best model
balance: False
selecting samples for epoch 19, ratio 0.1
=====> Epoch: 19/300, Total_step: 893, lr: 0.001000, Total Time: 1023.3408 s, Time this epoch: 35.7528 s
=====> Epoch: 19/300, Train Loss (train loader labels): 1.0782, Train acc (train loader labels): 0.4211, Best val acc: 0.4510, Current val acc: 0.4270, Val Loss: 1.0773
=====> Saving current model and best model
balance: False
selecting samples for epoch 20, ratio 0.1
=====> Epoch: 20/300, Total_step: 940, lr: 0.001000, Total Time: 1059.4040 s, Time this epoch: 35.7520 s
=====> Epoch: 20/300, Train Loss (train loader labels): 1.0762, Train acc (train loader labels): 0.4279, Best val acc: 0.4510, Current val acc: 0.4337, Val Loss: 1.0747
=====> Saving current model and best model
balance: False
selecting samples for epoch 21, ratio 0.1
=====> Epoch: 21/300, Total_step: 987, lr: 0.001000, Total Time: 1095.6653 s, Time this epoch: 35.9509 s
=====> Epoch: 21/300, Train Loss (train loader labels): 1.0777, Train acc (train loader labels): 0.4305, Best val acc: 0.4510, Current val acc: 0.4417, Val Loss: 1.0762
=====> Saving current model and best model
balance: False
selecting samples for epoch 22, ratio 0.1
=====> Epoch: 22/300, Total_step: 1034, lr: 0.001000, Total Time: 1131.7048 s, Time this epoch: 35.7351 s
=====> Epoch: 22/300, Train Loss (train loader labels): 1.0781, Train acc (train loader labels): 0.4243, Best val acc: 0.4510, Current val acc: 0.4430, Val Loss: 1.0763
=====> Saving current model and best model
balance: False
selecting samples for epoch 23, ratio 0.1
=====> Epoch: 23/300, Total_step: 1081, lr: 0.001000, Total Time: 1167.7868 s, Time this epoch: 35.7819 s
=====> Epoch: 23/300, Train Loss (train loader labels): 1.0744, Train acc (train loader labels): 0.4305, Best val acc: 0.4510, Current val acc: 0.4417, Val Loss: 1.0730
=====> Saving current model and best model
balance: False
selecting samples for epoch 24, ratio 0.1
=====> Epoch: 24/300, Total_step: 1128, lr: 0.001000, Total Time: 1203.8498 s, Time this epoch: 35.7661 s
=====> Epoch: 24/300, Train Loss (train loader labels): 1.0819, Train acc (train loader labels): 0.3971, Best val acc: 0.4510, Current val acc: 0.4047, Val Loss: 1.0807
=====> Saving current model and best model
balance: False
selecting samples for epoch 25, ratio 0.1
=====> Epoch: 25/300, Total_step: 1175, lr: 0.001000, Total Time: 1239.9760 s, Time this epoch: 35.8040 s
=====> Epoch: 25/300, Train Loss (train loader labels): 1.0773, Train acc (train loader labels): 0.4180, Best val acc: 0.4510, Current val acc: 0.4283, Val Loss: 1.0756
=====> Saving current model and best model
balance: False
selecting samples for epoch 26, ratio 0.1
=====> Epoch: 26/300, Total_step: 1222, lr: 0.001000, Total Time: 1276.3574 s, Time this epoch: 36.0709 s
=====> Epoch: 26/300, Train Loss (train loader labels): 1.0789, Train acc (train loader labels): 0.4016, Best val acc: 0.4510, Current val acc: 0.4157, Val Loss: 1.0772
=====> Saving current model and best model
balance: False
selecting samples for epoch 27, ratio 0.1
=====> Saving current model and best model
balance: False
selecting samples for epoch 28, ratio 0.1
=====> Saving current model and best model
balance: False
selecting samples for epoch 29, ratio 0.1
=====> Epoch: 29/300, Total_step: 1363, lr: 0.001000, Total Time: 1347.2611 s, Time this epoch: 17.0421 s
=====> Epoch: 29/300, Train Loss (train loader labels): 1.0803, Train acc (train loader labels): 0.4101, Best val acc: 0.4510, Current val acc: 0.4150, Val Loss: 1.0786
=====> Saving current model and best model
balance: False
selecting samples for epoch 30, ratio 0.1
=====> Saving current model and best model
balance: False
selecting samples for epoch 31, ratio 0.1
=====> Saving current model and best model
balance: False
selecting samples for epoch 32, ratio 0.1
=====> Saving current model and best model
balance: False
selecting samples for epoch 33, ratio 0.1
=====> Epoch: 33/300, Total_step: 1551, lr: 0.001000, Total Time: 1435.7732 s, Time this epoch: 17.0587 s
=====> Epoch: 33/300, Train Loss (train loader labels): 1.0810, Train acc (train loader labels): 0.3956, Best val acc: 0.4510, Current val acc: 0.4000, Val Loss: 1.0796
=====> Saving current model and best model
balance: False
selecting samples for epoch 34, ratio 0.1
=====> Saving current model and best model
balance: False
selecting samples for epoch 35, ratio 0.1
=====> Saving current model and best model
balance: False
selecting samples for epoch 36, ratio 0.1
=====> Saving current model and best model
balance: False
selecting samples for epoch 37, ratio 0.1
=====> Epoch: 37/300, Total_step: 1739, lr: 0.001000, Total Time: 1524.0133 s, Time this epoch: 17.0392 s
=====> Epoch: 37/300, Train Loss (train loader labels): 1.0798, Train acc (train loader labels): 0.4099, Best val acc: 0.4510, Current val acc: 0.4153, Val Loss: 1.0786
=====> Saving current model and best model
balance: False
selecting samples for epoch 38, ratio 0.1
=====> Saving current model and best model
balance: False
selecting samples for epoch 39, ratio 0.1
=====> Saving current model and best model
balance: False
selecting samples for epoch 40, ratio 0.1
=====> Saving current model and best model
balance: False
selecting samples for epoch 41, ratio 0.1
=====> Epoch: 41/300, Total_step: 1927, lr: 0.001000, Total Time: 1612.2099 s, Time this epoch: 17.0545 s
=====> Epoch: 41/300, Train Loss (train loader labels): 1.0801, Train acc (train loader labels): 0.4003, Best val acc: 0.4510, Current val acc: 0.4157, Val Loss: 1.0776
=====> Saving current model and best model
balance: False
selecting samples for epoch 42, ratio 0.1
=====> Saving current model and best model
balance: False
selecting samples for epoch 43, ratio 0.1
=====> Saving current model and best model
balance: False
selecting samples for epoch 44, ratio 0.1
=====> Saving current model and best model
balance: False
selecting samples for epoch 45, ratio 0.1
=====> Epoch: 45/300, Total_step: 2115, lr: 0.001000, Total Time: 1700.8134 s, Time this epoch: 17.0315 s
=====> Epoch: 45/300, Train Loss (train loader labels): 1.0808, Train acc (train loader labels): 0.4062, Best val acc: 0.4510, Current val acc: 0.4100, Val Loss: 1.0788
=====> Saving current model and best model
balance: False
selecting samples for epoch 46, ratio 0.1
=====> Saving current model and best model
balance: False
selecting samples for epoch 47, ratio 0.1
=====> Saving current model and best model
balance: False
selecting samples for epoch 48, ratio 0.1
=====> Saving current model and best model
balance: False
selecting samples for epoch 49, ratio 0.1
=====> Epoch: 49/300, Total_step: 2303, lr: 0.001000, Total Time: 1789.2657 s, Time this epoch: 17.0728 s
=====> Epoch: 49/300, Train Loss (train loader labels): 1.0777, Train acc (train loader labels): 0.4072, Best val acc: 0.4510, Current val acc: 0.4157, Val Loss: 1.0761
=====> Saving current model and best model
balance: False
selecting samples for epoch 50, ratio 0.1
=====> Saving current model and best model
balance: False
selecting samples for epoch 51, ratio 0.1
=====> Saving current model and best model
balance: False
selecting samples for epoch 52, ratio 0.1
=====> Saving current model and best model
balance: False
selecting samples for epoch 53, ratio 0.1
=====> Epoch: 53/300, Total_step: 2491, lr: 0.001000, Total Time: 1877.7723 s, Time this epoch: 17.0285 s
=====> Epoch: 53/300, Train Loss (train loader labels): 1.0787, Train acc (train loader labels): 0.4046, Best val acc: 0.4510, Current val acc: 0.4153, Val Loss: 1.0775
=====> Saving current model and best model
balance: False
selecting samples for epoch 54, ratio 0.1
=====> Saving current model and best model
balance: False
selecting samples for epoch 55, ratio 0.1
=====> Saving current model and best model
balance: False
selecting samples for epoch 56, ratio 0.1
=====> Saving current model and best model
balance: False
selecting samples for epoch 57, ratio 0.1
=====> Epoch: 57/300, Total_step: 2679, lr: 0.001000, Total Time: 1965.8824 s, Time this epoch: 17.0519 s
=====> Epoch: 57/300, Train Loss (train loader labels): 1.0772, Train acc (train loader labels): 0.4258, Best val acc: 0.4510, Current val acc: 0.4453, Val Loss: 1.0750
=====> Saving current model and best model
balance: False
selecting samples for epoch 58, ratio 0.1
=====> Saving current model and best model
balance: False
selecting samples for epoch 59, ratio 0.1
=====> Saving current model and best model
balance: False
selecting samples for epoch 60, ratio 0.1
=====> Saving current model and best model
balance: False
selecting samples for epoch 61, ratio 0.1
=====> Epoch: 61/300, Total_step: 2867, lr: 0.001000, Total Time: 2054.3985 s, Time this epoch: 17.0988 s
=====> Epoch: 61/300, Train Loss (train loader labels): 1.0794, Train acc (train loader labels): 0.4077, Best val acc: 0.4510, Current val acc: 0.4170, Val Loss: 1.0778
=====> Saving current model and best model
balance: False
selecting samples for epoch 62, ratio 0.1
=====> Saving current model and best model
balance: False
selecting samples for epoch 63, ratio 0.1
=====> Saving current model and best model
balance: False
selecting samples for epoch 64, ratio 0.1
=====> Saving current model and best model
balance: False
selecting samples for epoch 65, ratio 0.1
=====> Epoch: 65/300, Total_step: 3055, lr: 0.001000, Total Time: 2142.7979 s, Time this epoch: 17.0574 s
=====> Epoch: 65/300, Train Loss (train loader labels): 1.0798, Train acc (train loader labels): 0.4213, Best val acc: 0.4510, Current val acc: 0.4287, Val Loss: 1.0777
=====> Saving current model and best model
balance: False
selecting samples for epoch 66, ratio 0.1
=====> Saving current model and best model
balance: False
selecting samples for epoch 67, ratio 0.1
=====> Saving current model and best model
balance: False
selecting samples for epoch 68, ratio 0.1
=====> Saving current model and best model
balance: False
selecting samples for epoch 69, ratio 0.1
=====> Saving current model and best model
balance: False
selecting samples for epoch 70, ratio 0.1
=====> Saving current model and best model
balance: False
selecting samples for epoch 71, ratio 0.1
=====> Saving current model and best model
balance: False
selecting samples for epoch 72, ratio 0.1
=====> Saving current model and best model
balance: False
selecting samples for epoch 73, ratio 0.1
=====> Saving current model and best model
balance: False
selecting samples for epoch 74, ratio 0.1
=====> Saving current model and best model
balance: False
selecting samples for epoch 75, ratio 0.1
=====> Saving current model and best model
balance: False
selecting samples for epoch 76, ratio 0.1
=====> Epoch: 76/300, Total_step: 3572, lr: 0.001000, Total Time: 2353.7963 s, Time this epoch: 17.0702 s
=====> Epoch: 76/300, Train Loss (train loader labels): 1.0725, Train acc (train loader labels): 0.4473, Best val acc: 0.4600, Current val acc: 0.4600, Val Loss: 1.0707
=====> Saving current model and best model
balance: False
selecting samples for epoch 77, ratio 0.1
=====> Saving current model and best model
balance: False
selecting samples for epoch 78, ratio 0.1
=====> Saving current model and best model
balance: False
selecting samples for epoch 79, ratio 0.1
=====> Saving current model and best model
balance: False
selecting samples for epoch 80, ratio 0.1
=====> Saving current model and best model
balance: False
selecting samples for epoch 81, ratio 0.1
=====> Saving current model and best model
balance: False
selecting samples for epoch 82, ratio 0.1
=====> Saving current model and best model
balance: False
selecting samples for epoch 83, ratio 0.1
=====> Saving current model and best model
balance: False
selecting samples for epoch 84, ratio 0.1
=====> Saving current model and best model
balance: False
selecting samples for epoch 85, ratio 0.1
=====> Saving current model and best model
balance: False
selecting samples for epoch 86, ratio 0.1
=====> Saving current model and best model
balance: False
selecting samples for epoch 87, ratio 0.1
=====> Saving current model and best model
balance: False
selecting samples for epoch 88, ratio 0.1
=====> Saving current model and best model
balance: False
selecting samples for epoch 89, ratio 0.1
=====> Saving current model and best model
balance: False
selecting samples for epoch 90, ratio 0.1
=====> Saving current model and best model
balance: False
selecting samples for epoch 91, ratio 0.1
=====> Epoch: 91/300, Total_step: 4277, lr: 0.001000, Total Time: 2635.3774 s, Time this epoch: 17.0913 s
=====> Epoch: 91/300, Train Loss (train loader labels): 1.0775, Train acc (train loader labels): 0.4047, Best val acc: 0.4600, Current val acc: 0.4100, Val Loss: 1.0760
=====> Saving current model and best model
balance: False
selecting samples for epoch 92, ratio 0.1
=====> Saving current model and best model
balance: False
selecting samples for epoch 93, ratio 0.1
=====> Saving current model and best model
balance: False
selecting samples for epoch 94, ratio 0.1
=====> Saving current model and best model
balance: False
selecting samples for epoch 95, ratio 0.1
=====> Saving current model and best model
balance: False
selecting samples for epoch 96, ratio 0.1
=====> Saving current model and best model
balance: False
selecting samples for epoch 97, ratio 0.1
=====> Saving current model and best model
balance: False
selecting samples for epoch 98, ratio 0.1
=====> Saving current model and best model
balance: False
selecting samples for epoch 99, ratio 0.1
=====> Saving current model and best model
balance: False
selecting samples for epoch 100, ratio 0.1
=====> Saving current model and best model
balance: False
selecting samples for epoch 101, ratio 0.1
=====> Saving current model and best model
balance: False
selecting samples for epoch 102, ratio 0.1
=====> Saving current model and best model
balance: False
selecting samples for epoch 103, ratio 0.1
=====> Saving current model and best model
balance: False
selecting samples for epoch 104, ratio 0.1
=====> Saving current model and best model
balance: False
selecting samples for epoch 105, ratio 0.1
=====> Saving current model and best model
balance: False
selecting samples for epoch 106, ratio 0.1
=====> Epoch: 106/300, Total_step: 4982, lr: 0.001000, Total Time: 2915.1537 s, Time this epoch: 17.0892 s
=====> Epoch: 106/300, Train Loss (train loader labels): 1.0773, Train acc (train loader labels): 0.4244, Best val acc: 0.4600, Current val acc: 0.4377, Val Loss: 1.0758
=====> Saving current model and best model
balance: False
selecting samples for epoch 107, ratio 0.1
=====> Saving current model and best model
balance: False
selecting samples for epoch 108, ratio 0.1
=====> Saving current model and best model
balance: False
selecting samples for epoch 109, ratio 0.1
=====> Saving current model and best model
balance: False
selecting samples for epoch 110, ratio 0.1
=====> Saving current model and best model
balance: False
selecting samples for epoch 111, ratio 0.1
=====> Saving current model and best model
balance: False
selecting samples for epoch 112, ratio 0.1
=====> Saving current model and best model
balance: False
selecting samples for epoch 113, ratio 0.1
=====> Saving current model and best model
balance: False
selecting samples for epoch 114, ratio 0.1
=====> Saving current model and best model
balance: False
selecting samples for epoch 115, ratio 0.1
=====> Saving current model and best model
balance: False
selecting samples for epoch 116, ratio 0.1
=====> Saving current model and best model
balance: False
selecting samples for epoch 117, ratio 0.1
=====> Saving current model and best model
balance: False
selecting samples for epoch 118, ratio 0.1
=====> Saving current model and best model
balance: False
selecting samples for epoch 119, ratio 0.1
=====> Saving current model and best model
balance: False
selecting samples for epoch 120, ratio 0.1
=====> Saving current model and best model
balance: False
selecting samples for epoch 121, ratio 0.1
=====> Epoch: 121/300, Total_step: 5687, lr: 0.001000, Total Time: 3196.3326 s, Time this epoch: 17.3244 s
=====> Epoch: 121/300, Train Loss (train loader labels): 1.0760, Train acc (train loader labels): 0.4261, Best val acc: 0.4600, Current val acc: 0.4400, Val Loss: 1.0741
=====> Saving current model and best model
balance: False
selecting samples for epoch 122, ratio 0.1
=====> Saving current model and best model
balance: False
selecting samples for epoch 123, ratio 0.1
=====> Saving current model and best model
balance: False
selecting samples for epoch 124, ratio 0.1
=====> Saving current model and best model
balance: False
selecting samples for epoch 125, ratio 0.1
=====> Saving current model and best model
balance: False
selecting samples for epoch 126, ratio 0.1
=====> Saving current model and best model
balance: False
selecting samples for epoch 127, ratio 0.1
=====> Saving current model and best model
balance: False
selecting samples for epoch 128, ratio 0.1
=====> Saving current model and best model
balance: False
selecting samples for epoch 129, ratio 0.1
=====> Saving current model and best model
balance: False
selecting samples for epoch 130, ratio 0.1
=====> Saving current model and best model
balance: False
selecting samples for epoch 131, ratio 0.1
=====> Saving current model and best model
balance: False
selecting samples for epoch 132, ratio 0.1
=====> Saving current model and best model
balance: False
selecting samples for epoch 133, ratio 0.1
=====> Saving current model and best model
balance: False
selecting samples for epoch 134, ratio 0.1
=====> Saving current model and best model
balance: False
selecting samples for epoch 135, ratio 0.1
=====> Saving current model and best model
balance: False
selecting samples for epoch 136, ratio 0.1
=====> Epoch: 136/300, Total_step: 6392, lr: 0.001000, Total Time: 3479.0658 s, Time this epoch: 17.0785 s
=====> Epoch: 136/300, Train Loss (train loader labels): 1.0776, Train acc (train loader labels): 0.4180, Best val acc: 0.4600, Current val acc: 0.4267, Val Loss: 1.0760
=====> Saving current model and best model
balance: False
selecting samples for epoch 137, ratio 0.1
=====> Saving current model and best model
balance: False
selecting samples for epoch 138, ratio 0.1
=====> Saving current model and best model
balance: False
selecting samples for epoch 139, ratio 0.1
=====> Saving current model and best model
balance: False
selecting samples for epoch 140, ratio 0.1
=====> Saving current model and best model
balance: False
selecting samples for epoch 141, ratio 0.1
=====> Saving current model and best model
balance: False
selecting samples for epoch 142, ratio 0.1
=====> Saving current model and best model
balance: False
selecting samples for epoch 143, ratio 0.1
=====> Saving current model and best model
balance: False
selecting samples for epoch 144, ratio 0.1
=====> Saving current model and best model
balance: False
selecting samples for epoch 145, ratio 0.1
=====> Saving current model and best model
balance: False
selecting samples for epoch 146, ratio 0.1
=====> Saving current model and best model
balance: False
selecting samples for epoch 147, ratio 0.1
=====> Saving current model and best model
balance: False
selecting samples for epoch 148, ratio 0.1
=====> Saving current model and best model
balance: False
selecting samples for epoch 149, ratio 0.1
=====> Saving current model and best model
balance: False
selecting samples for epoch 150, ratio 0.1
=====> Saving current model and best model
balance: False
selecting samples for epoch 151, ratio 0.1
=====> Epoch: 151/300, Total_step: 7097, lr: 0.001000, Total Time: 3761.3887 s, Time this epoch: 17.3366 s
=====> Epoch: 151/300, Train Loss (train loader labels): 1.0747, Train acc (train loader labels): 0.4320, Best val acc: 0.4600, Current val acc: 0.4453, Val Loss: 1.0727
=====> Saving current model and best model
balance: False
selecting samples for epoch 152, ratio 0.1
=====> Saving current model and best model
balance: False
selecting samples for epoch 153, ratio 0.1
=====> Saving current model and best model
balance: False
selecting samples for epoch 154, ratio 0.1
=====> Saving current model and best model
balance: False
selecting samples for epoch 155, ratio 0.1
=====> Saving current model and best model
balance: False
selecting samples for epoch 156, ratio 0.1
=====> Saving current model and best model
balance: False
selecting samples for epoch 157, ratio 0.1
=====> Saving current model and best model
balance: False
selecting samples for epoch 158, ratio 0.1
=====> Saving current model and best model
balance: False
selecting samples for epoch 159, ratio 0.1
=====> Saving current model and best model
balance: False
selecting samples for epoch 160, ratio 0.1
=====> Saving current model and best model
balance: False
selecting samples for epoch 161, ratio 0.1
=====> Saving current model and best model
balance: False
selecting samples for epoch 162, ratio 0.1
=====> Saving current model and best model
balance: False
selecting samples for epoch 163, ratio 0.1
=====> Saving current model and best model
balance: False
selecting samples for epoch 164, ratio 0.1
=====> Saving current model and best model
balance: False
selecting samples for epoch 165, ratio 0.1
=====> Saving current model and best model
balance: False
selecting samples for epoch 166, ratio 0.1
=====> Epoch: 166/300, Total_step: 7802, lr: 0.001000, Total Time: 4044.1833 s, Time this epoch: 17.3803 s
=====> Epoch: 166/300, Train Loss (train loader labels): 1.0670, Train acc (train loader labels): 0.4358, Best val acc: 0.4600, Current val acc: 0.4443, Val Loss: 1.0655
=====> Saving current model and best model
balance: False
selecting samples for epoch 167, ratio 0.1
=====> Saving current model and best model
balance: False
selecting samples for epoch 168, ratio 0.1
=====> Saving current model and best model
balance: False
selecting samples for epoch 169, ratio 0.1
=====> Saving current model and best model
balance: False
selecting samples for epoch 170, ratio 0.1
=====> Saving current model and best model
balance: False
selecting samples for epoch 171, ratio 0.1
=====> Saving current model and best model
balance: False
selecting samples for epoch 172, ratio 0.1
=====> Saving current model and best model
balance: False
selecting samples for epoch 173, ratio 0.1
=====> Saving current model and best model
balance: False
selecting samples for epoch 174, ratio 0.1
=====> Saving current model and best model
balance: False
selecting samples for epoch 175, ratio 0.1
=====> Saving current model and best model
balance: False
selecting samples for epoch 176, ratio 0.1
=====> Saving current model and best model
balance: False
selecting samples for epoch 177, ratio 0.1
=====> Saving current model and best model
balance: False
selecting samples for epoch 178, ratio 0.1
=====> Saving current model and best model
balance: False
selecting samples for epoch 179, ratio 0.1
=====> Saving current model and best model
balance: False
selecting samples for epoch 180, ratio 0.1
=====> Saving current model and best model
balance: False
selecting samples for epoch 181, ratio 0.1
=====> Epoch: 181/300, Total_step: 8507, lr: 0.001000, Total Time: 4326.0979 s, Time this epoch: 17.1624 s
=====> Epoch: 181/300, Train Loss (train loader labels): 1.0901, Train acc (train loader labels): 0.3510, Best val acc: 0.4600, Current val acc: 0.3577, Val Loss: 1.0883
=====> Saving current model and best model
balance: False
selecting samples for epoch 182, ratio 0.1
=====> Saving current model and best model
balance: False
selecting samples for epoch 183, ratio 0.1
=====> Saving current model and best model
balance: False
selecting samples for epoch 184, ratio 0.1
=====> Saving current model and best model
balance: False
selecting samples for epoch 185, ratio 0.1
=====> Saving current model and best model
balance: False
selecting samples for epoch 186, ratio 0.1
=====> Saving current model and best model
balance: False
selecting samples for epoch 187, ratio 0.1
=====> Saving current model and best model
balance: False
selecting samples for epoch 188, ratio 0.1
=====> Saving current model and best model
balance: False
selecting samples for epoch 189, ratio 0.1
=====> Saving current model and best model
balance: False
selecting samples for epoch 190, ratio 0.1
=====> Saving current model and best model
balance: False
selecting samples for epoch 191, ratio 0.1
=====> Saving current model and best model
balance: False
selecting samples for epoch 192, ratio 0.1
=====> Saving current model and best model
balance: False
selecting samples for epoch 193, ratio 0.1
=====> Saving current model and best model
balance: False
selecting samples for epoch 194, ratio 0.1
=====> Saving current model and best model
balance: False
selecting samples for epoch 195, ratio 0.1
=====> Saving current model and best model
balance: False
selecting samples for epoch 196, ratio 0.1
=====> Epoch: 196/300, Total_step: 9212, lr: 0.001000, Total Time: 4607.6622 s, Time this epoch: 17.2980 s
=====> Epoch: 196/300, Train Loss (train loader labels): 1.0794, Train acc (train loader labels): 0.4145, Best val acc: 0.4600, Current val acc: 0.4163, Val Loss: 1.0776
=====> Saving current model and best model
balance: False
selecting samples for epoch 197, ratio 0.1
=====> Saving current model and best model
balance: False
selecting samples for epoch 198, ratio 0.1
=====> Saving current model and best model
balance: False
selecting samples for epoch 199, ratio 0.1
=====> Saving current model and best model
balance: False
selecting samples for epoch 200, ratio 0.1
[1;34mwandb[0m: 
[1;34mwandb[0m: You can sync this run to the cloud by running:
[1;34mwandb[0m: [1mwandb sync exp/CIFAR3/Bayesian_deeplinear_bs320_ep300_lr0.001_AdamW_constant_seed3_r0.1_8_hidden/wandb/offline-run-20260605_170627-hx5pfsrk[0m
