save_dir: ./exp/CIFAR3/DivBS_deeplinear_bs320_ep300_lr0.001_AdamW_constant_seed1_r0.1_36_hidden
=====> Loading config files: 
configs/cifar3/method/divbs-0.1.yaml
configs/cifar3/data/cifar3.yaml
configs/cifar3/model/deep_linear_saxe/deep_linear_36.yaml
configs/cifar3/optim/adamw-320-0.001-0.01.yaml
configs/diagnostics/snapshots_log_interval.yaml
=====> Config files loaded.
========================= Start Main =========================
=====> Saving config file
=====> Config file saved
=====> Using fixed random seed: 1
=====> Wandb initialized
=====> Number of GPUs: 1
Creating DivBS...
Begin training for DivBS...
=====> Epoch: 0/300, Total_step: 0, lr: 0.001000, Total Time: 0.0000 s, Time this epoch: 0.0000 s
=====> Epoch: 0/300, Train Loss (train loader labels): 1.0989, Train acc (train loader labels): 0.3333, Best val acc: 0.3333, Current val acc: 0.3333, Val Loss: 1.0989
balance: False
selecting samples for epoch 1, ratio 0.1
=====> Epoch: 1/300, Total_step: 1, lr: 0.001000, Total Time: 0.0000 s, Time this epoch: 0.0000 s
=====> Epoch: 1/300, Train Loss (train loader labels): 1.1948, Train acc (train loader labels): 0.3333, Best val acc: 0.3333, Current val acc: 0.3333, Val Loss: 1.1948
=====> Epoch: 1/300, Total_step: 12, lr: 0.001000, Total Time: 0.0000 s, Time this epoch: 0.0000 s
=====> Epoch: 1/300, Train Loss (train loader labels): 1.2895, Train acc (train loader labels): 0.3239, Best val acc: 0.3333, Current val acc: 0.3303, Val Loss: 1.2831
=====> Epoch: 1/300, Total_step: 23, lr: 0.001000, Total Time: 0.0000 s, Time this epoch: 0.0000 s
=====> Epoch: 1/300, Train Loss (train loader labels): 167906.0781, Train acc (train loader labels): 0.3175, Best val acc: 0.3333, Current val acc: 0.3273, Val Loss: 162573.2344
=====> Epoch: 1/300, Total_step: 34, lr: 0.001000, Total Time: 0.0000 s, Time this epoch: 0.0000 s
=====> Epoch: 1/300, Train Loss (train loader labels): 30405.7734, Train acc (train loader labels): 0.3330, Best val acc: 0.3487, Current val acc: 0.3487, Val Loss: 29109.7656
=====> Epoch: 1/300, Total_step: 45, lr: 0.001000, Total Time: 0.0000 s, Time this epoch: 0.0000 s
=====> Epoch: 1/300, Train Loss (train loader labels): 10448017.0000, Train acc (train loader labels): 0.3529, Best val acc: 0.3487, Current val acc: 0.3437, Val Loss: 10576450.0000
=====> Saving current model and best model
balance: False
selecting samples for epoch 2, ratio 0.1
=====> Epoch: 2/300, Total_step: 48, lr: 0.001000, Total Time: 123.2919 s, Time this epoch: 104.9346 s
=====> Epoch: 2/300, Train Loss (train loader labels): 151508768.0000, Train acc (train loader labels): 0.3533, Best val acc: 0.3487, Current val acc: 0.3447, Val Loss: 147866960.0000
=====> Epoch: 2/300, Total_step: 59, lr: 0.001000, Total Time: 123.2919 s, Time this epoch: 104.9346 s
=====> Epoch: 2/300, Train Loss (train loader labels): 29063659520.0000, Train acc (train loader labels): 0.3166, Best val acc: 0.3487, Current val acc: 0.3127, Val Loss: 29427675136.0000
=====> Epoch: 2/300, Total_step: 70, lr: 0.001000, Total Time: 123.2919 s, Time this epoch: 104.9346 s
=====> Epoch: 2/300, Train Loss (train loader labels): 1372293300224.0000, Train acc (train loader labels): 0.3290, Best val acc: 0.3487, Current val acc: 0.3067, Val Loss: 1379448782848.0000
=====> Epoch: 2/300, Total_step: 81, lr: 0.001000, Total Time: 123.2919 s, Time this epoch: 104.9346 s
=====> Epoch: 2/300, Train Loss (train loader labels): 192437960704.0000, Train acc (train loader labels): 0.3530, Best val acc: 0.3487, Current val acc: 0.3440, Val Loss: 189799317504.0000
=====> Epoch: 2/300, Total_step: 92, lr: 0.001000, Total Time: 123.2919 s, Time this epoch: 104.9346 s
=====> Epoch: 2/300, Train Loss (train loader labels): 200530764759040.0000, Train acc (train loader labels): 0.3456, Best val acc: 0.3527, Current val acc: 0.3527, Val Loss: 194249156984832.0000
=====> Saving current model and best model
balance: False
selecting samples for epoch 3, ratio 0.1
=====> Epoch: 3/300, Total_step: 95, lr: 0.001000, Total Time: 228.5200 s, Time this epoch: 104.0936 s
=====> Epoch: 3/300, Train Loss (train loader labels): 172810626400256.0000, Train acc (train loader labels): 0.3238, Best val acc: 0.3527, Current val acc: 0.3023, Val Loss: 177325526220800.0000
=====> Epoch: 3/300, Total_step: 106, lr: 0.001000, Total Time: 228.5200 s, Time this epoch: 104.0936 s
=====> Epoch: 3/300, Train Loss (train loader labels): 40027205413109760.0000, Train acc (train loader labels): 0.3285, Best val acc: 0.3527, Current val acc: 0.3397, Val Loss: 38440468400308224.0000
=====> Epoch: 3/300, Total_step: 117, lr: 0.001000, Total Time: 228.5200 s, Time this epoch: 104.0936 s
=====> Epoch: 3/300, Train Loss (train loader labels): 4438156420407361536.0000, Train acc (train loader labels): 0.3309, Best val acc: 0.3527, Current val acc: 0.3510, Val Loss: 4154962907022491648.0000
=====> Epoch: 3/300, Total_step: 128, lr: 0.001000, Total Time: 228.5200 s, Time this epoch: 104.0936 s
=====> Epoch: 3/300, Train Loss (train loader labels): 1818165759268880384.0000, Train acc (train loader labels): 0.3085, Best val acc: 0.3527, Current val acc: 0.3067, Val Loss: 1814622857926279168.0000
=====> Epoch: 3/300, Total_step: 139, lr: 0.001000, Total Time: 228.5200 s, Time this epoch: 104.0936 s
=====> Epoch: 3/300, Train Loss (train loader labels): 3302095376856645632.0000, Train acc (train loader labels): 0.3085, Best val acc: 0.3527, Current val acc: 0.3150, Val Loss: 3240577426404671488.0000
=====> Saving current model and best model
balance: False
selecting samples for epoch 4, ratio 0.1
=====> Epoch: 4/300, Total_step: 142, lr: 0.001000, Total Time: 333.7511 s, Time this epoch: 104.0454 s
=====> Epoch: 4/300, Train Loss (train loader labels): 19697151663669248.0000, Train acc (train loader labels): 0.3479, Best val acc: 0.3527, Current val acc: 0.3510, Val Loss: 18877225226993664.0000
[1;34mwandb[0m: 
[1;34mwandb[0m: You can sync this run to the cloud by running:
[1;34mwandb[0m: [1mwandb sync exp/CIFAR3/DivBS_deeplinear_bs320_ep300_lr0.001_AdamW_constant_seed1_r0.1_36_hidden/wandb/offline-run-20260605_165938-x3aj301w[0m
