save_dir: ./exp/MNIST/DivBS_deeplinear_bs320_ep300_lr0.001_AdamW_constant_seed3_r0.1_8_hidden
=====> Loading config files: 
configs/mnist/method/divbs-0.1.yaml
configs/mnist/data/mnist.yaml
configs/mnist/model/deep_linear_saxe/deep_linear_8.yaml
configs/mnist/optim/adamw-320-0.001-0.01.yaml
configs/diagnostics/snapshots_log_interval.yaml
=====> Config files loaded.
========================= Start Main =========================
=====> Saving config file
=====> Config file saved
=====> Using fixed random seed: 3
=====> Wandb initialized
=====> Number of GPUs: 1
Creating DivBS...
Begin training for DivBS...
=====> Epoch: 0/300, Total_step: 0, lr: 0.001000, Total Time: 0.0000 s, Time this epoch: 0.0000 s
=====> Epoch: 0/300, Train Loss (train loader labels): 2.3029, Train acc (train loader labels): 0.1129, Best val acc: 0.1343, Current val acc: 0.1343, Val Loss: 2.3036
balance: False
selecting samples for epoch 1, ratio 0.1
=====> Epoch: 1/300, Total_step: 1, lr: 0.001000, Total Time: 0.0000 s, Time this epoch: 0.0000 s
=====> Epoch: 1/300, Train Loss (train loader labels): 2.2823, Train acc (train loader labels): 0.1235, Best val acc: 0.1343, Current val acc: 0.1291, Val Loss: 2.2723
=====> Epoch: 1/300, Total_step: 48, lr: 0.001000, Total Time: 0.0000 s, Time this epoch: 0.0000 s
=====> Epoch: 1/300, Train Loss (train loader labels): 1.9903, Train acc (train loader labels): 0.3118, Best val acc: 0.2563, Current val acc: 0.2563, Val Loss: 1.9689
=====> Epoch: 1/300, Total_step: 95, lr: 0.001000, Total Time: 0.0000 s, Time this epoch: 0.0000 s
=====> Epoch: 1/300, Train Loss (train loader labels): 1.8515, Train acc (train loader labels): 0.3626, Best val acc: 0.4984, Current val acc: 0.4984, Val Loss: 1.6125
=====> Epoch: 1/300, Total_step: 142, lr: 0.001000, Total Time: 0.0000 s, Time this epoch: 0.0000 s
=====> Epoch: 1/300, Train Loss (train loader labels): 1.8909, Train acc (train loader labels): 0.3420, Best val acc: 0.4984, Current val acc: 0.3897, Val Loss: 1.7584
=====> Saving current model and best model
balance: False
selecting samples for epoch 2, ratio 0.1
=====> Epoch: 2/300, Total_step: 189, lr: 0.001000, Total Time: 330.4735 s, Time this epoch: 274.0563 s
=====> Epoch: 2/300, Train Loss (train loader labels): 2.0805, Train acc (train loader labels): 0.2014, Best val acc: 0.4984, Current val acc: 0.2326, Val Loss: 1.9729
=====> Epoch: 2/300, Total_step: 236, lr: 0.001000, Total Time: 330.4735 s, Time this epoch: 274.0563 s
=====> Epoch: 2/300, Train Loss (train loader labels): 1.9338, Train acc (train loader labels): 0.3280, Best val acc: 0.4984, Current val acc: 0.4828, Val Loss: 1.7815
=====> Epoch: 2/300, Total_step: 283, lr: 0.001000, Total Time: 330.4735 s, Time this epoch: 274.0563 s
=====> Epoch: 2/300, Train Loss (train loader labels): 1.8480, Train acc (train loader labels): 0.3463, Best val acc: 0.4984, Current val acc: 0.3988, Val Loss: 1.6624
=====> Epoch: 2/300, Total_step: 330, lr: 0.001000, Total Time: 330.4735 s, Time this epoch: 274.0563 s
=====> Epoch: 2/300, Train Loss (train loader labels): 1.8281, Train acc (train loader labels): 0.3642, Best val acc: 0.4984, Current val acc: 0.4338, Val Loss: 1.6680
=====> Saving current model and best model
balance: False
selecting samples for epoch 3, ratio 0.1
=====> Epoch: 3/300, Total_step: 377, lr: 0.001000, Total Time: 604.8269 s, Time this epoch: 273.9442 s
=====> Epoch: 3/300, Train Loss (train loader labels): 2.0056, Train acc (train loader labels): 0.2695, Best val acc: 0.4984, Current val acc: 0.3054, Val Loss: 1.8481
=====> Epoch: 3/300, Total_step: 424, lr: 0.001000, Total Time: 604.8269 s, Time this epoch: 273.9442 s
=====> Epoch: 3/300, Train Loss (train loader labels): 2.0109, Train acc (train loader labels): 0.2867, Best val acc: 0.4984, Current val acc: 0.3118, Val Loss: 1.8061
=====> Epoch: 3/300, Total_step: 471, lr: 0.001000, Total Time: 604.8269 s, Time this epoch: 273.9442 s
=====> Epoch: 3/300, Train Loss (train loader labels): 1.9203, Train acc (train loader labels): 0.3076, Best val acc: 0.4984, Current val acc: 0.3862, Val Loss: 1.7738
=====> Epoch: 3/300, Total_step: 518, lr: 0.001000, Total Time: 604.8269 s, Time this epoch: 273.9442 s
=====> Epoch: 3/300, Train Loss (train loader labels): 1.9205, Train acc (train loader labels): 0.3130, Best val acc: 0.4984, Current val acc: 0.3395, Val Loss: 1.8493
=====> Saving current model and best model
balance: False
selecting samples for epoch 4, ratio 0.1
=====> Epoch: 4/300, Total_step: 565, lr: 0.001000, Total Time: 879.5836 s, Time this epoch: 274.4569 s
=====> Epoch: 4/300, Train Loss (train loader labels): 1.9439, Train acc (train loader labels): 0.3205, Best val acc: 0.4984, Current val acc: 0.3216, Val Loss: 1.8474
=====> Epoch: 4/300, Total_step: 612, lr: 0.001000, Total Time: 879.5836 s, Time this epoch: 274.4569 s
=====> Epoch: 4/300, Train Loss (train loader labels): 1.9676, Train acc (train loader labels): 0.2721, Best val acc: 0.4984, Current val acc: 0.3478, Val Loss: 1.8373
=====> Epoch: 4/300, Total_step: 659, lr: 0.001000, Total Time: 879.5836 s, Time this epoch: 274.4569 s
=====> Epoch: 4/300, Train Loss (train loader labels): 1.8056, Train acc (train loader labels): 0.3839, Best val acc: 0.4984, Current val acc: 0.4459, Val Loss: 1.5808
=====> Epoch: 4/300, Total_step: 706, lr: 0.001000, Total Time: 879.5836 s, Time this epoch: 274.4569 s
=====> Epoch: 4/300, Train Loss (train loader labels): 1.8579, Train acc (train loader labels): 0.3915, Best val acc: 0.5563, Current val acc: 0.5563, Val Loss: 1.6504
=====> Saving current model and best model
balance: False
selecting samples for epoch 5, ratio 0.1
=====> Epoch: 5/300, Total_step: 753, lr: 0.001000, Total Time: 1153.7092 s, Time this epoch: 273.8024 s
=====> Epoch: 5/300, Train Loss (train loader labels): 1.8890, Train acc (train loader labels): 0.3676, Best val acc: 0.5563, Current val acc: 0.4686, Val Loss: 1.7259
=====> Epoch: 5/300, Total_step: 800, lr: 0.001000, Total Time: 1153.7092 s, Time this epoch: 273.8024 s
=====> Epoch: 5/300, Train Loss (train loader labels): 1.8181, Train acc (train loader labels): 0.3715, Best val acc: 0.5563, Current val acc: 0.4658, Val Loss: 1.6071
=====> Epoch: 5/300, Total_step: 847, lr: 0.001000, Total Time: 1153.7092 s, Time this epoch: 273.8024 s
=====> Epoch: 5/300, Train Loss (train loader labels): 1.9240, Train acc (train loader labels): 0.3348, Best val acc: 0.5563, Current val acc: 0.3740, Val Loss: 1.8253
=====> Epoch: 5/300, Total_step: 894, lr: 0.001000, Total Time: 1153.7092 s, Time this epoch: 273.8024 s
=====> Epoch: 5/300, Train Loss (train loader labels): 1.8368, Train acc (train loader labels): 0.3663, Best val acc: 0.5563, Current val acc: 0.4092, Val Loss: 1.7018
=====> Saving current model and best model
balance: False
selecting samples for epoch 6, ratio 0.1
=====> Epoch: 6/300, Total_step: 1128, lr: 0.001000, Total Time: 1428.2953 s, Time this epoch: 274.3373 s
=====> Epoch: 6/300, Train Loss (train loader labels): 1.8143, Train acc (train loader labels): 0.3653, Best val acc: 0.5563, Current val acc: 0.4284, Val Loss: 1.6982
=====> Saving current model and best model
balance: False
selecting samples for epoch 7, ratio 0.1
=====> Epoch: 7/300, Total_step: 1316, lr: 0.001000, Total Time: 1535.7078 s, Time this epoch: 107.1207 s
=====> Epoch: 7/300, Train Loss (train loader labels): 1.7021, Train acc (train loader labels): 0.4112, Best val acc: 0.5563, Current val acc: 0.4786, Val Loss: 1.5422
=====> Saving current model and best model
balance: False
selecting samples for epoch 8, ratio 0.1
=====> Epoch: 8/300, Total_step: 1504, lr: 0.001000, Total Time: 1642.9855 s, Time this epoch: 106.9673 s
=====> Epoch: 8/300, Train Loss (train loader labels): 1.8230, Train acc (train loader labels): 0.3760, Best val acc: 0.5563, Current val acc: 0.4017, Val Loss: 1.6825
=====> Saving current model and best model
balance: False
selecting samples for epoch 9, ratio 0.1
=====> Epoch: 9/300, Total_step: 1692, lr: 0.001000, Total Time: 1750.0945 s, Time this epoch: 106.8709 s
=====> Epoch: 9/300, Train Loss (train loader labels): 10737.1133, Train acc (train loader labels): 0.1609, Best val acc: 0.5563, Current val acc: 0.1523, Val Loss: 8780.1602
=====> Saving current model and best model
balance: False
selecting samples for epoch 10, ratio 0.1
=====> Epoch: 10/300, Total_step: 1880, lr: 0.001000, Total Time: 1858.5092 s, Time this epoch: 108.1230 s
=====> Epoch: 10/300, Train Loss (train loader labels): 50.6784, Train acc (train loader labels): 0.2510, Best val acc: 0.5563, Current val acc: 0.3572, Val Loss: 32.3732
=====> Saving current model and best model
balance: False
selecting samples for epoch 11, ratio 0.1
=====> Epoch: 11/300, Total_step: 2068, lr: 0.001000, Total Time: 1965.6577 s, Time this epoch: 106.8383 s
=====> Epoch: 11/300, Train Loss (train loader labels): 21.7007, Train acc (train loader labels): 0.3502, Best val acc: 0.5563, Current val acc: 0.4523, Val Loss: 12.3788
=====> Saving current model and best model
balance: False
selecting samples for epoch 12, ratio 0.1
=====> Epoch: 12/300, Total_step: 2256, lr: 0.001000, Total Time: 2072.3022 s, Time this epoch: 106.3429 s
=====> Epoch: 12/300, Train Loss (train loader labels): 14.9666, Train acc (train loader labels): 0.3364, Best val acc: 0.5563, Current val acc: 0.4570, Val Loss: 9.0943
=====> Saving current model and best model
balance: False
selecting samples for epoch 13, ratio 0.1
=====> Epoch: 13/300, Total_step: 2444, lr: 0.001000, Total Time: 2179.3305 s, Time this epoch: 106.7133 s
=====> Epoch: 13/300, Train Loss (train loader labels): 8.1808, Train acc (train loader labels): 0.3608, Best val acc: 0.5563, Current val acc: 0.4658, Val Loss: 4.8613
=====> Saving current model and best model
balance: False
selecting samples for epoch 14, ratio 0.1
=====> Epoch: 14/300, Total_step: 2632, lr: 0.001000, Total Time: 2287.4161 s, Time this epoch: 107.7648 s
=====> Epoch: 14/300, Train Loss (train loader labels): 9.9633, Train acc (train loader labels): 0.2756, Best val acc: 0.5563, Current val acc: 0.3820, Val Loss: 5.9253
=====> Saving current model and best model
balance: False
selecting samples for epoch 15, ratio 0.1
=====> Epoch: 15/300, Total_step: 2820, lr: 0.001000, Total Time: 2394.6108 s, Time this epoch: 106.8609 s
=====> Epoch: 15/300, Train Loss (train loader labels): 5.7743, Train acc (train loader labels): 0.3627, Best val acc: 0.5563, Current val acc: 0.4589, Val Loss: 3.2872
=====> Saving current model and best model
balance: False
selecting samples for epoch 16, ratio 0.1
=====> Epoch: 16/300, Total_step: 3008, lr: 0.001000, Total Time: 2501.6676 s, Time this epoch: 106.7190 s
=====> Epoch: 16/300, Train Loss (train loader labels): 5.2666, Train acc (train loader labels): 0.3794, Best val acc: 0.5563, Current val acc: 0.5174, Val Loss: 3.2268
=====> Saving current model and best model
balance: False
selecting samples for epoch 17, ratio 0.1
=====> Epoch: 17/300, Total_step: 3196, lr: 0.001000, Total Time: 2608.8423 s, Time this epoch: 106.8656 s
=====> Epoch: 17/300, Train Loss (train loader labels): 5.6448, Train acc (train loader labels): 0.2917, Best val acc: 0.5563, Current val acc: 0.4175, Val Loss: 3.0450
=====> Saving current model and best model
balance: False
selecting samples for epoch 18, ratio 0.1
=====> Epoch: 18/300, Total_step: 3384, lr: 0.001000, Total Time: 2715.8966 s, Time this epoch: 106.7916 s
=====> Epoch: 18/300, Train Loss (train loader labels): 4.7787, Train acc (train loader labels): 0.3424, Best val acc: 0.5563, Current val acc: 0.3980, Val Loss: 3.0954
=====> Saving current model and best model
balance: False
selecting samples for epoch 19, ratio 0.1
=====> Epoch: 19/300, Total_step: 3572, lr: 0.001000, Total Time: 2822.7798 s, Time this epoch: 106.5760 s
=====> Epoch: 19/300, Train Loss (train loader labels): 4.0593, Train acc (train loader labels): 0.3350, Best val acc: 0.5563, Current val acc: 0.4368, Val Loss: 2.5987
=====> Saving current model and best model
balance: False
selecting samples for epoch 20, ratio 0.1
=====> Epoch: 20/300, Total_step: 3760, lr: 0.001000, Total Time: 2929.6795 s, Time this epoch: 106.6022 s
=====> Epoch: 20/300, Train Loss (train loader labels): 3.5733, Train acc (train loader labels): 0.3763, Best val acc: 0.5563, Current val acc: 0.5313, Val Loss: 2.2319
=====> Saving current model and best model
balance: False
selecting samples for epoch 21, ratio 0.1
=====> Epoch: 21/300, Total_step: 3948, lr: 0.001000, Total Time: 3036.4281 s, Time this epoch: 106.4760 s
=====> Epoch: 21/300, Train Loss (train loader labels): 2.4694, Train acc (train loader labels): 0.3614, Best val acc: 0.5563, Current val acc: 0.4437, Val Loss: 1.6552
=====> Saving current model and best model
balance: False
selecting samples for epoch 22, ratio 0.1
=====> Epoch: 22/300, Total_step: 4136, lr: 0.001000, Total Time: 3143.4661 s, Time this epoch: 106.7483 s
=====> Epoch: 22/300, Train Loss (train loader labels): 3.1511, Train acc (train loader labels): 0.3308, Best val acc: 0.5563, Current val acc: 0.3669, Val Loss: 2.0310
=====> Saving current model and best model
balance: False
selecting samples for epoch 23, ratio 0.1
=====> Epoch: 23/300, Total_step: 4324, lr: 0.001000, Total Time: 3250.0979 s, Time this epoch: 106.3363 s
=====> Epoch: 23/300, Train Loss (train loader labels): 3.1501, Train acc (train loader labels): 0.3256, Best val acc: 0.5563, Current val acc: 0.5263, Val Loss: 1.7849
=====> Saving current model and best model
balance: False
selecting samples for epoch 24, ratio 0.1
=====> Epoch: 24/300, Total_step: 4512, lr: 0.001000, Total Time: 3356.7453 s, Time this epoch: 106.3867 s
=====> Epoch: 24/300, Train Loss (train loader labels): 3.1145, Train acc (train loader labels): 0.3496, Best val acc: 0.5563, Current val acc: 0.4189, Val Loss: 2.5232
=====> Saving current model and best model
balance: False
selecting samples for epoch 25, ratio 0.1
=====> Epoch: 25/300, Total_step: 4700, lr: 0.001000, Total Time: 3463.6650 s, Time this epoch: 106.6685 s
=====> Epoch: 25/300, Train Loss (train loader labels): 2.4277, Train acc (train loader labels): 0.3566, Best val acc: 0.5563, Current val acc: 0.5279, Val Loss: 1.6553
=====> Saving current model and best model
balance: False
selecting samples for epoch 26, ratio 0.1
=====> Epoch: 26/300, Total_step: 4888, lr: 0.001000, Total Time: 3570.5270 s, Time this epoch: 106.5793 s
=====> Epoch: 26/300, Train Loss (train loader labels): 2.2715, Train acc (train loader labels): 0.3419, Best val acc: 0.5563, Current val acc: 0.4006, Val Loss: 1.8151
=====> Saving current model and best model
balance: False
selecting samples for epoch 27, ratio 0.1
=====> Saving current model and best model
balance: False
selecting samples for epoch 28, ratio 0.1
=====> Saving current model and best model
balance: False
selecting samples for epoch 29, ratio 0.1
=====> Epoch: 29/300, Total_step: 5452, lr: 0.001000, Total Time: 3779.0438 s, Time this epoch: 50.5799 s
=====> Epoch: 29/300, Train Loss (train loader labels): 2.3551, Train acc (train loader labels): 0.3259, Best val acc: 0.5563, Current val acc: 0.4292, Val Loss: 1.7624
=====> Saving current model and best model
balance: False
selecting samples for epoch 30, ratio 0.1
=====> Saving current model and best model
balance: False
selecting samples for epoch 31, ratio 0.1
=====> Saving current model and best model
balance: False
selecting samples for epoch 32, ratio 0.1
=====> Saving current model and best model
balance: False
selecting samples for epoch 33, ratio 0.1
=====> Epoch: 33/300, Total_step: 6204, lr: 0.001000, Total Time: 4039.5532 s, Time this epoch: 50.8964 s
=====> Epoch: 33/300, Train Loss (train loader labels): 2.1890, Train acc (train loader labels): 0.3608, Best val acc: 0.5563, Current val acc: 0.4274, Val Loss: 1.6755
=====> Saving current model and best model
balance: False
selecting samples for epoch 34, ratio 0.1
=====> Saving current model and best model
balance: False
selecting samples for epoch 35, ratio 0.1
=====> Saving current model and best model
balance: False
selecting samples for epoch 36, ratio 0.1
=====> Saving current model and best model
balance: False
selecting samples for epoch 37, ratio 0.1
=====> Epoch: 37/300, Total_step: 6956, lr: 0.001000, Total Time: 4299.9363 s, Time this epoch: 50.9094 s
=====> Epoch: 37/300, Train Loss (train loader labels): 1.7947, Train acc (train loader labels): 0.4167, Best val acc: 0.5563, Current val acc: 0.5028, Val Loss: 1.4905
=====> Saving current model and best model
balance: False
selecting samples for epoch 38, ratio 0.1
=====> Saving current model and best model
balance: False
selecting samples for epoch 39, ratio 0.1
=====> Saving current model and best model
balance: False
selecting samples for epoch 40, ratio 0.1
=====> Saving current model and best model
balance: False
selecting samples for epoch 41, ratio 0.1
=====> Epoch: 41/300, Total_step: 7708, lr: 0.001000, Total Time: 4561.1795 s, Time this epoch: 50.8907 s
=====> Epoch: 41/300, Train Loss (train loader labels): 1.7719, Train acc (train loader labels): 0.4285, Best val acc: 0.5607, Current val acc: 0.5607, Val Loss: 1.3799
=====> Saving current model and best model
balance: False
selecting samples for epoch 42, ratio 0.1
=====> Saving current model and best model
balance: False
selecting samples for epoch 43, ratio 0.1
=====> Saving current model and best model
balance: False
selecting samples for epoch 44, ratio 0.1
=====> Saving current model and best model
balance: False
selecting samples for epoch 45, ratio 0.1
=====> Epoch: 45/300, Total_step: 8460, lr: 0.001000, Total Time: 4822.8763 s, Time this epoch: 50.7711 s
=====> Epoch: 45/300, Train Loss (train loader labels): 1.7230, Train acc (train loader labels): 0.4280, Best val acc: 0.5607, Current val acc: 0.5591, Val Loss: 1.4043
=====> Saving current model and best model
balance: False
selecting samples for epoch 46, ratio 0.1
=====> Saving current model and best model
balance: False
selecting samples for epoch 47, ratio 0.1
=====> Saving current model and best model
balance: False
selecting samples for epoch 48, ratio 0.1
=====> Saving current model and best model
balance: False
selecting samples for epoch 49, ratio 0.1
=====> Epoch: 49/300, Total_step: 9212, lr: 0.001000, Total Time: 5083.6426 s, Time this epoch: 50.9345 s
=====> Epoch: 49/300, Train Loss (train loader labels): 2.9268, Train acc (train loader labels): 0.3194, Best val acc: 0.5607, Current val acc: 0.3973, Val Loss: 2.1111
=====> Saving current model and best model
balance: False
selecting samples for epoch 50, ratio 0.1
=====> Saving current model and best model
balance: False
selecting samples for epoch 51, ratio 0.1
=====> Saving current model and best model
balance: False
selecting samples for epoch 52, ratio 0.1
=====> Saving current model and best model
balance: False
selecting samples for epoch 53, ratio 0.1
=====> Epoch: 53/300, Total_step: 9964, lr: 0.001000, Total Time: 5344.2811 s, Time this epoch: 50.5683 s
=====> Epoch: 53/300, Train Loss (train loader labels): 1.6060, Train acc (train loader labels): 0.4590, Best val acc: 0.5673, Current val acc: 0.5673, Val Loss: 1.3321
=====> Saving current model and best model
balance: False
selecting samples for epoch 54, ratio 0.1
=====> Saving current model and best model
balance: False
selecting samples for epoch 55, ratio 0.1
=====> Saving current model and best model
balance: False
selecting samples for epoch 56, ratio 0.1
=====> Saving current model and best model
balance: False
selecting samples for epoch 57, ratio 0.1
=====> Epoch: 57/300, Total_step: 10716, lr: 0.001000, Total Time: 5606.0989 s, Time this epoch: 50.6755 s
=====> Epoch: 57/300, Train Loss (train loader labels): 1.6278, Train acc (train loader labels): 0.4689, Best val acc: 0.5716, Current val acc: 0.5716, Val Loss: 1.3972
=====> Saving current model and best model
balance: False
selecting samples for epoch 58, ratio 0.1
=====> Saving current model and best model
balance: False
selecting samples for epoch 59, ratio 0.1
=====> Saving current model and best model
balance: False
selecting samples for epoch 60, ratio 0.1
=====> Saving current model and best model
balance: False
selecting samples for epoch 61, ratio 0.1
=====> Epoch: 61/300, Total_step: 11468, lr: 0.001000, Total Time: 5866.9351 s, Time this epoch: 50.7468 s
=====> Epoch: 61/300, Train Loss (train loader labels): 1.6060, Train acc (train loader labels): 0.4699, Best val acc: 0.5963, Current val acc: 0.5963, Val Loss: 1.3206
=====> Saving current model and best model
balance: False
selecting samples for epoch 62, ratio 0.1
=====> Saving current model and best model
balance: False
selecting samples for epoch 63, ratio 0.1
=====> Saving current model and best model
balance: False
selecting samples for epoch 64, ratio 0.1
=====> Saving current model and best model
balance: False
selecting samples for epoch 65, ratio 0.1
=====> Epoch: 65/300, Total_step: 12220, lr: 0.001000, Total Time: 6128.1621 s, Time this epoch: 50.7294 s
=====> Epoch: 65/300, Train Loss (train loader labels): 1.6496, Train acc (train loader labels): 0.4428, Best val acc: 0.5963, Current val acc: 0.5335, Val Loss: 1.4057
=====> Saving current model and best model
balance: False
selecting samples for epoch 66, ratio 0.1
=====> Saving current model and best model
balance: False
selecting samples for epoch 67, ratio 0.1
=====> Saving current model and best model
balance: False
selecting samples for epoch 68, ratio 0.1
=====> Saving current model and best model
balance: False
selecting samples for epoch 69, ratio 0.1
=====> Saving current model and best model
balance: False
selecting samples for epoch 70, ratio 0.1
=====> Saving current model and best model
balance: False
selecting samples for epoch 71, ratio 0.1
=====> Saving current model and best model
balance: False
selecting samples for epoch 72, ratio 0.1
=====> Saving current model and best model
balance: False
selecting samples for epoch 73, ratio 0.1
=====> Saving current model and best model
balance: False
selecting samples for epoch 74, ratio 0.1
=====> Saving current model and best model
balance: False
selecting samples for epoch 75, ratio 0.1
=====> Saving current model and best model
balance: False
selecting samples for epoch 76, ratio 0.1
=====> Epoch: 76/300, Total_step: 14288, lr: 0.001000, Total Time: 6745.8351 s, Time this epoch: 50.8253 s
=====> Epoch: 76/300, Train Loss (train loader labels): 14.3988, Train acc (train loader labels): 0.2722, Best val acc: 0.5963, Current val acc: 0.3938, Val Loss: 7.0831
=====> Saving current model and best model
balance: False
selecting samples for epoch 77, ratio 0.1
=====> Saving current model and best model
balance: False
selecting samples for epoch 78, ratio 0.1
=====> Saving current model and best model
balance: False
selecting samples for epoch 79, ratio 0.1
=====> Saving current model and best model
balance: False
selecting samples for epoch 80, ratio 0.1
=====> Saving current model and best model
balance: False
selecting samples for epoch 81, ratio 0.1
=====> Saving current model and best model
balance: False
selecting samples for epoch 82, ratio 0.1
=====> Saving current model and best model
balance: False
selecting samples for epoch 83, ratio 0.1
=====> Saving current model and best model
balance: False
selecting samples for epoch 84, ratio 0.1
=====> Saving current model and best model
balance: False
selecting samples for epoch 85, ratio 0.1
=====> Saving current model and best model
balance: False
selecting samples for epoch 86, ratio 0.1
=====> Saving current model and best model
balance: False
selecting samples for epoch 87, ratio 0.1
=====> Saving current model and best model
balance: False
selecting samples for epoch 88, ratio 0.1
=====> Saving current model and best model
balance: False
selecting samples for epoch 89, ratio 0.1
=====> Saving current model and best model
balance: False
selecting samples for epoch 90, ratio 0.1
=====> Saving current model and best model
balance: False
selecting samples for epoch 91, ratio 0.1
=====> Epoch: 91/300, Total_step: 17108, lr: 0.001000, Total Time: 7570.2394 s, Time this epoch: 50.7995 s
=====> Epoch: 91/300, Train Loss (train loader labels): 3.1599, Train acc (train loader labels): 0.3646, Best val acc: 0.5963, Current val acc: 0.5141, Val Loss: 1.6898
=====> Saving current model and best model
balance: False
selecting samples for epoch 92, ratio 0.1
=====> Saving current model and best model
balance: False
selecting samples for epoch 93, ratio 0.1
=====> Saving current model and best model
balance: False
selecting samples for epoch 94, ratio 0.1
=====> Saving current model and best model
balance: False
selecting samples for epoch 95, ratio 0.1
=====> Saving current model and best model
balance: False
selecting samples for epoch 96, ratio 0.1
=====> Saving current model and best model
balance: False
selecting samples for epoch 97, ratio 0.1
=====> Saving current model and best model
balance: False
selecting samples for epoch 98, ratio 0.1
=====> Saving current model and best model
balance: False
selecting samples for epoch 99, ratio 0.1
=====> Saving current model and best model
balance: False
selecting samples for epoch 100, ratio 0.1
=====> Saving current model and best model
balance: False
selecting samples for epoch 101, ratio 0.1
=====> Saving current model and best model
balance: False
selecting samples for epoch 102, ratio 0.1
=====> Saving current model and best model
balance: False
selecting samples for epoch 103, ratio 0.1
=====> Saving current model and best model
balance: False
selecting samples for epoch 104, ratio 0.1
=====> Saving current model and best model
balance: False
selecting samples for epoch 105, ratio 0.1
=====> Saving current model and best model
balance: False
selecting samples for epoch 106, ratio 0.1
=====> Epoch: 106/300, Total_step: 19928, lr: 0.001000, Total Time: 8394.1181 s, Time this epoch: 50.7760 s
=====> Epoch: 106/300, Train Loss (train loader labels): 1.9453, Train acc (train loader labels): 0.3865, Best val acc: 0.5963, Current val acc: 0.5088, Val Loss: 1.5615
=====> Saving current model and best model
balance: False
selecting samples for epoch 107, ratio 0.1
=====> Saving current model and best model
balance: False
selecting samples for epoch 108, ratio 0.1
=====> Saving current model and best model
balance: False
selecting samples for epoch 109, ratio 0.1
=====> Saving current model and best model
balance: False
selecting samples for epoch 110, ratio 0.1
=====> Saving current model and best model
balance: False
selecting samples for epoch 111, ratio 0.1
=====> Saving current model and best model
balance: False
selecting samples for epoch 112, ratio 0.1
=====> Saving current model and best model
balance: False
selecting samples for epoch 113, ratio 0.1
=====> Saving current model and best model
balance: False
selecting samples for epoch 114, ratio 0.1
=====> Saving current model and best model
balance: False
selecting samples for epoch 115, ratio 0.1
=====> Saving current model and best model
balance: False
selecting samples for epoch 116, ratio 0.1
=====> Saving current model and best model
balance: False
selecting samples for epoch 117, ratio 0.1
=====> Saving current model and best model
balance: False
selecting samples for epoch 118, ratio 0.1
=====> Saving current model and best model
balance: False
selecting samples for epoch 119, ratio 0.1
=====> Saving current model and best model
balance: False
selecting samples for epoch 120, ratio 0.1
=====> Saving current model and best model
balance: False
selecting samples for epoch 121, ratio 0.1
=====> Epoch: 121/300, Total_step: 22748, lr: 0.001000, Total Time: 9217.6448 s, Time this epoch: 51.0765 s
=====> Epoch: 121/300, Train Loss (train loader labels): 1.6366, Train acc (train loader labels): 0.4503, Best val acc: 0.5963, Current val acc: 0.5491, Val Loss: 1.4168
=====> Saving current model and best model
balance: False
selecting samples for epoch 122, ratio 0.1
=====> Saving current model and best model
balance: False
selecting samples for epoch 123, ratio 0.1
=====> Saving current model and best model
balance: False
selecting samples for epoch 124, ratio 0.1
=====> Saving current model and best model
balance: False
selecting samples for epoch 125, ratio 0.1
=====> Saving current model and best model
balance: False
selecting samples for epoch 126, ratio 0.1
=====> Saving current model and best model
balance: False
selecting samples for epoch 127, ratio 0.1
=====> Saving current model and best model
balance: False
selecting samples for epoch 128, ratio 0.1
=====> Saving current model and best model
balance: False
selecting samples for epoch 129, ratio 0.1
=====> Saving current model and best model
balance: False
selecting samples for epoch 130, ratio 0.1
=====> Saving current model and best model
balance: False
selecting samples for epoch 131, ratio 0.1
=====> Saving current model and best model
balance: False
selecting samples for epoch 132, ratio 0.1
=====> Saving current model and best model
balance: False
selecting samples for epoch 133, ratio 0.1
=====> Saving current model and best model
balance: False
selecting samples for epoch 134, ratio 0.1
=====> Saving current model and best model
balance: False
selecting samples for epoch 135, ratio 0.1
=====> Saving current model and best model
balance: False
selecting samples for epoch 136, ratio 0.1
=====> Epoch: 136/300, Total_step: 25568, lr: 0.001000, Total Time: 10041.5306 s, Time this epoch: 50.7021 s
=====> Epoch: 136/300, Train Loss (train loader labels): 1.6087, Train acc (train loader labels): 0.4591, Best val acc: 0.5963, Current val acc: 0.5383, Val Loss: 1.3792
=====> Saving current model and best model
balance: False
selecting samples for epoch 137, ratio 0.1
=====> Saving current model and best model
balance: False
selecting samples for epoch 138, ratio 0.1
=====> Saving current model and best model
balance: False
selecting samples for epoch 139, ratio 0.1
=====> Saving current model and best model
balance: False
selecting samples for epoch 140, ratio 0.1
=====> Saving current model and best model
balance: False
selecting samples for epoch 141, ratio 0.1
=====> Saving current model and best model
balance: False
selecting samples for epoch 142, ratio 0.1
=====> Saving current model and best model
balance: False
selecting samples for epoch 143, ratio 0.1
=====> Saving current model and best model
balance: False
selecting samples for epoch 144, ratio 0.1
=====> Saving current model and best model
balance: False
selecting samples for epoch 145, ratio 0.1
=====> Saving current model and best model
balance: False
selecting samples for epoch 146, ratio 0.1
=====> Saving current model and best model
balance: False
selecting samples for epoch 147, ratio 0.1
=====> Saving current model and best model
balance: False
selecting samples for epoch 148, ratio 0.1
=====> Saving current model and best model
balance: False
selecting samples for epoch 149, ratio 0.1
=====> Saving current model and best model
balance: False
selecting samples for epoch 150, ratio 0.1
=====> Saving current model and best model
balance: False
selecting samples for epoch 151, ratio 0.1
=====> Epoch: 151/300, Total_step: 28388, lr: 0.001000, Total Time: 10865.8467 s, Time this epoch: 50.9488 s
=====> Epoch: 151/300, Train Loss (train loader labels): 1.6851, Train acc (train loader labels): 0.4428, Best val acc: 0.5963, Current val acc: 0.5084, Val Loss: 1.4459
=====> Saving current model and best model
balance: False
selecting samples for epoch 152, ratio 0.1
=====> Saving current model and best model
balance: False
selecting samples for epoch 153, ratio 0.1
=====> Saving current model and best model
balance: False
selecting samples for epoch 154, ratio 0.1
=====> Saving current model and best model
balance: False
selecting samples for epoch 155, ratio 0.1
=====> Saving current model and best model
balance: False
selecting samples for epoch 156, ratio 0.1
=====> Saving current model and best model
balance: False
selecting samples for epoch 157, ratio 0.1
=====> Saving current model and best model
balance: False
selecting samples for epoch 158, ratio 0.1
=====> Saving current model and best model
balance: False
selecting samples for epoch 159, ratio 0.1
=====> Saving current model and best model
balance: False
selecting samples for epoch 160, ratio 0.1
=====> Saving current model and best model
balance: False
selecting samples for epoch 161, ratio 0.1
=====> Saving current model and best model
balance: False
selecting samples for epoch 162, ratio 0.1
=====> Saving current model and best model
balance: False
selecting samples for epoch 163, ratio 0.1
=====> Saving current model and best model
balance: False
selecting samples for epoch 164, ratio 0.1
=====> Saving current model and best model
balance: False
selecting samples for epoch 165, ratio 0.1
=====> Saving current model and best model
balance: False
selecting samples for epoch 166, ratio 0.1
=====> Epoch: 166/300, Total_step: 31208, lr: 0.001000, Total Time: 11689.4783 s, Time this epoch: 50.6982 s
=====> Epoch: 166/300, Train Loss (train loader labels): 1.6385, Train acc (train loader labels): 0.4525, Best val acc: 0.5963, Current val acc: 0.5354, Val Loss: 1.3901
=====> Saving current model and best model
balance: False
selecting samples for epoch 167, ratio 0.1
=====> Saving current model and best model
balance: False
selecting samples for epoch 168, ratio 0.1
=====> Saving current model and best model
balance: False
selecting samples for epoch 169, ratio 0.1
=====> Saving current model and best model
balance: False
selecting samples for epoch 170, ratio 0.1
=====> Saving current model and best model
balance: False
selecting samples for epoch 171, ratio 0.1
=====> Saving current model and best model
balance: False
selecting samples for epoch 172, ratio 0.1
=====> Saving current model and best model
balance: False
selecting samples for epoch 173, ratio 0.1
=====> Saving current model and best model
balance: False
selecting samples for epoch 174, ratio 0.1
=====> Saving current model and best model
balance: False
selecting samples for epoch 175, ratio 0.1
=====> Saving current model and best model
balance: False
selecting samples for epoch 176, ratio 0.1
=====> Saving current model and best model
balance: False
selecting samples for epoch 177, ratio 0.1
=====> Saving current model and best model
balance: False
selecting samples for epoch 178, ratio 0.1
=====> Saving current model and best model
balance: False
selecting samples for epoch 179, ratio 0.1
=====> Saving current model and best model
balance: False
selecting samples for epoch 180, ratio 0.1
=====> Saving current model and best model
balance: False
selecting samples for epoch 181, ratio 0.1
=====> Epoch: 181/300, Total_step: 34028, lr: 0.001000, Total Time: 12510.4776 s, Time this epoch: 50.6626 s
=====> Epoch: 181/300, Train Loss (train loader labels): 1.6841, Train acc (train loader labels): 0.4354, Best val acc: 0.5963, Current val acc: 0.5331, Val Loss: 1.4492
=====> Saving current model and best model
balance: False
selecting samples for epoch 182, ratio 0.1
=====> Saving current model and best model
balance: False
selecting samples for epoch 183, ratio 0.1
=====> Saving current model and best model
balance: False
selecting samples for epoch 184, ratio 0.1
=====> Saving current model and best model
balance: False
selecting samples for epoch 185, ratio 0.1
=====> Saving current model and best model
balance: False
selecting samples for epoch 186, ratio 0.1
=====> Saving current model and best model
balance: False
selecting samples for epoch 187, ratio 0.1
=====> Saving current model and best model
balance: False
selecting samples for epoch 188, ratio 0.1
=====> Saving current model and best model
balance: False
selecting samples for epoch 189, ratio 0.1
=====> Saving current model and best model
balance: False
selecting samples for epoch 190, ratio 0.1
=====> Saving current model and best model
balance: False
selecting samples for epoch 191, ratio 0.1
=====> Saving current model and best model
balance: False
selecting samples for epoch 192, ratio 0.1
=====> Saving current model and best model
balance: False
selecting samples for epoch 193, ratio 0.1
=====> Saving current model and best model
balance: False
selecting samples for epoch 194, ratio 0.1
=====> Saving current model and best model
balance: False
selecting samples for epoch 195, ratio 0.1
=====> Saving current model and best model
balance: False
selecting samples for epoch 196, ratio 0.1
=====> Epoch: 196/300, Total_step: 36848, lr: 0.001000, Total Time: 13333.3577 s, Time this epoch: 50.8481 s
=====> Epoch: 196/300, Train Loss (train loader labels): 1.6536, Train acc (train loader labels): 0.4449, Best val acc: 0.5963, Current val acc: 0.5716, Val Loss: 1.3566
=====> Saving current model and best model
balance: False
selecting samples for epoch 197, ratio 0.1
=====> Saving current model and best model
balance: False
selecting samples for epoch 198, ratio 0.1
=====> Saving current model and best model
balance: False
selecting samples for epoch 199, ratio 0.1
=====> Saving current model and best model
balance: False
selecting samples for epoch 200, ratio 0.1
=====> Saving current model and best model
balance: False
selecting samples for epoch 201, ratio 0.1
=====> Saving current model and best model
balance: False
selecting samples for epoch 202, ratio 0.1
=====> Saving current model and best model
balance: False
selecting samples for epoch 203, ratio 0.1
=====> Saving current model and best model
balance: False
selecting samples for epoch 204, ratio 0.1
=====> Saving current model and best model
balance: False
selecting samples for epoch 205, ratio 0.1
=====> Saving current model and best model
balance: False
selecting samples for epoch 206, ratio 0.1
=====> Saving current model and best model
balance: False
selecting samples for epoch 207, ratio 0.1
=====> Saving current model and best model
balance: False
selecting samples for epoch 208, ratio 0.1
=====> Saving current model and best model
balance: False
selecting samples for epoch 209, ratio 0.1
=====> Saving current model and best model
balance: False
selecting samples for epoch 210, ratio 0.1
=====> Saving current model and best model
balance: False
selecting samples for epoch 211, ratio 0.1
=====> Epoch: 211/300, Total_step: 39668, lr: 0.001000, Total Time: 14158.2552 s, Time this epoch: 50.6233 s
=====> Epoch: 211/300, Train Loss (train loader labels): 22.7798, Train acc (train loader labels): 0.3197, Best val acc: 0.5963, Current val acc: 0.4693, Val Loss: 13.2158
=====> Saving current model and best model
balance: False
selecting samples for epoch 212, ratio 0.1
=====> Saving current model and best model
balance: False
selecting samples for epoch 213, ratio 0.1
=====> Saving current model and best model
balance: False
selecting samples for epoch 214, ratio 0.1
=====> Saving current model and best model
balance: False
selecting samples for epoch 215, ratio 0.1
=====> Saving current model and best model
balance: False
selecting samples for epoch 216, ratio 0.1
=====> Saving current model and best model
balance: False
selecting samples for epoch 217, ratio 0.1
=====> Saving current model and best model
balance: False
selecting samples for epoch 218, ratio 0.1
=====> Saving current model and best model
balance: False
selecting samples for epoch 219, ratio 0.1
=====> Saving current model and best model
balance: False
selecting samples for epoch 220, ratio 0.1
=====> Saving current model and best model
balance: False
selecting samples for epoch 221, ratio 0.1
=====> Saving current model and best model
balance: False
selecting samples for epoch 222, ratio 0.1
=====> Saving current model and best model
balance: False
selecting samples for epoch 223, ratio 0.1
=====> Saving current model and best model
balance: False
selecting samples for epoch 224, ratio 0.1
=====> Saving current model and best model
balance: False
selecting samples for epoch 225, ratio 0.1
=====> Saving current model and best model
balance: False
selecting samples for epoch 226, ratio 0.1
=====> Epoch: 226/300, Total_step: 42488, lr: 0.001000, Total Time: 14981.5707 s, Time this epoch: 51.0452 s
=====> Epoch: 226/300, Train Loss (train loader labels): 4.8708, Train acc (train loader labels): 0.3041, Best val acc: 0.5963, Current val acc: 0.4042, Val Loss: 3.2921
=====> Saving current model and best model
balance: False
selecting samples for epoch 227, ratio 0.1
=====> Saving current model and best model
balance: False
selecting samples for epoch 228, ratio 0.1
=====> Saving current model and best model
balance: False
selecting samples for epoch 229, ratio 0.1
=====> Saving current model and best model
balance: False
selecting samples for epoch 230, ratio 0.1
=====> Saving current model and best model
balance: False
selecting samples for epoch 231, ratio 0.1
=====> Saving current model and best model
balance: False
selecting samples for epoch 232, ratio 0.1
=====> Saving current model and best model
balance: False
selecting samples for epoch 233, ratio 0.1
=====> Saving current model and best model
balance: False
selecting samples for epoch 234, ratio 0.1
=====> Saving current model and best model
balance: False
selecting samples for epoch 235, ratio 0.1
=====> Saving current model and best model
balance: False
selecting samples for epoch 236, ratio 0.1
=====> Saving current model and best model
balance: False
selecting samples for epoch 237, ratio 0.1
=====> Saving current model and best model
balance: False
selecting samples for epoch 238, ratio 0.1
=====> Saving current model and best model
balance: False
selecting samples for epoch 239, ratio 0.1
=====> Saving current model and best model
balance: False
selecting samples for epoch 240, ratio 0.1
=====> Saving current model and best model
balance: False
selecting samples for epoch 241, ratio 0.1
=====> Epoch: 241/300, Total_step: 45308, lr: 0.001000, Total Time: 15802.8031 s, Time this epoch: 50.8484 s
=====> Epoch: 241/300, Train Loss (train loader labels): 1.9309, Train acc (train loader labels): 0.3989, Best val acc: 0.5963, Current val acc: 0.5611, Val Loss: 1.3654
=====> Saving current model and best model
balance: False
selecting samples for epoch 242, ratio 0.1
=====> Saving current model and best model
balance: False
selecting samples for epoch 243, ratio 0.1
=====> Saving current model and best model
balance: False
selecting samples for epoch 244, ratio 0.1
=====> Saving current model and best model
balance: False
selecting samples for epoch 245, ratio 0.1
=====> Saving current model and best model
balance: False
selecting samples for epoch 246, ratio 0.1
=====> Saving current model and best model
balance: False
selecting samples for epoch 247, ratio 0.1
=====> Saving current model and best model
balance: False
selecting samples for epoch 248, ratio 0.1
=====> Saving current model and best model
balance: False
selecting samples for epoch 249, ratio 0.1
=====> Saving current model and best model
balance: False
selecting samples for epoch 250, ratio 0.1
=====> Saving current model and best model
balance: False
selecting samples for epoch 251, ratio 0.1
=====> Saving current model and best model
balance: False
selecting samples for epoch 252, ratio 0.1
=====> Saving current model and best model
balance: False
selecting samples for epoch 253, ratio 0.1
=====> Saving current model and best model
balance: False
selecting samples for epoch 254, ratio 0.1
=====> Saving current model and best model
balance: False
selecting samples for epoch 255, ratio 0.1
=====> Saving current model and best model
balance: False
selecting samples for epoch 256, ratio 0.1
=====> Epoch: 256/300, Total_step: 48128, lr: 0.001000, Total Time: 16624.7401 s, Time this epoch: 50.8926 s
=====> Epoch: 256/300, Train Loss (train loader labels): 1.6710, Train acc (train loader labels): 0.4416, Best val acc: 0.5963, Current val acc: 0.5889, Val Loss: 1.2462
=====> Saving current model and best model
balance: False
selecting samples for epoch 257, ratio 0.1
=====> Saving current model and best model
balance: False
selecting samples for epoch 258, ratio 0.1
=====> Saving current model and best model
balance: False
selecting samples for epoch 259, ratio 0.1
=====> Saving current model and best model
balance: False
selecting samples for epoch 260, ratio 0.1
=====> Saving current model and best model
balance: False
selecting samples for epoch 261, ratio 0.1
=====> Saving current model and best model
balance: False
selecting samples for epoch 262, ratio 0.1
=====> Saving current model and best model
balance: False
selecting samples for epoch 263, ratio 0.1
=====> Saving current model and best model
balance: False
selecting samples for epoch 264, ratio 0.1
=====> Saving current model and best model
balance: False
selecting samples for epoch 265, ratio 0.1
=====> Saving current model and best model
balance: False
selecting samples for epoch 266, ratio 0.1
=====> Saving current model and best model
balance: False
selecting samples for epoch 267, ratio 0.1
=====> Saving current model and best model
balance: False
selecting samples for epoch 268, ratio 0.1
=====> Saving current model and best model
balance: False
selecting samples for epoch 269, ratio 0.1
=====> Saving current model and best model
balance: False
selecting samples for epoch 270, ratio 0.1
=====> Saving current model and best model
balance: False
selecting samples for epoch 271, ratio 0.1
=====> Epoch: 271/300, Total_step: 50948, lr: 0.001000, Total Time: 17446.8556 s, Time this epoch: 50.6566 s
=====> Epoch: 271/300, Train Loss (train loader labels): 1.5956, Train acc (train loader labels): 0.4690, Best val acc: 0.5963, Current val acc: 0.5813, Val Loss: 1.3445
=====> Saving current model and best model
balance: False
selecting samples for epoch 272, ratio 0.1
=====> Saving current model and best model
balance: False
selecting samples for epoch 273, ratio 0.1
=====> Saving current model and best model
balance: False
selecting samples for epoch 274, ratio 0.1
=====> Saving current model and best model
balance: False
selecting samples for epoch 275, ratio 0.1
=====> Saving current model and best model
balance: False
selecting samples for epoch 276, ratio 0.1
=====> Saving current model and best model
balance: False
selecting samples for epoch 277, ratio 0.1
=====> Saving current model and best model
balance: False
selecting samples for epoch 278, ratio 0.1
=====> Saving current model and best model
balance: False
selecting samples for epoch 279, ratio 0.1
=====> Saving current model and best model
balance: False
selecting samples for epoch 280, ratio 0.1
=====> Saving current model and best model
balance: False
selecting samples for epoch 281, ratio 0.1
=====> Saving current model and best model
balance: False
selecting samples for epoch 282, ratio 0.1
=====> Saving current model and best model
balance: False
selecting samples for epoch 283, ratio 0.1
=====> Saving current model and best model
balance: False
selecting samples for epoch 284, ratio 0.1
=====> Saving current model and best model
balance: False
selecting samples for epoch 285, ratio 0.1
=====> Saving current model and best model
balance: False
selecting samples for epoch 286, ratio 0.1
=====> Epoch: 286/300, Total_step: 53768, lr: 0.001000, Total Time: 18268.8329 s, Time this epoch: 50.6640 s
=====> Epoch: 286/300, Train Loss (train loader labels): 1.5681, Train acc (train loader labels): 0.5004, Best val acc: 0.6578, Current val acc: 0.6578, Val Loss: 1.2675
=====> Saving current model and best model
balance: False
selecting samples for epoch 287, ratio 0.1
=====> Saving current model and best model
balance: False
selecting samples for epoch 288, ratio 0.1
=====> Saving current model and best model
balance: False
selecting samples for epoch 289, ratio 0.1
=====> Saving current model and best model
balance: False
selecting samples for epoch 290, ratio 0.1
=====> Saving current model and best model
balance: False
selecting samples for epoch 291, ratio 0.1
=====> Saving current model and best model
balance: False
selecting samples for epoch 292, ratio 0.1
=====> Saving current model and best model
balance: False
selecting samples for epoch 293, ratio 0.1
=====> Saving current model and best model
balance: False
selecting samples for epoch 294, ratio 0.1
=====> Saving current model and best model
balance: False
selecting samples for epoch 295, ratio 0.1
=====> Saving current model and best model
balance: False
selecting samples for epoch 296, ratio 0.1
=====> Saving current model and best model
balance: False
selecting samples for epoch 297, ratio 0.1
=====> Saving current model and best model
balance: False
selecting samples for epoch 298, ratio 0.1
=====> Saving current model and best model
balance: False
selecting samples for epoch 299, ratio 0.1
=====> Saving current model and best model
balance: False
selecting samples for epoch 300, ratio 0.1
=====> Epoch: 300/300, Total_step: 56400, lr: 0.001000, Total Time: 19042.2106 s, Time this epoch: 50.6280 s
=====> Epoch: 300/300, Train Loss (train loader labels): 1.5712, Train acc (train loader labels): 0.4992, Best val acc: 0.6675, Current val acc: 0.6675, Val Loss: 1.2756
=====> Saving current model and best model
Saved helper snapshots to /home/mward19/Documents/miller/Online-Batch-Selection/snapshots/MNIST/{"bsel":"DivBS","seed":3,"model":"DeepLinear","opt":"adamw","bs":320,"ratio":0.1,"lr":0.001,"wd":0.01,"layers":8,"hidden_dim":1000}.p
Saved selected points array to /home/mward19/Documents/miller/Online-Batch-Selection/selected_points/MNIST/{"bsel":"DivBS","seed":3,"model":"DeepLinear","opt":"adamw","bs":320,"ratio":0.1,"lr":0.001,"wd":0.01,"layers":8,"hidden_dim":1000}.npy
========================= End Main =========================
