save_dir: ./exp/CIFAR3/DivBS_deeplinear_bs320_ep300_lr0.001_AdamW_constant_seed2_r0.1_100_hidden
=====> Loading config files: 
configs/cifar3/method/divbs-0.1.yaml
configs/cifar3/data/cifar3.yaml
configs/cifar3/model/deep_linear_saxe/deep_linear_100.yaml
configs/cifar3/optim/adamw-320-0.001-0.01.yaml
configs/diagnostics/snapshots_log_interval.yaml
=====> Config files loaded.
========================= Start Main =========================
=====> Saving config file
=====> Config file saved
=====> Using fixed random seed: 2
=====> Wandb initialized
=====> Number of GPUs: 1
Creating DivBS...
Begin training for DivBS...
=====> Epoch: 0/300, Total_step: 0, lr: 0.001000, Total Time: 0.0000 s, Time this epoch: 0.0000 s
=====> Epoch: 0/300, Train Loss (train loader labels): 1.0991, Train acc (train loader labels): 0.3333, Best val acc: 0.3333, Current val acc: 0.3333, Val Loss: 1.0991
balance: False
selecting samples for epoch 1, ratio 0.1
=====> Epoch: 1/300, Total_step: 1, lr: 0.001000, Total Time: 0.0000 s, Time this epoch: 0.0000 s
=====> Epoch: 1/300, Train Loss (train loader labels): 1.1857, Train acc (train loader labels): 0.3333, Best val acc: 0.3333, Current val acc: 0.3333, Val Loss: 1.1857
=====> Epoch: 1/300, Total_step: 12, lr: 0.001000, Total Time: 0.0000 s, Time this epoch: 0.0000 s
=====> Epoch: 1/300, Train Loss (train loader labels): 1.1488, Train acc (train loader labels): 0.3333, Best val acc: 0.3333, Current val acc: 0.3333, Val Loss: 1.1488
=====> Epoch: 1/300, Total_step: 23, lr: 0.001000, Total Time: 0.0000 s, Time this epoch: 0.0000 s
=====> Epoch: 1/300, Train Loss (train loader labels): 1831.8826, Train acc (train loader labels): 0.3333, Best val acc: 0.3333, Current val acc: 0.3333, Val Loss: 1831.6144
=====> Epoch: 1/300, Total_step: 34, lr: 0.001000, Total Time: 0.0000 s, Time this epoch: 0.0000 s
=====> Epoch: 1/300, Train Loss (train loader labels): 3759912349859840.0000, Train acc (train loader labels): 0.3389, Best val acc: 0.3560, Current val acc: 0.3560, Val Loss: 3528146519326720.0000
[1;34mwandb[0m: 
[1;34mwandb[0m: You can sync this run to the cloud by running:
[1;34mwandb[0m: [1mwandb sync exp/CIFAR3/DivBS_deeplinear_bs320_ep300_lr0.001_AdamW_constant_seed2_r0.1_100_hidden/wandb/offline-run-20260605_170319-xci0d4qo[0m
