save_dir: ./exp/MNIST/RhoLoss_deeplinear_bs320_ep300_lr0.001_AdamW_constant_seed1_r0.1_3_hidden
=====> Loading config files: 
configs/mnist/method/rholoss-0.1.yaml
configs/mnist/data/mnist.yaml
configs/mnist/model/deep_linear_saxe/deep_linear_3.yaml
configs/mnist/optim/adamw-320-0.001-0.01.yaml
configs/diagnostics/snapshots_log_interval.yaml
=====> Config files loaded.
========================= Start Main =========================
=====> Saving config file
=====> Config file saved
=====> Using fixed random seed: 1
=====> Wandb initialized
=====> Number of GPUs: 1
Creating RhoLoss...
Cached irreducible losses for 60000 samples in dataset.
=====> Start teacher Validation
=====> teacher Test Accuracy: 0.3504
Begin training for RhoLoss...
=====> Epoch: 0/300, Total_step: 0, lr: 0.001000, Total Time: 0.0000 s, Time this epoch: 0.0000 s
=====> Epoch: 0/300, Train Loss (train loader labels): 2.3161, Train acc (train loader labels): 0.0954, Best val acc: 0.1041, Current val acc: 0.1041, Val Loss: 2.3183
balance: False
selecting samples for epoch 1, ratio 0.1
=====> Epoch: 1/300, Total_step: 1, lr: 0.001000, Total Time: 0.0000 s, Time this epoch: 0.0000 s
=====> Epoch: 1/300, Train Loss (train loader labels): 2.8650, Train acc (train loader labels): 0.1235, Best val acc: 0.1186, Current val acc: 0.1186, Val Loss: 2.5580
=====> Epoch: 1/300, Total_step: 48, lr: 0.001000, Total Time: 0.0000 s, Time this epoch: 0.0000 s
=====> Epoch: 1/300, Train Loss (train loader labels): 2.1626, Train acc (train loader labels): 0.2869, Best val acc: 0.4064, Current val acc: 0.4064, Val Loss: 2.1358
=====> Epoch: 1/300, Total_step: 95, lr: 0.001000, Total Time: 0.0000 s, Time this epoch: 0.0000 s
=====> Epoch: 1/300, Train Loss (train loader labels): 2.2050, Train acc (train loader labels): 0.2826, Best val acc: 0.4064, Current val acc: 0.3745, Val Loss: 2.1966
=====> Epoch: 1/300, Total_step: 142, lr: 0.001000, Total Time: 0.0000 s, Time this epoch: 0.0000 s
=====> Epoch: 1/300, Train Loss (train loader labels): 2.1992, Train acc (train loader labels): 0.2897, Best val acc: 0.4064, Current val acc: 0.3476, Val Loss: 2.1981
=====> Saving current model and best model
balance: False
selecting samples for epoch 2, ratio 0.1
=====> Epoch: 2/300, Total_step: 189, lr: 0.001000, Total Time: 93.8034 s, Time this epoch: 77.8027 s
=====> Epoch: 2/300, Train Loss (train loader labels): 2.2065, Train acc (train loader labels): 0.3091, Best val acc: 0.4064, Current val acc: 0.3825, Val Loss: 2.1951
=====> Epoch: 2/300, Total_step: 236, lr: 0.001000, Total Time: 93.8034 s, Time this epoch: 77.8027 s
=====> Epoch: 2/300, Train Loss (train loader labels): 2.2086, Train acc (train loader labels): 0.2794, Best val acc: 0.4064, Current val acc: 0.3919, Val Loss: 2.1958
=====> Epoch: 2/300, Total_step: 283, lr: 0.001000, Total Time: 93.8034 s, Time this epoch: 77.8027 s
=====> Epoch: 2/300, Train Loss (train loader labels): 2.2090, Train acc (train loader labels): 0.3374, Best val acc: 0.4697, Current val acc: 0.4697, Val Loss: 2.2064
=====> Epoch: 2/300, Total_step: 330, lr: 0.001000, Total Time: 93.8034 s, Time this epoch: 77.8027 s
=====> Epoch: 2/300, Train Loss (train loader labels): 2.2207, Train acc (train loader labels): 0.3097, Best val acc: 0.4697, Current val acc: 0.4469, Val Loss: 2.2129
=====> Saving current model and best model
balance: False
selecting samples for epoch 3, ratio 0.1
=====> Epoch: 3/300, Total_step: 377, lr: 0.001000, Total Time: 171.6945 s, Time this epoch: 77.7417 s
=====> Epoch: 3/300, Train Loss (train loader labels): 2.2063, Train acc (train loader labels): 0.3273, Best val acc: 0.4697, Current val acc: 0.3739, Val Loss: 2.2035
=====> Epoch: 3/300, Total_step: 424, lr: 0.001000, Total Time: 171.6945 s, Time this epoch: 77.7417 s
=====> Epoch: 3/300, Train Loss (train loader labels): 2.2005, Train acc (train loader labels): 0.2960, Best val acc: 0.4697, Current val acc: 0.3599, Val Loss: 2.1953
=====> Epoch: 3/300, Total_step: 471, lr: 0.001000, Total Time: 171.6945 s, Time this epoch: 77.7417 s
=====> Epoch: 3/300, Train Loss (train loader labels): 2.2215, Train acc (train loader labels): 0.2688, Best val acc: 0.4697, Current val acc: 0.3067, Val Loss: 2.2180
=====> Epoch: 3/300, Total_step: 518, lr: 0.001000, Total Time: 171.6945 s, Time this epoch: 77.7417 s
=====> Epoch: 3/300, Train Loss (train loader labels): 2.2303, Train acc (train loader labels): 0.2583, Best val acc: 0.4697, Current val acc: 0.4037, Val Loss: 2.2190
=====> Saving current model and best model
balance: False
selecting samples for epoch 4, ratio 0.1
=====> Epoch: 4/300, Total_step: 565, lr: 0.001000, Total Time: 249.6987 s, Time this epoch: 77.9292 s
=====> Epoch: 4/300, Train Loss (train loader labels): 2.2256, Train acc (train loader labels): 0.2786, Best val acc: 0.4697, Current val acc: 0.2982, Val Loss: 2.2278
=====> Epoch: 4/300, Total_step: 612, lr: 0.001000, Total Time: 249.6987 s, Time this epoch: 77.9292 s
=====> Epoch: 4/300, Train Loss (train loader labels): 2.2171, Train acc (train loader labels): 0.3077, Best val acc: 0.4697, Current val acc: 0.3325, Val Loss: 2.2149
=====> Epoch: 4/300, Total_step: 659, lr: 0.001000, Total Time: 249.6987 s, Time this epoch: 77.9292 s
=====> Epoch: 4/300, Train Loss (train loader labels): 2.2356, Train acc (train loader labels): 0.2605, Best val acc: 0.4697, Current val acc: 0.3330, Val Loss: 2.2286
=====> Epoch: 4/300, Total_step: 706, lr: 0.001000, Total Time: 249.6987 s, Time this epoch: 77.9292 s
=====> Epoch: 4/300, Train Loss (train loader labels): 2.2175, Train acc (train loader labels): 0.2582, Best val acc: 0.4697, Current val acc: 0.3486, Val Loss: 2.2084
=====> Saving current model and best model
balance: False
selecting samples for epoch 5, ratio 0.1
=====> Epoch: 5/300, Total_step: 753, lr: 0.001000, Total Time: 327.6320 s, Time this epoch: 77.8545 s
=====> Epoch: 5/300, Train Loss (train loader labels): 2.2197, Train acc (train loader labels): 0.2792, Best val acc: 0.4697, Current val acc: 0.3514, Val Loss: 2.2147
=====> Epoch: 5/300, Total_step: 800, lr: 0.001000, Total Time: 327.6320 s, Time this epoch: 77.8545 s
=====> Epoch: 5/300, Train Loss (train loader labels): 2.2268, Train acc (train loader labels): 0.2589, Best val acc: 0.4697, Current val acc: 0.2877, Val Loss: 2.2199
=====> Epoch: 5/300, Total_step: 847, lr: 0.001000, Total Time: 327.6320 s, Time this epoch: 77.8545 s
=====> Epoch: 5/300, Train Loss (train loader labels): 2.2218, Train acc (train loader labels): 0.2657, Best val acc: 0.4697, Current val acc: 0.2731, Val Loss: 2.2198
=====> Epoch: 5/300, Total_step: 894, lr: 0.001000, Total Time: 327.6320 s, Time this epoch: 77.8545 s
=====> Epoch: 5/300, Train Loss (train loader labels): 2.2078, Train acc (train loader labels): 0.3320, Best val acc: 0.4898, Current val acc: 0.4898, Val Loss: 2.1972
=====> Saving current model and best model
balance: False
selecting samples for epoch 6, ratio 0.1
=====> Epoch: 6/300, Total_step: 1128, lr: 0.001000, Total Time: 406.3204 s, Time this epoch: 78.5854 s
=====> Epoch: 6/300, Train Loss (train loader labels): 2.2212, Train acc (train loader labels): 0.2743, Best val acc: 0.4898, Current val acc: 0.2739, Val Loss: 2.2174
=====> Saving current model and best model
balance: False
selecting samples for epoch 7, ratio 0.1
=====> Epoch: 7/300, Total_step: 1316, lr: 0.001000, Total Time: 437.3853 s, Time this epoch: 30.8140 s
=====> Epoch: 7/300, Train Loss (train loader labels): 2.2175, Train acc (train loader labels): 0.2792, Best val acc: 0.4898, Current val acc: 0.3903, Val Loss: 2.2082
=====> Saving current model and best model
balance: False
selecting samples for epoch 8, ratio 0.1
=====> Epoch: 8/300, Total_step: 1504, lr: 0.001000, Total Time: 468.1691 s, Time this epoch: 30.6321 s
=====> Epoch: 8/300, Train Loss (train loader labels): 2.2264, Train acc (train loader labels): 0.2802, Best val acc: 0.4898, Current val acc: 0.3578, Val Loss: 2.2169
=====> Saving current model and best model
balance: False
selecting samples for epoch 9, ratio 0.1
=====> Epoch: 9/300, Total_step: 1692, lr: 0.001000, Total Time: 499.3898 s, Time this epoch: 31.0703 s
=====> Epoch: 9/300, Train Loss (train loader labels): 2.2219, Train acc (train loader labels): 0.2677, Best val acc: 0.4898, Current val acc: 0.2866, Val Loss: 2.2141
=====> Saving current model and best model
balance: False
selecting samples for epoch 10, ratio 0.1
=====> Epoch: 10/300, Total_step: 1880, lr: 0.001000, Total Time: 531.3532 s, Time this epoch: 31.7056 s
=====> Epoch: 10/300, Train Loss (train loader labels): 2.2173, Train acc (train loader labels): 0.3135, Best val acc: 0.4898, Current val acc: 0.4078, Val Loss: 2.2083
=====> Saving current model and best model
balance: False
selecting samples for epoch 11, ratio 0.1
=====> Epoch: 11/300, Total_step: 2068, lr: 0.001000, Total Time: 563.0718 s, Time this epoch: 31.1738 s
=====> Epoch: 11/300, Train Loss (train loader labels): 2.2058, Train acc (train loader labels): 0.3461, Best val acc: 0.4898, Current val acc: 0.4395, Val Loss: 2.1984
=====> Saving current model and best model
balance: False
selecting samples for epoch 12, ratio 0.1
=====> Epoch: 12/300, Total_step: 2256, lr: 0.001000, Total Time: 594.0881 s, Time this epoch: 30.7247 s
=====> Epoch: 12/300, Train Loss (train loader labels): 2.2238, Train acc (train loader labels): 0.3293, Best val acc: 0.4898, Current val acc: 0.4568, Val Loss: 2.2132
=====> Saving current model and best model
balance: False
selecting samples for epoch 13, ratio 0.1
=====> Epoch: 13/300, Total_step: 2444, lr: 0.001000, Total Time: 624.8615 s, Time this epoch: 30.6498 s
=====> Epoch: 13/300, Train Loss (train loader labels): 2.2119, Train acc (train loader labels): 0.2965, Best val acc: 0.4898, Current val acc: 0.4177, Val Loss: 2.2083
=====> Saving current model and best model
balance: False
selecting samples for epoch 14, ratio 0.1
=====> Epoch: 14/300, Total_step: 2632, lr: 0.001000, Total Time: 656.0693 s, Time this epoch: 31.0721 s
=====> Epoch: 14/300, Train Loss (train loader labels): 2.2032, Train acc (train loader labels): 0.3150, Best val acc: 0.4898, Current val acc: 0.4352, Val Loss: 2.2001
=====> Saving current model and best model
balance: False
selecting samples for epoch 15, ratio 0.1
=====> Epoch: 15/300, Total_step: 2820, lr: 0.001000, Total Time: 686.8136 s, Time this epoch: 30.6192 s
=====> Epoch: 15/300, Train Loss (train loader labels): 2.2067, Train acc (train loader labels): 0.3209, Best val acc: 0.4898, Current val acc: 0.4312, Val Loss: 2.2018
=====> Saving current model and best model
balance: False
selecting samples for epoch 16, ratio 0.1
=====> Epoch: 16/300, Total_step: 3008, lr: 0.001000, Total Time: 717.4269 s, Time this epoch: 30.4766 s
=====> Epoch: 16/300, Train Loss (train loader labels): 2.2128, Train acc (train loader labels): 0.2913, Best val acc: 0.4898, Current val acc: 0.3693, Val Loss: 2.2033
=====> Saving current model and best model
balance: False
selecting samples for epoch 17, ratio 0.1
=====> Epoch: 17/300, Total_step: 3196, lr: 0.001000, Total Time: 748.1066 s, Time this epoch: 30.5668 s
=====> Epoch: 17/300, Train Loss (train loader labels): 2.2024, Train acc (train loader labels): 0.3153, Best val acc: 0.4905, Current val acc: 0.4905, Val Loss: 2.1931
=====> Saving current model and best model
balance: False
selecting samples for epoch 18, ratio 0.1
=====> Epoch: 18/300, Total_step: 3384, lr: 0.001000, Total Time: 778.8601 s, Time this epoch: 30.5502 s
=====> Epoch: 18/300, Train Loss (train loader labels): 2.1973, Train acc (train loader labels): 0.3347, Best val acc: 0.4905, Current val acc: 0.4631, Val Loss: 2.1977
=====> Saving current model and best model
balance: False
selecting samples for epoch 19, ratio 0.1
=====> Epoch: 19/300, Total_step: 3572, lr: 0.001000, Total Time: 810.1488 s, Time this epoch: 30.7340 s
=====> Epoch: 19/300, Train Loss (train loader labels): 2.2006, Train acc (train loader labels): 0.2692, Best val acc: 0.4905, Current val acc: 0.3430, Val Loss: 2.2022
=====> Saving current model and best model
balance: False
selecting samples for epoch 20, ratio 0.1
=====> Epoch: 20/300, Total_step: 3760, lr: 0.001000, Total Time: 841.1698 s, Time this epoch: 30.9094 s
=====> Epoch: 20/300, Train Loss (train loader labels): 2.1987, Train acc (train loader labels): 0.3312, Best val acc: 0.4905, Current val acc: 0.4380, Val Loss: 2.1908
=====> Saving current model and best model
balance: False
selecting samples for epoch 21, ratio 0.1
=====> Epoch: 21/300, Total_step: 3948, lr: 0.001000, Total Time: 871.9219 s, Time this epoch: 30.6359 s
=====> Epoch: 21/300, Train Loss (train loader labels): 2.1971, Train acc (train loader labels): 0.3158, Best val acc: 0.4905, Current val acc: 0.4262, Val Loss: 2.1963
=====> Saving current model and best model
balance: False
selecting samples for epoch 22, ratio 0.1
=====> Epoch: 22/300, Total_step: 4136, lr: 0.001000, Total Time: 903.0253 s, Time this epoch: 30.9540 s
=====> Epoch: 22/300, Train Loss (train loader labels): 2.1954, Train acc (train loader labels): 0.3098, Best val acc: 0.4905, Current val acc: 0.3474, Val Loss: 2.1960
=====> Saving current model and best model
balance: False
selecting samples for epoch 23, ratio 0.1
=====> Epoch: 23/300, Total_step: 4324, lr: 0.001000, Total Time: 934.5874 s, Time this epoch: 31.3919 s
=====> Epoch: 23/300, Train Loss (train loader labels): 2.2043, Train acc (train loader labels): 0.3150, Best val acc: 0.4905, Current val acc: 0.3753, Val Loss: 2.2041
=====> Saving current model and best model
balance: False
selecting samples for epoch 24, ratio 0.1
=====> Epoch: 24/300, Total_step: 4512, lr: 0.001000, Total Time: 966.1775 s, Time this epoch: 31.2082 s
=====> Epoch: 24/300, Train Loss (train loader labels): 2.2000, Train acc (train loader labels): 0.3074, Best val acc: 0.4905, Current val acc: 0.4430, Val Loss: 2.1875
=====> Saving current model and best model
balance: False
selecting samples for epoch 25, ratio 0.1
=====> Epoch: 25/300, Total_step: 4700, lr: 0.001000, Total Time: 997.8554 s, Time this epoch: 31.4923 s
=====> Epoch: 25/300, Train Loss (train loader labels): 2.1841, Train acc (train loader labels): 0.3206, Best val acc: 0.4905, Current val acc: 0.3534, Val Loss: 2.1899
=====> Saving current model and best model
balance: False
selecting samples for epoch 26, ratio 0.1
=====> Epoch: 26/300, Total_step: 4888, lr: 0.001000, Total Time: 1029.1350 s, Time this epoch: 31.0755 s
=====> Epoch: 26/300, Train Loss (train loader labels): 2.1916, Train acc (train loader labels): 0.3288, Best val acc: 0.4905, Current val acc: 0.3833, Val Loss: 2.1869
=====> Saving current model and best model
balance: False
selecting samples for epoch 27, ratio 0.1
=====> Saving current model and best model
balance: False
selecting samples for epoch 28, ratio 0.1
=====> Saving current model and best model
balance: False
selecting samples for epoch 29, ratio 0.1
=====> Epoch: 29/300, Total_step: 5452, lr: 0.001000, Total Time: 1090.8127 s, Time this epoch: 14.7902 s
=====> Epoch: 29/300, Train Loss (train loader labels): 2.1913, Train acc (train loader labels): 0.2906, Best val acc: 0.4905, Current val acc: 0.3806, Val Loss: 2.1867
=====> Saving current model and best model
balance: False
selecting samples for epoch 30, ratio 0.1
=====> Saving current model and best model
balance: False
selecting samples for epoch 31, ratio 0.1
=====> Saving current model and best model
balance: False
selecting samples for epoch 32, ratio 0.1
=====> Saving current model and best model
balance: False
selecting samples for epoch 33, ratio 0.1
=====> Epoch: 33/300, Total_step: 6204, lr: 0.001000, Total Time: 1167.4024 s, Time this epoch: 14.6344 s
=====> Epoch: 33/300, Train Loss (train loader labels): 2.1864, Train acc (train loader labels): 0.3324, Best val acc: 0.4905, Current val acc: 0.4577, Val Loss: 2.1823
=====> Saving current model and best model
balance: False
selecting samples for epoch 34, ratio 0.1
=====> Saving current model and best model
balance: False
selecting samples for epoch 35, ratio 0.1
=====> Saving current model and best model
balance: False
selecting samples for epoch 36, ratio 0.1
=====> Saving current model and best model
balance: False
selecting samples for epoch 37, ratio 0.1
=====> Epoch: 37/300, Total_step: 6956, lr: 0.001000, Total Time: 1243.4929 s, Time this epoch: 14.7161 s
=====> Epoch: 37/300, Train Loss (train loader labels): 2.1975, Train acc (train loader labels): 0.3292, Best val acc: 0.4905, Current val acc: 0.4739, Val Loss: 2.1903
=====> Saving current model and best model
balance: False
selecting samples for epoch 38, ratio 0.1
=====> Saving current model and best model
balance: False
selecting samples for epoch 39, ratio 0.1
=====> Saving current model and best model
balance: False
selecting samples for epoch 40, ratio 0.1
=====> Saving current model and best model
balance: False
selecting samples for epoch 41, ratio 0.1
=====> Epoch: 41/300, Total_step: 7708, lr: 0.001000, Total Time: 1319.3769 s, Time this epoch: 14.5542 s
=====> Epoch: 41/300, Train Loss (train loader labels): 2.1921, Train acc (train loader labels): 0.3183, Best val acc: 0.4905, Current val acc: 0.4322, Val Loss: 2.1883
=====> Saving current model and best model
balance: False
selecting samples for epoch 42, ratio 0.1
=====> Saving current model and best model
balance: False
selecting samples for epoch 43, ratio 0.1
=====> Saving current model and best model
balance: False
selecting samples for epoch 44, ratio 0.1
=====> Saving current model and best model
balance: False
selecting samples for epoch 45, ratio 0.1
=====> Epoch: 45/300, Total_step: 8460, lr: 0.001000, Total Time: 1394.5394 s, Time this epoch: 14.5319 s
=====> Epoch: 45/300, Train Loss (train loader labels): 2.1981, Train acc (train loader labels): 0.3180, Best val acc: 0.4905, Current val acc: 0.4134, Val Loss: 2.1939
=====> Saving current model and best model
balance: False
selecting samples for epoch 46, ratio 0.1
=====> Saving current model and best model
balance: False
selecting samples for epoch 47, ratio 0.1
=====> Saving current model and best model
balance: False
selecting samples for epoch 48, ratio 0.1
=====> Saving current model and best model
balance: False
selecting samples for epoch 49, ratio 0.1
=====> Epoch: 49/300, Total_step: 9212, lr: 0.001000, Total Time: 1469.7172 s, Time this epoch: 14.4407 s
=====> Epoch: 49/300, Train Loss (train loader labels): 2.1931, Train acc (train loader labels): 0.3419, Best val acc: 0.4905, Current val acc: 0.4334, Val Loss: 2.1866
=====> Saving current model and best model
balance: False
selecting samples for epoch 50, ratio 0.1
=====> Saving current model and best model
balance: False
selecting samples for epoch 51, ratio 0.1
=====> Saving current model and best model
balance: False
selecting samples for epoch 52, ratio 0.1
=====> Saving current model and best model
balance: False
selecting samples for epoch 53, ratio 0.1
=====> Epoch: 53/300, Total_step: 9964, lr: 0.001000, Total Time: 1545.7935 s, Time this epoch: 14.5198 s
=====> Epoch: 53/300, Train Loss (train loader labels): 2.2050, Train acc (train loader labels): 0.3128, Best val acc: 0.4905, Current val acc: 0.4236, Val Loss: 2.2028
=====> Saving current model and best model
balance: False
selecting samples for epoch 54, ratio 0.1
=====> Saving current model and best model
balance: False
selecting samples for epoch 55, ratio 0.1
=====> Saving current model and best model
balance: False
selecting samples for epoch 56, ratio 0.1
=====> Saving current model and best model
balance: False
selecting samples for epoch 57, ratio 0.1
=====> Epoch: 57/300, Total_step: 10716, lr: 0.001000, Total Time: 1620.9970 s, Time this epoch: 14.4999 s
=====> Epoch: 57/300, Train Loss (train loader labels): 2.1993, Train acc (train loader labels): 0.3511, Best val acc: 0.5016, Current val acc: 0.5016, Val Loss: 2.1984
=====> Saving current model and best model
balance: False
selecting samples for epoch 58, ratio 0.1
=====> Saving current model and best model
balance: False
selecting samples for epoch 59, ratio 0.1
=====> Saving current model and best model
balance: False
selecting samples for epoch 60, ratio 0.1
=====> Saving current model and best model
balance: False
selecting samples for epoch 61, ratio 0.1
=====> Epoch: 61/300, Total_step: 11468, lr: 0.001000, Total Time: 1696.9571 s, Time this epoch: 14.5288 s
=====> Epoch: 61/300, Train Loss (train loader labels): 2.2014, Train acc (train loader labels): 0.3053, Best val acc: 0.5016, Current val acc: 0.3722, Val Loss: 2.1985
=====> Saving current model and best model
balance: False
selecting samples for epoch 62, ratio 0.1
=====> Saving current model and best model
balance: False
selecting samples for epoch 63, ratio 0.1
=====> Saving current model and best model
balance: False
selecting samples for epoch 64, ratio 0.1
=====> Saving current model and best model
balance: False
selecting samples for epoch 65, ratio 0.1
=====> Epoch: 65/300, Total_step: 12220, lr: 0.001000, Total Time: 1772.1137 s, Time this epoch: 14.5145 s
=====> Epoch: 65/300, Train Loss (train loader labels): 2.2070, Train acc (train loader labels): 0.3113, Best val acc: 0.5016, Current val acc: 0.4123, Val Loss: 2.2028
=====> Saving current model and best model
balance: False
selecting samples for epoch 66, ratio 0.1
=====> Saving current model and best model
balance: False
selecting samples for epoch 67, ratio 0.1
=====> Saving current model and best model
balance: False
selecting samples for epoch 68, ratio 0.1
=====> Saving current model and best model
balance: False
selecting samples for epoch 69, ratio 0.1
=====> Saving current model and best model
balance: False
selecting samples for epoch 70, ratio 0.1
=====> Saving current model and best model
balance: False
selecting samples for epoch 71, ratio 0.1
=====> Saving current model and best model
balance: False
selecting samples for epoch 72, ratio 0.1
=====> Saving current model and best model
balance: False
selecting samples for epoch 73, ratio 0.1
=====> Saving current model and best model
balance: False
selecting samples for epoch 74, ratio 0.1
=====> Saving current model and best model
balance: False
selecting samples for epoch 75, ratio 0.1
=====> Saving current model and best model
balance: False
selecting samples for epoch 76, ratio 0.1
=====> Epoch: 76/300, Total_step: 14288, lr: 0.001000, Total Time: 1950.8338 s, Time this epoch: 14.6265 s
=====> Epoch: 76/300, Train Loss (train loader labels): 2.2107, Train acc (train loader labels): 0.3012, Best val acc: 0.5016, Current val acc: 0.4370, Val Loss: 2.2073
=====> Saving current model and best model
balance: False
selecting samples for epoch 77, ratio 0.1
=====> Saving current model and best model
balance: False
selecting samples for epoch 78, ratio 0.1
=====> Saving current model and best model
balance: False
selecting samples for epoch 79, ratio 0.1
=====> Saving current model and best model
balance: False
selecting samples for epoch 80, ratio 0.1
=====> Saving current model and best model
balance: False
selecting samples for epoch 81, ratio 0.1
=====> Saving current model and best model
balance: False
selecting samples for epoch 82, ratio 0.1
=====> Saving current model and best model
balance: False
selecting samples for epoch 83, ratio 0.1
=====> Saving current model and best model
balance: False
selecting samples for epoch 84, ratio 0.1
=====> Saving current model and best model
balance: False
selecting samples for epoch 85, ratio 0.1
=====> Saving current model and best model
balance: False
selecting samples for epoch 86, ratio 0.1
=====> Saving current model and best model
balance: False
selecting samples for epoch 87, ratio 0.1
=====> Saving current model and best model
balance: False
selecting samples for epoch 88, ratio 0.1
=====> Saving current model and best model
balance: False
selecting samples for epoch 89, ratio 0.1
=====> Saving current model and best model
balance: False
selecting samples for epoch 90, ratio 0.1
=====> Saving current model and best model
balance: False
selecting samples for epoch 91, ratio 0.1
=====> Epoch: 91/300, Total_step: 17108, lr: 0.001000, Total Time: 2187.0246 s, Time this epoch: 14.4733 s
=====> Epoch: 91/300, Train Loss (train loader labels): 2.1917, Train acc (train loader labels): 0.3422, Best val acc: 0.5016, Current val acc: 0.4681, Val Loss: 2.1845
=====> Saving current model and best model
balance: False
selecting samples for epoch 92, ratio 0.1
=====> Saving current model and best model
balance: False
selecting samples for epoch 93, ratio 0.1
=====> Saving current model and best model
balance: False
selecting samples for epoch 94, ratio 0.1
=====> Saving current model and best model
balance: False
selecting samples for epoch 95, ratio 0.1
=====> Saving current model and best model
balance: False
selecting samples for epoch 96, ratio 0.1
=====> Saving current model and best model
balance: False
selecting samples for epoch 97, ratio 0.1
=====> Saving current model and best model
balance: False
selecting samples for epoch 98, ratio 0.1
=====> Saving current model and best model
balance: False
selecting samples for epoch 99, ratio 0.1
=====> Saving current model and best model
balance: False
selecting samples for epoch 100, ratio 0.1
=====> Saving current model and best model
balance: False
selecting samples for epoch 101, ratio 0.1
=====> Saving current model and best model
balance: False
selecting samples for epoch 102, ratio 0.1
=====> Saving current model and best model
balance: False
selecting samples for epoch 103, ratio 0.1
=====> Saving current model and best model
balance: False
selecting samples for epoch 104, ratio 0.1
=====> Saving current model and best model
balance: False
selecting samples for epoch 105, ratio 0.1
=====> Saving current model and best model
balance: False
selecting samples for epoch 106, ratio 0.1
=====> Epoch: 106/300, Total_step: 19928, lr: 0.001000, Total Time: 2423.3072 s, Time this epoch: 14.5267 s
=====> Epoch: 106/300, Train Loss (train loader labels): 2.2107, Train acc (train loader labels): 0.2905, Best val acc: 0.5016, Current val acc: 0.3850, Val Loss: 2.2064
=====> Saving current model and best model
balance: False
selecting samples for epoch 107, ratio 0.1
=====> Saving current model and best model
balance: False
selecting samples for epoch 108, ratio 0.1
=====> Saving current model and best model
balance: False
selecting samples for epoch 109, ratio 0.1
=====> Saving current model and best model
balance: False
selecting samples for epoch 110, ratio 0.1
=====> Saving current model and best model
balance: False
selecting samples for epoch 111, ratio 0.1
=====> Saving current model and best model
balance: False
selecting samples for epoch 112, ratio 0.1
=====> Saving current model and best model
balance: False
selecting samples for epoch 113, ratio 0.1
=====> Saving current model and best model
balance: False
selecting samples for epoch 114, ratio 0.1
=====> Saving current model and best model
balance: False
selecting samples for epoch 115, ratio 0.1
=====> Saving current model and best model
balance: False
selecting samples for epoch 116, ratio 0.1
=====> Saving current model and best model
balance: False
selecting samples for epoch 117, ratio 0.1
=====> Saving current model and best model
balance: False
selecting samples for epoch 118, ratio 0.1
=====> Saving current model and best model
balance: False
selecting samples for epoch 119, ratio 0.1
=====> Saving current model and best model
balance: False
selecting samples for epoch 120, ratio 0.1
=====> Saving current model and best model
balance: False
selecting samples for epoch 121, ratio 0.1
=====> Epoch: 121/300, Total_step: 22748, lr: 0.001000, Total Time: 2659.1664 s, Time this epoch: 14.5491 s
=====> Epoch: 121/300, Train Loss (train loader labels): 2.2054, Train acc (train loader labels): 0.3323, Best val acc: 0.5016, Current val acc: 0.4522, Val Loss: 2.1999
=====> Saving current model and best model
balance: False
selecting samples for epoch 122, ratio 0.1
=====> Saving current model and best model
balance: False
selecting samples for epoch 123, ratio 0.1
=====> Saving current model and best model
balance: False
selecting samples for epoch 124, ratio 0.1
=====> Saving current model and best model
balance: False
selecting samples for epoch 125, ratio 0.1
=====> Saving current model and best model
balance: False
selecting samples for epoch 126, ratio 0.1
=====> Saving current model and best model
balance: False
selecting samples for epoch 127, ratio 0.1
=====> Saving current model and best model
balance: False
selecting samples for epoch 128, ratio 0.1
=====> Saving current model and best model
balance: False
selecting samples for epoch 129, ratio 0.1
=====> Saving current model and best model
balance: False
selecting samples for epoch 130, ratio 0.1
=====> Saving current model and best model
balance: False
selecting samples for epoch 131, ratio 0.1
=====> Saving current model and best model
balance: False
selecting samples for epoch 132, ratio 0.1
=====> Saving current model and best model
balance: False
selecting samples for epoch 133, ratio 0.1
=====> Saving current model and best model
balance: False
selecting samples for epoch 134, ratio 0.1
=====> Saving current model and best model
balance: False
selecting samples for epoch 135, ratio 0.1
=====> Saving current model and best model
balance: False
selecting samples for epoch 136, ratio 0.1
=====> Epoch: 136/300, Total_step: 25568, lr: 0.001000, Total Time: 2894.5427 s, Time this epoch: 14.3932 s
=====> Epoch: 136/300, Train Loss (train loader labels): 2.1669, Train acc (train loader labels): 0.3030, Best val acc: 0.5016, Current val acc: 0.3705, Val Loss: 2.1616
=====> Saving current model and best model
balance: False
selecting samples for epoch 137, ratio 0.1
=====> Saving current model and best model
balance: False
selecting samples for epoch 138, ratio 0.1
=====> Saving current model and best model
balance: False
selecting samples for epoch 139, ratio 0.1
=====> Saving current model and best model
balance: False
selecting samples for epoch 140, ratio 0.1
=====> Saving current model and best model
balance: False
selecting samples for epoch 141, ratio 0.1
=====> Saving current model and best model
balance: False
selecting samples for epoch 142, ratio 0.1
=====> Saving current model and best model
balance: False
selecting samples for epoch 143, ratio 0.1
=====> Saving current model and best model
balance: False
selecting samples for epoch 144, ratio 0.1
=====> Saving current model and best model
balance: False
selecting samples for epoch 145, ratio 0.1
=====> Saving current model and best model
balance: False
selecting samples for epoch 146, ratio 0.1
=====> Saving current model and best model
balance: False
selecting samples for epoch 147, ratio 0.1
=====> Saving current model and best model
balance: False
selecting samples for epoch 148, ratio 0.1
=====> Saving current model and best model
balance: False
selecting samples for epoch 149, ratio 0.1
=====> Saving current model and best model
balance: False
selecting samples for epoch 150, ratio 0.1
=====> Saving current model and best model
balance: False
selecting samples for epoch 151, ratio 0.1
=====> Epoch: 151/300, Total_step: 28388, lr: 0.001000, Total Time: 3128.8829 s, Time this epoch: 14.4388 s
=====> Epoch: 151/300, Train Loss (train loader labels): 2.1913, Train acc (train loader labels): 0.3243, Best val acc: 0.5016, Current val acc: 0.4490, Val Loss: 2.1859
=====> Saving current model and best model
balance: False
selecting samples for epoch 152, ratio 0.1
=====> Saving current model and best model
balance: False
selecting samples for epoch 153, ratio 0.1
=====> Saving current model and best model
balance: False
selecting samples for epoch 154, ratio 0.1
=====> Saving current model and best model
balance: False
selecting samples for epoch 155, ratio 0.1
=====> Saving current model and best model
balance: False
selecting samples for epoch 156, ratio 0.1
=====> Saving current model and best model
balance: False
selecting samples for epoch 157, ratio 0.1
=====> Saving current model and best model
balance: False
selecting samples for epoch 158, ratio 0.1
=====> Saving current model and best model
balance: False
selecting samples for epoch 159, ratio 0.1
=====> Saving current model and best model
balance: False
selecting samples for epoch 160, ratio 0.1
=====> Saving current model and best model
balance: False
selecting samples for epoch 161, ratio 0.1
=====> Saving current model and best model
balance: False
selecting samples for epoch 162, ratio 0.1
=====> Saving current model and best model
balance: False
selecting samples for epoch 163, ratio 0.1
=====> Saving current model and best model
balance: False
selecting samples for epoch 164, ratio 0.1
=====> Saving current model and best model
balance: False
selecting samples for epoch 165, ratio 0.1
=====> Saving current model and best model
balance: False
selecting samples for epoch 166, ratio 0.1
=====> Epoch: 166/300, Total_step: 31208, lr: 0.001000, Total Time: 3364.5083 s, Time this epoch: 14.4718 s
=====> Epoch: 166/300, Train Loss (train loader labels): 2.2046, Train acc (train loader labels): 0.3041, Best val acc: 0.5016, Current val acc: 0.3625, Val Loss: 2.2042
=====> Saving current model and best model
balance: False
selecting samples for epoch 167, ratio 0.1
=====> Saving current model and best model
balance: False
selecting samples for epoch 168, ratio 0.1
=====> Saving current model and best model
balance: False
selecting samples for epoch 169, ratio 0.1
=====> Saving current model and best model
balance: False
selecting samples for epoch 170, ratio 0.1
=====> Saving current model and best model
balance: False
selecting samples for epoch 171, ratio 0.1
=====> Saving current model and best model
balance: False
selecting samples for epoch 172, ratio 0.1
=====> Saving current model and best model
balance: False
selecting samples for epoch 173, ratio 0.1
=====> Saving current model and best model
balance: False
selecting samples for epoch 174, ratio 0.1
=====> Saving current model and best model
balance: False
selecting samples for epoch 175, ratio 0.1
=====> Saving current model and best model
balance: False
selecting samples for epoch 176, ratio 0.1
=====> Saving current model and best model
balance: False
selecting samples for epoch 177, ratio 0.1
=====> Saving current model and best model
balance: False
selecting samples for epoch 178, ratio 0.1
=====> Saving current model and best model
balance: False
selecting samples for epoch 179, ratio 0.1
=====> Saving current model and best model
balance: False
selecting samples for epoch 180, ratio 0.1
=====> Saving current model and best model
balance: False
selecting samples for epoch 181, ratio 0.1
=====> Epoch: 181/300, Total_step: 34028, lr: 0.001000, Total Time: 3599.7019 s, Time this epoch: 14.4828 s
=====> Epoch: 181/300, Train Loss (train loader labels): 2.2076, Train acc (train loader labels): 0.3328, Best val acc: 0.5016, Current val acc: 0.4875, Val Loss: 2.2038
=====> Saving current model and best model
balance: False
selecting samples for epoch 182, ratio 0.1
=====> Saving current model and best model
balance: False
selecting samples for epoch 183, ratio 0.1
=====> Saving current model and best model
balance: False
selecting samples for epoch 184, ratio 0.1
=====> Saving current model and best model
balance: False
selecting samples for epoch 185, ratio 0.1
=====> Saving current model and best model
balance: False
selecting samples for epoch 186, ratio 0.1
=====> Saving current model and best model
balance: False
selecting samples for epoch 187, ratio 0.1
=====> Saving current model and best model
balance: False
selecting samples for epoch 188, ratio 0.1
=====> Saving current model and best model
balance: False
selecting samples for epoch 189, ratio 0.1
=====> Saving current model and best model
balance: False
selecting samples for epoch 190, ratio 0.1
=====> Saving current model and best model
balance: False
selecting samples for epoch 191, ratio 0.1
=====> Saving current model and best model
balance: False
selecting samples for epoch 192, ratio 0.1
=====> Saving current model and best model
balance: False
selecting samples for epoch 193, ratio 0.1
=====> Saving current model and best model
balance: False
selecting samples for epoch 194, ratio 0.1
=====> Saving current model and best model
balance: False
selecting samples for epoch 195, ratio 0.1
=====> Saving current model and best model
balance: False
selecting samples for epoch 196, ratio 0.1
=====> Epoch: 196/300, Total_step: 36848, lr: 0.001000, Total Time: 3835.0422 s, Time this epoch: 14.4430 s
=====> Epoch: 196/300, Train Loss (train loader labels): 2.1805, Train acc (train loader labels): 0.3493, Best val acc: 0.5016, Current val acc: 0.5010, Val Loss: 2.1818
=====> Saving current model and best model
balance: False
selecting samples for epoch 197, ratio 0.1
=====> Saving current model and best model
balance: False
selecting samples for epoch 198, ratio 0.1
=====> Saving current model and best model
balance: False
selecting samples for epoch 199, ratio 0.1
=====> Saving current model and best model
balance: False
selecting samples for epoch 200, ratio 0.1
=====> Saving current model and best model
balance: False
selecting samples for epoch 201, ratio 0.1
=====> Saving current model and best model
balance: False
selecting samples for epoch 202, ratio 0.1
=====> Saving current model and best model
balance: False
selecting samples for epoch 203, ratio 0.1
=====> Saving current model and best model
balance: False
selecting samples for epoch 204, ratio 0.1
=====> Saving current model and best model
balance: False
selecting samples for epoch 205, ratio 0.1
=====> Saving current model and best model
balance: False
selecting samples for epoch 206, ratio 0.1
=====> Saving current model and best model
balance: False
selecting samples for epoch 207, ratio 0.1
=====> Saving current model and best model
balance: False
selecting samples for epoch 208, ratio 0.1
=====> Saving current model and best model
balance: False
selecting samples for epoch 209, ratio 0.1
=====> Saving current model and best model
balance: False
selecting samples for epoch 210, ratio 0.1
=====> Saving current model and best model
balance: False
selecting samples for epoch 211, ratio 0.1
=====> Epoch: 211/300, Total_step: 39668, lr: 0.001000, Total Time: 4071.7269 s, Time this epoch: 14.5413 s
=====> Epoch: 211/300, Train Loss (train loader labels): 2.1737, Train acc (train loader labels): 0.3696, Best val acc: 0.5016, Current val acc: 0.4804, Val Loss: 2.1737
=====> Saving current model and best model
balance: False
selecting samples for epoch 212, ratio 0.1
=====> Saving current model and best model
balance: False
selecting samples for epoch 213, ratio 0.1
=====> Saving current model and best model
balance: False
selecting samples for epoch 214, ratio 0.1
=====> Saving current model and best model
balance: False
selecting samples for epoch 215, ratio 0.1
=====> Saving current model and best model
balance: False
selecting samples for epoch 216, ratio 0.1
=====> Saving current model and best model
balance: False
selecting samples for epoch 217, ratio 0.1
=====> Saving current model and best model
balance: False
selecting samples for epoch 218, ratio 0.1
=====> Saving current model and best model
balance: False
selecting samples for epoch 219, ratio 0.1
=====> Saving current model and best model
balance: False
selecting samples for epoch 220, ratio 0.1
=====> Saving current model and best model
balance: False
selecting samples for epoch 221, ratio 0.1
=====> Saving current model and best model
balance: False
selecting samples for epoch 222, ratio 0.1
=====> Saving current model and best model
balance: False
selecting samples for epoch 223, ratio 0.1
=====> Saving current model and best model
balance: False
selecting samples for epoch 224, ratio 0.1
=====> Saving current model and best model
balance: False
selecting samples for epoch 225, ratio 0.1
=====> Saving current model and best model
balance: False
selecting samples for epoch 226, ratio 0.1
=====> Epoch: 226/300, Total_step: 42488, lr: 0.001000, Total Time: 4308.2186 s, Time this epoch: 14.5672 s
=====> Epoch: 226/300, Train Loss (train loader labels): 2.2030, Train acc (train loader labels): 0.3174, Best val acc: 0.5016, Current val acc: 0.3968, Val Loss: 2.2025
=====> Saving current model and best model
balance: False
selecting samples for epoch 227, ratio 0.1
=====> Saving current model and best model
balance: False
selecting samples for epoch 228, ratio 0.1
=====> Saving current model and best model
balance: False
selecting samples for epoch 229, ratio 0.1
=====> Saving current model and best model
balance: False
selecting samples for epoch 230, ratio 0.1
=====> Saving current model and best model
balance: False
selecting samples for epoch 231, ratio 0.1
=====> Saving current model and best model
balance: False
selecting samples for epoch 232, ratio 0.1
=====> Saving current model and best model
balance: False
selecting samples for epoch 233, ratio 0.1
=====> Saving current model and best model
balance: False
selecting samples for epoch 234, ratio 0.1
=====> Saving current model and best model
balance: False
selecting samples for epoch 235, ratio 0.1
=====> Saving current model and best model
balance: False
selecting samples for epoch 236, ratio 0.1
=====> Saving current model and best model
balance: False
selecting samples for epoch 237, ratio 0.1
=====> Saving current model and best model
balance: False
selecting samples for epoch 238, ratio 0.1
=====> Saving current model and best model
balance: False
selecting samples for epoch 239, ratio 0.1
=====> Saving current model and best model
balance: False
selecting samples for epoch 240, ratio 0.1
=====> Saving current model and best model
balance: False
selecting samples for epoch 241, ratio 0.1
=====> Epoch: 241/300, Total_step: 45308, lr: 0.001000, Total Time: 4544.8920 s, Time this epoch: 14.5619 s
=====> Epoch: 241/300, Train Loss (train loader labels): 2.2023, Train acc (train loader labels): 0.3199, Best val acc: 0.5016, Current val acc: 0.4394, Val Loss: 2.1975
=====> Saving current model and best model
balance: False
selecting samples for epoch 242, ratio 0.1
=====> Saving current model and best model
balance: False
selecting samples for epoch 243, ratio 0.1
=====> Saving current model and best model
balance: False
selecting samples for epoch 244, ratio 0.1
=====> Saving current model and best model
balance: False
selecting samples for epoch 245, ratio 0.1
=====> Saving current model and best model
balance: False
selecting samples for epoch 246, ratio 0.1
=====> Saving current model and best model
balance: False
selecting samples for epoch 247, ratio 0.1
=====> Saving current model and best model
balance: False
selecting samples for epoch 248, ratio 0.1
=====> Saving current model and best model
balance: False
selecting samples for epoch 249, ratio 0.1
=====> Saving current model and best model
balance: False
selecting samples for epoch 250, ratio 0.1
=====> Saving current model and best model
balance: False
selecting samples for epoch 251, ratio 0.1
=====> Saving current model and best model
balance: False
selecting samples for epoch 252, ratio 0.1
=====> Saving current model and best model
balance: False
selecting samples for epoch 253, ratio 0.1
=====> Saving current model and best model
balance: False
selecting samples for epoch 254, ratio 0.1
=====> Saving current model and best model
balance: False
selecting samples for epoch 255, ratio 0.1
=====> Saving current model and best model
balance: False
selecting samples for epoch 256, ratio 0.1
=====> Epoch: 256/300, Total_step: 48128, lr: 0.001000, Total Time: 4781.0615 s, Time this epoch: 14.6549 s
=====> Epoch: 256/300, Train Loss (train loader labels): 2.1980, Train acc (train loader labels): 0.3138, Best val acc: 0.5016, Current val acc: 0.4129, Val Loss: 2.1923
=====> Saving current model and best model
balance: False
selecting samples for epoch 257, ratio 0.1
=====> Saving current model and best model
balance: False
selecting samples for epoch 258, ratio 0.1
=====> Saving current model and best model
balance: False
selecting samples for epoch 259, ratio 0.1
=====> Saving current model and best model
balance: False
selecting samples for epoch 260, ratio 0.1
=====> Saving current model and best model
balance: False
selecting samples for epoch 261, ratio 0.1
=====> Saving current model and best model
balance: False
selecting samples for epoch 262, ratio 0.1
=====> Saving current model and best model
balance: False
selecting samples for epoch 263, ratio 0.1
=====> Saving current model and best model
balance: False
selecting samples for epoch 264, ratio 0.1
=====> Saving current model and best model
balance: False
selecting samples for epoch 265, ratio 0.1
=====> Saving current model and best model
balance: False
selecting samples for epoch 266, ratio 0.1
=====> Saving current model and best model
balance: False
selecting samples for epoch 267, ratio 0.1
=====> Saving current model and best model
balance: False
selecting samples for epoch 268, ratio 0.1
=====> Saving current model and best model
balance: False
selecting samples for epoch 269, ratio 0.1
=====> Saving current model and best model
balance: False
selecting samples for epoch 270, ratio 0.1
=====> Saving current model and best model
balance: False
selecting samples for epoch 271, ratio 0.1
=====> Epoch: 271/300, Total_step: 50948, lr: 0.001000, Total Time: 5018.8478 s, Time this epoch: 14.4235 s
=====> Epoch: 271/300, Train Loss (train loader labels): 2.1992, Train acc (train loader labels): 0.3102, Best val acc: 0.5016, Current val acc: 0.4159, Val Loss: 2.1950
=====> Saving current model and best model
balance: False
selecting samples for epoch 272, ratio 0.1
=====> Saving current model and best model
balance: False
selecting samples for epoch 273, ratio 0.1
=====> Saving current model and best model
balance: False
selecting samples for epoch 274, ratio 0.1
=====> Saving current model and best model
balance: False
selecting samples for epoch 275, ratio 0.1
=====> Saving current model and best model
balance: False
selecting samples for epoch 276, ratio 0.1
=====> Saving current model and best model
balance: False
selecting samples for epoch 277, ratio 0.1
=====> Saving current model and best model
balance: False
selecting samples for epoch 278, ratio 0.1
=====> Saving current model and best model
balance: False
selecting samples for epoch 279, ratio 0.1
=====> Saving current model and best model
balance: False
selecting samples for epoch 280, ratio 0.1
=====> Saving current model and best model
balance: False
selecting samples for epoch 281, ratio 0.1
=====> Saving current model and best model
balance: False
selecting samples for epoch 282, ratio 0.1
=====> Saving current model and best model
balance: False
selecting samples for epoch 283, ratio 0.1
=====> Saving current model and best model
balance: False
selecting samples for epoch 284, ratio 0.1
=====> Saving current model and best model
balance: False
selecting samples for epoch 285, ratio 0.1
=====> Saving current model and best model
balance: False
selecting samples for epoch 286, ratio 0.1
=====> Epoch: 286/300, Total_step: 53768, lr: 0.001000, Total Time: 5255.4961 s, Time this epoch: 14.6525 s
=====> Epoch: 286/300, Train Loss (train loader labels): 2.1957, Train acc (train loader labels): 0.3221, Best val acc: 0.5016, Current val acc: 0.4418, Val Loss: 2.1906
=====> Saving current model and best model
balance: False
selecting samples for epoch 287, ratio 0.1
=====> Saving current model and best model
balance: False
selecting samples for epoch 288, ratio 0.1
=====> Saving current model and best model
balance: False
selecting samples for epoch 289, ratio 0.1
=====> Saving current model and best model
balance: False
selecting samples for epoch 290, ratio 0.1
=====> Saving current model and best model
balance: False
selecting samples for epoch 291, ratio 0.1
=====> Saving current model and best model
balance: False
selecting samples for epoch 292, ratio 0.1
=====> Saving current model and best model
balance: False
selecting samples for epoch 293, ratio 0.1
=====> Saving current model and best model
balance: False
selecting samples for epoch 294, ratio 0.1
=====> Saving current model and best model
balance: False
selecting samples for epoch 295, ratio 0.1
=====> Saving current model and best model
balance: False
selecting samples for epoch 296, ratio 0.1
=====> Saving current model and best model
balance: False
selecting samples for epoch 297, ratio 0.1
=====> Saving current model and best model
balance: False
selecting samples for epoch 298, ratio 0.1
=====> Saving current model and best model
balance: False
selecting samples for epoch 299, ratio 0.1
=====> Saving current model and best model
balance: False
selecting samples for epoch 300, ratio 0.1
=====> Epoch: 300/300, Total_step: 56400, lr: 0.001000, Total Time: 5476.8030 s, Time this epoch: 14.5760 s
=====> Epoch: 300/300, Train Loss (train loader labels): 2.1894, Train acc (train loader labels): 0.3127, Best val acc: 0.5016, Current val acc: 0.4099, Val Loss: 2.1836
=====> Saving current model and best model
Saved helper snapshots to /home/mward19/Documents/miller/Online-Batch-Selection/snapshots/MNIST/{"bsel":"RhoLoss","seed":1,"model":"DeepLinear","opt":"adamw","bs":320,"ratio":0.1,"lr":0.001,"wd":0.01,"layers":3,"hidden_dim":1000}.p
Saved selected points array to /home/mward19/Documents/miller/Online-Batch-Selection/selected_points/MNIST/{"bsel":"RhoLoss","seed":1,"model":"DeepLinear","opt":"adamw","bs":320,"ratio":0.1,"lr":0.001,"wd":0.01,"layers":3,"hidden_dim":1000}.npy
========================= End Main =========================
