wandb: Tracking run with wandb version 0.27.0
wandb: W&B syncing is set to `offline` in this directory. Run `wandb online` or set WANDB_MODE=online to enable cloud syncing.
wandb: Run data is saved locally in exp/CIFAR3/Uniform_deeplinear_bs320_ep300_lr0.001_AdamW_constant_seed1_r0.1_5_hidden/wandb/offline-run-20260605_165844-q94kdlou
wandb: 
wandb: Run history:
wandb:                                best_val_acc 鈻佲杻鈻勨杽鈻勨枀鈻呪枀鈻呪枂鈻嗏枂鈻嗏枂鈻嗏枂鈻嗏枂鈻嗏枂鈻嗏枂鈻嗏枂鈻嗏枂鈻嗏枂鈻嗏枃鈻団枃鈻団枅鈻堚枅鈻堚枅鈻堚枅
wandb:                           diagnostics/epoch 鈻佲杹鈻佲杹鈻佲杹鈻佲杹鈻佲杹鈻佲杹鈻佲杹鈻佲杹鈻佲杹鈻佲杹鈻佲杹鈻佲杹鈻佲杺鈻傗杺鈻傗杺鈻傗杺鈻勨杽鈻呪枀鈻嗏枃鈻団枅
wandb: diagnostics/fixed_train_logits_norm_l2_mean 鈻冣杺鈻佲杹鈻佲杹鈻佲杹鈻佲杹鈻佲杹鈻佲杹鈻佲杹鈻佲杹鈻佲杹鈻堚杹鈻傗杹鈻佲杹鈻佲杹鈻佲杹鈻佲杹鈻佲杹鈻佲杹鈻傗杹鈻佲杹
wandb:        diagnostics/test_logits_norm_l2_mean 鈻佲杺鈻佲杹鈻佲杹鈻佲杺鈻佲杹鈻佲杺鈻佲杹鈻傗杹鈻傗杹鈻佲杹鈻佲杹鈻堚杺鈻佲杹鈻佲杹鈻佲杹鈻佲杹鈻佲杺鈻佲杹鈻傗杹鈻佲杹
wandb:                      diagnostics/total_step 鈻佲杹鈻佲杹鈻佲杹鈻佲杹鈻佲杹鈻佲杹鈻佲杹鈻佲杹鈻佲杹鈻佲杹鈻佲杺鈻傗杺鈻傗杺鈻傗杺鈻傗杺鈻傗杻鈻冣杻鈻勨枀鈻嗏枃鈻団枅
wandb:                                       epoch 鈻佲杹鈻佲杹鈻佲杹鈻佲杹鈻佲杹鈻佲杹鈻佲杹鈻佲杹鈻佲杹鈻佲杹鈻佲杹鈻佲杹鈻佲杹鈻傗杺鈻傗杺鈻傗杻鈻冣杻鈻勨枀鈻嗏枃鈻団枅
wandb:                                          lr 鈻佲杹鈻佲杹鈻佲杹鈻佲杹鈻佲杹鈻佲杹鈻佲杹鈻佲杹鈻佲杹鈻佲杹鈻佲杹鈻佲杹鈻佲杹鈻佲杹鈻佲杹鈻佲杹鈻佲杹鈻佲杹鈻佲杹鈻佲杹
wandb:                                  time_epoch 鈻佲杹鈻佲杹鈻佲枅鈻堚枅鈻堚枅鈻堚枅鈻堚枅鈻冣杻鈻冣杻鈻冣杻鈻冣杻鈻冣杻鈻冣杻鈻冣杻鈻傗杺鈻傗杺鈻傗杺鈻傗杺鈻傗杺鈻傗杺
wandb:                                  total_time 鈻佲杹鈻佲杹鈻佲杹鈻佲杹鈻佲杹鈻佲杹鈻佲杹鈻佲杺鈻傗杺鈻傗杺鈻傗杺鈻傗杺鈻傗杺鈻傗杺鈻冣杻鈻冣杻鈻勨杽鈻呪枂鈻嗏枃鈻団枅
wandb:                                   train_acc 鈻勨杺鈻勨杽鈻呪枂鈻嗏枃鈻団枀鈻団枂鈻団枃鈻堚枂鈻嗏枂鈻傗枂鈻傗枂鈻呪枀鈻冣杹鈻冣杽鈻勨枃鈻嗏枃鈻団枃鈻団枃鈻団枅鈻団枃
wandb:                                          +5 ...
wandb: 
wandb: Run summary:
wandb:                                best_val_acc 0.53067
wandb:                           diagnostics/epoch 300
wandb: diagnostics/fixed_train_logits_norm_l2_mean 2.3386
wandb:        diagnostics/test_logits_norm_l2_mean 2.35954
wandb:                      diagnostics/total_step 14100
wandb:                         diagnostics/trigger batch_update
wandb:                                       epoch 300
wandb:                                          lr 0.001
wandb:                                  time_epoch 16.97777
wandb:                                  total_time 6515.42458
wandb:                                          +6 ...
wandb: 
wandb: You can sync this run to the cloud by running:
wandb: wandb sync exp/CIFAR3/Uniform_deeplinear_bs320_ep300_lr0.001_AdamW_constant_seed1_r0.1_5_hidden/wandb/offline-run-20260605_165844-q94kdlou
wandb: Find logs at: exp/CIFAR3/Uniform_deeplinear_bs320_ep300_lr0.001_AdamW_constant_seed1_r0.1_5_hidden/wandb/offline-run-20260605_165844-q94kdlou/logs
