wandb: Tracking run with wandb version 0.27.0
wandb: W&B syncing is set to `offline` in this directory. Run `wandb online` or set WANDB_MODE=online to enable cloud syncing.
wandb: Run data is saved locally in exp/CIFAR3/Uniform_deeplinear_bs320_ep300_lr0.001_AdamW_constant_seed3_r0.1_5_hidden/wandb/offline-run-20260605_170603-mhiw9cs2
wandb: 
wandb: Run history:
wandb:                                best_val_acc 鈻佲杻鈻冣杻鈻勨枂鈻団枃鈻団枃鈻団枃鈻団枃鈻団枃鈻団枃鈻団枅鈻堚枅鈻堚枅鈻堚枅鈻堚枅鈻堚枅鈻堚枅鈻堚枅鈻堚枅鈻堚枅鈻堚枅
wandb:                           diagnostics/epoch 鈻佲杹鈻佲杹鈻佲杹鈻佲杹鈻佲杹鈻佲杹鈻佲杹鈻佲杹鈻佲杹鈻佲杹鈻佲杹鈻佲杹鈻傗杺鈻傗杺鈻傗杺鈻傗杻鈻冣杽鈻呪枂鈻団枃鈻団枅
wandb: diagnostics/fixed_train_logits_norm_l2_mean 鈻団枅鈻嗏杻鈻冣杹鈻佲杹鈻傗杺鈻傗杹鈻傗杹鈻佲杺鈻傗杺鈻佲杻鈻傗杻鈻佲杹鈻傗杹鈻冣杽鈻佲杺鈻呪杽鈻勨杺鈻傗杺鈻傗杺鈻冣杺
wandb:        diagnostics/test_logits_norm_l2_mean 鈻呪杺鈻傗杹鈻佲杹鈻傗杹鈻佲杹鈻傗杹鈻佲杺鈻佲杺鈻傗杺鈻傗杹鈻佲杹鈻傗杺鈻傗杽鈻堚杻鈻冣杺鈻傗杺鈻傗杺鈻傗杺鈻傗杺鈻傗杹
wandb:                      diagnostics/total_step 鈻佲杹鈻佲杹鈻佲杹鈻佲杹鈻佲杹鈻佲杹鈻佲杹鈻佲杹鈻佲杹鈻佲杹鈻佲杹鈻傗杺鈻傗杺鈻傗杺鈻傗杺鈻冣杻鈻勨杽鈻呪枀鈻嗏枂鈻団枅
wandb:                                       epoch 鈻佲杹鈻佲杹鈻佲杹鈻佲杹鈻佲杹鈻佲杹鈻佲杹鈻佲杹鈻佲杹鈻佲杹鈻佲杹鈻佲杹鈻傗杺鈻傗杺鈻傗杺鈻傗杺鈻傗杻鈻冣枀鈻呪枂鈻団枅
wandb:                                          lr 鈻佲杹鈻佲杹鈻佲杹鈻佲杹鈻佲杹鈻佲杹鈻佲杹鈻佲杹鈻佲杹鈻佲杹鈻佲杹鈻佲杹鈻佲杹鈻佲杹鈻佲杹鈻佲杹鈻佲杹鈻佲杹鈻佲杹鈻佲杹
wandb:                                  time_epoch 鈻佲杹鈻佲杹鈻佲枅鈻堚枅鈻堚枅鈻堚枅鈻堚枅鈻堚枅鈻堚杻鈻冣杻鈻冣杻鈻冣杻鈻冣杻鈻傗杺鈻傗杺鈻傗杺鈻傗杺鈻傗杺鈻傗杺鈻傗杺
wandb:                                  total_time 鈻佲杹鈻佲杹鈻佲杹鈻佲杹鈻佲杹鈻佲杹鈻佲杹鈻佲杹鈻佲杹鈻傗杺鈻傗杺鈻傗杺鈻傗杺鈻傗杺鈻傗杺鈻冣杻鈻冣杽鈻呪枂鈻嗏枃鈻団枅
wandb:                                   train_acc 鈻佲杺鈻勨枂鈻嗏枃鈻団枂鈻団枃鈻嗏枃鈻団枅鈻呪枃鈻団枃鈻団枃鈻嗏枃鈻呪枂鈻嗏枀鈻呪枀鈻嗏枃鈻嗏枂鈻嗏枂鈻団枃鈻嗏枅鈻団枅
wandb:                                          +5 ...
wandb: 
wandb: Run summary:
wandb:                                best_val_acc 0.51567
wandb:                           diagnostics/epoch 300
wandb: diagnostics/fixed_train_logits_norm_l2_mean 2.13
wandb:        diagnostics/test_logits_norm_l2_mean 2.1415
wandb:                      diagnostics/total_step 14100
wandb:                         diagnostics/trigger batch_update
wandb:                                       epoch 300
wandb:                                          lr 0.001
wandb:                                  time_epoch 17.09888
wandb:                                  total_time 6569.92103
wandb:                                          +6 ...
wandb: 
wandb: You can sync this run to the cloud by running:
wandb: wandb sync exp/CIFAR3/Uniform_deeplinear_bs320_ep300_lr0.001_AdamW_constant_seed3_r0.1_5_hidden/wandb/offline-run-20260605_170603-mhiw9cs2
wandb: Find logs at: exp/CIFAR3/Uniform_deeplinear_bs320_ep300_lr0.001_AdamW_constant_seed3_r0.1_5_hidden/wandb/offline-run-20260605_170603-mhiw9cs2/logs
