save_dir: ./exp/CIFAR3/RhoLoss_deeplinear_bs320_ep300_lr0.001_AdamW_constant_seed3_r0.1_3_hidden
=====> Loading config files: 
configs/cifar3/method/rholoss-0.1.yaml
configs/cifar3/data/cifar3.yaml
configs/cifar3/model/deep_linear_saxe/deep_linear_3.yaml
configs/cifar3/optim/adamw-320-0.001-0.01.yaml
configs/diagnostics/snapshots_log_interval.yaml
=====> Config files loaded.
========================= Start Main =========================
=====> Saving config file
=====> Config file saved
=====> Using fixed random seed: 3
=====> Wandb initialized
=====> Number of GPUs: 1
Creating RhoLoss...
Cached irreducible losses for 15000 samples in dataset.
=====> Start teacher Validation
=====> teacher Test Accuracy: 0.7280
Begin training for RhoLoss...
=====> Epoch: 0/300, Total_step: 0, lr: 0.001000, Total Time: 0.0000 s, Time this epoch: 0.0000 s
=====> Epoch: 0/300, Train Loss (train loader labels): 1.1006, Train acc (train loader labels): 0.3331, Best val acc: 0.3177, Current val acc: 0.3177, Val Loss: 1.1010
balance: False
selecting samples for epoch 1, ratio 0.1
=====> Epoch: 1/300, Total_step: 1, lr: 0.001000, Total Time: 0.0000 s, Time this epoch: 0.0000 s
=====> Epoch: 1/300, Train Loss (train loader labels): 3.2826, Train acc (train loader labels): 0.3457, Best val acc: 0.3553, Current val acc: 0.3553, Val Loss: 3.1882
=====> Epoch: 1/300, Total_step: 12, lr: 0.001000, Total Time: 0.0000 s, Time this epoch: 0.0000 s
=====> Epoch: 1/300, Train Loss (train loader labels): 1.4223, Train acc (train loader labels): 0.3137, Best val acc: 0.3553, Current val acc: 0.3037, Val Loss: 1.4275
=====> Epoch: 1/300, Total_step: 23, lr: 0.001000, Total Time: 0.0000 s, Time this epoch: 0.0000 s
=====> Epoch: 1/300, Train Loss (train loader labels): 1.1524, Train acc (train loader labels): 0.3490, Best val acc: 0.3553, Current val acc: 0.3407, Val Loss: 1.1543
=====> Epoch: 1/300, Total_step: 34, lr: 0.001000, Total Time: 0.0000 s, Time this epoch: 0.0000 s
=====> Epoch: 1/300, Train Loss (train loader labels): 1.1137, Train acc (train loader labels): 0.3465, Best val acc: 0.3553, Current val acc: 0.3343, Val Loss: 1.1143
=====> Epoch: 1/300, Total_step: 45, lr: 0.001000, Total Time: 0.0000 s, Time this epoch: 0.0000 s
=====> Epoch: 1/300, Train Loss (train loader labels): 1.0758, Train acc (train loader labels): 0.4389, Best val acc: 0.4417, Current val acc: 0.4417, Val Loss: 1.0713
=====> Saving current model and best model
balance: False
selecting samples for epoch 2, ratio 0.1
=====> Epoch: 2/300, Total_step: 48, lr: 0.001000, Total Time: 125.6498 s, Time this epoch: 106.9296 s
=====> Epoch: 2/300, Train Loss (train loader labels): 1.0820, Train acc (train loader labels): 0.4098, Best val acc: 0.4417, Current val acc: 0.4077, Val Loss: 1.0804
=====> Epoch: 2/300, Total_step: 59, lr: 0.001000, Total Time: 125.6498 s, Time this epoch: 106.9296 s
=====> Epoch: 2/300, Train Loss (train loader labels): 1.0934, Train acc (train loader labels): 0.3729, Best val acc: 0.4417, Current val acc: 0.3743, Val Loss: 1.0924
=====> Epoch: 2/300, Total_step: 70, lr: 0.001000, Total Time: 125.6498 s, Time this epoch: 106.9296 s
=====> Epoch: 2/300, Train Loss (train loader labels): 1.0797, Train acc (train loader labels): 0.4351, Best val acc: 0.4417, Current val acc: 0.4313, Val Loss: 1.0778
=====> Epoch: 2/300, Total_step: 81, lr: 0.001000, Total Time: 125.6498 s, Time this epoch: 106.9296 s
=====> Epoch: 2/300, Train Loss (train loader labels): 1.0818, Train acc (train loader labels): 0.4226, Best val acc: 0.4417, Current val acc: 0.4250, Val Loss: 1.0812
=====> Epoch: 2/300, Total_step: 92, lr: 0.001000, Total Time: 125.6498 s, Time this epoch: 106.9296 s
=====> Epoch: 2/300, Train Loss (train loader labels): 1.0838, Train acc (train loader labels): 0.4047, Best val acc: 0.4417, Current val acc: 0.3987, Val Loss: 1.0829
=====> Saving current model and best model
balance: False
selecting samples for epoch 3, ratio 0.1
=====> Epoch: 3/300, Total_step: 95, lr: 0.001000, Total Time: 233.1616 s, Time this epoch: 107.3083 s
=====> Epoch: 3/300, Train Loss (train loader labels): 1.0880, Train acc (train loader labels): 0.3934, Best val acc: 0.4417, Current val acc: 0.3940, Val Loss: 1.0880
=====> Epoch: 3/300, Total_step: 106, lr: 0.001000, Total Time: 233.1616 s, Time this epoch: 107.3083 s
=====> Epoch: 3/300, Train Loss (train loader labels): 1.0805, Train acc (train loader labels): 0.4253, Best val acc: 0.4417, Current val acc: 0.4243, Val Loss: 1.0795
=====> Epoch: 3/300, Total_step: 117, lr: 0.001000, Total Time: 233.1616 s, Time this epoch: 107.3083 s
=====> Epoch: 3/300, Train Loss (train loader labels): 1.0817, Train acc (train loader labels): 0.4219, Best val acc: 0.4417, Current val acc: 0.4307, Val Loss: 1.0795
=====> Epoch: 3/300, Total_step: 128, lr: 0.001000, Total Time: 233.1616 s, Time this epoch: 107.3083 s
=====> Epoch: 3/300, Train Loss (train loader labels): 1.0822, Train acc (train loader labels): 0.4222, Best val acc: 0.4417, Current val acc: 0.4233, Val Loss: 1.0807
=====> Epoch: 3/300, Total_step: 139, lr: 0.001000, Total Time: 233.1616 s, Time this epoch: 107.3083 s
=====> Epoch: 3/300, Train Loss (train loader labels): 1.0771, Train acc (train loader labels): 0.4367, Best val acc: 0.4417, Current val acc: 0.4347, Val Loss: 1.0767
=====> Saving current model and best model
balance: False
selecting samples for epoch 4, ratio 0.1
=====> Epoch: 4/300, Total_step: 142, lr: 0.001000, Total Time: 340.4628 s, Time this epoch: 107.1165 s
=====> Epoch: 4/300, Train Loss (train loader labels): 1.0768, Train acc (train loader labels): 0.4389, Best val acc: 0.4417, Current val acc: 0.4327, Val Loss: 1.0758
=====> Epoch: 4/300, Total_step: 153, lr: 0.001000, Total Time: 340.4628 s, Time this epoch: 107.1165 s
=====> Epoch: 4/300, Train Loss (train loader labels): 1.0871, Train acc (train loader labels): 0.4041, Best val acc: 0.4417, Current val acc: 0.4003, Val Loss: 1.0878
=====> Epoch: 4/300, Total_step: 164, lr: 0.001000, Total Time: 340.4628 s, Time this epoch: 107.1165 s
=====> Epoch: 4/300, Train Loss (train loader labels): 1.0831, Train acc (train loader labels): 0.4023, Best val acc: 0.4417, Current val acc: 0.4127, Val Loss: 1.0818
=====> Epoch: 4/300, Total_step: 175, lr: 0.001000, Total Time: 340.4628 s, Time this epoch: 107.1165 s
=====> Epoch: 4/300, Train Loss (train loader labels): 1.0782, Train acc (train loader labels): 0.4367, Best val acc: 0.4473, Current val acc: 0.4473, Val Loss: 1.0755
=====> Epoch: 4/300, Total_step: 186, lr: 0.001000, Total Time: 340.4628 s, Time this epoch: 107.1165 s
=====> Epoch: 4/300, Train Loss (train loader labels): 1.0762, Train acc (train loader labels): 0.4517, Best val acc: 0.4473, Current val acc: 0.4443, Val Loss: 1.0751
=====> Saving current model and best model
balance: False
selecting samples for epoch 5, ratio 0.1
=====> Epoch: 5/300, Total_step: 189, lr: 0.001000, Total Time: 448.0242 s, Time this epoch: 107.3749 s
=====> Epoch: 5/300, Train Loss (train loader labels): 1.0767, Train acc (train loader labels): 0.4557, Best val acc: 0.4617, Current val acc: 0.4617, Val Loss: 1.0750
=====> Epoch: 5/300, Total_step: 200, lr: 0.001000, Total Time: 448.0242 s, Time this epoch: 107.3749 s
=====> Epoch: 5/300, Train Loss (train loader labels): 1.0807, Train acc (train loader labels): 0.4207, Best val acc: 0.4617, Current val acc: 0.4293, Val Loss: 1.0789
=====> Epoch: 5/300, Total_step: 211, lr: 0.001000, Total Time: 448.0242 s, Time this epoch: 107.3749 s
=====> Epoch: 5/300, Train Loss (train loader labels): 1.0780, Train acc (train loader labels): 0.4410, Best val acc: 0.4617, Current val acc: 0.4437, Val Loss: 1.0768
=====> Epoch: 5/300, Total_step: 222, lr: 0.001000, Total Time: 448.0242 s, Time this epoch: 107.3749 s
=====> Epoch: 5/300, Train Loss (train loader labels): 1.0828, Train acc (train loader labels): 0.4184, Best val acc: 0.4617, Current val acc: 0.4200, Val Loss: 1.0817
=====> Epoch: 5/300, Total_step: 233, lr: 0.001000, Total Time: 448.0242 s, Time this epoch: 107.3749 s
=====> Epoch: 5/300, Train Loss (train loader labels): 1.0801, Train acc (train loader labels): 0.4104, Best val acc: 0.4617, Current val acc: 0.4120, Val Loss: 1.0798
=====> Saving current model and best model
balance: False
selecting samples for epoch 6, ratio 0.1
=====> Epoch: 6/300, Total_step: 282, lr: 0.001000, Total Time: 555.1234 s, Time this epoch: 106.9224 s
=====> Epoch: 6/300, Train Loss (train loader labels): 1.0784, Train acc (train loader labels): 0.4285, Best val acc: 0.4617, Current val acc: 0.4237, Val Loss: 1.0784
=====> Saving current model and best model
balance: False
selecting samples for epoch 7, ratio 0.1
=====> Epoch: 7/300, Total_step: 329, lr: 0.001000, Total Time: 591.2483 s, Time this epoch: 35.9363 s
=====> Epoch: 7/300, Train Loss (train loader labels): 1.0795, Train acc (train loader labels): 0.4140, Best val acc: 0.4617, Current val acc: 0.4213, Val Loss: 1.0779
=====> Saving current model and best model
balance: False
selecting samples for epoch 8, ratio 0.1
=====> Epoch: 8/300, Total_step: 376, lr: 0.001000, Total Time: 627.3626 s, Time this epoch: 35.9095 s
=====> Epoch: 8/300, Train Loss (train loader labels): 1.0849, Train acc (train loader labels): 0.4044, Best val acc: 0.4617, Current val acc: 0.4003, Val Loss: 1.0849
=====> Saving current model and best model
balance: False
selecting samples for epoch 9, ratio 0.1
=====> Epoch: 9/300, Total_step: 423, lr: 0.001000, Total Time: 664.2597 s, Time this epoch: 36.6922 s
=====> Epoch: 9/300, Train Loss (train loader labels): 1.0770, Train acc (train loader labels): 0.4390, Best val acc: 0.4617, Current val acc: 0.4400, Val Loss: 1.0750
=====> Saving current model and best model
balance: False
selecting samples for epoch 10, ratio 0.1
=====> Epoch: 10/300, Total_step: 470, lr: 0.001000, Total Time: 700.7995 s, Time this epoch: 36.3071 s
=====> Epoch: 10/300, Train Loss (train loader labels): 1.0799, Train acc (train loader labels): 0.4130, Best val acc: 0.4617, Current val acc: 0.4167, Val Loss: 1.0786
=====> Saving current model and best model
balance: False
selecting samples for epoch 11, ratio 0.1
=====> Epoch: 11/300, Total_step: 517, lr: 0.001000, Total Time: 737.3112 s, Time this epoch: 36.3048 s
=====> Epoch: 11/300, Train Loss (train loader labels): 1.0793, Train acc (train loader labels): 0.4354, Best val acc: 0.4617, Current val acc: 0.4443, Val Loss: 1.0771
=====> Saving current model and best model
balance: False
selecting samples for epoch 12, ratio 0.1
=====> Epoch: 12/300, Total_step: 564, lr: 0.001000, Total Time: 773.6053 s, Time this epoch: 36.1089 s
=====> Epoch: 12/300, Train Loss (train loader labels): 1.0804, Train acc (train loader labels): 0.4159, Best val acc: 0.4617, Current val acc: 0.4307, Val Loss: 1.0771
=====> Saving current model and best model
balance: False
selecting samples for epoch 13, ratio 0.1
=====> Epoch: 13/300, Total_step: 611, lr: 0.001000, Total Time: 809.8568 s, Time this epoch: 36.0519 s
=====> Epoch: 13/300, Train Loss (train loader labels): 1.0755, Train acc (train loader labels): 0.4394, Best val acc: 0.4617, Current val acc: 0.4450, Val Loss: 1.0732
=====> Saving current model and best model
balance: False
selecting samples for epoch 14, ratio 0.1
=====> Epoch: 14/300, Total_step: 658, lr: 0.001000, Total Time: 846.2074 s, Time this epoch: 36.1667 s
=====> Epoch: 14/300, Train Loss (train loader labels): 1.0834, Train acc (train loader labels): 0.3922, Best val acc: 0.4617, Current val acc: 0.3980, Val Loss: 1.0818
=====> Saving current model and best model
balance: False
selecting samples for epoch 15, ratio 0.1
=====> Epoch: 15/300, Total_step: 705, lr: 0.001000, Total Time: 882.5907 s, Time this epoch: 36.1727 s
=====> Epoch: 15/300, Train Loss (train loader labels): 1.0774, Train acc (train loader labels): 0.4212, Best val acc: 0.4617, Current val acc: 0.4307, Val Loss: 1.0760
=====> Saving current model and best model
balance: False
selecting samples for epoch 16, ratio 0.1
=====> Epoch: 16/300, Total_step: 752, lr: 0.001000, Total Time: 918.9382 s, Time this epoch: 36.1548 s
=====> Epoch: 16/300, Train Loss (train loader labels): 1.0801, Train acc (train loader labels): 0.4108, Best val acc: 0.4617, Current val acc: 0.4043, Val Loss: 1.0797
=====> Saving current model and best model
balance: False
selecting samples for epoch 17, ratio 0.1
=====> Epoch: 17/300, Total_step: 799, lr: 0.001000, Total Time: 955.5558 s, Time this epoch: 36.2846 s
=====> Epoch: 17/300, Train Loss (train loader labels): 1.0764, Train acc (train loader labels): 0.4347, Best val acc: 0.4617, Current val acc: 0.4330, Val Loss: 1.0756
=====> Saving current model and best model
balance: False
selecting samples for epoch 18, ratio 0.1
=====> Epoch: 18/300, Total_step: 846, lr: 0.001000, Total Time: 992.3830 s, Time this epoch: 36.5591 s
=====> Epoch: 18/300, Train Loss (train loader labels): 1.0819, Train acc (train loader labels): 0.3961, Best val acc: 0.4617, Current val acc: 0.4057, Val Loss: 1.0797
=====> Saving current model and best model
balance: False
selecting samples for epoch 19, ratio 0.1
=====> Epoch: 19/300, Total_step: 893, lr: 0.001000, Total Time: 1029.0896 s, Time this epoch: 36.3673 s
=====> Epoch: 19/300, Train Loss (train loader labels): 1.0785, Train acc (train loader labels): 0.4161, Best val acc: 0.4617, Current val acc: 0.4310, Val Loss: 1.0762
=====> Saving current model and best model
balance: False
selecting samples for epoch 20, ratio 0.1
=====> Epoch: 20/300, Total_step: 940, lr: 0.001000, Total Time: 1065.5335 s, Time this epoch: 36.0861 s
=====> Epoch: 20/300, Train Loss (train loader labels): 1.0769, Train acc (train loader labels): 0.4130, Best val acc: 0.4617, Current val acc: 0.4200, Val Loss: 1.0760
=====> Saving current model and best model
balance: False
selecting samples for epoch 21, ratio 0.1
=====> Epoch: 21/300, Total_step: 987, lr: 0.001000, Total Time: 1101.9558 s, Time this epoch: 36.1991 s
=====> Epoch: 21/300, Train Loss (train loader labels): 1.0786, Train acc (train loader labels): 0.4149, Best val acc: 0.4617, Current val acc: 0.4227, Val Loss: 1.0767
=====> Saving current model and best model
balance: False
selecting samples for epoch 22, ratio 0.1
=====> Epoch: 22/300, Total_step: 1034, lr: 0.001000, Total Time: 1138.3894 s, Time this epoch: 36.2496 s
=====> Epoch: 22/300, Train Loss (train loader labels): 1.0801, Train acc (train loader labels): 0.4264, Best val acc: 0.4617, Current val acc: 0.4433, Val Loss: 1.0778
=====> Saving current model and best model
balance: False
selecting samples for epoch 23, ratio 0.1
=====> Epoch: 23/300, Total_step: 1081, lr: 0.001000, Total Time: 1174.7893 s, Time this epoch: 36.1906 s
=====> Epoch: 23/300, Train Loss (train loader labels): 1.0816, Train acc (train loader labels): 0.4171, Best val acc: 0.4617, Current val acc: 0.4223, Val Loss: 1.0806
=====> Saving current model and best model
balance: False
selecting samples for epoch 24, ratio 0.1
=====> Epoch: 24/300, Total_step: 1128, lr: 0.001000, Total Time: 1211.4812 s, Time this epoch: 36.4936 s
=====> Epoch: 24/300, Train Loss (train loader labels): 1.0813, Train acc (train loader labels): 0.4079, Best val acc: 0.4617, Current val acc: 0.4247, Val Loss: 1.0802
=====> Saving current model and best model
balance: False
selecting samples for epoch 25, ratio 0.1
=====> Epoch: 25/300, Total_step: 1175, lr: 0.001000, Total Time: 1247.9870 s, Time this epoch: 36.3117 s
=====> Epoch: 25/300, Train Loss (train loader labels): 1.0741, Train acc (train loader labels): 0.4454, Best val acc: 0.4617, Current val acc: 0.4503, Val Loss: 1.0719
=====> Saving current model and best model
balance: False
selecting samples for epoch 26, ratio 0.1
=====> Epoch: 26/300, Total_step: 1222, lr: 0.001000, Total Time: 1284.5102 s, Time this epoch: 36.3116 s
=====> Epoch: 26/300, Train Loss (train loader labels): 1.0836, Train acc (train loader labels): 0.3931, Best val acc: 0.4617, Current val acc: 0.4073, Val Loss: 1.0818
=====> Saving current model and best model
balance: False
selecting samples for epoch 27, ratio 0.1
=====> Saving current model and best model
balance: False
selecting samples for epoch 28, ratio 0.1
=====> Saving current model and best model
balance: False
selecting samples for epoch 29, ratio 0.1
=====> Epoch: 29/300, Total_step: 1363, lr: 0.001000, Total Time: 1355.9272 s, Time this epoch: 17.2855 s
=====> Epoch: 29/300, Train Loss (train loader labels): 1.0788, Train acc (train loader labels): 0.4135, Best val acc: 0.4617, Current val acc: 0.4203, Val Loss: 1.0774
=====> Saving current model and best model
balance: False
selecting samples for epoch 30, ratio 0.1
=====> Saving current model and best model
balance: False
selecting samples for epoch 31, ratio 0.1
=====> Saving current model and best model
balance: False
selecting samples for epoch 32, ratio 0.1
=====> Saving current model and best model
balance: False
selecting samples for epoch 33, ratio 0.1
=====> Epoch: 33/300, Total_step: 1551, lr: 0.001000, Total Time: 1444.8791 s, Time this epoch: 17.3439 s
=====> Epoch: 33/300, Train Loss (train loader labels): 1.0795, Train acc (train loader labels): 0.4127, Best val acc: 0.4617, Current val acc: 0.4163, Val Loss: 1.0780
=====> Saving current model and best model
balance: False
selecting samples for epoch 34, ratio 0.1
=====> Saving current model and best model
balance: False
selecting samples for epoch 35, ratio 0.1
=====> Saving current model and best model
balance: False
selecting samples for epoch 36, ratio 0.1
=====> Saving current model and best model
balance: False
selecting samples for epoch 37, ratio 0.1
=====> Epoch: 37/300, Total_step: 1739, lr: 0.001000, Total Time: 1533.5855 s, Time this epoch: 17.1247 s
=====> Epoch: 37/300, Train Loss (train loader labels): 1.0753, Train acc (train loader labels): 0.4435, Best val acc: 0.4623, Current val acc: 0.4623, Val Loss: 1.0726
=====> Saving current model and best model
balance: False
selecting samples for epoch 38, ratio 0.1
=====> Saving current model and best model
balance: False
selecting samples for epoch 39, ratio 0.1
=====> Saving current model and best model
balance: False
selecting samples for epoch 40, ratio 0.1
=====> Saving current model and best model
balance: False
selecting samples for epoch 41, ratio 0.1
=====> Epoch: 41/300, Total_step: 1927, lr: 0.001000, Total Time: 1623.3339 s, Time this epoch: 17.2877 s
=====> Epoch: 41/300, Train Loss (train loader labels): 1.0811, Train acc (train loader labels): 0.3985, Best val acc: 0.4623, Current val acc: 0.4063, Val Loss: 1.0791
=====> Saving current model and best model
balance: False
selecting samples for epoch 42, ratio 0.1
=====> Saving current model and best model
balance: False
selecting samples for epoch 43, ratio 0.1
=====> Saving current model and best model
balance: False
selecting samples for epoch 44, ratio 0.1
=====> Saving current model and best model
balance: False
selecting samples for epoch 45, ratio 0.1
=====> Epoch: 45/300, Total_step: 2115, lr: 0.001000, Total Time: 1712.3022 s, Time this epoch: 17.2281 s
=====> Epoch: 45/300, Train Loss (train loader labels): 1.0788, Train acc (train loader labels): 0.4163, Best val acc: 0.4623, Current val acc: 0.4253, Val Loss: 1.0770
=====> Saving current model and best model
balance: False
selecting samples for epoch 46, ratio 0.1
=====> Saving current model and best model
balance: False
selecting samples for epoch 47, ratio 0.1
=====> Saving current model and best model
balance: False
selecting samples for epoch 48, ratio 0.1
=====> Saving current model and best model
balance: False
selecting samples for epoch 49, ratio 0.1
=====> Epoch: 49/300, Total_step: 2303, lr: 0.001000, Total Time: 1800.9693 s, Time this epoch: 17.3008 s
=====> Epoch: 49/300, Train Loss (train loader labels): 1.0810, Train acc (train loader labels): 0.4043, Best val acc: 0.4623, Current val acc: 0.4097, Val Loss: 1.0801
=====> Saving current model and best model
balance: False
selecting samples for epoch 50, ratio 0.1
=====> Saving current model and best model
balance: False
selecting samples for epoch 51, ratio 0.1
=====> Saving current model and best model
balance: False
selecting samples for epoch 52, ratio 0.1
=====> Saving current model and best model
balance: False
selecting samples for epoch 53, ratio 0.1
=====> Epoch: 53/300, Total_step: 2491, lr: 0.001000, Total Time: 1890.0326 s, Time this epoch: 17.3555 s
=====> Epoch: 53/300, Train Loss (train loader labels): 1.0807, Train acc (train loader labels): 0.4043, Best val acc: 0.4623, Current val acc: 0.4013, Val Loss: 1.0795
=====> Saving current model and best model
balance: False
selecting samples for epoch 54, ratio 0.1
=====> Saving current model and best model
balance: False
selecting samples for epoch 55, ratio 0.1
=====> Saving current model and best model
balance: False
selecting samples for epoch 56, ratio 0.1
=====> Saving current model and best model
balance: False
selecting samples for epoch 57, ratio 0.1
=====> Epoch: 57/300, Total_step: 2679, lr: 0.001000, Total Time: 1978.6533 s, Time this epoch: 17.1620 s
=====> Epoch: 57/300, Train Loss (train loader labels): 1.0780, Train acc (train loader labels): 0.4202, Best val acc: 0.4623, Current val acc: 0.4280, Val Loss: 1.0754
=====> Saving current model and best model
balance: False
selecting samples for epoch 58, ratio 0.1
=====> Saving current model and best model
balance: False
selecting samples for epoch 59, ratio 0.1
=====> Saving current model and best model
balance: False
selecting samples for epoch 60, ratio 0.1
=====> Saving current model and best model
balance: False
selecting samples for epoch 61, ratio 0.1
=====> Epoch: 61/300, Total_step: 2867, lr: 0.001000, Total Time: 2067.6942 s, Time this epoch: 17.3467 s
=====> Epoch: 61/300, Train Loss (train loader labels): 1.0862, Train acc (train loader labels): 0.3890, Best val acc: 0.4623, Current val acc: 0.3907, Val Loss: 1.0851
=====> Saving current model and best model
balance: False
selecting samples for epoch 62, ratio 0.1
=====> Saving current model and best model
balance: False
selecting samples for epoch 63, ratio 0.1
=====> Saving current model and best model
balance: False
selecting samples for epoch 64, ratio 0.1
=====> Saving current model and best model
balance: False
selecting samples for epoch 65, ratio 0.1
=====> Epoch: 65/300, Total_step: 3055, lr: 0.001000, Total Time: 2156.2184 s, Time this epoch: 17.2752 s
=====> Epoch: 65/300, Train Loss (train loader labels): 1.0844, Train acc (train loader labels): 0.4097, Best val acc: 0.4623, Current val acc: 0.4150, Val Loss: 1.0832
=====> Saving current model and best model
balance: False
selecting samples for epoch 66, ratio 0.1
=====> Saving current model and best model
balance: False
selecting samples for epoch 67, ratio 0.1
=====> Saving current model and best model
balance: False
selecting samples for epoch 68, ratio 0.1
=====> Saving current model and best model
balance: False
selecting samples for epoch 69, ratio 0.1
=====> Saving current model and best model
balance: False
selecting samples for epoch 70, ratio 0.1
=====> Saving current model and best model
balance: False
selecting samples for epoch 71, ratio 0.1
=====> Saving current model and best model
balance: False
selecting samples for epoch 72, ratio 0.1
=====> Saving current model and best model
balance: False
selecting samples for epoch 73, ratio 0.1
=====> Saving current model and best model
balance: False
selecting samples for epoch 74, ratio 0.1
=====> Saving current model and best model
balance: False
selecting samples for epoch 75, ratio 0.1
=====> Saving current model and best model
balance: False
selecting samples for epoch 76, ratio 0.1
=====> Epoch: 76/300, Total_step: 3572, lr: 0.001000, Total Time: 2367.2102 s, Time this epoch: 17.3189 s
=====> Epoch: 76/300, Train Loss (train loader labels): 1.0746, Train acc (train loader labels): 0.4375, Best val acc: 0.4623, Current val acc: 0.4420, Val Loss: 1.0721
=====> Saving current model and best model
balance: False
selecting samples for epoch 77, ratio 0.1
=====> Saving current model and best model
balance: False
selecting samples for epoch 78, ratio 0.1
=====> Saving current model and best model
balance: False
selecting samples for epoch 79, ratio 0.1
=====> Saving current model and best model
balance: False
selecting samples for epoch 80, ratio 0.1
=====> Saving current model and best model
balance: False
selecting samples for epoch 81, ratio 0.1
=====> Saving current model and best model
balance: False
selecting samples for epoch 82, ratio 0.1
=====> Saving current model and best model
balance: False
selecting samples for epoch 83, ratio 0.1
=====> Saving current model and best model
balance: False
selecting samples for epoch 84, ratio 0.1
=====> Saving current model and best model
balance: False
selecting samples for epoch 85, ratio 0.1
=====> Saving current model and best model
balance: False
selecting samples for epoch 86, ratio 0.1
=====> Saving current model and best model
balance: False
selecting samples for epoch 87, ratio 0.1
=====> Saving current model and best model
balance: False
selecting samples for epoch 88, ratio 0.1
=====> Saving current model and best model
balance: False
selecting samples for epoch 89, ratio 0.1
=====> Saving current model and best model
balance: False
selecting samples for epoch 90, ratio 0.1
=====> Saving current model and best model
balance: False
selecting samples for epoch 91, ratio 0.1
=====> Epoch: 91/300, Total_step: 4277, lr: 0.001000, Total Time: 2648.4208 s, Time this epoch: 17.2680 s
=====> Epoch: 91/300, Train Loss (train loader labels): 1.0827, Train acc (train loader labels): 0.3999, Best val acc: 0.4623, Current val acc: 0.3977, Val Loss: 1.0827
=====> Saving current model and best model
balance: False
selecting samples for epoch 92, ratio 0.1
=====> Saving current model and best model
balance: False
selecting samples for epoch 93, ratio 0.1
=====> Saving current model and best model
balance: False
selecting samples for epoch 94, ratio 0.1
=====> Saving current model and best model
balance: False
selecting samples for epoch 95, ratio 0.1
=====> Saving current model and best model
balance: False
selecting samples for epoch 96, ratio 0.1
=====> Saving current model and best model
balance: False
selecting samples for epoch 97, ratio 0.1
=====> Saving current model and best model
balance: False
selecting samples for epoch 98, ratio 0.1
=====> Saving current model and best model
balance: False
selecting samples for epoch 99, ratio 0.1
=====> Saving current model and best model
balance: False
selecting samples for epoch 100, ratio 0.1
=====> Saving current model and best model
balance: False
selecting samples for epoch 101, ratio 0.1
=====> Saving current model and best model
balance: False
selecting samples for epoch 102, ratio 0.1
=====> Saving current model and best model
balance: False
selecting samples for epoch 103, ratio 0.1
=====> Saving current model and best model
balance: False
selecting samples for epoch 104, ratio 0.1
=====> Saving current model and best model
balance: False
selecting samples for epoch 105, ratio 0.1
=====> Saving current model and best model
balance: False
selecting samples for epoch 106, ratio 0.1
=====> Epoch: 106/300, Total_step: 4982, lr: 0.001000, Total Time: 2930.0211 s, Time this epoch: 17.3763 s
=====> Epoch: 106/300, Train Loss (train loader labels): 1.0825, Train acc (train loader labels): 0.4134, Best val acc: 0.4623, Current val acc: 0.4223, Val Loss: 1.0803
=====> Saving current model and best model
balance: False
selecting samples for epoch 107, ratio 0.1
=====> Saving current model and best model
balance: False
selecting samples for epoch 108, ratio 0.1
=====> Saving current model and best model
balance: False
selecting samples for epoch 109, ratio 0.1
=====> Saving current model and best model
balance: False
selecting samples for epoch 110, ratio 0.1
=====> Saving current model and best model
balance: False
selecting samples for epoch 111, ratio 0.1
=====> Saving current model and best model
balance: False
selecting samples for epoch 112, ratio 0.1
=====> Saving current model and best model
balance: False
selecting samples for epoch 113, ratio 0.1
=====> Saving current model and best model
balance: False
selecting samples for epoch 114, ratio 0.1
=====> Saving current model and best model
balance: False
selecting samples for epoch 115, ratio 0.1
=====> Saving current model and best model
balance: False
selecting samples for epoch 116, ratio 0.1
=====> Saving current model and best model
balance: False
selecting samples for epoch 117, ratio 0.1
=====> Saving current model and best model
balance: False
selecting samples for epoch 118, ratio 0.1
=====> Saving current model and best model
balance: False
selecting samples for epoch 119, ratio 0.1
=====> Saving current model and best model
balance: False
selecting samples for epoch 120, ratio 0.1
=====> Saving current model and best model
balance: False
selecting samples for epoch 121, ratio 0.1
=====> Epoch: 121/300, Total_step: 5687, lr: 0.001000, Total Time: 3210.5253 s, Time this epoch: 17.2609 s
=====> Epoch: 121/300, Train Loss (train loader labels): 806.3882, Train acc (train loader labels): 0.3219, Best val acc: 0.4623, Current val acc: 0.3127, Val Loss: 810.5529
=====> Saving current model and best model
balance: False
selecting samples for epoch 122, ratio 0.1
=====> Saving current model and best model
balance: False
selecting samples for epoch 123, ratio 0.1
=====> Saving current model and best model
balance: False
selecting samples for epoch 124, ratio 0.1
=====> Saving current model and best model
balance: False
selecting samples for epoch 125, ratio 0.1
=====> Saving current model and best model
balance: False
selecting samples for epoch 126, ratio 0.1
=====> Saving current model and best model
balance: False
selecting samples for epoch 127, ratio 0.1
=====> Saving current model and best model
balance: False
selecting samples for epoch 128, ratio 0.1
=====> Saving current model and best model
balance: False
selecting samples for epoch 129, ratio 0.1
=====> Saving current model and best model
balance: False
selecting samples for epoch 130, ratio 0.1
=====> Saving current model and best model
balance: False
selecting samples for epoch 131, ratio 0.1
=====> Saving current model and best model
balance: False
selecting samples for epoch 132, ratio 0.1
=====> Saving current model and best model
balance: False
selecting samples for epoch 133, ratio 0.1
=====> Saving current model and best model
balance: False
selecting samples for epoch 134, ratio 0.1
=====> Saving current model and best model
balance: False
selecting samples for epoch 135, ratio 0.1
=====> Saving current model and best model
balance: False
selecting samples for epoch 136, ratio 0.1
=====> Epoch: 136/300, Total_step: 6392, lr: 0.001000, Total Time: 3493.0353 s, Time this epoch: 17.3286 s
=====> Epoch: 136/300, Train Loss (train loader labels): 1.0752, Train acc (train loader labels): 0.4331, Best val acc: 0.4623, Current val acc: 0.4373, Val Loss: 1.0724
=====> Saving current model and best model
balance: False
selecting samples for epoch 137, ratio 0.1
=====> Saving current model and best model
balance: False
selecting samples for epoch 138, ratio 0.1
=====> Saving current model and best model
balance: False
selecting samples for epoch 139, ratio 0.1
=====> Saving current model and best model
balance: False
selecting samples for epoch 140, ratio 0.1
=====> Saving current model and best model
balance: False
selecting samples for epoch 141, ratio 0.1
=====> Saving current model and best model
balance: False
selecting samples for epoch 142, ratio 0.1
=====> Saving current model and best model
balance: False
selecting samples for epoch 143, ratio 0.1
=====> Saving current model and best model
balance: False
selecting samples for epoch 144, ratio 0.1
=====> Saving current model and best model
balance: False
selecting samples for epoch 145, ratio 0.1
=====> Saving current model and best model
balance: False
selecting samples for epoch 146, ratio 0.1
=====> Saving current model and best model
balance: False
selecting samples for epoch 147, ratio 0.1
=====> Saving current model and best model
balance: False
selecting samples for epoch 148, ratio 0.1
=====> Saving current model and best model
balance: False
selecting samples for epoch 149, ratio 0.1
=====> Saving current model and best model
balance: False
selecting samples for epoch 150, ratio 0.1
=====> Saving current model and best model
balance: False
selecting samples for epoch 151, ratio 0.1
=====> Epoch: 151/300, Total_step: 7097, lr: 0.001000, Total Time: 3775.6685 s, Time this epoch: 17.2577 s
=====> Epoch: 151/300, Train Loss (train loader labels): 1.0753, Train acc (train loader labels): 0.4351, Best val acc: 0.4623, Current val acc: 0.4480, Val Loss: 1.0731
=====> Saving current model and best model
balance: False
selecting samples for epoch 152, ratio 0.1
=====> Saving current model and best model
balance: False
selecting samples for epoch 153, ratio 0.1
=====> Saving current model and best model
balance: False
selecting samples for epoch 154, ratio 0.1
=====> Saving current model and best model
balance: False
selecting samples for epoch 155, ratio 0.1
=====> Saving current model and best model
balance: False
selecting samples for epoch 156, ratio 0.1
=====> Saving current model and best model
balance: False
selecting samples for epoch 157, ratio 0.1
=====> Saving current model and best model
balance: False
selecting samples for epoch 158, ratio 0.1
=====> Saving current model and best model
balance: False
selecting samples for epoch 159, ratio 0.1
=====> Saving current model and best model
balance: False
selecting samples for epoch 160, ratio 0.1
=====> Saving current model and best model
balance: False
selecting samples for epoch 161, ratio 0.1
=====> Saving current model and best model
balance: False
selecting samples for epoch 162, ratio 0.1
=====> Saving current model and best model
balance: False
selecting samples for epoch 163, ratio 0.1
=====> Saving current model and best model
balance: False
selecting samples for epoch 164, ratio 0.1
=====> Saving current model and best model
balance: False
selecting samples for epoch 165, ratio 0.1
=====> Saving current model and best model
balance: False
selecting samples for epoch 166, ratio 0.1
=====> Epoch: 166/300, Total_step: 7802, lr: 0.001000, Total Time: 4060.5772 s, Time this epoch: 17.3474 s
=====> Epoch: 166/300, Train Loss (train loader labels): 1.0777, Train acc (train loader labels): 0.4211, Best val acc: 0.4623, Current val acc: 0.4313, Val Loss: 1.0759
=====> Saving current model and best model
balance: False
selecting samples for epoch 167, ratio 0.1
=====> Saving current model and best model
balance: False
selecting samples for epoch 168, ratio 0.1
=====> Saving current model and best model
balance: False
selecting samples for epoch 169, ratio 0.1
=====> Saving current model and best model
balance: False
selecting samples for epoch 170, ratio 0.1
=====> Saving current model and best model
balance: False
selecting samples for epoch 171, ratio 0.1
=====> Saving current model and best model
balance: False
selecting samples for epoch 172, ratio 0.1
=====> Saving current model and best model
balance: False
selecting samples for epoch 173, ratio 0.1
=====> Saving current model and best model
balance: False
selecting samples for epoch 174, ratio 0.1
=====> Saving current model and best model
balance: False
selecting samples for epoch 175, ratio 0.1
=====> Saving current model and best model
balance: False
selecting samples for epoch 176, ratio 0.1
=====> Saving current model and best model
balance: False
selecting samples for epoch 177, ratio 0.1
=====> Saving current model and best model
balance: False
selecting samples for epoch 178, ratio 0.1
=====> Saving current model and best model
balance: False
selecting samples for epoch 179, ratio 0.1
=====> Saving current model and best model
balance: False
selecting samples for epoch 180, ratio 0.1
=====> Saving current model and best model
balance: False
selecting samples for epoch 181, ratio 0.1
=====> Epoch: 181/300, Total_step: 8507, lr: 0.001000, Total Time: 4344.1850 s, Time this epoch: 17.3847 s
=====> Epoch: 181/300, Train Loss (train loader labels): 1.0787, Train acc (train loader labels): 0.4117, Best val acc: 0.4623, Current val acc: 0.4193, Val Loss: 1.0765
=====> Saving current model and best model
balance: False
selecting samples for epoch 182, ratio 0.1
=====> Saving current model and best model
balance: False
selecting samples for epoch 183, ratio 0.1
=====> Saving current model and best model
balance: False
selecting samples for epoch 184, ratio 0.1
=====> Saving current model and best model
balance: False
selecting samples for epoch 185, ratio 0.1
=====> Saving current model and best model
balance: False
selecting samples for epoch 186, ratio 0.1
=====> Saving current model and best model
balance: False
selecting samples for epoch 187, ratio 0.1
=====> Saving current model and best model
balance: False
selecting samples for epoch 188, ratio 0.1
=====> Saving current model and best model
balance: False
selecting samples for epoch 189, ratio 0.1
=====> Saving current model and best model
balance: False
selecting samples for epoch 190, ratio 0.1
=====> Saving current model and best model
balance: False
selecting samples for epoch 191, ratio 0.1
=====> Saving current model and best model
balance: False
selecting samples for epoch 192, ratio 0.1
=====> Saving current model and best model
balance: False
selecting samples for epoch 193, ratio 0.1
=====> Saving current model and best model
balance: False
selecting samples for epoch 194, ratio 0.1
=====> Saving current model and best model
balance: False
selecting samples for epoch 195, ratio 0.1
=====> Saving current model and best model
balance: False
selecting samples for epoch 196, ratio 0.1
=====> Epoch: 196/300, Total_step: 9212, lr: 0.001000, Total Time: 4626.5709 s, Time this epoch: 17.1057 s
=====> Epoch: 196/300, Train Loss (train loader labels): 1.0776, Train acc (train loader labels): 0.4209, Best val acc: 0.4623, Current val acc: 0.4320, Val Loss: 1.0759
=====> Saving current model and best model
balance: False
selecting samples for epoch 197, ratio 0.1
=====> Saving current model and best model
balance: False
selecting samples for epoch 198, ratio 0.1
=====> Saving current model and best model
balance: False
selecting samples for epoch 199, ratio 0.1
=====> Saving current model and best model
balance: False
selecting samples for epoch 200, ratio 0.1
=====> Saving current model and best model
balance: False
selecting samples for epoch 201, ratio 0.1
=====> Saving current model and best model
balance: False
selecting samples for epoch 202, ratio 0.1
=====> Saving current model and best model
balance: False
selecting samples for epoch 203, ratio 0.1
=====> Saving current model and best model
balance: False
selecting samples for epoch 204, ratio 0.1
=====> Saving current model and best model
balance: False
selecting samples for epoch 205, ratio 0.1
=====> Saving current model and best model
balance: False
selecting samples for epoch 206, ratio 0.1
=====> Saving current model and best model
balance: False
selecting samples for epoch 207, ratio 0.1
=====> Saving current model and best model
balance: False
selecting samples for epoch 208, ratio 0.1
=====> Saving current model and best model
balance: False
selecting samples for epoch 209, ratio 0.1
=====> Saving current model and best model
balance: False
selecting samples for epoch 210, ratio 0.1
=====> Saving current model and best model
balance: False
selecting samples for epoch 211, ratio 0.1
=====> Epoch: 211/300, Total_step: 9917, lr: 0.001000, Total Time: 4909.7124 s, Time this epoch: 17.3280 s
=====> Epoch: 211/300, Train Loss (train loader labels): 1.0804, Train acc (train loader labels): 0.4101, Best val acc: 0.4623, Current val acc: 0.4213, Val Loss: 1.0793
=====> Saving current model and best model
balance: False
selecting samples for epoch 212, ratio 0.1
=====> Saving current model and best model
balance: False
selecting samples for epoch 213, ratio 0.1
=====> Saving current model and best model
balance: False
selecting samples for epoch 214, ratio 0.1
=====> Saving current model and best model
balance: False
selecting samples for epoch 215, ratio 0.1
=====> Saving current model and best model
balance: False
selecting samples for epoch 216, ratio 0.1
=====> Saving current model and best model
balance: False
selecting samples for epoch 217, ratio 0.1
=====> Saving current model and best model
balance: False
selecting samples for epoch 218, ratio 0.1
=====> Saving current model and best model
balance: False
selecting samples for epoch 219, ratio 0.1
=====> Saving current model and best model
balance: False
selecting samples for epoch 220, ratio 0.1
=====> Saving current model and best model
balance: False
selecting samples for epoch 221, ratio 0.1
=====> Saving current model and best model
balance: False
selecting samples for epoch 222, ratio 0.1
=====> Saving current model and best model
balance: False
selecting samples for epoch 223, ratio 0.1
=====> Saving current model and best model
balance: False
selecting samples for epoch 224, ratio 0.1
=====> Saving current model and best model
balance: False
selecting samples for epoch 225, ratio 0.1
=====> Saving current model and best model
balance: False
selecting samples for epoch 226, ratio 0.1
=====> Epoch: 226/300, Total_step: 10622, lr: 0.001000, Total Time: 5192.7898 s, Time this epoch: 17.3378 s
=====> Epoch: 226/300, Train Loss (train loader labels): 1.0762, Train acc (train loader labels): 0.4258, Best val acc: 0.4623, Current val acc: 0.4327, Val Loss: 1.0749
=====> Saving current model and best model
balance: False
selecting samples for epoch 227, ratio 0.1
=====> Saving current model and best model
balance: False
selecting samples for epoch 228, ratio 0.1
=====> Saving current model and best model
balance: False
selecting samples for epoch 229, ratio 0.1
=====> Saving current model and best model
balance: False
selecting samples for epoch 230, ratio 0.1
=====> Saving current model and best model
balance: False
selecting samples for epoch 231, ratio 0.1
=====> Saving current model and best model
balance: False
selecting samples for epoch 232, ratio 0.1
=====> Saving current model and best model
balance: False
selecting samples for epoch 233, ratio 0.1
=====> Saving current model and best model
balance: False
selecting samples for epoch 234, ratio 0.1
=====> Saving current model and best model
balance: False
selecting samples for epoch 235, ratio 0.1
=====> Saving current model and best model
balance: False
selecting samples for epoch 236, ratio 0.1
=====> Saving current model and best model
balance: False
selecting samples for epoch 237, ratio 0.1
=====> Saving current model and best model
balance: False
selecting samples for epoch 238, ratio 0.1
=====> Saving current model and best model
balance: False
selecting samples for epoch 239, ratio 0.1
=====> Saving current model and best model
balance: False
selecting samples for epoch 240, ratio 0.1
=====> Saving current model and best model
balance: False
selecting samples for epoch 241, ratio 0.1
=====> Epoch: 241/300, Total_step: 11327, lr: 0.001000, Total Time: 5475.5256 s, Time this epoch: 17.3504 s
=====> Epoch: 241/300, Train Loss (train loader labels): 1.0784, Train acc (train loader labels): 0.4153, Best val acc: 0.4623, Current val acc: 0.4323, Val Loss: 1.0758
=====> Saving current model and best model
balance: False
selecting samples for epoch 242, ratio 0.1
=====> Saving current model and best model
balance: False
selecting samples for epoch 243, ratio 0.1
=====> Saving current model and best model
balance: False
selecting samples for epoch 244, ratio 0.1
=====> Saving current model and best model
balance: False
selecting samples for epoch 245, ratio 0.1
=====> Saving current model and best model
balance: False
selecting samples for epoch 246, ratio 0.1
=====> Saving current model and best model
balance: False
selecting samples for epoch 247, ratio 0.1
=====> Saving current model and best model
balance: False
selecting samples for epoch 248, ratio 0.1
=====> Saving current model and best model
balance: False
selecting samples for epoch 249, ratio 0.1
=====> Saving current model and best model
balance: False
selecting samples for epoch 250, ratio 0.1
=====> Saving current model and best model
balance: False
selecting samples for epoch 251, ratio 0.1
=====> Saving current model and best model
balance: False
selecting samples for epoch 252, ratio 0.1
=====> Saving current model and best model
balance: False
selecting samples for epoch 253, ratio 0.1
=====> Saving current model and best model
balance: False
selecting samples for epoch 254, ratio 0.1
=====> Saving current model and best model
balance: False
selecting samples for epoch 255, ratio 0.1
=====> Saving current model and best model
balance: False
selecting samples for epoch 256, ratio 0.1
=====> Epoch: 256/300, Total_step: 12032, lr: 0.001000, Total Time: 5757.8228 s, Time this epoch: 17.0574 s
=====> Epoch: 256/300, Train Loss (train loader labels): 1.0775, Train acc (train loader labels): 0.4197, Best val acc: 0.4623, Current val acc: 0.4387, Val Loss: 1.0753
=====> Saving current model and best model
balance: False
selecting samples for epoch 257, ratio 0.1
=====> Saving current model and best model
balance: False
selecting samples for epoch 258, ratio 0.1
=====> Saving current model and best model
balance: False
selecting samples for epoch 259, ratio 0.1
=====> Saving current model and best model
balance: False
selecting samples for epoch 260, ratio 0.1
=====> Saving current model and best model
balance: False
selecting samples for epoch 261, ratio 0.1
=====> Saving current model and best model
balance: False
selecting samples for epoch 262, ratio 0.1
=====> Saving current model and best model
balance: False
selecting samples for epoch 263, ratio 0.1
=====> Saving current model and best model
balance: False
selecting samples for epoch 264, ratio 0.1
=====> Saving current model and best model
balance: False
selecting samples for epoch 265, ratio 0.1
=====> Saving current model and best model
balance: False
selecting samples for epoch 266, ratio 0.1
=====> Saving current model and best model
balance: False
selecting samples for epoch 267, ratio 0.1
=====> Saving current model and best model
balance: False
selecting samples for epoch 268, ratio 0.1
=====> Saving current model and best model
balance: False
selecting samples for epoch 269, ratio 0.1
=====> Saving current model and best model
balance: False
selecting samples for epoch 270, ratio 0.1
=====> Saving current model and best model
balance: False
selecting samples for epoch 271, ratio 0.1
=====> Epoch: 271/300, Total_step: 12737, lr: 0.001000, Total Time: 6040.6334 s, Time this epoch: 17.2609 s
=====> Epoch: 271/300, Train Loss (train loader labels): 1.0751, Train acc (train loader labels): 0.4255, Best val acc: 0.4623, Current val acc: 0.4413, Val Loss: 1.0730
=====> Saving current model and best model
balance: False
selecting samples for epoch 272, ratio 0.1
=====> Saving current model and best model
balance: False
selecting samples for epoch 273, ratio 0.1
=====> Saving current model and best model
balance: False
selecting samples for epoch 274, ratio 0.1
=====> Saving current model and best model
balance: False
selecting samples for epoch 275, ratio 0.1
=====> Saving current model and best model
balance: False
selecting samples for epoch 276, ratio 0.1
=====> Saving current model and best model
balance: False
selecting samples for epoch 277, ratio 0.1
=====> Saving current model and best model
balance: False
selecting samples for epoch 278, ratio 0.1
=====> Saving current model and best model
balance: False
selecting samples for epoch 279, ratio 0.1
=====> Saving current model and best model
balance: False
selecting samples for epoch 280, ratio 0.1
=====> Saving current model and best model
balance: False
selecting samples for epoch 281, ratio 0.1
=====> Saving current model and best model
balance: False
selecting samples for epoch 282, ratio 0.1
=====> Saving current model and best model
balance: False
selecting samples for epoch 283, ratio 0.1
=====> Saving current model and best model
balance: False
selecting samples for epoch 284, ratio 0.1
=====> Saving current model and best model
balance: False
selecting samples for epoch 285, ratio 0.1
=====> Saving current model and best model
balance: False
selecting samples for epoch 286, ratio 0.1
=====> Epoch: 286/300, Total_step: 13442, lr: 0.001000, Total Time: 6323.7672 s, Time this epoch: 17.5074 s
=====> Epoch: 286/300, Train Loss (train loader labels): 1.0756, Train acc (train loader labels): 0.4277, Best val acc: 0.4623, Current val acc: 0.4380, Val Loss: 1.0731
=====> Saving current model and best model
balance: False
selecting samples for epoch 287, ratio 0.1
=====> Saving current model and best model
balance: False
selecting samples for epoch 288, ratio 0.1
=====> Saving current model and best model
balance: False
selecting samples for epoch 289, ratio 0.1
=====> Saving current model and best model
balance: False
selecting samples for epoch 290, ratio 0.1
=====> Saving current model and best model
balance: False
selecting samples for epoch 291, ratio 0.1
=====> Saving current model and best model
balance: False
selecting samples for epoch 292, ratio 0.1
=====> Saving current model and best model
balance: False
selecting samples for epoch 293, ratio 0.1
=====> Saving current model and best model
balance: False
selecting samples for epoch 294, ratio 0.1
=====> Saving current model and best model
balance: False
selecting samples for epoch 295, ratio 0.1
=====> Saving current model and best model
balance: False
selecting samples for epoch 296, ratio 0.1
=====> Saving current model and best model
balance: False
selecting samples for epoch 297, ratio 0.1
=====> Saving current model and best model
balance: False
selecting samples for epoch 298, ratio 0.1
=====> Saving current model and best model
balance: False
selecting samples for epoch 299, ratio 0.1
=====> Saving current model and best model
balance: False
selecting samples for epoch 300, ratio 0.1
=====> Epoch: 300/300, Total_step: 14100, lr: 0.001000, Total Time: 6588.0316 s, Time this epoch: 17.0430 s
=====> Epoch: 300/300, Train Loss (train loader labels): 1.0713, Train acc (train loader labels): 0.4443, Best val acc: 0.4623, Current val acc: 0.4530, Val Loss: 1.0687
=====> Saving current model and best model
Saved helper snapshots to /home/mward19/Documents/miller/Online-Batch-Selection/snapshots/CIFAR3/{"bsel":"RhoLoss","seed":3,"model":"DeepLinear","opt":"adamw","bs":320,"ratio":0.1,"lr":0.001,"wd":0.01,"layers":3,"hidden_dim":1000}.p
Saved selected points array to /home/mward19/Documents/miller/Online-Batch-Selection/selected_points/CIFAR3/{"bsel":"RhoLoss","seed":3,"model":"DeepLinear","opt":"adamw","bs":320,"ratio":0.1,"lr":0.001,"wd":0.01,"layers":3,"hidden_dim":1000}.npy
========================= End Main =========================
