save_dir: ./exp/CIFAR3/Uniform_deeplinear_bs320_ep300_lr0.001_AdamW_constant_seed1_r0.1_100_hidden
=====> Loading config files: 
configs/cifar3/method/uniform-0.1.yaml
configs/cifar3/data/cifar3.yaml
configs/cifar3/model/deep_linear_saxe/deep_linear_100.yaml
configs/cifar3/optim/adamw-320-0.001-0.01.yaml
configs/diagnostics/snapshots_log_interval.yaml
=====> Config files loaded.
========================= Start Main =========================
=====> Saving config file
=====> Config file saved
=====> Using fixed random seed: 1
=====> Wandb initialized
=====> Number of GPUs: 1
Creating Uniform...
Begin training for Uniform...
=====> Epoch: 0/300, Total_step: 0, lr: 0.001000, Total Time: 0.0000 s, Time this epoch: 0.0000 s
=====> Epoch: 0/300, Train Loss (train loader labels): 1.0989, Train acc (train loader labels): 0.3333, Best val acc: 0.3333, Current val acc: 0.3333, Val Loss: 1.0989
selecting samples for epoch 1
balance: False
ratio: 0.1
=====> Epoch: 1/300, Total_step: 1, lr: 0.001000, Total Time: 0.0000 s, Time this epoch: 0.0000 s
=====> Epoch: 1/300, Train Loss (train loader labels): 1.1596, Train acc (train loader labels): 0.3333, Best val acc: 0.3333, Current val acc: 0.3333, Val Loss: 1.1596
=====> Epoch: 1/300, Total_step: 12, lr: 0.001000, Total Time: 0.0000 s, Time this epoch: 0.0000 s
=====> Epoch: 1/300, Train Loss (train loader labels): 1.2080, Train acc (train loader labels): 0.3333, Best val acc: 0.3333, Current val acc: 0.3333, Val Loss: 1.2080
=====> Epoch: 1/300, Total_step: 23, lr: 0.001000, Total Time: 0.0000 s, Time this epoch: 0.0000 s
=====> Epoch: 1/300, Train Loss (train loader labels): 3413238.2500, Train acc (train loader labels): 0.3333, Best val acc: 0.3333, Current val acc: 0.3333, Val Loss: 3410119.2500
=====> Epoch: 1/300, Total_step: 34, lr: 0.001000, Total Time: 0.0000 s, Time this epoch: 0.0000 s
=====> Epoch: 1/300, Train Loss (train loader labels): 4983199452580806656.0000, Train acc (train loader labels): 0.3230, Best val acc: 0.3333, Current val acc: 0.3150, Val Loss: 4757019465386819584.0000
=====> Epoch: 1/300, Total_step: 45, lr: 0.001000, Total Time: 0.0000 s, Time this epoch: 0.0000 s
=====> Epoch: 1/300, Train Loss (train loader labels): 539806747569789438263296.0000, Train acc (train loader labels): 0.3481, Best val acc: 0.3410, Current val acc: 0.3410, Val Loss: 542561545418656442220544.0000
=====> Saving current model and best model
selecting samples for epoch 2
balance: False
ratio: 0.1
=====> Epoch: 2/300, Total_step: 48, lr: 0.001000, Total Time: 126.6714 s, Time this epoch: 107.8361 s
=====> Epoch: 2/300, Train Loss (train loader labels): 482703986598493066100736.0000, Train acc (train loader labels): 0.3484, Best val acc: 0.3417, Current val acc: 0.3417, Val Loss: 484996534981606762348544.0000
=====> Epoch: 2/300, Total_step: 59, lr: 0.001000, Total Time: 126.6714 s, Time this epoch: 107.8361 s
=====> Epoch: 2/300, Train Loss (train loader labels): 297778133462526761893888.0000, Train acc (train loader labels): 0.3486, Best val acc: 0.3423, Current val acc: 0.3423, Val Loss: 301534459810926926233600.0000
=====> Epoch: 2/300, Total_step: 70, lr: 0.001000, Total Time: 126.6714 s, Time this epoch: 107.8361 s
=====> Epoch: 2/300, Train Loss (train loader labels): 139736986676509880090624.0000, Train acc (train loader labels): 0.3501, Best val acc: 0.3480, Current val acc: 0.3480, Val Loss: 141519268214643244400640.0000
=====> Epoch: 2/300, Total_step: 81, lr: 0.001000, Total Time: 126.6714 s, Time this epoch: 107.8361 s
=====> Epoch: 2/300, Train Loss (train loader labels): 50723574228712649916416.0000, Train acc (train loader labels): 0.3447, Best val acc: 0.3480, Current val acc: 0.3440, Val Loss: 51867249843284505264128.0000
=====> Epoch: 2/300, Total_step: 92, lr: 0.001000, Total Time: 126.6714 s, Time this epoch: 107.8361 s
=====> Epoch: 2/300, Train Loss (train loader labels): 2481581347973038604288.0000, Train acc (train loader labels): 0.2806, Best val acc: 0.3480, Current val acc: 0.2830, Val Loss: 2671984814493985144832.0000
=====> Saving current model and best model
selecting samples for epoch 3
balance: False
ratio: 0.1
=====> Epoch: 3/300, Total_step: 95, lr: 0.001000, Total Time: 238.0807 s, Time this epoch: 108.0352 s
=====> Epoch: 3/300, Train Loss (train loader labels): 5078182378629305991168.0000, Train acc (train loader labels): 0.2794, Best val acc: 0.3480, Current val acc: 0.2890, Val Loss: 5600839189134487584768.0000
=====> Epoch: 3/300, Total_step: 106, lr: 0.001000, Total Time: 238.0807 s, Time this epoch: 108.0352 s
=====> Epoch: 3/300, Train Loss (train loader labels): 1891996824880480780288.0000, Train acc (train loader labels): 0.3350, Best val acc: 0.3637, Current val acc: 0.3637, Val Loss: 1746833423991354425344.0000
=====> Epoch: 3/300, Total_step: 117, lr: 0.001000, Total Time: 238.0807 s, Time this epoch: 108.0352 s
=====> Epoch: 3/300, Train Loss (train loader labels): 111973032719684730880.0000, Train acc (train loader labels): 0.3935, Best val acc: 0.3993, Current val acc: 0.3993, Val Loss: 117816303702616571904.0000
=====> Epoch: 3/300, Total_step: 128, lr: 0.001000, Total Time: 238.0807 s, Time this epoch: 108.0352 s
=====> Epoch: 3/300, Train Loss (train loader labels): 147133980812798590976.0000, Train acc (train loader labels): 0.2739, Best val acc: 0.3993, Current val acc: 0.2670, Val Loss: 155413153836370493440.0000
=====> Epoch: 3/300, Total_step: 139, lr: 0.001000, Total Time: 238.0807 s, Time this epoch: 108.0352 s
=====> Epoch: 3/300, Train Loss (train loader labels): 71296894719227854848.0000, Train acc (train loader labels): 0.3273, Best val acc: 0.3993, Current val acc: 0.3240, Val Loss: 75686774057960734720.0000
=====> Saving current model and best model
selecting samples for epoch 4
balance: False
ratio: 0.1
=====> Epoch: 4/300, Total_step: 142, lr: 0.001000, Total Time: 348.9607 s, Time this epoch: 107.6767 s
=====> Epoch: 4/300, Train Loss (train loader labels): 55778638293448523776.0000, Train acc (train loader labels): 0.2805, Best val acc: 0.3993, Current val acc: 0.2790, Val Loss: 60715595035744141312.0000
=====> Epoch: 4/300, Total_step: 153, lr: 0.001000, Total Time: 348.9607 s, Time this epoch: 107.6767 s
=====> Epoch: 4/300, Train Loss (train loader labels): 18058294312197685248.0000, Train acc (train loader labels): 0.3733, Best val acc: 0.3993, Current val acc: 0.3827, Val Loss: 19736427232625688576.0000
=====> Epoch: 4/300, Total_step: 164, lr: 0.001000, Total Time: 348.9607 s, Time this epoch: 107.6767 s
=====> Epoch: 4/300, Train Loss (train loader labels): 7892611673280741376.0000, Train acc (train loader labels): 0.3857, Best val acc: 0.3993, Current val acc: 0.3923, Val Loss: 7875465888957202432.0000
=====> Epoch: 4/300, Total_step: 175, lr: 0.001000, Total Time: 348.9607 s, Time this epoch: 107.6767 s
=====> Epoch: 4/300, Train Loss (train loader labels): 3814061250975891456.0000, Train acc (train loader labels): 0.3545, Best val acc: 0.3993, Current val acc: 0.3577, Val Loss: 4286418867971948544.0000
=====> Epoch: 4/300, Total_step: 186, lr: 0.001000, Total Time: 348.9607 s, Time this epoch: 107.6767 s
=====> Epoch: 4/300, Train Loss (train loader labels): 3557419294134370304.0000, Train acc (train loader labels): 0.3545, Best val acc: 0.3993, Current val acc: 0.3597, Val Loss: 3820354030899560448.0000
=====> Saving current model and best model
selecting samples for epoch 5
balance: False
ratio: 0.1
=====> Epoch: 5/300, Total_step: 189, lr: 0.001000, Total Time: 459.9085 s, Time this epoch: 108.0958 s
=====> Epoch: 5/300, Train Loss (train loader labels): 10339654515489243136.0000, Train acc (train loader labels): 0.2913, Best val acc: 0.3993, Current val acc: 0.2930, Val Loss: 11413348510733434880.0000
=====> Epoch: 5/300, Total_step: 200, lr: 0.001000, Total Time: 459.9085 s, Time this epoch: 108.0958 s
=====> Epoch: 5/300, Train Loss (train loader labels): 8525123879100743680.0000, Train acc (train loader labels): 0.3329, Best val acc: 0.3993, Current val acc: 0.3307, Val Loss: 8995480110056341504.0000
=====> Epoch: 5/300, Total_step: 211, lr: 0.001000, Total Time: 459.9085 s, Time this epoch: 108.0958 s
=====> Epoch: 5/300, Train Loss (train loader labels): 5548814072432033792.0000, Train acc (train loader labels): 0.2985, Best val acc: 0.3993, Current val acc: 0.2977, Val Loss: 6009758483853869056.0000
=====> Epoch: 5/300, Total_step: 222, lr: 0.001000, Total Time: 459.9085 s, Time this epoch: 108.0958 s
=====> Epoch: 5/300, Train Loss (train loader labels): 7815895998231740416.0000, Train acc (train loader labels): 0.2857, Best val acc: 0.3993, Current val acc: 0.2880, Val Loss: 8961781178176634880.0000
=====> Epoch: 5/300, Total_step: 233, lr: 0.001000, Total Time: 459.9085 s, Time this epoch: 108.0958 s
=====> Epoch: 5/300, Train Loss (train loader labels): 1243929044110540800.0000, Train acc (train loader labels): 0.3931, Best val acc: 0.3993, Current val acc: 0.3860, Val Loss: 1366242153558179840.0000
=====> Saving current model and best model
selecting samples for epoch 6
balance: False
ratio: 0.1
=====> Epoch: 6/300, Total_step: 282, lr: 0.001000, Total Time: 571.0659 s, Time this epoch: 108.2556 s
=====> Epoch: 6/300, Train Loss (train loader labels): 11998646037989294080.0000, Train acc (train loader labels): 0.3774, Best val acc: 0.3993, Current val acc: 0.3777, Val Loss: 13210657496496078848.0000
=====> Saving current model and best model
selecting samples for epoch 7
balance: False
ratio: 0.1
=====> Epoch: 7/300, Total_step: 329, lr: 0.001000, Total Time: 610.5139 s, Time this epoch: 36.2126 s
=====> Epoch: 7/300, Train Loss (train loader labels): 4260508326707593216.0000, Train acc (train loader labels): 0.2845, Best val acc: 0.3993, Current val acc: 0.2907, Val Loss: 4803644255962660864.0000
=====> Saving current model and best model
selecting samples for epoch 8
balance: False
ratio: 0.1
=====> Epoch: 8/300, Total_step: 376, lr: 0.001000, Total Time: 649.6672 s, Time this epoch: 36.2158 s
=====> Epoch: 8/300, Train Loss (train loader labels): 263025429294612480.0000, Train acc (train loader labels): 0.3259, Best val acc: 0.3993, Current val acc: 0.3273, Val Loss: 290704174234992640.0000
=====> Saving current model and best model
selecting samples for epoch 9
balance: False
ratio: 0.1
=====> Epoch: 9/300, Total_step: 423, lr: 0.001000, Total Time: 688.7911 s, Time this epoch: 36.2613 s
=====> Epoch: 9/300, Train Loss (train loader labels): 14291801782530080768.0000, Train acc (train loader labels): 0.2791, Best val acc: 0.3993, Current val acc: 0.2867, Val Loss: 16383320288676282368.0000
=====> Saving current model and best model
selecting samples for epoch 10
balance: False
ratio: 0.1
=====> Epoch: 10/300, Total_step: 470, lr: 0.001000, Total Time: 727.8994 s, Time this epoch: 36.2633 s
=====> Epoch: 10/300, Train Loss (train loader labels): 3609351152459579392.0000, Train acc (train loader labels): 0.3878, Best val acc: 0.3993, Current val acc: 0.3790, Val Loss: 4068198245451431936.0000
=====> Saving current model and best model
selecting samples for epoch 11
balance: False
ratio: 0.1
=====> Epoch: 11/300, Total_step: 517, lr: 0.001000, Total Time: 766.8188 s, Time this epoch: 36.0030 s
=====> Epoch: 11/300, Train Loss (train loader labels): 2819873766169903104.0000, Train acc (train loader labels): 0.3865, Best val acc: 0.3993, Current val acc: 0.3800, Val Loss: 3146629655369351168.0000
=====> Saving current model and best model
selecting samples for epoch 12
balance: False
ratio: 0.1
=====> Epoch: 12/300, Total_step: 564, lr: 0.001000, Total Time: 805.8008 s, Time this epoch: 36.1167 s
=====> Epoch: 12/300, Train Loss (train loader labels): 2491725070615969792.0000, Train acc (train loader labels): 0.3865, Best val acc: 0.3993, Current val acc: 0.3800, Val Loss: 2749654280695709696.0000
=====> Saving current model and best model
selecting samples for epoch 13
balance: False
ratio: 0.1
=====> Epoch: 13/300, Total_step: 611, lr: 0.001000, Total Time: 845.3626 s, Time this epoch: 36.5717 s
=====> Epoch: 13/300, Train Loss (train loader labels): 6888520062609653760.0000, Train acc (train loader labels): 0.3939, Best val acc: 0.3993, Current val acc: 0.3907, Val Loss: 7653559153704566784.0000
=====> Saving current model and best model
selecting samples for epoch 14
balance: False
ratio: 0.1
=====> Epoch: 14/300, Total_step: 658, lr: 0.001000, Total Time: 885.4399 s, Time this epoch: 36.6548 s
=====> Epoch: 14/300, Train Loss (train loader labels): 2244562965590179840.0000, Train acc (train loader labels): 0.3965, Best val acc: 0.3993, Current val acc: 0.3857, Val Loss: 2415268055677403136.0000
=====> Saving current model and best model
selecting samples for epoch 15
balance: False
ratio: 0.1
=====> Epoch: 15/300, Total_step: 705, lr: 0.001000, Total Time: 926.7108 s, Time this epoch: 36.8421 s
=====> Epoch: 15/300, Train Loss (train loader labels): 5713055271098515456.0000, Train acc (train loader labels): 0.3938, Best val acc: 0.3993, Current val acc: 0.3887, Val Loss: 6301068592074981376.0000
=====> Saving current model and best model
selecting samples for epoch 16
balance: False
ratio: 0.1
=====> Epoch: 16/300, Total_step: 752, lr: 0.001000, Total Time: 967.0603 s, Time this epoch: 37.2581 s
=====> Epoch: 16/300, Train Loss (train loader labels): 1502098222603042816.0000, Train acc (train loader labels): 0.3735, Best val acc: 0.3993, Current val acc: 0.3703, Val Loss: 1646781583312551936.0000
=====> Saving current model and best model
selecting samples for epoch 17
balance: False
ratio: 0.1
=====> Epoch: 17/300, Total_step: 799, lr: 0.001000, Total Time: 1006.8989 s, Time this epoch: 36.2368 s
=====> Epoch: 17/300, Train Loss (train loader labels): 682134127654207488.0000, Train acc (train loader labels): 0.3185, Best val acc: 0.3993, Current val acc: 0.3290, Val Loss: 681685733068505088.0000
=====> Saving current model and best model
selecting samples for epoch 18
balance: False
ratio: 0.1
=====> Epoch: 18/300, Total_step: 846, lr: 0.001000, Total Time: 1046.2550 s, Time this epoch: 36.1258 s
=====> Epoch: 18/300, Train Loss (train loader labels): 235517469433790464.0000, Train acc (train loader labels): 0.3346, Best val acc: 0.3993, Current val acc: 0.3447, Val Loss: 224044082777817088.0000
=====> Saving current model and best model
selecting samples for epoch 19
balance: False
ratio: 0.1
=====> Epoch: 19/300, Total_step: 893, lr: 0.001000, Total Time: 1086.6253 s, Time this epoch: 36.1678 s
=====> Epoch: 19/300, Train Loss (train loader labels): 1663312603197210624.0000, Train acc (train loader labels): 0.3989, Best val acc: 0.3993, Current val acc: 0.3860, Val Loss: 1795953700242456576.0000
=====> Saving current model and best model
selecting samples for epoch 20
balance: False
ratio: 0.1
=====> Epoch: 20/300, Total_step: 940, lr: 0.001000, Total Time: 1126.9103 s, Time this epoch: 36.2324 s
=====> Epoch: 20/300, Train Loss (train loader labels): 1463085076148387840.0000, Train acc (train loader labels): 0.3965, Best val acc: 0.3993, Current val acc: 0.3877, Val Loss: 1616961728455639040.0000
=====> Saving current model and best model
selecting samples for epoch 21
balance: False
ratio: 0.1
=====> Epoch: 21/300, Total_step: 987, lr: 0.001000, Total Time: 1166.8936 s, Time this epoch: 36.3124 s
=====> Epoch: 21/300, Train Loss (train loader labels): 331744373454667776.0000, Train acc (train loader labels): 0.2701, Best val acc: 0.3993, Current val acc: 0.2733, Val Loss: 368069866814439424.0000
=====> Saving current model and best model
selecting samples for epoch 22
balance: False
ratio: 0.1
=====> Epoch: 22/300, Total_step: 1034, lr: 0.001000, Total Time: 1207.1195 s, Time this epoch: 36.5276 s
=====> Epoch: 22/300, Train Loss (train loader labels): 558987657112190976.0000, Train acc (train loader labels): 0.3926, Best val acc: 0.3993, Current val acc: 0.3877, Val Loss: 625783538255396864.0000
=====> Saving current model and best model
selecting samples for epoch 23
balance: False
ratio: 0.1
=====> Epoch: 23/300, Total_step: 1081, lr: 0.001000, Total Time: 1247.8980 s, Time this epoch: 36.5224 s
=====> Epoch: 23/300, Train Loss (train loader labels): 254765399730552832.0000, Train acc (train loader labels): 0.3274, Best val acc: 0.3993, Current val acc: 0.3257, Val Loss: 281524111136522240.0000
=====> Saving current model and best model
selecting samples for epoch 24
balance: False
ratio: 0.1
=====> Epoch: 24/300, Total_step: 1128, lr: 0.001000, Total Time: 1287.6858 s, Time this epoch: 36.3798 s
=====> Epoch: 24/300, Train Loss (train loader labels): 644631022981349376.0000, Train acc (train loader labels): 0.2736, Best val acc: 0.3993, Current val acc: 0.2793, Val Loss: 707655304363376640.0000
=====> Saving current model and best model
selecting samples for epoch 25
balance: False
ratio: 0.1
=====> Epoch: 25/300, Total_step: 1175, lr: 0.001000, Total Time: 1327.9905 s, Time this epoch: 36.6847 s
=====> Epoch: 25/300, Train Loss (train loader labels): 1014886203515731968.0000, Train acc (train loader labels): 0.3976, Best val acc: 0.3993, Current val acc: 0.3853, Val Loss: 1089818883021340672.0000
=====> Saving current model and best model
selecting samples for epoch 26
balance: False
ratio: 0.1
=====> Epoch: 26/300, Total_step: 1222, lr: 0.001000, Total Time: 1368.4734 s, Time this epoch: 36.3765 s
=====> Epoch: 26/300, Train Loss (train loader labels): 968300720480583680.0000, Train acc (train loader labels): 0.3963, Best val acc: 0.3993, Current val acc: 0.3873, Val Loss: 1052803549194354688.0000
=====> Saving current model and best model
selecting samples for epoch 27
balance: False
ratio: 0.1
=====> Saving current model and best model
selecting samples for epoch 28
balance: False
ratio: 0.1
=====> Saving current model and best model
selecting samples for epoch 29
balance: False
ratio: 0.1
=====> Epoch: 29/300, Total_step: 1363, lr: 0.001000, Total Time: 1450.5557 s, Time this epoch: 17.4018 s
=====> Epoch: 29/300, Train Loss (train loader labels): 240680157562535936.0000, Train acc (train loader labels): 0.3198, Best val acc: 0.3993, Current val acc: 0.3213, Val Loss: 255174211897655296.0000
=====> Saving current model and best model
selecting samples for epoch 30
balance: False
ratio: 0.1
=====> Saving current model and best model
selecting samples for epoch 31
balance: False
ratio: 0.1
=====> Saving current model and best model
selecting samples for epoch 32
balance: False
ratio: 0.1
=====> Saving current model and best model
selecting samples for epoch 33
balance: False
ratio: 0.1
=====> Epoch: 33/300, Total_step: 1551, lr: 0.001000, Total Time: 1552.9312 s, Time this epoch: 17.3400 s
=====> Epoch: 33/300, Train Loss (train loader labels): 455960703170248704.0000, Train acc (train loader labels): 0.3971, Best val acc: 0.3993, Current val acc: 0.3880, Val Loss: 490224131191603200.0000
=====> Saving current model and best model
selecting samples for epoch 34
balance: False
ratio: 0.1
=====> Saving current model and best model
selecting samples for epoch 35
balance: False
ratio: 0.1
=====> Saving current model and best model
selecting samples for epoch 36
balance: False
ratio: 0.1
=====> Saving current model and best model
selecting samples for epoch 37
balance: False
ratio: 0.1
=====> Epoch: 37/300, Total_step: 1739, lr: 0.001000, Total Time: 1655.3411 s, Time this epoch: 17.2926 s
=====> Epoch: 37/300, Train Loss (train loader labels): 551760154865958912.0000, Train acc (train loader labels): 0.3980, Best val acc: 0.3993, Current val acc: 0.3863, Val Loss: 587254039478009856.0000
=====> Saving current model and best model
selecting samples for epoch 38
balance: False
ratio: 0.1
=====> Saving current model and best model
selecting samples for epoch 39
balance: False
ratio: 0.1
=====> Saving current model and best model
selecting samples for epoch 40
balance: False
ratio: 0.1
=====> Saving current model and best model
selecting samples for epoch 41
balance: False
ratio: 0.1
=====> Epoch: 41/300, Total_step: 1927, lr: 0.001000, Total Time: 1757.5220 s, Time this epoch: 17.4308 s
=====> Epoch: 41/300, Train Loss (train loader labels): 318371906879225856.0000, Train acc (train loader labels): 0.3949, Best val acc: 0.3993, Current val acc: 0.3860, Val Loss: 334852761545867264.0000
=====> Saving current model and best model
selecting samples for epoch 42
balance: False
ratio: 0.1
=====> Saving current model and best model
selecting samples for epoch 43
balance: False
ratio: 0.1
=====> Saving current model and best model
selecting samples for epoch 44
balance: False
ratio: 0.1
=====> Saving current model and best model
selecting samples for epoch 45
balance: False
ratio: 0.1
=====> Epoch: 45/300, Total_step: 2115, lr: 0.001000, Total Time: 1861.3981 s, Time this epoch: 17.3634 s
=====> Epoch: 45/300, Train Loss (train loader labels): 208837974404628480.0000, Train acc (train loader labels): 0.2670, Best val acc: 0.3993, Current val acc: 0.2807, Val Loss: 233687916444909568.0000
=====> Saving current model and best model
selecting samples for epoch 46
balance: False
ratio: 0.1
=====> Saving current model and best model
selecting samples for epoch 47
balance: False
ratio: 0.1
=====> Saving current model and best model
selecting samples for epoch 48
balance: False
ratio: 0.1
=====> Saving current model and best model
selecting samples for epoch 49
balance: False
ratio: 0.1
=====> Epoch: 49/300, Total_step: 2303, lr: 0.001000, Total Time: 1965.7442 s, Time this epoch: 17.3072 s
=====> Epoch: 49/300, Train Loss (train loader labels): 36307570461245440.0000, Train acc (train loader labels): 0.2782, Best val acc: 0.3993, Current val acc: 0.2760, Val Loss: 38368081021501440.0000
=====> Saving current model and best model
selecting samples for epoch 50
balance: False
ratio: 0.1
=====> Saving current model and best model
selecting samples for epoch 51
balance: False
ratio: 0.1
=====> Saving current model and best model
selecting samples for epoch 52
balance: False
ratio: 0.1
=====> Saving current model and best model
selecting samples for epoch 53
balance: False
ratio: 0.1
=====> Epoch: 53/300, Total_step: 2491, lr: 0.001000, Total Time: 2068.7010 s, Time this epoch: 17.2698 s
=====> Epoch: 53/300, Train Loss (train loader labels): 12346757518196736.0000, Train acc (train loader labels): 0.3289, Best val acc: 0.3993, Current val acc: 0.3437, Val Loss: 11760839153418240.0000
=====> Saving current model and best model
selecting samples for epoch 54
balance: False
ratio: 0.1
=====> Saving current model and best model
selecting samples for epoch 55
balance: False
ratio: 0.1
=====> Saving current model and best model
selecting samples for epoch 56
balance: False
ratio: 0.1
=====> Saving current model and best model
selecting samples for epoch 57
balance: False
ratio: 0.1
=====> Epoch: 57/300, Total_step: 2679, lr: 0.001000, Total Time: 2171.3404 s, Time this epoch: 17.3596 s
=====> Epoch: 57/300, Train Loss (train loader labels): 104030584719802368.0000, Train acc (train loader labels): 0.3997, Best val acc: 0.3993, Current val acc: 0.3880, Val Loss: 113054938073923584.0000
=====> Saving current model and best model
selecting samples for epoch 58
balance: False
ratio: 0.1
=====> Saving current model and best model
selecting samples for epoch 59
balance: False
ratio: 0.1
=====> Saving current model and best model
selecting samples for epoch 60
balance: False
ratio: 0.1
=====> Saving current model and best model
selecting samples for epoch 61
balance: False
ratio: 0.1
=====> Epoch: 61/300, Total_step: 2867, lr: 0.001000, Total Time: 2272.5233 s, Time this epoch: 17.4417 s
=====> Epoch: 61/300, Train Loss (train loader labels): 23327221515026432.0000, Train acc (train loader labels): 0.3895, Best val acc: 0.3993, Current val acc: 0.3793, Val Loss: 25368879316336640.0000
=====> Saving current model and best model
selecting samples for epoch 62
balance: False
ratio: 0.1
=====> Saving current model and best model
selecting samples for epoch 63
balance: False
ratio: 0.1
=====> Saving current model and best model
selecting samples for epoch 64
balance: False
ratio: 0.1
=====> Saving current model and best model
selecting samples for epoch 65
balance: False
ratio: 0.1
=====> Epoch: 65/300, Total_step: 3055, lr: 0.001000, Total Time: 2374.5555 s, Time this epoch: 17.3980 s
=====> Epoch: 65/300, Train Loss (train loader labels): 33042830528086016.0000, Train acc (train loader labels): 0.3987, Best val acc: 0.3993, Current val acc: 0.3897, Val Loss: 36110027735433216.0000
=====> Saving current model and best model
selecting samples for epoch 66
balance: False
ratio: 0.1
=====> Saving current model and best model
selecting samples for epoch 67
balance: False
ratio: 0.1
=====> Saving current model and best model
selecting samples for epoch 68
balance: False
ratio: 0.1
=====> Saving current model and best model
selecting samples for epoch 69
balance: False
ratio: 0.1
=====> Saving current model and best model
selecting samples for epoch 70
balance: False
ratio: 0.1
=====> Saving current model and best model
selecting samples for epoch 71
balance: False
ratio: 0.1
=====> Saving current model and best model
selecting samples for epoch 72
balance: False
ratio: 0.1
=====> Saving current model and best model
selecting samples for epoch 73
balance: False
ratio: 0.1
=====> Saving current model and best model
selecting samples for epoch 74
balance: False
ratio: 0.1
=====> Saving current model and best model
selecting samples for epoch 75
balance: False
ratio: 0.1
=====> Saving current model and best model
selecting samples for epoch 76
balance: False
ratio: 0.1
=====> Epoch: 76/300, Total_step: 3572, lr: 0.001000, Total Time: 2622.4539 s, Time this epoch: 17.3941 s
=====> Epoch: 76/300, Train Loss (train loader labels): 13312175972024320.0000, Train acc (train loader labels): 0.3938, Best val acc: 0.3993, Current val acc: 0.3823, Val Loss: 14117116194062336.0000
=====> Saving current model and best model
selecting samples for epoch 77
balance: False
ratio: 0.1
=====> Saving current model and best model
selecting samples for epoch 78
balance: False
ratio: 0.1
=====> Saving current model and best model
selecting samples for epoch 79
balance: False
ratio: 0.1
=====> Saving current model and best model
selecting samples for epoch 80
balance: False
ratio: 0.1
=====> Saving current model and best model
selecting samples for epoch 81
balance: False
ratio: 0.1
=====> Saving current model and best model
selecting samples for epoch 82
balance: False
ratio: 0.1
=====> Saving current model and best model
selecting samples for epoch 83
balance: False
ratio: 0.1
=====> Saving current model and best model
selecting samples for epoch 84
balance: False
ratio: 0.1
=====> Saving current model and best model
selecting samples for epoch 85
balance: False
ratio: 0.1
=====> Saving current model and best model
selecting samples for epoch 86
balance: False
ratio: 0.1
=====> Saving current model and best model
selecting samples for epoch 87
balance: False
ratio: 0.1
=====> Saving current model and best model
selecting samples for epoch 88
balance: False
ratio: 0.1
=====> Saving current model and best model
selecting samples for epoch 89
balance: False
ratio: 0.1
=====> Saving current model and best model
selecting samples for epoch 90
balance: False
ratio: 0.1
=====> Saving current model and best model
selecting samples for epoch 91
balance: False
ratio: 0.1
=====> Epoch: 91/300, Total_step: 4277, lr: 0.001000, Total Time: 2950.4938 s, Time this epoch: 17.3888 s
=====> Epoch: 91/300, Train Loss (train loader labels): 4312914622152704.0000, Train acc (train loader labels): 0.2702, Best val acc: 0.3993, Current val acc: 0.2743, Val Loss: 4935366247186432.0000
=====> Saving current model and best model
selecting samples for epoch 92
balance: False
ratio: 0.1
=====> Saving current model and best model
selecting samples for epoch 93
balance: False
ratio: 0.1
=====> Saving current model and best model
selecting samples for epoch 94
balance: False
ratio: 0.1
=====> Saving current model and best model
selecting samples for epoch 95
balance: False
ratio: 0.1
=====> Saving current model and best model
selecting samples for epoch 96
balance: False
ratio: 0.1
=====> Saving current model and best model
selecting samples for epoch 97
balance: False
ratio: 0.1
=====> Saving current model and best model
selecting samples for epoch 98
balance: False
ratio: 0.1
=====> Saving current model and best model
selecting samples for epoch 99
balance: False
ratio: 0.1
=====> Saving current model and best model
selecting samples for epoch 100
balance: False
ratio: 0.1
=====> Saving current model and best model
selecting samples for epoch 101
balance: False
ratio: 0.1
=====> Saving current model and best model
selecting samples for epoch 102
balance: False
ratio: 0.1
=====> Saving current model and best model
selecting samples for epoch 103
balance: False
ratio: 0.1
=====> Saving current model and best model
selecting samples for epoch 104
balance: False
ratio: 0.1
=====> Saving current model and best model
selecting samples for epoch 105
balance: False
ratio: 0.1
=====> Saving current model and best model
selecting samples for epoch 106
balance: False
ratio: 0.1
=====> Epoch: 106/300, Total_step: 4982, lr: 0.001000, Total Time: 3288.7046 s, Time this epoch: 17.3317 s
=====> Epoch: 106/300, Train Loss (train loader labels): 1267303651999744.0000, Train acc (train loader labels): 0.2676, Best val acc: 0.3993, Current val acc: 0.2743, Val Loss: 1454323707936768.0000
=====> Saving current model and best model
selecting samples for epoch 107
balance: False
ratio: 0.1
=====> Saving current model and best model
selecting samples for epoch 108
balance: False
ratio: 0.1
=====> Saving current model and best model
selecting samples for epoch 109
balance: False
ratio: 0.1
=====> Saving current model and best model
selecting samples for epoch 110
balance: False
ratio: 0.1
=====> Saving current model and best model
selecting samples for epoch 111
balance: False
ratio: 0.1
=====> Saving current model and best model
selecting samples for epoch 112
balance: False
ratio: 0.1
=====> Saving current model and best model
selecting samples for epoch 113
balance: False
ratio: 0.1
=====> Saving current model and best model
selecting samples for epoch 114
balance: False
ratio: 0.1
=====> Saving current model and best model
selecting samples for epoch 115
balance: False
ratio: 0.1
=====> Saving current model and best model
selecting samples for epoch 116
balance: False
ratio: 0.1
=====> Saving current model and best model
selecting samples for epoch 117
balance: False
ratio: 0.1
=====> Saving current model and best model
selecting samples for epoch 118
balance: False
ratio: 0.1
=====> Saving current model and best model
selecting samples for epoch 119
balance: False
ratio: 0.1
=====> Saving current model and best model
selecting samples for epoch 120
balance: False
ratio: 0.1
=====> Saving current model and best model
selecting samples for epoch 121
balance: False
ratio: 0.1
=====> Epoch: 121/300, Total_step: 5687, lr: 0.001000, Total Time: 3620.8113 s, Time this epoch: 17.3876 s
=====> Epoch: 121/300, Train Loss (train loader labels): 936486547488768.0000, Train acc (train loader labels): 0.2709, Best val acc: 0.3993, Current val acc: 0.2773, Val Loss: 1053326300938240.0000
=====> Saving current model and best model
selecting samples for epoch 122
balance: False
ratio: 0.1
=====> Saving current model and best model
selecting samples for epoch 123
balance: False
ratio: 0.1
=====> Saving current model and best model
selecting samples for epoch 124
balance: False
ratio: 0.1
=====> Saving current model and best model
selecting samples for epoch 125
balance: False
ratio: 0.1
=====> Saving current model and best model
selecting samples for epoch 126
balance: False
ratio: 0.1
=====> Saving current model and best model
selecting samples for epoch 127
balance: False
ratio: 0.1
=====> Saving current model and best model
selecting samples for epoch 128
balance: False
ratio: 0.1
=====> Saving current model and best model
selecting samples for epoch 129
balance: False
ratio: 0.1
=====> Saving current model and best model
selecting samples for epoch 130
balance: False
ratio: 0.1
=====> Saving current model and best model
selecting samples for epoch 131
balance: False
ratio: 0.1
=====> Saving current model and best model
selecting samples for epoch 132
balance: False
ratio: 0.1
=====> Saving current model and best model
selecting samples for epoch 133
balance: False
ratio: 0.1
=====> Saving current model and best model
selecting samples for epoch 134
balance: False
ratio: 0.1
=====> Saving current model and best model
selecting samples for epoch 135
balance: False
ratio: 0.1
=====> Saving current model and best model
selecting samples for epoch 136
balance: False
ratio: 0.1
=====> Epoch: 136/300, Total_step: 6392, lr: 0.001000, Total Time: 3954.8046 s, Time this epoch: 17.3165 s
=====> Epoch: 136/300, Train Loss (train loader labels): 218360281300992.0000, Train acc (train loader labels): 0.3861, Best val acc: 0.3993, Current val acc: 0.3813, Val Loss: 240650641473536.0000
=====> Saving current model and best model
selecting samples for epoch 137
balance: False
ratio: 0.1
=====> Saving current model and best model
selecting samples for epoch 138
balance: False
ratio: 0.1
=====> Saving current model and best model
selecting samples for epoch 139
balance: False
ratio: 0.1
=====> Saving current model and best model
selecting samples for epoch 140
balance: False
ratio: 0.1
=====> Saving current model and best model
selecting samples for epoch 141
balance: False
ratio: 0.1
=====> Saving current model and best model
selecting samples for epoch 142
balance: False
ratio: 0.1
=====> Saving current model and best model
selecting samples for epoch 143
balance: False
ratio: 0.1
=====> Saving current model and best model
selecting samples for epoch 144
balance: False
ratio: 0.1
=====> Saving current model and best model
selecting samples for epoch 145
balance: False
ratio: 0.1
=====> Saving current model and best model
selecting samples for epoch 146
balance: False
ratio: 0.1
=====> Saving current model and best model
selecting samples for epoch 147
balance: False
ratio: 0.1
=====> Saving current model and best model
selecting samples for epoch 148
balance: False
ratio: 0.1
=====> Saving current model and best model
selecting samples for epoch 149
balance: False
ratio: 0.1
=====> Saving current model and best model
selecting samples for epoch 150
balance: False
ratio: 0.1
=====> Saving current model and best model
selecting samples for epoch 151
balance: False
ratio: 0.1
=====> Epoch: 151/300, Total_step: 7097, lr: 0.001000, Total Time: 4293.2870 s, Time this epoch: 17.8540 s
=====> Epoch: 151/300, Train Loss (train loader labels): 14010109919232.0000, Train acc (train loader labels): 0.3868, Best val acc: 0.3993, Current val acc: 0.3843, Val Loss: 15670552035328.0000
=====> Saving current model and best model
selecting samples for epoch 152
balance: False
ratio: 0.1
=====> Saving current model and best model
selecting samples for epoch 153
balance: False
ratio: 0.1
=====> Saving current model and best model
selecting samples for epoch 154
balance: False
ratio: 0.1
=====> Saving current model and best model
selecting samples for epoch 155
balance: False
ratio: 0.1
=====> Saving current model and best model
selecting samples for epoch 156
balance: False
ratio: 0.1
=====> Saving current model and best model
selecting samples for epoch 157
balance: False
ratio: 0.1
=====> Saving current model and best model
selecting samples for epoch 158
balance: False
ratio: 0.1
=====> Saving current model and best model
selecting samples for epoch 159
balance: False
ratio: 0.1
=====> Saving current model and best model
selecting samples for epoch 160
balance: False
ratio: 0.1
=====> Saving current model and best model
selecting samples for epoch 161
balance: False
ratio: 0.1
=====> Saving current model and best model
selecting samples for epoch 162
balance: False
ratio: 0.1
=====> Saving current model and best model
selecting samples for epoch 163
balance: False
ratio: 0.1
=====> Saving current model and best model
selecting samples for epoch 164
balance: False
ratio: 0.1
=====> Saving current model and best model
selecting samples for epoch 165
balance: False
ratio: 0.1
=====> Saving current model and best model
selecting samples for epoch 166
balance: False
ratio: 0.1
=====> Epoch: 166/300, Total_step: 7802, lr: 0.001000, Total Time: 4625.7044 s, Time this epoch: 17.4463 s
=====> Epoch: 166/300, Train Loss (train loader labels): 42873844137984.0000, Train acc (train loader labels): 0.3997, Best val acc: 0.3993, Current val acc: 0.3900, Val Loss: 46889831497728.0000
=====> Saving current model and best model
selecting samples for epoch 167
balance: False
ratio: 0.1
=====> Saving current model and best model
selecting samples for epoch 168
balance: False
ratio: 0.1
=====> Saving current model and best model
selecting samples for epoch 169
balance: False
ratio: 0.1
=====> Saving current model and best model
selecting samples for epoch 170
balance: False
ratio: 0.1
=====> Saving current model and best model
selecting samples for epoch 171
balance: False
ratio: 0.1
=====> Saving current model and best model
selecting samples for epoch 172
balance: False
ratio: 0.1
=====> Saving current model and best model
selecting samples for epoch 173
balance: False
ratio: 0.1
=====> Saving current model and best model
selecting samples for epoch 174
balance: False
ratio: 0.1
=====> Saving current model and best model
selecting samples for epoch 175
balance: False
ratio: 0.1
=====> Saving current model and best model
selecting samples for epoch 176
balance: False
ratio: 0.1
=====> Saving current model and best model
selecting samples for epoch 177
balance: False
ratio: 0.1
=====> Saving current model and best model
selecting samples for epoch 178
balance: False
ratio: 0.1
=====> Saving current model and best model
selecting samples for epoch 179
balance: False
ratio: 0.1
=====> Saving current model and best model
selecting samples for epoch 180
balance: False
ratio: 0.1
=====> Saving current model and best model
selecting samples for epoch 181
balance: False
ratio: 0.1
=====> Epoch: 181/300, Total_step: 8507, lr: 0.001000, Total Time: 4958.7316 s, Time this epoch: 17.3550 s
=====> Epoch: 181/300, Train Loss (train loader labels): 4169778331648.0000, Train acc (train loader labels): 0.2698, Best val acc: 0.3993, Current val acc: 0.2817, Val Loss: 4739244228608.0000
=====> Saving current model and best model
selecting samples for epoch 182
balance: False
ratio: 0.1
=====> Saving current model and best model
selecting samples for epoch 183
balance: False
ratio: 0.1
=====> Saving current model and best model
selecting samples for epoch 184
balance: False
ratio: 0.1
=====> Saving current model and best model
selecting samples for epoch 185
balance: False
ratio: 0.1
=====> Saving current model and best model
selecting samples for epoch 186
balance: False
ratio: 0.1
=====> Saving current model and best model
selecting samples for epoch 187
balance: False
ratio: 0.1
=====> Saving current model and best model
selecting samples for epoch 188
balance: False
ratio: 0.1
=====> Saving current model and best model
selecting samples for epoch 189
balance: False
ratio: 0.1
=====> Saving current model and best model
selecting samples for epoch 190
balance: False
ratio: 0.1
=====> Saving current model and best model
selecting samples for epoch 191
balance: False
ratio: 0.1
=====> Saving current model and best model
selecting samples for epoch 192
balance: False
ratio: 0.1
=====> Saving current model and best model
selecting samples for epoch 193
balance: False
ratio: 0.1
=====> Saving current model and best model
selecting samples for epoch 194
balance: False
ratio: 0.1
=====> Saving current model and best model
selecting samples for epoch 195
balance: False
ratio: 0.1
=====> Saving current model and best model
selecting samples for epoch 196
balance: False
ratio: 0.1
=====> Epoch: 196/300, Total_step: 9212, lr: 0.001000, Total Time: 5294.4519 s, Time this epoch: 17.4341 s
=====> Epoch: 196/300, Train Loss (train loader labels): 2628346183680.0000, Train acc (train loader labels): 0.2736, Best val acc: 0.3993, Current val acc: 0.2800, Val Loss: 3001911607296.0000
=====> Saving current model and best model
selecting samples for epoch 197
balance: False
ratio: 0.1
=====> Saving current model and best model
selecting samples for epoch 198
balance: False
ratio: 0.1
=====> Saving current model and best model
selecting samples for epoch 199
balance: False
ratio: 0.1
=====> Saving current model and best model
selecting samples for epoch 200
balance: False
ratio: 0.1
=====> Saving current model and best model
selecting samples for epoch 201
balance: False
ratio: 0.1
=====> Saving current model and best model
selecting samples for epoch 202
balance: False
ratio: 0.1
=====> Saving current model and best model
selecting samples for epoch 203
balance: False
ratio: 0.1
=====> Saving current model and best model
selecting samples for epoch 204
balance: False
ratio: 0.1
=====> Saving current model and best model
selecting samples for epoch 205
balance: False
ratio: 0.1
=====> Saving current model and best model
selecting samples for epoch 206
balance: False
ratio: 0.1
=====> Saving current model and best model
selecting samples for epoch 207
balance: False
ratio: 0.1
=====> Saving current model and best model
selecting samples for epoch 208
balance: False
ratio: 0.1
=====> Saving current model and best model
selecting samples for epoch 209
balance: False
ratio: 0.1
=====> Saving current model and best model
selecting samples for epoch 210
balance: False
ratio: 0.1
=====> Saving current model and best model
selecting samples for epoch 211
balance: False
ratio: 0.1
=====> Epoch: 211/300, Total_step: 9917, lr: 0.001000, Total Time: 5625.7309 s, Time this epoch: 17.4783 s
=====> Epoch: 211/300, Train Loss (train loader labels): 702058987520.0000, Train acc (train loader labels): 0.4095, Best val acc: 0.4017, Current val acc: 0.4017, Val Loss: 768109445120.0000
=====> Saving current model and best model
selecting samples for epoch 212
balance: False
ratio: 0.1
=====> Saving current model and best model
selecting samples for epoch 213
balance: False
ratio: 0.1
=====> Saving current model and best model
selecting samples for epoch 214
balance: False
ratio: 0.1
=====> Saving current model and best model
selecting samples for epoch 215
balance: False
ratio: 0.1
=====> Saving current model and best model
selecting samples for epoch 216
balance: False
ratio: 0.1
=====> Saving current model and best model
selecting samples for epoch 217
balance: False
ratio: 0.1
=====> Saving current model and best model
selecting samples for epoch 218
balance: False
ratio: 0.1
=====> Saving current model and best model
selecting samples for epoch 219
balance: False
ratio: 0.1
=====> Saving current model and best model
selecting samples for epoch 220
balance: False
ratio: 0.1
=====> Saving current model and best model
selecting samples for epoch 221
balance: False
ratio: 0.1
=====> Saving current model and best model
selecting samples for epoch 222
balance: False
ratio: 0.1
=====> Saving current model and best model
selecting samples for epoch 223
balance: False
ratio: 0.1
=====> Saving current model and best model
selecting samples for epoch 224
balance: False
ratio: 0.1
=====> Saving current model and best model
selecting samples for epoch 225
balance: False
ratio: 0.1
=====> Saving current model and best model
selecting samples for epoch 226
balance: False
ratio: 0.1
=====> Epoch: 226/300, Total_step: 10622, lr: 0.001000, Total Time: 5961.4995 s, Time this epoch: 17.2932 s
=====> Epoch: 226/300, Train Loss (train loader labels): 129638301696.0000, Train acc (train loader labels): 0.4083, Best val acc: 0.4167, Current val acc: 0.4167, Val Loss: 142835056640.0000
=====> Saving current model and best model
selecting samples for epoch 227
balance: False
ratio: 0.1
=====> Saving current model and best model
selecting samples for epoch 228
balance: False
ratio: 0.1
=====> Saving current model and best model
selecting samples for epoch 229
balance: False
ratio: 0.1
=====> Saving current model and best model
selecting samples for epoch 230
balance: False
ratio: 0.1
=====> Saving current model and best model
selecting samples for epoch 231
balance: False
ratio: 0.1
=====> Saving current model and best model
selecting samples for epoch 232
balance: False
ratio: 0.1
=====> Saving current model and best model
selecting samples for epoch 233
balance: False
ratio: 0.1
=====> Saving current model and best model
selecting samples for epoch 234
balance: False
ratio: 0.1
=====> Saving current model and best model
selecting samples for epoch 235
balance: False
ratio: 0.1
=====> Saving current model and best model
selecting samples for epoch 236
balance: False
ratio: 0.1
=====> Saving current model and best model
selecting samples for epoch 237
balance: False
ratio: 0.1
=====> Saving current model and best model
selecting samples for epoch 238
balance: False
ratio: 0.1
=====> Saving current model and best model
selecting samples for epoch 239
balance: False
ratio: 0.1
=====> Saving current model and best model
selecting samples for epoch 240
balance: False
ratio: 0.1
=====> Saving current model and best model
selecting samples for epoch 241
balance: False
ratio: 0.1
=====> Epoch: 241/300, Total_step: 11327, lr: 0.001000, Total Time: 6311.6877 s, Time this epoch: 17.3005 s
=====> Epoch: 241/300, Train Loss (train loader labels): 81949876224.0000, Train acc (train loader labels): 0.3107, Best val acc: 0.4167, Current val acc: 0.3127, Val Loss: 89331499008.0000
=====> Saving current model and best model
selecting samples for epoch 242
balance: False
ratio: 0.1
=====> Saving current model and best model
selecting samples for epoch 243
balance: False
ratio: 0.1
=====> Saving current model and best model
selecting samples for epoch 244
balance: False
ratio: 0.1
=====> Saving current model and best model
selecting samples for epoch 245
balance: False
ratio: 0.1
=====> Saving current model and best model
selecting samples for epoch 246
balance: False
ratio: 0.1
=====> Saving current model and best model
selecting samples for epoch 247
balance: False
ratio: 0.1
=====> Saving current model and best model
selecting samples for epoch 248
balance: False
ratio: 0.1
=====> Saving current model and best model
selecting samples for epoch 249
balance: False
ratio: 0.1
=====> Saving current model and best model
selecting samples for epoch 250
balance: False
ratio: 0.1
=====> Saving current model and best model
selecting samples for epoch 251
balance: False
ratio: 0.1
=====> Saving current model and best model
selecting samples for epoch 252
balance: False
ratio: 0.1
=====> Saving current model and best model
selecting samples for epoch 253
balance: False
ratio: 0.1
=====> Saving current model and best model
selecting samples for epoch 254
balance: False
ratio: 0.1
=====> Saving current model and best model
selecting samples for epoch 255
balance: False
ratio: 0.1
=====> Saving current model and best model
selecting samples for epoch 256
balance: False
ratio: 0.1
=====> Epoch: 256/300, Total_step: 12032, lr: 0.001000, Total Time: 6650.3617 s, Time this epoch: 17.2871 s
=====> Epoch: 256/300, Train Loss (train loader labels): 28430948352.0000, Train acc (train loader labels): 0.3431, Best val acc: 0.4167, Current val acc: 0.3480, Val Loss: 28893214720.0000
=====> Saving current model and best model
selecting samples for epoch 257
balance: False
ratio: 0.1
=====> Saving current model and best model
selecting samples for epoch 258
balance: False
ratio: 0.1
=====> Saving current model and best model
selecting samples for epoch 259
balance: False
ratio: 0.1
=====> Saving current model and best model
selecting samples for epoch 260
balance: False
ratio: 0.1
=====> Saving current model and best model
selecting samples for epoch 261
balance: False
ratio: 0.1
=====> Saving current model and best model
selecting samples for epoch 262
balance: False
ratio: 0.1
=====> Saving current model and best model
selecting samples for epoch 263
balance: False
ratio: 0.1
=====> Saving current model and best model
selecting samples for epoch 264
balance: False
ratio: 0.1
=====> Saving current model and best model
selecting samples for epoch 265
balance: False
ratio: 0.1
=====> Saving current model and best model
selecting samples for epoch 266
balance: False
ratio: 0.1
=====> Saving current model and best model
selecting samples for epoch 267
balance: False
ratio: 0.1
=====> Saving current model and best model
selecting samples for epoch 268
balance: False
ratio: 0.1
=====> Saving current model and best model
selecting samples for epoch 269
balance: False
ratio: 0.1
=====> Saving current model and best model
selecting samples for epoch 270
balance: False
ratio: 0.1
=====> Saving current model and best model
selecting samples for epoch 271
balance: False
ratio: 0.1
=====> Epoch: 271/300, Total_step: 12737, lr: 0.001000, Total Time: 6978.3191 s, Time this epoch: 17.3066 s
=====> Epoch: 271/300, Train Loss (train loader labels): 20146104320.0000, Train acc (train loader labels): 0.3924, Best val acc: 0.4167, Current val acc: 0.4107, Val Loss: 21467992064.0000
=====> Saving current model and best model
selecting samples for epoch 272
balance: False
ratio: 0.1
=====> Saving current model and best model
selecting samples for epoch 273
balance: False
ratio: 0.1
=====> Saving current model and best model
selecting samples for epoch 274
balance: False
ratio: 0.1
=====> Saving current model and best model
selecting samples for epoch 275
balance: False
ratio: 0.1
=====> Saving current model and best model
selecting samples for epoch 276
balance: False
ratio: 0.1
=====> Saving current model and best model
selecting samples for epoch 277
balance: False
ratio: 0.1
=====> Saving current model and best model
selecting samples for epoch 278
balance: False
ratio: 0.1
=====> Saving current model and best model
selecting samples for epoch 279
balance: False
ratio: 0.1
=====> Saving current model and best model
selecting samples for epoch 280
balance: False
ratio: 0.1
=====> Saving current model and best model
selecting samples for epoch 281
balance: False
ratio: 0.1
=====> Saving current model and best model
selecting samples for epoch 282
balance: False
ratio: 0.1
=====> Saving current model and best model
selecting samples for epoch 283
balance: False
ratio: 0.1
=====> Saving current model and best model
selecting samples for epoch 284
balance: False
ratio: 0.1
=====> Saving current model and best model
selecting samples for epoch 285
balance: False
ratio: 0.1
=====> Saving current model and best model
selecting samples for epoch 286
balance: False
ratio: 0.1
=====> Epoch: 286/300, Total_step: 13442, lr: 0.001000, Total Time: 7311.3184 s, Time this epoch: 17.3909 s
=====> Epoch: 286/300, Train Loss (train loader labels): 10273378304.0000, Train acc (train loader labels): 0.3464, Best val acc: 0.4167, Current val acc: 0.3507, Val Loss: 10443326464.0000
=====> Saving current model and best model
selecting samples for epoch 287
balance: False
ratio: 0.1
=====> Saving current model and best model
selecting samples for epoch 288
balance: False
ratio: 0.1
=====> Saving current model and best model
selecting samples for epoch 289
balance: False
ratio: 0.1
=====> Saving current model and best model
selecting samples for epoch 290
balance: False
ratio: 0.1
=====> Saving current model and best model
selecting samples for epoch 291
balance: False
ratio: 0.1
=====> Saving current model and best model
selecting samples for epoch 292
balance: False
ratio: 0.1
=====> Saving current model and best model
selecting samples for epoch 293
balance: False
ratio: 0.1
=====> Saving current model and best model
selecting samples for epoch 294
balance: False
ratio: 0.1
=====> Saving current model and best model
selecting samples for epoch 295
balance: False
ratio: 0.1
=====> Saving current model and best model
selecting samples for epoch 296
balance: False
ratio: 0.1
=====> Saving current model and best model
selecting samples for epoch 297
balance: False
ratio: 0.1
=====> Saving current model and best model
selecting samples for epoch 298
balance: False
ratio: 0.1
=====> Saving current model and best model
selecting samples for epoch 299
balance: False
ratio: 0.1
=====> Saving current model and best model
selecting samples for epoch 300
balance: False
ratio: 0.1
=====> Epoch: 300/300, Total_step: 14100, lr: 0.001000, Total Time: 7618.8924 s, Time this epoch: 17.3777 s
=====> Epoch: 300/300, Train Loss (train loader labels): 6689890304.0000, Train acc (train loader labels): 0.3663, Best val acc: 0.4167, Current val acc: 0.3803, Val Loss: 6918497280.0000
=====> Saving current model and best model
Saved helper snapshots to /home/mward19/Documents/miller/Online-Batch-Selection/snapshots/CIFAR3/{"bsel":"Uniform","seed":1,"model":"DeepLinear","opt":"adamw","bs":320,"ratio":0.1,"lr":0.001,"wd":0.01,"layers":100,"hidden_dim":1000}.p
Saved selected points array to /home/mward19/Documents/miller/Online-Batch-Selection/selected_points/CIFAR3/{"bsel":"Uniform","seed":1,"model":"DeepLinear","opt":"adamw","bs":320,"ratio":0.1,"lr":0.001,"wd":0.01,"layers":100,"hidden_dim":1000}.npy
========================= End Main =========================
