wandb: Tracking run with wandb version 0.27.0
wandb: W&B syncing is set to `offline` in this directory. Run `wandb online` or set WANDB_MODE=online to enable cloud syncing.
wandb: Run data is saved locally in exp/MNIST/Uniform_deeplinear_bs320_ep300_lr0.001_AdamW_constant_seed2_r0.1_5_hidden/wandb/offline-run-20260605_185403-c1r6w7ag
wandb: 
wandb: Run history:
wandb:                                best_val_acc 鈻佲杺鈻嗏枂鈻嗏枃鈻団枃鈻団枃鈻団枃鈻団枃鈻団枃鈻団枃鈻団枅鈻堚枅鈻堚枅鈻堚枅鈻堚枅鈻堚枅鈻堚枅鈻堚枅鈻堚枅鈻堚枅鈻堚枅
wandb:                           diagnostics/epoch 鈻佲杹鈻佲杹鈻佲杹鈻佲杹鈻佲杹鈻佲杹鈻佲杹鈻佲杹鈻佲杹鈻佲杹鈻佲杹鈻佲杺鈻傗杺鈻傗杺鈻傗杺鈻傗杺鈻冣杻鈻勨枀鈻呪枀鈻嗏枅
wandb: diagnostics/fixed_train_logits_norm_l2_mean 鈻佲杹鈻冣杺鈻傗杺鈻冣杺鈻傗杻鈻冣杺鈻傗杻鈻冣杻鈻冣杻鈻堚杻鈻冣杻鈻冣杻鈻冣杻鈻冣杻鈻冣杻鈻冣杻鈻冣杻鈻冣杻鈻冣杻鈻冣杻
wandb:        diagnostics/test_logits_norm_l2_mean 鈻佲杺鈻冣枀鈻勨杻鈻冣杻鈻傗杻鈻勨杽鈻冣杽鈻勨杽鈻呪杻鈻勨杽鈻呪枀鈻勨枀鈻勨枀鈻勨杽鈻呪杽鈻勨杽鈻呪枀鈻勨杽鈻呪杽鈻勨枅
wandb:                      diagnostics/total_step 鈻佲杹鈻佲杹鈻佲杹鈻佲杹鈻佲杹鈻佲杹鈻佲杹鈻佲杹鈻佲杹鈻佲杹鈻佲杺鈻傗杺鈻傗杺鈻傗杺鈻傗杺鈻冣杻鈻冣杽鈻勨枂鈻嗏枃鈻団枅
wandb:                                       epoch 鈻佲杹鈻佲杹鈻佲杹鈻佲杹鈻佲杹鈻佲杹鈻佲杹鈻佲杹鈻佲杹鈻佲杹鈻佲杹鈻傗杺鈻傗杺鈻傗杺鈻傗杺鈻冣杻鈻勨枀鈻呪枂鈻嗏枃鈻団枅
wandb:                                          lr 鈻佲杹鈻佲杹鈻佲杹鈻佲杹鈻佲杹鈻佲杹鈻佲杹鈻佲杹鈻佲杹鈻佲杹鈻佲杹鈻佲杹鈻佲杹鈻佲杹鈻佲杹鈻佲杹鈻佲杹鈻佲杹鈻佲杹鈻佲杹
wandb:                                  time_epoch 鈻佲杹鈻佲杹鈻堚枅鈻堚枅鈻堚枅鈻堚枅鈻勨杽鈻勨杽鈻勨杽鈻勨杽鈻勨杽鈻傗杺鈻傗杺鈻傗杺鈻傗杺鈻傗杺鈻傗杺鈻傗杺鈻傗杺鈻傗杺
wandb:                                  total_time 鈻佲杹鈻佲杹鈻佲杹鈻佲杹鈻佲杹鈻傗杺鈻傗杺鈻傗杺鈻傗杺鈻傗杺鈻傗杺鈻傗杺鈻傗杻鈻冣杻鈻冣杻鈻勨杽鈻呪枀鈻嗏枂鈻団枃鈻団枅
wandb:                                   train_acc 鈻佲杽鈻嗏杽鈻嗏枀鈻嗏枀鈻嗏枀鈻嗏枃鈻嗏枂鈻嗏枀鈻呪枃鈻団枅鈻堚枅鈻堚枅鈻堚枅鈻堚枅鈻堚枅鈻堚枃鈻堚枅鈻堚枅鈻団枅鈻堚枅
wandb:                                          +5 ...
wandb: 
wandb: Run summary:
wandb:                                best_val_acc 0.6937
wandb:                           diagnostics/epoch 300
wandb: diagnostics/fixed_train_logits_norm_l2_mean 12.83083
wandb:        diagnostics/test_logits_norm_l2_mean 11.88802
wandb:                      diagnostics/total_step 56400
wandb:                         diagnostics/trigger batch_update
wandb:                                       epoch 300
wandb:                                          lr 0.001
wandb:                                  time_epoch 49.49002
wandb:                                  total_time 18611.47582
wandb:                                          +6 ...
wandb: 
wandb: You can sync this run to the cloud by running:
wandb: wandb sync exp/MNIST/Uniform_deeplinear_bs320_ep300_lr0.001_AdamW_constant_seed2_r0.1_5_hidden/wandb/offline-run-20260605_185403-c1r6w7ag
wandb: Find logs at: exp/MNIST/Uniform_deeplinear_bs320_ep300_lr0.001_AdamW_constant_seed2_r0.1_5_hidden/wandb/offline-run-20260605_185403-c1r6w7ag/logs
