save_dir: ./exp/CIFAR3/RhoLoss_deeplinear_bs320_ep300_lr0.001_AdamW_constant_seed1_r0.1_5_hidden
=====> Loading config files: 
configs/cifar3/method/rholoss-0.1.yaml
configs/cifar3/data/cifar3.yaml
configs/cifar3/model/deep_linear_saxe/deep_linear_5.yaml
configs/cifar3/optim/adamw-320-0.001-0.01.yaml
configs/diagnostics/snapshots_log_interval.yaml
=====> Config files loaded.
========================= Start Main =========================
=====> Saving config file
=====> Config file saved
=====> Using fixed random seed: 1
=====> Wandb initialized
=====> Number of GPUs: 1
Creating RhoLoss...
Cached irreducible losses for 15000 samples in dataset.
=====> Start teacher Validation
=====> teacher Test Accuracy: 0.7280
Begin training for RhoLoss...
=====> Epoch: 0/300, Total_step: 0, lr: 0.001000, Total Time: 0.0000 s, Time this epoch: 0.0000 s
=====> Epoch: 0/300, Train Loss (train loader labels): 1.0990, Train acc (train loader labels): 0.3364, Best val acc: 0.3450, Current val acc: 0.3450, Val Loss: 1.0982
balance: False
selecting samples for epoch 1, ratio 0.1
=====> Epoch: 1/300, Total_step: 1, lr: 0.001000, Total Time: 0.0000 s, Time this epoch: 0.0000 s
=====> Epoch: 1/300, Train Loss (train loader labels): 1.9758, Train acc (train loader labels): 0.3428, Best val acc: 0.3537, Current val acc: 0.3537, Val Loss: 1.9932
=====> Epoch: 1/300, Total_step: 12, lr: 0.001000, Total Time: 0.0000 s, Time this epoch: 0.0000 s
=====> Epoch: 1/300, Train Loss (train loader labels): 1.1716, Train acc (train loader labels): 0.3101, Best val acc: 0.3537, Current val acc: 0.3427, Val Loss: 1.1558
=====> Epoch: 1/300, Total_step: 23, lr: 0.001000, Total Time: 0.0000 s, Time this epoch: 0.0000 s
=====> Epoch: 1/300, Train Loss (train loader labels): 1.1007, Train acc (train loader labels): 0.3531, Best val acc: 0.3547, Current val acc: 0.3547, Val Loss: 1.1009
=====> Epoch: 1/300, Total_step: 34, lr: 0.001000, Total Time: 0.0000 s, Time this epoch: 0.0000 s
=====> Epoch: 1/300, Train Loss (train loader labels): 1.0992, Train acc (train loader labels): 0.3452, Best val acc: 0.3547, Current val acc: 0.3400, Val Loss: 1.0975
=====> Epoch: 1/300, Total_step: 45, lr: 0.001000, Total Time: 0.0000 s, Time this epoch: 0.0000 s
=====> Epoch: 1/300, Train Loss (train loader labels): 1.0958, Train acc (train loader labels): 0.3624, Best val acc: 0.3683, Current val acc: 0.3683, Val Loss: 1.0956
=====> Saving current model and best model
balance: False
selecting samples for epoch 2, ratio 0.1
=====> Epoch: 2/300, Total_step: 48, lr: 0.001000, Total Time: 122.9407 s, Time this epoch: 104.5519 s
=====> Epoch: 2/300, Train Loss (train loader labels): 1.0919, Train acc (train loader labels): 0.3665, Best val acc: 0.3683, Current val acc: 0.3673, Val Loss: 1.0932
=====> Epoch: 2/300, Total_step: 59, lr: 0.001000, Total Time: 122.9407 s, Time this epoch: 104.5519 s
=====> Epoch: 2/300, Train Loss (train loader labels): 1.0909, Train acc (train loader labels): 0.3726, Best val acc: 0.3710, Current val acc: 0.3710, Val Loss: 1.0885
=====> Epoch: 2/300, Total_step: 70, lr: 0.001000, Total Time: 122.9407 s, Time this epoch: 104.5519 s
=====> Epoch: 2/300, Train Loss (train loader labels): 1.0901, Train acc (train loader labels): 0.3785, Best val acc: 0.3800, Current val acc: 0.3800, Val Loss: 1.0893
=====> Epoch: 2/300, Total_step: 81, lr: 0.001000, Total Time: 122.9407 s, Time this epoch: 104.5519 s
=====> Epoch: 2/300, Train Loss (train loader labels): 1.0852, Train acc (train loader labels): 0.4017, Best val acc: 0.4063, Current val acc: 0.4063, Val Loss: 1.0841
=====> Epoch: 2/300, Total_step: 92, lr: 0.001000, Total Time: 122.9407 s, Time this epoch: 104.5519 s
=====> Epoch: 2/300, Train Loss (train loader labels): 1.0854, Train acc (train loader labels): 0.3928, Best val acc: 0.4063, Current val acc: 0.3907, Val Loss: 1.0847
=====> Saving current model and best model
balance: False
selecting samples for epoch 3, ratio 0.1
=====> Epoch: 3/300, Total_step: 95, lr: 0.001000, Total Time: 228.4512 s, Time this epoch: 105.2017 s
=====> Epoch: 3/300, Train Loss (train loader labels): 1.0846, Train acc (train loader labels): 0.3984, Best val acc: 0.4063, Current val acc: 0.3983, Val Loss: 1.0829
=====> Epoch: 3/300, Total_step: 106, lr: 0.001000, Total Time: 228.4512 s, Time this epoch: 105.2017 s
=====> Epoch: 3/300, Train Loss (train loader labels): 1.0810, Train acc (train loader labels): 0.4173, Best val acc: 0.4117, Current val acc: 0.4117, Val Loss: 1.0810
=====> Epoch: 3/300, Total_step: 117, lr: 0.001000, Total Time: 228.4512 s, Time this epoch: 105.2017 s
=====> Epoch: 3/300, Train Loss (train loader labels): 1.0820, Train acc (train loader labels): 0.4185, Best val acc: 0.4223, Current val acc: 0.4223, Val Loss: 1.0808
=====> Epoch: 3/300, Total_step: 128, lr: 0.001000, Total Time: 228.4512 s, Time this epoch: 105.2017 s
=====> Epoch: 3/300, Train Loss (train loader labels): 1.0848, Train acc (train loader labels): 0.3839, Best val acc: 0.4223, Current val acc: 0.3880, Val Loss: 1.0840
=====> Epoch: 3/300, Total_step: 139, lr: 0.001000, Total Time: 228.4512 s, Time this epoch: 105.2017 s
=====> Epoch: 3/300, Train Loss (train loader labels): 1.0784, Train acc (train loader labels): 0.4222, Best val acc: 0.4300, Current val acc: 0.4300, Val Loss: 1.0770
=====> Saving current model and best model
balance: False
selecting samples for epoch 4, ratio 0.1
=====> Epoch: 4/300, Total_step: 142, lr: 0.001000, Total Time: 334.7546 s, Time this epoch: 106.0604 s
=====> Epoch: 4/300, Train Loss (train loader labels): 1.0794, Train acc (train loader labels): 0.4222, Best val acc: 0.4303, Current val acc: 0.4303, Val Loss: 1.0777
=====> Epoch: 4/300, Total_step: 153, lr: 0.001000, Total Time: 334.7546 s, Time this epoch: 106.0604 s
=====> Epoch: 4/300, Train Loss (train loader labels): 1.0829, Train acc (train loader labels): 0.3935, Best val acc: 0.4303, Current val acc: 0.4020, Val Loss: 1.0817
=====> Epoch: 4/300, Total_step: 164, lr: 0.001000, Total Time: 334.7546 s, Time this epoch: 106.0604 s
=====> Epoch: 4/300, Train Loss (train loader labels): 1.0813, Train acc (train loader labels): 0.4217, Best val acc: 0.4303, Current val acc: 0.4300, Val Loss: 1.0805
=====> Epoch: 4/300, Total_step: 175, lr: 0.001000, Total Time: 334.7546 s, Time this epoch: 106.0604 s
=====> Epoch: 4/300, Train Loss (train loader labels): 1.0809, Train acc (train loader labels): 0.4168, Best val acc: 0.4303, Current val acc: 0.4290, Val Loss: 1.0785
=====> Epoch: 4/300, Total_step: 186, lr: 0.001000, Total Time: 334.7546 s, Time this epoch: 106.0604 s
=====> Epoch: 4/300, Train Loss (train loader labels): 1.0789, Train acc (train loader labels): 0.4335, Best val acc: 0.4433, Current val acc: 0.4433, Val Loss: 1.0764
=====> Saving current model and best model
balance: False
selecting samples for epoch 5, ratio 0.1
=====> Epoch: 5/300, Total_step: 189, lr: 0.001000, Total Time: 440.4129 s, Time this epoch: 105.4463 s
=====> Epoch: 5/300, Train Loss (train loader labels): 1.0799, Train acc (train loader labels): 0.4360, Best val acc: 0.4510, Current val acc: 0.4510, Val Loss: 1.0777
=====> Epoch: 5/300, Total_step: 200, lr: 0.001000, Total Time: 440.4129 s, Time this epoch: 105.4463 s
=====> Epoch: 5/300, Train Loss (train loader labels): 1.0817, Train acc (train loader labels): 0.4165, Best val acc: 0.4510, Current val acc: 0.4217, Val Loss: 1.0806
=====> Epoch: 5/300, Total_step: 211, lr: 0.001000, Total Time: 440.4129 s, Time this epoch: 105.4463 s
=====> Epoch: 5/300, Train Loss (train loader labels): 1.0824, Train acc (train loader labels): 0.4024, Best val acc: 0.4510, Current val acc: 0.4093, Val Loss: 1.0810
=====> Epoch: 5/300, Total_step: 222, lr: 0.001000, Total Time: 440.4129 s, Time this epoch: 105.4463 s
=====> Epoch: 5/300, Train Loss (train loader labels): 1.0814, Train acc (train loader labels): 0.4097, Best val acc: 0.4510, Current val acc: 0.4220, Val Loss: 1.0801
=====> Epoch: 5/300, Total_step: 233, lr: 0.001000, Total Time: 440.4129 s, Time this epoch: 105.4463 s
=====> Epoch: 5/300, Train Loss (train loader labels): 1.0809, Train acc (train loader labels): 0.4225, Best val acc: 0.4510, Current val acc: 0.4167, Val Loss: 1.0794
=====> Saving current model and best model
balance: False
selecting samples for epoch 6, ratio 0.1
=====> Epoch: 6/300, Total_step: 282, lr: 0.001000, Total Time: 546.7067 s, Time this epoch: 106.0812 s
=====> Epoch: 6/300, Train Loss (train loader labels): 1.0822, Train acc (train loader labels): 0.4032, Best val acc: 0.4510, Current val acc: 0.4080, Val Loss: 1.0813
=====> Saving current model and best model
balance: False
selecting samples for epoch 7, ratio 0.1
=====> Epoch: 7/300, Total_step: 329, lr: 0.001000, Total Time: 582.4839 s, Time this epoch: 35.5673 s
=====> Epoch: 7/300, Train Loss (train loader labels): 1.0806, Train acc (train loader labels): 0.4156, Best val acc: 0.4510, Current val acc: 0.4130, Val Loss: 1.0803
=====> Saving current model and best model
balance: False
selecting samples for epoch 8, ratio 0.1
=====> Epoch: 8/300, Total_step: 376, lr: 0.001000, Total Time: 618.1790 s, Time this epoch: 35.4818 s
=====> Epoch: 8/300, Train Loss (train loader labels): 1.0824, Train acc (train loader labels): 0.4058, Best val acc: 0.4510, Current val acc: 0.4103, Val Loss: 1.0804
=====> Saving current model and best model
balance: False
selecting samples for epoch 9, ratio 0.1
=====> Epoch: 9/300, Total_step: 423, lr: 0.001000, Total Time: 653.9842 s, Time this epoch: 35.5876 s
=====> Epoch: 9/300, Train Loss (train loader labels): 1.0797, Train acc (train loader labels): 0.4253, Best val acc: 0.4510, Current val acc: 0.4230, Val Loss: 1.0767
=====> Saving current model and best model
balance: False
selecting samples for epoch 10, ratio 0.1
=====> Epoch: 10/300, Total_step: 470, lr: 0.001000, Total Time: 689.5704 s, Time this epoch: 35.3598 s
=====> Epoch: 10/300, Train Loss (train loader labels): 1.0813, Train acc (train loader labels): 0.4133, Best val acc: 0.4510, Current val acc: 0.4187, Val Loss: 1.0806
=====> Saving current model and best model
balance: False
selecting samples for epoch 11, ratio 0.1
=====> Epoch: 11/300, Total_step: 517, lr: 0.001000, Total Time: 725.2633 s, Time this epoch: 35.4653 s
=====> Epoch: 11/300, Train Loss (train loader labels): 1.0806, Train acc (train loader labels): 0.4182, Best val acc: 0.4510, Current val acc: 0.4197, Val Loss: 1.0796
=====> Saving current model and best model
balance: False
selecting samples for epoch 12, ratio 0.1
=====> Epoch: 12/300, Total_step: 564, lr: 0.001000, Total Time: 760.7142 s, Time this epoch: 35.2168 s
=====> Epoch: 12/300, Train Loss (train loader labels): 1.0835, Train acc (train loader labels): 0.4023, Best val acc: 0.4510, Current val acc: 0.4153, Val Loss: 1.0820
=====> Saving current model and best model
balance: False
selecting samples for epoch 13, ratio 0.1
=====> Epoch: 13/300, Total_step: 611, lr: 0.001000, Total Time: 796.3618 s, Time this epoch: 35.4192 s
=====> Epoch: 13/300, Train Loss (train loader labels): 1.0812, Train acc (train loader labels): 0.4121, Best val acc: 0.4510, Current val acc: 0.4163, Val Loss: 1.0794
=====> Saving current model and best model
balance: False
selecting samples for epoch 14, ratio 0.1
=====> Epoch: 14/300, Total_step: 658, lr: 0.001000, Total Time: 831.9394 s, Time this epoch: 35.3415 s
=====> Epoch: 14/300, Train Loss (train loader labels): 1.0800, Train acc (train loader labels): 0.4356, Best val acc: 0.4510, Current val acc: 0.4463, Val Loss: 1.0784
=====> Saving current model and best model
balance: False
selecting samples for epoch 15, ratio 0.1
=====> Epoch: 15/300, Total_step: 705, lr: 0.001000, Total Time: 867.6298 s, Time this epoch: 35.4734 s
=====> Epoch: 15/300, Train Loss (train loader labels): 1.0827, Train acc (train loader labels): 0.4091, Best val acc: 0.4510, Current val acc: 0.4233, Val Loss: 1.0813
=====> Saving current model and best model
balance: False
selecting samples for epoch 16, ratio 0.1
=====> Epoch: 16/300, Total_step: 752, lr: 0.001000, Total Time: 903.5338 s, Time this epoch: 35.6930 s
=====> Epoch: 16/300, Train Loss (train loader labels): 1.0846, Train acc (train loader labels): 0.3999, Best val acc: 0.4510, Current val acc: 0.4133, Val Loss: 1.0830
=====> Saving current model and best model
balance: False
selecting samples for epoch 17, ratio 0.1
=====> Epoch: 17/300, Total_step: 799, lr: 0.001000, Total Time: 939.3012 s, Time this epoch: 35.5278 s
=====> Epoch: 17/300, Train Loss (train loader labels): 1.0812, Train acc (train loader labels): 0.4005, Best val acc: 0.4510, Current val acc: 0.4083, Val Loss: 1.0797
=====> Saving current model and best model
balance: False
selecting samples for epoch 18, ratio 0.1
=====> Epoch: 18/300, Total_step: 846, lr: 0.001000, Total Time: 975.5282 s, Time this epoch: 35.8008 s
=====> Epoch: 18/300, Train Loss (train loader labels): 1.0793, Train acc (train loader labels): 0.4199, Best val acc: 0.4510, Current val acc: 0.4230, Val Loss: 1.0772
=====> Saving current model and best model
balance: False
selecting samples for epoch 19, ratio 0.1
=====> Epoch: 19/300, Total_step: 893, lr: 0.001000, Total Time: 1011.7488 s, Time this epoch: 35.8083 s
=====> Epoch: 19/300, Train Loss (train loader labels): 1.0806, Train acc (train loader labels): 0.4118, Best val acc: 0.4510, Current val acc: 0.4183, Val Loss: 1.0792
=====> Saving current model and best model
balance: False
selecting samples for epoch 20, ratio 0.1
=====> Epoch: 20/300, Total_step: 940, lr: 0.001000, Total Time: 1047.9697 s, Time this epoch: 35.8279 s
=====> Epoch: 20/300, Train Loss (train loader labels): 1.0800, Train acc (train loader labels): 0.4091, Best val acc: 0.4510, Current val acc: 0.4103, Val Loss: 1.0788
=====> Saving current model and best model
balance: False
selecting samples for epoch 21, ratio 0.1
=====> Epoch: 21/300, Total_step: 987, lr: 0.001000, Total Time: 1083.8406 s, Time this epoch: 35.5506 s
=====> Epoch: 21/300, Train Loss (train loader labels): 1.0820, Train acc (train loader labels): 0.4160, Best val acc: 0.4510, Current val acc: 0.4237, Val Loss: 1.0798
=====> Saving current model and best model
balance: False
selecting samples for epoch 22, ratio 0.1
=====> Epoch: 22/300, Total_step: 1034, lr: 0.001000, Total Time: 1119.7355 s, Time this epoch: 35.6471 s
=====> Epoch: 22/300, Train Loss (train loader labels): 1.0824, Train acc (train loader labels): 0.4051, Best val acc: 0.4510, Current val acc: 0.4090, Val Loss: 1.0807
=====> Saving current model and best model
balance: False
selecting samples for epoch 23, ratio 0.1
=====> Epoch: 23/300, Total_step: 1081, lr: 0.001000, Total Time: 1155.4934 s, Time this epoch: 35.4789 s
=====> Epoch: 23/300, Train Loss (train loader labels): 1.0774, Train acc (train loader labels): 0.4195, Best val acc: 0.4510, Current val acc: 0.4263, Val Loss: 1.0760
=====> Saving current model and best model
balance: False
selecting samples for epoch 24, ratio 0.1
=====> Epoch: 24/300, Total_step: 1128, lr: 0.001000, Total Time: 1191.4959 s, Time this epoch: 35.7376 s
=====> Epoch: 24/300, Train Loss (train loader labels): 1.0798, Train acc (train loader labels): 0.4203, Best val acc: 0.4510, Current val acc: 0.4297, Val Loss: 1.0780
=====> Saving current model and best model
balance: False
selecting samples for epoch 25, ratio 0.1
=====> Epoch: 25/300, Total_step: 1175, lr: 0.001000, Total Time: 1227.4199 s, Time this epoch: 35.6102 s
=====> Epoch: 25/300, Train Loss (train loader labels): 1.0793, Train acc (train loader labels): 0.4199, Best val acc: 0.4510, Current val acc: 0.4290, Val Loss: 1.0778
=====> Saving current model and best model
balance: False
selecting samples for epoch 26, ratio 0.1
=====> Epoch: 26/300, Total_step: 1222, lr: 0.001000, Total Time: 1263.4209 s, Time this epoch: 35.7268 s
=====> Epoch: 26/300, Train Loss (train loader labels): 1.0787, Train acc (train loader labels): 0.4245, Best val acc: 0.4510, Current val acc: 0.4297, Val Loss: 1.0770
=====> Saving current model and best model
balance: False
selecting samples for epoch 27, ratio 0.1
=====> Saving current model and best model
balance: False
selecting samples for epoch 28, ratio 0.1
=====> Saving current model and best model
balance: False
selecting samples for epoch 29, ratio 0.1
=====> Epoch: 29/300, Total_step: 1363, lr: 0.001000, Total Time: 1334.6459 s, Time this epoch: 17.0778 s
=====> Epoch: 29/300, Train Loss (train loader labels): 1.0786, Train acc (train loader labels): 0.4239, Best val acc: 0.4510, Current val acc: 0.4260, Val Loss: 1.0767
=====> Saving current model and best model
balance: False
selecting samples for epoch 30, ratio 0.1
=====> Saving current model and best model
balance: False
selecting samples for epoch 31, ratio 0.1
=====> Saving current model and best model
balance: False
selecting samples for epoch 32, ratio 0.1
=====> Saving current model and best model
balance: False
selecting samples for epoch 33, ratio 0.1
=====> Epoch: 33/300, Total_step: 1551, lr: 0.001000, Total Time: 1424.4906 s, Time this epoch: 17.0674 s
=====> Epoch: 33/300, Train Loss (train loader labels): 1.0806, Train acc (train loader labels): 0.4127, Best val acc: 0.4510, Current val acc: 0.4140, Val Loss: 1.0795
=====> Saving current model and best model
balance: False
selecting samples for epoch 34, ratio 0.1
=====> Saving current model and best model
balance: False
selecting samples for epoch 35, ratio 0.1
=====> Saving current model and best model
balance: False
selecting samples for epoch 36, ratio 0.1
=====> Saving current model and best model
balance: False
selecting samples for epoch 37, ratio 0.1
=====> Epoch: 37/300, Total_step: 1739, lr: 0.001000, Total Time: 1513.5243 s, Time this epoch: 17.1271 s
=====> Epoch: 37/300, Train Loss (train loader labels): 1.0772, Train acc (train loader labels): 0.4258, Best val acc: 0.4510, Current val acc: 0.4293, Val Loss: 1.0750
=====> Saving current model and best model
balance: False
selecting samples for epoch 38, ratio 0.1
=====> Saving current model and best model
balance: False
selecting samples for epoch 39, ratio 0.1
=====> Saving current model and best model
balance: False
selecting samples for epoch 40, ratio 0.1
=====> Saving current model and best model
balance: False
selecting samples for epoch 41, ratio 0.1
=====> Epoch: 41/300, Total_step: 1927, lr: 0.001000, Total Time: 1602.3963 s, Time this epoch: 17.0419 s
=====> Epoch: 41/300, Train Loss (train loader labels): 1.0782, Train acc (train loader labels): 0.4243, Best val acc: 0.4510, Current val acc: 0.4350, Val Loss: 1.0755
=====> Saving current model and best model
balance: False
selecting samples for epoch 42, ratio 0.1
=====> Saving current model and best model
balance: False
selecting samples for epoch 43, ratio 0.1
=====> Saving current model and best model
balance: False
selecting samples for epoch 44, ratio 0.1
=====> Saving current model and best model
balance: False
selecting samples for epoch 45, ratio 0.1
=====> Epoch: 45/300, Total_step: 2115, lr: 0.001000, Total Time: 1690.6348 s, Time this epoch: 16.9831 s
=====> Epoch: 45/300, Train Loss (train loader labels): 1.0787, Train acc (train loader labels): 0.4120, Best val acc: 0.4510, Current val acc: 0.4150, Val Loss: 1.0775
=====> Saving current model and best model
balance: False
selecting samples for epoch 46, ratio 0.1
=====> Saving current model and best model
balance: False
selecting samples for epoch 47, ratio 0.1
=====> Saving current model and best model
balance: False
selecting samples for epoch 48, ratio 0.1
=====> Saving current model and best model
balance: False
selecting samples for epoch 49, ratio 0.1
=====> Epoch: 49/300, Total_step: 2303, lr: 0.001000, Total Time: 1779.3805 s, Time this epoch: 17.0388 s
=====> Epoch: 49/300, Train Loss (train loader labels): 1.0845, Train acc (train loader labels): 0.4049, Best val acc: 0.4510, Current val acc: 0.4137, Val Loss: 1.0838
=====> Saving current model and best model
balance: False
selecting samples for epoch 50, ratio 0.1
=====> Saving current model and best model
balance: False
selecting samples for epoch 51, ratio 0.1
=====> Saving current model and best model
balance: False
selecting samples for epoch 52, ratio 0.1
=====> Saving current model and best model
balance: False
selecting samples for epoch 53, ratio 0.1
=====> Epoch: 53/300, Total_step: 2491, lr: 0.001000, Total Time: 1867.8906 s, Time this epoch: 16.7662 s
=====> Epoch: 53/300, Train Loss (train loader labels): 1.0781, Train acc (train loader labels): 0.4197, Best val acc: 0.4510, Current val acc: 0.4283, Val Loss: 1.0762
=====> Saving current model and best model
balance: False
selecting samples for epoch 54, ratio 0.1
=====> Saving current model and best model
balance: False
selecting samples for epoch 55, ratio 0.1
=====> Saving current model and best model
balance: False
selecting samples for epoch 56, ratio 0.1
=====> Saving current model and best model
balance: False
selecting samples for epoch 57, ratio 0.1
=====> Epoch: 57/300, Total_step: 2679, lr: 0.001000, Total Time: 1955.9240 s, Time this epoch: 16.9408 s
=====> Epoch: 57/300, Train Loss (train loader labels): 1.0836, Train acc (train loader labels): 0.3945, Best val acc: 0.4510, Current val acc: 0.4033, Val Loss: 1.0821
=====> Saving current model and best model
balance: False
selecting samples for epoch 58, ratio 0.1
=====> Saving current model and best model
balance: False
selecting samples for epoch 59, ratio 0.1
=====> Saving current model and best model
balance: False
selecting samples for epoch 60, ratio 0.1
=====> Saving current model and best model
balance: False
selecting samples for epoch 61, ratio 0.1
=====> Epoch: 61/300, Total_step: 2867, lr: 0.001000, Total Time: 2043.9700 s, Time this epoch: 17.1206 s
=====> Epoch: 61/300, Train Loss (train loader labels): 1.0768, Train acc (train loader labels): 0.4287, Best val acc: 0.4510, Current val acc: 0.4437, Val Loss: 1.0743
=====> Saving current model and best model
balance: False
selecting samples for epoch 62, ratio 0.1
=====> Saving current model and best model
balance: False
selecting samples for epoch 63, ratio 0.1
=====> Saving current model and best model
balance: False
selecting samples for epoch 64, ratio 0.1
=====> Saving current model and best model
balance: False
selecting samples for epoch 65, ratio 0.1
=====> Epoch: 65/300, Total_step: 3055, lr: 0.001000, Total Time: 2131.7533 s, Time this epoch: 17.0103 s
=====> Epoch: 65/300, Train Loss (train loader labels): 1.0786, Train acc (train loader labels): 0.4170, Best val acc: 0.4510, Current val acc: 0.4347, Val Loss: 1.0766
=====> Saving current model and best model
balance: False
selecting samples for epoch 66, ratio 0.1
=====> Saving current model and best model
balance: False
selecting samples for epoch 67, ratio 0.1
=====> Saving current model and best model
balance: False
selecting samples for epoch 68, ratio 0.1
=====> Saving current model and best model
balance: False
selecting samples for epoch 69, ratio 0.1
=====> Saving current model and best model
balance: False
selecting samples for epoch 70, ratio 0.1
=====> Saving current model and best model
balance: False
selecting samples for epoch 71, ratio 0.1
=====> Saving current model and best model
balance: False
selecting samples for epoch 72, ratio 0.1
=====> Saving current model and best model
balance: False
selecting samples for epoch 73, ratio 0.1
=====> Saving current model and best model
balance: False
selecting samples for epoch 74, ratio 0.1
=====> Saving current model and best model
balance: False
selecting samples for epoch 75, ratio 0.1
=====> Saving current model and best model
balance: False
selecting samples for epoch 76, ratio 0.1
=====> Epoch: 76/300, Total_step: 3572, lr: 0.001000, Total Time: 2341.0648 s, Time this epoch: 17.0626 s
=====> Epoch: 76/300, Train Loss (train loader labels): 1.0774, Train acc (train loader labels): 0.4087, Best val acc: 0.4510, Current val acc: 0.4103, Val Loss: 1.0758
=====> Saving current model and best model
balance: False
selecting samples for epoch 77, ratio 0.1
=====> Saving current model and best model
balance: False
selecting samples for epoch 78, ratio 0.1
=====> Saving current model and best model
balance: False
selecting samples for epoch 79, ratio 0.1
=====> Saving current model and best model
balance: False
selecting samples for epoch 80, ratio 0.1
=====> Saving current model and best model
balance: False
selecting samples for epoch 81, ratio 0.1
=====> Saving current model and best model
balance: False
selecting samples for epoch 82, ratio 0.1
=====> Saving current model and best model
balance: False
selecting samples for epoch 83, ratio 0.1
=====> Saving current model and best model
balance: False
selecting samples for epoch 84, ratio 0.1
=====> Saving current model and best model
balance: False
selecting samples for epoch 85, ratio 0.1
=====> Saving current model and best model
balance: False
selecting samples for epoch 86, ratio 0.1
=====> Saving current model and best model
balance: False
selecting samples for epoch 87, ratio 0.1
=====> Saving current model and best model
balance: False
selecting samples for epoch 88, ratio 0.1
=====> Saving current model and best model
balance: False
selecting samples for epoch 89, ratio 0.1
=====> Saving current model and best model
balance: False
selecting samples for epoch 90, ratio 0.1
=====> Saving current model and best model
balance: False
selecting samples for epoch 91, ratio 0.1
=====> Epoch: 91/300, Total_step: 4277, lr: 0.001000, Total Time: 2619.6888 s, Time this epoch: 17.0221 s
=====> Epoch: 91/300, Train Loss (train loader labels): 1.0846, Train acc (train loader labels): 0.3877, Best val acc: 0.4510, Current val acc: 0.4010, Val Loss: 1.0830
=====> Saving current model and best model
balance: False
selecting samples for epoch 92, ratio 0.1
=====> Saving current model and best model
balance: False
selecting samples for epoch 93, ratio 0.1
=====> Saving current model and best model
balance: False
selecting samples for epoch 94, ratio 0.1
=====> Saving current model and best model
balance: False
selecting samples for epoch 95, ratio 0.1
=====> Saving current model and best model
balance: False
selecting samples for epoch 96, ratio 0.1
=====> Saving current model and best model
balance: False
selecting samples for epoch 97, ratio 0.1
=====> Saving current model and best model
balance: False
selecting samples for epoch 98, ratio 0.1
=====> Saving current model and best model
balance: False
selecting samples for epoch 99, ratio 0.1
=====> Saving current model and best model
balance: False
selecting samples for epoch 100, ratio 0.1
=====> Saving current model and best model
balance: False
selecting samples for epoch 101, ratio 0.1
=====> Saving current model and best model
balance: False
selecting samples for epoch 102, ratio 0.1
=====> Saving current model and best model
balance: False
selecting samples for epoch 103, ratio 0.1
=====> Saving current model and best model
balance: False
selecting samples for epoch 104, ratio 0.1
=====> Saving current model and best model
balance: False
selecting samples for epoch 105, ratio 0.1
=====> Saving current model and best model
balance: False
selecting samples for epoch 106, ratio 0.1
=====> Epoch: 106/300, Total_step: 4982, lr: 0.001000, Total Time: 2898.6131 s, Time this epoch: 17.0924 s
=====> Epoch: 106/300, Train Loss (train loader labels): 1.0802, Train acc (train loader labels): 0.4003, Best val acc: 0.4510, Current val acc: 0.4127, Val Loss: 1.0795
=====> Saving current model and best model
balance: False
selecting samples for epoch 107, ratio 0.1
=====> Saving current model and best model
balance: False
selecting samples for epoch 108, ratio 0.1
=====> Saving current model and best model
balance: False
selecting samples for epoch 109, ratio 0.1
=====> Saving current model and best model
balance: False
selecting samples for epoch 110, ratio 0.1
=====> Saving current model and best model
balance: False
selecting samples for epoch 111, ratio 0.1
=====> Saving current model and best model
balance: False
selecting samples for epoch 112, ratio 0.1
=====> Saving current model and best model
balance: False
selecting samples for epoch 113, ratio 0.1
=====> Saving current model and best model
balance: False
selecting samples for epoch 114, ratio 0.1
=====> Saving current model and best model
balance: False
selecting samples for epoch 115, ratio 0.1
=====> Saving current model and best model
balance: False
selecting samples for epoch 116, ratio 0.1
=====> Saving current model and best model
balance: False
selecting samples for epoch 117, ratio 0.1
=====> Saving current model and best model
balance: False
selecting samples for epoch 118, ratio 0.1
=====> Saving current model and best model
balance: False
selecting samples for epoch 119, ratio 0.1
=====> Saving current model and best model
balance: False
selecting samples for epoch 120, ratio 0.1
=====> Saving current model and best model
balance: False
selecting samples for epoch 121, ratio 0.1
=====> Epoch: 121/300, Total_step: 5687, lr: 0.001000, Total Time: 3178.0670 s, Time this epoch: 17.1311 s
=====> Epoch: 121/300, Train Loss (train loader labels): 1.0803, Train acc (train loader labels): 0.4157, Best val acc: 0.4510, Current val acc: 0.4240, Val Loss: 1.0783
=====> Saving current model and best model
balance: False
selecting samples for epoch 122, ratio 0.1
=====> Saving current model and best model
balance: False
selecting samples for epoch 123, ratio 0.1
=====> Saving current model and best model
balance: False
selecting samples for epoch 124, ratio 0.1
=====> Saving current model and best model
balance: False
selecting samples for epoch 125, ratio 0.1
=====> Saving current model and best model
balance: False
selecting samples for epoch 126, ratio 0.1
=====> Saving current model and best model
balance: False
selecting samples for epoch 127, ratio 0.1
=====> Saving current model and best model
balance: False
selecting samples for epoch 128, ratio 0.1
=====> Saving current model and best model
balance: False
selecting samples for epoch 129, ratio 0.1
=====> Saving current model and best model
balance: False
selecting samples for epoch 130, ratio 0.1
=====> Saving current model and best model
balance: False
selecting samples for epoch 131, ratio 0.1
=====> Saving current model and best model
balance: False
selecting samples for epoch 132, ratio 0.1
=====> Saving current model and best model
balance: False
selecting samples for epoch 133, ratio 0.1
=====> Saving current model and best model
balance: False
selecting samples for epoch 134, ratio 0.1
=====> Saving current model and best model
balance: False
selecting samples for epoch 135, ratio 0.1
=====> Saving current model and best model
balance: False
selecting samples for epoch 136, ratio 0.1
=====> Epoch: 136/300, Total_step: 6392, lr: 0.001000, Total Time: 3456.2794 s, Time this epoch: 17.0771 s
=====> Epoch: 136/300, Train Loss (train loader labels): 1.0784, Train acc (train loader labels): 0.4331, Best val acc: 0.4510, Current val acc: 0.4413, Val Loss: 1.0761
=====> Saving current model and best model
balance: False
selecting samples for epoch 137, ratio 0.1
=====> Saving current model and best model
balance: False
selecting samples for epoch 138, ratio 0.1
=====> Saving current model and best model
balance: False
selecting samples for epoch 139, ratio 0.1
=====> Saving current model and best model
balance: False
selecting samples for epoch 140, ratio 0.1
=====> Saving current model and best model
balance: False
selecting samples for epoch 141, ratio 0.1
=====> Saving current model and best model
balance: False
selecting samples for epoch 142, ratio 0.1
=====> Saving current model and best model
balance: False
selecting samples for epoch 143, ratio 0.1
=====> Saving current model and best model
balance: False
selecting samples for epoch 144, ratio 0.1
=====> Saving current model and best model
balance: False
selecting samples for epoch 145, ratio 0.1
=====> Saving current model and best model
balance: False
selecting samples for epoch 146, ratio 0.1
=====> Saving current model and best model
balance: False
selecting samples for epoch 147, ratio 0.1
=====> Saving current model and best model
balance: False
selecting samples for epoch 148, ratio 0.1
=====> Saving current model and best model
balance: False
selecting samples for epoch 149, ratio 0.1
=====> Saving current model and best model
balance: False
selecting samples for epoch 150, ratio 0.1
=====> Saving current model and best model
balance: False
selecting samples for epoch 151, ratio 0.1
=====> Epoch: 151/300, Total_step: 7097, lr: 0.001000, Total Time: 3734.4323 s, Time this epoch: 16.9809 s
=====> Epoch: 151/300, Train Loss (train loader labels): 1.0793, Train acc (train loader labels): 0.4049, Best val acc: 0.4510, Current val acc: 0.4133, Val Loss: 1.0769
=====> Saving current model and best model
balance: False
selecting samples for epoch 152, ratio 0.1
=====> Saving current model and best model
balance: False
selecting samples for epoch 153, ratio 0.1
=====> Saving current model and best model
balance: False
selecting samples for epoch 154, ratio 0.1
=====> Saving current model and best model
balance: False
selecting samples for epoch 155, ratio 0.1
=====> Saving current model and best model
balance: False
selecting samples for epoch 156, ratio 0.1
=====> Saving current model and best model
balance: False
selecting samples for epoch 157, ratio 0.1
=====> Saving current model and best model
balance: False
selecting samples for epoch 158, ratio 0.1
=====> Saving current model and best model
balance: False
selecting samples for epoch 159, ratio 0.1
=====> Saving current model and best model
balance: False
selecting samples for epoch 160, ratio 0.1
=====> Saving current model and best model
balance: False
selecting samples for epoch 161, ratio 0.1
=====> Saving current model and best model
balance: False
selecting samples for epoch 162, ratio 0.1
=====> Saving current model and best model
balance: False
selecting samples for epoch 163, ratio 0.1
=====> Saving current model and best model
balance: False
selecting samples for epoch 164, ratio 0.1
=====> Saving current model and best model
balance: False
selecting samples for epoch 165, ratio 0.1
=====> Saving current model and best model
balance: False
selecting samples for epoch 166, ratio 0.1
=====> Epoch: 166/300, Total_step: 7802, lr: 0.001000, Total Time: 4013.1468 s, Time this epoch: 16.9958 s
=====> Epoch: 166/300, Train Loss (train loader labels): 1.0803, Train acc (train loader labels): 0.4473, Best val acc: 0.4517, Current val acc: 0.4517, Val Loss: 1.0764
=====> Saving current model and best model
balance: False
selecting samples for epoch 167, ratio 0.1
=====> Saving current model and best model
balance: False
selecting samples for epoch 168, ratio 0.1
=====> Saving current model and best model
balance: False
selecting samples for epoch 169, ratio 0.1
=====> Saving current model and best model
balance: False
selecting samples for epoch 170, ratio 0.1
=====> Saving current model and best model
balance: False
selecting samples for epoch 171, ratio 0.1
=====> Saving current model and best model
balance: False
selecting samples for epoch 172, ratio 0.1
=====> Saving current model and best model
balance: False
selecting samples for epoch 173, ratio 0.1
=====> Saving current model and best model
balance: False
selecting samples for epoch 174, ratio 0.1
=====> Saving current model and best model
balance: False
selecting samples for epoch 175, ratio 0.1
=====> Saving current model and best model
balance: False
selecting samples for epoch 176, ratio 0.1
=====> Saving current model and best model
balance: False
selecting samples for epoch 177, ratio 0.1
=====> Saving current model and best model
balance: False
selecting samples for epoch 178, ratio 0.1
=====> Saving current model and best model
balance: False
selecting samples for epoch 179, ratio 0.1
=====> Saving current model and best model
balance: False
selecting samples for epoch 180, ratio 0.1
=====> Saving current model and best model
balance: False
selecting samples for epoch 181, ratio 0.1
=====> Epoch: 181/300, Total_step: 8507, lr: 0.001000, Total Time: 4293.4302 s, Time this epoch: 17.1400 s
=====> Epoch: 181/300, Train Loss (train loader labels): 1.0698, Train acc (train loader labels): 0.4397, Best val acc: 0.4517, Current val acc: 0.4443, Val Loss: 1.0684
=====> Saving current model and best model
balance: False
selecting samples for epoch 182, ratio 0.1
=====> Saving current model and best model
balance: False
selecting samples for epoch 183, ratio 0.1
=====> Saving current model and best model
balance: False
selecting samples for epoch 184, ratio 0.1
=====> Saving current model and best model
balance: False
selecting samples for epoch 185, ratio 0.1
=====> Saving current model and best model
balance: False
selecting samples for epoch 186, ratio 0.1
=====> Saving current model and best model
balance: False
selecting samples for epoch 187, ratio 0.1
=====> Saving current model and best model
balance: False
selecting samples for epoch 188, ratio 0.1
=====> Saving current model and best model
balance: False
selecting samples for epoch 189, ratio 0.1
=====> Saving current model and best model
balance: False
selecting samples for epoch 190, ratio 0.1
=====> Saving current model and best model
balance: False
selecting samples for epoch 191, ratio 0.1
=====> Saving current model and best model
balance: False
selecting samples for epoch 192, ratio 0.1
=====> Saving current model and best model
balance: False
selecting samples for epoch 193, ratio 0.1
=====> Saving current model and best model
balance: False
selecting samples for epoch 194, ratio 0.1
=====> Saving current model and best model
balance: False
selecting samples for epoch 195, ratio 0.1
=====> Saving current model and best model
balance: False
selecting samples for epoch 196, ratio 0.1
=====> Epoch: 196/300, Total_step: 9212, lr: 0.001000, Total Time: 4573.0594 s, Time this epoch: 17.0639 s
=====> Epoch: 196/300, Train Loss (train loader labels): 1.0730, Train acc (train loader labels): 0.4411, Best val acc: 0.4517, Current val acc: 0.4373, Val Loss: 1.0738
=====> Saving current model and best model
balance: False
selecting samples for epoch 197, ratio 0.1
=====> Saving current model and best model
balance: False
selecting samples for epoch 198, ratio 0.1
=====> Saving current model and best model
balance: False
selecting samples for epoch 199, ratio 0.1
=====> Saving current model and best model
balance: False
selecting samples for epoch 200, ratio 0.1
=====> Saving current model and best model
balance: False
selecting samples for epoch 201, ratio 0.1
=====> Saving current model and best model
balance: False
selecting samples for epoch 202, ratio 0.1
=====> Saving current model and best model
balance: False
selecting samples for epoch 203, ratio 0.1
=====> Saving current model and best model
balance: False
selecting samples for epoch 204, ratio 0.1
=====> Saving current model and best model
balance: False
selecting samples for epoch 205, ratio 0.1
=====> Saving current model and best model
balance: False
selecting samples for epoch 206, ratio 0.1
=====> Saving current model and best model
balance: False
selecting samples for epoch 207, ratio 0.1
=====> Saving current model and best model
balance: False
selecting samples for epoch 208, ratio 0.1
=====> Saving current model and best model
balance: False
selecting samples for epoch 209, ratio 0.1
=====> Saving current model and best model
balance: False
selecting samples for epoch 210, ratio 0.1
=====> Saving current model and best model
balance: False
selecting samples for epoch 211, ratio 0.1
=====> Epoch: 211/300, Total_step: 9917, lr: 0.001000, Total Time: 4852.0052 s, Time this epoch: 17.0387 s
=====> Epoch: 211/300, Train Loss (train loader labels): 1.0867, Train acc (train loader labels): 0.3966, Best val acc: 0.4517, Current val acc: 0.4097, Val Loss: 1.0875
=====> Saving current model and best model
balance: False
selecting samples for epoch 212, ratio 0.1
=====> Saving current model and best model
balance: False
selecting samples for epoch 213, ratio 0.1
=====> Saving current model and best model
balance: False
selecting samples for epoch 214, ratio 0.1
=====> Saving current model and best model
balance: False
selecting samples for epoch 215, ratio 0.1
=====> Saving current model and best model
balance: False
selecting samples for epoch 216, ratio 0.1
=====> Saving current model and best model
balance: False
selecting samples for epoch 217, ratio 0.1
=====> Saving current model and best model
balance: False
selecting samples for epoch 218, ratio 0.1
=====> Saving current model and best model
balance: False
selecting samples for epoch 219, ratio 0.1
=====> Saving current model and best model
balance: False
selecting samples for epoch 220, ratio 0.1
=====> Saving current model and best model
balance: False
selecting samples for epoch 221, ratio 0.1
=====> Saving current model and best model
balance: False
selecting samples for epoch 222, ratio 0.1
=====> Saving current model and best model
balance: False
selecting samples for epoch 223, ratio 0.1
=====> Saving current model and best model
balance: False
selecting samples for epoch 224, ratio 0.1
=====> Saving current model and best model
balance: False
selecting samples for epoch 225, ratio 0.1
=====> Saving current model and best model
balance: False
selecting samples for epoch 226, ratio 0.1
=====> Epoch: 226/300, Total_step: 10622, lr: 0.001000, Total Time: 5131.3654 s, Time this epoch: 17.0650 s
=====> Epoch: 226/300, Train Loss (train loader labels): 1.0755, Train acc (train loader labels): 0.4252, Best val acc: 0.4517, Current val acc: 0.4137, Val Loss: 1.0762
=====> Saving current model and best model
balance: False
selecting samples for epoch 227, ratio 0.1
=====> Saving current model and best model
balance: False
selecting samples for epoch 228, ratio 0.1
=====> Saving current model and best model
balance: False
selecting samples for epoch 229, ratio 0.1
=====> Saving current model and best model
balance: False
selecting samples for epoch 230, ratio 0.1
=====> Saving current model and best model
balance: False
selecting samples for epoch 231, ratio 0.1
=====> Saving current model and best model
balance: False
selecting samples for epoch 232, ratio 0.1
=====> Saving current model and best model
balance: False
selecting samples for epoch 233, ratio 0.1
=====> Saving current model and best model
balance: False
selecting samples for epoch 234, ratio 0.1
=====> Saving current model and best model
balance: False
selecting samples for epoch 235, ratio 0.1
=====> Saving current model and best model
balance: False
selecting samples for epoch 236, ratio 0.1
=====> Saving current model and best model
balance: False
selecting samples for epoch 237, ratio 0.1
=====> Saving current model and best model
balance: False
selecting samples for epoch 238, ratio 0.1
=====> Saving current model and best model
balance: False
selecting samples for epoch 239, ratio 0.1
=====> Saving current model and best model
balance: False
selecting samples for epoch 240, ratio 0.1
=====> Saving current model and best model
balance: False
selecting samples for epoch 241, ratio 0.1
=====> Epoch: 241/300, Total_step: 11327, lr: 0.001000, Total Time: 5411.3654 s, Time this epoch: 17.0526 s
=====> Epoch: 241/300, Train Loss (train loader labels): 1.1519, Train acc (train loader labels): 0.4270, Best val acc: 0.4517, Current val acc: 0.4443, Val Loss: 1.1203
=====> Saving current model and best model
balance: False
selecting samples for epoch 242, ratio 0.1
=====> Saving current model and best model
balance: False
selecting samples for epoch 243, ratio 0.1
=====> Saving current model and best model
balance: False
selecting samples for epoch 244, ratio 0.1
=====> Saving current model and best model
balance: False
selecting samples for epoch 245, ratio 0.1
=====> Saving current model and best model
balance: False
selecting samples for epoch 246, ratio 0.1
=====> Saving current model and best model
balance: False
selecting samples for epoch 247, ratio 0.1
=====> Saving current model and best model
balance: False
selecting samples for epoch 248, ratio 0.1
=====> Saving current model and best model
balance: False
selecting samples for epoch 249, ratio 0.1
=====> Saving current model and best model
balance: False
selecting samples for epoch 250, ratio 0.1
=====> Saving current model and best model
balance: False
selecting samples for epoch 251, ratio 0.1
=====> Saving current model and best model
balance: False
selecting samples for epoch 252, ratio 0.1
=====> Saving current model and best model
balance: False
selecting samples for epoch 253, ratio 0.1
=====> Saving current model and best model
balance: False
selecting samples for epoch 254, ratio 0.1
=====> Saving current model and best model
balance: False
selecting samples for epoch 255, ratio 0.1
=====> Saving current model and best model
balance: False
selecting samples for epoch 256, ratio 0.1
=====> Epoch: 256/300, Total_step: 12032, lr: 0.001000, Total Time: 5690.4002 s, Time this epoch: 17.0899 s
=====> Epoch: 256/300, Train Loss (train loader labels): 1.0750, Train acc (train loader labels): 0.4378, Best val acc: 0.4517, Current val acc: 0.4380, Val Loss: 1.0739
=====> Saving current model and best model
balance: False
selecting samples for epoch 257, ratio 0.1
=====> Saving current model and best model
balance: False
selecting samples for epoch 258, ratio 0.1
=====> Saving current model and best model
balance: False
selecting samples for epoch 259, ratio 0.1
=====> Saving current model and best model
balance: False
selecting samples for epoch 260, ratio 0.1
=====> Saving current model and best model
balance: False
selecting samples for epoch 261, ratio 0.1
=====> Saving current model and best model
balance: False
selecting samples for epoch 262, ratio 0.1
=====> Saving current model and best model
balance: False
selecting samples for epoch 263, ratio 0.1
=====> Saving current model and best model
balance: False
selecting samples for epoch 264, ratio 0.1
=====> Saving current model and best model
balance: False
selecting samples for epoch 265, ratio 0.1
=====> Saving current model and best model
balance: False
selecting samples for epoch 266, ratio 0.1
=====> Saving current model and best model
balance: False
selecting samples for epoch 267, ratio 0.1
=====> Saving current model and best model
balance: False
selecting samples for epoch 268, ratio 0.1
=====> Saving current model and best model
balance: False
selecting samples for epoch 269, ratio 0.1
=====> Saving current model and best model
balance: False
selecting samples for epoch 270, ratio 0.1
=====> Saving current model and best model
balance: False
selecting samples for epoch 271, ratio 0.1
=====> Epoch: 271/300, Total_step: 12737, lr: 0.001000, Total Time: 5969.8035 s, Time this epoch: 17.1027 s
=====> Epoch: 271/300, Train Loss (train loader labels): 1.0764, Train acc (train loader labels): 0.4275, Best val acc: 0.4517, Current val acc: 0.4303, Val Loss: 1.0743
=====> Saving current model and best model
balance: False
selecting samples for epoch 272, ratio 0.1
=====> Saving current model and best model
balance: False
selecting samples for epoch 273, ratio 0.1
=====> Saving current model and best model
balance: False
selecting samples for epoch 274, ratio 0.1
=====> Saving current model and best model
balance: False
selecting samples for epoch 275, ratio 0.1
=====> Saving current model and best model
balance: False
selecting samples for epoch 276, ratio 0.1
=====> Saving current model and best model
balance: False
selecting samples for epoch 277, ratio 0.1
=====> Saving current model and best model
balance: False
selecting samples for epoch 278, ratio 0.1
=====> Saving current model and best model
balance: False
selecting samples for epoch 279, ratio 0.1
=====> Saving current model and best model
balance: False
selecting samples for epoch 280, ratio 0.1
=====> Saving current model and best model
balance: False
selecting samples for epoch 281, ratio 0.1
=====> Saving current model and best model
balance: False
selecting samples for epoch 282, ratio 0.1
=====> Saving current model and best model
balance: False
selecting samples for epoch 283, ratio 0.1
=====> Saving current model and best model
balance: False
selecting samples for epoch 284, ratio 0.1
=====> Saving current model and best model
balance: False
selecting samples for epoch 285, ratio 0.1
=====> Saving current model and best model
balance: False
selecting samples for epoch 286, ratio 0.1
=====> Epoch: 286/300, Total_step: 13442, lr: 0.001000, Total Time: 6249.5408 s, Time this epoch: 17.1177 s
=====> Epoch: 286/300, Train Loss (train loader labels): 1.0784, Train acc (train loader labels): 0.4207, Best val acc: 0.4517, Current val acc: 0.4330, Val Loss: 1.0762
=====> Saving current model and best model
balance: False
selecting samples for epoch 287, ratio 0.1
=====> Saving current model and best model
balance: False
selecting samples for epoch 288, ratio 0.1
=====> Saving current model and best model
balance: False
selecting samples for epoch 289, ratio 0.1
=====> Saving current model and best model
balance: False
selecting samples for epoch 290, ratio 0.1
=====> Saving current model and best model
balance: False
selecting samples for epoch 291, ratio 0.1
=====> Saving current model and best model
balance: False
selecting samples for epoch 292, ratio 0.1
=====> Saving current model and best model
balance: False
selecting samples for epoch 293, ratio 0.1
=====> Saving current model and best model
balance: False
selecting samples for epoch 294, ratio 0.1
=====> Saving current model and best model
balance: False
selecting samples for epoch 295, ratio 0.1
=====> Saving current model and best model
balance: False
selecting samples for epoch 296, ratio 0.1
=====> Saving current model and best model
balance: False
selecting samples for epoch 297, ratio 0.1
=====> Saving current model and best model
balance: False
selecting samples for epoch 298, ratio 0.1
=====> Saving current model and best model
balance: False
selecting samples for epoch 299, ratio 0.1
=====> Saving current model and best model
balance: False
selecting samples for epoch 300, ratio 0.1
=====> Epoch: 300/300, Total_step: 14100, lr: 0.001000, Total Time: 6512.0055 s, Time this epoch: 17.1570 s
=====> Epoch: 300/300, Train Loss (train loader labels): 1.0787, Train acc (train loader labels): 0.4114, Best val acc: 0.4517, Current val acc: 0.4233, Val Loss: 1.0767
=====> Saving current model and best model
Saved helper snapshots to /home/mward19/Documents/miller/Online-Batch-Selection/snapshots/CIFAR3/{"bsel":"RhoLoss","seed":1,"model":"DeepLinear","opt":"adamw","bs":320,"ratio":0.1,"lr":0.001,"wd":0.01,"layers":5,"hidden_dim":1000}.p
Saved selected points array to /home/mward19/Documents/miller/Online-Batch-Selection/selected_points/CIFAR3/{"bsel":"RhoLoss","seed":1,"model":"DeepLinear","opt":"adamw","bs":320,"ratio":0.1,"lr":0.001,"wd":0.01,"layers":5,"hidden_dim":1000}.npy
========================= End Main =========================
